<!DOCTYPE html>
<!--
 | Generated by Apache Maven Doxia Site Renderer 1.9.1 at 2021-06-08

 | Rendered using Apache Maven Default Skin
-->
<html xmlns="http://www.w3.org/1999/xhtml" xml:lang="en" lang="en">
  <head>
    <meta charset="UTF-8" />
    <meta name="viewport" content="width=device-width, initial-scale=1.0" />
    <meta name="generator" content="Apache Maven Doxia Site Renderer 1.9.1" />
    <title>Surefire Report</title>
    <link rel="stylesheet" href="./css/maven-base.css" />
    <link rel="stylesheet" href="./css/maven-theme.css" />
    <link rel="stylesheet" href="./css/site.css" />
    <link rel="stylesheet" href="./css/print.css" media="print" />
  </head>
  <body class="composite">
    <div id="banner">
      <div class="clear">
        <hr/>
      </div>
    </div>
    <div id="breadcrumbs">
      <div class="xleft">
        <span id="publishDate">Last Published: 2021-06-08</span>
          &#xA0;| <span id="projectVersion">Version: 0.0.0-SNAPSHOT-PR-32-10</span>
      </div>
      <div class="xright">      </div>
      <div class="clear">
        <hr/>
      </div>
    </div>
    <div id="leftColumn">
      <div id="navcolumn">
      <a href="http://maven.apache.org/" title="Built by Maven" class="poweredBy">
        <img class="poweredBy" alt="Built by Maven" src="./images/logos/maven-feather.png" />
      </a>
      </div>
    </div>
    <div id="bodyColumn">
      <div id="contentBox">
<script type="application/javascript">
//<![CDATA[
function toggleDisplay(elementId) {
 var elm = document.getElementById(elementId + '-error');
 if (elm == null) {
  elm = document.getElementById(elementId + '-failure');
 }
 if (elm && typeof elm.style != "undefined") {
  if (elm.style.display == "none") {
   elm.style.display = "";
   document.getElementById(elementId + '-off').style.display = "none";
   document.getElementById(elementId + '-on').style.display = "inline";
  } else if (elm.style.display == "") {   elm.style.display = "none";
   document.getElementById(elementId + '-off').style.display = "inline";
   document.getElementById(elementId + '-on').style.display = "none";
  } 
 } 
 }
//]]>
</script><section>
<h2><a name="Surefire_Report"></a>Surefire Report</h2></section><section>
<h2><a name="Summary"></a>Summary</h2><a name="Summary"></a>
<p>[<a href="#Summary">Summary</a>] [<a href="#Package_List">Package List</a>] [<a href="#Test_Cases">Test Cases</a>]</p><br />
<table border="1" class="bodyTable">
<tr class="a">
<th>Tests</th>
<th>Errors</th>
<th>Failures</th>
<th>Skipped</th>
<th>Success Rate</th>
<th>Time</th></tr>
<tr class="b">
<td>5</td>
<td>0</td>
<td>1</td>
<td>0</td>
<td>80%</td>
<td>12.886</td></tr></table><br />
<p>Note: failures are anticipated and checked for with assertions while errors are unanticipated.</p><br /></section><section>
<h2><a name="Package_List"></a>Package List</h2><a name="Package_List"></a>
<p>[<a href="#Summary">Summary</a>] [<a href="#Package_List">Package List</a>] [<a href="#Test_Cases">Test Cases</a>]</p><br />
<table border="1" class="bodyTable">
<tr class="a">
<th>Package</th>
<th>Tests</th>
<th>Errors</th>
<th>Failures</th>
<th>Skipped</th>
<th>Success Rate</th>
<th>Time</th></tr>
<tr class="b">
<td><a href="#org.entando.kubernetes.controller.app">org.entando.kubernetes.controller.app</a></td>
<td>5</td>
<td>0</td>
<td>1</td>
<td>0</td>
<td>80%</td>
<td>12.886</td></tr></table><br />
<p>Note: package statistics are not computed recursively, they only sum up all of its testsuites numbers.</p><section>
<h3><a name="org.entando.kubernetes.controller.app"></a>org.entando.kubernetes.controller.app</h3><a name="org.entando.kubernetes.controller.app"></a>
<table border="1" class="bodyTable">
<tr class="a">
<th></th>
<th>Class</th>
<th>Tests</th>
<th>Errors</th>
<th>Failures</th>
<th>Skipped</th>
<th>Success Rate</th>
<th>Time</th></tr>
<tr class="b">
<td><a href="#org.entando.kubernetes.controller.app.DeployedEntandoAppServerTest"><figure><img src="images/icon_success_sml.gif" alt="" /></figure></a></td>
<td><a href="#org.entando.kubernetes.controller.app.DeployedEntandoAppServerTest">DeployedEntandoAppServerTest</a></td>
<td>1</td>
<td>0</td>
<td>0</td>
<td>0</td>
<td>100%</td>
<td>7.083</td></tr>
<tr class="a">
<td><a href="#org.entando.kubernetes.controller.app.FailureTests"><figure><img src="images/icon_warning_sml.gif" alt="" /></figure></a></td>
<td><a href="#org.entando.kubernetes.controller.app.FailureTests">FailureTests</a></td>
<td>4</td>
<td>0</td>
<td>1</td>
<td>0</td>
<td>75%</td>
<td>5.803</td></tr></table></section><br /></section><section>
<h2><a name="Test_Cases"></a>Test Cases</h2><a name="Test_Cases"></a>
<p>[<a href="#Summary">Summary</a>] [<a href="#Package_List">Package List</a>] [<a href="#Test_Cases">Test Cases</a>]</p><section>
<h3><a name="DeployedEntandoAppServerTest"></a>DeployedEntandoAppServerTest</h3><a name="org.entando.kubernetes.controller.app.DeployedEntandoAppServerTest"></a>
<table border="1" class="bodyTable">
<tr class="a">
<td><figure><img src="images/icon_success_sml.gif" alt="" /></figure></td>
<td><a name="TC_org.entando.kubernetes.controller.app.DeployedEntandoAppServerTest.shouldDeployEntandoEapImageWithDefaultValues"></a>shouldDeployEntandoEapImageWithDefaultValues</td>
<td>4.374</td></tr></table></section><section>
<h3><a name="FailureTests"></a>FailureTests</h3><a name="org.entando.kubernetes.controller.app.FailureTests"></a>
<table border="1" class="bodyTable">
<tr class="a">
<td><a href="#org.entando.kubernetes.controller.app.FailureTests.shouldFailWhenTheDatabaseCouldNotBeProvisioned"><figure><img src="images/icon_error_sml.gif" alt="" /></figure></a></td>
<td><a name="TC_org.entando.kubernetes.controller.app.FailureTests.shouldFailWhenTheDatabaseCouldNotBeProvisioned"></a><a href="#org.entando.kubernetes.controller.app.FailureTests.shouldFailWhenTheDatabaseCouldNotBeProvisioned">shouldFailWhenTheDatabaseCouldNotBeProvisioned</a>
<div class="detailToggle" style="display:inline"><a href="javascript:toggleDisplay('org.entando.kubernetes.controller.app.FailureTests.shouldFailWhenTheDatabaseCouldNotBeProvisioned');"><span style="display:inline;" id="org.entando.kubernetes.controller.app.FailureTests.shouldFailWhenTheDatabaseCouldNotBeProvisioned-off"> + </span><span style="display:none;" id="org.entando.kubernetes.controller.app.FailureTests.shouldFailWhenTheDatabaseCouldNotBeProvisioned-on"> - </span>[ Detail ]</a></div></td>
<td>0.705</td></tr>
<tr class="b">
<td></td>
<td>
Expecting:
  &quot;org.entando.kubernetes.controller.spi.common.EntandoControllerException: Could not prepare database for EntandoApp my-namespace/%
my-app
 at org.entando.kubernetes.controller.app.EntandoAppController.lambda$provideDatabaseIfRequired$4(EntandoAppController.java:138)
 at java.base/java.util.Optional.ifPresent(Optional.java:183)
 at org.entando.kubernetes.controller.app.EntandoAppController.provideDatabaseIfRequired(EntandoAppController.java:137)
 at org.entando.kubernetes.controller.app.EntandoAppController.run(EntandoAppController.java:76)
 at org.entando.kubernetes.test.common.ControllerTestHelper.runControllerAgainstCustomResource(ControllerTestHelper.java:107)
 at org.entando.kubernetes.controller.app.FailureTests.lambda$shouldFailWhenTheDatabaseCouldNotBeProvisioned$24(FailureTests.java:215)
 at org.assertj.core.api.ThrowableAssert.catchThrowable(ThrowableAssert.java:62)
 at org.assertj.core.api.AssertionsForClassTypes.catchThrowable(AssertionsForClassTypes.java:877)
 at org.assertj.core.api.Assertions.catchThrowable(Assertions.java:1306)
 at org.entando.kubernetes.controller.app.FailureTests.lambda$shouldFailWhenTheDatabaseCouldNotBeProvisioned$25(FailureTests.java:215)
 at io.qameta.allure.Allure.lambda$step$0(Allure.java:113)
 at io.qameta.allure.Allure.lambda$step$1(Allure.java:127)
 at io.qameta.allure.Allure.step(Allure.java:181)
 at io.qameta.allure.Allure.step(Allure.java:125)
 at io.qameta.allure.Allure.step(Allure.java:112)
 at org.entando.kubernetes.controller.app.FailureTests.shouldFailWhenTheDatabaseCouldNotBeProvisioned(FailureTests.java:215)
 at java.base/jdk.internal.reflect.NativeMethodAccessorImpl.invoke0(Native Method)
 at java.base/jdk.internal.reflect.NativeMethodAccessorImpl.invoke(NativeMethodAccessorImpl.java:62)
 at java.base/jdk.internal.reflect.DelegatingMethodAccessorImpl.invoke(DelegatingMethodAccessorImpl.java:43)
 at java.base/java.lang.reflect.Method.invoke(Method.java:566)
 at org.junit.platform.commons.util.ReflectionUtils.invokeMethod(ReflectionUtils.java:688)
 at org.junit.jupiter.engine.execution.MethodInvocation.proceed(MethodInvocation.java:60)
 at org.junit.jupiter.engine.execution.InvocationInterceptorChain$ValidatingInvocation.proceed(InvocationInterceptorChain.java:131)
 at org.junit.jupiter.api.extension.InvocationInterceptor.interceptTestMethod(InvocationInterceptor.java:117)
 at org.junit.jupiter.engine.execution.ExecutableInvoker$ReflectiveInterceptorCall.lambda$ofVoidMethod$0(ExecutableInvoker.java:115)
 at org.junit.jupiter.engine.execution.ExecutableInvoker.lambda$invoke$0(ExecutableInvoker.java:105)
 at org.junit.jupiter.engine.execution.InvocationInterceptorChain$InterceptedInvocation.proceed(InvocationInterceptorChain.java:106)
 at org.junit.jupiter.engine.extension.TimeoutExtension.intercept(TimeoutExtension.java:149)
 at org.junit.jupiter.engine.extension.TimeoutExtension.interceptTestableMethod(TimeoutExtension.java:140)
 at org.junit.jupiter.engine.extension.TimeoutExtension.interceptTestMethod(TimeoutExtension.java:84)
 at org.junit.jupiter.engine.execution.ExecutableInvoker$ReflectiveInterceptorCall.lambda$ofVoidMethod$0(ExecutableInvoker.java:115)
 at org.junit.jupiter.engine.execution.ExecutableInvoker.lambda$invoke$0(ExecutableInvoker.java:105)
 at org.junit.jupiter.engine.execution.InvocationInterceptorChain$InterceptedInvocation.proceed(InvocationInterceptorChain.java:106)
 at org.junit.jupiter.engine.execution.InvocationInterceptorChain.proceed(InvocationInterceptorChain.java:64)
 at org.junit.jupiter.engine.execution.InvocationInterceptorChain.chainAndInvoke(InvocationInterceptorChain.java:45)
 at org.junit.jupiter.engine.execution.InvocationInterceptorChain.invoke(InvocationInterceptorChain.java:37)
 at org.junit.jupiter.engine.execution.ExecutableInvoker.invoke(ExecutableInvoker.java:104)
 at org.junit.jupiter.engine.execution.ExecutableInvoker.invoke(ExecutableInvoker.java:98)
 at org.junit.jupiter.engine.descriptor.TestMethodTestDescriptor.lambda$invokeTestMethod$6(TestMethodTestDescriptor.java:210)
 at org.junit.platform.engine.support.hierarchical.ThrowableCollector.execute(ThrowableCollector.java:73)
 at org.junit.jupiter.engine.descriptor.TestMethodTestDescriptor.invokeTestMethod(TestMethodTestDescriptor.java:206)
 at org.junit.jupiter.engine.descriptor.TestMethodTestDescriptor.execute(TestMethodTestDescriptor.java:131)
 at org.junit.jupiter.engine.descriptor.TestMethodTestDescriptor.execute(TestMethodTestDescriptor.java:65)
 at org.junit.platform.engine.support.hierarchical.NodeTestTask.lambda$executeRecursively$5(NodeTestTask.java:139)
 at org.junit.platform.engine.support.hierarchical.ThrowableCollector.execute(ThrowableCollector.java:73)
 at org.junit.platform.engine.support.hierarchical.NodeTestTask.lambda$executeRecursively$7(NodeTestTask.java:129)
 at org.junit.platform.engine.support.hierarchical.Node.around(Node.java:137)
 at org.junit.platform.engine.support.hierarchical.NodeTestTask.lambda$executeRecursively$8(NodeTestTask.java:127)
 at org.junit.platform.engine.support.hierarchical.ThrowableCollector.execute(ThrowableCollector.java:73)
 at org.junit.platform.engine.support.hierarchical.NodeTestTask.executeRecursively(NodeTestTask.java:126)
 at org.junit.platform.engine.support.hierarchical.NodeTestTask.execute(NodeTestTask.java:84)
 at org.junit.platform.engine.support.hierarchical.ForkJoinPoolHierarchicalTestExecutorService$ExclusiveTask.compute(ForkJoinPoolHierarchicalTestExecutorService.java:185)
 at org.junit.platform.engine.support.hierarchical.ForkJoinPoolHierarchicalTestExecutorService.executeNonConcurrentTasks(ForkJoinPoolHierarchicalTestExecutorService.java:155)
 at org.junit.platform.engine.support.hierarchical.ForkJoinPoolHierarchicalTestExecutorService.invokeAll(ForkJoinPoolHierarchicalTestExecutorService.java:135)
 at org.junit.platform.engine.support.hierarchical.NodeTestTask.lambda$executeRecursively$5(NodeTestTask.java:143)
 at org.junit.platform.engine.support.hierarchical.ThrowableCollector.execute(ThrowableCollector.java:73)
 at org.junit.platform.engine.support.hierarchical.NodeTestTask.lambda$executeRecursively$7(NodeTestTask.java:129)
 at org.junit.platform.engine.support.hierarchical.Node.around(Node.java:137)
 at org.junit.platform.engine.support.hierarchical.NodeTestTask.lambda$executeRecursively$8(NodeTestTask.java:127)
 at org.junit.platform.engine.support.hierarchical.ThrowableCollector.execute(ThrowableCollector.java:73)
 at org.junit.platform.engine.support.hierarchical.NodeTestTask.executeRecursively(NodeTestTask.java:126)
 at org.junit.platform.engine.support.hierarchical.NodeTestTask.execute(NodeTestTask.java:84)
 at org.junit.platform.engine.support.hierarchical.ForkJoinPoolHierarchicalTestExecutorService$ExclusiveTask.compute(ForkJoinPoolHierarchicalTestExecutorService.java:185)
 at org.junit.platform.engine.support.hierarchical.ForkJoinPoolHierarchicalTestExecutorService.executeNonConcurrentTasks(ForkJoinPoolHierarchicalTestExecutorService.java:155)
 at org.junit.platform.engine.support.hierarchical.ForkJoinPoolHierarchicalTestExecutorService.invokeAll(ForkJoinPoolHierarchicalTestExecutorService.java:135)
 at org.junit.platform.engine.support.hierarchical.NodeTestTask.lambda$executeRecursively$5(NodeTestTask.java:143)
 at org.junit.platform.engine.support.hierarchical.ThrowableCollector.execute(ThrowableCollector.java:73)
 at org.junit.platform.engine.support.hierarchical.NodeTestTask.lambda$executeRecursively$7(NodeTestTask.java:129)
 at org.junit.platform.engine.support.hierarchical.Node.around(Node.java:137)
 at org.junit.platform.engine.support.hierarchical.NodeTestTask.lambda$executeRecursively$8(NodeTestTask.java:127)
 at org.junit.platform.engine.support.hierarchical.ThrowableCollector.execute(ThrowableCollector.java:73)
 at org.junit.platform.engine.support.hierarchical.NodeTestTask.executeRecursively(NodeTestTask.java:126)
 at org.junit.platform.engine.support.hierarchical.NodeTestTask.execute(NodeTestTask.java:84)
 at org.junit.platform.engine.support.hierarchical.ForkJoinPoolHierarchicalTestExecutorService$ExclusiveTask.compute(ForkJoinPoolHierarchicalTestExecutorService.java:185)
 at java.base/java.util.concurrent.RecursiveAction.exec(RecursiveAction.java:189)
 at java.base/java.util.concurrent.ForkJoinTask.doExec(ForkJoinTask.java:290)
 at java.base/java.util.concurrent.ForkJoinPool$WorkQueue.topLevelExec(ForkJoinPool.java:1020)
 at java.base/java.util.concurrent.ForkJoinPool.scan(ForkJoinPool.java:1656)
 at java.base/java.util.concurrent.ForkJoinPool.runWorker(ForkJoinPool.java:1594)
 at java.base/java.util.concurrent.ForkJoinWorkerThread.run(ForkJoinWorkerThread.java:177)
&quot;
to contain:
  &quot; Could not prepare database for EntandoApp my-namespace/my-app&quot; </td>
<td></td></tr>
<tr class="a">
<td></td>
<td>
<div id="org.entando.kubernetes.controller.app.FailureTests.shouldFailWhenTheDatabaseCouldNotBeProvisioned-failure" style="display:none;">
<div>
<pre>java.lang.AssertionError: 

Expecting:
  &quot;org.entando.kubernetes.controller.spi.common.EntandoControllerException: Could not prepare database for EntandoApp my-namespace/%
my-app
	at org.entando.kubernetes.controller.app.EntandoAppController.lambda$provideDatabaseIfRequired$4(EntandoAppController.java:138)
	at java.base/java.util.Optional.ifPresent(Optional.java:183)
	at org.entando.kubernetes.controller.app.EntandoAppController.provideDatabaseIfRequired(EntandoAppController.java:137)
	at org.entando.kubernetes.controller.app.EntandoAppController.run(EntandoAppController.java:76)
	at org.entando.kubernetes.test.common.ControllerTestHelper.runControllerAgainstCustomResource(ControllerTestHelper.java:107)
	at org.entando.kubernetes.controller.app.FailureTests.lambda$shouldFailWhenTheDatabaseCouldNotBeProvisioned$24(FailureTests.java:215)
	at org.assertj.core.api.ThrowableAssert.catchThrowable(ThrowableAssert.java:62)
	at org.assertj.core.api.AssertionsForClassTypes.catchThrowable(AssertionsForClassTypes.java:877)
	at org.assertj.core.api.Assertions.catchThrowable(Assertions.java:1306)
	at org.entando.kubernetes.controller.app.FailureTests.lambda$shouldFailWhenTheDatabaseCouldNotBeProvisioned$25(FailureTests.java:215)
	at io.qameta.allure.Allure.lambda$step$0(Allure.java:113)
	at io.qameta.allure.Allure.lambda$step$1(Allure.java:127)
	at io.qameta.allure.Allure.step(Allure.java:181)
	at io.qameta.allure.Allure.step(Allure.java:125)
	at io.qameta.allure.Allure.step(Allure.java:112)
	at org.entando.kubernetes.controller.app.FailureTests.shouldFailWhenTheDatabaseCouldNotBeProvisioned(FailureTests.java:215)
	at java.base/jdk.internal.reflect.NativeMethodAccessorImpl.invoke0(Native Method)
	at java.base/jdk.internal.reflect.NativeMethodAccessorImpl.invoke(NativeMethodAccessorImpl.java:62)
	at java.base/jdk.internal.reflect.DelegatingMethodAccessorImpl.invoke(DelegatingMethodAccessorImpl.java:43)
	at java.base/java.lang.reflect.Method.invoke(Method.java:566)
	at org.junit.platform.commons.util.ReflectionUtils.invokeMethod(ReflectionUtils.java:688)
	at org.junit.jupiter.engine.execution.MethodInvocation.proceed(MethodInvocation.java:60)
	at org.junit.jupiter.engine.execution.InvocationInterceptorChain$ValidatingInvocation.proceed(InvocationInterceptorChain.java:131)
	at org.junit.jupiter.api.extension.InvocationInterceptor.interceptTestMethod(InvocationInterceptor.java:117)
	at org.junit.jupiter.engine.execution.ExecutableInvoker$ReflectiveInterceptorCall.lambda$ofVoidMethod$0(ExecutableInvoker.java:115)
	at org.junit.jupiter.engine.execution.ExecutableInvoker.lambda$invoke$0(ExecutableInvoker.java:105)
	at org.junit.jupiter.engine.execution.InvocationInterceptorChain$InterceptedInvocation.proceed(InvocationInterceptorChain.java:106)
	at org.junit.jupiter.engine.extension.TimeoutExtension.intercept(TimeoutExtension.java:149)
	at org.junit.jupiter.engine.extension.TimeoutExtension.interceptTestableMethod(TimeoutExtension.java:140)
	at org.junit.jupiter.engine.extension.TimeoutExtension.interceptTestMethod(TimeoutExtension.java:84)
	at org.junit.jupiter.engine.execution.ExecutableInvoker$ReflectiveInterceptorCall.lambda$ofVoidMethod$0(ExecutableInvoker.java:115)
	at org.junit.jupiter.engine.execution.ExecutableInvoker.lambda$invoke$0(ExecutableInvoker.java:105)
	at org.junit.jupiter.engine.execution.InvocationInterceptorChain$InterceptedInvocation.proceed(InvocationInterceptorChain.java:106)
	at org.junit.jupiter.engine.execution.InvocationInterceptorChain.proceed(InvocationInterceptorChain.java:64)
	at org.junit.jupiter.engine.execution.InvocationInterceptorChain.chainAndInvoke(InvocationInterceptorChain.java:45)
	at org.junit.jupiter.engine.execution.InvocationInterceptorChain.invoke(InvocationInterceptorChain.java:37)
	at org.junit.jupiter.engine.execution.ExecutableInvoker.invoke(ExecutableInvoker.java:104)
	at org.junit.jupiter.engine.execution.ExecutableInvoker.invoke(ExecutableInvoker.java:98)
	at org.junit.jupiter.engine.descriptor.TestMethodTestDescriptor.lambda$invokeTestMethod$6(TestMethodTestDescriptor.java:210)
	at org.junit.platform.engine.support.hierarchical.ThrowableCollector.execute(ThrowableCollector.java:73)
	at org.junit.jupiter.engine.descriptor.TestMethodTestDescriptor.invokeTestMethod(TestMethodTestDescriptor.java:206)
	at org.junit.jupiter.engine.descriptor.TestMethodTestDescriptor.execute(TestMethodTestDescriptor.java:131)
	at org.junit.jupiter.engine.descriptor.TestMethodTestDescriptor.execute(TestMethodTestDescriptor.java:65)
	at org.junit.platform.engine.support.hierarchical.NodeTestTask.lambda$executeRecursively$5(NodeTestTask.java:139)
	at org.junit.platform.engine.support.hierarchical.ThrowableCollector.execute(ThrowableCollector.java:73)
	at org.junit.platform.engine.support.hierarchical.NodeTestTask.lambda$executeRecursively$7(NodeTestTask.java:129)
	at org.junit.platform.engine.support.hierarchical.Node.around(Node.java:137)
	at org.junit.platform.engine.support.hierarchical.NodeTestTask.lambda$executeRecursively$8(NodeTestTask.java:127)
	at org.junit.platform.engine.support.hierarchical.ThrowableCollector.execute(ThrowableCollector.java:73)
	at org.junit.platform.engine.support.hierarchical.NodeTestTask.executeRecursively(NodeTestTask.java:126)
	at org.junit.platform.engine.support.hierarchical.NodeTestTask.execute(NodeTestTask.java:84)
	at org.junit.platform.engine.support.hierarchical.ForkJoinPoolHierarchicalTestExecutorService$ExclusiveTask.compute(ForkJoinPoolHierarchicalTestExecutorService.java:185)
	at org.junit.platform.engine.support.hierarchical.ForkJoinPoolHierarchicalTestExecutorService.executeNonConcurrentTasks(ForkJoinPoolHierarchicalTestExecutorService.java:155)
	at org.junit.platform.engine.support.hierarchical.ForkJoinPoolHierarchicalTestExecutorService.invokeAll(ForkJoinPoolHierarchicalTestExecutorService.java:135)
	at org.junit.platform.engine.support.hierarchical.NodeTestTask.lambda$executeRecursively$5(NodeTestTask.java:143)
	at org.junit.platform.engine.support.hierarchical.ThrowableCollector.execute(ThrowableCollector.java:73)
	at org.junit.platform.engine.support.hierarchical.NodeTestTask.lambda$executeRecursively$7(NodeTestTask.java:129)
	at org.junit.platform.engine.support.hierarchical.Node.around(Node.java:137)
	at org.junit.platform.engine.support.hierarchical.NodeTestTask.lambda$executeRecursively$8(NodeTestTask.java:127)
	at org.junit.platform.engine.support.hierarchical.ThrowableCollector.execute(ThrowableCollector.java:73)
	at org.junit.platform.engine.support.hierarchical.NodeTestTask.executeRecursively(NodeTestTask.java:126)
	at org.junit.platform.engine.support.hierarchical.NodeTestTask.execute(NodeTestTask.java:84)
	at org.junit.platform.engine.support.hierarchical.ForkJoinPoolHierarchicalTestExecutorService$ExclusiveTask.compute(ForkJoinPoolHierarchicalTestExecutorService.java:185)
	at org.junit.platform.engine.support.hierarchical.ForkJoinPoolHierarchicalTestExecutorService.executeNonConcurrentTasks(ForkJoinPoolHierarchicalTestExecutorService.java:155)
	at org.junit.platform.engine.support.hierarchical.ForkJoinPoolHierarchicalTestExecutorService.invokeAll(ForkJoinPoolHierarchicalTestExecutorService.java:135)
	at org.junit.platform.engine.support.hierarchical.NodeTestTask.lambda$executeRecursively$5(NodeTestTask.java:143)
	at org.junit.platform.engine.support.hierarchical.ThrowableCollector.execute(ThrowableCollector.java:73)
	at org.junit.platform.engine.support.hierarchical.NodeTestTask.lambda$executeRecursively$7(NodeTestTask.java:129)
	at org.junit.platform.engine.support.hierarchical.Node.around(Node.java:137)
	at org.junit.platform.engine.support.hierarchical.NodeTestTask.lambda$executeRecursively$8(NodeTestTask.java:127)
	at org.junit.platform.engine.support.hierarchical.ThrowableCollector.execute(ThrowableCollector.java:73)
	at org.junit.platform.engine.support.hierarchical.NodeTestTask.executeRecursively(NodeTestTask.java:126)
	at org.junit.platform.engine.support.hierarchical.NodeTestTask.execute(NodeTestTask.java:84)
	at org.junit.platform.engine.support.hierarchical.ForkJoinPoolHierarchicalTestExecutorService$ExclusiveTask.compute(ForkJoinPoolHierarchicalTestExecutorService.java:185)
	at java.base/java.util.concurrent.RecursiveAction.exec(RecursiveAction.java:189)
	at java.base/java.util.concurrent.ForkJoinTask.doExec(ForkJoinTask.java:290)
	at java.base/java.util.concurrent.ForkJoinPool$WorkQueue.topLevelExec(ForkJoinPool.java:1020)
	at java.base/java.util.concurrent.ForkJoinPool.scan(ForkJoinPool.java:1656)
	at java.base/java.util.concurrent.ForkJoinPool.runWorker(ForkJoinPool.java:1594)
	at java.base/java.util.concurrent.ForkJoinWorkerThread.run(ForkJoinWorkerThread.java:177)
&quot;
to contain:
  &quot; Could not prepare database for EntandoApp my-namespace/my-app&quot; 
	at org.entando.kubernetes.controller.app.FailureTests.lambda$shouldFailWhenTheDatabaseCouldNotBeProvisioned$27(FailureTests.java:224)
	at org.entando.kubernetes.controller.app.FailureTests.shouldFailWhenTheDatabaseCouldNotBeProvisioned(FailureTests.java:221)</pre></div></div></td>
<td></td></tr>
<tr class="b">
<td><figure><img src="images/icon_success_sml.gif" alt="" /></figure></td>
<td><a name="TC_org.entando.kubernetes.controller.app.FailureTests.shouldFailWhenTheSsoServiceCouldNotBeProvisioned"></a>shouldFailWhenTheSsoServiceCouldNotBeProvisioned</td>
<td>0.546</td></tr>
<tr class="a">
<td><figure><img src="images/icon_success_sml.gif" alt="" /></figure></td>
<td><a name="TC_org.entando.kubernetes.controller.app.FailureTests.shouldLogTimeoutException"></a>shouldLogTimeoutException</td>
<td>3.541</td></tr>
<tr class="b">
<td><figure><img src="images/icon_success_sml.gif" alt="" /></figure></td>
<td><a name="TC_org.entando.kubernetes.controller.app.FailureTests.shouldLeaveEarlierExceptionInTactButStillLogIt"></a>shouldLeaveEarlierExceptionInTactButStillLogIt</td>
<td>0.95</td></tr></table></section><br /></section><section>
<h2><a name="Failure_Details"></a>Failure Details</h2><a name="Failure_Details"></a>
<p>[<a href="#Summary">Summary</a>] [<a href="#Package_List">Package List</a>] [<a href="#Test_Cases">Test Cases</a>]</p><br />
<table border="1" class="bodyTable">
<tr class="a">
<td><figure><img src="images/icon_error_sml.gif" alt="" /></figure></td>
<td><a name="org.entando.kubernetes.controller.app.FailureTests.shouldFailWhenTheDatabaseCouldNotBeProvisioned"></a>shouldFailWhenTheDatabaseCouldNotBeProvisioned</td></tr>
<tr class="b">
<td></td>
<td>java.lang.AssertionError: 
Expecting:
  &quot;org.entando.kubernetes.controller.spi.common.EntandoControllerException: Could not prepare database for EntandoApp my-namespace/%
my-app
 at org.entando.kubernetes.controller.app.EntandoAppController.lambda$provideDatabaseIfRequired$4(EntandoAppController.java:138)
 at java.base/java.util.Optional.ifPresent(Optional.java:183)
 at org.entando.kubernetes.controller.app.EntandoAppController.provideDatabaseIfRequired(EntandoAppController.java:137)
 at org.entando.kubernetes.controller.app.EntandoAppController.run(EntandoAppController.java:76)
 at org.entando.kubernetes.test.common.ControllerTestHelper.runControllerAgainstCustomResource(ControllerTestHelper.java:107)
 at org.entando.kubernetes.controller.app.FailureTests.lambda$shouldFailWhenTheDatabaseCouldNotBeProvisioned$24(FailureTests.java:215)
 at org.assertj.core.api.ThrowableAssert.catchThrowable(ThrowableAssert.java:62)
 at org.assertj.core.api.AssertionsForClassTypes.catchThrowable(AssertionsForClassTypes.java:877)
 at org.assertj.core.api.Assertions.catchThrowable(Assertions.java:1306)
 at org.entando.kubernetes.controller.app.FailureTests.lambda$shouldFailWhenTheDatabaseCouldNotBeProvisioned$25(FailureTests.java:215)
 at io.qameta.allure.Allure.lambda$step$0(Allure.java:113)
 at io.qameta.allure.Allure.lambda$step$1(Allure.java:127)
 at io.qameta.allure.Allure.step(Allure.java:181)
 at io.qameta.allure.Allure.step(Allure.java:125)
 at io.qameta.allure.Allure.step(Allure.java:112)
 at org.entando.kubernetes.controller.app.FailureTests.shouldFailWhenTheDatabaseCouldNotBeProvisioned(FailureTests.java:215)
 at java.base/jdk.internal.reflect.NativeMethodAccessorImpl.invoke0(Native Method)
 at java.base/jdk.internal.reflect.NativeMethodAccessorImpl.invoke(NativeMethodAccessorImpl.java:62)
 at java.base/jdk.internal.reflect.DelegatingMethodAccessorImpl.invoke(DelegatingMethodAccessorImpl.java:43)
 at java.base/java.lang.reflect.Method.invoke(Method.java:566)
 at org.junit.platform.commons.util.ReflectionUtils.invokeMethod(ReflectionUtils.java:688)
 at org.junit.jupiter.engine.execution.MethodInvocation.proceed(MethodInvocation.java:60)
 at org.junit.jupiter.engine.execution.InvocationInterceptorChain$ValidatingInvocation.proceed(InvocationInterceptorChain.java:131)
 at org.junit.jupiter.api.extension.InvocationInterceptor.interceptTestMethod(InvocationInterceptor.java:117)
 at org.junit.jupiter.engine.execution.ExecutableInvoker$ReflectiveInterceptorCall.lambda$ofVoidMethod$0(ExecutableInvoker.java:115)
 at org.junit.jupiter.engine.execution.ExecutableInvoker.lambda$invoke$0(ExecutableInvoker.java:105)
 at org.junit.jupiter.engine.execution.InvocationInterceptorChain$InterceptedInvocation.proceed(InvocationInterceptorChain.java:106)
 at org.junit.jupiter.engine.extension.TimeoutExtension.intercept(TimeoutExtension.java:149)
 at org.junit.jupiter.engine.extension.TimeoutExtension.interceptTestableMethod(TimeoutExtension.java:140)
 at org.junit.jupiter.engine.extension.TimeoutExtension.interceptTestMethod(TimeoutExtension.java:84)
 at org.junit.jupiter.engine.execution.ExecutableInvoker$ReflectiveInterceptorCall.lambda$ofVoidMethod$0(ExecutableInvoker.java:115)
 at org.junit.jupiter.engine.execution.ExecutableInvoker.lambda$invoke$0(ExecutableInvoker.java:105)
 at org.junit.jupiter.engine.execution.InvocationInterceptorChain$InterceptedInvocation.proceed(InvocationInterceptorChain.java:106)
 at org.junit.jupiter.engine.execution.InvocationInterceptorChain.proceed(InvocationInterceptorChain.java:64)
 at org.junit.jupiter.engine.execution.InvocationInterceptorChain.chainAndInvoke(InvocationInterceptorChain.java:45)
 at org.junit.jupiter.engine.execution.InvocationInterceptorChain.invoke(InvocationInterceptorChain.java:37)
 at org.junit.jupiter.engine.execution.ExecutableInvoker.invoke(ExecutableInvoker.java:104)
 at org.junit.jupiter.engine.execution.ExecutableInvoker.invoke(ExecutableInvoker.java:98)
 at org.junit.jupiter.engine.descriptor.TestMethodTestDescriptor.lambda$invokeTestMethod$6(TestMethodTestDescriptor.java:210)
 at org.junit.platform.engine.support.hierarchical.ThrowableCollector.execute(ThrowableCollector.java:73)
 at org.junit.jupiter.engine.descriptor.TestMethodTestDescriptor.invokeTestMethod(TestMethodTestDescriptor.java:206)
 at org.junit.jupiter.engine.descriptor.TestMethodTestDescriptor.execute(TestMethodTestDescriptor.java:131)
 at org.junit.jupiter.engine.descriptor.TestMethodTestDescriptor.execute(TestMethodTestDescriptor.java:65)
 at org.junit.platform.engine.support.hierarchical.NodeTestTask.lambda$executeRecursively$5(NodeTestTask.java:139)
 at org.junit.platform.engine.support.hierarchical.ThrowableCollector.execute(ThrowableCollector.java:73)
 at org.junit.platform.engine.support.hierarchical.NodeTestTask.lambda$executeRecursively$7(NodeTestTask.java:129)
 at org.junit.platform.engine.support.hierarchical.Node.around(Node.java:137)
 at org.junit.platform.engine.support.hierarchical.NodeTestTask.lambda$executeRecursively$8(NodeTestTask.java:127)
 at org.junit.platform.engine.support.hierarchical.ThrowableCollector.execute(ThrowableCollector.java:73)
 at org.junit.platform.engine.support.hierarchical.NodeTestTask.executeRecursively(NodeTestTask.java:126)
 at org.junit.platform.engine.support.hierarchical.NodeTestTask.execute(NodeTestTask.java:84)
 at org.junit.platform.engine.support.hierarchical.ForkJoinPoolHierarchicalTestExecutorService$ExclusiveTask.compute(ForkJoinPoolHierarchicalTestExecutorService.java:185)
 at org.junit.platform.engine.support.hierarchical.ForkJoinPoolHierarchicalTestExecutorService.executeNonConcurrentTasks(ForkJoinPoolHierarchicalTestExecutorService.java:155)
 at org.junit.platform.engine.support.hierarchical.ForkJoinPoolHierarchicalTestExecutorService.invokeAll(ForkJoinPoolHierarchicalTestExecutorService.java:135)
 at org.junit.platform.engine.support.hierarchical.NodeTestTask.lambda$executeRecursively$5(NodeTestTask.java:143)
 at org.junit.platform.engine.support.hierarchical.ThrowableCollector.execute(ThrowableCollector.java:73)
 at org.junit.platform.engine.support.hierarchical.NodeTestTask.lambda$executeRecursively$7(NodeTestTask.java:129)
 at org.junit.platform.engine.support.hierarchical.Node.around(Node.java:137)
 at org.junit.platform.engine.support.hierarchical.NodeTestTask.lambda$executeRecursively$8(NodeTestTask.java:127)
 at org.junit.platform.engine.support.hierarchical.ThrowableCollector.execute(ThrowableCollector.java:73)
 at org.junit.platform.engine.support.hierarchical.NodeTestTask.executeRecursively(NodeTestTask.java:126)
 at org.junit.platform.engine.support.hierarchical.NodeTestTask.execute(NodeTestTask.java:84)
 at org.junit.platform.engine.support.hierarchical.ForkJoinPoolHierarchicalTestExecutorService$ExclusiveTask.compute(ForkJoinPoolHierarchicalTestExecutorService.java:185)
 at org.junit.platform.engine.support.hierarchical.ForkJoinPoolHierarchicalTestExecutorService.executeNonConcurrentTasks(ForkJoinPoolHierarchicalTestExecutorService.java:155)
 at org.junit.platform.engine.support.hierarchical.ForkJoinPoolHierarchicalTestExecutorService.invokeAll(ForkJoinPoolHierarchicalTestExecutorService.java:135)
 at org.junit.platform.engine.support.hierarchical.NodeTestTask.lambda$executeRecursively$5(NodeTestTask.java:143)
 at org.junit.platform.engine.support.hierarchical.ThrowableCollector.execute(ThrowableCollector.java:73)
 at org.junit.platform.engine.support.hierarchical.NodeTestTask.lambda$executeRecursively$7(NodeTestTask.java:129)
 at org.junit.platform.engine.support.hierarchical.Node.around(Node.java:137)
 at org.junit.platform.engine.support.hierarchical.NodeTestTask.lambda$executeRecursively$8(NodeTestTask.java:127)
 at org.junit.platform.engine.support.hierarchical.ThrowableCollector.execute(ThrowableCollector.java:73)
 at org.junit.platform.engine.support.hierarchical.NodeTestTask.executeRecursively(NodeTestTask.java:126)
 at org.junit.platform.engine.support.hierarchical.NodeTestTask.execute(NodeTestTask.java:84)
 at org.junit.platform.engine.support.hierarchical.ForkJoinPoolHierarchicalTestExecutorService$ExclusiveTask.compute(ForkJoinPoolHierarchicalTestExecutorService.java:185)
 at java.base/java.util.concurrent.RecursiveAction.exec(RecursiveAction.java:189)
 at java.base/java.util.concurrent.ForkJoinTask.doExec(ForkJoinTask.java:290)
 at java.base/java.util.concurrent.ForkJoinPool$WorkQueue.topLevelExec(ForkJoinPool.java:1020)
 at java.base/java.util.concurrent.ForkJoinPool.scan(ForkJoinPool.java:1656)
 at java.base/java.util.concurrent.ForkJoinPool.runWorker(ForkJoinPool.java:1594)
 at java.base/java.util.concurrent.ForkJoinWorkerThread.run(ForkJoinWorkerThread.java:177)
&quot;
to contain:
  &quot; Could not prepare database for EntandoApp my-namespace/my-app&quot; </td></tr>
<tr class="a">
<td></td>
<td>
<div id="shouldFailWhenTheDatabaseCouldNotBeProvisioned-failure">org.entando.kubernetes.controller.app.FailureTests:221</div></td></tr></table><br /></section>
      </div>
    </div>
    <div class="clear">
      <hr/>
    </div>
    <div id="footer">
      <div class="xright">
        Copyright &#169;      2019&#x2013;2021<a href="http://www.entando.com/">Entando Inc.</a>.
.      </div>
      <div class="clear">
        <hr/>
      </div>
    </div>
  </body>
</html>
