
Showing logs for build [32mentando-k8s-entando-k8s-composi-dhnxl-31[0m stage [32mfrom-build-pack[0m and container [32mstep-credential-initializer-zzw62[0m
{"level":"warn","ts":1617011146.1347146,"logger":"fallback-logger","caller":"logging/config.go:69","msg":"Fetch GitHub commit ID from kodata failed: \"ref: refs/heads/0.8.0-**-support-backwards-incompats\" is not a valid GitHub commit ID"}
{"level":"info","ts":1617011146.1392212,"logger":"fallback-logger","caller":"creds-init/main.go:40","msg":"Credentials initialized."}

Showing logs for build [32mentando-k8s-entando-k8s-composi-dhnxl-31[0m stage [32mfrom-build-pack[0m and container [32mstep-working-dir-initializer-zh7bm[0m
{"level":"warn","ts":1617011149.4827683,"logger":"fallback-logger","caller":"logging/config.go:69","msg":"Fetch GitHub commit ID from kodata failed: open /var/run/ko/HEAD: no such file or directory"}
{"level":"info","ts":1617011149.4907317,"logger":"fallback-logger","caller":"bash/main.go:64","msg":"Successfully e**cuted command \"sh -c mkdir -p /workspace/source\"; output "}

Showing logs for build [32mentando-k8s-entando-k8s-composi-dhnxl-31[0m stage [32mfrom-build-pack[0m and container [32mstep-place-tools[0m

Showing logs for build [32mentando-k8s-entando-k8s-composi-dhnxl-31[0m stage [32mfrom-build-pack[0m and container [32mstep-git-source-entando-k8s-entando-k8s-composi-j2twq[0m
{"level":"warn","ts":1617011168.6583812,"logger":"fallback-logger","caller":"logging/config.go:69","msg":"Fetch GitHub commit ID from kodata failed: \"ref: refs/heads/0.8.0-**-support-backwards-incompats\" is not a valid GitHub commit ID"}
{"level":"info","ts":1617011169.3896177,"logger":"fallback-logger","caller":"git/git.go:103","msg":"Successfully cloned https://github.com/entando-k8s/entando-k8s-composite-app-controller.git @ v6.3.5 in path /workspace/source"}

Showing logs for build [32mentando-k8s-entando-k8s-composi-dhnxl-31[0m stage [32mfrom-build-pack[0m and container [32mstep-git-merge[0m
Using SHAs from PULL_REFS=master:236d9ec6fea988bebfd97233ca0ac79d8bbe3f5a
WARNING: no SHAs to merge, falling back to initial cloned commit

Showing logs for build [32mentando-k8s-entando-k8s-composi-dhnxl-31[0m stage [32mfrom-build-pack[0m and container [32mstep-setup-jx-git-credentials[0m
Generated Git credentials file /workspace/xdg_config/git/credentials

Showing logs for build [32mentando-k8s-entando-k8s-composi-dhnxl-31[0m stage [32mfrom-build-pack[0m and container [32mstep-build-fetch-history-for-sonar[0m
From https://github.com/entando-k8s/entando-k8s-composite-app-controller
 * [new branch]      ENG-561_support_for_h2_pvc -> origin/ENG-561_support_for_h2_pvc
 * [new branch]      master     -> origin/master
 * [new branch]      poste      -> origin/poste
 * [new branch]      pr-test    -> origin/pr-test
 * [new tag]         v6.3.5     -> v6.3.5

Showing logs for build [32mentando-k8s-entando-k8s-composi-dhnxl-31[0m stage [32mfrom-build-pack[0m and container [32mstep-build-mvn-deploy-release[0m
Picked up _JAVA_OPTIONS: -XX:+UnlockExperimentalVMOptions -Dsun.zip.disableMemoryMapping=**** -XX:+UseParallelGC -XX:MinHeapFreeRatio=5 -XX:MaxHeapFreeRatio=10 -XX:GCTimeRatio=4 -XX:AdaptiveSizePolicyWeight=90 -Xms1000m -Xmx12000m
[INFO] Scanning for projects...
[INFO] 
[INFO] ----------< org.entando:entando-k8s-composite-app-controller >----------
[INFO] Building Entando K8S Composite App Controller 6.3.5
[INFO] --------------------------------[ jar ]---------------------------------
[INFO] 
[INFO] --- maven-clean-plugin:2.5:clean (default-clean) @ entando-k8s-composite-app-controller ---
[INFO] 
[INFO] --- maven-checkstyle-plugin:3.1.1:check (validate) @ entando-k8s-composite-app-controller ---
[INFO] Starting audit...
Audit done.
[INFO] You have 0 Checkstyle violations.
[INFO] 
[INFO] --- maven-checkstyle-plugin:3.1.1:checkstyle (validate) @ entando-k8s-composite-app-controller ---
[INFO] Starting audit...
Audit done.
[INFO] 
[INFO] --- jacoco-maven-plugin:0.8.5:prepare-agent (prepare-agent) @ entando-k8s-composite-app-controller ---
[INFO] argLine set to -javaagent:/home/jenkins/.mvnrepository/org/jacoco/org.jacoco.agent/0.8.5/org.jacoco.agent-0.8.5-runtime.jar=destfile=/workspace/source/target/jacoco.e**c
[INFO] 
[INFO] --- maven-resources-plugin:2.6:resources (default-resources) @ entando-k8s-composite-app-controller ---
[INFO] Using 'UTF-8' encoding to copy filtered resources.
[INFO] Copying 3 resources
[INFO] 
[INFO] --- maven-compiler-plugin:3.8.1:compile (default-compile) @ entando-k8s-composite-app-controller ---
[INFO] Changes detected - recompiling the module!
[INFO] Compiling 1 source file to /workspace/source/target/classes
[INFO] 
[INFO] --- maven-resources-plugin:2.6:testResources (default-testResources) @ entando-k8s-composite-app-controller ---
[INFO] Using 'UTF-8' encoding to copy filtered resources.
[INFO] Copying 6 resources
[INFO] 
[INFO] --- maven-compiler-plugin:3.8.1:testCompile (default-testCompile) @ entando-k8s-composite-app-controller ---
[INFO] Changes detected - recompiling the module!
[INFO] Compiling 5 source files to /workspace/source/target/test-classes
[INFO] 
[INFO] --- maven-surefire-plugin:3.0.0-M1:test (default-test) @ entando-k8s-composite-app-controller ---
[INFO] 
[INFO] -------------------------------------------------------
[INFO]  T E S T S
[INFO] -------------------------------------------------------
[INFO] Running org.entando.kubernetes.compositeapp.controller.inprocesstests.CompositeAppControllerMockedTest
Mar 29, 2021 9:46:37 AM okhttp3.mockwebserver.MockWebServer$2 e**cute
INFO: MockWebServer[33895] starting to accept connections
Mar 29, 2021 9:46:38 AM okhttp3.mockwebserver.MockWebServer$3 processOneRequest
INFO: MockWebServer[33895] received request: GET /api/v1/namespaces/entando HTTP/1.1 and responded: HTTP/1.1 404 Client Error
Mar 29, 2021 9:46:38 AM okhttp3.mockwebserver.MockWebServer$3 processOneRequest
INFO: MockWebServer[33895] received request: POST /api/v1/namespaces HTTP/1.1 and responded: HTTP/1.1 202 OK
Mar 29, 2021 9:46:38 AM org.entando.kubernetes.client.KubernetesRestInterceptor invoke
INFO: Entering method loadDockerImageInfoConfigMap in class org.entando.kubernetes.controller.support.client.EntandoResourceClient
Mar 29, 2021 9:46:38 AM okhttp3.mockwebserver.MockWebServer$3 processOneRequest
INFO: MockWebServer[33895] received request: GET /api/v1/namespaces/entando/configmaps/entando-docker-image-info-v6.3 HTTP/1.1 and responded: HTTP/1.1 404 Client Error
Mar 29, 2021 9:46:38 AM org.entando.kubernetes.client.KubernetesRestInterceptor invoke
INFO: Exiting method loadDockerImageInfoConfigMap in class org.entando.kubernetes.controller.support.client.EntandoResourceClient
Mar 29, 2021 9:46:38 AM okhttp3.mockwebserver.MockWebServer$3 processOneRequest
INFO: MockWebServer[33895] received request: GET /api/v1/namespaces/entando/configmaps/entando-docker-image-info-v6.3 HTTP/1.1 and responded: HTTP/1.1 404 Client Error
Mar 29, 2021 9:46:38 AM okhttp3.mockwebserver.MockWebServer$3 processOneRequest
INFO: MockWebServer[33895] received request: POST /api/v1/namespaces/entando/configmaps HTTP/1.1 and responded: HTTP/1.1 202 OK
Mar 29, 2021 9:46:38 AM okhttp3.mockwebserver.MockWebServer$3 processOneRequest
INFO: MockWebServer[33895] received request: GET /api/v1/namespaces/entando/configmaps/entando-docker-image-info-v6.3 HTTP/1.1 and responded: HTTP/1.1 200 OK
Mar 29, 2021 9:46:38 AM okhttp3.mockwebserver.MockWebServer$3 processOneRequest
INFO: MockWebServer[33895] received request: GET /api/v1/namespaces/entando/configmaps/entando-docker-image-info-v6.3 HTTP/1.1 and responded: HTTP/1.1 200 OK
Mar 29, 2021 9:46:39 AM okhttp3.mockwebserver.MockWebServer$3 processOneRequest
INFO: MockWebServer[33895] received request: GET /api/v1/namespaces/entando/configmaps/entando-docker-image-info-v6.3 HTTP/1.1 and responded: HTTP/1.1 200 OK
Mar 29, 2021 9:46:39 AM okhttp3.mockwebserver.MockWebServer$3 processOneRequest
INFO: MockWebServer[33895] received request: PATCH /api/v1/namespaces/entando/configmaps/entando-docker-image-info-v6.3 HTTP/1.1 and responded: HTTP/1.1 202 OK
Mar 29, 2021 9:46:39 AM org.entando.kubernetes.client.KubernetesRestInterceptor invoke
INFO: Entering method createOrPatchEntandoResource in class org.entando.kubernetes.controller.support.client.EntandoResourceClient with EntandoPlugin: entando-k8s-composite-app-controller-carcms31/test-plugin-carcms31
Mar 29, 2021 9:46:39 AM okhttp3.mockwebserver.MockWebServer$3 processOneRequest
INFO: MockWebServer[33895] received request: GET /apis/apiextensions.k8s.io/v1beta1/customresourcedefinitions/entandoplugins.entando.org HTTP/1.1 and responded: HTTP/1.1 404 Client Error
Mar 29, 2021 9:46:39 AM okhttp3.mockwebserver.MockWebServer$3 processOneRequest
INFO: MockWebServer[33895] received request: POST /apis/apiextensions.k8s.io/v1beta1/customresourcedefinitions HTTP/1.1 and responded: HTTP/1.1 202 OK
Mar 29, 2021 9:46:39 AM okhttp3.mockwebserver.MockWebServer$3 processOneRequest
INFO: MockWebServer[33895] received request: GET /api/v1/namespaces/entando-k8s-composite-app-controller-carcms31 HTTP/1.1 and responded: HTTP/1.1 404 Client Error
Mar 29, 2021 9:46:39 AM okhttp3.mockwebserver.MockWebServer$3 processOneRequest
INFO: MockWebServer[33895] received request: GET /apis/entando.org/v1/namespaces/default/entandoplugins HTTP/1.1 and responded: HTTP/1.1 200 OK
Mar 29, 2021 9:46:39 AM okhttp3.mockwebserver.MockWebServer$3 processOneRequest
INFO: MockWebServer[33895] received request: GET /api/v1/namespaces/entando-k8s-composite-app-controller-carcms31 HTTP/1.1 and responded: HTTP/1.1 404 Client Error
Mar 29, 2021 9:46:39 AM okhttp3.mockwebserver.MockWebServer$3 processOneRequest
INFO: MockWebServer[33895] received request: GET /apis/entando.org/v1/namespaces/default/entandoplugins HTTP/1.1 and responded: HTTP/1.1 200 OK
Mar 29, 2021 9:46:40 AM okhttp3.mockwebserver.MockWebServer$3 processOneRequest
INFO: MockWebServer[33895] received request: GET /apis/entando.org/v1/namespaces/entando-k8s-composite-app-controller-carcms31/entandoplugins/test-plugin-carcms31 HTTP/1.1 and responded: HTTP/1.1 404 Client Error
Mar 29, 2021 9:46:40 AM okhttp3.mockwebserver.MockWebServer$3 processOneRequest
INFO: MockWebServer[33895] received request: POST /apis/entando.org/v1/namespaces/entando-k8s-composite-app-controller-carcms31/entandoplugins HTTP/1.1 and responded: HTTP/1.1 202 OK
Mar 29, 2021 9:46:40 AM org.entando.kubernetes.client.KubernetesRestInterceptor invoke
INFO: Exiting method createOrPatchEntandoResource in class org.entando.kubernetes.controller.support.client.EntandoResourceClient
Mar 29, 2021 9:46:40 AM okhttp3.mockwebserver.MockWebServer$3 processOneRequest
INFO: MockWebServer[33895] received request: GET /apis/apiextensions.k8s.io/v1beta1/customresourcedefinitions/entandocompositeapps.entando.org HTTP/1.1 and responded: HTTP/1.1 404 Client Error
Mar 29, 2021 9:46:40 AM okhttp3.mockwebserver.MockWebServer$3 processOneRequest
INFO: MockWebServer[33895] received request: POST /apis/apiextensions.k8s.io/v1beta1/customresourcedefinitions HTTP/1.1 and responded: HTTP/1.1 202 OK
Mar 29, 2021 9:46:40 AM okhttp3.mockwebserver.MockWebServer$3 processOneRequest
INFO: MockWebServer[33895] received request: GET /api/v1/namespaces/entando-k8s-composite-app-controller-carcms31 HTTP/1.1 and responded: HTTP/1.1 404 Client Error
Mar 29, 2021 9:46:40 AM okhttp3.mockwebserver.MockWebServer$3 processOneRequest
INFO: MockWebServer[33895] received request: GET /apis/entando.org/v1/namespaces/default/entandocompositeapps HTTP/1.1 and responded: HTTP/1.1 200 OK
Mar 29, 2021 9:46:40 AM okhttp3.mockwebserver.MockWebServer$3 processOneRequest
INFO: MockWebServer[33895] received request: GET /api/v1/namespaces/entando-k8s-composite-app-controller-carcms31 HTTP/1.1 and responded: HTTP/1.1 404 Client Error
Mar 29, 2021 9:46:40 AM okhttp3.mockwebserver.MockWebServer$3 processOneRequest
INFO: MockWebServer[33895] received request: GET /apis/entando.org/v1/namespaces/default/entandocompositeapps HTTP/1.1 and responded: HTTP/1.1 200 OK
Mar 29, 2021 9:46:40 AM okhttp3.mockwebserver.MockWebServer$3 processOneRequest
INFO: MockWebServer[33895] received request: POST /apis/entando.org/v1/namespaces/entando-k8s-composite-app-controller-carcms31/entandocompositeapps HTTP/1.1 and responded: HTTP/1.1 202 OK
Mar 29, 2021 9:46:40 AM org.entando.kubernetes.client.KubernetesRestInterceptor invoke
INFO: Entering method loadOperatorConfig in class org.entando.kubernetes.controller.support.client.EntandoResourceClient
Mar 29, 2021 9:46:40 AM okhttp3.mockwebserver.MockWebServer$3 processOneRequest
INFO: MockWebServer[33895] received request: GET /api/v1/namespaces/entando-k8s-composite-app-controller-carcms31/configmaps/entando-operator-config HTTP/1.1 and responded: HTTP/1.1 404 Client Error
Mar 29, 2021 9:46:40 AM org.entando.kubernetes.client.KubernetesRestInterceptor invoke
INFO: Exiting method loadOperatorConfig in class org.entando.kubernetes.controller.support.client.EntandoResourceClient
Mar 29, 2021 9:46:40 AM org.entando.kubernetes.client.KubernetesRestInterceptor invoke
INFO: Entering method load in class org.entando.kubernetes.controller.support.client.EntandoResourceClient with class org.entando.kubernetes.model.compositeapp.EntandoCompositeApp,entando-k8s-composite-app-controller-carcms31,my-app-carcms31
Mar 29, 2021 9:46:40 AM org.entando.kubernetes.client.KubernetesRestInterceptor invoke
INFO: Entering method getPodWatcherQueue in class org.entando.kubernetes.controller.support.client.PodWaitingClient
Mar 29, 2021 9:46:40 AM org.entando.kubernetes.client.KubernetesRestInterceptor invoke
INFO: Exiting method getPodWatcherQueue in class org.entando.kubernetes.controller.support.client.PodWaitingClient
Mar 29, 2021 9:46:41 AM okhttp3.mockwebserver.MockWebServer$3 processOneRequest
INFO: MockWebServer[33895] received request: GET /api/v1/namespaces/entando-k8s-composite-app-controller-carcms31 HTTP/1.1 and responded: HTTP/1.1 404 Client Error
Mar 29, 2021 9:46:41 AM okhttp3.mockwebserver.MockWebServer$3 processOneRequest
INFO: MockWebServer[33895] received request: GET /apis/entando.org/v1/namespaces/default/entandocompositeapps HTTP/1.1 and responded: HTTP/1.1 200 OK
Mar 29, 2021 9:46:41 AM okhttp3.mockwebserver.MockWebServer$3 processOneRequest
INFO: MockWebServer[33895] received request: GET /api/v1/namespaces/entando-k8s-composite-app-controller-carcms31 HTTP/1.1 and responded: HTTP/1.1 404 Client Error
Mar 29, 2021 9:46:41 AM okhttp3.mockwebserver.MockWebServer$3 processOneRequest
INFO: MockWebServer[33895] received request: GET /apis/entando.org/v1/namespaces/default/entandocompositeapps HTTP/1.1 and responded: HTTP/1.1 200 OK
Mar 29, 2021 9:46:41 AM okhttp3.mockwebserver.MockWebServer$3 processOneRequest
INFO: MockWebServer[33895] received request: GET /apis/entando.org/v1/namespaces/entando-k8s-composite-app-controller-carcms31/entandocompositeapps/my-app-carcms31 HTTP/1.1 and responded: HTTP/1.1 200 OK
Mar 29, 2021 9:46:41 AM org.entando.kubernetes.client.KubernetesRestInterceptor invoke
INFO: Exiting method load in class org.entando.kubernetes.controller.support.client.EntandoResourceClient
Mar 29, 2021 9:46:41 AM org.entando.kubernetes.client.KubernetesRestInterceptor invoke
INFO: Entering method updatePhase in class org.entando.kubernetes.controller.support.client.EntandoResourceClient with EntandoCompositeApp: entando-k8s-composite-app-controller-carcms31/my-app-carcms31
Mar 29, 2021 9:46:41 AM okhttp3.mockwebserver.MockWebServer$3 processOneRequest
INFO: MockWebServer[33895] received request: POST /api/v1/namespaces/entando-k8s-composite-app-controller-carcms31/events HTTP/1.1 and responded: HTTP/1.1 202 OK
Mar 29, 2021 9:46:41 AM okhttp3.mockwebserver.MockWebServer$3 processOneRequest
INFO: MockWebServer[33895] received request: GET /apis/entando.org/v1/namespaces/entando-k8s-composite-app-controller-carcms31/entandocompositeapps/my-app-carcms31 HTTP/1.1 and responded: HTTP/1.1 200 OK
Mar 29, 2021 9:46:41 AM okhttp3.mockwebserver.MockWebServer$3 processOneRequest
INFO: MockWebServer[33895] received request: PUT /apis/entando.org/v1/namespaces/entando-k8s-composite-app-controller-carcms31/entandocompositeapps/my-app-carcms31/status HTTP/1.1 and responded: HTTP/1.1 202 OK
Mar 29, 2021 9:46:41 AM org.entando.kubernetes.client.KubernetesRestInterceptor invoke
INFO: Exiting method updatePhase in class org.entando.kubernetes.controller.support.client.EntandoResourceClient
Mar 29, 2021 9:46:41 AM org.entando.kubernetes.client.KubernetesRestInterceptor invoke
INFO: Entering method loadDockerImageInfoConfigMap in class org.entando.kubernetes.controller.support.client.EntandoResourceClient
Mar 29, 2021 9:46:41 AM okhttp3.mockwebserver.MockWebServer$3 processOneRequest
INFO: MockWebServer[33895] received request: GET /api/v1/namespaces/entando/configmaps/entando-docker-image-info-v6.3 HTTP/1.1 and responded: HTTP/1.1 200 OK
Mar 29, 2021 9:46:41 AM org.entando.kubernetes.client.KubernetesRestInterceptor invoke
INFO: Exiting method loadDockerImageInfoConfigMap in class org.entando.kubernetes.controller.support.client.EntandoResourceClient
Mar 29, 2021 9:46:41 AM org.entando.kubernetes.client.KubernetesRestInterceptor invoke
INFO: Entering method createOrPatchEntandoResource in class org.entando.kubernetes.controller.support.client.EntandoResourceClient with EntandoKeycloakServer: entando-k8s-composite-app-controller-carcms31/test-keycloak-carcms31
Mar 29, 2021 9:46:41 AM okhttp3.mockwebserver.MockWebServer$3 processOneRequest
INFO: MockWebServer[33895] received request: GET /apis/apiextensions.k8s.io/v1beta1/customresourcedefinitions/entandokeycloakservers.entando.org HTTP/1.1 and responded: HTTP/1.1 404 Client Error
Mar 29, 2021 9:46:41 AM okhttp3.mockwebserver.MockWebServer$3 processOneRequest
INFO: MockWebServer[33895] received request: POST /apis/apiextensions.k8s.io/v1beta1/customresourcedefinitions HTTP/1.1 and responded: HTTP/1.1 202 OK
Mar 29, 2021 9:46:41 AM okhttp3.mockwebserver.MockWebServer$3 processOneRequest
INFO: MockWebServer[33895] received request: GET /api/v1/namespaces/entando-k8s-composite-app-controller-carcms31 HTTP/1.1 and responded: HTTP/1.1 404 Client Error
Mar 29, 2021 9:46:42 AM okhttp3.mockwebserver.MockWebServer$3 processOneRequest
INFO: MockWebServer[33895] received request: GET /apis/entando.org/v1/namespaces/default/entandokeycloakservers HTTP/1.1 and responded: HTTP/1.1 200 OK
Mar 29, 2021 9:46:42 AM okhttp3.mockwebserver.MockWebServer$3 processOneRequest
INFO: MockWebServer[33895] received request: GET /api/v1/namespaces/entando-k8s-composite-app-controller-carcms31 HTTP/1.1 and responded: HTTP/1.1 404 Client Error
Mar 29, 2021 9:46:42 AM okhttp3.mockwebserver.MockWebServer$3 processOneRequest
INFO: MockWebServer[33895] received request: GET /apis/entando.org/v1/namespaces/default/entandokeycloakservers HTTP/1.1 and responded: HTTP/1.1 200 OK
Mar 29, 2021 9:46:42 AM okhttp3.mockwebserver.MockWebServer$3 processOneRequest
INFO: MockWebServer[33895] received request: GET /apis/entando.org/v1/namespaces/entando-k8s-composite-app-controller-carcms31/entandokeycloakservers/test-keycloak-carcms31 HTTP/1.1 and responded: HTTP/1.1 404 Client Error
Mar 29, 2021 9:46:42 AM okhttp3.mockwebserver.MockWebServer$3 processOneRequest
INFO: MockWebServer[33895] received request: POST /apis/entando.org/v1/namespaces/entando-k8s-composite-app-controller-carcms31/entandokeycloakservers HTTP/1.1 and responded: HTTP/1.1 202 OK
Mar 29, 2021 9:46:42 AM org.entando.kubernetes.client.KubernetesRestInterceptor invoke
INFO: Exiting method createOrPatchEntandoResource in class org.entando.kubernetes.controller.support.client.EntandoResourceClient
Mar 29, 2021 9:46:42 AM org.entando.kubernetes.client.KubernetesRestInterceptor invoke
INFO: Entering method removeAndWait in class org.entando.kubernetes.controller.support.client.PodClient with entando-k8s-composite-app-controller-carcms31,{EntandoResourceNamespace=entando-k8s-composite-app-controller-carcms31, EntandoResourceKind=EntandoKeycloakServer, EntandoKeycloakServer=test-keycloak-carcms31}
Mar 29, 2021 9:46:42 AM okhttp3.mockwebserver.MockWebServer$3 processOneRequest
INFO: MockWebServer[33895] received request: GET /api/v1/namespaces/entando-k8s-composite-app-controller-carcms31/pods?labelSelector=EntandoResourceNamespace%3Dentando-k8s-composite-app-controller-carcms31%2CEntandoResourceKind%3DEntandoKeycloakServer%2CEntandoKeycloakServer%3Dtest-keycloak-carcms31 HTTP/1.1 and responded: HTTP/1.1 200 OK
Mar 29, 2021 9:46:42 AM org.entando.kubernetes.client.KubernetesRestInterceptor invoke
INFO: Entering method getPodWatcherQueue in class org.entando.kubernetes.controller.support.client.PodWaitingClient
Mar 29, 2021 9:46:42 AM org.entando.kubernetes.client.KubernetesRestInterceptor invoke
INFO: Exiting method getPodWatcherQueue in class org.entando.kubernetes.controller.support.client.PodWaitingClient
Mar 29, 2021 9:46:42 AM okhttp3.mockwebserver.MockWebServer$3 processOneRequest
INFO: MockWebServer[33895] received request: GET /api/v1/namespaces/entando-k8s-composite-app-controller-carcms31/pods?labelSelector=EntandoResourceNamespace%3Dentando-k8s-composite-app-controller-carcms31%2CEntandoResourceKind%3DEntandoKeycloakServer%2CEntandoKeycloakServer%3Dtest-keycloak-carcms31&watch=**** HTTP/1.1 and responded: HTTP/1.1 200 OK
Mar 29, 2021 9:46:42 AM okhttp3.mockwebserver.MockWebServer$3 processOneRequest
INFO: MockWebServer[33895] received request: GET /api/v1/namespaces/entando-k8s-composite-app-controller-carcms31/pods?labelSelector=EntandoResourceNamespace%3Dentando-k8s-composite-app-controller-carcms31%2CEntandoResourceKind%3DEntandoKeycloakServer%2CEntandoKeycloakServer%3Dtest-keycloak-carcms31&watch=**** HTTP/1.1 and responded: HTTP/1.1 200 OK
Mar 29, 2021 9:46:42 AM okhttp3.mockwebserver.MockWebServer$3 processOneRequest
INFO: MockWebServer[33895] received request: GET /api/v1/namespaces/entando-k8s-composite-app-controller-carcms31/pods?labelSelector=EntandoResourceNamespace%3Dentando-k8s-composite-app-controller-carcms31%2CEntandoResourceKind%3DEntandoKeycloakServer%2CEntandoKeycloakServer%3Dtest-keycloak-carcms31 HTTP/1.1 and responded: HTTP/1.1 200 OK
Mar 29, 2021 9:46:42 AM io.fabric8.kubernetes.client.dsl.internal.WatchHTTPManager$1 onResponse
INFO: Watch terminated unexpectedly. reason: \n not found: limit=46 content=7b2261706956657273696f6e223a227631222c226b696e64223a224c69737422â€¦
Mar 29, 2021 9:46:43 AM okhttp3.mockwebserver.MockWebServer$3 processOneRequest
INFO: MockWebServer[33895] received request: GET /api/v1/namespaces/entando-k8s-composite-app-controller-carcms31/pods?labelSelector=EntandoResourceNamespace%3Dentando-k8s-composite-app-controller-carcms31%2CEntandoResourceKind%3DEntandoKeycloakServer%2CEntandoKeycloakServer%3Dtest-keycloak-carcms31 HTTP/1.1 and responded: HTTP/1.1 200 OK
Mar 29, 2021 9:46:43 AM org.entando.kubernetes.client.KubernetesRestInterceptor invoke
INFO: Exiting method removeAndWait in class org.entando.kubernetes.controller.support.client.PodClient
Mar 29, 2021 9:46:44 AM okhttp3.mockwebserver.MockWebServer$3 processOneRequest
INFO: MockWebServer[33895] received request: GET /api/v1/namespaces/entando-k8s-composite-app-controller-carcms31/pods?labelSelector=EntandoResourceNamespace%3Dentando-k8s-composite-app-controller-carcms31%2CEntandoResourceKind%3DEntandoKeycloakServer%2CEntandoKeycloakServer%3Dtest-keycloak-carcms31&watch=**** HTTP/1.1 and responded: HTTP/1.1 200 OK
Mar 29, 2021 9:46:44 AM io.fabric8.kubernetes.client.dsl.internal.WatchHTTPManager$1 onResponse
INFO: Watch terminated unexpectedly. reason: \n not found: limit=46 content=7b2261706956657273696f6e223a227631222c226b696e64223a224c69737422â€¦
Mar 29, 2021 9:46:44 AM io.fabric8.kubernetes.client.dsl.internal.WatchHTTPManager scheduleReconnect
WARN: Ignoring error for already closed/closing connection
Mar 29, 2021 9:46:44 AM org.entando.kubernetes.client.KubernetesRestInterceptor invoke
INFO: Entering method runToCompletion in class org.entando.kubernetes.controller.support.client.PodClient with Pod: entando-k8s-composite-app-controller-carcms31/test-keycloak-carcms31-deployer-0812
Mar 29, 2021 9:46:44 AM okhttp3.mockwebserver.MockWebServer$3 processOneRequest
INFO: MockWebServer[33895] received request: POST /api/v1/namespaces/entando-k8s-composite-app-controller-carcms31/pods HTTP/1.1 and responded: HTTP/1.1 202 OK
Mar 29, 2021 9:46:44 AM org.entando.kubernetes.client.KubernetesRestInterceptor invoke
INFO: Entering method loadPod in class org.entando.kubernetes.controller.support.client.PodClient with entando-k8s-composite-app-controller-carcms31,[Ljava.lang.String;@12416bb2
Mar 29, 2021 9:46:44 AM okhttp3.mockwebserver.MockWebServer$3 processOneRequest
INFO: MockWebServer[33895] received request: GET /api/v1/namespaces/entando-k8s-composite-app-controller-carcms31/pods?labelSelector=EntandoKeycloakServer%3Dtest-keycloak-carcms31 HTTP/1.1 and responded: HTTP/1.1 200 OK
Mar 29, 2021 9:46:44 AM okhttp3.mockwebserver.MockWebServer$3 processOneRequest
INFO: MockWebServer[33895] received request: GET /api/v1/namespaces/entando-k8s-composite-app-controller-carcms31/pods?fieldSelector=metadata.name%3Dtest-keycloak-carcms31-deployer-0812&watch=**** HTTP/1.1 and responded: HTTP/1.1 200 OK
Mar 29, 2021 9:46:44 AM org.entando.kubernetes.client.KubernetesRestInterceptor invoke
INFO: Exiting method loadPod in class org.entando.kubernetes.controller.support.client.PodClient
Mar 29, 2021 9:46:44 AM okhttp3.mockwebserver.MockWebServer$3 processOneRequest
INFO: MockWebServer[33895] received request: GET /api/v1/namespaces/entando-k8s-composite-app-controller-carcms31/pods?fieldSelector=metadata.name%3Dtest-keycloak-carcms31-deployer-0812&watch=**** HTTP/1.1 and responded: HTTP/1.1 200 OK
Mar 29, 2021 9:46:44 AM io.fabric8.kubernetes.client.dsl.internal.WatchHTTPManager$1 onResponse
INFO: Watch terminated unexpectedly. reason: \n not found: limit=2453 content=7b2261706956657273696f6e223a227631222c226b696e64223a224c69737422â€¦
Mar 29, 2021 9:46:44 AM okhttp3.mockwebserver.MockWebServer$3 processOneRequest
INFO: MockWebServer[33895] received request: GET /api/v1/namespaces/entando-k8s-composite-app-controller-carcms31/pods/test-keycloak-carcms31-deployer-0812 HTTP/1.1 and responded: HTTP/1.1 200 OK
Mar 29, 2021 9:46:44 AM okhttp3.mockwebserver.MockWebServer$3 processOneRequest
INFO: MockWebServer[33895] received request: PATCH /api/v1/namespaces/entando-k8s-composite-app-controller-carcms31/pods/test-keycloak-carcms31-deployer-0812 HTTP/1.1 and responded: HTTP/1.1 202 OK
Mar 29, 2021 9:46:44 AM org.entando.kubernetes.client.KubernetesRestInterceptor invoke
INFO: Entering method getPodWatcherQueue in class org.entando.kubernetes.controller.support.client.PodWaitingClient
Mar 29, 2021 9:46:44 AM org.entando.kubernetes.client.KubernetesRestInterceptor invoke
INFO: Exiting method getPodWatcherQueue in class org.entando.kubernetes.controller.support.client.PodWaitingClient
Mar 29, 2021 9:46:45 AM org.entando.kubernetes.client.KubernetesRestInterceptor invoke
INFO: Exiting method runToCompletion in class org.entando.kubernetes.controller.support.client.PodClient
Mar 29, 2021 9:46:45 AM org.entando.kubernetes.client.KubernetesRestInterceptor invoke
INFO: Entering method updateStatus in class org.entando.kubernetes.controller.support.client.EntandoResourceClient with EntandoCompositeApp: entando-k8s-composite-app-controller-carcms31/my-app-carcms31
Mar 29, 2021 9:46:45 AM okhttp3.mockwebserver.MockWebServer$3 processOneRequest
INFO: MockWebServer[33895] received request: GET /api/v1/namespaces/entando-k8s-composite-app-controller-carcms31/pods?fieldSelector=metadata.name%3Dtest-keycloak-carcms31-deployer-0812&watch=**** HTTP/1.1 and responded: HTTP/1.1 200 OK
Mar 29, 2021 9:46:45 AM io.fabric8.kubernetes.client.dsl.internal.WatchHTTPManager$1 onResponse
INFO: Watch terminated unexpectedly. reason: \n not found: limit=2637 content=7b2261706956657273696f6e223a227631222c226b696e64223a224c69737422â€¦
Mar 29, 2021 9:46:45 AM io.fabric8.kubernetes.client.dsl.internal.WatchHTTPManager scheduleReconnect
WARN: Ignoring error for already closed/closing connection
Mar 29, 2021 9:46:45 AM okhttp3.mockwebserver.MockWebServer$3 processOneRequest
INFO: MockWebServer[33895] received request: POST /api/v1/namespaces/entando-k8s-composite-app-controller-carcms31/events HTTP/1.1 and responded: HTTP/1.1 202 OK
Mar 29, 2021 9:46:45 AM okhttp3.mockwebserver.MockWebServer$3 processOneRequest
INFO: MockWebServer[33895] received request: GET /apis/entando.org/v1/namespaces/entando-k8s-composite-app-controller-carcms31/entandocompositeapps/my-app-carcms31 HTTP/1.1 and responded: HTTP/1.1 200 OK
Mar 29, 2021 9:46:45 AM okhttp3.mockwebserver.MockWebServer$3 processOneRequest
INFO: MockWebServer[33895] received request: PUT /apis/entando.org/v1/namespaces/entando-k8s-composite-app-controller-carcms31/entandocompositeapps/my-app-carcms31/status HTTP/1.1 and responded: HTTP/1.1 202 OK
Mar 29, 2021 9:46:45 AM org.entando.kubernetes.client.KubernetesRestInterceptor invoke
INFO: Exiting method updateStatus in class org.entando.kubernetes.controller.support.client.EntandoResourceClient
Mar 29, 2021 9:46:45 AM org.entando.kubernetes.client.KubernetesRestInterceptor invoke
INFO: Entering method load in class org.entando.kubernetes.controller.support.client.EntandoResourceClient with class org.entando.kubernetes.model.plugin.EntandoPlugin,entando-k8s-composite-app-controller-carcms31,test-plugin-carcms31
Mar 29, 2021 9:46:45 AM okhttp3.mockwebserver.MockWebServer$3 processOneRequest
INFO: MockWebServer[33895] received request: GET /apis/entando.org/v1/namespaces/entando-k8s-composite-app-controller-carcms31/entandoplugins/test-plugin-carcms31 HTTP/1.1 and responded: HTTP/1.1 200 OK
Mar 29, 2021 9:46:45 AM org.entando.kubernetes.client.KubernetesRestInterceptor invoke
INFO: Exiting method load in class org.entando.kubernetes.controller.support.client.EntandoResourceClient
Mar 29, 2021 9:46:45 AM org.entando.kubernetes.client.KubernetesRestInterceptor invoke
INFO: Entering method createOrPatchEntandoResource in class org.entando.kubernetes.controller.support.client.EntandoResourceClient with EntandoPlugin: entando-k8s-composite-app-controller-carcms31/test-plugin-carcms31
Mar 29, 2021 9:46:45 AM okhttp3.mockwebserver.MockWebServer$3 processOneRequest
INFO: MockWebServer[33895] received request: GET /apis/entando.org/v1/namespaces/entando-k8s-composite-app-controller-carcms31/entandoplugins/test-plugin-carcms31 HTTP/1.1 and responded: HTTP/1.1 200 OK
Mar 29, 2021 9:46:45 AM okhttp3.mockwebserver.MockWebServer$3 processOneRequest
INFO: MockWebServer[33895] received request: GET /apis/entando.org/v1/namespaces/entando-k8s-composite-app-controller-carcms31/entandoplugins/test-plugin-carcms31 HTTP/1.1 and responded: HTTP/1.1 200 OK
Mar 29, 2021 9:46:45 AM okhttp3.mockwebserver.MockWebServer$3 processOneRequest
INFO: MockWebServer[33895] received request: PATCH /apis/entando.org/v1/namespaces/entando-k8s-composite-app-controller-carcms31/entandoplugins/test-plugin-carcms31 HTTP/1.1 and responded: HTTP/1.1 202 OK
Mar 29, 2021 9:46:45 AM org.entando.kubernetes.client.KubernetesRestInterceptor invoke
INFO: Exiting method createOrPatchEntandoResource in class org.entando.kubernetes.controller.support.client.EntandoResourceClient
Mar 29, 2021 9:46:45 AM org.entando.kubernetes.client.KubernetesRestInterceptor invoke
INFO: Entering method removeAndWait in class org.entando.kubernetes.controller.support.client.PodClient with entando-k8s-composite-app-controller-carcms31,{EntandoResourceNamespace=entando-k8s-composite-app-controller-carcms31, EntandoResourceKind=EntandoPlugin, EntandoPlugin=test-plugin-carcms31}
Mar 29, 2021 9:46:45 AM okhttp3.mockwebserver.MockWebServer$3 processOneRequest
INFO: MockWebServer[33895] received request: GET /api/v1/namespaces/entando-k8s-composite-app-controller-carcms31/pods?labelSelector=EntandoPlugin%3Dtest-plugin-carcms31%2CEntandoResourceNamespace%3Dentando-k8s-composite-app-controller-carcms31%2CEntandoResourceKind%3DEntandoPlugin HTTP/1.1 and responded: HTTP/1.1 200 OK
Mar 29, 2021 9:46:46 AM org.entando.kubernetes.client.KubernetesRestInterceptor invoke
INFO: Entering method getPodWatcherQueue in class org.entando.kubernetes.controller.support.client.PodWaitingClient
Mar 29, 2021 9:46:46 AM org.entando.kubernetes.client.KubernetesRestInterceptor invoke
INFO: Exiting method getPodWatcherQueue in class org.entando.kubernetes.controller.support.client.PodWaitingClient
Mar 29, 2021 9:46:46 AM okhttp3.mockwebserver.MockWebServer$3 processOneRequest
INFO: MockWebServer[33895] received request: GET /api/v1/namespaces/entando-k8s-composite-app-controller-carcms31/pods?labelSelector=EntandoPlugin%3Dtest-plugin-carcms31%2CEntandoResourceNamespace%3Dentando-k8s-composite-app-controller-carcms31%2CEntandoResourceKind%3DEntandoPlugin&watch=**** HTTP/1.1 and responded: HTTP/1.1 200 OK
Mar 29, 2021 9:46:46 AM okhttp3.mockwebserver.MockWebServer$3 processOneRequest
INFO: MockWebServer[33895] received request: GET /api/v1/namespaces/entando-k8s-composite-app-controller-carcms31/pods?labelSelector=EntandoPlugin%3Dtest-plugin-carcms31%2CEntandoResourceNamespace%3Dentando-k8s-composite-app-controller-carcms31%2CEntandoResourceKind%3DEntandoPlugin&watch=**** HTTP/1.1 and responded: HTTP/1.1 200 OK
Mar 29, 2021 9:46:46 AM okhttp3.mockwebserver.MockWebServer$3 processOneRequest
INFO: MockWebServer[33895] received request: GET /api/v1/namespaces/entando-k8s-composite-app-controller-carcms31/pods?labelSelector=EntandoPlugin%3Dtest-plugin-carcms31%2CEntandoResourceNamespace%3Dentando-k8s-composite-app-controller-carcms31%2CEntandoResourceKind%3DEntandoPlugin HTTP/1.1 and responded: HTTP/1.1 200 OK
Mar 29, 2021 9:46:46 AM io.fabric8.kubernetes.client.dsl.internal.WatchHTTPManager$1 onResponse
INFO: Watch terminated unexpectedly. reason: \n not found: limit=46 content=7b2261706956657273696f6e223a227631222c226b696e64223a224c69737422â€¦
Mar 29, 2021 9:46:46 AM okhttp3.mockwebserver.MockWebServer$3 processOneRequest
INFO: MockWebServer[33895] received request: GET /api/v1/namespaces/entando-k8s-composite-app-controller-carcms31/pods?labelSelector=EntandoPlugin%3Dtest-plugin-carcms31%2CEntandoResourceNamespace%3Dentando-k8s-composite-app-controller-carcms31%2CEntandoResourceKind%3DEntandoPlugin HTTP/1.1 and responded: HTTP/1.1 200 OK
Mar 29, 2021 9:46:47 AM org.entando.kubernetes.client.KubernetesRestInterceptor invoke
INFO: Exiting method removeAndWait in class org.entando.kubernetes.controller.support.client.PodClient
Mar 29, 2021 9:46:47 AM org.entando.kubernetes.client.KubernetesRestInterceptor invoke
INFO: Entering method runToCompletion in class org.entando.kubernetes.controller.support.client.PodClient with Pod: entando-k8s-composite-app-controller-carcms31/test-plugin-carcms31-deployer-9635
Mar 29, 2021 9:46:47 AM okhttp3.mockwebserver.MockWebServer$3 processOneRequest
INFO: MockWebServer[33895] received request: GET /api/v1/namespaces/entando-k8s-composite-app-controller-carcms31/pods?labelSelector=EntandoPlugin%3Dtest-plugin-carcms31%2CEntandoResourceNamespace%3Dentando-k8s-composite-app-controller-carcms31%2CEntandoResourceKind%3DEntandoPlugin&watch=**** HTTP/1.1 and responded: HTTP/1.1 200 OK
Mar 29, 2021 9:46:47 AM io.fabric8.kubernetes.client.dsl.internal.WatchHTTPManager$1 onResponse
INFO: Watch terminated unexpectedly. reason: \n not found: limit=46 content=7b2261706956657273696f6e223a227631222c226b696e64223a224c69737422â€¦
Mar 29, 2021 9:46:47 AM io.fabric8.kubernetes.client.dsl.internal.WatchHTTPManager scheduleReconnect
WARN: Ignoring error for already closed/closing connection
Mar 29, 2021 9:46:47 AM okhttp3.mockwebserver.MockWebServer$3 processOneRequest
INFO: MockWebServer[33895] received request: POST /api/v1/namespaces/entando-k8s-composite-app-controller-carcms31/pods HTTP/1.1 and responded: HTTP/1.1 202 OK
Mar 29, 2021 9:46:47 AM org.entando.kubernetes.client.KubernetesRestInterceptor invoke
INFO: Entering method loadPod in class org.entando.kubernetes.controller.support.client.PodClient with entando-k8s-composite-app-controller-carcms31,[Ljava.lang.String;@95c33ce
Mar 29, 2021 9:46:47 AM okhttp3.mockwebserver.MockWebServer$3 processOneRequest
INFO: MockWebServer[33895] received request: GET /api/v1/namespaces/entando-k8s-composite-app-controller-carcms31/pods?labelSelector=EntandoPlugin%3Dtest-plugin-carcms31 HTTP/1.1 and responded: HTTP/1.1 200 OK
Mar 29, 2021 9:46:47 AM okhttp3.mockwebserver.MockWebServer$3 processOneRequest
INFO: MockWebServer[33895] received request: GET /api/v1/namespaces/entando-k8s-composite-app-controller-carcms31/pods?fieldSelector=metadata.name%3Dtest-plugin-carcms31-deployer-9635&watch=**** HTTP/1.1 and responded: HTTP/1.1 200 OK
Mar 29, 2021 9:46:47 AM org.entando.kubernetes.client.KubernetesRestInterceptor invoke
INFO: Exiting method loadPod in class org.entando.kubernetes.controller.support.client.PodClient
Mar 29, 2021 9:46:47 AM okhttp3.mockwebserver.MockWebServer$3 processOneRequest
INFO: MockWebServer[33895] received request: GET /api/v1/namespaces/entando-k8s-composite-app-controller-carcms31/pods/test-plugin-carcms31-deployer-9635 HTTP/1.1 and responded: HTTP/1.1 200 OK
Mar 29, 2021 9:46:47 AM okhttp3.mockwebserver.MockWebServer$3 processOneRequest
INFO: MockWebServer[33895] received request: GET /api/v1/namespaces/entando-k8s-composite-app-controller-carcms31/pods?fieldSelector=metadata.name%3Dtest-plugin-carcms31-deployer-9635&watch=**** HTTP/1.1 and responded: HTTP/1.1 200 OK
Mar 29, 2021 9:46:47 AM io.fabric8.kubernetes.client.dsl.internal.WatchHTTPManager$1 onResponse
INFO: Watch terminated unexpectedly. reason: \n not found: limit=5021 content=7b2261706956657273696f6e223a227631222c226b696e64223a224c69737422â€¦
Mar 29, 2021 9:46:47 AM okhttp3.mockwebserver.MockWebServer$3 processOneRequest
INFO: MockWebServer[33895] received request: PATCH /api/v1/namespaces/entando-k8s-composite-app-controller-carcms31/pods/test-plugin-carcms31-deployer-9635 HTTP/1.1 and responded: HTTP/1.1 202 OK
Mar 29, 2021 9:46:48 AM org.entando.kubernetes.client.KubernetesRestInterceptor invoke
INFO: Exiting method runToCompletion in class org.entando.kubernetes.controller.support.client.PodClient
Mar 29, 2021 9:46:48 AM org.entando.kubernetes.client.KubernetesRestInterceptor invoke
INFO: Entering method updateStatus in class org.entando.kubernetes.controller.support.client.EntandoResourceClient with EntandoCompositeApp: entando-k8s-composite-app-controller-carcms31/my-app-carcms31
Mar 29, 2021 9:46:48 AM io.fabric8.kubernetes.client.dsl.internal.WatchHTTPManager$1 onResponse
INFO: Watch terminated unexpectedly. reason: \n not found: limit=5205 content=7b2261706956657273696f6e223a227631222c226b696e64223a224c69737422â€¦
Mar 29, 2021 9:46:48 AM io.fabric8.kubernetes.client.dsl.internal.WatchHTTPManager scheduleReconnect
WARN: Ignoring error for already closed/closing connection
Mar 29, 2021 9:46:48 AM okhttp3.mockwebserver.MockWebServer$3 processOneRequest
INFO: MockWebServer[33895] received request: GET /api/v1/namespaces/entando-k8s-composite-app-controller-carcms31/pods?fieldSelector=metadata.name%3Dtest-plugin-carcms31-deployer-9635&watch=**** HTTP/1.1 and responded: HTTP/1.1 200 OK
Mar 29, 2021 9:46:48 AM okhttp3.mockwebserver.MockWebServer$3 processOneRequest
INFO: MockWebServer[33895] received request: POST /api/v1/namespaces/entando-k8s-composite-app-controller-carcms31/events HTTP/1.1 and responded: HTTP/1.1 202 OK
Mar 29, 2021 9:46:48 AM okhttp3.mockwebserver.MockWebServer$3 processOneRequest
INFO: MockWebServer[33895] received request: GET /apis/entando.org/v1/namespaces/entando-k8s-composite-app-controller-carcms31/entandocompositeapps/my-app-carcms31 HTTP/1.1 and responded: HTTP/1.1 200 OK
Mar 29, 2021 9:46:48 AM okhttp3.mockwebserver.MockWebServer$3 processOneRequest
INFO: MockWebServer[33895] received request: PUT /apis/entando.org/v1/namespaces/entando-k8s-composite-app-controller-carcms31/entandocompositeapps/my-app-carcms31/status HTTP/1.1 and responded: HTTP/1.1 202 OK
Mar 29, 2021 9:46:48 AM org.entando.kubernetes.client.KubernetesRestInterceptor invoke
INFO: Exiting method updateStatus in class org.entando.kubernetes.controller.support.client.EntandoResourceClient
Mar 29, 2021 9:46:48 AM org.entando.kubernetes.client.KubernetesRestInterceptor invoke
INFO: Entering method updatePhase in class org.entando.kubernetes.controller.support.client.EntandoResourceClient with EntandoCompositeApp: entando-k8s-composite-app-controller-carcms31/my-app-carcms31
Mar 29, 2021 9:46:48 AM okhttp3.mockwebserver.MockWebServer$3 processOneRequest
INFO: MockWebServer[33895] received request: POST /api/v1/namespaces/entando-k8s-composite-app-controller-carcms31/events HTTP/1.1 and responded: HTTP/1.1 202 OK
Mar 29, 2021 9:46:48 AM okhttp3.mockwebserver.MockWebServer$3 processOneRequest
INFO: MockWebServer[33895] received request: GET /apis/entando.org/v1/namespaces/entando-k8s-composite-app-controller-carcms31/entandocompositeapps/my-app-carcms31 HTTP/1.1 and responded: HTTP/1.1 200 OK
Mar 29, 2021 9:46:48 AM okhttp3.mockwebserver.MockWebServer$3 processOneRequest
INFO: MockWebServer[33895] received request: PUT /apis/entando.org/v1/namespaces/entando-k8s-composite-app-controller-carcms31/entandocompositeapps/my-app-carcms31/status HTTP/1.1 and responded: HTTP/1.1 202 OK
Mar 29, 2021 9:46:48 AM org.entando.kubernetes.client.KubernetesRestInterceptor invoke
INFO: Exiting method updatePhase in class org.entando.kubernetes.controller.support.client.EntandoResourceClient
Mar 29, 2021 9:46:49 AM okhttp3.mockwebserver.MockWebServer$3 processOneRequest
INFO: MockWebServer[33895] received request: GET /api/v1/namespaces/entando-k8s-composite-app-controller-carcms31/pods?labelSelector=EntandoResourceKind%3DEntandoKeycloakServer%2CEntandoKeycloakServer%3Dtest-keycloak-carcms31 HTTP/1.1 and responded: HTTP/1.1 200 OK
Mar 29, 2021 9:46:49 AM okhttp3.mockwebserver.MockWebServer$3 processOneRequest
INFO: MockWebServer[33895] received request: GET /api/v1/namespaces/entando-k8s-composite-app-controller-carcms31/pods?labelSelector=EntandoResourceKind%3DEntandoKeycloakServer%2CEntandoKeycloakServer%3Dtest-keycloak-carcms31 HTTP/1.1 and responded: HTTP/1.1 200 OK
Mar 29, 2021 9:46:49 AM okhttp3.mockwebserver.MockWebServer$3 processOneRequest
INFO: MockWebServer[33895] received request: GET /api/v1/namespaces/entando-k8s-composite-app-controller-carcms31 HTTP/1.1 and responded: HTTP/1.1 404 Client Error
Mar 29, 2021 9:46:49 AM okhttp3.mockwebserver.MockWebServer$3 processOneRequest
INFO: MockWebServer[33895] received request: GET /apis/entando.org/v1/namespaces/default/entandokeycloakservers HTTP/1.1 and responded: HTTP/1.1 200 OK
Mar 29, 2021 9:46:49 AM okhttp3.mockwebserver.MockWebServer$3 processOneRequest
INFO: MockWebServer[33895] received request: GET /api/v1/namespaces/entando-k8s-composite-app-controller-carcms31 HTTP/1.1 and responded: HTTP/1.1 404 Client Error
Mar 29, 2021 9:46:49 AM okhttp3.mockwebserver.MockWebServer$3 processOneRequest
INFO: MockWebServer[33895] received request: GET /apis/entando.org/v1/namespaces/default/entandokeycloakservers HTTP/1.1 and responded: HTTP/1.1 200 OK
Mar 29, 2021 9:46:49 AM okhttp3.mockwebserver.MockWebServer$3 processOneRequest
INFO: MockWebServer[33895] received request: GET /apis/entando.org/v1/namespaces/entando-k8s-composite-app-controller-carcms31/entandokeycloakservers/test-keycloak-carcms31 HTTP/1.1 and responded: HTTP/1.1 200 OK
Mar 29, 2021 9:46:49 AM okhttp3.mockwebserver.MockWebServer$3 processOneRequest
INFO: MockWebServer[33895] received request: GET /api/v1/namespaces/entando-k8s-composite-app-controller-carcms31 HTTP/1.1 and responded: HTTP/1.1 404 Client Error
Mar 29, 2021 9:46:49 AM okhttp3.mockwebserver.MockWebServer$3 processOneRequest
INFO: MockWebServer[33895] received request: GET /apis/entando.org/v1/namespaces/default/entandocompositeapps HTTP/1.1 and responded: HTTP/1.1 200 OK
Mar 29, 2021 9:46:49 AM okhttp3.mockwebserver.MockWebServer$3 processOneRequest
INFO: MockWebServer[33895] received request: GET /api/v1/namespaces/entando-k8s-composite-app-controller-carcms31 HTTP/1.1 and responded: HTTP/1.1 404 Client Error
Mar 29, 2021 9:46:49 AM okhttp3.mockwebserver.MockWebServer$3 processOneRequest
INFO: MockWebServer[33895] received request: GET /apis/entando.org/v1/namespaces/default/entandocompositeapps HTTP/1.1 and responded: HTTP/1.1 200 OK
Mar 29, 2021 9:46:50 AM okhttp3.mockwebserver.MockWebServer$3 processOneRequest
INFO: MockWebServer[33895] received request: GET /apis/entando.org/v1/namespaces/entando-k8s-composite-app-controller-carcms31/entandocompositeapps/my-app-carcms31 HTTP/1.1 and responded: HTTP/1.1 200 OK
Mar 29, 2021 9:46:50 AM okhttp3.mockwebserver.MockWebServer$3 processOneRequest
INFO: MockWebServer[33895] received request: GET /api/v1/namespaces/entando-k8s-composite-app-controller-carcms31/pods?labelSelector=EntandoPlugin%3Dtest-plugin-carcms31%2CEntandoResourceKind%3DEntandoPlugin HTTP/1.1 and responded: HTTP/1.1 200 OK
Mar 29, 2021 9:46:50 AM okhttp3.mockwebserver.MockWebServer$3 processOneRequest
INFO: MockWebServer[33895] received request: GET /api/v1/namespaces/entando-k8s-composite-app-controller-carcms31/pods?labelSelector=EntandoPlugin%3Dtest-plugin-carcms31%2CEntandoResourceKind%3DEntandoPlugin HTTP/1.1 and responded: HTTP/1.1 200 OK
Mar 29, 2021 9:46:50 AM okhttp3.mockwebserver.MockWebServer$3 processOneRequest
INFO: MockWebServer[33895] received request: GET /api/v1/namespaces/entando-k8s-composite-app-controller-carcms31 HTTP/1.1 and responded: HTTP/1.1 404 Client Error
Mar 29, 2021 9:46:50 AM okhttp3.mockwebserver.MockWebServer$3 processOneRequest
INFO: MockWebServer[33895] received request: GET /apis/entando.org/v1/namespaces/default/entandoplugins HTTP/1.1 and responded: HTTP/1.1 200 OK
Mar 29, 2021 9:46:50 AM okhttp3.mockwebserver.MockWebServer$3 processOneRequest
INFO: MockWebServer[33895] received request: GET /api/v1/namespaces/entando-k8s-composite-app-controller-carcms31 HTTP/1.1 and responded: HTTP/1.1 404 Client Error
Mar 29, 2021 9:46:50 AM okhttp3.mockwebserver.MockWebServer$3 processOneRequest
INFO: MockWebServer[33895] received request: GET /apis/entando.org/v1/namespaces/default/entandoplugins HTTP/1.1 and responded: HTTP/1.1 200 OK
Mar 29, 2021 9:46:50 AM okhttp3.mockwebserver.MockWebServer$3 processOneRequest
INFO: MockWebServer[33895] received request: GET /apis/entando.org/v1/namespaces/entando-k8s-composite-app-controller-carcms31/entandoplugins/test-plugin-carcms31 HTTP/1.1 and responded: HTTP/1.1 200 OK
Mar 29, 2021 9:46:51 AM okhttp3.mockwebserver.MockWebServer$3 processOneRequest
INFO: MockWebServer[33895] received request: GET /apis/entando.org/v1/namespaces/entando-k8s-composite-app-controller-carcms31/entandocompositeapps/my-app-carcms31 HTTP/1.1 and responded: HTTP/1.1 200 OK
Mar 29, 2021 9:46:51 AM okhttp3.mockwebserver.MockWebServer$3 processOneRequest
INFO: MockWebServer[33895] received request: GET /apis/entando.org/v1/namespaces/entando-k8s-composite-app-controller-carcms31/entandocompositeapps/my-app-carcms31 HTTP/1.1 and responded: HTTP/1.1 200 OK
Mar 29, 2021 9:46:51 AM org.entando.kubernetes.client.KubernetesRestInterceptor invoke
INFO: Entering method getPodWatcherQueue in class org.entando.kubernetes.controller.support.client.PodWaitingClient
Mar 29, 2021 9:46:51 AM org.entando.kubernetes.client.KubernetesRestInterceptor invoke
INFO: Exiting method getPodWatcherQueue in class org.entando.kubernetes.controller.support.client.PodWaitingClient
Mar 29, 2021 9:46:51 AM okhttp3.mockwebserver.MockWebServer$2 acceptConnections
INFO: MockWebServer[33895] done accepting connections: Socket closed
Mar 29, 2021 9:46:51 AM okhttp3.mockwebserver.MockWebServer$2 e**cute
INFO: MockWebServer[40188] starting to accept connections
Mar 29, 2021 9:46:51 AM okhttp3.mockwebserver.MockWebServer$3 processOneRequest
INFO: MockWebServer[40188] received request: GET /api/v1/namespaces/entando HTTP/1.1 and responded: HTTP/1.1 404 Client Error
Mar 29, 2021 9:46:51 AM okhttp3.mockwebserver.MockWebServer$3 processOneRequest
INFO: MockWebServer[40188] received request: POST /api/v1/namespaces HTTP/1.1 and responded: HTTP/1.1 202 OK
Mar 29, 2021 9:46:51 AM org.entando.kubernetes.client.KubernetesRestInterceptor invoke
INFO: Entering method loadDockerImageInfoConfigMap in class org.entando.kubernetes.controller.support.client.EntandoResourceClient
Mar 29, 2021 9:46:51 AM okhttp3.mockwebserver.MockWebServer$3 processOneRequest
INFO: MockWebServer[40188] received request: GET /api/v1/namespaces/entando/configmaps/entando-docker-image-info-v6.3 HTTP/1.1 and responded: HTTP/1.1 404 Client Error
Mar 29, 2021 9:46:51 AM org.entando.kubernetes.client.KubernetesRestInterceptor invoke
INFO: Exiting method loadDockerImageInfoConfigMap in class org.entando.kubernetes.controller.support.client.EntandoResourceClient
Mar 29, 2021 9:46:51 AM okhttp3.mockwebserver.MockWebServer$3 processOneRequest
INFO: MockWebServer[40188] received request: GET /api/v1/namespaces/entando/configmaps/entando-docker-image-info-v6.3 HTTP/1.1 and responded: HTTP/1.1 404 Client Error
Mar 29, 2021 9:46:51 AM okhttp3.mockwebserver.MockWebServer$3 processOneRequest
INFO: MockWebServer[40188] received request: POST /api/v1/namespaces/entando/configmaps HTTP/1.1 and responded: HTTP/1.1 202 OK
Mar 29, 2021 9:46:51 AM okhttp3.mockwebserver.MockWebServer$3 processOneRequest
INFO: MockWebServer[40188] received request: GET /api/v1/namespaces/entando/configmaps/entando-docker-image-info-v6.3 HTTP/1.1 and responded: HTTP/1.1 200 OK
Mar 29, 2021 9:46:51 AM okhttp3.mockwebserver.MockWebServer$3 processOneRequest
INFO: MockWebServer[40188] received request: GET /api/v1/namespaces/entando/configmaps/entando-docker-image-info-v6.3 HTTP/1.1 and responded: HTTP/1.1 200 OK
Mar 29, 2021 9:46:51 AM okhttp3.mockwebserver.MockWebServer$3 processOneRequest
INFO: MockWebServer[40188] received request: GET /api/v1/namespaces/entando/configmaps/entando-docker-image-info-v6.3 HTTP/1.1 and responded: HTTP/1.1 200 OK
Mar 29, 2021 9:46:51 AM okhttp3.mockwebserver.MockWebServer$3 processOneRequest
INFO: MockWebServer[40188] received request: PATCH /api/v1/namespaces/entando/configmaps/entando-docker-image-info-v6.3 HTTP/1.1 and responded: HTTP/1.1 202 OK
Mar 29, 2021 9:46:52 AM org.entando.kubernetes.client.KubernetesRestInterceptor invoke
INFO: Entering method createOrPatchEntandoResource in class org.entando.kubernetes.controller.support.client.EntandoResourceClient with EntandoPlugin: entando-k8s-composite-app-controller-carcms31/test-plugin-carcms31
Mar 29, 2021 9:46:52 AM okhttp3.mockwebserver.MockWebServer$3 processOneRequest
INFO: MockWebServer[40188] received request: GET /api/v1/namespaces/entando-k8s-composite-app-controller-carcms31 HTTP/1.1 and responded: HTTP/1.1 404 Client Error
Mar 29, 2021 9:46:52 AM okhttp3.mockwebserver.MockWebServer$3 processOneRequest
INFO: MockWebServer[40188] received request: GET /apis/entando.org/v1/namespaces/default/entandoplugins HTTP/1.1 and responded: HTTP/1.1 200 OK
Mar 29, 2021 9:46:52 AM okhttp3.mockwebserver.MockWebServer$3 processOneRequest
INFO: MockWebServer[40188] received request: GET /api/v1/namespaces/entando-k8s-composite-app-controller-carcms31 HTTP/1.1 and responded: HTTP/1.1 404 Client Error
Mar 29, 2021 9:46:52 AM okhttp3.mockwebserver.MockWebServer$3 processOneRequest
INFO: MockWebServer[40188] received request: GET /apis/entando.org/v1/namespaces/default/entandoplugins HTTP/1.1 and responded: HTTP/1.1 200 OK
Mar 29, 2021 9:46:52 AM okhttp3.mockwebserver.MockWebServer$3 processOneRequest
INFO: MockWebServer[40188] received request: GET /apis/entando.org/v1/namespaces/entando-k8s-composite-app-controller-carcms31/entandoplugins/test-plugin-carcms31 HTTP/1.1 and responded: HTTP/1.1 404 Client Error
Mar 29, 2021 9:46:52 AM okhttp3.mockwebserver.MockWebServer$3 processOneRequest
INFO: MockWebServer[40188] received request: POST /apis/entando.org/v1/namespaces/entando-k8s-composite-app-controller-carcms31/entandoplugins HTTP/1.1 and responded: HTTP/1.1 202 OK
Mar 29, 2021 9:46:52 AM org.entando.kubernetes.client.KubernetesRestInterceptor invoke
INFO: Exiting method createOrPatchEntandoResource in class org.entando.kubernetes.controller.support.client.EntandoResourceClient
Mar 29, 2021 9:46:52 AM okhttp3.mockwebserver.MockWebServer$3 processOneRequest
INFO: MockWebServer[40188] received request: GET /api/v1/namespaces/entando-k8s-composite-app-controller-carcms31 HTTP/1.1 and responded: HTTP/1.1 404 Client Error
Mar 29, 2021 9:46:52 AM okhttp3.mockwebserver.MockWebServer$3 processOneRequest
INFO: MockWebServer[40188] received request: GET /apis/entando.org/v1/namespaces/default/entandocompositeapps HTTP/1.1 and responded: HTTP/1.1 200 OK
Mar 29, 2021 9:46:52 AM okhttp3.mockwebserver.MockWebServer$3 processOneRequest
INFO: MockWebServer[40188] received request: GET /api/v1/namespaces/entando-k8s-composite-app-controller-carcms31 HTTP/1.1 and responded: HTTP/1.1 404 Client Error
Mar 29, 2021 9:46:52 AM okhttp3.mockwebserver.MockWebServer$3 processOneRequest
INFO: MockWebServer[40188] received request: GET /apis/entando.org/v1/namespaces/default/entandocompositeapps HTTP/1.1 and responded: HTTP/1.1 200 OK
Mar 29, 2021 9:46:52 AM okhttp3.mockwebserver.MockWebServer$3 processOneRequest
INFO: MockWebServer[40188] received request: POST /apis/entando.org/v1/namespaces/entando-k8s-composite-app-controller-carcms31/entandocompositeapps HTTP/1.1 and responded: HTTP/1.1 202 OK
Mar 29, 2021 9:46:52 AM org.entando.kubernetes.client.KubernetesRestInterceptor invoke
INFO: Entering method loadOperatorConfig in class org.entando.kubernetes.controller.support.client.EntandoResourceClient
Mar 29, 2021 9:46:53 AM okhttp3.mockwebserver.MockWebServer$3 processOneRequest
INFO: MockWebServer[40188] received request: GET /api/v1/namespaces/entando-k8s-composite-app-controller-carcms31/configmaps/entando-operator-config HTTP/1.1 and responded: HTTP/1.1 404 Client Error
Mar 29, 2021 9:46:53 AM org.entando.kubernetes.client.KubernetesRestInterceptor invoke
INFO: Exiting method loadOperatorConfig in class org.entando.kubernetes.controller.support.client.EntandoResourceClient
Mar 29, 2021 9:46:53 AM org.entando.kubernetes.client.KubernetesRestInterceptor invoke
INFO: Entering method load in class org.entando.kubernetes.controller.support.client.EntandoResourceClient with class org.entando.kubernetes.model.compositeapp.EntandoCompositeApp,entando-k8s-composite-app-controller-carcms31,my-app-carcms31
Mar 29, 2021 9:46:53 AM org.entando.kubernetes.client.KubernetesRestInterceptor invoke
INFO: Entering method getPodWatcherQueue in class org.entando.kubernetes.controller.support.client.PodWaitingClient
Mar 29, 2021 9:46:53 AM org.entando.kubernetes.client.KubernetesRestInterceptor invoke
INFO: Exiting method getPodWatcherQueue in class org.entando.kubernetes.controller.support.client.PodWaitingClient
Mar 29, 2021 9:46:53 AM okhttp3.mockwebserver.MockWebServer$3 processOneRequest
INFO: MockWebServer[40188] received request: GET /api/v1/namespaces/entando-k8s-composite-app-controller-carcms31 HTTP/1.1 and responded: HTTP/1.1 404 Client Error
Mar 29, 2021 9:46:53 AM okhttp3.mockwebserver.MockWebServer$3 processOneRequest
INFO: MockWebServer[40188] received request: GET /apis/entando.org/v1/namespaces/default/entandocompositeapps HTTP/1.1 and responded: HTTP/1.1 200 OK
Mar 29, 2021 9:46:53 AM okhttp3.mockwebserver.MockWebServer$3 processOneRequest
INFO: MockWebServer[40188] received request: GET /api/v1/namespaces/entando-k8s-composite-app-controller-carcms31 HTTP/1.1 and responded: HTTP/1.1 404 Client Error
Mar 29, 2021 9:46:53 AM okhttp3.mockwebserver.MockWebServer$3 processOneRequest
INFO: MockWebServer[40188] received request: GET /apis/entando.org/v1/namespaces/default/entandocompositeapps HTTP/1.1 and responded: HTTP/1.1 200 OK
Mar 29, 2021 9:46:53 AM okhttp3.mockwebserver.MockWebServer$3 processOneRequest
INFO: MockWebServer[40188] received request: GET /apis/entando.org/v1/namespaces/entando-k8s-composite-app-controller-carcms31/entandocompositeapps/my-app-carcms31 HTTP/1.1 and responded: HTTP/1.1 200 OK
Mar 29, 2021 9:46:53 AM org.entando.kubernetes.client.KubernetesRestInterceptor invoke
INFO: Exiting method load in class org.entando.kubernetes.controller.support.client.EntandoResourceClient
Mar 29, 2021 9:46:53 AM org.entando.kubernetes.client.KubernetesRestInterceptor invoke
INFO: Entering method updatePhase in class org.entando.kubernetes.controller.support.client.EntandoResourceClient with EntandoCompositeApp: entando-k8s-composite-app-controller-carcms31/my-app-carcms31
Mar 29, 2021 9:46:53 AM okhttp3.mockwebserver.MockWebServer$3 processOneRequest
INFO: MockWebServer[40188] received request: POST /api/v1/namespaces/entando-k8s-composite-app-controller-carcms31/events HTTP/1.1 and responded: HTTP/1.1 202 OK
Mar 29, 2021 9:46:53 AM okhttp3.mockwebserver.MockWebServer$3 processOneRequest
INFO: MockWebServer[40188] received request: GET /apis/entando.org/v1/namespaces/entando-k8s-composite-app-controller-carcms31/entandocompositeapps/my-app-carcms31 HTTP/1.1 and responded: HTTP/1.1 200 OK
Mar 29, 2021 9:46:53 AM okhttp3.mockwebserver.MockWebServer$3 processOneRequest
INFO: MockWebServer[40188] received request: PUT /apis/entando.org/v1/namespaces/entando-k8s-composite-app-controller-carcms31/entandocompositeapps/my-app-carcms31/status HTTP/1.1 and responded: HTTP/1.1 202 OK
Mar 29, 2021 9:46:53 AM org.entando.kubernetes.client.KubernetesRestInterceptor invoke
INFO: Exiting method updatePhase in class org.entando.kubernetes.controller.support.client.EntandoResourceClient
Mar 29, 2021 9:46:53 AM org.entando.kubernetes.client.KubernetesRestInterceptor invoke
INFO: Entering method loadDockerImageInfoConfigMap in class org.entando.kubernetes.controller.support.client.EntandoResourceClient
Mar 29, 2021 9:46:53 AM okhttp3.mockwebserver.MockWebServer$3 processOneRequest
INFO: MockWebServer[40188] received request: GET /api/v1/namespaces/entando/configmaps/entando-docker-image-info-v6.3 HTTP/1.1 and responded: HTTP/1.1 200 OK
Mar 29, 2021 9:46:53 AM org.entando.kubernetes.client.KubernetesRestInterceptor invoke
INFO: Exiting method loadDockerImageInfoConfigMap in class org.entando.kubernetes.controller.support.client.EntandoResourceClient
Mar 29, 2021 9:46:53 AM org.entando.kubernetes.client.KubernetesRestInterceptor invoke
INFO: Entering method createOrPatchEntandoResource in class org.entando.kubernetes.controller.support.client.EntandoResourceClient with EntandoKeycloakServer: entando-k8s-composite-app-controller-carcms31/test-keycloak-carcms31
Mar 29, 2021 9:46:53 AM okhttp3.mockwebserver.MockWebServer$3 processOneRequest
INFO: MockWebServer[40188] received request: GET /api/v1/namespaces/entando-k8s-composite-app-controller-carcms31 HTTP/1.1 and responded: HTTP/1.1 404 Client Error
Mar 29, 2021 9:46:53 AM okhttp3.mockwebserver.MockWebServer$3 processOneRequest
INFO: MockWebServer[40188] received request: GET /apis/entando.org/v1/namespaces/default/entandokeycloakservers HTTP/1.1 and responded: HTTP/1.1 200 OK
Mar 29, 2021 9:46:54 AM okhttp3.mockwebserver.MockWebServer$3 processOneRequest
INFO: MockWebServer[40188] received request: GET /api/v1/namespaces/entando-k8s-composite-app-controller-carcms31 HTTP/1.1 and responded: HTTP/1.1 404 Client Error
Mar 29, 2021 9:46:54 AM okhttp3.mockwebserver.MockWebServer$3 processOneRequest
INFO: MockWebServer[40188] received request: GET /apis/entando.org/v1/namespaces/default/entandokeycloakservers HTTP/1.1 and responded: HTTP/1.1 200 OK
Mar 29, 2021 9:46:54 AM okhttp3.mockwebserver.MockWebServer$3 processOneRequest
INFO: MockWebServer[40188] received request: GET /apis/entando.org/v1/namespaces/entando-k8s-composite-app-controller-carcms31/entandokeycloakservers/test-keycloak-carcms31 HTTP/1.1 and responded: HTTP/1.1 404 Client Error
Mar 29, 2021 9:46:54 AM okhttp3.mockwebserver.MockWebServer$3 processOneRequest
INFO: MockWebServer[40188] received request: POST /apis/entando.org/v1/namespaces/entando-k8s-composite-app-controller-carcms31/entandokeycloakservers HTTP/1.1 and responded: HTTP/1.1 202 OK
Mar 29, 2021 9:46:54 AM org.entando.kubernetes.client.KubernetesRestInterceptor invoke
INFO: Exiting method createOrPatchEntandoResource in class org.entando.kubernetes.controller.support.client.EntandoResourceClient
Mar 29, 2021 9:46:54 AM org.entando.kubernetes.client.KubernetesRestInterceptor invoke
INFO: Entering method removeAndWait in class org.entando.kubernetes.controller.support.client.PodClient with entando-k8s-composite-app-controller-carcms31,{EntandoResourceNamespace=entando-k8s-composite-app-controller-carcms31, EntandoResourceKind=EntandoKeycloakServer, EntandoKeycloakServer=test-keycloak-carcms31}
Mar 29, 2021 9:46:54 AM okhttp3.mockwebserver.MockWebServer$3 processOneRequest
INFO: MockWebServer[40188] received request: GET /api/v1/namespaces/entando-k8s-composite-app-controller-carcms31/pods?labelSelector=EntandoResourceNamespace%3Dentando-k8s-composite-app-controller-carcms31%2CEntandoResourceKind%3DEntandoKeycloakServer%2CEntandoKeycloakServer%3Dtest-keycloak-carcms31 HTTP/1.1 and responded: HTTP/1.1 200 OK
Mar 29, 2021 9:46:54 AM org.entando.kubernetes.client.KubernetesRestInterceptor invoke
INFO: Entering method getPodWatcherQueue in class org.entando.kubernetes.controller.support.client.PodWaitingClient
Mar 29, 2021 9:46:54 AM org.entando.kubernetes.client.KubernetesRestInterceptor invoke
INFO: Exiting method getPodWatcherQueue in class org.entando.kubernetes.controller.support.client.PodWaitingClient
Mar 29, 2021 9:46:54 AM okhttp3.mockwebserver.MockWebServer$3 processOneRequest
INFO: MockWebServer[40188] received request: GET /api/v1/namespaces/entando-k8s-composite-app-controller-carcms31/pods?labelSelector=EntandoResourceNamespace%3Dentando-k8s-composite-app-controller-carcms31%2CEntandoResourceKind%3DEntandoKeycloakServer%2CEntandoKeycloakServer%3Dtest-keycloak-carcms31&watch=**** HTTP/1.1 and responded: HTTP/1.1 200 OK
Mar 29, 2021 9:46:54 AM okhttp3.mockwebserver.MockWebServer$3 processOneRequest
INFO: MockWebServer[40188] received request: GET /api/v1/namespaces/entando-k8s-composite-app-controller-carcms31/pods?labelSelector=EntandoResourceNamespace%3Dentando-k8s-composite-app-controller-carcms31%2CEntandoResourceKind%3DEntandoKeycloakServer%2CEntandoKeycloakServer%3Dtest-keycloak-carcms31 HTTP/1.1 and responded: HTTP/1.1 200 OK
Mar 29, 2021 9:46:54 AM okhttp3.mockwebserver.MockWebServer$3 processOneRequest
INFO: MockWebServer[40188] received request: GET /api/v1/namespaces/entando-k8s-composite-app-controller-carcms31/pods?labelSelector=EntandoResourceNamespace%3Dentando-k8s-composite-app-controller-carcms31%2CEntandoResourceKind%3DEntandoKeycloakServer%2CEntandoKeycloakServer%3Dtest-keycloak-carcms31&watch=**** HTTP/1.1 and responded: HTTP/1.1 200 OK
Mar 29, 2021 9:46:54 AM io.fabric8.kubernetes.client.dsl.internal.WatchHTTPManager$1 onResponse
INFO: Watch terminated unexpectedly. reason: \n not found: limit=46 content=7b2261706956657273696f6e223a227631222c226b696e64223a224c69737422â€¦
Mar 29, 2021 9:46:54 AM okhttp3.mockwebserver.MockWebServer$3 processOneRequest
INFO: MockWebServer[40188] received request: GET /api/v1/namespaces/entando-k8s-composite-app-controller-carcms31/pods?labelSelector=EntandoResourceNamespace%3Dentando-k8s-composite-app-controller-carcms31%2CEntandoResourceKind%3DEntandoKeycloakServer%2CEntandoKeycloakServer%3Dtest-keycloak-carcms31 HTTP/1.1 and responded: HTTP/1.1 200 OK
Mar 29, 2021 9:46:55 AM org.entando.kubernetes.client.KubernetesRestInterceptor invoke
INFO: Exiting method removeAndWait in class org.entando.kubernetes.controller.support.client.PodClient
Mar 29, 2021 9:46:55 AM org.entando.kubernetes.client.KubernetesRestInterceptor invoke
INFO: Entering method runToCompletion in class org.entando.kubernetes.controller.support.client.PodClient with Pod: entando-k8s-composite-app-controller-carcms31/test-keycloak-carcms31-deployer-2522
Mar 29, 2021 9:46:55 AM okhttp3.mockwebserver.MockWebServer$3 processOneRequest
INFO: MockWebServer[40188] received request: GET /api/v1/namespaces/entando-k8s-composite-app-controller-carcms31/pods?labelSelector=EntandoResourceNamespace%3Dentando-k8s-composite-app-controller-carcms31%2CEntandoResourceKind%3DEntandoKeycloakServer%2CEntandoKeycloakServer%3Dtest-keycloak-carcms31&watch=**** HTTP/1.1 and responded: HTTP/1.1 200 OK
Mar 29, 2021 9:46:55 AM io.fabric8.kubernetes.client.dsl.internal.WatchHTTPManager$1 onResponse
INFO: Watch terminated unexpectedly. reason: \n not found: limit=46 content=7b2261706956657273696f6e223a227631222c226b696e64223a224c69737422â€¦
Mar 29, 2021 9:46:55 AM io.fabric8.kubernetes.client.dsl.internal.WatchHTTPManager scheduleReconnect
WARN: Ignoring error for already closed/closing connection
Mar 29, 2021 9:46:55 AM okhttp3.mockwebserver.MockWebServer$3 processOneRequest
INFO: MockWebServer[40188] received request: POST /api/v1/namespaces/entando-k8s-composite-app-controller-carcms31/pods HTTP/1.1 and responded: HTTP/1.1 202 OK
Mar 29, 2021 9:46:55 AM org.entando.kubernetes.client.KubernetesRestInterceptor invoke
INFO: Entering method loadPod in class org.entando.kubernetes.controller.support.client.PodClient with entando-k8s-composite-app-controller-carcms31,[Ljava.lang.String;@59f5ae77
Mar 29, 2021 9:46:55 AM okhttp3.mockwebserver.MockWebServer$3 processOneRequest
INFO: MockWebServer[40188] received request: GET /api/v1/namespaces/entando-k8s-composite-app-controller-carcms31/pods?fieldSelector=metadata.name%3Dtest-keycloak-carcms31-deployer-2522&watch=**** HTTP/1.1 and responded: HTTP/1.1 200 OK
Mar 29, 2021 9:46:55 AM okhttp3.mockwebserver.MockWebServer$3 processOneRequest
INFO: MockWebServer[40188] received request: GET /api/v1/namespaces/entando-k8s-composite-app-controller-carcms31/pods?labelSelector=EntandoKeycloakServer%3Dtest-keycloak-carcms31 HTTP/1.1 and responded: HTTP/1.1 200 OK
Mar 29, 2021 9:46:55 AM org.entando.kubernetes.client.KubernetesRestInterceptor invoke
INFO: Exiting method loadPod in class org.entando.kubernetes.controller.support.client.PodClient
Mar 29, 2021 9:46:55 AM okhttp3.mockwebserver.MockWebServer$3 processOneRequest
INFO: MockWebServer[40188] received request: GET /api/v1/namespaces/entando-k8s-composite-app-controller-carcms31/pods?fieldSelector=metadata.name%3Dtest-keycloak-carcms31-deployer-2522&watch=**** HTTP/1.1 and responded: HTTP/1.1 200 OK
Mar 29, 2021 9:46:55 AM okhttp3.mockwebserver.MockWebServer$3 processOneRequest
INFO: MockWebServer[40188] received request: GET /api/v1/namespaces/entando-k8s-composite-app-controller-carcms31/pods/test-keycloak-carcms31-deployer-2522 HTTP/1.1 and responded: HTTP/1.1 200 OK
Mar 29, 2021 9:46:55 AM io.fabric8.kubernetes.client.dsl.internal.WatchHTTPManager$1 onResponse
INFO: Watch terminated unexpectedly. reason: \n not found: limit=2450 content=7b2261706956657273696f6e223a227631222c226b696e64223a224c69737422â€¦
Mar 29, 2021 9:46:55 AM okhttp3.mockwebserver.MockWebServer$3 processOneRequest
INFO: MockWebServer[40188] received request: PATCH /api/v1/namespaces/entando-k8s-composite-app-controller-carcms31/pods/test-keycloak-carcms31-deployer-2522 HTTP/1.1 and responded: HTTP/1.1 202 OK
Mar 29, 2021 9:46:55 AM org.entando.kubernetes.client.KubernetesRestInterceptor invoke
INFO: Entering method getPodWatcherQueue in class org.entando.kubernetes.controller.support.client.PodWaitingClient
Mar 29, 2021 9:46:55 AM org.entando.kubernetes.client.KubernetesRestInterceptor invoke
INFO: Exiting method getPodWatcherQueue in class org.entando.kubernetes.controller.support.client.PodWaitingClient
Mar 29, 2021 9:46:56 AM org.entando.kubernetes.client.KubernetesRestInterceptor invoke
INFO: Exiting method runToCompletion in class org.entando.kubernetes.controller.support.client.PodClient
Mar 29, 2021 9:46:56 AM org.entando.kubernetes.client.KubernetesRestInterceptor invoke
INFO: Entering method updateStatus in class org.entando.kubernetes.controller.support.client.EntandoResourceClient with EntandoCompositeApp: entando-k8s-composite-app-controller-carcms31/my-app-carcms31
Mar 29, 2021 9:46:56 AM okhttp3.mockwebserver.MockWebServer$3 processOneRequest
INFO: MockWebServer[40188] received request: GET /api/v1/namespaces/entando-k8s-composite-app-controller-carcms31/pods?fieldSelector=metadata.name%3Dtest-keycloak-carcms31-deployer-2522&watch=**** HTTP/1.1 and responded: HTTP/1.1 200 OK
Mar 29, 2021 9:46:56 AM io.fabric8.kubernetes.client.dsl.internal.WatchHTTPManager$1 onResponse
INFO: Watch terminated unexpectedly. reason: \n not found: limit=2634 content=7b2261706956657273696f6e223a227631222c226b696e64223a224c69737422â€¦
Mar 29, 2021 9:46:56 AM io.fabric8.kubernetes.client.dsl.internal.WatchHTTPManager scheduleReconnect
WARN: Ignoring error for already closed/closing connection
Mar 29, 2021 9:46:56 AM okhttp3.mockwebserver.MockWebServer$3 processOneRequest
INFO: MockWebServer[40188] received request: POST /api/v1/namespaces/entando-k8s-composite-app-controller-carcms31/events HTTP/1.1 and responded: HTTP/1.1 202 OK
Mar 29, 2021 9:46:56 AM okhttp3.mockwebserver.MockWebServer$3 processOneRequest
INFO: MockWebServer[40188] received request: GET /apis/entando.org/v1/namespaces/entando-k8s-composite-app-controller-carcms31/entandocompositeapps/my-app-carcms31 HTTP/1.1 and responded: HTTP/1.1 200 OK
Mar 29, 2021 9:46:57 AM okhttp3.mockwebserver.MockWebServer$3 processOneRequest
INFO: MockWebServer[40188] received request: PUT /apis/entando.org/v1/namespaces/entando-k8s-composite-app-controller-carcms31/entandocompositeapps/my-app-carcms31/status HTTP/1.1 and responded: HTTP/1.1 202 OK
Mar 29, 2021 9:46:57 AM org.entando.kubernetes.client.KubernetesRestInterceptor invoke
INFO: Exiting method updateStatus in class org.entando.kubernetes.controller.support.client.EntandoResourceClient
Mar 29, 2021 9:46:57 AM org.entando.kubernetes.client.KubernetesRestInterceptor invoke
INFO: Entering method load in class org.entando.kubernetes.controller.support.client.EntandoResourceClient with class org.entando.kubernetes.model.plugin.EntandoPlugin,entando-k8s-composite-app-controller-carcms31,test-plugin-carcms31
Mar 29, 2021 9:46:57 AM okhttp3.mockwebserver.MockWebServer$3 processOneRequest
INFO: MockWebServer[40188] received request: GET /apis/entando.org/v1/namespaces/entando-k8s-composite-app-controller-carcms31/entandoplugins/test-plugin-carcms31 HTTP/1.1 and responded: HTTP/1.1 200 OK
Mar 29, 2021 9:46:57 AM org.entando.kubernetes.client.KubernetesRestInterceptor invoke
INFO: Exiting method load in class org.entando.kubernetes.controller.support.client.EntandoResourceClient
Mar 29, 2021 9:46:57 AM org.entando.kubernetes.client.KubernetesRestInterceptor invoke
INFO: Entering method createOrPatchEntandoResource in class org.entando.kubernetes.controller.support.client.EntandoResourceClient with EntandoPlugin: entando-k8s-composite-app-controller-carcms31/test-plugin-carcms31
Mar 29, 2021 9:46:57 AM okhttp3.mockwebserver.MockWebServer$3 processOneRequest
INFO: MockWebServer[40188] received request: GET /apis/entando.org/v1/namespaces/entando-k8s-composite-app-controller-carcms31/entandoplugins/test-plugin-carcms31 HTTP/1.1 and responded: HTTP/1.1 200 OK
Mar 29, 2021 9:46:57 AM okhttp3.mockwebserver.MockWebServer$3 processOneRequest
INFO: MockWebServer[40188] received request: GET /apis/entando.org/v1/namespaces/entando-k8s-composite-app-controller-carcms31/entandoplugins/test-plugin-carcms31 HTTP/1.1 and responded: HTTP/1.1 200 OK
Mar 29, 2021 9:46:57 AM okhttp3.mockwebserver.MockWebServer$3 processOneRequest
INFO: MockWebServer[40188] received request: PATCH /apis/entando.org/v1/namespaces/entando-k8s-composite-app-controller-carcms31/entandoplugins/test-plugin-carcms31 HTTP/1.1 and responded: HTTP/1.1 202 OK
Mar 29, 2021 9:46:57 AM org.entando.kubernetes.client.KubernetesRestInterceptor invoke
INFO: Exiting method createOrPatchEntandoResource in class org.entando.kubernetes.controller.support.client.EntandoResourceClient
Mar 29, 2021 9:46:57 AM org.entando.kubernetes.client.KubernetesRestInterceptor invoke
INFO: Entering method removeAndWait in class org.entando.kubernetes.controller.support.client.PodClient with entando-k8s-composite-app-controller-carcms31,{EntandoResourceNamespace=entando-k8s-composite-app-controller-carcms31, EntandoResourceKind=EntandoPlugin, EntandoPlugin=test-plugin-carcms31}
Mar 29, 2021 9:46:57 AM okhttp3.mockwebserver.MockWebServer$3 processOneRequest
INFO: MockWebServer[40188] received request: GET /api/v1/namespaces/entando-k8s-composite-app-controller-carcms31/pods?labelSelector=EntandoPlugin%3Dtest-plugin-carcms31%2CEntandoResourceNamespace%3Dentando-k8s-composite-app-controller-carcms31%2CEntandoResourceKind%3DEntandoPlugin HTTP/1.1 and responded: HTTP/1.1 200 OK
Mar 29, 2021 9:46:57 AM org.entando.kubernetes.client.KubernetesRestInterceptor invoke
INFO: Entering method getPodWatcherQueue in class org.entando.kubernetes.controller.support.client.PodWaitingClient
Mar 29, 2021 9:46:57 AM org.entando.kubernetes.client.KubernetesRestInterceptor invoke
INFO: Exiting method getPodWatcherQueue in class org.entando.kubernetes.controller.support.client.PodWaitingClient
Mar 29, 2021 9:46:57 AM okhttp3.mockwebserver.MockWebServer$3 processOneRequest
INFO: MockWebServer[40188] received request: GET /api/v1/namespaces/entando-k8s-composite-app-controller-carcms31/pods?labelSelector=EntandoPlugin%3Dtest-plugin-carcms31%2CEntandoResourceNamespace%3Dentando-k8s-composite-app-controller-carcms31%2CEntandoResourceKind%3DEntandoPlugin&watch=**** HTTP/1.1 and responded: HTTP/1.1 200 OK
Mar 29, 2021 9:46:57 AM okhttp3.mockwebserver.MockWebServer$3 processOneRequest
INFO: MockWebServer[40188] received request: GET /api/v1/namespaces/entando-k8s-composite-app-controller-carcms31/pods?labelSelector=EntandoPlugin%3Dtest-plugin-carcms31%2CEntandoResourceNamespace%3Dentando-k8s-composite-app-controller-carcms31%2CEntandoResourceKind%3DEntandoPlugin HTTP/1.1 and responded: HTTP/1.1 200 OK
Mar 29, 2021 9:46:57 AM okhttp3.mockwebserver.MockWebServer$3 processOneRequest
INFO: MockWebServer[40188] received request: GET /api/v1/namespaces/entando-k8s-composite-app-controller-carcms31/pods?labelSelector=EntandoPlugin%3Dtest-plugin-carcms31%2CEntandoResourceNamespace%3Dentando-k8s-composite-app-controller-carcms31%2CEntandoResourceKind%3DEntandoPlugin&watch=**** HTTP/1.1 and responded: HTTP/1.1 200 OK
Mar 29, 2021 9:46:57 AM io.fabric8.kubernetes.client.dsl.internal.WatchHTTPManager$1 onResponse
INFO: Watch terminated unexpectedly. reason: \n not found: limit=46 content=7b2261706956657273696f6e223a227631222c226b696e64223a224c69737422â€¦
Mar 29, 2021 9:46:57 AM okhttp3.mockwebserver.MockWebServer$3 processOneRequest
INFO: MockWebServer[40188] received request: GET /api/v1/namespaces/entando-k8s-composite-app-controller-carcms31/pods?labelSelector=EntandoPlugin%3Dtest-plugin-carcms31%2CEntandoResourceNamespace%3Dentando-k8s-composite-app-controller-carcms31%2CEntandoResourceKind%3DEntandoPlugin HTTP/1.1 and responded: HTTP/1.1 200 OK
Mar 29, 2021 9:46:58 AM org.entando.kubernetes.client.KubernetesRestInterceptor invoke
INFO: Exiting method removeAndWait in class org.entando.kubernetes.controller.support.client.PodClient
Mar 29, 2021 9:46:58 AM org.entando.kubernetes.client.KubernetesRestInterceptor invoke
INFO: Entering method runToCompletion in class org.entando.kubernetes.controller.support.client.PodClient with Pod: entando-k8s-composite-app-controller-carcms31/test-plugin-carcms31-deployer-9015
Mar 29, 2021 9:46:58 AM okhttp3.mockwebserver.MockWebServer$3 processOneRequest
INFO: MockWebServer[40188] received request: GET /api/v1/namespaces/entando-k8s-composite-app-controller-carcms31/pods?labelSelector=EntandoPlugin%3Dtest-plugin-carcms31%2CEntandoResourceNamespace%3Dentando-k8s-composite-app-controller-carcms31%2CEntandoResourceKind%3DEntandoPlugin&watch=**** HTTP/1.1 and responded: HTTP/1.1 200 OK
Mar 29, 2021 9:46:58 AM io.fabric8.kubernetes.client.dsl.internal.WatchHTTPManager$1 onResponse
INFO: Watch terminated unexpectedly. reason: \n not found: limit=46 content=7b2261706956657273696f6e223a227631222c226b696e64223a224c69737422â€¦
Mar 29, 2021 9:46:58 AM io.fabric8.kubernetes.client.dsl.internal.WatchHTTPManager scheduleReconnect
WARN: Ignoring error for already closed/closing connection
Mar 29, 2021 9:46:58 AM okhttp3.mockwebserver.MockWebServer$3 processOneRequest
INFO: MockWebServer[40188] received request: POST /api/v1/namespaces/entando-k8s-composite-app-controller-carcms31/pods HTTP/1.1 and responded: HTTP/1.1 202 OK
Mar 29, 2021 9:46:58 AM org.entando.kubernetes.client.KubernetesRestInterceptor invoke
INFO: Entering method loadPod in class org.entando.kubernetes.controller.support.client.PodClient with entando-k8s-composite-app-controller-carcms31,[Ljava.lang.String;@58a2b178
Mar 29, 2021 9:46:58 AM okhttp3.mockwebserver.MockWebServer$3 processOneRequest
INFO: MockWebServer[40188] received request: GET /api/v1/namespaces/entando-k8s-composite-app-controller-carcms31/pods?fieldSelector=metadata.name%3Dtest-plugin-carcms31-deployer-9015&watch=**** HTTP/1.1 and responded: HTTP/1.1 200 OK
Mar 29, 2021 9:46:58 AM okhttp3.mockwebserver.MockWebServer$3 processOneRequest
INFO: MockWebServer[40188] received request: GET /api/v1/namespaces/entando-k8s-composite-app-controller-carcms31/pods?labelSelector=EntandoPlugin%3Dtest-plugin-carcms31 HTTP/1.1 and responded: HTTP/1.1 200 OK
Mar 29, 2021 9:46:58 AM org.entando.kubernetes.client.KubernetesRestInterceptor invoke
INFO: Exiting method loadPod in class org.entando.kubernetes.controller.support.client.PodClient
Mar 29, 2021 9:46:58 AM okhttp3.mockwebserver.MockWebServer$3 processOneRequest
INFO: MockWebServer[40188] received request: GET /api/v1/namespaces/entando-k8s-composite-app-controller-carcms31/pods?fieldSelector=metadata.name%3Dtest-plugin-carcms31-deployer-9015&watch=**** HTTP/1.1 and responded: HTTP/1.1 200 OK
Mar 29, 2021 9:46:58 AM okhttp3.mockwebserver.MockWebServer$3 processOneRequest
INFO: MockWebServer[40188] received request: GET /api/v1/namespaces/entando-k8s-composite-app-controller-carcms31/pods/test-plugin-carcms31-deployer-9015 HTTP/1.1 and responded: HTTP/1.1 200 OK
Mar 29, 2021 9:46:58 AM io.fabric8.kubernetes.client.dsl.internal.WatchHTTPManager$1 onResponse
INFO: Watch terminated unexpectedly. reason: \n not found: limit=5015 content=7b2261706956657273696f6e223a227631222c226b696e64223a224c69737422â€¦
Mar 29, 2021 9:46:59 AM okhttp3.mockwebserver.MockWebServer$3 processOneRequest
INFO: MockWebServer[40188] received request: PATCH /api/v1/namespaces/entando-k8s-composite-app-controller-carcms31/pods/test-plugin-carcms31-deployer-9015 HTTP/1.1 and responded: HTTP/1.1 202 OK
Mar 29, 2021 9:46:59 AM org.entando.kubernetes.client.KubernetesRestInterceptor invoke
INFO: Exiting method runToCompletion in class org.entando.kubernetes.controller.support.client.PodClient
Mar 29, 2021 9:46:59 AM org.entando.kubernetes.client.KubernetesRestInterceptor invoke
INFO: Entering method updateStatus in class org.entando.kubernetes.controller.support.client.EntandoResourceClient with EntandoCompositeApp: entando-k8s-composite-app-controller-carcms31/my-app-carcms31
Mar 29, 2021 9:46:59 AM okhttp3.mockwebserver.MockWebServer$3 processOneRequest
INFO: MockWebServer[40188] received request: POST /api/v1/namespaces/entando-k8s-composite-app-controller-carcms31/events HTTP/1.1 and responded: HTTP/1.1 202 OK
Mar 29, 2021 9:46:59 AM io.fabric8.kubernetes.client.dsl.internal.WatchHTTPManager$1 onResponse
INFO: Watch terminated unexpectedly. reason: \n not found: limit=5199 content=7b2261706956657273696f6e223a227631222c226b696e64223a224c69737422â€¦
Mar 29, 2021 9:46:59 AM io.fabric8.kubernetes.client.dsl.internal.WatchHTTPManager scheduleReconnect
WARN: Ignoring error for already closed/closing connection
Mar 29, 2021 9:46:59 AM okhttp3.mockwebserver.MockWebServer$3 processOneRequest
INFO: MockWebServer[40188] received request: GET /api/v1/namespaces/entando-k8s-composite-app-controller-carcms31/pods?fieldSelector=metadata.name%3Dtest-plugin-carcms31-deployer-9015&watch=**** HTTP/1.1 and responded: HTTP/1.1 200 OK
Mar 29, 2021 9:47:00 AM okhttp3.mockwebserver.MockWebServer$3 processOneRequest
INFO: MockWebServer[40188] received request: GET /apis/entando.org/v1/namespaces/entando-k8s-composite-app-controller-carcms31/entandocompositeapps/my-app-carcms31 HTTP/1.1 and responded: HTTP/1.1 200 OK
Mar 29, 2021 9:47:00 AM okhttp3.mockwebserver.MockWebServer$3 processOneRequest
INFO: MockWebServer[40188] received request: PUT /apis/entando.org/v1/namespaces/entando-k8s-composite-app-controller-carcms31/entandocompositeapps/my-app-carcms31/status HTTP/1.1 and responded: HTTP/1.1 202 OK
Mar 29, 2021 9:47:00 AM org.entando.kubernetes.client.KubernetesRestInterceptor invoke
INFO: Exiting method updateStatus in class org.entando.kubernetes.controller.support.client.EntandoResourceClient
Mar 29, 2021 9:47:00 AM org.entando.kubernetes.client.KubernetesRestInterceptor invoke
INFO: Entering method updatePhase in class org.entando.kubernetes.controller.support.client.EntandoResourceClient with EntandoCompositeApp: entando-k8s-composite-app-controller-carcms31/my-app-carcms31
Mar 29, 2021 9:47:00 AM okhttp3.mockwebserver.MockWebServer$3 processOneRequest
INFO: MockWebServer[40188] received request: POST /api/v1/namespaces/entando-k8s-composite-app-controller-carcms31/events HTTP/1.1 and responded: HTTP/1.1 202 OK
Mar 29, 2021 9:47:00 AM okhttp3.mockwebserver.MockWebServer$3 processOneRequest
INFO: MockWebServer[40188] received request: GET /apis/entando.org/v1/namespaces/entando-k8s-composite-app-controller-carcms31/entandocompositeapps/my-app-carcms31 HTTP/1.1 and responded: HTTP/1.1 200 OK
Mar 29, 2021 9:47:00 AM okhttp3.mockwebserver.MockWebServer$3 processOneRequest
INFO: MockWebServer[40188] received request: PUT /apis/entando.org/v1/namespaces/entando-k8s-composite-app-controller-carcms31/entandocompositeapps/my-app-carcms31/status HTTP/1.1 and responded: HTTP/1.1 202 OK
Mar 29, 2021 9:47:00 AM org.entando.kubernetes.client.KubernetesRestInterceptor invoke
INFO: Exiting method updatePhase in class org.entando.kubernetes.controller.support.client.EntandoResourceClient
Mar 29, 2021 9:47:00 AM okhttp3.mockwebserver.MockWebServer$3 processOneRequest
INFO: MockWebServer[40188] received request: GET /api/v1/namespaces/entando-k8s-composite-app-controller-carcms31/pods?labelSelector=EntandoResourceKind%3DEntandoKeycloakServer%2CEntandoKeycloakServer%3Dtest-keycloak-carcms31 HTTP/1.1 and responded: HTTP/1.1 200 OK
Mar 29, 2021 9:47:00 AM okhttp3.mockwebserver.MockWebServer$3 processOneRequest
INFO: MockWebServer[40188] received request: GET /api/v1/namespaces/entando-k8s-composite-app-controller-carcms31/pods?labelSelector=EntandoResourceKind%3DEntandoKeycloakServer%2CEntandoKeycloakServer%3Dtest-keycloak-carcms31 HTTP/1.1 and responded: HTTP/1.1 200 OK
Mar 29, 2021 9:47:00 AM okhttp3.mockwebserver.MockWebServer$3 processOneRequest
INFO: MockWebServer[40188] received request: GET /api/v1/namespaces/entando-k8s-composite-app-controller-carcms31 HTTP/1.1 and responded: HTTP/1.1 404 Client Error
Mar 29, 2021 9:47:00 AM okhttp3.mockwebserver.MockWebServer$3 processOneRequest
INFO: MockWebServer[40188] received request: GET /apis/entando.org/v1/namespaces/default/entandokeycloakservers HTTP/1.1 and responded: HTTP/1.1 200 OK
Mar 29, 2021 9:47:00 AM okhttp3.mockwebserver.MockWebServer$3 processOneRequest
INFO: MockWebServer[40188] received request: GET /api/v1/namespaces/entando-k8s-composite-app-controller-carcms31 HTTP/1.1 and responded: HTTP/1.1 404 Client Error
Mar 29, 2021 9:47:00 AM okhttp3.mockwebserver.MockWebServer$3 processOneRequest
INFO: MockWebServer[40188] received request: GET /apis/entando.org/v1/namespaces/default/entandokeycloakservers HTTP/1.1 and responded: HTTP/1.1 200 OK
Mar 29, 2021 9:47:01 AM okhttp3.mockwebserver.MockWebServer$3 processOneRequest
INFO: MockWebServer[40188] received request: GET /apis/entando.org/v1/namespaces/entando-k8s-composite-app-controller-carcms31/entandokeycloakservers/test-keycloak-carcms31 HTTP/1.1 and responded: HTTP/1.1 200 OK
Mar 29, 2021 9:47:01 AM okhttp3.mockwebserver.MockWebServer$3 processOneRequest
INFO: MockWebServer[40188] received request: GET /api/v1/namespaces/entando-k8s-composite-app-controller-carcms31 HTTP/1.1 and responded: HTTP/1.1 404 Client Error
Mar 29, 2021 9:47:01 AM okhttp3.mockwebserver.MockWebServer$3 processOneRequest
INFO: MockWebServer[40188] received request: GET /apis/entando.org/v1/namespaces/default/entandocompositeapps HTTP/1.1 and responded: HTTP/1.1 200 OK
Mar 29, 2021 9:47:01 AM okhttp3.mockwebserver.MockWebServer$3 processOneRequest
INFO: MockWebServer[40188] received request: GET /api/v1/namespaces/entando-k8s-composite-app-controller-carcms31 HTTP/1.1 and responded: HTTP/1.1 404 Client Error
Mar 29, 2021 9:47:01 AM okhttp3.mockwebserver.MockWebServer$3 processOneRequest
INFO: MockWebServer[40188] received request: GET /apis/entando.org/v1/namespaces/default/entandocompositeapps HTTP/1.1 and responded: HTTP/1.1 200 OK
Mar 29, 2021 9:47:01 AM okhttp3.mockwebserver.MockWebServer$3 processOneRequest
INFO: MockWebServer[40188] received request: GET /apis/entando.org/v1/namespaces/entando-k8s-composite-app-controller-carcms31/entandocompositeapps/my-app-carcms31 HTTP/1.1 and responded: HTTP/1.1 200 OK
Mar 29, 2021 9:47:01 AM okhttp3.mockwebserver.MockWebServer$3 processOneRequest
INFO: MockWebServer[40188] received request: GET /api/v1/namespaces/entando-k8s-composite-app-controller-carcms31/pods?labelSelector=EntandoPlugin%3Dtest-plugin-carcms31%2CEntandoResourceKind%3DEntandoPlugin HTTP/1.1 and responded: HTTP/1.1 200 OK
Mar 29, 2021 9:47:01 AM okhttp3.mockwebserver.MockWebServer$3 processOneRequest
INFO: MockWebServer[40188] received request: GET /api/v1/namespaces/entando-k8s-composite-app-controller-carcms31/pods?labelSelector=EntandoPlugin%3Dtest-plugin-carcms31%2CEntandoResourceKind%3DEntandoPlugin HTTP/1.1 and responded: HTTP/1.1 200 OK
Mar 29, 2021 9:47:01 AM okhttp3.mockwebserver.MockWebServer$3 processOneRequest
INFO: MockWebServer[40188] received request: GET /api/v1/namespaces/entando-k8s-composite-app-controller-carcms31 HTTP/1.1 and responded: HTTP/1.1 404 Client Error
Mar 29, 2021 9:47:01 AM okhttp3.mockwebserver.MockWebServer$3 processOneRequest
INFO: MockWebServer[40188] received request: GET /apis/entando.org/v1/namespaces/default/entandoplugins HTTP/1.1 and responded: HTTP/1.1 200 OK
Mar 29, 2021 9:47:02 AM okhttp3.mockwebserver.MockWebServer$3 processOneRequest
INFO: MockWebServer[40188] received request: GET /api/v1/namespaces/entando-k8s-composite-app-controller-carcms31 HTTP/1.1 and responded: HTTP/1.1 404 Client Error
Mar 29, 2021 9:47:02 AM okhttp3.mockwebserver.MockWebServer$3 processOneRequest
INFO: MockWebServer[40188] received request: GET /apis/entando.org/v1/namespaces/default/entandoplugins HTTP/1.1 and responded: HTTP/1.1 200 OK
Mar 29, 2021 9:47:02 AM okhttp3.mockwebserver.MockWebServer$3 processOneRequest
INFO: MockWebServer[40188] received request: GET /apis/entando.org/v1/namespaces/entando-k8s-composite-app-controller-carcms31/entandoplugins/test-plugin-carcms31 HTTP/1.1 and responded: HTTP/1.1 200 OK
Mar 29, 2021 9:47:02 AM okhttp3.mockwebserver.MockWebServer$3 processOneRequest
INFO: MockWebServer[40188] received request: GET /apis/entando.org/v1/namespaces/entando-k8s-composite-app-controller-carcms31/entandocompositeapps/my-app-carcms31 HTTP/1.1 and responded: HTTP/1.1 200 OK
Mar 29, 2021 9:47:02 AM okhttp3.mockwebserver.MockWebServer$3 processOneRequest
INFO: MockWebServer[40188] received request: GET /apis/entando.org/v1/namespaces/entando-k8s-composite-app-controller-carcms31/entandocompositeapps/my-app-carcms31 HTTP/1.1 and responded: HTTP/1.1 200 OK
Mar 29, 2021 9:47:02 AM org.entando.kubernetes.client.KubernetesRestInterceptor invoke
INFO: Entering method getPodWatcherQueue in class org.entando.kubernetes.controller.support.client.PodWaitingClient
Mar 29, 2021 9:47:02 AM org.entando.kubernetes.client.KubernetesRestInterceptor invoke
INFO: Exiting method getPodWatcherQueue in class org.entando.kubernetes.controller.support.client.PodWaitingClient
Mar 29, 2021 9:47:02 AM okhttp3.mockwebserver.MockWebServer$2 acceptConnections
INFO: MockWebServer[40188] done accepting connections: Socket closed
Mar 29, 2021 9:47:02 AM okhttp3.mockwebserver.MockWebServer$2 e**cute
INFO: MockWebServer[58265] starting to accept connections
Mar 29, 2021 9:47:02 AM okhttp3.mockwebserver.MockWebServer$3 processOneRequest
INFO: MockWebServer[58265] received request: GET /api/v1/namespaces/entando HTTP/1.1 and responded: HTTP/1.1 404 Client Error
Mar 29, 2021 9:47:02 AM okhttp3.mockwebserver.MockWebServer$3 processOneRequest
INFO: MockWebServer[58265] received request: POST /api/v1/namespaces HTTP/1.1 and responded: HTTP/1.1 202 OK
Mar 29, 2021 9:47:02 AM org.entando.kubernetes.client.KubernetesRestInterceptor invoke
INFO: Entering method loadDockerImageInfoConfigMap in class org.entando.kubernetes.controller.support.client.EntandoResourceClient
Mar 29, 2021 9:47:02 AM okhttp3.mockwebserver.MockWebServer$3 processOneRequest
INFO: MockWebServer[58265] received request: GET /api/v1/namespaces/entando/configmaps/entando-docker-image-info-v6.3 HTTP/1.1 and responded: HTTP/1.1 404 Client Error
Mar 29, 2021 9:47:02 AM org.entando.kubernetes.client.KubernetesRestInterceptor invoke
INFO: Exiting method loadDockerImageInfoConfigMap in class org.entando.kubernetes.controller.support.client.EntandoResourceClient
Mar 29, 2021 9:47:02 AM okhttp3.mockwebserver.MockWebServer$3 processOneRequest
INFO: MockWebServer[58265] received request: GET /api/v1/namespaces/entando/configmaps/entando-docker-image-info-v6.3 HTTP/1.1 and responded: HTTP/1.1 404 Client Error
Mar 29, 2021 9:47:03 AM okhttp3.mockwebserver.MockWebServer$3 processOneRequest
INFO: MockWebServer[58265] received request: POST /api/v1/namespaces/entando/configmaps HTTP/1.1 and responded: HTTP/1.1 202 OK
Mar 29, 2021 9:47:03 AM okhttp3.mockwebserver.MockWebServer$3 processOneRequest
INFO: MockWebServer[58265] received request: GET /api/v1/namespaces/entando/configmaps/entando-docker-image-info-v6.3 HTTP/1.1 and responded: HTTP/1.1 200 OK
Mar 29, 2021 9:47:03 AM okhttp3.mockwebserver.MockWebServer$3 processOneRequest
INFO: MockWebServer[58265] received request: GET /api/v1/namespaces/entando/configmaps/entando-docker-image-info-v6.3 HTTP/1.1 and responded: HTTP/1.1 200 OK
Mar 29, 2021 9:47:03 AM okhttp3.mockwebserver.MockWebServer$3 processOneRequest
INFO: MockWebServer[58265] received request: GET /api/v1/namespaces/entando/configmaps/entando-docker-image-info-v6.3 HTTP/1.1 and responded: HTTP/1.1 200 OK
Mar 29, 2021 9:47:03 AM okhttp3.mockwebserver.MockWebServer$3 processOneRequest
INFO: MockWebServer[58265] received request: PATCH /api/v1/namespaces/entando/configmaps/entando-docker-image-info-v6.3 HTTP/1.1 and responded: HTTP/1.1 202 OK
Mar 29, 2021 9:47:03 AM org.entando.kubernetes.client.KubernetesRestInterceptor invoke
INFO: Entering method createOrPatchEntandoResource in class org.entando.kubernetes.controller.support.client.EntandoResourceClient with EntandoPlugin: entando-k8s-composite-app-controller-carcms31/test-plugin-carcms31
Mar 29, 2021 9:47:03 AM okhttp3.mockwebserver.MockWebServer$3 processOneRequest
INFO: MockWebServer[58265] received request: GET /api/v1/namespaces/entando-k8s-composite-app-controller-carcms31 HTTP/1.1 and responded: HTTP/1.1 404 Client Error
Mar 29, 2021 9:47:03 AM okhttp3.mockwebserver.MockWebServer$3 processOneRequest
INFO: MockWebServer[58265] received request: GET /apis/entando.org/v1/namespaces/default/entandoplugins HTTP/1.1 and responded: HTTP/1.1 200 OK
Mar 29, 2021 9:47:03 AM okhttp3.mockwebserver.MockWebServer$3 processOneRequest
INFO: MockWebServer[58265] received request: GET /api/v1/namespaces/entando-k8s-composite-app-controller-carcms31 HTTP/1.1 and responded: HTTP/1.1 404 Client Error
Mar 29, 2021 9:47:03 AM okhttp3.mockwebserver.MockWebServer$3 processOneRequest
INFO: MockWebServer[58265] received request: GET /apis/entando.org/v1/namespaces/default/entandoplugins HTTP/1.1 and responded: HTTP/1.1 200 OK
Mar 29, 2021 9:47:03 AM okhttp3.mockwebserver.MockWebServer$3 processOneRequest
INFO: MockWebServer[58265] received request: GET /apis/entando.org/v1/namespaces/entando-k8s-composite-app-controller-carcms31/entandoplugins/test-plugin-carcms31 HTTP/1.1 and responded: HTTP/1.1 404 Client Error
Mar 29, 2021 9:47:03 AM okhttp3.mockwebserver.MockWebServer$3 processOneRequest
INFO: MockWebServer[58265] received request: POST /apis/entando.org/v1/namespaces/entando-k8s-composite-app-controller-carcms31/entandoplugins HTTP/1.1 and responded: HTTP/1.1 202 OK
Mar 29, 2021 9:47:03 AM org.entando.kubernetes.client.KubernetesRestInterceptor invoke
INFO: Exiting method createOrPatchEntandoResource in class org.entando.kubernetes.controller.support.client.EntandoResourceClient
Mar 29, 2021 9:47:03 AM okhttp3.mockwebserver.MockWebServer$3 processOneRequest
INFO: MockWebServer[58265] received request: GET /api/v1/namespaces/entando-k8s-composite-app-controller-carcms31 HTTP/1.1 and responded: HTTP/1.1 404 Client Error
Mar 29, 2021 9:47:04 AM okhttp3.mockwebserver.MockWebServer$3 processOneRequest
INFO: MockWebServer[58265] received request: GET /apis/entando.org/v1/namespaces/default/entandocompositeapps HTTP/1.1 and responded: HTTP/1.1 200 OK
Mar 29, 2021 9:47:04 AM okhttp3.mockwebserver.MockWebServer$3 processOneRequest
INFO: MockWebServer[58265] received request: GET /api/v1/namespaces/entando-k8s-composite-app-controller-carcms31 HTTP/1.1 and responded: HTTP/1.1 404 Client Error
Mar 29, 2021 9:47:04 AM okhttp3.mockwebserver.MockWebServer$3 processOneRequest
INFO: MockWebServer[58265] received request: GET /apis/entando.org/v1/namespaces/default/entandocompositeapps HTTP/1.1 and responded: HTTP/1.1 200 OK
Mar 29, 2021 9:47:04 AM okhttp3.mockwebserver.MockWebServer$3 processOneRequest
INFO: MockWebServer[58265] received request: POST /apis/entando.org/v1/namespaces/entando-k8s-composite-app-controller-carcms31/entandocompositeapps HTTP/1.1 and responded: HTTP/1.1 202 OK
Mar 29, 2021 9:47:04 AM org.entando.kubernetes.client.KubernetesRestInterceptor invoke
INFO: Entering method loadOperatorConfig in class org.entando.kubernetes.controller.support.client.EntandoResourceClient
Mar 29, 2021 9:47:04 AM okhttp3.mockwebserver.MockWebServer$3 processOneRequest
INFO: MockWebServer[58265] received request: GET /api/v1/namespaces/entando-k8s-composite-app-controller-carcms31/configmaps/entando-operator-config HTTP/1.1 and responded: HTTP/1.1 404 Client Error
Mar 29, 2021 9:47:04 AM org.entando.kubernetes.client.KubernetesRestInterceptor invoke
INFO: Exiting method loadOperatorConfig in class org.entando.kubernetes.controller.support.client.EntandoResourceClient
Mar 29, 2021 9:47:04 AM org.entando.kubernetes.client.KubernetesRestInterceptor invoke
INFO: Entering method load in class org.entando.kubernetes.controller.support.client.EntandoResourceClient with class org.entando.kubernetes.model.compositeapp.EntandoCompositeApp,entando-k8s-composite-app-controller-carcms31,my-app-carcms31
Mar 29, 2021 9:47:04 AM org.entando.kubernetes.client.KubernetesRestInterceptor invoke
INFO: Entering method getPodWatcherQueue in class org.entando.kubernetes.controller.support.client.PodWaitingClient
Mar 29, 2021 9:47:04 AM org.entando.kubernetes.client.KubernetesRestInterceptor invoke
INFO: Exiting method getPodWatcherQueue in class org.entando.kubernetes.controller.support.client.PodWaitingClient
Mar 29, 2021 9:47:04 AM okhttp3.mockwebserver.MockWebServer$3 processOneRequest
INFO: MockWebServer[58265] received request: GET /api/v1/namespaces/entando-k8s-composite-app-controller-carcms31 HTTP/1.1 and responded: HTTP/1.1 404 Client Error
Mar 29, 2021 9:47:04 AM okhttp3.mockwebserver.MockWebServer$3 processOneRequest
INFO: MockWebServer[58265] received request: GET /apis/entando.org/v1/namespaces/default/entandocompositeapps HTTP/1.1 and responded: HTTP/1.1 200 OK
Mar 29, 2021 9:47:04 AM okhttp3.mockwebserver.MockWebServer$3 processOneRequest
INFO: MockWebServer[58265] received request: GET /api/v1/namespaces/entando-k8s-composite-app-controller-carcms31 HTTP/1.1 and responded: HTTP/1.1 404 Client Error
Mar 29, 2021 9:47:04 AM okhttp3.mockwebserver.MockWebServer$3 processOneRequest
INFO: MockWebServer[58265] received request: GET /apis/entando.org/v1/namespaces/default/entandocompositeapps HTTP/1.1 and responded: HTTP/1.1 200 OK
Mar 29, 2021 9:47:04 AM okhttp3.mockwebserver.MockWebServer$3 processOneRequest
INFO: MockWebServer[58265] received request: GET /apis/entando.org/v1/namespaces/entando-k8s-composite-app-controller-carcms31/entandocompositeapps/my-app-carcms31 HTTP/1.1 and responded: HTTP/1.1 200 OK
Mar 29, 2021 9:47:04 AM org.entando.kubernetes.client.KubernetesRestInterceptor invoke
INFO: Exiting method load in class org.entando.kubernetes.controller.support.client.EntandoResourceClient
Mar 29, 2021 9:47:04 AM org.entando.kubernetes.client.KubernetesRestInterceptor invoke
INFO: Entering method updatePhase in class org.entando.kubernetes.controller.support.client.EntandoResourceClient with EntandoCompositeApp: entando-k8s-composite-app-controller-carcms31/my-app-carcms31
Mar 29, 2021 9:47:04 AM okhttp3.mockwebserver.MockWebServer$3 processOneRequest
INFO: MockWebServer[58265] received request: POST /api/v1/namespaces/entando-k8s-composite-app-controller-carcms31/events HTTP/1.1 and responded: HTTP/1.1 202 OK
Mar 29, 2021 9:47:04 AM okhttp3.mockwebserver.MockWebServer$3 processOneRequest
INFO: MockWebServer[58265] received request: GET /apis/entando.org/v1/namespaces/entando-k8s-composite-app-controller-carcms31/entandocompositeapps/my-app-carcms31 HTTP/1.1 and responded: HTTP/1.1 200 OK
Mar 29, 2021 9:47:05 AM okhttp3.mockwebserver.MockWebServer$3 processOneRequest
INFO: MockWebServer[58265] received request: PUT /apis/entando.org/v1/namespaces/entando-k8s-composite-app-controller-carcms31/entandocompositeapps/my-app-carcms31/status HTTP/1.1 and responded: HTTP/1.1 202 OK
Mar 29, 2021 9:47:05 AM org.entando.kubernetes.client.KubernetesRestInterceptor invoke
INFO: Exiting method updatePhase in class org.entando.kubernetes.controller.support.client.EntandoResourceClient
Mar 29, 2021 9:47:05 AM org.entando.kubernetes.client.KubernetesRestInterceptor invoke
INFO: Entering method loadDockerImageInfoConfigMap in class org.entando.kubernetes.controller.support.client.EntandoResourceClient
Mar 29, 2021 9:47:05 AM okhttp3.mockwebserver.MockWebServer$3 processOneRequest
INFO: MockWebServer[58265] received request: GET /api/v1/namespaces/entando/configmaps/entando-docker-image-info-v6.3 HTTP/1.1 and responded: HTTP/1.1 200 OK
Mar 29, 2021 9:47:05 AM org.entando.kubernetes.client.KubernetesRestInterceptor invoke
INFO: Exiting method loadDockerImageInfoConfigMap in class org.entando.kubernetes.controller.support.client.EntandoResourceClient
Mar 29, 2021 9:47:05 AM org.entando.kubernetes.client.KubernetesRestInterceptor invoke
INFO: Entering method createOrPatchEntandoResource in class org.entando.kubernetes.controller.support.client.EntandoResourceClient with EntandoKeycloakServer: entando-k8s-composite-app-controller-carcms31/test-keycloak-carcms31
Mar 29, 2021 9:47:05 AM okhttp3.mockwebserver.MockWebServer$3 processOneRequest
INFO: MockWebServer[58265] received request: GET /api/v1/namespaces/entando-k8s-composite-app-controller-carcms31 HTTP/1.1 and responded: HTTP/1.1 404 Client Error
Mar 29, 2021 9:47:05 AM okhttp3.mockwebserver.MockWebServer$3 processOneRequest
INFO: MockWebServer[58265] received request: GET /apis/entando.org/v1/namespaces/default/entandokeycloakservers HTTP/1.1 and responded: HTTP/1.1 200 OK
Mar 29, 2021 9:47:05 AM okhttp3.mockwebserver.MockWebServer$3 processOneRequest
INFO: MockWebServer[58265] received request: GET /api/v1/namespaces/entando-k8s-composite-app-controller-carcms31 HTTP/1.1 and responded: HTTP/1.1 404 Client Error
Mar 29, 2021 9:47:05 AM okhttp3.mockwebserver.MockWebServer$3 processOneRequest
INFO: MockWebServer[58265] received request: GET /apis/entando.org/v1/namespaces/default/entandokeycloakservers HTTP/1.1 and responded: HTTP/1.1 200 OK
Mar 29, 2021 9:47:05 AM okhttp3.mockwebserver.MockWebServer$3 processOneRequest
INFO: MockWebServer[58265] received request: GET /apis/entando.org/v1/namespaces/entando-k8s-composite-app-controller-carcms31/entandokeycloakservers/test-keycloak-carcms31 HTTP/1.1 and responded: HTTP/1.1 404 Client Error
Mar 29, 2021 9:47:05 AM okhttp3.mockwebserver.MockWebServer$3 processOneRequest
INFO: MockWebServer[58265] received request: POST /apis/entando.org/v1/namespaces/entando-k8s-composite-app-controller-carcms31/entandokeycloakservers HTTP/1.1 and responded: HTTP/1.1 202 OK
Mar 29, 2021 9:47:05 AM org.entando.kubernetes.client.KubernetesRestInterceptor invoke
INFO: Exiting method createOrPatchEntandoResource in class org.entando.kubernetes.controller.support.client.EntandoResourceClient
Mar 29, 2021 9:47:05 AM org.entando.kubernetes.client.KubernetesRestInterceptor invoke
INFO: Entering method removeAndWait in class org.entando.kubernetes.controller.support.client.PodClient with entando-k8s-composite-app-controller-carcms31,{EntandoResourceNamespace=entando-k8s-composite-app-controller-carcms31, EntandoResourceKind=EntandoKeycloakServer, EntandoKeycloakServer=test-keycloak-carcms31}
Mar 29, 2021 9:47:05 AM okhttp3.mockwebserver.MockWebServer$3 processOneRequest
INFO: MockWebServer[58265] received request: GET /api/v1/namespaces/entando-k8s-composite-app-controller-carcms31/pods?labelSelector=EntandoResourceNamespace%3Dentando-k8s-composite-app-controller-carcms31%2CEntandoResourceKind%3DEntandoKeycloakServer%2CEntandoKeycloakServer%3Dtest-keycloak-carcms31 HTTP/1.1 and responded: HTTP/1.1 200 OK
Mar 29, 2021 9:47:05 AM org.entando.kubernetes.client.KubernetesRestInterceptor invoke
INFO: Entering method getPodWatcherQueue in class org.entando.kubernetes.controller.support.client.PodWaitingClient
Mar 29, 2021 9:47:05 AM org.entando.kubernetes.client.KubernetesRestInterceptor invoke
INFO: Exiting method getPodWatcherQueue in class org.entando.kubernetes.controller.support.client.PodWaitingClient
Mar 29, 2021 9:47:05 AM okhttp3.mockwebserver.MockWebServer$3 processOneRequest
INFO: MockWebServer[58265] received request: GET /api/v1/namespaces/entando-k8s-composite-app-controller-carcms31/pods?labelSelector=EntandoResourceNamespace%3Dentando-k8s-composite-app-controller-carcms31%2CEntandoResourceKind%3DEntandoKeycloakServer%2CEntandoKeycloakServer%3Dtest-keycloak-carcms31&watch=**** HTTP/1.1 and responded: HTTP/1.1 200 OK
Mar 29, 2021 9:47:05 AM okhttp3.mockwebserver.MockWebServer$3 processOneRequest
INFO: MockWebServer[58265] received request: GET /api/v1/namespaces/entando-k8s-composite-app-controller-carcms31/pods?labelSelector=EntandoResourceNamespace%3Dentando-k8s-composite-app-controller-carcms31%2CEntandoResourceKind%3DEntandoKeycloakServer%2CEntandoKeycloakServer%3Dtest-keycloak-carcms31 HTTP/1.1 and responded: HTTP/1.1 200 OK
Mar 29, 2021 9:47:05 AM okhttp3.mockwebserver.MockWebServer$3 processOneRequest
INFO: MockWebServer[58265] received request: GET /api/v1/namespaces/entando-k8s-composite-app-controller-carcms31/pods?labelSelector=EntandoResourceNamespace%3Dentando-k8s-composite-app-controller-carcms31%2CEntandoResourceKind%3DEntandoKeycloakServer%2CEntandoKeycloakServer%3Dtest-keycloak-carcms31&watch=**** HTTP/1.1 and responded: HTTP/1.1 200 OK
Mar 29, 2021 9:47:05 AM io.fabric8.kubernetes.client.dsl.internal.WatchHTTPManager$1 onResponse
INFO: Watch terminated unexpectedly. reason: \n not found: limit=46 content=7b2261706956657273696f6e223a227631222c226b696e64223a224c69737422â€¦
Mar 29, 2021 9:47:05 AM okhttp3.mockwebserver.MockWebServer$3 processOneRequest
INFO: MockWebServer[58265] received request: GET /api/v1/namespaces/entando-k8s-composite-app-controller-carcms31/pods?labelSelector=EntandoResourceNamespace%3Dentando-k8s-composite-app-controller-carcms31%2CEntandoResourceKind%3DEntandoKeycloakServer%2CEntandoKeycloakServer%3Dtest-keycloak-carcms31 HTTP/1.1 and responded: HTTP/1.1 200 OK
Mar 29, 2021 9:47:06 AM org.entando.kubernetes.client.KubernetesRestInterceptor invoke
INFO: Exiting method removeAndWait in class org.entando.kubernetes.controller.support.client.PodClient
Mar 29, 2021 9:47:06 AM org.entando.kubernetes.client.KubernetesRestInterceptor invoke
INFO: Entering method runToCompletion in class org.entando.kubernetes.controller.support.client.PodClient with Pod: entando-k8s-composite-app-controller-carcms31/test-keycloak-carcms31-deployer-2163
Mar 29, 2021 9:47:06 AM okhttp3.mockwebserver.MockWebServer$3 processOneRequest
INFO: MockWebServer[58265] received request: GET /api/v1/namespaces/entando-k8s-composite-app-controller-carcms31/pods?labelSelector=EntandoResourceNamespace%3Dentando-k8s-composite-app-controller-carcms31%2CEntandoResourceKind%3DEntandoKeycloakServer%2CEntandoKeycloakServer%3Dtest-keycloak-carcms31&watch=**** HTTP/1.1 and responded: HTTP/1.1 200 OK
Mar 29, 2021 9:47:06 AM io.fabric8.kubernetes.client.dsl.internal.WatchHTTPManager$1 onResponse
INFO: Watch terminated unexpectedly. reason: \n not found: limit=46 content=7b2261706956657273696f6e223a227631222c226b696e64223a224c69737422â€¦
Mar 29, 2021 9:47:06 AM io.fabric8.kubernetes.client.dsl.internal.WatchHTTPManager scheduleReconnect
WARN: Ignoring error for already closed/closing connection
Mar 29, 2021 9:47:07 AM okhttp3.mockwebserver.MockWebServer$3 processOneRequest
INFO: MockWebServer[58265] received request: POST /api/v1/namespaces/entando-k8s-composite-app-controller-carcms31/pods HTTP/1.1 and responded: HTTP/1.1 202 OK
Mar 29, 2021 9:47:07 AM org.entando.kubernetes.client.KubernetesRestInterceptor invoke
INFO: Entering method loadPod in class org.entando.kubernetes.controller.support.client.PodClient with entando-k8s-composite-app-controller-carcms31,[Ljava.lang.String;@2d03c240
Mar 29, 2021 9:47:07 AM okhttp3.mockwebserver.MockWebServer$3 processOneRequest
INFO: MockWebServer[58265] received request: GET /api/v1/namespaces/entando-k8s-composite-app-controller-carcms31/pods?labelSelector=EntandoKeycloakServer%3Dtest-keycloak-carcms31 HTTP/1.1 and responded: HTTP/1.1 200 OK
Mar 29, 2021 9:47:07 AM okhttp3.mockwebserver.MockWebServer$3 processOneRequest
INFO: MockWebServer[58265] received request: GET /api/v1/namespaces/entando-k8s-composite-app-controller-carcms31/pods?fieldSelector=metadata.name%3Dtest-keycloak-carcms31-deployer-2163&watch=**** HTTP/1.1 and responded: HTTP/1.1 200 OK
Mar 29, 2021 9:47:07 AM org.entando.kubernetes.client.KubernetesRestInterceptor invoke
INFO: Exiting method loadPod in class org.entando.kubernetes.controller.support.client.PodClient
Mar 29, 2021 9:47:07 AM okhttp3.mockwebserver.MockWebServer$3 processOneRequest
INFO: MockWebServer[58265] received request: GET /api/v1/namespaces/entando-k8s-composite-app-controller-carcms31/pods?fieldSelector=metadata.name%3Dtest-keycloak-carcms31-deployer-2163&watch=**** HTTP/1.1 and responded: HTTP/1.1 200 OK
Mar 29, 2021 9:47:07 AM okhttp3.mockwebserver.MockWebServer$3 processOneRequest
INFO: MockWebServer[58265] received request: GET /api/v1/namespaces/entando-k8s-composite-app-controller-carcms31/pods/test-keycloak-carcms31-deployer-2163 HTTP/1.1 and responded: HTTP/1.1 200 OK
Mar 29, 2021 9:47:07 AM io.fabric8.kubernetes.client.dsl.internal.WatchHTTPManager$1 onResponse
INFO: Watch terminated unexpectedly. reason: \n not found: limit=2453 content=7b2261706956657273696f6e223a227631222c226b696e64223a224c69737422â€¦
Mar 29, 2021 9:47:07 AM okhttp3.mockwebserver.MockWebServer$3 processOneRequest
INFO: MockWebServer[58265] received request: PATCH /api/v1/namespaces/entando-k8s-composite-app-controller-carcms31/pods/test-keycloak-carcms31-deployer-2163 HTTP/1.1 and responded: HTTP/1.1 202 OK
Mar 29, 2021 9:47:07 AM org.entando.kubernetes.client.KubernetesRestInterceptor invoke
INFO: Entering method getPodWatcherQueue in class org.entando.kubernetes.controller.support.client.PodWaitingClient
Mar 29, 2021 9:47:07 AM org.entando.kubernetes.client.KubernetesRestInterceptor invoke
INFO: Exiting method getPodWatcherQueue in class org.entando.kubernetes.controller.support.client.PodWaitingClient
Mar 29, 2021 9:47:08 AM org.entando.kubernetes.client.KubernetesRestInterceptor invoke
INFO: Exiting method runToCompletion in class org.entando.kubernetes.controller.support.client.PodClient
Mar 29, 2021 9:47:08 AM org.entando.kubernetes.client.KubernetesRestInterceptor invoke
INFO: Entering method updateStatus in class org.entando.kubernetes.controller.support.client.EntandoResourceClient with EntandoCompositeApp: entando-k8s-composite-app-controller-carcms31/my-app-carcms31
Mar 29, 2021 9:47:08 AM okhttp3.mockwebserver.MockWebServer$3 processOneRequest
INFO: MockWebServer[58265] received request: POST /api/v1/namespaces/entando-k8s-composite-app-controller-carcms31/events HTTP/1.1 and responded: HTTP/1.1 202 OK
Mar 29, 2021 9:47:08 AM io.fabric8.kubernetes.client.dsl.internal.WatchHTTPManager$1 onResponse
INFO: Watch terminated unexpectedly. reason: \n not found: limit=2637 content=7b2261706956657273696f6e223a227631222c226b696e64223a224c69737422â€¦
Mar 29, 2021 9:47:08 AM io.fabric8.kubernetes.client.dsl.internal.WatchHTTPManager scheduleReconnect
WARN: Ignoring error for already closed/closing connection
Mar 29, 2021 9:47:08 AM okhttp3.mockwebserver.MockWebServer$3 processOneRequest
INFO: MockWebServer[58265] received request: GET /api/v1/namespaces/entando-k8s-composite-app-controller-carcms31/pods?fieldSelector=metadata.name%3Dtest-keycloak-carcms31-deployer-2163&watch=**** HTTP/1.1 and responded: HTTP/1.1 200 OK
Mar 29, 2021 9:47:08 AM okhttp3.mockwebserver.MockWebServer$3 processOneRequest
INFO: MockWebServer[58265] received request: GET /apis/entando.org/v1/namespaces/entando-k8s-composite-app-controller-carcms31/entandocompositeapps/my-app-carcms31 HTTP/1.1 and responded: HTTP/1.1 200 OK
Mar 29, 2021 9:47:08 AM okhttp3.mockwebserver.MockWebServer$3 processOneRequest
INFO: MockWebServer[58265] received request: PUT /apis/entando.org/v1/namespaces/entando-k8s-composite-app-controller-carcms31/entandocompositeapps/my-app-carcms31/status HTTP/1.1 and responded: HTTP/1.1 202 OK
Mar 29, 2021 9:47:08 AM org.entando.kubernetes.client.KubernetesRestInterceptor invoke
INFO: Exiting method updateStatus in class org.entando.kubernetes.controller.support.client.EntandoResourceClient
Mar 29, 2021 9:47:08 AM org.entando.kubernetes.client.KubernetesRestInterceptor invoke
INFO: Entering method load in class org.entando.kubernetes.controller.support.client.EntandoResourceClient with class org.entando.kubernetes.model.plugin.EntandoPlugin,entando-k8s-composite-app-controller-carcms31,test-plugin-carcms31
Mar 29, 2021 9:47:08 AM okhttp3.mockwebserver.MockWebServer$3 processOneRequest
INFO: MockWebServer[58265] received request: GET /apis/entando.org/v1/namespaces/entando-k8s-composite-app-controller-carcms31/entandoplugins/test-plugin-carcms31 HTTP/1.1 and responded: HTTP/1.1 200 OK
Mar 29, 2021 9:47:08 AM org.entando.kubernetes.client.KubernetesRestInterceptor invoke
INFO: Exiting method load in class org.entando.kubernetes.controller.support.client.EntandoResourceClient
Mar 29, 2021 9:47:08 AM org.entando.kubernetes.client.KubernetesRestInterceptor invoke
INFO: Entering method createOrPatchEntandoResource in class org.entando.kubernetes.controller.support.client.EntandoResourceClient with EntandoPlugin: entando-k8s-composite-app-controller-carcms31/test-plugin-carcms31
Mar 29, 2021 9:47:08 AM okhttp3.mockwebserver.MockWebServer$3 processOneRequest
INFO: MockWebServer[58265] received request: GET /apis/entando.org/v1/namespaces/entando-k8s-composite-app-controller-carcms31/entandoplugins/test-plugin-carcms31 HTTP/1.1 and responded: HTTP/1.1 200 OK
Mar 29, 2021 9:47:08 AM okhttp3.mockwebserver.MockWebServer$3 processOneRequest
INFO: MockWebServer[58265] received request: GET /apis/entando.org/v1/namespaces/entando-k8s-composite-app-controller-carcms31/entandoplugins/test-plugin-carcms31 HTTP/1.1 and responded: HTTP/1.1 200 OK
Mar 29, 2021 9:47:08 AM okhttp3.mockwebserver.MockWebServer$3 processOneRequest
INFO: MockWebServer[58265] received request: PATCH /apis/entando.org/v1/namespaces/entando-k8s-composite-app-controller-carcms31/entandoplugins/test-plugin-carcms31 HTTP/1.1 and responded: HTTP/1.1 202 OK
Mar 29, 2021 9:47:08 AM org.entando.kubernetes.client.KubernetesRestInterceptor invoke
INFO: Exiting method createOrPatchEntandoResource in class org.entando.kubernetes.controller.support.client.EntandoResourceClient
Mar 29, 2021 9:47:08 AM org.entando.kubernetes.client.KubernetesRestInterceptor invoke
INFO: Entering method removeAndWait in class org.entando.kubernetes.controller.support.client.PodClient with entando-k8s-composite-app-controller-carcms31,{EntandoResourceNamespace=entando-k8s-composite-app-controller-carcms31, EntandoResourceKind=EntandoPlugin, EntandoPlugin=test-plugin-carcms31}
Mar 29, 2021 9:47:08 AM okhttp3.mockwebserver.MockWebServer$3 processOneRequest
INFO: MockWebServer[58265] received request: GET /api/v1/namespaces/entando-k8s-composite-app-controller-carcms31/pods?labelSelector=EntandoPlugin%3Dtest-plugin-carcms31%2CEntandoResourceNamespace%3Dentando-k8s-composite-app-controller-carcms31%2CEntandoResourceKind%3DEntandoPlugin HTTP/1.1 and responded: HTTP/1.1 200 OK
Mar 29, 2021 9:47:08 AM org.entando.kubernetes.client.KubernetesRestInterceptor invoke
INFO: Entering method getPodWatcherQueue in class org.entando.kubernetes.controller.support.client.PodWaitingClient
Mar 29, 2021 9:47:08 AM org.entando.kubernetes.client.KubernetesRestInterceptor invoke
INFO: Exiting method getPodWatcherQueue in class org.entando.kubernetes.controller.support.client.PodWaitingClient
Mar 29, 2021 9:47:08 AM okhttp3.mockwebserver.MockWebServer$3 processOneRequest
INFO: MockWebServer[58265] received request: GET /api/v1/namespaces/entando-k8s-composite-app-controller-carcms31/pods?labelSelector=EntandoPlugin%3Dtest-plugin-carcms31%2CEntandoResourceNamespace%3Dentando-k8s-composite-app-controller-carcms31%2CEntandoResourceKind%3DEntandoPlugin&watch=**** HTTP/1.1 and responded: HTTP/1.1 200 OK
Mar 29, 2021 9:47:08 AM okhttp3.mockwebserver.MockWebServer$3 processOneRequest
INFO: MockWebServer[58265] received request: GET /api/v1/namespaces/entando-k8s-composite-app-controller-carcms31/pods?labelSelector=EntandoPlugin%3Dtest-plugin-carcms31%2CEntandoResourceNamespace%3Dentando-k8s-composite-app-controller-carcms31%2CEntandoResourceKind%3DEntandoPlugin HTTP/1.1 and responded: HTTP/1.1 200 OK
Mar 29, 2021 9:47:08 AM okhttp3.mockwebserver.MockWebServer$3 processOneRequest
INFO: MockWebServer[58265] received request: GET /api/v1/namespaces/entando-k8s-composite-app-controller-carcms31/pods?labelSelector=EntandoPlugin%3Dtest-plugin-carcms31%2CEntandoResourceNamespace%3Dentando-k8s-composite-app-controller-carcms31%2CEntandoResourceKind%3DEntandoPlugin&watch=**** HTTP/1.1 and responded: HTTP/1.1 200 OK
Mar 29, 2021 9:47:08 AM io.fabric8.kubernetes.client.dsl.internal.WatchHTTPManager$1 onResponse
INFO: Watch terminated unexpectedly. reason: \n not found: limit=46 content=7b2261706956657273696f6e223a227631222c226b696e64223a224c69737422â€¦
Mar 29, 2021 9:47:08 AM okhttp3.mockwebserver.MockWebServer$3 processOneRequest
INFO: MockWebServer[58265] received request: GET /api/v1/namespaces/entando-k8s-composite-app-controller-carcms31/pods?labelSelector=EntandoPlugin%3Dtest-plugin-carcms31%2CEntandoResourceNamespace%3Dentando-k8s-composite-app-controller-carcms31%2CEntandoResourceKind%3DEntandoPlugin HTTP/1.1 and responded: HTTP/1.1 200 OK
Mar 29, 2021 9:47:10 AM org.entando.kubernetes.client.KubernetesRestInterceptor invoke
INFO: Exiting method removeAndWait in class org.entando.kubernetes.controller.support.client.PodClient
Mar 29, 2021 9:47:10 AM org.entando.kubernetes.client.KubernetesRestInterceptor invoke
INFO: Entering method runToCompletion in class org.entando.kubernetes.controller.support.client.PodClient with Pod: entando-k8s-composite-app-controller-carcms31/test-plugin-carcms31-deployer-2364
Mar 29, 2021 9:47:10 AM okhttp3.mockwebserver.MockWebServer$3 processOneRequest
INFO: MockWebServer[58265] received request: GET /api/v1/namespaces/entando-k8s-composite-app-controller-carcms31/pods?labelSelector=EntandoPlugin%3Dtest-plugin-carcms31%2CEntandoResourceNamespace%3Dentando-k8s-composite-app-controller-carcms31%2CEntandoResourceKind%3DEntandoPlugin&watch=**** HTTP/1.1 and responded: HTTP/1.1 200 OK
Mar 29, 2021 9:47:10 AM io.fabric8.kubernetes.client.dsl.internal.WatchHTTPManager$1 onResponse
INFO: Watch terminated unexpectedly. reason: \n not found: limit=46 content=7b2261706956657273696f6e223a227631222c226b696e64223a224c69737422â€¦
Mar 29, 2021 9:47:10 AM io.fabric8.kubernetes.client.dsl.internal.WatchHTTPManager scheduleReconnect
WARN: Ignoring error for already closed/closing connection
Mar 29, 2021 9:47:10 AM okhttp3.mockwebserver.MockWebServer$3 processOneRequest
INFO: MockWebServer[58265] received request: POST /api/v1/namespaces/entando-k8s-composite-app-controller-carcms31/pods HTTP/1.1 and responded: HTTP/1.1 202 OK
Mar 29, 2021 9:47:10 AM org.entando.kubernetes.client.KubernetesRestInterceptor invoke
INFO: Entering method loadPod in class org.entando.kubernetes.controller.support.client.PodClient with entando-k8s-composite-app-controller-carcms31,[Ljava.lang.String;@23c42990
Mar 29, 2021 9:47:10 AM okhttp3.mockwebserver.MockWebServer$3 processOneRequest
INFO: MockWebServer[58265] received request: GET /api/v1/namespaces/entando-k8s-composite-app-controller-carcms31/pods?fieldSelector=metadata.name%3Dtest-plugin-carcms31-deployer-2364&watch=**** HTTP/1.1 and responded: HTTP/1.1 200 OK
Mar 29, 2021 9:47:10 AM okhttp3.mockwebserver.MockWebServer$3 processOneRequest
INFO: MockWebServer[58265] received request: GET /api/v1/namespaces/entando-k8s-composite-app-controller-carcms31/pods?labelSelector=EntandoPlugin%3Dtest-plugin-carcms31 HTTP/1.1 and responded: HTTP/1.1 200 OK
Mar 29, 2021 9:47:10 AM org.entando.kubernetes.client.KubernetesRestInterceptor invoke
INFO: Exiting method loadPod in class org.entando.kubernetes.controller.support.client.PodClient
Mar 29, 2021 9:47:10 AM org.entando.kubernetes.client.KubernetesRestInterceptor invoke
INFO: Exiting method runToCompletion in class org.entando.kubernetes.controller.support.client.PodClient
Mar 29, 2021 9:47:10 AM org.entando.kubernetes.client.KubernetesRestInterceptor invoke
INFO: Entering method updateStatus in class org.entando.kubernetes.controller.support.client.EntandoResourceClient with EntandoCompositeApp: entando-k8s-composite-app-controller-carcms31/my-app-carcms31
Mar 29, 2021 9:47:10 AM okhttp3.mockwebserver.MockWebServer$3 processOneRequest
INFO: MockWebServer[58265] received request: GET /api/v1/namespaces/entando-k8s-composite-app-controller-carcms31/pods?fieldSelector=metadata.name%3Dtest-plugin-carcms31-deployer-2364&watch=**** HTTP/1.1 and responded: HTTP/1.1 200 OK
Mar 29, 2021 9:47:10 AM okhttp3.mockwebserver.MockWebServer$3 processOneRequest
INFO: MockWebServer[58265] received request: POST /api/v1/namespaces/entando-k8s-composite-app-controller-carcms31/events HTTP/1.1 and responded: HTTP/1.1 202 OK
Mar 29, 2021 9:47:10 AM io.fabric8.kubernetes.client.dsl.internal.WatchHTTPManager$1 onResponse
INFO: Watch terminated unexpectedly. reason: \n not found: limit=5021 content=7b2261706956657273696f6e223a227631222c226b696e64223a224c69737422â€¦
Mar 29, 2021 9:47:10 AM io.fabric8.kubernetes.client.dsl.internal.WatchHTTPManager scheduleReconnect
WARN: Ignoring error for already closed/closing connection
Mar 29, 2021 9:47:10 AM okhttp3.mockwebserver.MockWebServer$3 processOneRequest
INFO: MockWebServer[58265] received request: GET /apis/entando.org/v1/namespaces/entando-k8s-composite-app-controller-carcms31/entandocompositeapps/my-app-carcms31 HTTP/1.1 and responded: HTTP/1.1 200 OK
Mar 29, 2021 9:47:10 AM okhttp3.mockwebserver.MockWebServer$3 processOneRequest
INFO: MockWebServer[58265] received request: PUT /apis/entando.org/v1/namespaces/entando-k8s-composite-app-controller-carcms31/entandocompositeapps/my-app-carcms31/status HTTP/1.1 and responded: HTTP/1.1 202 OK
Mar 29, 2021 9:47:10 AM org.entando.kubernetes.client.KubernetesRestInterceptor invoke
INFO: Exiting method updateStatus in class org.entando.kubernetes.controller.support.client.EntandoResourceClient
Mar 29, 2021 9:47:10 AM org.entando.kubernetes.compositeapp.controller.EntandoCompositeAppController logFailure
SEVERE: Unexpected exception occurred while adding EntandoPlugin entando-k8s-composite-app-controller-carcms31/test-plugin-carcms31
Mar 29, 2021 9:47:10 AM org.entando.kubernetes.controller.support.controller.AbstractDbAwareController performSync
SEVERE: Unexpected exception occurred while adding EntandoCompositeApp entando-k8s-composite-app-controller-carcms31/my-app-carcms31
org.entando.kubernetes.controller.support.controller.EntandoControllerException: Unexpected exception occurred while adding EntandoPlugin entando-k8s-composite-app-controller-carcms31/test-plugin-carcms31
	at org.entando.kubernetes.compositeapp.controller.EntandoCompositeAppController.synchronizeDeploymentState(EntandoCompositeAppController.java:95)
	at org.entando.kubernetes.compositeapp.controller.EntandoCompositeAppController.synchronizeDeploymentState(EntandoCompositeAppController.java:56)
	at org.entando.kubernetes.controller.support.controller.AbstractDbAwareController.performSync(AbstractDbAwareController.java:158)
	at org.entando.kubernetes.controller.support.controller.AbstractDbAwareController.processCommand(AbstractDbAwareController.java:130)
	at org.entando.kubernetes.compositeapp.controller.EntandoCompositeAppController.onStartup(EntandoCompositeAppController.java:80)
	at org.entando.kubernetes.compositeapp.controller.inprocesstests.CompositeAppControllerMockedTest.startController(CompositeAppControllerMockedTest.java:179)
	at org.entando.kubernetes.compositeapp.controller.inprocesstests.CompositeAppControllerMockedTest.performCreate(CompositeAppControllerMockedTest.java:103)
	at org.entando.kubernetes.compositeapp.controller.AbstractCompositeAppControllerTest.testE**cuteControllerPod(AbstractCompositeAppControllerTest.java:134)
	at org.entando.kubernetes.compositeapp.controller.inprocesstests.CompositeAppControllerMockedTest.testFailure(CompositeAppControllerMockedTest.java:128)
	at java.base/jdk.internal.reflect.NativeMethodAccessorImpl.invoke0(Native Method)
	at java.base/jdk.internal.reflect.NativeMethodAccessorImpl.invoke(NativeMethodAccessorImpl.java:62)
	at java.base/jdk.internal.reflect.DelegatingMethodAccessorImpl.invoke(DelegatingMethodAccessorImpl.java:43)
	at java.base/java.lang.reflect.Method.invoke(Method.java:566)
	at org.junit.platform.commons.util.ReflectionUtils.invokeMethod(ReflectionUtils.java:688)
	at org.junit.jupiter.engine.e**cution.MethodInvocation.proceed(MethodInvocation.java:60)
	at org.junit.jupiter.engine.e**cution.InvocationInterceptorChain$ValidatingInvocation.proceed(InvocationInterceptorChain.java:131)
	at org.junit.jupiter.engine.extension.TimeoutExtension.intercept(TimeoutExtension.java:149)
	at org.junit.jupiter.engine.extension.TimeoutExtension.interceptTestableMethod(TimeoutExtension.java:140)
	at org.junit.jupiter.engine.extension.TimeoutExtension.interceptTestMethod(TimeoutExtension.java:84)
	at org.junit.jupiter.engine.e**cution.E**cutableInvoker$ReflectiveInterceptorCall.lambda$ofVoidMethod$0(E**cutableInvoker.java:115)
	at org.junit.jupiter.engine.e**cution.E**cutableInvoker.lambda$invoke$0(E**cutableInvoker.java:105)
	at org.junit.jupiter.engine.e**cution.InvocationInterceptorChain$InterceptedInvocation.proceed(InvocationInterceptorChain.java:106)
	at org.junit.jupiter.engine.e**cution.InvocationInterceptorChain.proceed(InvocationInterceptorChain.java:64)
	at org.junit.jupiter.engine.e**cution.InvocationInterceptorChain.chainAndInvoke(InvocationInterceptorChain.java:45)
	at org.junit.jupiter.engine.e**cution.InvocationInterceptorChain.invoke(InvocationInterceptorChain.java:37)
	at org.junit.jupiter.engine.e**cution.E**cutableInvoker.invoke(E**cutableInvoker.java:104)
	at org.junit.jupiter.engine.e**cution.E**cutableInvoker.invoke(E**cutableInvoker.java:98)
	at org.junit.jupiter.engine.descriptor.TestMethodTestDescriptor.lambda$invokeTestMethod$6(TestMethodTestDescriptor.java:210)
	at org.junit.platform.engine.support.hierarchical.ThrowableCollector.e**cute(ThrowableCollector.java:73)
	at org.junit.jupiter.engine.descriptor.TestMethodTestDescriptor.invokeTestMethod(TestMethodTestDescriptor.java:206)
	at org.junit.jupiter.engine.descriptor.TestMethodTestDescriptor.e**cute(TestMethodTestDescriptor.java:131)
	at org.junit.jupiter.engine.descriptor.TestMethodTestDescriptor.e**cute(TestMethodTestDescriptor.java:65)
	at org.junit.platform.engine.support.hierarchical.NodeTestTask.lambda$e**cuteRecursively$5(NodeTestTask.java:139)
	at org.junit.platform.engine.support.hierarchical.ThrowableCollector.e**cute(ThrowableCollector.java:73)
	at org.junit.platform.engine.support.hierarchical.NodeTestTask.lambda$e**cuteRecursively$7(NodeTestTask.java:129)
	at org.junit.platform.engine.support.hierarchical.Node.around(Node.java:137)
	at org.junit.platform.engine.support.hierarchical.NodeTestTask.lambda$e**cuteRecursively$8(NodeTestTask.java:127)
	at org.junit.platform.engine.support.hierarchical.ThrowableCollector.e**cute(ThrowableCollector.java:73)
	at org.junit.platform.engine.support.hierarchical.NodeTestTask.e**cuteRecursively(NodeTestTask.java:126)
	at org.junit.platform.engine.support.hierarchical.NodeTestTask.e**cute(NodeTestTask.java:84)
	at java.base/java.util.ArrayList.forEach(ArrayList.java:1540)
	at org.junit.platform.engine.support.hierarchical.SameThreadHierarchicalTestE**cutorService.invokeAll(SameThreadHierarchicalTestE**cutorService.java:38)
	at org.junit.platform.engine.support.hierarchical.NodeTestTask.lambda$e**cuteRecursively$5(NodeTestTask.java:143)
	at org.junit.platform.engine.support.hierarchical.ThrowableCollector.e**cute(ThrowableCollector.java:73)
	at org.junit.platform.engine.support.hierarchical.NodeTestTask.lambda$e**cuteRecursively$7(NodeTestTask.java:129)
	at org.junit.platform.engine.support.hierarchical.Node.around(Node.java:137)
	at org.junit.platform.engine.support.hierarchical.NodeTestTask.lambda$e**cuteRecursively$8(NodeTestTask.java:127)
	at org.junit.platform.engine.support.hierarchical.ThrowableCollector.e**cute(ThrowableCollector.java:73)
	at org.junit.platform.engine.support.hierarchical.NodeTestTask.e**cuteRecursively(NodeTestTask.java:126)
	at org.junit.platform.engine.support.hierarchical.NodeTestTask.e**cute(NodeTestTask.java:84)
	at java.base/java.util.ArrayList.forEach(ArrayList.java:1540)
	at org.junit.platform.engine.support.hierarchical.SameThreadHierarchicalTestE**cutorService.invokeAll(SameThreadHierarchicalTestE**cutorService.java:38)
	at org.junit.platform.engine.support.hierarchical.NodeTestTask.lambda$e**cuteRecursively$5(NodeTestTask.java:143)
	at org.junit.platform.engine.support.hierarchical.ThrowableCollector.e**cute(ThrowableCollector.java:73)
	at org.junit.platform.engine.support.hierarchical.NodeTestTask.lambda$e**cuteRecursively$7(NodeTestTask.java:129)
	at org.junit.platform.engine.support.hierarchical.Node.around(Node.java:137)
	at org.junit.platform.engine.support.hierarchical.NodeTestTask.lambda$e**cuteRecursively$8(NodeTestTask.java:127)
	at org.junit.platform.engine.support.hierarchical.ThrowableCollector.e**cute(ThrowableCollector.java:73)
	at org.junit.platform.engine.support.hierarchical.NodeTestTask.e**cuteRecursively(NodeTestTask.java:126)
	at org.junit.platform.engine.support.hierarchical.NodeTestTask.e**cute(NodeTestTask.java:84)
	at org.junit.platform.engine.support.hierarchical.SameThreadHierarchicalTestE**cutorService.submit(SameThreadHierarchicalTestE**cutorService.java:32)
	at org.junit.platform.engine.support.hierarchical.HierarchicalTestE**cutor.e**cute(HierarchicalTestE**cutor.java:57)
	at org.junit.platform.engine.support.hierarchical.HierarchicalTestEngine.e**cute(HierarchicalTestEngine.java:51)
	at org.junit.platform.launcher.core.EngineE**cutionOrchestrator.e**cute(EngineE**cutionOrchestrator.java:108)
	at org.junit.platform.launcher.core.EngineE**cutionOrchestrator.e**cute(EngineE**cutionOrchestrator.java:88)
	at org.junit.platform.launcher.core.EngineE**cutionOrchestrator.lambda$e**cute$0(EngineE**cutionOrchestrator.java:54)
	at org.junit.platform.launcher.core.EngineE**cutionOrchestrator.withInterceptedStreams(EngineE**cutionOrchestrator.java:67)
	at org.junit.platform.launcher.core.EngineE**cutionOrchestrator.e**cute(EngineE**cutionOrchestrator.java:52)
	at org.junit.platform.launcher.core.DefaultLauncher.e**cute(DefaultLauncher.java:96)
	at org.junit.platform.launcher.core.DefaultLauncher.e**cute(DefaultLauncher.java:75)
	at org.apache.maven.surefire.junitplatform.JUnitPlatformProvider.invokeAllTests(JUnitPlatformProvider.java:142)
	at org.apache.maven.surefire.junitplatform.JUnitPlatformProvider.invoke(JUnitPlatformProvider.java:117)
	at org.apache.maven.surefire.booter.ForkedBooter.invokeProviderInSameClassLoader(ForkedBooter.java:384)
	at org.apache.maven.surefire.booter.ForkedBooter.runSuitesInProcess(ForkedBooter.java:345)
	at org.apache.maven.surefire.booter.ForkedBooter.e**cute(ForkedBooter.java:126)
	at org.apache.maven.surefire.booter.ForkedBooter.main(ForkedBooter.java:418)

Mar 29, 2021 9:47:10 AM org.entando.kubernetes.client.KubernetesRestInterceptor invoke
INFO: Entering method deploymentFailed in class org.entando.kubernetes.controller.support.client.EntandoResourceClient with EntandoCompositeApp: entando-k8s-composite-app-controller-carcms31/my-app-carcms31
Mar 29, 2021 9:47:10 AM okhttp3.mockwebserver.MockWebServer$3 processOneRequest
INFO: MockWebServer[58265] received request: POST /api/v1/namespaces/entando-k8s-composite-app-controller-carcms31/events HTTP/1.1 and responded: HTTP/1.1 202 OK
Mar 29, 2021 9:47:10 AM okhttp3.mockwebserver.MockWebServer$3 processOneRequest
INFO: MockWebServer[58265] received request: GET /apis/entando.org/v1/namespaces/entando-k8s-composite-app-controller-carcms31/entandocompositeapps/my-app-carcms31 HTTP/1.1 and responded: HTTP/1.1 200 OK
Mar 29, 2021 9:47:10 AM okhttp3.mockwebserver.MockWebServer$3 processOneRequest
INFO: MockWebServer[58265] received request: PUT /apis/entando.org/v1/namespaces/entando-k8s-composite-app-controller-carcms31/entandocompositeapps/my-app-carcms31/status HTTP/1.1 and responded: HTTP/1.1 202 OK
Mar 29, 2021 9:47:10 AM org.entando.kubernetes.client.KubernetesRestInterceptor invoke
INFO: Exiting method deploymentFailed in class org.entando.kubernetes.controller.support.client.EntandoResourceClient
Mar 29, 2021 9:47:10 AM okhttp3.mockwebserver.MockWebServer$3 processOneRequest
INFO: MockWebServer[58265] received request: GET /api/v1/namespaces/entando-k8s-composite-app-controller-carcms31/pods?labelSelector=EntandoResourceKind%3DEntandoKeycloakServer%2CEntandoKeycloakServer%3Dtest-keycloak-carcms31 HTTP/1.1 and responded: HTTP/1.1 200 OK
Mar 29, 2021 9:47:10 AM okhttp3.mockwebserver.MockWebServer$3 processOneRequest
INFO: MockWebServer[58265] received request: GET /api/v1/namespaces/entando-k8s-composite-app-controller-carcms31/pods?labelSelector=EntandoResourceKind%3DEntandoKeycloakServer%2CEntandoKeycloakServer%3Dtest-keycloak-carcms31 HTTP/1.1 and responded: HTTP/1.1 200 OK
Mar 29, 2021 9:47:10 AM okhttp3.mockwebserver.MockWebServer$3 processOneRequest
INFO: MockWebServer[58265] received request: GET /api/v1/namespaces/entando-k8s-composite-app-controller-carcms31 HTTP/1.1 and responded: HTTP/1.1 404 Client Error
Mar 29, 2021 9:47:11 AM okhttp3.mockwebserver.MockWebServer$3 processOneRequest
INFO: MockWebServer[58265] received request: GET /apis/entando.org/v1/namespaces/default/entandokeycloakservers HTTP/1.1 and responded: HTTP/1.1 200 OK
Mar 29, 2021 9:47:11 AM okhttp3.mockwebserver.MockWebServer$3 processOneRequest
INFO: MockWebServer[58265] received request: GET /api/v1/namespaces/entando-k8s-composite-app-controller-carcms31 HTTP/1.1 and responded: HTTP/1.1 404 Client Error
Mar 29, 2021 9:47:11 AM okhttp3.mockwebserver.MockWebServer$3 processOneRequest
INFO: MockWebServer[58265] received request: GET /apis/entando.org/v1/namespaces/default/entandokeycloakservers HTTP/1.1 and responded: HTTP/1.1 200 OK
Mar 29, 2021 9:47:11 AM okhttp3.mockwebserver.MockWebServer$3 processOneRequest
INFO: MockWebServer[58265] received request: GET /apis/entando.org/v1/namespaces/entando-k8s-composite-app-controller-carcms31/entandokeycloakservers/test-keycloak-carcms31 HTTP/1.1 and responded: HTTP/1.1 200 OK
Mar 29, 2021 9:47:11 AM okhttp3.mockwebserver.MockWebServer$3 processOneRequest
INFO: MockWebServer[58265] received request: GET /api/v1/namespaces/entando-k8s-composite-app-controller-carcms31 HTTP/1.1 and responded: HTTP/1.1 404 Client Error
Mar 29, 2021 9:47:11 AM okhttp3.mockwebserver.MockWebServer$3 processOneRequest
INFO: MockWebServer[58265] received request: GET /apis/entando.org/v1/namespaces/default/entandocompositeapps HTTP/1.1 and responded: HTTP/1.1 200 OK
Mar 29, 2021 9:47:11 AM okhttp3.mockwebserver.MockWebServer$3 processOneRequest
INFO: MockWebServer[58265] received request: GET /api/v1/namespaces/entando-k8s-composite-app-controller-carcms31 HTTP/1.1 and responded: HTTP/1.1 404 Client Error
Mar 29, 2021 9:47:11 AM okhttp3.mockwebserver.MockWebServer$3 processOneRequest
INFO: MockWebServer[58265] received request: GET /apis/entando.org/v1/namespaces/default/entandocompositeapps HTTP/1.1 and responded: HTTP/1.1 200 OK
Mar 29, 2021 9:47:11 AM okhttp3.mockwebserver.MockWebServer$3 processOneRequest
INFO: MockWebServer[58265] received request: GET /apis/entando.org/v1/namespaces/entando-k8s-composite-app-controller-carcms31/entandocompositeapps/my-app-carcms31 HTTP/1.1 and responded: HTTP/1.1 200 OK
Mar 29, 2021 9:47:12 AM okhttp3.mockwebserver.MockWebServer$3 processOneRequest
INFO: MockWebServer[58265] received request: GET /api/v1/namespaces/entando-k8s-composite-app-controller-carcms31/pods?labelSelector=EntandoPlugin%3Dtest-plugin-carcms31%2CEntandoResourceKind%3DEntandoPlugin HTTP/1.1 and responded: HTTP/1.1 200 OK
Mar 29, 2021 9:47:12 AM okhttp3.mockwebserver.MockWebServer$3 processOneRequest
INFO: MockWebServer[58265] received request: GET /api/v1/namespaces/entando-k8s-composite-app-controller-carcms31/pods?labelSelector=EntandoPlugin%3Dtest-plugin-carcms31%2CEntandoResourceKind%3DEntandoPlugin HTTP/1.1 and responded: HTTP/1.1 200 OK
Mar 29, 2021 9:47:12 AM okhttp3.mockwebserver.MockWebServer$3 processOneRequest
INFO: MockWebServer[58265] received request: GET /api/v1/namespaces/entando-k8s-composite-app-controller-carcms31 HTTP/1.1 and responded: HTTP/1.1 404 Client Error
Mar 29, 2021 9:47:12 AM okhttp3.mockwebserver.MockWebServer$3 processOneRequest
INFO: MockWebServer[58265] received request: GET /apis/entando.org/v1/namespaces/default/entandoplugins HTTP/1.1 and responded: HTTP/1.1 200 OK
Mar 29, 2021 9:47:12 AM okhttp3.mockwebserver.MockWebServer$3 processOneRequest
INFO: MockWebServer[58265] received request: GET /api/v1/namespaces/entando-k8s-composite-app-controller-carcms31 HTTP/1.1 and responded: HTTP/1.1 404 Client Error
Mar 29, 2021 9:47:12 AM okhttp3.mockwebserver.MockWebServer$3 processOneRequest
INFO: MockWebServer[58265] received request: GET /apis/entando.org/v1/namespaces/default/entandoplugins HTTP/1.1 and responded: HTTP/1.1 200 OK
Mar 29, 2021 9:47:12 AM okhttp3.mockwebserver.MockWebServer$3 processOneRequest
INFO: MockWebServer[58265] received request: GET /apis/entando.org/v1/namespaces/entando-k8s-composite-app-controller-carcms31/entandoplugins/test-plugin-carcms31 HTTP/1.1 and responded: HTTP/1.1 200 OK
Mar 29, 2021 9:47:12 AM okhttp3.mockwebserver.MockWebServer$3 processOneRequest
INFO: MockWebServer[58265] received request: GET /apis/entando.org/v1/namespaces/entando-k8s-composite-app-controller-carcms31/entandocompositeapps/my-app-carcms31 HTTP/1.1 and responded: HTTP/1.1 200 OK
Mar 29, 2021 9:47:12 AM okhttp3.mockwebserver.MockWebServer$3 processOneRequest
INFO: MockWebServer[58265] received request: GET /apis/entando.org/v1/namespaces/entando-k8s-composite-app-controller-carcms31/entandocompositeapps/my-app-carcms31 HTTP/1.1 and responded: HTTP/1.1 200 OK
Mar 29, 2021 9:47:12 AM org.entando.kubernetes.client.KubernetesRestInterceptor invoke
INFO: Entering method load in class org.entando.kubernetes.controller.support.client.EntandoResourceClient with class org.entando.kubernetes.model.compositeapp.EntandoCompositeApp,entando-k8s-composite-app-controller-carcms31,my-app-carcms31
Mar 29, 2021 9:47:12 AM okhttp3.mockwebserver.MockWebServer$3 processOneRequest
INFO: MockWebServer[58265] received request: GET /apis/entando.org/v1/namespaces/entando-k8s-composite-app-controller-carcms31/entandocompositeapps/my-app-carcms31 HTTP/1.1 and responded: HTTP/1.1 200 OK
Mar 29, 2021 9:47:12 AM org.entando.kubernetes.client.KubernetesRestInterceptor invoke
INFO: Exiting method load in class org.entando.kubernetes.controller.support.client.EntandoResourceClient
Mar 29, 2021 9:47:13 AM okhttp3.mockwebserver.MockWebServer$3 processOneRequest
INFO: MockWebServer[58265] received request: GET /api/v1/namespaces/entando-k8s-composite-app-controller-carcms31 HTTP/1.1 and responded: HTTP/1.1 404 Client Error
Mar 29, 2021 9:47:13 AM okhttp3.mockwebserver.MockWebServer$3 processOneRequest
INFO: MockWebServer[58265] received request: GET /apis/entando.org/v1/namespaces/default/entandocompositeapps HTTP/1.1 and responded: HTTP/1.1 200 OK
Mar 29, 2021 9:47:13 AM okhttp3.mockwebserver.MockWebServer$3 processOneRequest
INFO: MockWebServer[58265] received request: GET /api/v1/namespaces/entando-k8s-composite-app-controller-carcms31 HTTP/1.1 and responded: HTTP/1.1 404 Client Error
Mar 29, 2021 9:47:13 AM okhttp3.mockwebserver.MockWebServer$3 processOneRequest
INFO: MockWebServer[58265] received request: GET /apis/entando.org/v1/namespaces/default/entandocompositeapps HTTP/1.1 and responded: HTTP/1.1 200 OK
Mar 29, 2021 9:47:13 AM okhttp3.mockwebserver.MockWebServer$3 processOneRequest
INFO: MockWebServer[58265] received request: GET /apis/entando.org/v1/namespaces/entando-k8s-composite-app-controller-carcms31/entandocompositeapps/my-app-carcms31 HTTP/1.1 and responded: HTTP/1.1 200 OK
Mar 29, 2021 9:47:13 AM org.entando.kubernetes.client.KubernetesRestInterceptor invoke
INFO: Entering method getPodWatcherQueue in class org.entando.kubernetes.controller.support.client.PodWaitingClient
Mar 29, 2021 9:47:13 AM org.entando.kubernetes.client.KubernetesRestInterceptor invoke
INFO: Exiting method getPodWatcherQueue in class org.entando.kubernetes.controller.support.client.PodWaitingClient
Mar 29, 2021 9:47:13 AM okhttp3.mockwebserver.MockWebServer$2 acceptConnections
INFO: MockWebServer[58265] done accepting connections: Socket closed
Mar 29, 2021 9:47:13 AM okhttp3.mockwebserver.MockWebServer$2 e**cute
INFO: MockWebServer[51496] starting to accept connections
Mar 29, 2021 9:47:13 AM okhttp3.mockwebserver.MockWebServer$3 processOneRequest
INFO: MockWebServer[51496] received request: GET /api/v1/namespaces/entando HTTP/1.1 and responded: HTTP/1.1 404 Client Error
Mar 29, 2021 9:47:13 AM okhttp3.mockwebserver.MockWebServer$3 processOneRequest
INFO: MockWebServer[51496] received request: POST /api/v1/namespaces HTTP/1.1 and responded: HTTP/1.1 202 OK
Mar 29, 2021 9:47:13 AM org.entando.kubernetes.client.KubernetesRestInterceptor invoke
INFO: Entering method loadDockerImageInfoConfigMap in class org.entando.kubernetes.controller.support.client.EntandoResourceClient
Mar 29, 2021 9:47:13 AM okhttp3.mockwebserver.MockWebServer$3 processOneRequest
INFO: MockWebServer[51496] received request: GET /api/v1/namespaces/entando/configmaps/entando-docker-image-info-v6.3 HTTP/1.1 and responded: HTTP/1.1 404 Client Error
Mar 29, 2021 9:47:13 AM org.entando.kubernetes.client.KubernetesRestInterceptor invoke
INFO: Exiting method loadDockerImageInfoConfigMap in class org.entando.kubernetes.controller.support.client.EntandoResourceClient
Mar 29, 2021 9:47:13 AM okhttp3.mockwebserver.MockWebServer$3 processOneRequest
INFO: MockWebServer[51496] received request: GET /api/v1/namespaces/entando-k8s-composite-app-controller-carcms31 HTTP/1.1 and responded: HTTP/1.1 404 Client Error
Mar 29, 2021 9:47:13 AM okhttp3.mockwebserver.MockWebServer$3 processOneRequest
INFO: MockWebServer[51496] received request: GET /apis/entando.org/v1/namespaces/default/entandocompositeapps HTTP/1.1 and responded: HTTP/1.1 200 OK
Mar 29, 2021 9:47:13 AM okhttp3.mockwebserver.MockWebServer$3 processOneRequest
INFO: MockWebServer[51496] received request: GET /api/v1/namespaces/entando-k8s-composite-app-controller-carcms31 HTTP/1.1 and responded: HTTP/1.1 404 Client Error
Mar 29, 2021 9:47:13 AM okhttp3.mockwebserver.MockWebServer$3 processOneRequest
INFO: MockWebServer[51496] received request: GET /apis/entando.org/v1/namespaces/default/entandocompositeapps HTTP/1.1 and responded: HTTP/1.1 200 OK
Mar 29, 2021 9:47:14 AM okhttp3.mockwebserver.MockWebServer$3 processOneRequest
INFO: MockWebServer[51496] received request: POST /apis/entando.org/v1/namespaces/entando-k8s-composite-app-controller-carcms31/entandocompositeapps HTTP/1.1 and responded: HTTP/1.1 202 OK
Mar 29, 2021 9:47:14 AM org.entando.kubernetes.client.KubernetesRestInterceptor invoke
INFO: Entering method loadOperatorConfig in class org.entando.kubernetes.controller.support.client.EntandoResourceClient
Mar 29, 2021 9:47:14 AM okhttp3.mockwebserver.MockWebServer$3 processOneRequest
INFO: MockWebServer[51496] received request: GET /api/v1/namespaces/entando-k8s-composite-app-controller-carcms31/configmaps/entando-operator-config HTTP/1.1 and responded: HTTP/1.1 404 Client Error
Mar 29, 2021 9:47:14 AM org.entando.kubernetes.client.KubernetesRestInterceptor invoke
INFO: Exiting method loadOperatorConfig in class org.entando.kubernetes.controller.support.client.EntandoResourceClient
Mar 29, 2021 9:47:14 AM org.entando.kubernetes.client.KubernetesRestInterceptor invoke
INFO: Entering method load in class org.entando.kubernetes.controller.support.client.EntandoResourceClient with class org.entando.kubernetes.model.compositeapp.EntandoCompositeApp,entando-k8s-composite-app-controller-carcms31,my-app-carcms31
Mar 29, 2021 9:47:14 AM org.entando.kubernetes.client.KubernetesRestInterceptor invoke
INFO: Entering method getPodWatcherQueue in class org.entando.kubernetes.controller.support.client.PodWaitingClient
Mar 29, 2021 9:47:14 AM org.entando.kubernetes.client.KubernetesRestInterceptor invoke
INFO: Exiting method getPodWatcherQueue in class org.entando.kubernetes.controller.support.client.PodWaitingClient
Mar 29, 2021 9:47:14 AM okhttp3.mockwebserver.MockWebServer$3 processOneRequest
INFO: MockWebServer[51496] received request: GET /api/v1/namespaces/entando-k8s-composite-app-controller-carcms31 HTTP/1.1 and responded: HTTP/1.1 404 Client Error
Mar 29, 2021 9:47:14 AM okhttp3.mockwebserver.MockWebServer$3 processOneRequest
INFO: MockWebServer[51496] received request: GET /apis/entando.org/v1/namespaces/default/entandocompositeapps HTTP/1.1 and responded: HTTP/1.1 200 OK
Mar 29, 2021 9:47:14 AM okhttp3.mockwebserver.MockWebServer$3 processOneRequest
INFO: MockWebServer[51496] received request: GET /api/v1/namespaces/entando-k8s-composite-app-controller-carcms31 HTTP/1.1 and responded: HTTP/1.1 404 Client Error
Mar 29, 2021 9:47:14 AM okhttp3.mockwebserver.MockWebServer$3 processOneRequest
INFO: MockWebServer[51496] received request: GET /apis/entando.org/v1/namespaces/default/entandocompositeapps HTTP/1.1 and responded: HTTP/1.1 200 OK
Mar 29, 2021 9:47:14 AM okhttp3.mockwebserver.MockWebServer$3 processOneRequest
INFO: MockWebServer[51496] received request: GET /apis/entando.org/v1/namespaces/entando-k8s-composite-app-controller-carcms31/entandocompositeapps/my-app-carcms31 HTTP/1.1 and responded: HTTP/1.1 200 OK
Mar 29, 2021 9:47:14 AM org.entando.kubernetes.client.KubernetesRestInterceptor invoke
INFO: Exiting method load in class org.entando.kubernetes.controller.support.client.EntandoResourceClient
Mar 29, 2021 9:47:14 AM org.entando.kubernetes.client.KubernetesRestInterceptor invoke
INFO: Entering method updatePhase in class org.entando.kubernetes.controller.support.client.EntandoResourceClient with EntandoCompositeApp: entando-k8s-composite-app-controller-carcms31/my-app-carcms31
Mar 29, 2021 9:47:14 AM okhttp3.mockwebserver.MockWebServer$3 processOneRequest
INFO: MockWebServer[51496] received request: POST /api/v1/namespaces/entando-k8s-composite-app-controller-carcms31/events HTTP/1.1 and responded: HTTP/1.1 202 OK
Mar 29, 2021 9:47:14 AM okhttp3.mockwebserver.MockWebServer$3 processOneRequest
INFO: MockWebServer[51496] received request: GET /apis/entando.org/v1/namespaces/entando-k8s-composite-app-controller-carcms31/entandocompositeapps/my-app-carcms31 HTTP/1.1 and responded: HTTP/1.1 200 OK
Mar 29, 2021 9:47:14 AM okhttp3.mockwebserver.MockWebServer$3 processOneRequest
INFO: MockWebServer[51496] received request: PUT /apis/entando.org/v1/namespaces/entando-k8s-composite-app-controller-carcms31/entandocompositeapps/my-app-carcms31/status HTTP/1.1 and responded: HTTP/1.1 202 OK
Mar 29, 2021 9:47:14 AM org.entando.kubernetes.client.KubernetesRestInterceptor invoke
INFO: Exiting method updatePhase in class org.entando.kubernetes.controller.support.client.EntandoResourceClient
Mar 29, 2021 9:47:14 AM org.entando.kubernetes.client.KubernetesRestInterceptor invoke
INFO: Entering method loadDockerImageInfoConfigMap in class org.entando.kubernetes.controller.support.client.EntandoResourceClient
Mar 29, 2021 9:47:14 AM okhttp3.mockwebserver.MockWebServer$3 processOneRequest
INFO: MockWebServer[51496] received request: GET /api/v1/namespaces/entando/configmaps/entando-docker-image-info-v6.3 HTTP/1.1 and responded: HTTP/1.1 404 Client Error
Mar 29, 2021 9:47:14 AM org.entando.kubernetes.client.KubernetesRestInterceptor invoke
INFO: Exiting method loadDockerImageInfoConfigMap in class org.entando.kubernetes.controller.support.client.EntandoResourceClient
Mar 29, 2021 9:47:14 AM org.entando.kubernetes.client.KubernetesRestInterceptor invoke
INFO: Entering method createOrPatchEntandoResource in class org.entando.kubernetes.controller.support.client.EntandoResourceClient with EntandoKeycloakServer: entando-k8s-composite-app-controller-carcms31/test-keycloak-carcms31
Mar 29, 2021 9:47:14 AM okhttp3.mockwebserver.MockWebServer$3 processOneRequest
INFO: MockWebServer[51496] received request: GET /api/v1/namespaces/entando-k8s-composite-app-controller-carcms31 HTTP/1.1 and responded: HTTP/1.1 404 Client Error
Mar 29, 2021 9:47:15 AM okhttp3.mockwebserver.MockWebServer$3 processOneRequest
INFO: MockWebServer[51496] received request: GET /apis/entando.org/v1/namespaces/default/entandokeycloakservers HTTP/1.1 and responded: HTTP/1.1 200 OK
Mar 29, 2021 9:47:15 AM okhttp3.mockwebserver.MockWebServer$3 processOneRequest
INFO: MockWebServer[51496] received request: GET /api/v1/namespaces/entando-k8s-composite-app-controller-carcms31 HTTP/1.1 and responded: HTTP/1.1 404 Client Error
Mar 29, 2021 9:47:15 AM okhttp3.mockwebserver.MockWebServer$3 processOneRequest
INFO: MockWebServer[51496] received request: GET /apis/entando.org/v1/namespaces/default/entandokeycloakservers HTTP/1.1 and responded: HTTP/1.1 200 OK
Mar 29, 2021 9:47:15 AM okhttp3.mockwebserver.MockWebServer$3 processOneRequest
INFO: MockWebServer[51496] received request: GET /apis/entando.org/v1/namespaces/entando-k8s-composite-app-controller-carcms31/entandokeycloakservers/test-keycloak-carcms31 HTTP/1.1 and responded: HTTP/1.1 404 Client Error
Mar 29, 2021 9:47:15 AM okhttp3.mockwebserver.MockWebServer$3 processOneRequest
INFO: MockWebServer[51496] received request: POST /apis/entando.org/v1/namespaces/entando-k8s-composite-app-controller-carcms31/entandokeycloakservers HTTP/1.1 and responded: HTTP/1.1 202 OK
Mar 29, 2021 9:47:15 AM org.entando.kubernetes.client.KubernetesRestInterceptor invoke
INFO: Exiting method createOrPatchEntandoResource in class org.entando.kubernetes.controller.support.client.EntandoResourceClient
Mar 29, 2021 9:47:15 AM org.entando.kubernetes.client.KubernetesRestInterceptor invoke
INFO: Entering method removeAndWait in class org.entando.kubernetes.controller.support.client.PodClient with entando-k8s-composite-app-controller-carcms31,{EntandoResourceNamespace=entando-k8s-composite-app-controller-carcms31, EntandoResourceKind=EntandoKeycloakServer, EntandoKeycloakServer=test-keycloak-carcms31}
Mar 29, 2021 9:47:15 AM okhttp3.mockwebserver.MockWebServer$3 processOneRequest
INFO: MockWebServer[51496] received request: GET /api/v1/namespaces/entando-k8s-composite-app-controller-carcms31/pods?labelSelector=EntandoResourceNamespace%3Dentando-k8s-composite-app-controller-carcms31%2CEntandoResourceKind%3DEntandoKeycloakServer%2CEntandoKeycloakServer%3Dtest-keycloak-carcms31 HTTP/1.1 and responded: HTTP/1.1 200 OK
Mar 29, 2021 9:47:15 AM org.entando.kubernetes.client.KubernetesRestInterceptor invoke
INFO: Entering method getPodWatcherQueue in class org.entando.kubernetes.controller.support.client.PodWaitingClient
Mar 29, 2021 9:47:15 AM org.entando.kubernetes.client.KubernetesRestInterceptor invoke
INFO: Exiting method getPodWatcherQueue in class org.entando.kubernetes.controller.support.client.PodWaitingClient
Mar 29, 2021 9:47:15 AM okhttp3.mockwebserver.MockWebServer$3 processOneRequest
INFO: MockWebServer[51496] received request: GET /api/v1/namespaces/entando-k8s-composite-app-controller-carcms31/pods?labelSelector=EntandoResourceNamespace%3Dentando-k8s-composite-app-controller-carcms31%2CEntandoResourceKind%3DEntandoKeycloakServer%2CEntandoKeycloakServer%3Dtest-keycloak-carcms31&watch=**** HTTP/1.1 and responded: HTTP/1.1 200 OK
Mar 29, 2021 9:47:15 AM okhttp3.mockwebserver.MockWebServer$3 processOneRequest
INFO: MockWebServer[51496] received request: GET /api/v1/namespaces/entando-k8s-composite-app-controller-carcms31/pods?labelSelector=EntandoResourceNamespace%3Dentando-k8s-composite-app-controller-carcms31%2CEntandoResourceKind%3DEntandoKeycloakServer%2CEntandoKeycloakServer%3Dtest-keycloak-carcms31 HTTP/1.1 and responded: HTTP/1.1 200 OK
Mar 29, 2021 9:47:15 AM okhttp3.mockwebserver.MockWebServer$3 processOneRequest
INFO: MockWebServer[51496] received request: GET /api/v1/namespaces/entando-k8s-composite-app-controller-carcms31/pods?labelSelector=EntandoResourceNamespace%3Dentando-k8s-composite-app-controller-carcms31%2CEntandoResourceKind%3DEntandoKeycloakServer%2CEntandoKeycloakServer%3Dtest-keycloak-carcms31&watch=**** HTTP/1.1 and responded: HTTP/1.1 200 OK
Mar 29, 2021 9:47:15 AM io.fabric8.kubernetes.client.dsl.internal.WatchHTTPManager$1 onResponse
INFO: Watch terminated unexpectedly. reason: \n not found: limit=46 content=7b2261706956657273696f6e223a227631222c226b696e64223a224c69737422â€¦
Mar 29, 2021 9:47:15 AM okhttp3.mockwebserver.MockWebServer$3 processOneRequest
INFO: MockWebServer[51496] received request: GET /api/v1/namespaces/entando-k8s-composite-app-controller-carcms31/pods?labelSelector=EntandoResourceNamespace%3Dentando-k8s-composite-app-controller-carcms31%2CEntandoResourceKind%3DEntandoKeycloakServer%2CEntandoKeycloakServer%3Dtest-keycloak-carcms31 HTTP/1.1 and responded: HTTP/1.1 200 OK
Mar 29, 2021 9:47:16 AM org.entando.kubernetes.client.KubernetesRestInterceptor invoke
INFO: Exiting method removeAndWait in class org.entando.kubernetes.controller.support.client.PodClient
Mar 29, 2021 9:47:16 AM org.entando.kubernetes.client.KubernetesRestInterceptor invoke
INFO: Entering method runToCompletion in class org.entando.kubernetes.controller.support.client.PodClient with Pod: entando-k8s-composite-app-controller-carcms31/test-keycloak-carcms31-deployer-2840
Mar 29, 2021 9:47:16 AM okhttp3.mockwebserver.MockWebServer$3 processOneRequest
INFO: MockWebServer[51496] received request: GET /api/v1/namespaces/entando-k8s-composite-app-controller-carcms31/pods?labelSelector=EntandoResourceNamespace%3Dentando-k8s-composite-app-controller-carcms31%2CEntandoResourceKind%3DEntandoKeycloakServer%2CEntandoKeycloakServer%3Dtest-keycloak-carcms31&watch=**** HTTP/1.1 and responded: HTTP/1.1 200 OK
Mar 29, 2021 9:47:16 AM io.fabric8.kubernetes.client.dsl.internal.WatchHTTPManager$1 onResponse
INFO: Watch terminated unexpectedly. reason: \n not found: limit=46 content=7b2261706956657273696f6e223a227631222c226b696e64223a224c69737422â€¦
Mar 29, 2021 9:47:16 AM io.fabric8.kubernetes.client.dsl.internal.WatchHTTPManager scheduleReconnect
WARN: Ignoring error for already closed/closing connection
Mar 29, 2021 9:47:16 AM okhttp3.mockwebserver.MockWebServer$3 processOneRequest
INFO: MockWebServer[51496] received request: POST /api/v1/namespaces/entando-k8s-composite-app-controller-carcms31/pods HTTP/1.1 and responded: HTTP/1.1 202 OK
Mar 29, 2021 9:47:16 AM org.entando.kubernetes.client.KubernetesRestInterceptor invoke
INFO: Entering method loadPod in class org.entando.kubernetes.controller.support.client.PodClient with entando-k8s-composite-app-controller-carcms31,[Ljava.lang.String;@3330fb37
Mar 29, 2021 9:47:16 AM okhttp3.mockwebserver.MockWebServer$3 processOneRequest
INFO: MockWebServer[51496] received request: GET /api/v1/namespaces/entando-k8s-composite-app-controller-carcms31/pods?fieldSelector=metadata.name%3Dtest-keycloak-carcms31-deployer-2840&watch=**** HTTP/1.1 and responded: HTTP/1.1 200 OK
Mar 29, 2021 9:47:16 AM okhttp3.mockwebserver.MockWebServer$3 processOneRequest
INFO: MockWebServer[51496] received request: GET /api/v1/namespaces/entando-k8s-composite-app-controller-carcms31/pods?labelSelector=EntandoKeycloakServer%3Dtest-keycloak-carcms31 HTTP/1.1 and responded: HTTP/1.1 200 OK
Mar 29, 2021 9:47:16 AM org.entando.kubernetes.client.KubernetesRestInterceptor invoke
INFO: Exiting method loadPod in class org.entando.kubernetes.controller.support.client.PodClient
Mar 29, 2021 9:47:16 AM okhttp3.mockwebserver.MockWebServer$3 processOneRequest
INFO: MockWebServer[51496] received request: GET /api/v1/namespaces/entando-k8s-composite-app-controller-carcms31/pods/test-keycloak-carcms31-deployer-2840 HTTP/1.1 and responded: HTTP/1.1 200 OK
Mar 29, 2021 9:47:16 AM okhttp3.mockwebserver.MockWebServer$3 processOneRequest
INFO: MockWebServer[51496] received request: GET /api/v1/namespaces/entando-k8s-composite-app-controller-carcms31/pods?fieldSelector=metadata.name%3Dtest-keycloak-carcms31-deployer-2840&watch=**** HTTP/1.1 and responded: HTTP/1.1 200 OK
Mar 29, 2021 9:47:16 AM io.fabric8.kubernetes.client.dsl.internal.WatchHTTPManager$1 onResponse
INFO: Watch terminated unexpectedly. reason: \n not found: limit=2520 content=7b2261706956657273696f6e223a227631222c226b696e64223a224c69737422â€¦
Mar 29, 2021 9:47:16 AM okhttp3.mockwebserver.MockWebServer$3 processOneRequest
INFO: MockWebServer[51496] received request: PATCH /api/v1/namespaces/entando-k8s-composite-app-controller-carcms31/pods/test-keycloak-carcms31-deployer-2840 HTTP/1.1 and responded: HTTP/1.1 202 OK
Mar 29, 2021 9:47:17 AM org.entando.kubernetes.client.KubernetesRestInterceptor invoke
INFO: Entering method getPodWatcherQueue in class org.entando.kubernetes.controller.support.client.PodWaitingClient
Mar 29, 2021 9:47:17 AM org.entando.kubernetes.client.KubernetesRestInterceptor invoke
INFO: Exiting method getPodWatcherQueue in class org.entando.kubernetes.controller.support.client.PodWaitingClient
Mar 29, 2021 9:47:17 AM org.entando.kubernetes.client.KubernetesRestInterceptor invoke
INFO: Exiting method runToCompletion in class org.entando.kubernetes.controller.support.client.PodClient
Mar 29, 2021 9:47:17 AM org.entando.kubernetes.client.KubernetesRestInterceptor invoke
INFO: Entering method updateStatus in class org.entando.kubernetes.controller.support.client.EntandoResourceClient with EntandoCompositeApp: entando-k8s-composite-app-controller-carcms31/my-app-carcms31
Mar 29, 2021 9:47:17 AM okhttp3.mockwebserver.MockWebServer$3 processOneRequest
INFO: MockWebServer[51496] received request: GET /api/v1/namespaces/entando-k8s-composite-app-controller-carcms31/pods?fieldSelector=metadata.name%3Dtest-keycloak-carcms31-deployer-2840&watch=**** HTTP/1.1 and responded: HTTP/1.1 200 OK
Mar 29, 2021 9:47:17 AM io.fabric8.kubernetes.client.dsl.internal.WatchHTTPManager$1 onResponse
INFO: Watch terminated unexpectedly. reason: \n not found: limit=2704 content=7b2261706956657273696f6e223a227631222c226b696e64223a224c69737422â€¦
Mar 29, 2021 9:47:17 AM io.fabric8.kubernetes.client.dsl.internal.WatchHTTPManager scheduleReconnect
WARN: Ignoring error for already closed/closing connection
Mar 29, 2021 9:47:17 AM okhttp3.mockwebserver.MockWebServer$3 processOneRequest
INFO: MockWebServer[51496] received request: POST /api/v1/namespaces/entando-k8s-composite-app-controller-carcms31/events HTTP/1.1 and responded: HTTP/1.1 202 OK
Mar 29, 2021 9:47:18 AM okhttp3.mockwebserver.MockWebServer$3 processOneRequest
INFO: MockWebServer[51496] received request: GET /apis/entando.org/v1/namespaces/entando-k8s-composite-app-controller-carcms31/entandocompositeapps/my-app-carcms31 HTTP/1.1 and responded: HTTP/1.1 200 OK
Mar 29, 2021 9:47:18 AM okhttp3.mockwebserver.MockWebServer$3 processOneRequest
INFO: MockWebServer[51496] received request: PUT /apis/entando.org/v1/namespaces/entando-k8s-composite-app-controller-carcms31/entandocompositeapps/my-app-carcms31/status HTTP/1.1 and responded: HTTP/1.1 202 OK
Mar 29, 2021 9:47:18 AM org.entando.kubernetes.client.KubernetesRestInterceptor invoke
INFO: Exiting method updateStatus in class org.entando.kubernetes.controller.support.client.EntandoResourceClient
Mar 29, 2021 9:47:18 AM org.entando.kubernetes.client.KubernetesRestInterceptor invoke
INFO: Entering method removeSuccessfullyCompletedPods in class org.entando.kubernetes.controller.support.client.PodClient with entando-k8s-composite-app-controller-carcms31,{EntandoResourceNamespace=entando-k8s-composite-app-controller-carcms31, EntandoResourceKind=EntandoKeycloakServer, EntandoKeycloakServer=test-keycloak-carcms31}
Mar 29, 2021 9:47:18 AM okhttp3.mockwebserver.MockWebServer$3 processOneRequest
INFO: MockWebServer[51496] received request: GET /api/v1/namespaces/entando-k8s-composite-app-controller-carcms31/pods?labelSelector=EntandoResourceNamespace%3Dentando-k8s-composite-app-controller-carcms31%2CEntandoResourceKind%3DEntandoKeycloakServer%2CEntandoKeycloakServer%3Dtest-keycloak-carcms31 HTTP/1.1 and responded: HTTP/1.1 200 OK
Mar 29, 2021 9:47:18 AM okhttp3.mockwebserver.MockWebServer$3 processOneRequest
INFO: MockWebServer[51496] received request: DELETE /api/v1/namespaces/entando-k8s-composite-app-controller-carcms31/pods/test-keycloak-carcms31-deployer-2840 HTTP/1.1 and responded: HTTP/1.1 200 OK
Mar 29, 2021 9:47:18 AM org.entando.kubernetes.client.KubernetesRestInterceptor invoke
INFO: Exiting method removeSuccessfullyCompletedPods in class org.entando.kubernetes.controller.support.client.PodClient
Mar 29, 2021 9:47:18 AM org.entando.kubernetes.client.KubernetesRestInterceptor invoke
INFO: Entering method load in class org.entando.kubernetes.controller.support.client.EntandoResourceClient with class org.entando.kubernetes.model.plugin.EntandoPlugin,entando-k8s-composite-app-controller-carcms31,test-plugin-carcms31
Mar 29, 2021 9:47:18 AM okhttp3.mockwebserver.MockWebServer$3 processOneRequest
INFO: MockWebServer[51496] received request: GET /api/v1/namespaces/entando-k8s-composite-app-controller-carcms31 HTTP/1.1 and responded: HTTP/1.1 404 Client Error
Mar 29, 2021 9:47:18 AM okhttp3.mockwebserver.MockWebServer$3 processOneRequest
INFO: MockWebServer[51496] received request: GET /apis/entando.org/v1/namespaces/default/entandoplugins HTTP/1.1 and responded: HTTP/1.1 200 OK
Mar 29, 2021 9:47:18 AM okhttp3.mockwebserver.MockWebServer$3 processOneRequest
INFO: MockWebServer[51496] received request: GET /api/v1/namespaces/entando-k8s-composite-app-controller-carcms31 HTTP/1.1 and responded: HTTP/1.1 404 Client Error
Mar 29, 2021 9:47:18 AM okhttp3.mockwebserver.MockWebServer$3 processOneRequest
INFO: MockWebServer[51496] received request: GET /apis/entando.org/v1/namespaces/default/entandoplugins HTTP/1.1 and responded: HTTP/1.1 200 OK
Mar 29, 2021 9:47:18 AM okhttp3.mockwebserver.MockWebServer$3 processOneRequest
INFO: MockWebServer[51496] received request: GET /apis/entando.org/v1/namespaces/entando-k8s-composite-app-controller-carcms31/entandoplugins/test-plugin-carcms31 HTTP/1.1 and responded: HTTP/1.1 404 Client Error
Mar 29, 2021 9:47:18 AM org.entando.kubernetes.client.KubernetesRestInterceptor invoke
SEVERE: Failure e**cuting method load in class org.entando.kubernetes.controller.support.client.EntandoResourceClient
java.lang.IllegalStateException: Could not find the EntandoPlugin 'test-plugin-carcms31' in the namespace entando-k8s-composite-app-controller-carcms31
	at org.entando.kubernetes.client.DefaultEntandoResourceClient.lambda$notFound$5(DefaultEntandoResourceClient.java:199)
	at org.entando.kubernetes.client.DefaultEntandoResourceClient.lambda$load$6(DefaultEntandoResourceClient.java:205)
	at java.base/java.util.Optional.orElseThrow(Optional.java:408)
	at org.entando.kubernetes.client.DefaultEntandoResourceClient.load(DefaultEntandoResourceClient.java:205)
	at java.base/jdk.internal.reflect.NativeMethodAccessorImpl.invoke0(Native Method)
	at java.base/jdk.internal.reflect.NativeMethodAccessorImpl.invoke(NativeMethodAccessorImpl.java:62)
	at java.base/jdk.internal.reflect.DelegatingMethodAccessorImpl.invoke(DelegatingMethodAccessorImpl.java:43)
	at java.base/java.lang.reflect.Method.invoke(Method.java:566)
	at org.entando.kubernetes.client.KubernetesRestInterceptor.invoke(KubernetesRestInterceptor.java:49)
	at com.sun.proxy.$Proxy31.load(Unknown Source)
	at org.entando.kubernetes.compositeapp.controller.EntandoCompositeAppController.prepareReference(EntandoCompositeAppController.java:146)
	at org.entando.kubernetes.compositeapp.controller.EntandoCompositeAppController.synchronizeDeploymentState(EntandoCompositeAppController.java:88)
	at org.entando.kubernetes.compositeapp.controller.EntandoCompositeAppController.synchronizeDeploymentState(EntandoCompositeAppController.java:56)
	at org.entando.kubernetes.controller.support.controller.AbstractDbAwareController.performSync(AbstractDbAwareController.java:158)
	at org.entando.kubernetes.controller.support.controller.AbstractDbAwareController.processCommand(AbstractDbAwareController.java:130)
	at org.entando.kubernetes.compositeapp.controller.EntandoCompositeAppController.onStartup(EntandoCompositeAppController.java:80)
	at org.entando.kubernetes.compositeapp.controller.inprocesstests.CompositeAppControllerMockedTest.startController(CompositeAppControllerMockedTest.java:179)
	at org.entando.kubernetes.compositeapp.controller.inprocesstests.CompositeAppControllerMockedTest.performCreate(CompositeAppControllerMockedTest.java:103)
	at org.entando.kubernetes.compositeapp.controller.inprocesstests.CompositeAppControllerMockedTest.shouldRemoveSuccessfullyCompletedPods(CompositeAppControllerMockedTest.java:169)
	at java.base/jdk.internal.reflect.NativeMethodAccessorImpl.invoke0(Native Method)
	at java.base/jdk.internal.reflect.NativeMethodAccessorImpl.invoke(NativeMethodAccessorImpl.java:62)
	at java.base/jdk.internal.reflect.DelegatingMethodAccessorImpl.invoke(DelegatingMethodAccessorImpl.java:43)
	at java.base/java.lang.reflect.Method.invoke(Method.java:566)
	at org.junit.platform.commons.util.ReflectionUtils.invokeMethod(ReflectionUtils.java:688)
	at org.junit.jupiter.engine.e**cution.MethodInvocation.proceed(MethodInvocation.java:60)
	at org.junit.jupiter.engine.e**cution.InvocationInterceptorChain$ValidatingInvocation.proceed(InvocationInterceptorChain.java:131)
	at org.junit.jupiter.engine.extension.TimeoutExtension.intercept(TimeoutExtension.java:149)
	at org.junit.jupiter.engine.extension.TimeoutExtension.interceptTestableMethod(TimeoutExtension.java:140)
	at org.junit.jupiter.engine.extension.TimeoutExtension.interceptTestMethod(TimeoutExtension.java:84)
	at org.junit.jupiter.engine.e**cution.E**cutableInvoker$ReflectiveInterceptorCall.lambda$ofVoidMethod$0(E**cutableInvoker.java:115)
	at org.junit.jupiter.engine.e**cution.E**cutableInvoker.lambda$invoke$0(E**cutableInvoker.java:105)
	at org.junit.jupiter.engine.e**cution.InvocationInterceptorChain$InterceptedInvocation.proceed(InvocationInterceptorChain.java:106)
	at org.junit.jupiter.engine.e**cution.InvocationInterceptorChain.proceed(InvocationInterceptorChain.java:64)
	at org.junit.jupiter.engine.e**cution.InvocationInterceptorChain.chainAndInvoke(InvocationInterceptorChain.java:45)
	at org.junit.jupiter.engine.e**cution.InvocationInterceptorChain.invoke(InvocationInterceptorChain.java:37)
	at org.junit.jupiter.engine.e**cution.E**cutableInvoker.invoke(E**cutableInvoker.java:104)
	at org.junit.jupiter.engine.e**cution.E**cutableInvoker.invoke(E**cutableInvoker.java:98)
	at org.junit.jupiter.engine.descriptor.TestMethodTestDescriptor.lambda$invokeTestMethod$6(TestMethodTestDescriptor.java:210)
	at org.junit.platform.engine.support.hierarchical.ThrowableCollector.e**cute(ThrowableCollector.java:73)
	at org.junit.jupiter.engine.descriptor.TestMethodTestDescriptor.invokeTestMethod(TestMethodTestDescriptor.java:206)
	at org.junit.jupiter.engine.descriptor.TestMethodTestDescriptor.e**cute(TestMethodTestDescriptor.java:131)
	at org.junit.jupiter.engine.descriptor.TestMethodTestDescriptor.e**cute(TestMethodTestDescriptor.java:65)
	at org.junit.platform.engine.support.hierarchical.NodeTestTask.lambda$e**cuteRecursively$5(NodeTestTask.java:139)
	at org.junit.platform.engine.support.hierarchical.ThrowableCollector.e**cute(ThrowableCollector.java:73)
	at org.junit.platform.engine.support.hierarchical.NodeTestTask.lambda$e**cuteRecursively$7(NodeTestTask.java:129)
	at org.junit.platform.engine.support.hierarchical.Node.around(Node.java:137)
	at org.junit.platform.engine.support.hierarchical.NodeTestTask.lambda$e**cuteRecursively$8(NodeTestTask.java:127)
	at org.junit.platform.engine.support.hierarchical.ThrowableCollector.e**cute(ThrowableCollector.java:73)
	at org.junit.platform.engine.support.hierarchical.NodeTestTask.e**cuteRecursively(NodeTestTask.java:126)
	at org.junit.platform.engine.support.hierarchical.NodeTestTask.e**cute(NodeTestTask.java:84)
	at java.base/java.util.ArrayList.forEach(ArrayList.java:1540)
	at org.junit.platform.engine.support.hierarchical.SameThreadHierarchicalTestE**cutorService.invokeAll(SameThreadHierarchicalTestE**cutorService.java:38)
	at org.junit.platform.engine.support.hierarchical.NodeTestTask.lambda$e**cuteRecursively$5(NodeTestTask.java:143)
	at org.junit.platform.engine.support.hierarchical.ThrowableCollector.e**cute(ThrowableCollector.java:73)
	at org.junit.platform.engine.support.hierarchical.NodeTestTask.lambda$e**cuteRecursively$7(NodeTestTask.java:129)
	at org.junit.platform.engine.support.hierarchical.Node.around(Node.java:137)
	at org.junit.platform.engine.support.hierarchical.NodeTestTask.lambda$e**cuteRecursively$8(NodeTestTask.java:127)
	at org.junit.platform.engine.support.hierarchical.ThrowableCollector.e**cute(ThrowableCollector.java:73)
	at org.junit.platform.engine.support.hierarchical.NodeTestTask.e**cuteRecursively(NodeTestTask.java:126)
	at org.junit.platform.engine.support.hierarchical.NodeTestTask.e**cute(NodeTestTask.java:84)
	at java.base/java.util.ArrayList.forEach(ArrayList.java:1540)
	at org.junit.platform.engine.support.hierarchical.SameThreadHierarchicalTestE**cutorService.invokeAll(SameThreadHierarchicalTestE**cutorService.java:38)
	at org.junit.platform.engine.support.hierarchical.NodeTestTask.lambda$e**cuteRecursively$5(NodeTestTask.java:143)
	at org.junit.platform.engine.support.hierarchical.ThrowableCollector.e**cute(ThrowableCollector.java:73)
	at org.junit.platform.engine.support.hierarchical.NodeTestTask.lambda$e**cuteRecursively$7(NodeTestTask.java:129)
	at org.junit.platform.engine.support.hierarchical.Node.around(Node.java:137)
	at org.junit.platform.engine.support.hierarchical.NodeTestTask.lambda$e**cuteRecursively$8(NodeTestTask.java:127)
	at org.junit.platform.engine.support.hierarchical.ThrowableCollector.e**cute(ThrowableCollector.java:73)
	at org.junit.platform.engine.support.hierarchical.NodeTestTask.e**cuteRecursively(NodeTestTask.java:126)
	at org.junit.platform.engine.support.hierarchical.NodeTestTask.e**cute(NodeTestTask.java:84)
	at org.junit.platform.engine.support.hierarchical.SameThreadHierarchicalTestE**cutorService.submit(SameThreadHierarchicalTestE**cutorService.java:32)
	at org.junit.platform.engine.support.hierarchical.HierarchicalTestE**cutor.e**cute(HierarchicalTestE**cutor.java:57)
	at org.junit.platform.engine.support.hierarchical.HierarchicalTestEngine.e**cute(HierarchicalTestEngine.java:51)
	at org.junit.platform.launcher.core.EngineE**cutionOrchestrator.e**cute(EngineE**cutionOrchestrator.java:108)
	at org.junit.platform.launcher.core.EngineE**cutionOrchestrator.e**cute(EngineE**cutionOrchestrator.java:88)
	at org.junit.platform.launcher.core.EngineE**cutionOrchestrator.lambda$e**cute$0(EngineE**cutionOrchestrator.java:54)
	at org.junit.platform.launcher.core.EngineE**cutionOrchestrator.withInterceptedStreams(EngineE**cutionOrchestrator.java:67)
	at org.junit.platform.launcher.core.EngineE**cutionOrchestrator.e**cute(EngineE**cutionOrchestrator.java:52)
	at org.junit.platform.launcher.core.DefaultLauncher.e**cute(DefaultLauncher.java:96)
	at org.junit.platform.launcher.core.DefaultLauncher.e**cute(DefaultLauncher.java:75)
	at org.apache.maven.surefire.junitplatform.JUnitPlatformProvider.invokeAllTests(JUnitPlatformProvider.java:142)
	at org.apache.maven.surefire.junitplatform.JUnitPlatformProvider.invoke(JUnitPlatformProvider.java:117)
	at org.apache.maven.surefire.booter.ForkedBooter.invokeProviderInSameClassLoader(ForkedBooter.java:384)
	at org.apache.maven.surefire.booter.ForkedBooter.runSuitesInProcess(ForkedBooter.java:345)
	at org.apache.maven.surefire.booter.ForkedBooter.e**cute(ForkedBooter.java:126)
	at org.apache.maven.surefire.booter.ForkedBooter.main(ForkedBooter.java:418)

Mar 29, 2021 9:47:18 AM org.entando.kubernetes.client.KubernetesRestInterceptor invoke
INFO: Exiting method load in class org.entando.kubernetes.controller.support.client.EntandoResourceClient
Mar 29, 2021 9:47:18 AM org.entando.kubernetes.controller.support.controller.AbstractDbAwareController performSync
SEVERE: Unexpected exception occurred while adding EntandoCompositeApp entando-k8s-composite-app-controller-carcms31/my-app-carcms31
java.lang.IllegalStateException: Could not find the EntandoPlugin 'test-plugin-carcms31' in the namespace entando-k8s-composite-app-controller-carcms31
	at org.entando.kubernetes.client.DefaultEntandoResourceClient.lambda$notFound$5(DefaultEntandoResourceClient.java:199)
	at org.entando.kubernetes.client.DefaultEntandoResourceClient.lambda$load$6(DefaultEntandoResourceClient.java:205)
	at java.base/java.util.Optional.orElseThrow(Optional.java:408)
	at org.entando.kubernetes.client.DefaultEntandoResourceClient.load(DefaultEntandoResourceClient.java:205)
	at java.base/jdk.internal.reflect.NativeMethodAccessorImpl.invoke0(Native Method)
	at java.base/jdk.internal.reflect.NativeMethodAccessorImpl.invoke(NativeMethodAccessorImpl.java:62)
	at java.base/jdk.internal.reflect.DelegatingMethodAccessorImpl.invoke(DelegatingMethodAccessorImpl.java:43)
	at java.base/java.lang.reflect.Method.invoke(Method.java:566)
	at org.entando.kubernetes.client.KubernetesRestInterceptor.invoke(KubernetesRestInterceptor.java:49)
	at com.sun.proxy.$Proxy31.load(Unknown Source)
	at org.entando.kubernetes.compositeapp.controller.EntandoCompositeAppController.prepareReference(EntandoCompositeAppController.java:146)
	at org.entando.kubernetes.compositeapp.controller.EntandoCompositeAppController.synchronizeDeploymentState(EntandoCompositeAppController.java:88)
	at org.entando.kubernetes.compositeapp.controller.EntandoCompositeAppController.synchronizeDeploymentState(EntandoCompositeAppController.java:56)
	at org.entando.kubernetes.controller.support.controller.AbstractDbAwareController.performSync(AbstractDbAwareController.java:158)
	at org.entando.kubernetes.controller.support.controller.AbstractDbAwareController.processCommand(AbstractDbAwareController.java:130)
	at org.entando.kubernetes.compositeapp.controller.EntandoCompositeAppController.onStartup(EntandoCompositeAppController.java:80)
	at org.entando.kubernetes.compositeapp.controller.inprocesstests.CompositeAppControllerMockedTest.startController(CompositeAppControllerMockedTest.java:179)
	at org.entando.kubernetes.compositeapp.controller.inprocesstests.CompositeAppControllerMockedTest.performCreate(CompositeAppControllerMockedTest.java:103)
	at org.entando.kubernetes.compositeapp.controller.inprocesstests.CompositeAppControllerMockedTest.shouldRemoveSuccessfullyCompletedPods(CompositeAppControllerMockedTest.java:169)
	at java.base/jdk.internal.reflect.NativeMethodAccessorImpl.invoke0(Native Method)
	at java.base/jdk.internal.reflect.NativeMethodAccessorImpl.invoke(NativeMethodAccessorImpl.java:62)
	at java.base/jdk.internal.reflect.DelegatingMethodAccessorImpl.invoke(DelegatingMethodAccessorImpl.java:43)
	at java.base/java.lang.reflect.Method.invoke(Method.java:566)
	at org.junit.platform.commons.util.ReflectionUtils.invokeMethod(ReflectionUtils.java:688)
	at org.junit.jupiter.engine.e**cution.MethodInvocation.proceed(MethodInvocation.java:60)
	at org.junit.jupiter.engine.e**cution.InvocationInterceptorChain$ValidatingInvocation.proceed(InvocationInterceptorChain.java:131)
	at org.junit.jupiter.engine.extension.TimeoutExtension.intercept(TimeoutExtension.java:149)
	at org.junit.jupiter.engine.extension.TimeoutExtension.interceptTestableMethod(TimeoutExtension.java:140)
	at org.junit.jupiter.engine.extension.TimeoutExtension.interceptTestMethod(TimeoutExtension.java:84)
	at org.junit.jupiter.engine.e**cution.E**cutableInvoker$ReflectiveInterceptorCall.lambda$ofVoidMethod$0(E**cutableInvoker.java:115)
	at org.junit.jupiter.engine.e**cution.E**cutableInvoker.lambda$invoke$0(E**cutableInvoker.java:105)
	at org.junit.jupiter.engine.e**cution.InvocationInterceptorChain$InterceptedInvocation.proceed(InvocationInterceptorChain.java:106)
	at org.junit.jupiter.engine.e**cution.InvocationInterceptorChain.proceed(InvocationInterceptorChain.java:64)
	at org.junit.jupiter.engine.e**cution.InvocationInterceptorChain.chainAndInvoke(InvocationInterceptorChain.java:45)
	at org.junit.jupiter.engine.e**cution.InvocationInterceptorChain.invoke(InvocationInterceptorChain.java:37)
	at org.junit.jupiter.engine.e**cution.E**cutableInvoker.invoke(E**cutableInvoker.java:104)
	at org.junit.jupiter.engine.e**cution.E**cutableInvoker.invoke(E**cutableInvoker.java:98)
	at org.junit.jupiter.engine.descriptor.TestMethodTestDescriptor.lambda$invokeTestMethod$6(TestMethodTestDescriptor.java:210)
	at org.junit.platform.engine.support.hierarchical.ThrowableCollector.e**cute(ThrowableCollector.java:73)
	at org.junit.jupiter.engine.descriptor.TestMethodTestDescriptor.invokeTestMethod(TestMethodTestDescriptor.java:206)
	at org.junit.jupiter.engine.descriptor.TestMethodTestDescriptor.e**cute(TestMethodTestDescriptor.java:131)
	at org.junit.jupiter.engine.descriptor.TestMethodTestDescriptor.e**cute(TestMethodTestDescriptor.java:65)
	at org.junit.platform.engine.support.hierarchical.NodeTestTask.lambda$e**cuteRecursively$5(NodeTestTask.java:139)
	at org.junit.platform.engine.support.hierarchical.ThrowableCollector.e**cute(ThrowableCollector.java:73)
	at org.junit.platform.engine.support.hierarchical.NodeTestTask.lambda$e**cuteRecursively$7(NodeTestTask.java:129)
	at org.junit.platform.engine.support.hierarchical.Node.around(Node.java:137)
	at org.junit.platform.engine.support.hierarchical.NodeTestTask.lambda$e**cuteRecursively$8(NodeTestTask.java:127)
	at org.junit.platform.engine.support.hierarchical.ThrowableCollector.e**cute(ThrowableCollector.java:73)
	at org.junit.platform.engine.support.hierarchical.NodeTestTask.e**cuteRecursively(NodeTestTask.java:126)
	at org.junit.platform.engine.support.hierarchical.NodeTestTask.e**cute(NodeTestTask.java:84)
	at java.base/java.util.ArrayList.forEach(ArrayList.java:1540)
	at org.junit.platform.engine.support.hierarchical.SameThreadHierarchicalTestE**cutorService.invokeAll(SameThreadHierarchicalTestE**cutorService.java:38)
	at org.junit.platform.engine.support.hierarchical.NodeTestTask.lambda$e**cuteRecursively$5(NodeTestTask.java:143)
	at org.junit.platform.engine.support.hierarchical.ThrowableCollector.e**cute(ThrowableCollector.java:73)
	at org.junit.platform.engine.support.hierarchical.NodeTestTask.lambda$e**cuteRecursively$7(NodeTestTask.java:129)
	at org.junit.platform.engine.support.hierarchical.Node.around(Node.java:137)
	at org.junit.platform.engine.support.hierarchical.NodeTestTask.lambda$e**cuteRecursively$8(NodeTestTask.java:127)
	at org.junit.platform.engine.support.hierarchical.ThrowableCollector.e**cute(ThrowableCollector.java:73)
	at org.junit.platform.engine.support.hierarchical.NodeTestTask.e**cuteRecursively(NodeTestTask.java:126)
	at org.junit.platform.engine.support.hierarchical.NodeTestTask.e**cute(NodeTestTask.java:84)
	at java.base/java.util.ArrayList.forEach(ArrayList.java:1540)
	at org.junit.platform.engine.support.hierarchical.SameThreadHierarchicalTestE**cutorService.invokeAll(SameThreadHierarchicalTestE**cutorService.java:38)
	at org.junit.platform.engine.support.hierarchical.NodeTestTask.lambda$e**cuteRecursively$5(NodeTestTask.java:143)
	at org.junit.platform.engine.support.hierarchical.ThrowableCollector.e**cute(ThrowableCollector.java:73)
	at org.junit.platform.engine.support.hierarchical.NodeTestTask.lambda$e**cuteRecursively$7(NodeTestTask.java:129)
	at org.junit.platform.engine.support.hierarchical.Node.around(Node.java:137)
	at org.junit.platform.engine.support.hierarchical.NodeTestTask.lambda$e**cuteRecursively$8(NodeTestTask.java:127)
	at org.junit.platform.engine.support.hierarchical.ThrowableCollector.e**cute(ThrowableCollector.java:73)
	at org.junit.platform.engine.support.hierarchical.NodeTestTask.e**cuteRecursively(NodeTestTask.java:126)
	at org.junit.platform.engine.support.hierarchical.NodeTestTask.e**cute(NodeTestTask.java:84)
	at org.junit.platform.engine.support.hierarchical.SameThreadHierarchicalTestE**cutorService.submit(SameThreadHierarchicalTestE**cutorService.java:32)
	at org.junit.platform.engine.support.hierarchical.HierarchicalTestE**cutor.e**cute(HierarchicalTestE**cutor.java:57)
	at org.junit.platform.engine.support.hierarchical.HierarchicalTestEngine.e**cute(HierarchicalTestEngine.java:51)
	at org.junit.platform.launcher.core.EngineE**cutionOrchestrator.e**cute(EngineE**cutionOrchestrator.java:108)
	at org.junit.platform.launcher.core.EngineE**cutionOrchestrator.e**cute(EngineE**cutionOrchestrator.java:88)
	at org.junit.platform.launcher.core.EngineE**cutionOrchestrator.lambda$e**cute$0(EngineE**cutionOrchestrator.java:54)
	at org.junit.platform.launcher.core.EngineE**cutionOrchestrator.withInterceptedStreams(EngineE**cutionOrchestrator.java:67)
	at org.junit.platform.launcher.core.EngineE**cutionOrchestrator.e**cute(EngineE**cutionOrchestrator.java:52)
	at org.junit.platform.launcher.core.DefaultLauncher.e**cute(DefaultLauncher.java:96)
	at org.junit.platform.launcher.core.DefaultLauncher.e**cute(DefaultLauncher.java:75)
	at org.apache.maven.surefire.junitplatform.JUnitPlatformProvider.invokeAllTests(JUnitPlatformProvider.java:142)
	at org.apache.maven.surefire.junitplatform.JUnitPlatformProvider.invoke(JUnitPlatformProvider.java:117)
	at org.apache.maven.surefire.booter.ForkedBooter.invokeProviderInSameClassLoader(ForkedBooter.java:384)
	at org.apache.maven.surefire.booter.ForkedBooter.runSuitesInProcess(ForkedBooter.java:345)
	at org.apache.maven.surefire.booter.ForkedBooter.e**cute(ForkedBooter.java:126)
	at org.apache.maven.surefire.booter.ForkedBooter.main(ForkedBooter.java:418)

Mar 29, 2021 9:47:18 AM org.entando.kubernetes.client.KubernetesRestInterceptor invoke
INFO: Entering method deploymentFailed in class org.entando.kubernetes.controller.support.client.EntandoResourceClient with EntandoCompositeApp: entando-k8s-composite-app-controller-carcms31/my-app-carcms31
Mar 29, 2021 9:47:18 AM okhttp3.mockwebserver.MockWebServer$3 processOneRequest
INFO: MockWebServer[51496] received request: POST /api/v1/namespaces/entando-k8s-composite-app-controller-carcms31/events HTTP/1.1 and responded: HTTP/1.1 202 OK
Mar 29, 2021 9:47:18 AM okhttp3.mockwebserver.MockWebServer$3 processOneRequest
INFO: MockWebServer[51496] received request: GET /apis/entando.org/v1/namespaces/entando-k8s-composite-app-controller-carcms31/entandocompositeapps/my-app-carcms31 HTTP/1.1 and responded: HTTP/1.1 200 OK
Mar 29, 2021 9:47:18 AM okhttp3.mockwebserver.MockWebServer$3 processOneRequest
INFO: MockWebServer[51496] received request: PUT /apis/entando.org/v1/namespaces/entando-k8s-composite-app-controller-carcms31/entandocompositeapps/my-app-carcms31/status HTTP/1.1 and responded: HTTP/1.1 202 OK
Mar 29, 2021 9:47:19 AM org.entando.kubernetes.client.KubernetesRestInterceptor invoke
INFO: Exiting method deploymentFailed in class org.entando.kubernetes.controller.support.client.EntandoResourceClient
Mar 29, 2021 9:47:19 AM okhttp3.mockwebserver.MockWebServer$3 processOneRequest
INFO: MockWebServer[51496] received request: GET /api/v1/namespaces/entando-k8s-composite-app-controller-carcms31/pods?labelSelector=EntandoResourceKind%3DEntandoKeycloakServer%2CEntandoKeycloakServer%3Dtest-keycloak-carcms31 HTTP/1.1 and responded: HTTP/1.1 200 OK
Mar 29, 2021 9:47:19 AM org.entando.kubernetes.client.KubernetesRestInterceptor invoke
INFO: Entering method getPodWatcherQueue in class org.entando.kubernetes.controller.support.client.PodWaitingClient
Mar 29, 2021 9:47:19 AM org.entando.kubernetes.client.KubernetesRestInterceptor invoke
INFO: Exiting method getPodWatcherQueue in class org.entando.kubernetes.controller.support.client.PodWaitingClient
Mar 29, 2021 9:47:19 AM okhttp3.mockwebserver.MockWebServer$2 acceptConnections
INFO: MockWebServer[51496] done accepting connections: Socket closed
[INFO] Tests run: 4, Failures: 0, Errors: 0, Skipped: 0, Time elapsed: 42.875 s - in org.entando.kubernetes.compositeapp.controller.inprocesstests.CompositeAppControllerMockedTest
[INFO] 
[INFO] Results:
[INFO] 
[INFO] Tests run: 4, Failures: 0, Errors: 0, Skipped: 0
[INFO] 
[INFO] 
[INFO] --- maven-jar-plugin:3.2.0:jar (default-jar) @ entando-k8s-composite-app-controller ---
[INFO] Building jar: /workspace/source/target/entando-k8s-composite-app-controller-6.3.5.jar
[INFO] 
[INFO] --- license-maven-plugin:2.0.0:aggregate-download-licenses (download-licenses) @ entando-k8s-composite-app-controller ---
[INFO] skip flag is on, will skip goal.
[INFO] 
[INFO] --- maven-jar-plugin:3.2.0:test-jar (build-test-jar) @ entando-k8s-composite-app-controller ---
[INFO] Building jar: /workspace/source/target/entando-k8s-composite-app-controller-6.3.5-tests.jar
[INFO] 
[INFO] --- maven-source-plugin:3.2.1:jar-no-fork (attach-sources) @ entando-k8s-composite-app-controller ---
[INFO] Building jar: /workspace/source/target/entando-k8s-composite-app-controller-6.3.5-sources.jar
[INFO] 
[INFO] >>> maven-source-plugin:3.2.1:test-jar (attach-sources) > generate-sources @ entando-k8s-composite-app-controller >>>
[INFO] 
[INFO] --- maven-checkstyle-plugin:3.1.1:check (validate) @ entando-k8s-composite-app-controller ---
[INFO] Starting audit...
Audit done.
[INFO] You have 0 Checkstyle violations.
[INFO] 
[INFO] --- maven-checkstyle-plugin:3.1.1:checkstyle (validate) @ entando-k8s-composite-app-controller ---
[INFO] Starting audit...
Audit done.
[INFO] 
[INFO] --- jacoco-maven-plugin:0.8.5:prepare-agent (prepare-agent) @ entando-k8s-composite-app-controller ---
[INFO] argLine set to -javaagent:/home/jenkins/.mvnrepository/org/jacoco/org.jacoco.agent/0.8.5/org.jacoco.agent-0.8.5-runtime.jar=destfile=/workspace/source/target/jacoco.e**c
[INFO] 
[INFO] <<< maven-source-plugin:3.2.1:test-jar (attach-sources) < generate-sources @ entando-k8s-composite-app-controller <<<
[INFO] 
[INFO] 
[INFO] --- maven-source-plugin:3.2.1:test-jar (attach-sources) @ entando-k8s-composite-app-controller ---
[INFO] Building jar: /workspace/source/target/entando-k8s-composite-app-controller-6.3.5-test-sources.jar
[INFO] 
[INFO] --- maven-javadoc-plugin:3.2.0:jar (attach-javadocs) @ entando-k8s-composite-app-controller ---
[INFO] No previous run data found, generating javadoc.
[INFO] Building jar: /workspace/source/target/entando-k8s-composite-app-controller-6.3.5-javadoc.jar
[INFO] 
[INFO] --- quarkus-maven-plugin:1.2.0.Final:build (default) @ entando-k8s-composite-app-controller ---
[WARNING] [io.quarkus.creator.curator.Curator] These dependencies are not recommended:
	- javax.servlet:javax.servlet-api should be replaced by jakarta.servlet:jakarta.servlet-api
You might end up with two different versions of the same classes or with an artifact you shouldn't have in your classpath.
[INFO] [org.jboss.threads] JBoss Threads version 3.0.0.Final
[WARNING] [io.quarkus.deployment.steps.ReflectiveHierarchyStep] Unable to properly register the hierarchy of the following classes for reflection as they are not in the Jandex index:
	- org.entando.kubernetes.model.EntandoCustomResourceStatus
Consider adding them to the index either by creating a Jandex index for your dependency via the Maven plugin, an empty META-INF/beans.xml or quarkus.index-dependency properties.");.
[INFO] [io.quarkus.deployment.pkg.steps.JarResultBuildStep] Building thin jar: /workspace/source/target/entando-k8s-composite-app-controller-6.3.5-runner.jar
[INFO] [io.quarkus.deployment.QuarkusAugmentor] Quarkus augmentation completed in 1812ms
[INFO] 
[INFO] --- maven-surefire-report-plugin:3.0.0-M4:failsafe-report-only (integration-tests) @ entando-k8s-composite-app-controller ---
[INFO] 
[INFO] --- dependency-check-maven:6.0.3:aggregate (default) @ entando-k8s-composite-app-controller ---
[INFO] Checking for updates
[INFO] Skipping NVD check since last check was within 4 hours.
[INFO] Check for updates complete (66 ms)
[INFO] 

Dependency-Check is an open source tool performing a best effort analysis of 3rd party dependencies; false positives and false negatives may exist in the analysis performed by the tool. Use of the tool and the reporting provided constitutes acceptance for use in an AS IS condition, and there are NO warranties, implied or otherwise, with regard to the analysis or its use. Any use of the tool and the reporting provided is at the userâ€™s risk. In no event shall the copyright holder or OWASP be held liable for any damages whatsoever arising out of or in connection with the use of this tool, the analysis performed, or the resulting report.


[INFO] Analysis Started
[INFO] Finished Archive Analyzer (0 seconds)
[INFO] Finished File Name Analyzer (0 seconds)
[INFO] Finished Jar Analyzer (0 seconds)
[INFO] Finished Dependency Merging Analyzer (0 seconds)
[INFO] Finished Version Filter Analyzer (0 seconds)
[INFO] Finished Hint Analyzer (0 seconds)
[INFO] Created CPE Index (2 seconds)
[INFO] Finished CPE Analyzer (4 seconds)
[INFO] Finished False Positive Analyzer (0 seconds)
[INFO] Finished NVD CVE Analyzer (0 seconds)
[INFO] Finished Sonatype OSS Index Analyzer (1 seconds)
[INFO] Finished Vulnerability Suppression Analyzer (0 seconds)
[INFO] Finished Dependency Bundling Analyzer (0 seconds)
[INFO] Analysis Complete (8 seconds)
[INFO] 
[INFO] --- jacoco-maven-plugin:0.8.5:report (report) @ entando-k8s-composite-app-controller ---
[INFO] Loading e**cution data file /workspace/source/target/jacoco.e**c
[INFO] Analyzed bundle 'Entando K8S Composite App Controller' with 1 classes
[INFO] 
[INFO] --- maven-gpg-plugin:1.6:sign (sign-artifacts) @ entando-k8s-composite-app-controller ---
gpg: WARNING: unsafe permissions on homedir `********************'
gpg: WARNING: unsafe permissions on homedir `********************'
gpg: WARNING: unsafe permissions on homedir `********************'
gpg: WARNING: unsafe permissions on homedir `********************'
gpg: WARNING: unsafe permissions on homedir `********************'
gpg: WARNING: unsafe permissions on homedir `********************'
[INFO] 
[INFO] --- maven-surefire-report-plugin:3.0.0-M4:report-only (unit-tests) @ entando-k8s-composite-app-controller ---
[WARNING] Unable to locate Test Source XRef to link to - DISABLED
[INFO] 
[INFO] --- maven-install-plugin:2.4:install (default-install) @ entando-k8s-composite-app-controller ---
[INFO] Installing /workspace/source/target/entando-k8s-composite-app-controller-6.3.5.jar to /home/jenkins/.mvnrepository/org/entando/entando-k8s-composite-app-controller/6.3.5/entando-k8s-composite-app-controller-6.3.5.jar
[INFO] Installing /workspace/source/pom.xml to /home/jenkins/.mvnrepository/org/entando/entando-k8s-composite-app-controller/6.3.5/entando-k8s-composite-app-controller-6.3.5.pom
[INFO] Installing /workspace/source/target/entando-k8s-composite-app-controller-6.3.5-tests.jar to /home/jenkins/.mvnrepository/org/entando/entando-k8s-composite-app-controller/6.3.5/entando-k8s-composite-app-controller-6.3.5-tests.jar
[INFO] Installing /workspace/source/target/entando-k8s-composite-app-controller-6.3.5-sources.jar to /home/jenkins/.mvnrepository/org/entando/entando-k8s-composite-app-controller/6.3.5/entando-k8s-composite-app-controller-6.3.5-sources.jar
[INFO] Installing /workspace/source/target/entando-k8s-composite-app-controller-6.3.5-test-sources.jar to /home/jenkins/.mvnrepository/org/entando/entando-k8s-composite-app-controller/6.3.5/entando-k8s-composite-app-controller-6.3.5-test-sources.jar
[INFO] Installing /workspace/source/target/entando-k8s-composite-app-controller-6.3.5-javadoc.jar to /home/jenkins/.mvnrepository/org/entando/entando-k8s-composite-app-controller/6.3.5/entando-k8s-composite-app-controller-6.3.5-javadoc.jar
[INFO] Installing /workspace/source/target/entando-k8s-composite-app-controller-6.3.5.jar.asc to /home/jenkins/.mvnrepository/org/entando/entando-k8s-composite-app-controller/6.3.5/entando-k8s-composite-app-controller-6.3.5.jar.asc
[INFO] Installing /workspace/source/target/entando-k8s-composite-app-controller-6.3.5.pom.asc to /home/jenkins/.mvnrepository/org/entando/entando-k8s-composite-app-controller/6.3.5/entando-k8s-composite-app-controller-6.3.5.pom.asc
[INFO] Installing /workspace/source/target/entando-k8s-composite-app-controller-6.3.5-tests.jar.asc to /home/jenkins/.mvnrepository/org/entando/entando-k8s-composite-app-controller/6.3.5/entando-k8s-composite-app-controller-6.3.5-tests.jar.asc
[INFO] Installing /workspace/source/target/entando-k8s-composite-app-controller-6.3.5-sources.jar.asc to /home/jenkins/.mvnrepository/org/entando/entando-k8s-composite-app-controller/6.3.5/entando-k8s-composite-app-controller-6.3.5-sources.jar.asc
[INFO] Installing /workspace/source/target/entando-k8s-composite-app-controller-6.3.5-test-sources.jar.asc to /home/jenkins/.mvnrepository/org/entando/entando-k8s-composite-app-controller/6.3.5/entando-k8s-composite-app-controller-6.3.5-test-sources.jar.asc
[INFO] Installing /workspace/source/target/entando-k8s-composite-app-controller-6.3.5-javadoc.jar.asc to /home/jenkins/.mvnrepository/org/entando/entando-k8s-composite-app-controller/6.3.5/entando-k8s-composite-app-controller-6.3.5-javadoc.jar.asc
[INFO] 
[INFO] --- maven-deploy-plugin:2.8.2:deploy (default-deploy) @ entando-k8s-composite-app-controller ---
[INFO] Using alternate deployment repository local-nexus::default::http://nexus/repository/maven-releases/
[INFO] 
[INFO] --- maven-site-plugin:3.9.0:site (default-site) @ entando-k8s-composite-app-controller ---
[INFO] configuring report plugin org.apache.maven.plugins:maven-project-info-reports-plugin:3.0.0
[INFO] 9 reports configured for maven-project-info-reports-plugin:3.0.0: dependency-info, distribution-management, index, ci-management, issue-management, licenses, plugins, scm, summary
[INFO] Rendering site with default locale English (en)
[WARNING] Unable to find a URL to the parent project. The parent menu will NOT be added.
[INFO] Relativizing decoration links with respect to localized project URL: https://central.entando.com
[INFO] Rendering content with org.apache.maven.skins:maven-default-skin:jar:1.3 skin.
[INFO] Generating "Dependency Information" report --- maven-project-info-reports-plugin:3.0.0:dependency-info
[INFO] Generating "About" report         --- maven-project-info-reports-plugin:3.0.0:index
[INFO] Generating "Issue Management" report --- maven-project-info-reports-plugin:3.0.0:issue-management
[INFO] Generating "Licenses" report      --- maven-project-info-reports-plugin:3.0.0:licenses
[INFO] Generating "Plugins" report       --- maven-project-info-reports-plugin:3.0.0:plugins
[INFO] Generating "Source Code Management" report --- maven-project-info-reports-plugin:3.0.0:scm
[INFO] Generating "Summary" report       --- maven-project-info-reports-plugin:3.0.0:summary
[INFO] 
[INFO] ----------< org.entando:entando-k8s-composite-app-controller >----------
[INFO] Building Entando K8S Composite App Controller 6.3.5
[INFO] --------------------------------[ jar ]---------------------------------
[INFO] 
[INFO] --- sonar-maven-plugin:3.8.0.2131:sonar (default-cli) @ entando-k8s-composite-app-controller ---
[INFO] User cache: /****/.sonar/cache
[INFO] SonarQube version: 8.5.0
[INFO] Default locale: "en", source code encoding: "UTF-8"
[INFO] Load global settings
[INFO] Load global settings (done) | time=244ms
[INFO] Server id: 1BD809FA-AWHW8ct9-T_TB3XqouNu
[INFO] User cache: /****/.sonar/cache
[INFO] Load/download plugins
[INFO] Load plugins index
[INFO] Load plugins index (done) | time=78ms
[INFO] Load/download plugins (done) | time=25156ms
[INFO] Loaded core extensions: developer-scanner
[INFO] JavaScript/TypeScript frontend is enabled
[INFO] Load project settings for component key: 'entando-k8s_entando-k8s-composite-app-controller'
[INFO] Load project settings for component key: 'entando-k8s_entando-k8s-composite-app-controller' (done) | time=29ms
[INFO] Process project properties
[INFO] E**cute project builders
[INFO] E**cute project builders (done) | time=2ms
[INFO] Project key: entando-k8s_entando-k8s-composite-app-controller
[INFO] Base dir: /workspace/source
[INFO] Working dir: /workspace/source/target/sonar
[INFO] Load project branches
[INFO] Load project branches (done) | time=36ms
[INFO] Check ALM binding of project 'entando-k8s_entando-k8s-composite-app-controller'
[INFO] Detected project binding: BOUND
[INFO] Check ALM binding of project 'entando-k8s_entando-k8s-composite-app-controller' (done) | time=28ms
[INFO] Load project pull requests
[INFO] Load project pull requests (done) | time=32ms
[INFO] Load branch configuration
[INFO] Load branch configuration (done) | time=2ms
[INFO] Load quality profiles
[INFO] Load quality profiles (done) | time=85ms
[INFO] Load active rules
[INFO] Load active rules (done) | time=1349ms
[INFO] Organization key: entando-k8s
[INFO] Indexing files...
[INFO] Project configuration:
[WARNING] Exception caught during e**cution of command '[/usr/local/git/bin/git, config, --******, --edit]' in '/usr/local/git/bin', return code '128', error message 'fatal: Invalid path '/usr/local/git/etc': No such file or directory
'
[INFO] 7 files inde**d
[INFO] 0 files ignored because of scm ignore settings
[INFO] Quality profile for java: Sonar way
[INFO] Quality profile for xml: Sonar way
[INFO] ------------- Run sensors on module Entando K8S Composite App Controller
[INFO] JavaScript/TypeScript frontend is enabled
[INFO] Load metrics repository
[INFO] Load metrics repository (done) | time=37ms
[INFO] Sensor JavaSquidSensor [java]
[INFO] Configured Java source version (sonar.java.source): 9
[INFO] JavaClasspath initialization
[INFO] JavaClasspath initialization (done) | time=20ms
[INFO] JavaTestClasspath initialization
[INFO] JavaTestClasspath initialization (done) | time=1ms
[INFO] Java Main Files AST scan
[INFO] 1 source file to be analyzed
[INFO] Load project repositories
[INFO] Load project repositories (done) | time=42ms
[INFO] 1/1 source file has been analyzed
[INFO] Java Main Files AST scan (done) | time=3139ms
[INFO] Java Test Files AST scan
[INFO] 5 source files to be analyzed
[INFO] 5/5 source files have been analyzed
[INFO] Java Test Files AST scan (done) | time=908ms
[INFO] Java Generated Files AST scan
[INFO] 0 source files to be analyzed
[INFO] 0/0 source files have been analyzed
[INFO] Java Generated Files AST scan (done) | time=1ms
[INFO] Sensor JavaSquidSensor [java] (done) | time=4492ms
[INFO] Sensor SonarCSS Rules [cssfamily]
[INFO] No CSS, PHP, HTML or VueJS files are found in the project. CSS analysis is skipped.
[INFO] Sensor SonarCSS Rules [cssfamily] (done) | time=3ms
[INFO] Sensor C# Project Type Information [csharp]
[INFO] Sensor C# Project Type Information [csharp] (done) | time=3ms
[INFO] Sensor C# Properties [csharp]
[INFO] Sensor C# Properties [csharp] (done) | time=2ms
[INFO] Sensor Import of Checkstyle issues [java]
[INFO] Importing /workspace/source/target/checkstyle-result.xml
[INFO] Sensor Import of Checkstyle issues [java] (done) | time=80ms
[INFO] Sensor SurefireSensor [java]
[INFO] parsing [/workspace/source/target/surefire-reports]
[INFO] Sensor SurefireSensor [java] (done) | time=33ms
[INFO] Sensor JavaXmlSensor [java]
[INFO] 1 source file to be analyzed
[INFO] 1/1 source file has been analyzed
[INFO] Sensor JavaXmlSensor [java] (done) | time=263ms
[INFO] Sensor HTML [web]
[INFO] Sensor HTML [web] (done) | time=6ms
[INFO] Sensor XML Sensor [xml]
[INFO] 1 source file to be analyzed
[INFO] 1/1 source file has been analyzed
[INFO] Sensor XML Sensor [xml] (done) | time=222ms
[INFO] Sensor VB.NET Project Type Information [vbnet]
[INFO] Sensor VB.NET Project Type Information [vbnet] (done) | time=2ms
[INFO] Sensor VB.NET Properties [vbnet]
[INFO] Sensor VB.NET Properties [vbnet] (done) | time=2ms
[INFO] Sensor JaCoCo XML Report Importer [jacoco]
[INFO] Importing 1 report(s). Turn your logs in debug mode in order to see the exhaustive list.
[INFO] Sensor JaCoCo XML Report Importer [jacoco] (done) | time=24ms
[INFO] Sensor ThymeLeaf template sensor [securityjavafrontend]
[INFO] Sensor ThymeLeaf template sensor [securityjavafrontend] (done) | time=3ms
[INFO] Sensor JavaSecuritySensor [security]
[INFO] Reading type hierarchy from: /workspace/source/target/sonar/ucfg2/java
[INFO] Read 68 type definitions
[INFO] Reading UCFGs from: /workspace/source/target/sonar/ucfg2/java
[INFO] 09:48:29.172187 Building Runtime Type propagation graph
[INFO] 09:48:29.180082 Running Tarjan on 68 nodes
[INFO] 09:48:29.181913 Tarjan found 65 components
[INFO] 09:48:29.184172 Variable type analysis: done
[INFO] 09:48:29.184765 Building Runtime Type propagation graph
[INFO] 09:48:29.187333 Running Tarjan on 68 nodes
[INFO] 09:48:29.187779 Tarjan found 65 components
[INFO] 09:48:29.188245 Variable type analysis: done
[INFO] Analyzing 10 ucfgs to detect vulnerabilities.
[INFO] All rules entrypoints : 0 Retained UCFGs : 0
[INFO] rule: S5131, entrypoints: 0
[INFO] rule: S5131 done
[INFO] rule: S3649, entrypoints: 0
[INFO] rule: S3649 done
[INFO] rule: S2076, entrypoints: 0
[INFO] rule: S2076 done
[INFO] rule: S2091, entrypoints: 0
[INFO] rule: S2091 done
[INFO] rule: S2078, entrypoints: 0
[INFO] rule: S2078 done
[INFO] rule: S2631, entrypoints: 0
[INFO] rule: S2631 done
[INFO] rule: S5135, entrypoints: 0
[INFO] rule: S5135 done
[INFO] rule: S2083, entrypoints: 0
[INFO] rule: S2083 done
[INFO] rule: S5167, entrypoints: 0
[INFO] rule: S5167 done
[INFO] rule: S5144, entrypoints: 0
[INFO] rule: S5144 done
[INFO] rule: S5145, entrypoints: 0
[INFO] rule: S5145 done
[INFO] rule: S5146, entrypoints: 0
[INFO] rule: S5146 done
[INFO] rule: S5334, entrypoints: 0
[INFO] rule: S5334 done
[INFO] rule: S6096, entrypoints: 0
[INFO] rule: S6096 done
[INFO] Sensor JavaSecuritySensor [security] (done) | time=480ms
[INFO] Sensor CSharpSecuritySensor [security]
[INFO] Reading type hierarchy from: /workspace/source/target/ucfg_cs2
[INFO] Read 0 type definitions
[INFO] Reading UCFGs from: /workspace/source/target/ucfg_cs2
[INFO] No UCFGs have been included for analysis.
[INFO] Sensor CSharpSecuritySensor [security] (done) | time=1ms
[INFO] Sensor PhpSecuritySensor [security]
[INFO] Reading type hierarchy from: /workspace/source/target/sonar/ucfg2/php
[INFO] Read 0 type definitions
[INFO] Reading UCFGs from: /workspace/source/target/sonar/ucfg2/php
[INFO] No UCFGs have been included for analysis.
[INFO] Sensor PhpSecuritySensor [security] (done) | time=1ms
[INFO] Sensor PythonSecuritySensor [security]
[INFO] Reading type hierarchy from: /workspace/source/target/sonar/ucfg2/python
[INFO] Read 0 type definitions
[INFO] Reading UCFGs from: /workspace/source/target/sonar/ucfg2/python
[INFO] No UCFGs have been included for analysis.
[INFO] Sensor PythonSecuritySensor [security] (done) | time=1ms
[INFO] Sensor JsSecuritySensor [security]
[INFO] Reading type hierarchy from: /workspace/source/target/sonar/ucfg2/js
[INFO] Read 0 type definitions
[INFO] Reading UCFGs from: /workspace/source/target/sonar/ucfg2/js
[INFO] No UCFGs have been included for analysis.
[INFO] Sensor JsSecuritySensor [security] (done) | time=1ms
[INFO] ------------- Run sensors on project
[INFO] Sensor Zero Coverage Sensor
[INFO] Sensor Zero Coverage Sensor (done) | time=0ms
[INFO] Sensor Java CPD Block Inde**r
[INFO] Sensor Java CPD Block Inde**r (done) | time=44ms
[INFO] SCM Publisher SCM provider for this project is: git
[INFO] SCM Publisher 7 source files to be analyzed
[WARNING] Shallow clone detected, no blame information will be provided. You can convert to non-shallow with 'git fetch --unshallow'.
[INFO] SCM Publisher 0/7 source files have been analyzed (done) | time=4ms
[WARNING] Missing blame information for the following files:
[WARNING]   * src/test/java/org/entando/kubernetes/compositeapp/controller/inprocesstests/CompositeAppControllerMockedTest.java
[WARNING]   * src/test/java/org/entando/kubernetes/compositeapp/controller/interprocesstests/EntandoCompositeAppIntegrationTestHelper.java
[WARNING]   * src/test/java/org/entando/kubernetes/compositeapp/controller/interprocesstests/CompositeAppControllerIntegratedTest.java
[WARNING]   * src/main/java/org/entando/kubernetes/compositeapp/controller/EntandoCompositeAppController.java
[WARNING]   * src/test/java/org/entando/kubernetes/compositeapp/controller/ImageVersionPreparation.java
[WARNING]   * src/test/java/org/entando/kubernetes/compositeapp/controller/AbstractCompositeAppControllerTest.java
[WARNING]   * pom.xml
[WARNING] This may lead to missing/broken features in SonarCloud
[INFO] CPD E**cutor Calculating CPD for 1 file
[INFO] CPD E**cutor CPD calculation finished (done) | time=18ms
[INFO] Analysis report generated in 143ms, dir size=253 KB
[INFO] Analysis report compressed in 21ms, zip size=63 KB
[INFO] Analysis report uploaded in 118ms
[INFO] ANALYSIS SUCCESSFUL, you can find the results at: https://sonarcloud.io/dashboard?id=entando-k8s_entando-k8s-composite-app-controller
[INFO] Note that you will be able to access the updated dashboard once the server has processed the submitted analysis report
[INFO] More about the report processing at https://sonarcloud.io/api/ce/task?id=AXh9Ynz1uBow4rJi6G-l
[INFO] Analysis total time: 11.180 s
[INFO] ------------------------------------------------------------------------
[INFO] BUILD SUCCESS
[INFO] ------------------------------------------------------------------------
[INFO] Total time:  02:15 min
[INFO] Finished at: 2021-03-29T09:48:29Z
[INFO] ------------------------------------------------------------------------
Congratulations! No build failures found for entando-k8s-composite-app-controller-master.

Showing logs for build [32mentando-k8s-entando-k8s-composi-dhnxl-31[0m stage [32mfrom-build-pack[0m and container [32mstep-build-container-build[0m
Generating tags...
 - entando/entando-k8s-composite-app-controller -> docker.io/entando/entando-k8s-composite-app-controller:6.3.5
Checking cache...
 - entando/entando-k8s-composite-app-controller: Not found. Building
Building [entando/entando-k8s-composite-app-controller]...
Sending build context to Docker daemon  142.3kB
Step 1/7 : FROM entando/entando-k8s-operator-common:6.3.14
 ---> c7692d31ab27
Step 2/7 : ARG VERSION
 ---> Using cache
 ---> 732f1f059bff
Step 3/7 : LABEL name "Entando K8S Composite App Controller" vendor "Entando" version "v${VERSION}" release "6" summary "This container processes EntandoCompositeApp custom resources." description "This is a run-to-completion container. It will deploy all the components defined in the                    EntandoCompositeApp  to your cluster.                   Subsequent e**cutions of this container against the same EntandoCompositeApp will patch the existing                   deployment resources"
 ---> Running in d7b8bf136722
 ---> bbff92888c63
Step 4/7 : ENV JAVA_OPTIONS "-Djava.util.logging.manager=org.jboss.logmanager.LogManager"
 ---> Running in 3c4fb0996c38
 ---> 882ca307295e
Step 5/7 : ENV AB_ENABLED jmx_exporter
 ---> Running in f1e1dce7cbc1
 ---> 5cf5ae887818
Step 6/7 : COPY target/*-runner.jar /deployments/app.jar
 ---> 140c5b1063c1
Step 7/7 : ENTRYPOINT /deployments/run-java.sh
 ---> Running in a85bc2fa81ba
 ---> dcb65a35866c
Successfully built dcb65a35866c
The push refers to a repository [docker.io/entando/entando-k8s-composite-app-controller]
54ccb9704448: Preparing
f93ebae669c6: Preparing
cef35cf50126: Preparing
370850393e79: Preparing
f0a25ae36dcc: Preparing
04a05557bbad: Preparing
821b0c400fe6: Preparing
04a05557bbad: Waiting
821b0c400fe6: Waiting
f93ebae669c6: Layer already exists
cef35cf50126: Layer already exists
f0a25ae36dcc: Layer already exists
370850393e79: Layer already exists
04a05557bbad: Layer already exists
821b0c400fe6: Layer already exists
54ccb9704448: Pushed
6.3.5: digest: sha256:dd3b6755021de23b9567b3bd9ecdc3adaf409b6cb3c0f25b979807ceddc7773c size: 1791
There is a new version (1.21.0) of Skaffold available. Download it at https://storage.googleapis.com/skaffold/releases/latest/skaffold-linux-amd64


Showing logs for build [32mentando-k8s-entando-k8s-composi-dhnxl-31[0m stage [32mfrom-build-pack[0m and container [32mstep-postbuild-post-build[0m
no CVE provider running in the current ** namespace so skip adding image to be analysed

Showing logs for build [32mentando-k8s-entando-k8s-composi-dhnxl-31[0m stage [32mfrom-build-pack[0m and container [32mstep-promote-changelog[0m
Converted /workspace/source to an unshallow repository
Generating change log from git ref 6b2c1e36400bcf41c23922d3de41b3fc0ab27490 => c9add787d3f520edbe3c363bb14cac1c076f52a8
Associating user ampie in users.jenkins.io with email ampie.private@gmail.com to git GitProvider user with login ampie-barnard as emails match
Adding label jenkins.io/git-github-userid=ampie-barnard to user ampie in users.jenkins.io
Associating user ampie in users.jenkins.io with email ampie.private@gmail.com to git GitProvider user with login ampie-barnard as emails match
Adding label jenkins.io/git-github-userid=ampie-barnard to user ampie in users.jenkins.io
Finding issues in commit messages using git format
Associating user ampie in users.jenkins.io with email ampie.private@gmail.com to git GitProvider user with login ampie-barnard as emails match
Adding label jenkins.io/git-github-userid=ampie-barnard to user ampie in users.jenkins.io
Associating user ampie in users.jenkins.io with email ampie.private@gmail.com to git GitProvider user with login ampie-barnard as emails match
Adding label jenkins.io/git-github-userid=ampie-barnard to user ampie in users.jenkins.io
WARNING: No release found for entando-k8s/entando-k8s-composite-app-controller and tag v6.3.5 so creating a new release
Updated the release information at https://github.com/entando-k8s/entando-k8s-composite-app-controller/releases/tag/v6.3.5
generated: /workspace/source/charts/entando-k8s-composite-app-controller/templates/release.yaml
Created Release entando-k8s-composite-app-controller-6-3-5 resource in namespace **
Updating PipelineActivity entando-k8s-entando-k8s-composite-app-controller-master-31 with version 6.3.5
Updated PipelineActivities entando-k8s-entando-k8s-composite-app-controller-master-31 with release notes URL: https://github.com/entando-k8s/entando-k8s-composite-app-controller/releases/tag/v6.3.5

Showing logs for build [32mentando-k8s-entando-k8s-composi-dhnxl-31[0m stage [32mfrom-build-pack[0m and container [32mstep-promote-update-image-map[0m
Publishing image info for entando-k8s-composite-app-controller
configmap/entando-docker-image-info-v6.3 patched
