
Showing logs for build [32mentando-k8s-entando-k8s-composi-j88bb-33[0m stage [32mfrom-build-pack[0m and container [32mstep-credential-initializer-l4wfq[0m
Unable to retrieve container logs for docker://f62fcc318802bf5dc057e559ce722c4cfdbcfea83897bb2e9d88ad6e27e7444f

Showing logs for build [32mentando-k8s-entando-k8s-composi-j88bb-33[0m stage [32mfrom-build-pack[0m and container [32mstep-working-dir-initializer-6bl6m[0m
Unable to retrieve container logs for docker://f0ed5b36c5eea803836b984b5a359e58f8b6d49aadf7df48a3a7d6e48119bd0d

Showing logs for build [32mentando-k8s-entando-k8s-composi-j88bb-33[0m stage [32mfrom-build-pack[0m and container [32mstep-place-tools[0m
Unable to retrieve container logs for docker://349524a671e9097c5d266890d551a27e0ba2d158d1812e4a272c50d7fed15d2d

Showing logs for build [32mentando-k8s-entando-k8s-composi-j88bb-33[0m stage [32mfrom-build-pack[0m and container [32mstep-git-source-entando-k8s-entando-k8s-composi-vfnz9[0m
{"level":"warn","ts":1617117884.4058511,"logger":"fallback-logger","caller":"logging/config.go:69","msg":"Fetch GitHub commit ID from kodata failed: \"ref: refs/heads/0.8.0-**-support-backwards-incompats\" is not a valid GitHub commit ID"}
{"level":"info","ts":1617117885.1220846,"logger":"fallback-logger","caller":"git/git.go:103","msg":"Successfully cloned https://github.com/entando-k8s/entando-k8s-composite-app-controller.git @ v6.3.7 in path /workspace/source"}

Showing logs for build [32mentando-k8s-entando-k8s-composi-j88bb-33[0m stage [32mfrom-build-pack[0m and container [32mstep-git-merge[0m
Using SHAs from PULL_REFS=master:18be90e5817064afabcdec07d8b9f3ac9b25fb12
WARNING: no SHAs to merge, falling back to initial cloned commit

Showing logs for build [32mentando-k8s-entando-k8s-composi-j88bb-33[0m stage [32mfrom-build-pack[0m and container [32mstep-setup-jx-git-credentials[0m
Generated Git credentials file /workspace/xdg_config/git/credentials

Showing logs for build [32mentando-k8s-entando-k8s-composi-j88bb-33[0m stage [32mfrom-build-pack[0m and container [32mstep-build-fetch-history-for-sonar[0m
From https://github.com/entando-k8s/entando-k8s-composite-app-controller
 * [new branch]      ENG-2114_refined_pvc_logic -> origin/ENG-2114_refined_pvc_logic
 * [new branch]      ENG-561_support_for_h2_pvc -> origin/ENG-561_support_for_h2_pvc
 * [new branch]      master     -> origin/master
 * [new branch]      poste      -> origin/poste
 * [new branch]      pr-test    -> origin/pr-test
 * [new tag]         v6.3.7     -> v6.3.7

Showing logs for build [32mentando-k8s-entando-k8s-composi-j88bb-33[0m stage [32mfrom-build-pack[0m and container [32mstep-build-mvn-deploy-release[0m
Picked up _JAVA_OPTIONS: -XX:+UnlockExperimentalVMOptions -Dsun.zip.disableMemoryMapping=**** -XX:+UseParallelGC -XX:MinHeapFreeRatio=5 -XX:MaxHeapFreeRatio=10 -XX:GCTimeRatio=4 -XX:AdaptiveSizePolicyWeight=90 -Xms1000m -Xmx12000m
[INFO] Scanning for projects...
[INFO] 
[INFO] ----------< org.entando:entando-k8s-composite-app-controller >----------
[INFO] Building Entando K8S Composite App Controller 6.3.7
[INFO] --------------------------------[ jar ]---------------------------------
[INFO] 
[INFO] --- maven-clean-plugin:2.5:clean (default-clean) @ entando-k8s-composite-app-controller ---
[INFO] 
[INFO] --- maven-checkstyle-plugin:3.1.1:check (validate) @ entando-k8s-composite-app-controller ---
[INFO] Starting audit...
Audit done.
[INFO] You have 0 Checkstyle violations.
[INFO] 
[INFO] --- maven-checkstyle-plugin:3.1.1:checkstyle (validate) @ entando-k8s-composite-app-controller ---
[INFO] Starting audit...
Audit done.
[INFO] 
[INFO] --- jacoco-maven-plugin:0.8.5:prepare-agent (prepare-agent) @ entando-k8s-composite-app-controller ---
[INFO] argLine set to -javaagent:/home/jenkins/.mvnrepository/org/jacoco/org.jacoco.agent/0.8.5/org.jacoco.agent-0.8.5-runtime.jar=destfile=/workspace/source/target/jacoco.e**c
[INFO] 
[INFO] --- maven-resources-plugin:2.6:resources (default-resources) @ entando-k8s-composite-app-controller ---
[INFO] Using 'UTF-8' encoding to copy filtered resources.
[INFO] Copying 3 resources
[INFO] 
[INFO] --- maven-compiler-plugin:3.8.1:compile (default-compile) @ entando-k8s-composite-app-controller ---
[INFO] Changes detected - recompiling the module!
[INFO] Compiling 1 source file to /workspace/source/target/classes
[INFO] 
[INFO] --- maven-resources-plugin:2.6:testResources (default-testResources) @ entando-k8s-composite-app-controller ---
[INFO] Using 'UTF-8' encoding to copy filtered resources.
[INFO] Copying 6 resources
[INFO] 
[INFO] --- maven-compiler-plugin:3.8.1:testCompile (default-testCompile) @ entando-k8s-composite-app-controller ---
[INFO] Changes detected - recompiling the module!
[INFO] Compiling 5 source files to /workspace/source/target/test-classes
[INFO] 
[INFO] --- maven-surefire-plugin:3.0.0-M1:test (default-test) @ entando-k8s-composite-app-controller ---
[INFO] 
[INFO] -------------------------------------------------------
[INFO]  T E S T S
[INFO] -------------------------------------------------------
[INFO] Running org.entando.kubernetes.compositeapp.controller.inprocesstests.CompositeAppControllerMockedTest
Mar 30, 2021 3:25:15 PM okhttp3.mockwebserver.MockWebServer$2 e**cute
INFO: MockWebServer[58708] starting to accept connections
Mar 30, 2021 3:25:16 PM okhttp3.mockwebserver.MockWebServer$3 processOneRequest
INFO: MockWebServer[58708] received request: GET /api/v1/namespaces/entando HTTP/1.1 and responded: HTTP/1.1 404 Client Error
Mar 30, 2021 3:25:16 PM okhttp3.mockwebserver.MockWebServer$3 processOneRequest
INFO: MockWebServer[58708] received request: POST /api/v1/namespaces HTTP/1.1 and responded: HTTP/1.1 202 OK
Mar 30, 2021 3:25:16 PM org.entando.kubernetes.client.KubernetesRestInterceptor invoke
INFO: Entering method loadDockerImageInfoConfigMap in class org.entando.kubernetes.controller.support.client.EntandoResourceClient
Mar 30, 2021 3:25:16 PM okhttp3.mockwebserver.MockWebServer$3 processOneRequest
INFO: MockWebServer[58708] received request: GET /api/v1/namespaces/entando/configmaps/entando-docker-image-info-v6.3 HTTP/1.1 and responded: HTTP/1.1 404 Client Error
Mar 30, 2021 3:25:16 PM org.entando.kubernetes.client.KubernetesRestInterceptor invoke
INFO: Exiting method loadDockerImageInfoConfigMap in class org.entando.kubernetes.controller.support.client.EntandoResourceClient
Mar 30, 2021 3:25:16 PM okhttp3.mockwebserver.MockWebServer$3 processOneRequest
INFO: MockWebServer[58708] received request: GET /api/v1/namespaces/entando/configmaps/entando-docker-image-info-v6.3 HTTP/1.1 and responded: HTTP/1.1 404 Client Error
Mar 30, 2021 3:25:16 PM okhttp3.mockwebserver.MockWebServer$3 processOneRequest
INFO: MockWebServer[58708] received request: POST /api/v1/namespaces/entando/configmaps HTTP/1.1 and responded: HTTP/1.1 202 OK
Mar 30, 2021 3:25:17 PM okhttp3.mockwebserver.MockWebServer$3 processOneRequest
INFO: MockWebServer[58708] received request: GET /api/v1/namespaces/entando/configmaps/entando-docker-image-info-v6.3 HTTP/1.1 and responded: HTTP/1.1 200 OK
Mar 30, 2021 3:25:17 PM okhttp3.mockwebserver.MockWebServer$3 processOneRequest
INFO: MockWebServer[58708] received request: GET /api/v1/namespaces/entando/configmaps/entando-docker-image-info-v6.3 HTTP/1.1 and responded: HTTP/1.1 200 OK
Mar 30, 2021 3:25:17 PM okhttp3.mockwebserver.MockWebServer$3 processOneRequest
INFO: MockWebServer[58708] received request: GET /api/v1/namespaces/entando/configmaps/entando-docker-image-info-v6.3 HTTP/1.1 and responded: HTTP/1.1 200 OK
Mar 30, 2021 3:25:17 PM okhttp3.mockwebserver.MockWebServer$3 processOneRequest
INFO: MockWebServer[58708] received request: PATCH /api/v1/namespaces/entando/configmaps/entando-docker-image-info-v6.3 HTTP/1.1 and responded: HTTP/1.1 202 OK
Mar 30, 2021 3:25:17 PM org.entando.kubernetes.client.KubernetesRestInterceptor invoke
INFO: Entering method createOrPatchEntandoResource in class org.entando.kubernetes.controller.support.client.EntandoResourceClient with EntandoPlugin: entando-k8s-composite-app-controller-carcms33/test-plugin-carcms33
Mar 30, 2021 3:25:17 PM okhttp3.mockwebserver.MockWebServer$3 processOneRequest
INFO: MockWebServer[58708] received request: GET /apis/apiextensions.k8s.io/v1beta1/customresourcedefinitions/entandoplugins.entando.org HTTP/1.1 and responded: HTTP/1.1 404 Client Error
Mar 30, 2021 3:25:17 PM okhttp3.mockwebserver.MockWebServer$3 processOneRequest
INFO: MockWebServer[58708] received request: POST /apis/apiextensions.k8s.io/v1beta1/customresourcedefinitions HTTP/1.1 and responded: HTTP/1.1 202 OK
Mar 30, 2021 3:25:17 PM okhttp3.mockwebserver.MockWebServer$3 processOneRequest
INFO: MockWebServer[58708] received request: GET /api/v1/namespaces/entando-k8s-composite-app-controller-carcms33 HTTP/1.1 and responded: HTTP/1.1 404 Client Error
Mar 30, 2021 3:25:17 PM okhttp3.mockwebserver.MockWebServer$3 processOneRequest
INFO: MockWebServer[58708] received request: GET /apis/entando.org/v1/namespaces/default/entandoplugins HTTP/1.1 and responded: HTTP/1.1 200 OK
Mar 30, 2021 3:25:18 PM okhttp3.mockwebserver.MockWebServer$3 processOneRequest
INFO: MockWebServer[58708] received request: GET /api/v1/namespaces/entando-k8s-composite-app-controller-carcms33 HTTP/1.1 and responded: HTTP/1.1 404 Client Error
Mar 30, 2021 3:25:18 PM okhttp3.mockwebserver.MockWebServer$3 processOneRequest
INFO: MockWebServer[58708] received request: GET /apis/entando.org/v1/namespaces/default/entandoplugins HTTP/1.1 and responded: HTTP/1.1 200 OK
Mar 30, 2021 3:25:18 PM okhttp3.mockwebserver.MockWebServer$3 processOneRequest
INFO: MockWebServer[58708] received request: GET /apis/entando.org/v1/namespaces/entando-k8s-composite-app-controller-carcms33/entandoplugins/test-plugin-carcms33 HTTP/1.1 and responded: HTTP/1.1 404 Client Error
Mar 30, 2021 3:25:18 PM okhttp3.mockwebserver.MockWebServer$3 processOneRequest
INFO: MockWebServer[58708] received request: POST /apis/entando.org/v1/namespaces/entando-k8s-composite-app-controller-carcms33/entandoplugins HTTP/1.1 and responded: HTTP/1.1 202 OK
Mar 30, 2021 3:25:18 PM org.entando.kubernetes.client.KubernetesRestInterceptor invoke
INFO: Exiting method createOrPatchEntandoResource in class org.entando.kubernetes.controller.support.client.EntandoResourceClient
Mar 30, 2021 3:25:18 PM okhttp3.mockwebserver.MockWebServer$3 processOneRequest
INFO: MockWebServer[58708] received request: GET /apis/apiextensions.k8s.io/v1beta1/customresourcedefinitions/entandocompositeapps.entando.org HTTP/1.1 and responded: HTTP/1.1 404 Client Error
Mar 30, 2021 3:25:18 PM okhttp3.mockwebserver.MockWebServer$3 processOneRequest
INFO: MockWebServer[58708] received request: POST /apis/apiextensions.k8s.io/v1beta1/customresourcedefinitions HTTP/1.1 and responded: HTTP/1.1 202 OK
Mar 30, 2021 3:25:18 PM okhttp3.mockwebserver.MockWebServer$3 processOneRequest
INFO: MockWebServer[58708] received request: GET /api/v1/namespaces/entando-k8s-composite-app-controller-carcms33 HTTP/1.1 and responded: HTTP/1.1 404 Client Error
Mar 30, 2021 3:25:18 PM okhttp3.mockwebserver.MockWebServer$3 processOneRequest
INFO: MockWebServer[58708] received request: GET /apis/entando.org/v1/namespaces/default/entandocompositeapps HTTP/1.1 and responded: HTTP/1.1 200 OK
Mar 30, 2021 3:25:18 PM okhttp3.mockwebserver.MockWebServer$3 processOneRequest
INFO: MockWebServer[58708] received request: GET /api/v1/namespaces/entando-k8s-composite-app-controller-carcms33 HTTP/1.1 and responded: HTTP/1.1 404 Client Error
Mar 30, 2021 3:25:18 PM okhttp3.mockwebserver.MockWebServer$3 processOneRequest
INFO: MockWebServer[58708] received request: GET /apis/entando.org/v1/namespaces/default/entandocompositeapps HTTP/1.1 and responded: HTTP/1.1 200 OK
Mar 30, 2021 3:25:19 PM okhttp3.mockwebserver.MockWebServer$3 processOneRequest
INFO: MockWebServer[58708] received request: POST /apis/entando.org/v1/namespaces/entando-k8s-composite-app-controller-carcms33/entandocompositeapps HTTP/1.1 and responded: HTTP/1.1 202 OK
Mar 30, 2021 3:25:19 PM org.entando.kubernetes.client.KubernetesRestInterceptor invoke
INFO: Entering method loadOperatorConfig in class org.entando.kubernetes.controller.support.client.EntandoResourceClient
Mar 30, 2021 3:25:19 PM okhttp3.mockwebserver.MockWebServer$3 processOneRequest
INFO: MockWebServer[58708] received request: GET /api/v1/namespaces/entando-k8s-composite-app-controller-carcms33/configmaps/entando-operator-config HTTP/1.1 and responded: HTTP/1.1 404 Client Error
Mar 30, 2021 3:25:19 PM org.entando.kubernetes.client.KubernetesRestInterceptor invoke
INFO: Exiting method loadOperatorConfig in class org.entando.kubernetes.controller.support.client.EntandoResourceClient
Mar 30, 2021 3:25:19 PM org.entando.kubernetes.client.KubernetesRestInterceptor invoke
INFO: Entering method load in class org.entando.kubernetes.controller.support.client.EntandoResourceClient with class org.entando.kubernetes.model.compositeapp.EntandoCompositeApp,entando-k8s-composite-app-controller-carcms33,my-app-carcms33
Mar 30, 2021 3:25:19 PM org.entando.kubernetes.client.KubernetesRestInterceptor invoke
INFO: Entering method getPodWatcherQueue in class org.entando.kubernetes.controller.support.client.PodWaitingClient
Mar 30, 2021 3:25:19 PM org.entando.kubernetes.client.KubernetesRestInterceptor invoke
INFO: Exiting method getPodWatcherQueue in class org.entando.kubernetes.controller.support.client.PodWaitingClient
Mar 30, 2021 3:25:19 PM okhttp3.mockwebserver.MockWebServer$3 processOneRequest
INFO: MockWebServer[58708] received request: GET /api/v1/namespaces/entando-k8s-composite-app-controller-carcms33 HTTP/1.1 and responded: HTTP/1.1 404 Client Error
Mar 30, 2021 3:25:19 PM okhttp3.mockwebserver.MockWebServer$3 processOneRequest
INFO: MockWebServer[58708] received request: GET /apis/entando.org/v1/namespaces/default/entandocompositeapps HTTP/1.1 and responded: HTTP/1.1 200 OK
Mar 30, 2021 3:25:19 PM okhttp3.mockwebserver.MockWebServer$3 processOneRequest
INFO: MockWebServer[58708] received request: GET /api/v1/namespaces/entando-k8s-composite-app-controller-carcms33 HTTP/1.1 and responded: HTTP/1.1 404 Client Error
Mar 30, 2021 3:25:19 PM okhttp3.mockwebserver.MockWebServer$3 processOneRequest
INFO: MockWebServer[58708] received request: GET /apis/entando.org/v1/namespaces/default/entandocompositeapps HTTP/1.1 and responded: HTTP/1.1 200 OK
Mar 30, 2021 3:25:19 PM okhttp3.mockwebserver.MockWebServer$3 processOneRequest
INFO: MockWebServer[58708] received request: GET /apis/entando.org/v1/namespaces/entando-k8s-composite-app-controller-carcms33/entandocompositeapps/my-app-carcms33 HTTP/1.1 and responded: HTTP/1.1 200 OK
Mar 30, 2021 3:25:19 PM org.entando.kubernetes.client.KubernetesRestInterceptor invoke
INFO: Exiting method load in class org.entando.kubernetes.controller.support.client.EntandoResourceClient
Mar 30, 2021 3:25:19 PM org.entando.kubernetes.client.KubernetesRestInterceptor invoke
INFO: Entering method updatePhase in class org.entando.kubernetes.controller.support.client.EntandoResourceClient with EntandoCompositeApp: entando-k8s-composite-app-controller-carcms33/my-app-carcms33
Mar 30, 2021 3:25:19 PM okhttp3.mockwebserver.MockWebServer$3 processOneRequest
INFO: MockWebServer[58708] received request: POST /api/v1/namespaces/entando-k8s-composite-app-controller-carcms33/events HTTP/1.1 and responded: HTTP/1.1 202 OK
Mar 30, 2021 3:25:19 PM okhttp3.mockwebserver.MockWebServer$3 processOneRequest
INFO: MockWebServer[58708] received request: GET /apis/entando.org/v1/namespaces/entando-k8s-composite-app-controller-carcms33/entandocompositeapps/my-app-carcms33 HTTP/1.1 and responded: HTTP/1.1 200 OK
Mar 30, 2021 3:25:19 PM okhttp3.mockwebserver.MockWebServer$3 processOneRequest
INFO: MockWebServer[58708] received request: PUT /apis/entando.org/v1/namespaces/entando-k8s-composite-app-controller-carcms33/entandocompositeapps/my-app-carcms33/status HTTP/1.1 and responded: HTTP/1.1 202 OK
Mar 30, 2021 3:25:19 PM org.entando.kubernetes.client.KubernetesRestInterceptor invoke
INFO: Exiting method updatePhase in class org.entando.kubernetes.controller.support.client.EntandoResourceClient
Mar 30, 2021 3:25:19 PM org.entando.kubernetes.client.KubernetesRestInterceptor invoke
INFO: Entering method loadDockerImageInfoConfigMap in class org.entando.kubernetes.controller.support.client.EntandoResourceClient
Mar 30, 2021 3:25:20 PM okhttp3.mockwebserver.MockWebServer$3 processOneRequest
INFO: MockWebServer[58708] received request: GET /api/v1/namespaces/entando/configmaps/entando-docker-image-info-v6.3 HTTP/1.1 and responded: HTTP/1.1 200 OK
Mar 30, 2021 3:25:20 PM org.entando.kubernetes.client.KubernetesRestInterceptor invoke
INFO: Exiting method loadDockerImageInfoConfigMap in class org.entando.kubernetes.controller.support.client.EntandoResourceClient
Mar 30, 2021 3:25:20 PM org.entando.kubernetes.client.KubernetesRestInterceptor invoke
INFO: Entering method createOrPatchEntandoResource in class org.entando.kubernetes.controller.support.client.EntandoResourceClient with EntandoKeycloakServer: entando-k8s-composite-app-controller-carcms33/test-keycloak-carcms33
Mar 30, 2021 3:25:20 PM okhttp3.mockwebserver.MockWebServer$3 processOneRequest
INFO: MockWebServer[58708] received request: GET /apis/apiextensions.k8s.io/v1beta1/customresourcedefinitions/entandokeycloakservers.entando.org HTTP/1.1 and responded: HTTP/1.1 404 Client Error
Mar 30, 2021 3:25:20 PM okhttp3.mockwebserver.MockWebServer$3 processOneRequest
INFO: MockWebServer[58708] received request: POST /apis/apiextensions.k8s.io/v1beta1/customresourcedefinitions HTTP/1.1 and responded: HTTP/1.1 202 OK
Mar 30, 2021 3:25:20 PM okhttp3.mockwebserver.MockWebServer$3 processOneRequest
INFO: MockWebServer[58708] received request: GET /api/v1/namespaces/entando-k8s-composite-app-controller-carcms33 HTTP/1.1 and responded: HTTP/1.1 404 Client Error
Mar 30, 2021 3:25:20 PM okhttp3.mockwebserver.MockWebServer$3 processOneRequest
INFO: MockWebServer[58708] received request: GET /apis/entando.org/v1/namespaces/default/entandokeycloakservers HTTP/1.1 and responded: HTTP/1.1 200 OK
Mar 30, 2021 3:25:20 PM okhttp3.mockwebserver.MockWebServer$3 processOneRequest
INFO: MockWebServer[58708] received request: GET /api/v1/namespaces/entando-k8s-composite-app-controller-carcms33 HTTP/1.1 and responded: HTTP/1.1 404 Client Error
Mar 30, 2021 3:25:20 PM okhttp3.mockwebserver.MockWebServer$3 processOneRequest
INFO: MockWebServer[58708] received request: GET /apis/entando.org/v1/namespaces/default/entandokeycloakservers HTTP/1.1 and responded: HTTP/1.1 200 OK
Mar 30, 2021 3:25:20 PM okhttp3.mockwebserver.MockWebServer$3 processOneRequest
INFO: MockWebServer[58708] received request: GET /apis/entando.org/v1/namespaces/entando-k8s-composite-app-controller-carcms33/entandokeycloakservers/test-keycloak-carcms33 HTTP/1.1 and responded: HTTP/1.1 404 Client Error
Mar 30, 2021 3:25:20 PM okhttp3.mockwebserver.MockWebServer$3 processOneRequest
INFO: MockWebServer[58708] received request: POST /apis/entando.org/v1/namespaces/entando-k8s-composite-app-controller-carcms33/entandokeycloakservers HTTP/1.1 and responded: HTTP/1.1 202 OK
Mar 30, 2021 3:25:20 PM org.entando.kubernetes.client.KubernetesRestInterceptor invoke
INFO: Exiting method createOrPatchEntandoResource in class org.entando.kubernetes.controller.support.client.EntandoResourceClient
Mar 30, 2021 3:25:20 PM org.entando.kubernetes.client.KubernetesRestInterceptor invoke
INFO: Entering method removeAndWait in class org.entando.kubernetes.controller.support.client.PodClient with entando-k8s-composite-app-controller-carcms33,{EntandoResourceNamespace=entando-k8s-composite-app-controller-carcms33, EntandoKeycloakServer=test-keycloak-carcms33, EntandoResourceKind=EntandoKeycloakServer}
Mar 30, 2021 3:25:20 PM okhttp3.mockwebserver.MockWebServer$3 processOneRequest
INFO: MockWebServer[58708] received request: GET /api/v1/namespaces/entando-k8s-composite-app-controller-carcms33/pods?labelSelector=EntandoResourceNamespace%3Dentando-k8s-composite-app-controller-carcms33%2CEntandoResourceKind%3DEntandoKeycloakServer%2CEntandoKeycloakServer%3Dtest-keycloak-carcms33 HTTP/1.1 and responded: HTTP/1.1 200 OK
Mar 30, 2021 3:25:21 PM org.entando.kubernetes.client.KubernetesRestInterceptor invoke
INFO: Entering method getPodWatcherQueue in class org.entando.kubernetes.controller.support.client.PodWaitingClient
Mar 30, 2021 3:25:21 PM org.entando.kubernetes.client.KubernetesRestInterceptor invoke
INFO: Exiting method getPodWatcherQueue in class org.entando.kubernetes.controller.support.client.PodWaitingClient
Mar 30, 2021 3:25:21 PM okhttp3.mockwebserver.MockWebServer$3 processOneRequest
INFO: MockWebServer[58708] received request: GET /api/v1/namespaces/entando-k8s-composite-app-controller-carcms33/pods?labelSelector=EntandoResourceNamespace%3Dentando-k8s-composite-app-controller-carcms33%2CEntandoResourceKind%3DEntandoKeycloakServer%2CEntandoKeycloakServer%3Dtest-keycloak-carcms33&watch=**** HTTP/1.1 and responded: HTTP/1.1 200 OK
Mar 30, 2021 3:25:21 PM okhttp3.mockwebserver.MockWebServer$3 processOneRequest
INFO: MockWebServer[58708] received request: GET /api/v1/namespaces/entando-k8s-composite-app-controller-carcms33/pods?labelSelector=EntandoResourceNamespace%3Dentando-k8s-composite-app-controller-carcms33%2CEntandoResourceKind%3DEntandoKeycloakServer%2CEntandoKeycloakServer%3Dtest-keycloak-carcms33&watch=**** HTTP/1.1 and responded: HTTP/1.1 200 OK
Mar 30, 2021 3:25:21 PM okhttp3.mockwebserver.MockWebServer$3 processOneRequest
INFO: MockWebServer[58708] received request: GET /api/v1/namespaces/entando-k8s-composite-app-controller-carcms33/pods?labelSelector=EntandoResourceNamespace%3Dentando-k8s-composite-app-controller-carcms33%2CEntandoResourceKind%3DEntandoKeycloakServer%2CEntandoKeycloakServer%3Dtest-keycloak-carcms33 HTTP/1.1 and responded: HTTP/1.1 200 OK
Mar 30, 2021 3:25:21 PM io.fabric8.kubernetes.client.dsl.internal.WatchHTTPManager$1 onResponse
INFO: Watch terminated unexpectedly. reason: \n not found: limit=46 content=7b2261706956657273696f6e223a227631222c226b696e64223a224c69737422â€¦
Mar 30, 2021 3:25:21 PM okhttp3.mockwebserver.MockWebServer$3 processOneRequest
INFO: MockWebServer[58708] received request: GET /api/v1/namespaces/entando-k8s-composite-app-controller-carcms33/pods?labelSelector=EntandoResourceNamespace%3Dentando-k8s-composite-app-controller-carcms33%2CEntandoResourceKind%3DEntandoKeycloakServer%2CEntandoKeycloakServer%3Dtest-keycloak-carcms33 HTTP/1.1 and responded: HTTP/1.1 200 OK
Mar 30, 2021 3:25:22 PM org.entando.kubernetes.client.KubernetesRestInterceptor invoke
INFO: Exiting method removeAndWait in class org.entando.kubernetes.controller.support.client.PodClient
Mar 30, 2021 3:25:22 PM okhttp3.mockwebserver.MockWebServer$3 processOneRequest
INFO: MockWebServer[58708] received request: GET /api/v1/namespaces/entando-k8s-composite-app-controller-carcms33/pods?labelSelector=EntandoResourceNamespace%3Dentando-k8s-composite-app-controller-carcms33%2CEntandoResourceKind%3DEntandoKeycloakServer%2CEntandoKeycloakServer%3Dtest-keycloak-carcms33&watch=**** HTTP/1.1 and responded: HTTP/1.1 200 OK
Mar 30, 2021 3:25:22 PM io.fabric8.kubernetes.client.dsl.internal.WatchHTTPManager$1 onResponse
INFO: Watch terminated unexpectedly. reason: \n not found: limit=46 content=7b2261706956657273696f6e223a227631222c226b696e64223a224c69737422â€¦
Mar 30, 2021 3:25:22 PM io.fabric8.kubernetes.client.dsl.internal.WatchHTTPManager scheduleReconnect
WARN: Ignoring error for already closed/closing connection
Mar 30, 2021 3:25:22 PM org.entando.kubernetes.client.KubernetesRestInterceptor invoke
INFO: Entering method runToCompletion in class org.entando.kubernetes.controller.support.client.PodClient with Pod: entando-k8s-composite-app-controller-carcms33/test-keycloak-carcms33-deployer-4956
Mar 30, 2021 3:25:22 PM okhttp3.mockwebserver.MockWebServer$3 processOneRequest
INFO: MockWebServer[58708] received request: POST /api/v1/namespaces/entando-k8s-composite-app-controller-carcms33/pods HTTP/1.1 and responded: HTTP/1.1 202 OK
Mar 30, 2021 3:25:22 PM org.entando.kubernetes.client.KubernetesRestInterceptor invoke
INFO: Entering method loadPod in class org.entando.kubernetes.controller.support.client.PodClient with entando-k8s-composite-app-controller-carcms33,[Ljava.lang.String;@456040b6
Mar 30, 2021 3:25:22 PM okhttp3.mockwebserver.MockWebServer$3 processOneRequest
INFO: MockWebServer[58708] received request: GET /api/v1/namespaces/entando-k8s-composite-app-controller-carcms33/pods?fieldSelector=metadata.name%3Dtest-keycloak-carcms33-deployer-4956&watch=**** HTTP/1.1 and responded: HTTP/1.1 200 OK
Mar 30, 2021 3:25:22 PM okhttp3.mockwebserver.MockWebServer$3 processOneRequest
INFO: MockWebServer[58708] received request: GET /api/v1/namespaces/entando-k8s-composite-app-controller-carcms33/pods?labelSelector=EntandoKeycloakServer%3Dtest-keycloak-carcms33 HTTP/1.1 and responded: HTTP/1.1 200 OK
Mar 30, 2021 3:25:22 PM org.entando.kubernetes.client.KubernetesRestInterceptor invoke
INFO: Exiting method loadPod in class org.entando.kubernetes.controller.support.client.PodClient
Mar 30, 2021 3:25:22 PM okhttp3.mockwebserver.MockWebServer$3 processOneRequest
INFO: MockWebServer[58708] received request: GET /api/v1/namespaces/entando-k8s-composite-app-controller-carcms33/pods?fieldSelector=metadata.name%3Dtest-keycloak-carcms33-deployer-4956&watch=**** HTTP/1.1 and responded: HTTP/1.1 200 OK
Mar 30, 2021 3:25:22 PM okhttp3.mockwebserver.MockWebServer$3 processOneRequest
INFO: MockWebServer[58708] received request: GET /api/v1/namespaces/entando-k8s-composite-app-controller-carcms33/pods/test-keycloak-carcms33-deployer-4956 HTTP/1.1 and responded: HTTP/1.1 200 OK
Mar 30, 2021 3:25:22 PM io.fabric8.kubernetes.client.dsl.internal.WatchHTTPManager$1 onResponse
INFO: Watch terminated unexpectedly. reason: \n not found: limit=2453 content=7b2261706956657273696f6e223a227631222c226b696e64223a224c69737422â€¦
Mar 30, 2021 3:25:22 PM okhttp3.mockwebserver.MockWebServer$3 processOneRequest
INFO: MockWebServer[58708] received request: PATCH /api/v1/namespaces/entando-k8s-composite-app-controller-carcms33/pods/test-keycloak-carcms33-deployer-4956 HTTP/1.1 and responded: HTTP/1.1 202 OK
Mar 30, 2021 3:25:22 PM org.entando.kubernetes.client.KubernetesRestInterceptor invoke
INFO: Entering method getPodWatcherQueue in class org.entando.kubernetes.controller.support.client.PodWaitingClient
Mar 30, 2021 3:25:22 PM org.entando.kubernetes.client.KubernetesRestInterceptor invoke
INFO: Exiting method getPodWatcherQueue in class org.entando.kubernetes.controller.support.client.PodWaitingClient
Mar 30, 2021 3:25:23 PM org.entando.kubernetes.client.KubernetesRestInterceptor invoke
INFO: Exiting method runToCompletion in class org.entando.kubernetes.controller.support.client.PodClient
Mar 30, 2021 3:25:23 PM org.entando.kubernetes.client.KubernetesRestInterceptor invoke
INFO: Entering method updateStatus in class org.entando.kubernetes.controller.support.client.EntandoResourceClient with EntandoCompositeApp: entando-k8s-composite-app-controller-carcms33/my-app-carcms33
Mar 30, 2021 3:25:23 PM okhttp3.mockwebserver.MockWebServer$3 processOneRequest
INFO: MockWebServer[58708] received request: GET /api/v1/namespaces/entando-k8s-composite-app-controller-carcms33/pods?fieldSelector=metadata.name%3Dtest-keycloak-carcms33-deployer-4956&watch=**** HTTP/1.1 and responded: HTTP/1.1 200 OK
Mar 30, 2021 3:25:23 PM io.fabric8.kubernetes.client.dsl.internal.WatchHTTPManager$1 onResponse
INFO: Watch terminated unexpectedly. reason: \n not found: limit=2637 content=7b2261706956657273696f6e223a227631222c226b696e64223a224c69737422â€¦
Mar 30, 2021 3:25:23 PM io.fabric8.kubernetes.client.dsl.internal.WatchHTTPManager scheduleReconnect
WARN: Ignoring error for already closed/closing connection
Mar 30, 2021 3:25:23 PM okhttp3.mockwebserver.MockWebServer$3 processOneRequest
INFO: MockWebServer[58708] received request: POST /api/v1/namespaces/entando-k8s-composite-app-controller-carcms33/events HTTP/1.1 and responded: HTTP/1.1 202 OK
Mar 30, 2021 3:25:23 PM okhttp3.mockwebserver.MockWebServer$3 processOneRequest
INFO: MockWebServer[58708] received request: GET /apis/entando.org/v1/namespaces/entando-k8s-composite-app-controller-carcms33/entandocompositeapps/my-app-carcms33 HTTP/1.1 and responded: HTTP/1.1 200 OK
Mar 30, 2021 3:25:23 PM okhttp3.mockwebserver.MockWebServer$3 processOneRequest
INFO: MockWebServer[58708] received request: PUT /apis/entando.org/v1/namespaces/entando-k8s-composite-app-controller-carcms33/entandocompositeapps/my-app-carcms33/status HTTP/1.1 and responded: HTTP/1.1 202 OK
Mar 30, 2021 3:25:23 PM org.entando.kubernetes.client.KubernetesRestInterceptor invoke
INFO: Exiting method updateStatus in class org.entando.kubernetes.controller.support.client.EntandoResourceClient
Mar 30, 2021 3:25:23 PM org.entando.kubernetes.client.KubernetesRestInterceptor invoke
INFO: Entering method load in class org.entando.kubernetes.controller.support.client.EntandoResourceClient with class org.entando.kubernetes.model.plugin.EntandoPlugin,entando-k8s-composite-app-controller-carcms33,test-plugin-carcms33
Mar 30, 2021 3:25:23 PM okhttp3.mockwebserver.MockWebServer$3 processOneRequest
INFO: MockWebServer[58708] received request: GET /apis/entando.org/v1/namespaces/entando-k8s-composite-app-controller-carcms33/entandoplugins/test-plugin-carcms33 HTTP/1.1 and responded: HTTP/1.1 200 OK
Mar 30, 2021 3:25:24 PM org.entando.kubernetes.client.KubernetesRestInterceptor invoke
INFO: Exiting method load in class org.entando.kubernetes.controller.support.client.EntandoResourceClient
Mar 30, 2021 3:25:24 PM org.entando.kubernetes.client.KubernetesRestInterceptor invoke
INFO: Entering method createOrPatchEntandoResource in class org.entando.kubernetes.controller.support.client.EntandoResourceClient with EntandoPlugin: entando-k8s-composite-app-controller-carcms33/test-plugin-carcms33
Mar 30, 2021 3:25:24 PM okhttp3.mockwebserver.MockWebServer$3 processOneRequest
INFO: MockWebServer[58708] received request: GET /apis/entando.org/v1/namespaces/entando-k8s-composite-app-controller-carcms33/entandoplugins/test-plugin-carcms33 HTTP/1.1 and responded: HTTP/1.1 200 OK
Mar 30, 2021 3:25:24 PM okhttp3.mockwebserver.MockWebServer$3 processOneRequest
INFO: MockWebServer[58708] received request: GET /apis/entando.org/v1/namespaces/entando-k8s-composite-app-controller-carcms33/entandoplugins/test-plugin-carcms33 HTTP/1.1 and responded: HTTP/1.1 200 OK
Mar 30, 2021 3:25:24 PM okhttp3.mockwebserver.MockWebServer$3 processOneRequest
INFO: MockWebServer[58708] received request: PATCH /apis/entando.org/v1/namespaces/entando-k8s-composite-app-controller-carcms33/entandoplugins/test-plugin-carcms33 HTTP/1.1 and responded: HTTP/1.1 202 OK
Mar 30, 2021 3:25:24 PM org.entando.kubernetes.client.KubernetesRestInterceptor invoke
INFO: Exiting method createOrPatchEntandoResource in class org.entando.kubernetes.controller.support.client.EntandoResourceClient
Mar 30, 2021 3:25:24 PM org.entando.kubernetes.client.KubernetesRestInterceptor invoke
INFO: Entering method removeAndWait in class org.entando.kubernetes.controller.support.client.PodClient with entando-k8s-composite-app-controller-carcms33,{EntandoResourceNamespace=entando-k8s-composite-app-controller-carcms33, EntandoPlugin=test-plugin-carcms33, EntandoResourceKind=EntandoPlugin}
Mar 30, 2021 3:25:24 PM okhttp3.mockwebserver.MockWebServer$3 processOneRequest
INFO: MockWebServer[58708] received request: GET /api/v1/namespaces/entando-k8s-composite-app-controller-carcms33/pods?labelSelector=EntandoPlugin%3Dtest-plugin-carcms33%2CEntandoResourceNamespace%3Dentando-k8s-composite-app-controller-carcms33%2CEntandoResourceKind%3DEntandoPlugin HTTP/1.1 and responded: HTTP/1.1 200 OK
Mar 30, 2021 3:25:24 PM org.entando.kubernetes.client.KubernetesRestInterceptor invoke
INFO: Entering method getPodWatcherQueue in class org.entando.kubernetes.controller.support.client.PodWaitingClient
Mar 30, 2021 3:25:24 PM org.entando.kubernetes.client.KubernetesRestInterceptor invoke
INFO: Exiting method getPodWatcherQueue in class org.entando.kubernetes.controller.support.client.PodWaitingClient
Mar 30, 2021 3:25:24 PM okhttp3.mockwebserver.MockWebServer$3 processOneRequest
INFO: MockWebServer[58708] received request: GET /api/v1/namespaces/entando-k8s-composite-app-controller-carcms33/pods?labelSelector=EntandoPlugin%3Dtest-plugin-carcms33%2CEntandoResourceNamespace%3Dentando-k8s-composite-app-controller-carcms33%2CEntandoResourceKind%3DEntandoPlugin&watch=**** HTTP/1.1 and responded: HTTP/1.1 200 OK
Mar 30, 2021 3:25:24 PM okhttp3.mockwebserver.MockWebServer$3 processOneRequest
INFO: MockWebServer[58708] received request: GET /api/v1/namespaces/entando-k8s-composite-app-controller-carcms33/pods?labelSelector=EntandoPlugin%3Dtest-plugin-carcms33%2CEntandoResourceNamespace%3Dentando-k8s-composite-app-controller-carcms33%2CEntandoResourceKind%3DEntandoPlugin HTTP/1.1 and responded: HTTP/1.1 200 OK
Mar 30, 2021 3:25:24 PM okhttp3.mockwebserver.MockWebServer$3 processOneRequest
INFO: MockWebServer[58708] received request: GET /api/v1/namespaces/entando-k8s-composite-app-controller-carcms33/pods?labelSelector=EntandoPlugin%3Dtest-plugin-carcms33%2CEntandoResourceNamespace%3Dentando-k8s-composite-app-controller-carcms33%2CEntandoResourceKind%3DEntandoPlugin&watch=**** HTTP/1.1 and responded: HTTP/1.1 200 OK
Mar 30, 2021 3:25:24 PM io.fabric8.kubernetes.client.dsl.internal.WatchHTTPManager$1 onResponse
INFO: Watch terminated unexpectedly. reason: \n not found: limit=46 content=7b2261706956657273696f6e223a227631222c226b696e64223a224c69737422â€¦
Mar 30, 2021 3:25:24 PM okhttp3.mockwebserver.MockWebServer$3 processOneRequest
INFO: MockWebServer[58708] received request: GET /api/v1/namespaces/entando-k8s-composite-app-controller-carcms33/pods?labelSelector=EntandoPlugin%3Dtest-plugin-carcms33%2CEntandoResourceNamespace%3Dentando-k8s-composite-app-controller-carcms33%2CEntandoResourceKind%3DEntandoPlugin HTTP/1.1 and responded: HTTP/1.1 200 OK
Mar 30, 2021 3:25:25 PM org.entando.kubernetes.client.KubernetesRestInterceptor invoke
INFO: Exiting method removeAndWait in class org.entando.kubernetes.controller.support.client.PodClient
Mar 30, 2021 3:25:25 PM org.entando.kubernetes.client.KubernetesRestInterceptor invoke
INFO: Entering method runToCompletion in class org.entando.kubernetes.controller.support.client.PodClient with Pod: entando-k8s-composite-app-controller-carcms33/test-plugin-carcms33-deployer-6213
Mar 30, 2021 3:25:25 PM io.fabric8.kubernetes.client.dsl.internal.WatchHTTPManager$1 onResponse
INFO: Watch terminated unexpectedly. reason: \n not found: limit=46 content=7b2261706956657273696f6e223a227631222c226b696e64223a224c69737422â€¦
Mar 30, 2021 3:25:25 PM io.fabric8.kubernetes.client.dsl.internal.WatchHTTPManager scheduleReconnect
WARN: Ignoring error for already closed/closing connection
Mar 30, 2021 3:25:25 PM okhttp3.mockwebserver.MockWebServer$3 processOneRequest
INFO: MockWebServer[58708] received request: GET /api/v1/namespaces/entando-k8s-composite-app-controller-carcms33/pods?labelSelector=EntandoPlugin%3Dtest-plugin-carcms33%2CEntandoResourceNamespace%3Dentando-k8s-composite-app-controller-carcms33%2CEntandoResourceKind%3DEntandoPlugin&watch=**** HTTP/1.1 and responded: HTTP/1.1 200 OK
Mar 30, 2021 3:25:25 PM okhttp3.mockwebserver.MockWebServer$3 processOneRequest
INFO: MockWebServer[58708] received request: POST /api/v1/namespaces/entando-k8s-composite-app-controller-carcms33/pods HTTP/1.1 and responded: HTTP/1.1 202 OK
Mar 30, 2021 3:25:25 PM org.entando.kubernetes.client.KubernetesRestInterceptor invoke
INFO: Entering method loadPod in class org.entando.kubernetes.controller.support.client.PodClient with entando-k8s-composite-app-controller-carcms33,[Ljava.lang.String;@20d42833
Mar 30, 2021 3:25:25 PM okhttp3.mockwebserver.MockWebServer$3 processOneRequest
INFO: MockWebServer[58708] received request: GET /api/v1/namespaces/entando-k8s-composite-app-controller-carcms33/pods?fieldSelector=metadata.name%3Dtest-plugin-carcms33-deployer-6213&watch=**** HTTP/1.1 and responded: HTTP/1.1 200 OK
Mar 30, 2021 3:25:25 PM okhttp3.mockwebserver.MockWebServer$3 processOneRequest
INFO: MockWebServer[58708] received request: GET /api/v1/namespaces/entando-k8s-composite-app-controller-carcms33/pods?labelSelector=EntandoPlugin%3Dtest-plugin-carcms33 HTTP/1.1 and responded: HTTP/1.1 200 OK
Mar 30, 2021 3:25:25 PM org.entando.kubernetes.client.KubernetesRestInterceptor invoke
INFO: Exiting method loadPod in class org.entando.kubernetes.controller.support.client.PodClient
Mar 30, 2021 3:25:25 PM okhttp3.mockwebserver.MockWebServer$3 processOneRequest
INFO: MockWebServer[58708] received request: GET /api/v1/namespaces/entando-k8s-composite-app-controller-carcms33/pods/test-plugin-carcms33-deployer-6213 HTTP/1.1 and responded: HTTP/1.1 200 OK
Mar 30, 2021 3:25:25 PM okhttp3.mockwebserver.MockWebServer$3 processOneRequest
INFO: MockWebServer[58708] received request: GET /api/v1/namespaces/entando-k8s-composite-app-controller-carcms33/pods?fieldSelector=metadata.name%3Dtest-plugin-carcms33-deployer-6213&watch=**** HTTP/1.1 and responded: HTTP/1.1 200 OK
Mar 30, 2021 3:25:25 PM io.fabric8.kubernetes.client.dsl.internal.WatchHTTPManager$1 onResponse
INFO: Watch terminated unexpectedly. reason: \n not found: limit=5021 content=7b2261706956657273696f6e223a227631222c226b696e64223a224c69737422â€¦
Mar 30, 2021 3:25:25 PM okhttp3.mockwebserver.MockWebServer$3 processOneRequest
INFO: MockWebServer[58708] received request: PATCH /api/v1/namespaces/entando-k8s-composite-app-controller-carcms33/pods/test-plugin-carcms33-deployer-6213 HTTP/1.1 and responded: HTTP/1.1 202 OK
Mar 30, 2021 3:25:26 PM org.entando.kubernetes.client.KubernetesRestInterceptor invoke
INFO: Exiting method runToCompletion in class org.entando.kubernetes.controller.support.client.PodClient
Mar 30, 2021 3:25:26 PM org.entando.kubernetes.client.KubernetesRestInterceptor invoke
INFO: Entering method updateStatus in class org.entando.kubernetes.controller.support.client.EntandoResourceClient with EntandoCompositeApp: entando-k8s-composite-app-controller-carcms33/my-app-carcms33
Mar 30, 2021 3:25:26 PM io.fabric8.kubernetes.client.dsl.internal.WatchHTTPManager$1 onResponse
INFO: Watch terminated unexpectedly. reason: \n not found: limit=5205 content=7b2261706956657273696f6e223a227631222c226b696e64223a224c69737422â€¦
Mar 30, 2021 3:25:26 PM io.fabric8.kubernetes.client.dsl.internal.WatchHTTPManager scheduleReconnect
WARN: Ignoring error for already closed/closing connection
Mar 30, 2021 3:25:26 PM okhttp3.mockwebserver.MockWebServer$3 processOneRequest
INFO: MockWebServer[58708] received request: GET /api/v1/namespaces/entando-k8s-composite-app-controller-carcms33/pods?fieldSelector=metadata.name%3Dtest-plugin-carcms33-deployer-6213&watch=**** HTTP/1.1 and responded: HTTP/1.1 200 OK
Mar 30, 2021 3:25:26 PM okhttp3.mockwebserver.MockWebServer$3 processOneRequest
INFO: MockWebServer[58708] received request: POST /api/v1/namespaces/entando-k8s-composite-app-controller-carcms33/events HTTP/1.1 and responded: HTTP/1.1 202 OK
Mar 30, 2021 3:25:26 PM okhttp3.mockwebserver.MockWebServer$3 processOneRequest
INFO: MockWebServer[58708] received request: GET /apis/entando.org/v1/namespaces/entando-k8s-composite-app-controller-carcms33/entandocompositeapps/my-app-carcms33 HTTP/1.1 and responded: HTTP/1.1 200 OK
Mar 30, 2021 3:25:27 PM okhttp3.mockwebserver.MockWebServer$3 processOneRequest
INFO: MockWebServer[58708] received request: PUT /apis/entando.org/v1/namespaces/entando-k8s-composite-app-controller-carcms33/entandocompositeapps/my-app-carcms33/status HTTP/1.1 and responded: HTTP/1.1 202 OK
Mar 30, 2021 3:25:27 PM org.entando.kubernetes.client.KubernetesRestInterceptor invoke
INFO: Exiting method updateStatus in class org.entando.kubernetes.controller.support.client.EntandoResourceClient
Mar 30, 2021 3:25:27 PM org.entando.kubernetes.client.KubernetesRestInterceptor invoke
INFO: Entering method updatePhase in class org.entando.kubernetes.controller.support.client.EntandoResourceClient with EntandoCompositeApp: entando-k8s-composite-app-controller-carcms33/my-app-carcms33
Mar 30, 2021 3:25:27 PM okhttp3.mockwebserver.MockWebServer$3 processOneRequest
INFO: MockWebServer[58708] received request: POST /api/v1/namespaces/entando-k8s-composite-app-controller-carcms33/events HTTP/1.1 and responded: HTTP/1.1 202 OK
Mar 30, 2021 3:25:27 PM okhttp3.mockwebserver.MockWebServer$3 processOneRequest
INFO: MockWebServer[58708] received request: GET /apis/entando.org/v1/namespaces/entando-k8s-composite-app-controller-carcms33/entandocompositeapps/my-app-carcms33 HTTP/1.1 and responded: HTTP/1.1 200 OK
Mar 30, 2021 3:25:27 PM okhttp3.mockwebserver.MockWebServer$3 processOneRequest
INFO: MockWebServer[58708] received request: PUT /apis/entando.org/v1/namespaces/entando-k8s-composite-app-controller-carcms33/entandocompositeapps/my-app-carcms33/status HTTP/1.1 and responded: HTTP/1.1 202 OK
Mar 30, 2021 3:25:27 PM org.entando.kubernetes.client.KubernetesRestInterceptor invoke
INFO: Exiting method updatePhase in class org.entando.kubernetes.controller.support.client.EntandoResourceClient
Mar 30, 2021 3:25:27 PM okhttp3.mockwebserver.MockWebServer$3 processOneRequest
INFO: MockWebServer[58708] received request: GET /api/v1/namespaces/entando-k8s-composite-app-controller-carcms33/pods?labelSelector=EntandoResourceKind%3DEntandoKeycloakServer%2CEntandoKeycloakServer%3Dtest-keycloak-carcms33 HTTP/1.1 and responded: HTTP/1.1 200 OK
Mar 30, 2021 3:25:27 PM okhttp3.mockwebserver.MockWebServer$3 processOneRequest
INFO: MockWebServer[58708] received request: GET /api/v1/namespaces/entando-k8s-composite-app-controller-carcms33/pods?labelSelector=EntandoResourceKind%3DEntandoKeycloakServer%2CEntandoKeycloakServer%3Dtest-keycloak-carcms33 HTTP/1.1 and responded: HTTP/1.1 200 OK
Mar 30, 2021 3:25:27 PM okhttp3.mockwebserver.MockWebServer$3 processOneRequest
INFO: MockWebServer[58708] received request: GET /api/v1/namespaces/entando-k8s-composite-app-controller-carcms33 HTTP/1.1 and responded: HTTP/1.1 404 Client Error
Mar 30, 2021 3:25:27 PM okhttp3.mockwebserver.MockWebServer$3 processOneRequest
INFO: MockWebServer[58708] received request: GET /apis/entando.org/v1/namespaces/default/entandokeycloakservers HTTP/1.1 and responded: HTTP/1.1 200 OK
Mar 30, 2021 3:25:27 PM okhttp3.mockwebserver.MockWebServer$3 processOneRequest
INFO: MockWebServer[58708] received request: GET /api/v1/namespaces/entando-k8s-composite-app-controller-carcms33 HTTP/1.1 and responded: HTTP/1.1 404 Client Error
Mar 30, 2021 3:25:27 PM okhttp3.mockwebserver.MockWebServer$3 processOneRequest
INFO: MockWebServer[58708] received request: GET /apis/entando.org/v1/namespaces/default/entandokeycloakservers HTTP/1.1 and responded: HTTP/1.1 200 OK
Mar 30, 2021 3:25:28 PM okhttp3.mockwebserver.MockWebServer$3 processOneRequest
INFO: MockWebServer[58708] received request: GET /apis/entando.org/v1/namespaces/entando-k8s-composite-app-controller-carcms33/entandokeycloakservers/test-keycloak-carcms33 HTTP/1.1 and responded: HTTP/1.1 200 OK
Mar 30, 2021 3:25:28 PM okhttp3.mockwebserver.MockWebServer$3 processOneRequest
INFO: MockWebServer[58708] received request: GET /api/v1/namespaces/entando-k8s-composite-app-controller-carcms33 HTTP/1.1 and responded: HTTP/1.1 404 Client Error
Mar 30, 2021 3:25:28 PM okhttp3.mockwebserver.MockWebServer$3 processOneRequest
INFO: MockWebServer[58708] received request: GET /apis/entando.org/v1/namespaces/default/entandocompositeapps HTTP/1.1 and responded: HTTP/1.1 200 OK
Mar 30, 2021 3:25:28 PM okhttp3.mockwebserver.MockWebServer$3 processOneRequest
INFO: MockWebServer[58708] received request: GET /api/v1/namespaces/entando-k8s-composite-app-controller-carcms33 HTTP/1.1 and responded: HTTP/1.1 404 Client Error
Mar 30, 2021 3:25:28 PM okhttp3.mockwebserver.MockWebServer$3 processOneRequest
INFO: MockWebServer[58708] received request: GET /apis/entando.org/v1/namespaces/default/entandocompositeapps HTTP/1.1 and responded: HTTP/1.1 200 OK
Mar 30, 2021 3:25:28 PM okhttp3.mockwebserver.MockWebServer$3 processOneRequest
INFO: MockWebServer[58708] received request: GET /apis/entando.org/v1/namespaces/entando-k8s-composite-app-controller-carcms33/entandocompositeapps/my-app-carcms33 HTTP/1.1 and responded: HTTP/1.1 200 OK
Mar 30, 2021 3:25:28 PM okhttp3.mockwebserver.MockWebServer$3 processOneRequest
INFO: MockWebServer[58708] received request: GET /api/v1/namespaces/entando-k8s-composite-app-controller-carcms33/pods?labelSelector=EntandoPlugin%3Dtest-plugin-carcms33%2CEntandoResourceKind%3DEntandoPlugin HTTP/1.1 and responded: HTTP/1.1 200 OK
Mar 30, 2021 3:25:28 PM okhttp3.mockwebserver.MockWebServer$3 processOneRequest
INFO: MockWebServer[58708] received request: GET /api/v1/namespaces/entando-k8s-composite-app-controller-carcms33/pods?labelSelector=EntandoPlugin%3Dtest-plugin-carcms33%2CEntandoResourceKind%3DEntandoPlugin HTTP/1.1 and responded: HTTP/1.1 200 OK
Mar 30, 2021 3:25:28 PM okhttp3.mockwebserver.MockWebServer$3 processOneRequest
INFO: MockWebServer[58708] received request: GET /api/v1/namespaces/entando-k8s-composite-app-controller-carcms33 HTTP/1.1 and responded: HTTP/1.1 404 Client Error
Mar 30, 2021 3:25:28 PM okhttp3.mockwebserver.MockWebServer$3 processOneRequest
INFO: MockWebServer[58708] received request: GET /apis/entando.org/v1/namespaces/default/entandoplugins HTTP/1.1 and responded: HTTP/1.1 200 OK
Mar 30, 2021 3:25:29 PM okhttp3.mockwebserver.MockWebServer$3 processOneRequest
INFO: MockWebServer[58708] received request: GET /api/v1/namespaces/entando-k8s-composite-app-controller-carcms33 HTTP/1.1 and responded: HTTP/1.1 404 Client Error
Mar 30, 2021 3:25:29 PM okhttp3.mockwebserver.MockWebServer$3 processOneRequest
INFO: MockWebServer[58708] received request: GET /apis/entando.org/v1/namespaces/default/entandoplugins HTTP/1.1 and responded: HTTP/1.1 200 OK
Mar 30, 2021 3:25:29 PM okhttp3.mockwebserver.MockWebServer$3 processOneRequest
INFO: MockWebServer[58708] received request: GET /apis/entando.org/v1/namespaces/entando-k8s-composite-app-controller-carcms33/entandoplugins/test-plugin-carcms33 HTTP/1.1 and responded: HTTP/1.1 200 OK
Mar 30, 2021 3:25:29 PM okhttp3.mockwebserver.MockWebServer$3 processOneRequest
INFO: MockWebServer[58708] received request: GET /apis/entando.org/v1/namespaces/entando-k8s-composite-app-controller-carcms33/entandocompositeapps/my-app-carcms33 HTTP/1.1 and responded: HTTP/1.1 200 OK
Mar 30, 2021 3:25:29 PM okhttp3.mockwebserver.MockWebServer$3 processOneRequest
INFO: MockWebServer[58708] received request: GET /apis/entando.org/v1/namespaces/entando-k8s-composite-app-controller-carcms33/entandocompositeapps/my-app-carcms33 HTTP/1.1 and responded: HTTP/1.1 200 OK
Mar 30, 2021 3:25:29 PM org.entando.kubernetes.client.KubernetesRestInterceptor invoke
INFO: Entering method getPodWatcherQueue in class org.entando.kubernetes.controller.support.client.PodWaitingClient
Mar 30, 2021 3:25:29 PM org.entando.kubernetes.client.KubernetesRestInterceptor invoke
INFO: Exiting method getPodWatcherQueue in class org.entando.kubernetes.controller.support.client.PodWaitingClient
Mar 30, 2021 3:25:29 PM okhttp3.mockwebserver.MockWebServer$2 acceptConnections
INFO: MockWebServer[58708] done accepting connections: Socket closed
Mar 30, 2021 3:25:29 PM okhttp3.mockwebserver.MockWebServer$2 e**cute
INFO: MockWebServer[54466] starting to accept connections
Mar 30, 2021 3:25:29 PM okhttp3.mockwebserver.MockWebServer$3 processOneRequest
INFO: MockWebServer[54466] received request: GET /api/v1/namespaces/entando HTTP/1.1 and responded: HTTP/1.1 404 Client Error
Mar 30, 2021 3:25:29 PM okhttp3.mockwebserver.MockWebServer$3 processOneRequest
INFO: MockWebServer[54466] received request: POST /api/v1/namespaces HTTP/1.1 and responded: HTTP/1.1 202 OK
Mar 30, 2021 3:25:29 PM org.entando.kubernetes.client.KubernetesRestInterceptor invoke
INFO: Entering method loadDockerImageInfoConfigMap in class org.entando.kubernetes.controller.support.client.EntandoResourceClient
Mar 30, 2021 3:25:29 PM okhttp3.mockwebserver.MockWebServer$3 processOneRequest
INFO: MockWebServer[54466] received request: GET /api/v1/namespaces/entando/configmaps/entando-docker-image-info-v6.3 HTTP/1.1 and responded: HTTP/1.1 404 Client Error
Mar 30, 2021 3:25:29 PM org.entando.kubernetes.client.KubernetesRestInterceptor invoke
INFO: Exiting method loadDockerImageInfoConfigMap in class org.entando.kubernetes.controller.support.client.EntandoResourceClient
Mar 30, 2021 3:25:30 PM okhttp3.mockwebserver.MockWebServer$3 processOneRequest
INFO: MockWebServer[54466] received request: GET /api/v1/namespaces/entando/configmaps/entando-docker-image-info-v6.3 HTTP/1.1 and responded: HTTP/1.1 404 Client Error
Mar 30, 2021 3:25:30 PM okhttp3.mockwebserver.MockWebServer$3 processOneRequest
INFO: MockWebServer[54466] received request: POST /api/v1/namespaces/entando/configmaps HTTP/1.1 and responded: HTTP/1.1 202 OK
Mar 30, 2021 3:25:30 PM okhttp3.mockwebserver.MockWebServer$3 processOneRequest
INFO: MockWebServer[54466] received request: GET /api/v1/namespaces/entando/configmaps/entando-docker-image-info-v6.3 HTTP/1.1 and responded: HTTP/1.1 200 OK
Mar 30, 2021 3:25:30 PM okhttp3.mockwebserver.MockWebServer$3 processOneRequest
INFO: MockWebServer[54466] received request: GET /api/v1/namespaces/entando/configmaps/entando-docker-image-info-v6.3 HTTP/1.1 and responded: HTTP/1.1 200 OK
Mar 30, 2021 3:25:30 PM okhttp3.mockwebserver.MockWebServer$3 processOneRequest
INFO: MockWebServer[54466] received request: GET /api/v1/namespaces/entando/configmaps/entando-docker-image-info-v6.3 HTTP/1.1 and responded: HTTP/1.1 200 OK
Mar 30, 2021 3:25:30 PM okhttp3.mockwebserver.MockWebServer$3 processOneRequest
INFO: MockWebServer[54466] received request: PATCH /api/v1/namespaces/entando/configmaps/entando-docker-image-info-v6.3 HTTP/1.1 and responded: HTTP/1.1 202 OK
Mar 30, 2021 3:25:30 PM org.entando.kubernetes.client.KubernetesRestInterceptor invoke
INFO: Entering method createOrPatchEntandoResource in class org.entando.kubernetes.controller.support.client.EntandoResourceClient with EntandoPlugin: entando-k8s-composite-app-controller-carcms33/test-plugin-carcms33
Mar 30, 2021 3:25:30 PM okhttp3.mockwebserver.MockWebServer$3 processOneRequest
INFO: MockWebServer[54466] received request: GET /api/v1/namespaces/entando-k8s-composite-app-controller-carcms33 HTTP/1.1 and responded: HTTP/1.1 404 Client Error
Mar 30, 2021 3:25:30 PM okhttp3.mockwebserver.MockWebServer$3 processOneRequest
INFO: MockWebServer[54466] received request: GET /apis/entando.org/v1/namespaces/default/entandoplugins HTTP/1.1 and responded: HTTP/1.1 200 OK
Mar 30, 2021 3:25:30 PM okhttp3.mockwebserver.MockWebServer$3 processOneRequest
INFO: MockWebServer[54466] received request: GET /api/v1/namespaces/entando-k8s-composite-app-controller-carcms33 HTTP/1.1 and responded: HTTP/1.1 404 Client Error
Mar 30, 2021 3:25:30 PM okhttp3.mockwebserver.MockWebServer$3 processOneRequest
INFO: MockWebServer[54466] received request: GET /apis/entando.org/v1/namespaces/default/entandoplugins HTTP/1.1 and responded: HTTP/1.1 200 OK
Mar 30, 2021 3:25:30 PM okhttp3.mockwebserver.MockWebServer$3 processOneRequest
INFO: MockWebServer[54466] received request: GET /apis/entando.org/v1/namespaces/entando-k8s-composite-app-controller-carcms33/entandoplugins/test-plugin-carcms33 HTTP/1.1 and responded: HTTP/1.1 404 Client Error
Mar 30, 2021 3:25:30 PM okhttp3.mockwebserver.MockWebServer$3 processOneRequest
INFO: MockWebServer[54466] received request: POST /apis/entando.org/v1/namespaces/entando-k8s-composite-app-controller-carcms33/entandoplugins HTTP/1.1 and responded: HTTP/1.1 202 OK
Mar 30, 2021 3:25:31 PM org.entando.kubernetes.client.KubernetesRestInterceptor invoke
INFO: Exiting method createOrPatchEntandoResource in class org.entando.kubernetes.controller.support.client.EntandoResourceClient
Mar 30, 2021 3:25:31 PM okhttp3.mockwebserver.MockWebServer$3 processOneRequest
INFO: MockWebServer[54466] received request: GET /api/v1/namespaces/entando-k8s-composite-app-controller-carcms33 HTTP/1.1 and responded: HTTP/1.1 404 Client Error
Mar 30, 2021 3:25:31 PM okhttp3.mockwebserver.MockWebServer$3 processOneRequest
INFO: MockWebServer[54466] received request: GET /apis/entando.org/v1/namespaces/default/entandocompositeapps HTTP/1.1 and responded: HTTP/1.1 200 OK
Mar 30, 2021 3:25:31 PM okhttp3.mockwebserver.MockWebServer$3 processOneRequest
INFO: MockWebServer[54466] received request: GET /api/v1/namespaces/entando-k8s-composite-app-controller-carcms33 HTTP/1.1 and responded: HTTP/1.1 404 Client Error
Mar 30, 2021 3:25:31 PM okhttp3.mockwebserver.MockWebServer$3 processOneRequest
INFO: MockWebServer[54466] received request: GET /apis/entando.org/v1/namespaces/default/entandocompositeapps HTTP/1.1 and responded: HTTP/1.1 200 OK
Mar 30, 2021 3:25:31 PM okhttp3.mockwebserver.MockWebServer$3 processOneRequest
INFO: MockWebServer[54466] received request: POST /apis/entando.org/v1/namespaces/entando-k8s-composite-app-controller-carcms33/entandocompositeapps HTTP/1.1 and responded: HTTP/1.1 202 OK
Mar 30, 2021 3:25:31 PM org.entando.kubernetes.client.KubernetesRestInterceptor invoke
INFO: Entering method loadOperatorConfig in class org.entando.kubernetes.controller.support.client.EntandoResourceClient
Mar 30, 2021 3:25:31 PM okhttp3.mockwebserver.MockWebServer$3 processOneRequest
INFO: MockWebServer[54466] received request: GET /api/v1/namespaces/entando-k8s-composite-app-controller-carcms33/configmaps/entando-operator-config HTTP/1.1 and responded: HTTP/1.1 404 Client Error
Mar 30, 2021 3:25:31 PM org.entando.kubernetes.client.KubernetesRestInterceptor invoke
INFO: Exiting method loadOperatorConfig in class org.entando.kubernetes.controller.support.client.EntandoResourceClient
Mar 30, 2021 3:25:31 PM org.entando.kubernetes.client.KubernetesRestInterceptor invoke
INFO: Entering method load in class org.entando.kubernetes.controller.support.client.EntandoResourceClient with class org.entando.kubernetes.model.compositeapp.EntandoCompositeApp,entando-k8s-composite-app-controller-carcms33,my-app-carcms33
Mar 30, 2021 3:25:31 PM org.entando.kubernetes.client.KubernetesRestInterceptor invoke
INFO: Entering method getPodWatcherQueue in class org.entando.kubernetes.controller.support.client.PodWaitingClient
Mar 30, 2021 3:25:31 PM org.entando.kubernetes.client.KubernetesRestInterceptor invoke
INFO: Exiting method getPodWatcherQueue in class org.entando.kubernetes.controller.support.client.PodWaitingClient
Mar 30, 2021 3:25:31 PM okhttp3.mockwebserver.MockWebServer$3 processOneRequest
INFO: MockWebServer[54466] received request: GET /api/v1/namespaces/entando-k8s-composite-app-controller-carcms33 HTTP/1.1 and responded: HTTP/1.1 404 Client Error
Mar 30, 2021 3:25:31 PM okhttp3.mockwebserver.MockWebServer$3 processOneRequest
INFO: MockWebServer[54466] received request: GET /apis/entando.org/v1/namespaces/default/entandocompositeapps HTTP/1.1 and responded: HTTP/1.1 200 OK
Mar 30, 2021 3:25:31 PM okhttp3.mockwebserver.MockWebServer$3 processOneRequest
INFO: MockWebServer[54466] received request: GET /api/v1/namespaces/entando-k8s-composite-app-controller-carcms33 HTTP/1.1 and responded: HTTP/1.1 404 Client Error
Mar 30, 2021 3:25:31 PM okhttp3.mockwebserver.MockWebServer$3 processOneRequest
INFO: MockWebServer[54466] received request: GET /apis/entando.org/v1/namespaces/default/entandocompositeapps HTTP/1.1 and responded: HTTP/1.1 200 OK
Mar 30, 2021 3:25:31 PM okhttp3.mockwebserver.MockWebServer$3 processOneRequest
INFO: MockWebServer[54466] received request: GET /apis/entando.org/v1/namespaces/entando-k8s-composite-app-controller-carcms33/entandocompositeapps/my-app-carcms33 HTTP/1.1 and responded: HTTP/1.1 200 OK
Mar 30, 2021 3:25:31 PM org.entando.kubernetes.client.KubernetesRestInterceptor invoke
INFO: Exiting method load in class org.entando.kubernetes.controller.support.client.EntandoResourceClient
Mar 30, 2021 3:25:31 PM org.entando.kubernetes.client.KubernetesRestInterceptor invoke
INFO: Entering method updatePhase in class org.entando.kubernetes.controller.support.client.EntandoResourceClient with EntandoCompositeApp: entando-k8s-composite-app-controller-carcms33/my-app-carcms33
Mar 30, 2021 3:25:32 PM okhttp3.mockwebserver.MockWebServer$3 processOneRequest
INFO: MockWebServer[54466] received request: POST /api/v1/namespaces/entando-k8s-composite-app-controller-carcms33/events HTTP/1.1 and responded: HTTP/1.1 202 OK
Mar 30, 2021 3:25:32 PM okhttp3.mockwebserver.MockWebServer$3 processOneRequest
INFO: MockWebServer[54466] received request: GET /apis/entando.org/v1/namespaces/entando-k8s-composite-app-controller-carcms33/entandocompositeapps/my-app-carcms33 HTTP/1.1 and responded: HTTP/1.1 200 OK
Mar 30, 2021 3:25:32 PM okhttp3.mockwebserver.MockWebServer$3 processOneRequest
INFO: MockWebServer[54466] received request: PUT /apis/entando.org/v1/namespaces/entando-k8s-composite-app-controller-carcms33/entandocompositeapps/my-app-carcms33/status HTTP/1.1 and responded: HTTP/1.1 202 OK
Mar 30, 2021 3:25:32 PM org.entando.kubernetes.client.KubernetesRestInterceptor invoke
INFO: Exiting method updatePhase in class org.entando.kubernetes.controller.support.client.EntandoResourceClient
Mar 30, 2021 3:25:32 PM org.entando.kubernetes.client.KubernetesRestInterceptor invoke
INFO: Entering method loadDockerImageInfoConfigMap in class org.entando.kubernetes.controller.support.client.EntandoResourceClient
Mar 30, 2021 3:25:32 PM okhttp3.mockwebserver.MockWebServer$3 processOneRequest
INFO: MockWebServer[54466] received request: GET /api/v1/namespaces/entando/configmaps/entando-docker-image-info-v6.3 HTTP/1.1 and responded: HTTP/1.1 200 OK
Mar 30, 2021 3:25:32 PM org.entando.kubernetes.client.KubernetesRestInterceptor invoke
INFO: Exiting method loadDockerImageInfoConfigMap in class org.entando.kubernetes.controller.support.client.EntandoResourceClient
Mar 30, 2021 3:25:32 PM org.entando.kubernetes.client.KubernetesRestInterceptor invoke
INFO: Entering method createOrPatchEntandoResource in class org.entando.kubernetes.controller.support.client.EntandoResourceClient with EntandoKeycloakServer: entando-k8s-composite-app-controller-carcms33/test-keycloak-carcms33
Mar 30, 2021 3:25:32 PM okhttp3.mockwebserver.MockWebServer$3 processOneRequest
INFO: MockWebServer[54466] received request: GET /api/v1/namespaces/entando-k8s-composite-app-controller-carcms33 HTTP/1.1 and responded: HTTP/1.1 404 Client Error
Mar 30, 2021 3:25:32 PM okhttp3.mockwebserver.MockWebServer$3 processOneRequest
INFO: MockWebServer[54466] received request: GET /apis/entando.org/v1/namespaces/default/entandokeycloakservers HTTP/1.1 and responded: HTTP/1.1 200 OK
Mar 30, 2021 3:25:32 PM okhttp3.mockwebserver.MockWebServer$3 processOneRequest
INFO: MockWebServer[54466] received request: GET /api/v1/namespaces/entando-k8s-composite-app-controller-carcms33 HTTP/1.1 and responded: HTTP/1.1 404 Client Error
Mar 30, 2021 3:25:32 PM okhttp3.mockwebserver.MockWebServer$3 processOneRequest
INFO: MockWebServer[54466] received request: GET /apis/entando.org/v1/namespaces/default/entandokeycloakservers HTTP/1.1 and responded: HTTP/1.1 200 OK
Mar 30, 2021 3:25:32 PM okhttp3.mockwebserver.MockWebServer$3 processOneRequest
INFO: MockWebServer[54466] received request: GET /apis/entando.org/v1/namespaces/entando-k8s-composite-app-controller-carcms33/entandokeycloakservers/test-keycloak-carcms33 HTTP/1.1 and responded: HTTP/1.1 404 Client Error
Mar 30, 2021 3:25:32 PM okhttp3.mockwebserver.MockWebServer$3 processOneRequest
INFO: MockWebServer[54466] received request: POST /apis/entando.org/v1/namespaces/entando-k8s-composite-app-controller-carcms33/entandokeycloakservers HTTP/1.1 and responded: HTTP/1.1 202 OK
Mar 30, 2021 3:25:32 PM org.entando.kubernetes.client.KubernetesRestInterceptor invoke
INFO: Exiting method createOrPatchEntandoResource in class org.entando.kubernetes.controller.support.client.EntandoResourceClient
Mar 30, 2021 3:25:32 PM org.entando.kubernetes.client.KubernetesRestInterceptor invoke
INFO: Entering method removeAndWait in class org.entando.kubernetes.controller.support.client.PodClient with entando-k8s-composite-app-controller-carcms33,{EntandoResourceNamespace=entando-k8s-composite-app-controller-carcms33, EntandoKeycloakServer=test-keycloak-carcms33, EntandoResourceKind=EntandoKeycloakServer}
Mar 30, 2021 3:25:32 PM okhttp3.mockwebserver.MockWebServer$3 processOneRequest
INFO: MockWebServer[54466] received request: GET /api/v1/namespaces/entando-k8s-composite-app-controller-carcms33/pods?labelSelector=EntandoResourceNamespace%3Dentando-k8s-composite-app-controller-carcms33%2CEntandoResourceKind%3DEntandoKeycloakServer%2CEntandoKeycloakServer%3Dtest-keycloak-carcms33 HTTP/1.1 and responded: HTTP/1.1 200 OK
Mar 30, 2021 3:25:32 PM org.entando.kubernetes.client.KubernetesRestInterceptor invoke
INFO: Entering method getPodWatcherQueue in class org.entando.kubernetes.controller.support.client.PodWaitingClient
Mar 30, 2021 3:25:32 PM org.entando.kubernetes.client.KubernetesRestInterceptor invoke
INFO: Exiting method getPodWatcherQueue in class org.entando.kubernetes.controller.support.client.PodWaitingClient
Mar 30, 2021 3:25:32 PM okhttp3.mockwebserver.MockWebServer$3 processOneRequest
INFO: MockWebServer[54466] received request: GET /api/v1/namespaces/entando-k8s-composite-app-controller-carcms33/pods?labelSelector=EntandoResourceNamespace%3Dentando-k8s-composite-app-controller-carcms33%2CEntandoResourceKind%3DEntandoKeycloakServer%2CEntandoKeycloakServer%3Dtest-keycloak-carcms33&watch=**** HTTP/1.1 and responded: HTTP/1.1 200 OK
Mar 30, 2021 3:25:33 PM okhttp3.mockwebserver.MockWebServer$3 processOneRequest
INFO: MockWebServer[54466] received request: GET /api/v1/namespaces/entando-k8s-composite-app-controller-carcms33/pods?labelSelector=EntandoResourceNamespace%3Dentando-k8s-composite-app-controller-carcms33%2CEntandoResourceKind%3DEntandoKeycloakServer%2CEntandoKeycloakServer%3Dtest-keycloak-carcms33&watch=**** HTTP/1.1 and responded: HTTP/1.1 200 OK
Mar 30, 2021 3:25:33 PM okhttp3.mockwebserver.MockWebServer$3 processOneRequest
INFO: MockWebServer[54466] received request: GET /api/v1/namespaces/entando-k8s-composite-app-controller-carcms33/pods?labelSelector=EntandoResourceNamespace%3Dentando-k8s-composite-app-controller-carcms33%2CEntandoResourceKind%3DEntandoKeycloakServer%2CEntandoKeycloakServer%3Dtest-keycloak-carcms33 HTTP/1.1 and responded: HTTP/1.1 200 OK
Mar 30, 2021 3:25:33 PM io.fabric8.kubernetes.client.dsl.internal.WatchHTTPManager$1 onResponse
INFO: Watch terminated unexpectedly. reason: \n not found: limit=46 content=7b2261706956657273696f6e223a227631222c226b696e64223a224c69737422â€¦
Mar 30, 2021 3:25:33 PM okhttp3.mockwebserver.MockWebServer$3 processOneRequest
INFO: MockWebServer[54466] received request: GET /api/v1/namespaces/entando-k8s-composite-app-controller-carcms33/pods?labelSelector=EntandoResourceNamespace%3Dentando-k8s-composite-app-controller-carcms33%2CEntandoResourceKind%3DEntandoKeycloakServer%2CEntandoKeycloakServer%3Dtest-keycloak-carcms33 HTTP/1.1 and responded: HTTP/1.1 200 OK
Mar 30, 2021 3:25:34 PM org.entando.kubernetes.client.KubernetesRestInterceptor invoke
INFO: Exiting method removeAndWait in class org.entando.kubernetes.controller.support.client.PodClient
Mar 30, 2021 3:25:34 PM org.entando.kubernetes.client.KubernetesRestInterceptor invoke
INFO: Entering method runToCompletion in class org.entando.kubernetes.controller.support.client.PodClient with Pod: entando-k8s-composite-app-controller-carcms33/test-keycloak-carcms33-deployer-0583
Mar 30, 2021 3:25:34 PM okhttp3.mockwebserver.MockWebServer$3 processOneRequest
INFO: MockWebServer[54466] received request: GET /api/v1/namespaces/entando-k8s-composite-app-controller-carcms33/pods?labelSelector=EntandoResourceNamespace%3Dentando-k8s-composite-app-controller-carcms33%2CEntandoResourceKind%3DEntandoKeycloakServer%2CEntandoKeycloakServer%3Dtest-keycloak-carcms33&watch=**** HTTP/1.1 and responded: HTTP/1.1 200 OK
Mar 30, 2021 3:25:34 PM io.fabric8.kubernetes.client.dsl.internal.WatchHTTPManager$1 onResponse
INFO: Watch terminated unexpectedly. reason: \n not found: limit=46 content=7b2261706956657273696f6e223a227631222c226b696e64223a224c69737422â€¦
Mar 30, 2021 3:25:34 PM io.fabric8.kubernetes.client.dsl.internal.WatchHTTPManager scheduleReconnect
WARN: Ignoring error for already closed/closing connection
Mar 30, 2021 3:25:34 PM okhttp3.mockwebserver.MockWebServer$3 processOneRequest
INFO: MockWebServer[54466] received request: POST /api/v1/namespaces/entando-k8s-composite-app-controller-carcms33/pods HTTP/1.1 and responded: HTTP/1.1 202 OK
Mar 30, 2021 3:25:34 PM org.entando.kubernetes.client.KubernetesRestInterceptor invoke
INFO: Entering method loadPod in class org.entando.kubernetes.controller.support.client.PodClient with entando-k8s-composite-app-controller-carcms33,[Ljava.lang.String;@4de093ce
Mar 30, 2021 3:25:34 PM okhttp3.mockwebserver.MockWebServer$3 processOneRequest
INFO: MockWebServer[54466] received request: GET /api/v1/namespaces/entando-k8s-composite-app-controller-carcms33/pods?fieldSelector=metadata.name%3Dtest-keycloak-carcms33-deployer-0583&watch=**** HTTP/1.1 and responded: HTTP/1.1 200 OK
Mar 30, 2021 3:25:34 PM okhttp3.mockwebserver.MockWebServer$3 processOneRequest
INFO: MockWebServer[54466] received request: GET /api/v1/namespaces/entando-k8s-composite-app-controller-carcms33/pods?labelSelector=EntandoKeycloakServer%3Dtest-keycloak-carcms33 HTTP/1.1 and responded: HTTP/1.1 200 OK
Mar 30, 2021 3:25:34 PM org.entando.kubernetes.client.KubernetesRestInterceptor invoke
INFO: Exiting method loadPod in class org.entando.kubernetes.controller.support.client.PodClient
Mar 30, 2021 3:25:34 PM okhttp3.mockwebserver.MockWebServer$3 processOneRequest
INFO: MockWebServer[54466] received request: GET /api/v1/namespaces/entando-k8s-composite-app-controller-carcms33/pods?fieldSelector=metadata.name%3Dtest-keycloak-carcms33-deployer-0583&watch=**** HTTP/1.1 and responded: HTTP/1.1 200 OK
Mar 30, 2021 3:25:34 PM okhttp3.mockwebserver.MockWebServer$3 processOneRequest
INFO: MockWebServer[54466] received request: GET /api/v1/namespaces/entando-k8s-composite-app-controller-carcms33/pods/test-keycloak-carcms33-deployer-0583 HTTP/1.1 and responded: HTTP/1.1 200 OK
Mar 30, 2021 3:25:34 PM io.fabric8.kubernetes.client.dsl.internal.WatchHTTPManager$1 onResponse
INFO: Watch terminated unexpectedly. reason: \n not found: limit=2450 content=7b2261706956657273696f6e223a227631222c226b696e64223a224c69737422â€¦
Mar 30, 2021 3:25:34 PM okhttp3.mockwebserver.MockWebServer$3 processOneRequest
INFO: MockWebServer[54466] received request: PATCH /api/v1/namespaces/entando-k8s-composite-app-controller-carcms33/pods/test-keycloak-carcms33-deployer-0583 HTTP/1.1 and responded: HTTP/1.1 202 OK
Mar 30, 2021 3:25:34 PM org.entando.kubernetes.client.KubernetesRestInterceptor invoke
INFO: Entering method getPodWatcherQueue in class org.entando.kubernetes.controller.support.client.PodWaitingClient
Mar 30, 2021 3:25:34 PM org.entando.kubernetes.client.KubernetesRestInterceptor invoke
INFO: Exiting method getPodWatcherQueue in class org.entando.kubernetes.controller.support.client.PodWaitingClient
Mar 30, 2021 3:25:35 PM org.entando.kubernetes.client.KubernetesRestInterceptor invoke
INFO: Exiting method runToCompletion in class org.entando.kubernetes.controller.support.client.PodClient
Mar 30, 2021 3:25:35 PM org.entando.kubernetes.client.KubernetesRestInterceptor invoke
INFO: Entering method updateStatus in class org.entando.kubernetes.controller.support.client.EntandoResourceClient with EntandoCompositeApp: entando-k8s-composite-app-controller-carcms33/my-app-carcms33
Mar 30, 2021 3:25:35 PM io.fabric8.kubernetes.client.dsl.internal.WatchHTTPManager$1 onResponse
INFO: Watch terminated unexpectedly. reason: \n not found: limit=2634 content=7b2261706956657273696f6e223a227631222c226b696e64223a224c69737422â€¦
Mar 30, 2021 3:25:35 PM io.fabric8.kubernetes.client.dsl.internal.WatchHTTPManager scheduleReconnect
WARN: Ignoring error for already closed/closing connection
Mar 30, 2021 3:25:35 PM okhttp3.mockwebserver.MockWebServer$3 processOneRequest
INFO: MockWebServer[54466] received request: GET /api/v1/namespaces/entando-k8s-composite-app-controller-carcms33/pods?fieldSelector=metadata.name%3Dtest-keycloak-carcms33-deployer-0583&watch=**** HTTP/1.1 and responded: HTTP/1.1 200 OK
Mar 30, 2021 3:25:35 PM okhttp3.mockwebserver.MockWebServer$3 processOneRequest
INFO: MockWebServer[54466] received request: POST /api/v1/namespaces/entando-k8s-composite-app-controller-carcms33/events HTTP/1.1 and responded: HTTP/1.1 202 OK
Mar 30, 2021 3:25:35 PM okhttp3.mockwebserver.MockWebServer$3 processOneRequest
INFO: MockWebServer[54466] received request: GET /apis/entando.org/v1/namespaces/entando-k8s-composite-app-controller-carcms33/entandocompositeapps/my-app-carcms33 HTTP/1.1 and responded: HTTP/1.1 200 OK
Mar 30, 2021 3:25:35 PM okhttp3.mockwebserver.MockWebServer$3 processOneRequest
INFO: MockWebServer[54466] received request: PUT /apis/entando.org/v1/namespaces/entando-k8s-composite-app-controller-carcms33/entandocompositeapps/my-app-carcms33/status HTTP/1.1 and responded: HTTP/1.1 202 OK
Mar 30, 2021 3:25:35 PM org.entando.kubernetes.client.KubernetesRestInterceptor invoke
INFO: Exiting method updateStatus in class org.entando.kubernetes.controller.support.client.EntandoResourceClient
Mar 30, 2021 3:25:35 PM org.entando.kubernetes.client.KubernetesRestInterceptor invoke
INFO: Entering method load in class org.entando.kubernetes.controller.support.client.EntandoResourceClient with class org.entando.kubernetes.model.plugin.EntandoPlugin,entando-k8s-composite-app-controller-carcms33,test-plugin-carcms33
Mar 30, 2021 3:25:35 PM okhttp3.mockwebserver.MockWebServer$3 processOneRequest
INFO: MockWebServer[54466] received request: GET /apis/entando.org/v1/namespaces/entando-k8s-composite-app-controller-carcms33/entandoplugins/test-plugin-carcms33 HTTP/1.1 and responded: HTTP/1.1 200 OK
Mar 30, 2021 3:25:35 PM org.entando.kubernetes.client.KubernetesRestInterceptor invoke
INFO: Exiting method load in class org.entando.kubernetes.controller.support.client.EntandoResourceClient
Mar 30, 2021 3:25:35 PM org.entando.kubernetes.client.KubernetesRestInterceptor invoke
INFO: Entering method createOrPatchEntandoResource in class org.entando.kubernetes.controller.support.client.EntandoResourceClient with EntandoPlugin: entando-k8s-composite-app-controller-carcms33/test-plugin-carcms33
Mar 30, 2021 3:25:35 PM okhttp3.mockwebserver.MockWebServer$3 processOneRequest
INFO: MockWebServer[54466] received request: GET /apis/entando.org/v1/namespaces/entando-k8s-composite-app-controller-carcms33/entandoplugins/test-plugin-carcms33 HTTP/1.1 and responded: HTTP/1.1 200 OK
Mar 30, 2021 3:25:35 PM okhttp3.mockwebserver.MockWebServer$3 processOneRequest
INFO: MockWebServer[54466] received request: GET /apis/entando.org/v1/namespaces/entando-k8s-composite-app-controller-carcms33/entandoplugins/test-plugin-carcms33 HTTP/1.1 and responded: HTTP/1.1 200 OK
Mar 30, 2021 3:25:35 PM okhttp3.mockwebserver.MockWebServer$3 processOneRequest
INFO: MockWebServer[54466] received request: PATCH /apis/entando.org/v1/namespaces/entando-k8s-composite-app-controller-carcms33/entandoplugins/test-plugin-carcms33 HTTP/1.1 and responded: HTTP/1.1 202 OK
Mar 30, 2021 3:25:35 PM org.entando.kubernetes.client.KubernetesRestInterceptor invoke
INFO: Exiting method createOrPatchEntandoResource in class org.entando.kubernetes.controller.support.client.EntandoResourceClient
Mar 30, 2021 3:25:35 PM org.entando.kubernetes.client.KubernetesRestInterceptor invoke
INFO: Entering method removeAndWait in class org.entando.kubernetes.controller.support.client.PodClient with entando-k8s-composite-app-controller-carcms33,{EntandoResourceNamespace=entando-k8s-composite-app-controller-carcms33, EntandoPlugin=test-plugin-carcms33, EntandoResourceKind=EntandoPlugin}
Mar 30, 2021 3:25:36 PM okhttp3.mockwebserver.MockWebServer$3 processOneRequest
INFO: MockWebServer[54466] received request: GET /api/v1/namespaces/entando-k8s-composite-app-controller-carcms33/pods?labelSelector=EntandoPlugin%3Dtest-plugin-carcms33%2CEntandoResourceNamespace%3Dentando-k8s-composite-app-controller-carcms33%2CEntandoResourceKind%3DEntandoPlugin HTTP/1.1 and responded: HTTP/1.1 200 OK
Mar 30, 2021 3:25:36 PM org.entando.kubernetes.client.KubernetesRestInterceptor invoke
INFO: Entering method getPodWatcherQueue in class org.entando.kubernetes.controller.support.client.PodWaitingClient
Mar 30, 2021 3:25:36 PM org.entando.kubernetes.client.KubernetesRestInterceptor invoke
INFO: Exiting method getPodWatcherQueue in class org.entando.kubernetes.controller.support.client.PodWaitingClient
Mar 30, 2021 3:25:36 PM okhttp3.mockwebserver.MockWebServer$3 processOneRequest
INFO: MockWebServer[54466] received request: GET /api/v1/namespaces/entando-k8s-composite-app-controller-carcms33/pods?labelSelector=EntandoPlugin%3Dtest-plugin-carcms33%2CEntandoResourceNamespace%3Dentando-k8s-composite-app-controller-carcms33%2CEntandoResourceKind%3DEntandoPlugin&watch=**** HTTP/1.1 and responded: HTTP/1.1 200 OK
Mar 30, 2021 3:25:36 PM okhttp3.mockwebserver.MockWebServer$3 processOneRequest
INFO: MockWebServer[54466] received request: GET /api/v1/namespaces/entando-k8s-composite-app-controller-carcms33/pods?labelSelector=EntandoPlugin%3Dtest-plugin-carcms33%2CEntandoResourceNamespace%3Dentando-k8s-composite-app-controller-carcms33%2CEntandoResourceKind%3DEntandoPlugin HTTP/1.1 and responded: HTTP/1.1 200 OK
Mar 30, 2021 3:25:36 PM okhttp3.mockwebserver.MockWebServer$3 processOneRequest
INFO: MockWebServer[54466] received request: GET /api/v1/namespaces/entando-k8s-composite-app-controller-carcms33/pods?labelSelector=EntandoPlugin%3Dtest-plugin-carcms33%2CEntandoResourceNamespace%3Dentando-k8s-composite-app-controller-carcms33%2CEntandoResourceKind%3DEntandoPlugin&watch=**** HTTP/1.1 and responded: HTTP/1.1 200 OK
Mar 30, 2021 3:25:36 PM okhttp3.mockwebserver.MockWebServer$3 processOneRequest
INFO: MockWebServer[54466] received request: GET /api/v1/namespaces/entando-k8s-composite-app-controller-carcms33/pods?labelSelector=EntandoPlugin%3Dtest-plugin-carcms33%2CEntandoResourceNamespace%3Dentando-k8s-composite-app-controller-carcms33%2CEntandoResourceKind%3DEntandoPlugin HTTP/1.1 and responded: HTTP/1.1 200 OK
Mar 30, 2021 3:25:36 PM io.fabric8.kubernetes.client.dsl.internal.WatchHTTPManager$1 onResponse
INFO: Watch terminated unexpectedly. reason: \n not found: limit=46 content=7b2261706956657273696f6e223a227631222c226b696e64223a224c69737422â€¦
Mar 30, 2021 3:25:37 PM org.entando.kubernetes.client.KubernetesRestInterceptor invoke
INFO: Exiting method removeAndWait in class org.entando.kubernetes.controller.support.client.PodClient
Mar 30, 2021 3:25:37 PM org.entando.kubernetes.client.KubernetesRestInterceptor invoke
INFO: Entering method runToCompletion in class org.entando.kubernetes.controller.support.client.PodClient with Pod: entando-k8s-composite-app-controller-carcms33/test-plugin-carcms33-deployer-9557
Mar 30, 2021 3:25:37 PM okhttp3.mockwebserver.MockWebServer$3 processOneRequest
INFO: MockWebServer[54466] received request: GET /api/v1/namespaces/entando-k8s-composite-app-controller-carcms33/pods?labelSelector=EntandoPlugin%3Dtest-plugin-carcms33%2CEntandoResourceNamespace%3Dentando-k8s-composite-app-controller-carcms33%2CEntandoResourceKind%3DEntandoPlugin&watch=**** HTTP/1.1 and responded: HTTP/1.1 200 OK
Mar 30, 2021 3:25:37 PM io.fabric8.kubernetes.client.dsl.internal.WatchHTTPManager$1 onResponse
INFO: Watch terminated unexpectedly. reason: \n not found: limit=46 content=7b2261706956657273696f6e223a227631222c226b696e64223a224c69737422â€¦
Mar 30, 2021 3:25:37 PM io.fabric8.kubernetes.client.dsl.internal.WatchHTTPManager scheduleReconnect
WARN: Ignoring error for already closed/closing connection
Mar 30, 2021 3:25:37 PM okhttp3.mockwebserver.MockWebServer$3 processOneRequest
INFO: MockWebServer[54466] received request: POST /api/v1/namespaces/entando-k8s-composite-app-controller-carcms33/pods HTTP/1.1 and responded: HTTP/1.1 202 OK
Mar 30, 2021 3:25:37 PM org.entando.kubernetes.client.KubernetesRestInterceptor invoke
INFO: Entering method loadPod in class org.entando.kubernetes.controller.support.client.PodClient with entando-k8s-composite-app-controller-carcms33,[Ljava.lang.String;@736e1a3
Mar 30, 2021 3:25:37 PM okhttp3.mockwebserver.MockWebServer$3 processOneRequest
INFO: MockWebServer[54466] received request: GET /api/v1/namespaces/entando-k8s-composite-app-controller-carcms33/pods?labelSelector=EntandoPlugin%3Dtest-plugin-carcms33 HTTP/1.1 and responded: HTTP/1.1 200 OK
Mar 30, 2021 3:25:37 PM okhttp3.mockwebserver.MockWebServer$3 processOneRequest
INFO: MockWebServer[54466] received request: GET /api/v1/namespaces/entando-k8s-composite-app-controller-carcms33/pods?fieldSelector=metadata.name%3Dtest-plugin-carcms33-deployer-9557&watch=**** HTTP/1.1 and responded: HTTP/1.1 200 OK
Mar 30, 2021 3:25:37 PM org.entando.kubernetes.client.KubernetesRestInterceptor invoke
INFO: Exiting method loadPod in class org.entando.kubernetes.controller.support.client.PodClient
Mar 30, 2021 3:25:37 PM okhttp3.mockwebserver.MockWebServer$3 processOneRequest
INFO: MockWebServer[54466] received request: GET /api/v1/namespaces/entando-k8s-composite-app-controller-carcms33/pods/test-plugin-carcms33-deployer-9557 HTTP/1.1 and responded: HTTP/1.1 200 OK
Mar 30, 2021 3:25:37 PM okhttp3.mockwebserver.MockWebServer$3 processOneRequest
INFO: MockWebServer[54466] received request: GET /api/v1/namespaces/entando-k8s-composite-app-controller-carcms33/pods?fieldSelector=metadata.name%3Dtest-plugin-carcms33-deployer-9557&watch=**** HTTP/1.1 and responded: HTTP/1.1 200 OK
Mar 30, 2021 3:25:37 PM io.fabric8.kubernetes.client.dsl.internal.WatchHTTPManager$1 onResponse
INFO: Watch terminated unexpectedly. reason: \n not found: limit=5015 content=7b2261706956657273696f6e223a227631222c226b696e64223a224c69737422â€¦
Mar 30, 2021 3:25:37 PM okhttp3.mockwebserver.MockWebServer$3 processOneRequest
INFO: MockWebServer[54466] received request: PATCH /api/v1/namespaces/entando-k8s-composite-app-controller-carcms33/pods/test-plugin-carcms33-deployer-9557 HTTP/1.1 and responded: HTTP/1.1 202 OK
Mar 30, 2021 3:25:38 PM org.entando.kubernetes.client.KubernetesRestInterceptor invoke
INFO: Exiting method runToCompletion in class org.entando.kubernetes.controller.support.client.PodClient
Mar 30, 2021 3:25:38 PM org.entando.kubernetes.client.KubernetesRestInterceptor invoke
INFO: Entering method updateStatus in class org.entando.kubernetes.controller.support.client.EntandoResourceClient with EntandoCompositeApp: entando-k8s-composite-app-controller-carcms33/my-app-carcms33
Mar 30, 2021 3:25:38 PM okhttp3.mockwebserver.MockWebServer$3 processOneRequest
INFO: MockWebServer[54466] received request: GET /api/v1/namespaces/entando-k8s-composite-app-controller-carcms33/pods?fieldSelector=metadata.name%3Dtest-plugin-carcms33-deployer-9557&watch=**** HTTP/1.1 and responded: HTTP/1.1 200 OK
Mar 30, 2021 3:25:38 PM io.fabric8.kubernetes.client.dsl.internal.WatchHTTPManager$1 onResponse
INFO: Watch terminated unexpectedly. reason: \n not found: limit=5199 content=7b2261706956657273696f6e223a227631222c226b696e64223a224c69737422â€¦
Mar 30, 2021 3:25:38 PM io.fabric8.kubernetes.client.dsl.internal.WatchHTTPManager scheduleReconnect
WARN: Ignoring error for already closed/closing connection
Mar 30, 2021 3:25:38 PM okhttp3.mockwebserver.MockWebServer$3 processOneRequest
INFO: MockWebServer[54466] received request: POST /api/v1/namespaces/entando-k8s-composite-app-controller-carcms33/events HTTP/1.1 and responded: HTTP/1.1 202 OK
Mar 30, 2021 3:25:38 PM okhttp3.mockwebserver.MockWebServer$3 processOneRequest
INFO: MockWebServer[54466] received request: GET /apis/entando.org/v1/namespaces/entando-k8s-composite-app-controller-carcms33/entandocompositeapps/my-app-carcms33 HTTP/1.1 and responded: HTTP/1.1 200 OK
Mar 30, 2021 3:25:38 PM okhttp3.mockwebserver.MockWebServer$3 processOneRequest
INFO: MockWebServer[54466] received request: PUT /apis/entando.org/v1/namespaces/entando-k8s-composite-app-controller-carcms33/entandocompositeapps/my-app-carcms33/status HTTP/1.1 and responded: HTTP/1.1 202 OK
Mar 30, 2021 3:25:38 PM org.entando.kubernetes.client.KubernetesRestInterceptor invoke
INFO: Exiting method updateStatus in class org.entando.kubernetes.controller.support.client.EntandoResourceClient
Mar 30, 2021 3:25:38 PM org.entando.kubernetes.client.KubernetesRestInterceptor invoke
INFO: Entering method updatePhase in class org.entando.kubernetes.controller.support.client.EntandoResourceClient with EntandoCompositeApp: entando-k8s-composite-app-controller-carcms33/my-app-carcms33
Mar 30, 2021 3:25:38 PM okhttp3.mockwebserver.MockWebServer$3 processOneRequest
INFO: MockWebServer[54466] received request: POST /api/v1/namespaces/entando-k8s-composite-app-controller-carcms33/events HTTP/1.1 and responded: HTTP/1.1 202 OK
Mar 30, 2021 3:25:38 PM okhttp3.mockwebserver.MockWebServer$3 processOneRequest
INFO: MockWebServer[54466] received request: GET /apis/entando.org/v1/namespaces/entando-k8s-composite-app-controller-carcms33/entandocompositeapps/my-app-carcms33 HTTP/1.1 and responded: HTTP/1.1 200 OK
Mar 30, 2021 3:25:38 PM okhttp3.mockwebserver.MockWebServer$3 processOneRequest
INFO: MockWebServer[54466] received request: PUT /apis/entando.org/v1/namespaces/entando-k8s-composite-app-controller-carcms33/entandocompositeapps/my-app-carcms33/status HTTP/1.1 and responded: HTTP/1.1 202 OK
Mar 30, 2021 3:25:38 PM org.entando.kubernetes.client.KubernetesRestInterceptor invoke
INFO: Exiting method updatePhase in class org.entando.kubernetes.controller.support.client.EntandoResourceClient
Mar 30, 2021 3:25:39 PM okhttp3.mockwebserver.MockWebServer$3 processOneRequest
INFO: MockWebServer[54466] received request: GET /api/v1/namespaces/entando-k8s-composite-app-controller-carcms33/pods?labelSelector=EntandoResourceKind%3DEntandoKeycloakServer%2CEntandoKeycloakServer%3Dtest-keycloak-carcms33 HTTP/1.1 and responded: HTTP/1.1 200 OK
Mar 30, 2021 3:25:39 PM okhttp3.mockwebserver.MockWebServer$3 processOneRequest
INFO: MockWebServer[54466] received request: GET /api/v1/namespaces/entando-k8s-composite-app-controller-carcms33/pods?labelSelector=EntandoResourceKind%3DEntandoKeycloakServer%2CEntandoKeycloakServer%3Dtest-keycloak-carcms33 HTTP/1.1 and responded: HTTP/1.1 200 OK
Mar 30, 2021 3:25:39 PM okhttp3.mockwebserver.MockWebServer$3 processOneRequest
INFO: MockWebServer[54466] received request: GET /api/v1/namespaces/entando-k8s-composite-app-controller-carcms33 HTTP/1.1 and responded: HTTP/1.1 404 Client Error
Mar 30, 2021 3:25:39 PM okhttp3.mockwebserver.MockWebServer$3 processOneRequest
INFO: MockWebServer[54466] received request: GET /apis/entando.org/v1/namespaces/default/entandokeycloakservers HTTP/1.1 and responded: HTTP/1.1 200 OK
Mar 30, 2021 3:25:39 PM okhttp3.mockwebserver.MockWebServer$3 processOneRequest
INFO: MockWebServer[54466] received request: GET /api/v1/namespaces/entando-k8s-composite-app-controller-carcms33 HTTP/1.1 and responded: HTTP/1.1 404 Client Error
Mar 30, 2021 3:25:39 PM okhttp3.mockwebserver.MockWebServer$3 processOneRequest
INFO: MockWebServer[54466] received request: GET /apis/entando.org/v1/namespaces/default/entandokeycloakservers HTTP/1.1 and responded: HTTP/1.1 200 OK
Mar 30, 2021 3:25:39 PM okhttp3.mockwebserver.MockWebServer$3 processOneRequest
INFO: MockWebServer[54466] received request: GET /apis/entando.org/v1/namespaces/entando-k8s-composite-app-controller-carcms33/entandokeycloakservers/test-keycloak-carcms33 HTTP/1.1 and responded: HTTP/1.1 200 OK
Mar 30, 2021 3:25:39 PM okhttp3.mockwebserver.MockWebServer$3 processOneRequest
INFO: MockWebServer[54466] received request: GET /api/v1/namespaces/entando-k8s-composite-app-controller-carcms33 HTTP/1.1 and responded: HTTP/1.1 404 Client Error
Mar 30, 2021 3:25:39 PM okhttp3.mockwebserver.MockWebServer$3 processOneRequest
INFO: MockWebServer[54466] received request: GET /apis/entando.org/v1/namespaces/default/entandocompositeapps HTTP/1.1 and responded: HTTP/1.1 200 OK
Mar 30, 2021 3:25:39 PM okhttp3.mockwebserver.MockWebServer$3 processOneRequest
INFO: MockWebServer[54466] received request: GET /api/v1/namespaces/entando-k8s-composite-app-controller-carcms33 HTTP/1.1 and responded: HTTP/1.1 404 Client Error
Mar 30, 2021 3:25:39 PM okhttp3.mockwebserver.MockWebServer$3 processOneRequest
INFO: MockWebServer[54466] received request: GET /apis/entando.org/v1/namespaces/default/entandocompositeapps HTTP/1.1 and responded: HTTP/1.1 200 OK
Mar 30, 2021 3:25:40 PM okhttp3.mockwebserver.MockWebServer$3 processOneRequest
INFO: MockWebServer[54466] received request: GET /apis/entando.org/v1/namespaces/entando-k8s-composite-app-controller-carcms33/entandocompositeapps/my-app-carcms33 HTTP/1.1 and responded: HTTP/1.1 200 OK
Mar 30, 2021 3:25:40 PM okhttp3.mockwebserver.MockWebServer$3 processOneRequest
INFO: MockWebServer[54466] received request: GET /api/v1/namespaces/entando-k8s-composite-app-controller-carcms33/pods?labelSelector=EntandoPlugin%3Dtest-plugin-carcms33%2CEntandoResourceKind%3DEntandoPlugin HTTP/1.1 and responded: HTTP/1.1 200 OK
Mar 30, 2021 3:25:40 PM okhttp3.mockwebserver.MockWebServer$3 processOneRequest
INFO: MockWebServer[54466] received request: GET /api/v1/namespaces/entando-k8s-composite-app-controller-carcms33/pods?labelSelector=EntandoPlugin%3Dtest-plugin-carcms33%2CEntandoResourceKind%3DEntandoPlugin HTTP/1.1 and responded: HTTP/1.1 200 OK
Mar 30, 2021 3:25:40 PM okhttp3.mockwebserver.MockWebServer$3 processOneRequest
INFO: MockWebServer[54466] received request: GET /api/v1/namespaces/entando-k8s-composite-app-controller-carcms33 HTTP/1.1 and responded: HTTP/1.1 404 Client Error
Mar 30, 2021 3:25:40 PM okhttp3.mockwebserver.MockWebServer$3 processOneRequest
INFO: MockWebServer[54466] received request: GET /apis/entando.org/v1/namespaces/default/entandoplugins HTTP/1.1 and responded: HTTP/1.1 200 OK
Mar 30, 2021 3:25:40 PM okhttp3.mockwebserver.MockWebServer$3 processOneRequest
INFO: MockWebServer[54466] received request: GET /api/v1/namespaces/entando-k8s-composite-app-controller-carcms33 HTTP/1.1 and responded: HTTP/1.1 404 Client Error
Mar 30, 2021 3:25:40 PM okhttp3.mockwebserver.MockWebServer$3 processOneRequest
INFO: MockWebServer[54466] received request: GET /apis/entando.org/v1/namespaces/default/entandoplugins HTTP/1.1 and responded: HTTP/1.1 200 OK
Mar 30, 2021 3:25:40 PM okhttp3.mockwebserver.MockWebServer$3 processOneRequest
INFO: MockWebServer[54466] received request: GET /apis/entando.org/v1/namespaces/entando-k8s-composite-app-controller-carcms33/entandoplugins/test-plugin-carcms33 HTTP/1.1 and responded: HTTP/1.1 200 OK
Mar 30, 2021 3:25:41 PM okhttp3.mockwebserver.MockWebServer$3 processOneRequest
INFO: MockWebServer[54466] received request: GET /apis/entando.org/v1/namespaces/entando-k8s-composite-app-controller-carcms33/entandocompositeapps/my-app-carcms33 HTTP/1.1 and responded: HTTP/1.1 200 OK
Mar 30, 2021 3:25:41 PM okhttp3.mockwebserver.MockWebServer$3 processOneRequest
INFO: MockWebServer[54466] received request: GET /apis/entando.org/v1/namespaces/entando-k8s-composite-app-controller-carcms33/entandocompositeapps/my-app-carcms33 HTTP/1.1 and responded: HTTP/1.1 200 OK
Mar 30, 2021 3:25:41 PM org.entando.kubernetes.client.KubernetesRestInterceptor invoke
INFO: Entering method getPodWatcherQueue in class org.entando.kubernetes.controller.support.client.PodWaitingClient
Mar 30, 2021 3:25:41 PM org.entando.kubernetes.client.KubernetesRestInterceptor invoke
INFO: Exiting method getPodWatcherQueue in class org.entando.kubernetes.controller.support.client.PodWaitingClient
Mar 30, 2021 3:25:41 PM okhttp3.mockwebserver.MockWebServer$2 acceptConnections
INFO: MockWebServer[54466] done accepting connections: Socket closed
Mar 30, 2021 3:25:41 PM okhttp3.mockwebserver.MockWebServer$2 e**cute
INFO: MockWebServer[54859] starting to accept connections
Mar 30, 2021 3:25:41 PM okhttp3.mockwebserver.MockWebServer$3 processOneRequest
INFO: MockWebServer[54859] received request: GET /api/v1/namespaces/entando HTTP/1.1 and responded: HTTP/1.1 404 Client Error
Mar 30, 2021 3:25:41 PM okhttp3.mockwebserver.MockWebServer$3 processOneRequest
INFO: MockWebServer[54859] received request: POST /api/v1/namespaces HTTP/1.1 and responded: HTTP/1.1 202 OK
Mar 30, 2021 3:25:41 PM org.entando.kubernetes.client.KubernetesRestInterceptor invoke
INFO: Entering method loadDockerImageInfoConfigMap in class org.entando.kubernetes.controller.support.client.EntandoResourceClient
Mar 30, 2021 3:25:41 PM okhttp3.mockwebserver.MockWebServer$3 processOneRequest
INFO: MockWebServer[54859] received request: GET /api/v1/namespaces/entando/configmaps/entando-docker-image-info-v6.3 HTTP/1.1 and responded: HTTP/1.1 404 Client Error
Mar 30, 2021 3:25:41 PM org.entando.kubernetes.client.KubernetesRestInterceptor invoke
INFO: Exiting method loadDockerImageInfoConfigMap in class org.entando.kubernetes.controller.support.client.EntandoResourceClient
Mar 30, 2021 3:25:41 PM okhttp3.mockwebserver.MockWebServer$3 processOneRequest
INFO: MockWebServer[54859] received request: GET /api/v1/namespaces/entando/configmaps/entando-docker-image-info-v6.3 HTTP/1.1 and responded: HTTP/1.1 404 Client Error
Mar 30, 2021 3:25:41 PM okhttp3.mockwebserver.MockWebServer$3 processOneRequest
INFO: MockWebServer[54859] received request: POST /api/v1/namespaces/entando/configmaps HTTP/1.1 and responded: HTTP/1.1 202 OK
Mar 30, 2021 3:25:41 PM okhttp3.mockwebserver.MockWebServer$3 processOneRequest
INFO: MockWebServer[54859] received request: GET /api/v1/namespaces/entando/configmaps/entando-docker-image-info-v6.3 HTTP/1.1 and responded: HTTP/1.1 200 OK
Mar 30, 2021 3:25:41 PM okhttp3.mockwebserver.MockWebServer$3 processOneRequest
INFO: MockWebServer[54859] received request: GET /api/v1/namespaces/entando/configmaps/entando-docker-image-info-v6.3 HTTP/1.1 and responded: HTTP/1.1 200 OK
Mar 30, 2021 3:25:41 PM okhttp3.mockwebserver.MockWebServer$3 processOneRequest
INFO: MockWebServer[54859] received request: GET /api/v1/namespaces/entando/configmaps/entando-docker-image-info-v6.3 HTTP/1.1 and responded: HTTP/1.1 200 OK
Mar 30, 2021 3:25:41 PM okhttp3.mockwebserver.MockWebServer$3 processOneRequest
INFO: MockWebServer[54859] received request: PATCH /api/v1/namespaces/entando/configmaps/entando-docker-image-info-v6.3 HTTP/1.1 and responded: HTTP/1.1 202 OK
Mar 30, 2021 3:25:42 PM org.entando.kubernetes.client.KubernetesRestInterceptor invoke
INFO: Entering method createOrPatchEntandoResource in class org.entando.kubernetes.controller.support.client.EntandoResourceClient with EntandoPlugin: entando-k8s-composite-app-controller-carcms33/test-plugin-carcms33
Mar 30, 2021 3:25:42 PM okhttp3.mockwebserver.MockWebServer$3 processOneRequest
INFO: MockWebServer[54859] received request: GET /api/v1/namespaces/entando-k8s-composite-app-controller-carcms33 HTTP/1.1 and responded: HTTP/1.1 404 Client Error
Mar 30, 2021 3:25:42 PM okhttp3.mockwebserver.MockWebServer$3 processOneRequest
INFO: MockWebServer[54859] received request: GET /apis/entando.org/v1/namespaces/default/entandoplugins HTTP/1.1 and responded: HTTP/1.1 200 OK
Mar 30, 2021 3:25:42 PM okhttp3.mockwebserver.MockWebServer$3 processOneRequest
INFO: MockWebServer[54859] received request: GET /api/v1/namespaces/entando-k8s-composite-app-controller-carcms33 HTTP/1.1 and responded: HTTP/1.1 404 Client Error
Mar 30, 2021 3:25:42 PM okhttp3.mockwebserver.MockWebServer$3 processOneRequest
INFO: MockWebServer[54859] received request: GET /apis/entando.org/v1/namespaces/default/entandoplugins HTTP/1.1 and responded: HTTP/1.1 200 OK
Mar 30, 2021 3:25:42 PM okhttp3.mockwebserver.MockWebServer$3 processOneRequest
INFO: MockWebServer[54859] received request: GET /apis/entando.org/v1/namespaces/entando-k8s-composite-app-controller-carcms33/entandoplugins/test-plugin-carcms33 HTTP/1.1 and responded: HTTP/1.1 404 Client Error
Mar 30, 2021 3:25:42 PM okhttp3.mockwebserver.MockWebServer$3 processOneRequest
INFO: MockWebServer[54859] received request: POST /apis/entando.org/v1/namespaces/entando-k8s-composite-app-controller-carcms33/entandoplugins HTTP/1.1 and responded: HTTP/1.1 202 OK
Mar 30, 2021 3:25:42 PM org.entando.kubernetes.client.KubernetesRestInterceptor invoke
INFO: Exiting method createOrPatchEntandoResource in class org.entando.kubernetes.controller.support.client.EntandoResourceClient
Mar 30, 2021 3:25:42 PM okhttp3.mockwebserver.MockWebServer$3 processOneRequest
INFO: MockWebServer[54859] received request: GET /api/v1/namespaces/entando-k8s-composite-app-controller-carcms33 HTTP/1.1 and responded: HTTP/1.1 404 Client Error
Mar 30, 2021 3:25:42 PM okhttp3.mockwebserver.MockWebServer$3 processOneRequest
INFO: MockWebServer[54859] received request: GET /apis/entando.org/v1/namespaces/default/entandocompositeapps HTTP/1.1 and responded: HTTP/1.1 200 OK
Mar 30, 2021 3:25:42 PM okhttp3.mockwebserver.MockWebServer$3 processOneRequest
INFO: MockWebServer[54859] received request: GET /api/v1/namespaces/entando-k8s-composite-app-controller-carcms33 HTTP/1.1 and responded: HTTP/1.1 404 Client Error
Mar 30, 2021 3:25:42 PM okhttp3.mockwebserver.MockWebServer$3 processOneRequest
INFO: MockWebServer[54859] received request: GET /apis/entando.org/v1/namespaces/default/entandocompositeapps HTTP/1.1 and responded: HTTP/1.1 200 OK
Mar 30, 2021 3:25:42 PM okhttp3.mockwebserver.MockWebServer$3 processOneRequest
INFO: MockWebServer[54859] received request: POST /apis/entando.org/v1/namespaces/entando-k8s-composite-app-controller-carcms33/entandocompositeapps HTTP/1.1 and responded: HTTP/1.1 202 OK
Mar 30, 2021 3:25:42 PM org.entando.kubernetes.client.KubernetesRestInterceptor invoke
INFO: Entering method loadOperatorConfig in class org.entando.kubernetes.controller.support.client.EntandoResourceClient
Mar 30, 2021 3:25:42 PM okhttp3.mockwebserver.MockWebServer$3 processOneRequest
INFO: MockWebServer[54859] received request: GET /api/v1/namespaces/entando-k8s-composite-app-controller-carcms33/configmaps/entando-operator-config HTTP/1.1 and responded: HTTP/1.1 404 Client Error
Mar 30, 2021 3:25:43 PM org.entando.kubernetes.client.KubernetesRestInterceptor invoke
INFO: Exiting method loadOperatorConfig in class org.entando.kubernetes.controller.support.client.EntandoResourceClient
Mar 30, 2021 3:25:43 PM org.entando.kubernetes.client.KubernetesRestInterceptor invoke
INFO: Entering method load in class org.entando.kubernetes.controller.support.client.EntandoResourceClient with class org.entando.kubernetes.model.compositeapp.EntandoCompositeApp,entando-k8s-composite-app-controller-carcms33,my-app-carcms33
Mar 30, 2021 3:25:43 PM org.entando.kubernetes.client.KubernetesRestInterceptor invoke
INFO: Entering method getPodWatcherQueue in class org.entando.kubernetes.controller.support.client.PodWaitingClient
Mar 30, 2021 3:25:43 PM org.entando.kubernetes.client.KubernetesRestInterceptor invoke
INFO: Exiting method getPodWatcherQueue in class org.entando.kubernetes.controller.support.client.PodWaitingClient
Mar 30, 2021 3:25:43 PM okhttp3.mockwebserver.MockWebServer$3 processOneRequest
INFO: MockWebServer[54859] received request: GET /api/v1/namespaces/entando-k8s-composite-app-controller-carcms33 HTTP/1.1 and responded: HTTP/1.1 404 Client Error
Mar 30, 2021 3:25:43 PM okhttp3.mockwebserver.MockWebServer$3 processOneRequest
INFO: MockWebServer[54859] received request: GET /apis/entando.org/v1/namespaces/default/entandocompositeapps HTTP/1.1 and responded: HTTP/1.1 200 OK
Mar 30, 2021 3:25:43 PM okhttp3.mockwebserver.MockWebServer$3 processOneRequest
INFO: MockWebServer[54859] received request: GET /api/v1/namespaces/entando-k8s-composite-app-controller-carcms33 HTTP/1.1 and responded: HTTP/1.1 404 Client Error
Mar 30, 2021 3:25:43 PM okhttp3.mockwebserver.MockWebServer$3 processOneRequest
INFO: MockWebServer[54859] received request: GET /apis/entando.org/v1/namespaces/default/entandocompositeapps HTTP/1.1 and responded: HTTP/1.1 200 OK
Mar 30, 2021 3:25:43 PM okhttp3.mockwebserver.MockWebServer$3 processOneRequest
INFO: MockWebServer[54859] received request: GET /apis/entando.org/v1/namespaces/entando-k8s-composite-app-controller-carcms33/entandocompositeapps/my-app-carcms33 HTTP/1.1 and responded: HTTP/1.1 200 OK
Mar 30, 2021 3:25:43 PM org.entando.kubernetes.client.KubernetesRestInterceptor invoke
INFO: Exiting method load in class org.entando.kubernetes.controller.support.client.EntandoResourceClient
Mar 30, 2021 3:25:43 PM org.entando.kubernetes.client.KubernetesRestInterceptor invoke
INFO: Entering method updatePhase in class org.entando.kubernetes.controller.support.client.EntandoResourceClient with EntandoCompositeApp: entando-k8s-composite-app-controller-carcms33/my-app-carcms33
Mar 30, 2021 3:25:43 PM okhttp3.mockwebserver.MockWebServer$3 processOneRequest
INFO: MockWebServer[54859] received request: POST /api/v1/namespaces/entando-k8s-composite-app-controller-carcms33/events HTTP/1.1 and responded: HTTP/1.1 202 OK
Mar 30, 2021 3:25:43 PM okhttp3.mockwebserver.MockWebServer$3 processOneRequest
INFO: MockWebServer[54859] received request: GET /apis/entando.org/v1/namespaces/entando-k8s-composite-app-controller-carcms33/entandocompositeapps/my-app-carcms33 HTTP/1.1 and responded: HTTP/1.1 200 OK
Mar 30, 2021 3:25:43 PM okhttp3.mockwebserver.MockWebServer$3 processOneRequest
INFO: MockWebServer[54859] received request: PUT /apis/entando.org/v1/namespaces/entando-k8s-composite-app-controller-carcms33/entandocompositeapps/my-app-carcms33/status HTTP/1.1 and responded: HTTP/1.1 202 OK
Mar 30, 2021 3:25:43 PM org.entando.kubernetes.client.KubernetesRestInterceptor invoke
INFO: Exiting method updatePhase in class org.entando.kubernetes.controller.support.client.EntandoResourceClient
Mar 30, 2021 3:25:43 PM org.entando.kubernetes.client.KubernetesRestInterceptor invoke
INFO: Entering method loadDockerImageInfoConfigMap in class org.entando.kubernetes.controller.support.client.EntandoResourceClient
Mar 30, 2021 3:25:43 PM okhttp3.mockwebserver.MockWebServer$3 processOneRequest
INFO: MockWebServer[54859] received request: GET /api/v1/namespaces/entando/configmaps/entando-docker-image-info-v6.3 HTTP/1.1 and responded: HTTP/1.1 200 OK
Mar 30, 2021 3:25:43 PM org.entando.kubernetes.client.KubernetesRestInterceptor invoke
INFO: Exiting method loadDockerImageInfoConfigMap in class org.entando.kubernetes.controller.support.client.EntandoResourceClient
Mar 30, 2021 3:25:43 PM org.entando.kubernetes.client.KubernetesRestInterceptor invoke
INFO: Entering method createOrPatchEntandoResource in class org.entando.kubernetes.controller.support.client.EntandoResourceClient with EntandoKeycloakServer: entando-k8s-composite-app-controller-carcms33/test-keycloak-carcms33
Mar 30, 2021 3:25:43 PM okhttp3.mockwebserver.MockWebServer$3 processOneRequest
INFO: MockWebServer[54859] received request: GET /api/v1/namespaces/entando-k8s-composite-app-controller-carcms33 HTTP/1.1 and responded: HTTP/1.1 404 Client Error
Mar 30, 2021 3:25:43 PM okhttp3.mockwebserver.MockWebServer$3 processOneRequest
INFO: MockWebServer[54859] received request: GET /apis/entando.org/v1/namespaces/default/entandokeycloakservers HTTP/1.1 and responded: HTTP/1.1 200 OK
Mar 30, 2021 3:25:44 PM okhttp3.mockwebserver.MockWebServer$3 processOneRequest
INFO: MockWebServer[54859] received request: GET /api/v1/namespaces/entando-k8s-composite-app-controller-carcms33 HTTP/1.1 and responded: HTTP/1.1 404 Client Error
Mar 30, 2021 3:25:44 PM okhttp3.mockwebserver.MockWebServer$3 processOneRequest
INFO: MockWebServer[54859] received request: GET /apis/entando.org/v1/namespaces/default/entandokeycloakservers HTTP/1.1 and responded: HTTP/1.1 200 OK
Mar 30, 2021 3:25:44 PM okhttp3.mockwebserver.MockWebServer$3 processOneRequest
INFO: MockWebServer[54859] received request: GET /apis/entando.org/v1/namespaces/entando-k8s-composite-app-controller-carcms33/entandokeycloakservers/test-keycloak-carcms33 HTTP/1.1 and responded: HTTP/1.1 404 Client Error
Mar 30, 2021 3:25:44 PM okhttp3.mockwebserver.MockWebServer$3 processOneRequest
INFO: MockWebServer[54859] received request: POST /apis/entando.org/v1/namespaces/entando-k8s-composite-app-controller-carcms33/entandokeycloakservers HTTP/1.1 and responded: HTTP/1.1 202 OK
Mar 30, 2021 3:25:44 PM org.entando.kubernetes.client.KubernetesRestInterceptor invoke
INFO: Exiting method createOrPatchEntandoResource in class org.entando.kubernetes.controller.support.client.EntandoResourceClient
Mar 30, 2021 3:25:44 PM org.entando.kubernetes.client.KubernetesRestInterceptor invoke
INFO: Entering method removeAndWait in class org.entando.kubernetes.controller.support.client.PodClient with entando-k8s-composite-app-controller-carcms33,{EntandoResourceNamespace=entando-k8s-composite-app-controller-carcms33, EntandoKeycloakServer=test-keycloak-carcms33, EntandoResourceKind=EntandoKeycloakServer}
Mar 30, 2021 3:25:44 PM okhttp3.mockwebserver.MockWebServer$3 processOneRequest
INFO: MockWebServer[54859] received request: GET /api/v1/namespaces/entando-k8s-composite-app-controller-carcms33/pods?labelSelector=EntandoResourceNamespace%3Dentando-k8s-composite-app-controller-carcms33%2CEntandoResourceKind%3DEntandoKeycloakServer%2CEntandoKeycloakServer%3Dtest-keycloak-carcms33 HTTP/1.1 and responded: HTTP/1.1 200 OK
Mar 30, 2021 3:25:44 PM org.entando.kubernetes.client.KubernetesRestInterceptor invoke
INFO: Entering method getPodWatcherQueue in class org.entando.kubernetes.controller.support.client.PodWaitingClient
Mar 30, 2021 3:25:44 PM org.entando.kubernetes.client.KubernetesRestInterceptor invoke
INFO: Exiting method getPodWatcherQueue in class org.entando.kubernetes.controller.support.client.PodWaitingClient
Mar 30, 2021 3:25:44 PM okhttp3.mockwebserver.MockWebServer$3 processOneRequest
INFO: MockWebServer[54859] received request: GET /api/v1/namespaces/entando-k8s-composite-app-controller-carcms33/pods?labelSelector=EntandoResourceNamespace%3Dentando-k8s-composite-app-controller-carcms33%2CEntandoResourceKind%3DEntandoKeycloakServer%2CEntandoKeycloakServer%3Dtest-keycloak-carcms33&watch=**** HTTP/1.1 and responded: HTTP/1.1 200 OK
Mar 30, 2021 3:25:44 PM okhttp3.mockwebserver.MockWebServer$3 processOneRequest
INFO: MockWebServer[54859] received request: GET /api/v1/namespaces/entando-k8s-composite-app-controller-carcms33/pods?labelSelector=EntandoResourceNamespace%3Dentando-k8s-composite-app-controller-carcms33%2CEntandoResourceKind%3DEntandoKeycloakServer%2CEntandoKeycloakServer%3Dtest-keycloak-carcms33 HTTP/1.1 and responded: HTTP/1.1 200 OK
Mar 30, 2021 3:25:44 PM okhttp3.mockwebserver.MockWebServer$3 processOneRequest
INFO: MockWebServer[54859] received request: GET /api/v1/namespaces/entando-k8s-composite-app-controller-carcms33/pods?labelSelector=EntandoResourceNamespace%3Dentando-k8s-composite-app-controller-carcms33%2CEntandoResourceKind%3DEntandoKeycloakServer%2CEntandoKeycloakServer%3Dtest-keycloak-carcms33&watch=**** HTTP/1.1 and responded: HTTP/1.1 200 OK
Mar 30, 2021 3:25:44 PM io.fabric8.kubernetes.client.dsl.internal.WatchHTTPManager$1 onResponse
INFO: Watch terminated unexpectedly. reason: \n not found: limit=46 content=7b2261706956657273696f6e223a227631222c226b696e64223a224c69737422â€¦
Mar 30, 2021 3:25:44 PM okhttp3.mockwebserver.MockWebServer$3 processOneRequest
INFO: MockWebServer[54859] received request: GET /api/v1/namespaces/entando-k8s-composite-app-controller-carcms33/pods?labelSelector=EntandoResourceNamespace%3Dentando-k8s-composite-app-controller-carcms33%2CEntandoResourceKind%3DEntandoKeycloakServer%2CEntandoKeycloakServer%3Dtest-keycloak-carcms33 HTTP/1.1 and responded: HTTP/1.1 200 OK
Mar 30, 2021 3:25:45 PM org.entando.kubernetes.client.KubernetesRestInterceptor invoke
INFO: Exiting method removeAndWait in class org.entando.kubernetes.controller.support.client.PodClient
Mar 30, 2021 3:25:45 PM org.entando.kubernetes.client.KubernetesRestInterceptor invoke
INFO: Entering method runToCompletion in class org.entando.kubernetes.controller.support.client.PodClient with Pod: entando-k8s-composite-app-controller-carcms33/test-keycloak-carcms33-deployer-6769
Mar 30, 2021 3:25:45 PM okhttp3.mockwebserver.MockWebServer$3 processOneRequest
INFO: MockWebServer[54859] received request: GET /api/v1/namespaces/entando-k8s-composite-app-controller-carcms33/pods?labelSelector=EntandoResourceNamespace%3Dentando-k8s-composite-app-controller-carcms33%2CEntandoResourceKind%3DEntandoKeycloakServer%2CEntandoKeycloakServer%3Dtest-keycloak-carcms33&watch=**** HTTP/1.1 and responded: HTTP/1.1 200 OK
Mar 30, 2021 3:25:45 PM io.fabric8.kubernetes.client.dsl.internal.WatchHTTPManager$1 onResponse
INFO: Watch terminated unexpectedly. reason: \n not found: limit=46 content=7b2261706956657273696f6e223a227631222c226b696e64223a224c69737422â€¦
Mar 30, 2021 3:25:45 PM io.fabric8.kubernetes.client.dsl.internal.WatchHTTPManager scheduleReconnect
WARN: Ignoring error for already closed/closing connection
Mar 30, 2021 3:25:45 PM okhttp3.mockwebserver.MockWebServer$3 processOneRequest
INFO: MockWebServer[54859] received request: POST /api/v1/namespaces/entando-k8s-composite-app-controller-carcms33/pods HTTP/1.1 and responded: HTTP/1.1 202 OK
Mar 30, 2021 3:25:45 PM org.entando.kubernetes.client.KubernetesRestInterceptor invoke
INFO: Entering method loadPod in class org.entando.kubernetes.controller.support.client.PodClient with entando-k8s-composite-app-controller-carcms33,[Ljava.lang.String;@5ba5a3e8
Mar 30, 2021 3:25:45 PM okhttp3.mockwebserver.MockWebServer$3 processOneRequest
INFO: MockWebServer[54859] received request: GET /api/v1/namespaces/entando-k8s-composite-app-controller-carcms33/pods?fieldSelector=metadata.name%3Dtest-keycloak-carcms33-deployer-6769&watch=**** HTTP/1.1 and responded: HTTP/1.1 200 OK
Mar 30, 2021 3:25:45 PM okhttp3.mockwebserver.MockWebServer$3 processOneRequest
INFO: MockWebServer[54859] received request: GET /api/v1/namespaces/entando-k8s-composite-app-controller-carcms33/pods?labelSelector=EntandoKeycloakServer%3Dtest-keycloak-carcms33 HTTP/1.1 and responded: HTTP/1.1 200 OK
Mar 30, 2021 3:25:45 PM org.entando.kubernetes.client.KubernetesRestInterceptor invoke
INFO: Exiting method loadPod in class org.entando.kubernetes.controller.support.client.PodClient
Mar 30, 2021 3:25:45 PM okhttp3.mockwebserver.MockWebServer$3 processOneRequest
INFO: MockWebServer[54859] received request: GET /api/v1/namespaces/entando-k8s-composite-app-controller-carcms33/pods?fieldSelector=metadata.name%3Dtest-keycloak-carcms33-deployer-6769&watch=**** HTTP/1.1 and responded: HTTP/1.1 200 OK
Mar 30, 2021 3:25:45 PM okhttp3.mockwebserver.MockWebServer$3 processOneRequest
INFO: MockWebServer[54859] received request: GET /api/v1/namespaces/entando-k8s-composite-app-controller-carcms33/pods/test-keycloak-carcms33-deployer-6769 HTTP/1.1 and responded: HTTP/1.1 200 OK
Mar 30, 2021 3:25:45 PM io.fabric8.kubernetes.client.dsl.internal.WatchHTTPManager$1 onResponse
INFO: Watch terminated unexpectedly. reason: \n not found: limit=2453 content=7b2261706956657273696f6e223a227631222c226b696e64223a224c69737422â€¦
Mar 30, 2021 3:25:45 PM okhttp3.mockwebserver.MockWebServer$3 processOneRequest
INFO: MockWebServer[54859] received request: PATCH /api/v1/namespaces/entando-k8s-composite-app-controller-carcms33/pods/test-keycloak-carcms33-deployer-6769 HTTP/1.1 and responded: HTTP/1.1 202 OK
Mar 30, 2021 3:25:45 PM org.entando.kubernetes.client.KubernetesRestInterceptor invoke
INFO: Entering method getPodWatcherQueue in class org.entando.kubernetes.controller.support.client.PodWaitingClient
Mar 30, 2021 3:25:45 PM org.entando.kubernetes.client.KubernetesRestInterceptor invoke
INFO: Exiting method getPodWatcherQueue in class org.entando.kubernetes.controller.support.client.PodWaitingClient
Mar 30, 2021 3:25:46 PM org.entando.kubernetes.client.KubernetesRestInterceptor invoke
INFO: Exiting method runToCompletion in class org.entando.kubernetes.controller.support.client.PodClient
Mar 30, 2021 3:25:46 PM org.entando.kubernetes.client.KubernetesRestInterceptor invoke
INFO: Entering method updateStatus in class org.entando.kubernetes.controller.support.client.EntandoResourceClient with EntandoCompositeApp: entando-k8s-composite-app-controller-carcms33/my-app-carcms33
Mar 30, 2021 3:25:46 PM okhttp3.mockwebserver.MockWebServer$3 processOneRequest
INFO: MockWebServer[54859] received request: GET /api/v1/namespaces/entando-k8s-composite-app-controller-carcms33/pods?fieldSelector=metadata.name%3Dtest-keycloak-carcms33-deployer-6769&watch=**** HTTP/1.1 and responded: HTTP/1.1 200 OK
Mar 30, 2021 3:25:46 PM io.fabric8.kubernetes.client.dsl.internal.WatchHTTPManager$1 onResponse
INFO: Watch terminated unexpectedly. reason: \n not found: limit=2637 content=7b2261706956657273696f6e223a227631222c226b696e64223a224c69737422â€¦
Mar 30, 2021 3:25:46 PM io.fabric8.kubernetes.client.dsl.internal.WatchHTTPManager scheduleReconnect
WARN: Ignoring error for already closed/closing connection
Mar 30, 2021 3:25:46 PM okhttp3.mockwebserver.MockWebServer$3 processOneRequest
INFO: MockWebServer[54859] received request: POST /api/v1/namespaces/entando-k8s-composite-app-controller-carcms33/events HTTP/1.1 and responded: HTTP/1.1 202 OK
Mar 30, 2021 3:25:46 PM okhttp3.mockwebserver.MockWebServer$3 processOneRequest
INFO: MockWebServer[54859] received request: GET /apis/entando.org/v1/namespaces/entando-k8s-composite-app-controller-carcms33/entandocompositeapps/my-app-carcms33 HTTP/1.1 and responded: HTTP/1.1 200 OK
Mar 30, 2021 3:25:47 PM okhttp3.mockwebserver.MockWebServer$3 processOneRequest
INFO: MockWebServer[54859] received request: PUT /apis/entando.org/v1/namespaces/entando-k8s-composite-app-controller-carcms33/entandocompositeapps/my-app-carcms33/status HTTP/1.1 and responded: HTTP/1.1 202 OK
Mar 30, 2021 3:25:47 PM org.entando.kubernetes.client.KubernetesRestInterceptor invoke
INFO: Exiting method updateStatus in class org.entando.kubernetes.controller.support.client.EntandoResourceClient
Mar 30, 2021 3:25:47 PM org.entando.kubernetes.client.KubernetesRestInterceptor invoke
INFO: Entering method load in class org.entando.kubernetes.controller.support.client.EntandoResourceClient with class org.entando.kubernetes.model.plugin.EntandoPlugin,entando-k8s-composite-app-controller-carcms33,test-plugin-carcms33
Mar 30, 2021 3:25:47 PM okhttp3.mockwebserver.MockWebServer$3 processOneRequest
INFO: MockWebServer[54859] received request: GET /apis/entando.org/v1/namespaces/entando-k8s-composite-app-controller-carcms33/entandoplugins/test-plugin-carcms33 HTTP/1.1 and responded: HTTP/1.1 200 OK
Mar 30, 2021 3:25:47 PM org.entando.kubernetes.client.KubernetesRestInterceptor invoke
INFO: Exiting method load in class org.entando.kubernetes.controller.support.client.EntandoResourceClient
Mar 30, 2021 3:25:47 PM org.entando.kubernetes.client.KubernetesRestInterceptor invoke
INFO: Entering method createOrPatchEntandoResource in class org.entando.kubernetes.controller.support.client.EntandoResourceClient with EntandoPlugin: entando-k8s-composite-app-controller-carcms33/test-plugin-carcms33
Mar 30, 2021 3:25:47 PM okhttp3.mockwebserver.MockWebServer$3 processOneRequest
INFO: MockWebServer[54859] received request: GET /apis/entando.org/v1/namespaces/entando-k8s-composite-app-controller-carcms33/entandoplugins/test-plugin-carcms33 HTTP/1.1 and responded: HTTP/1.1 200 OK
Mar 30, 2021 3:25:47 PM okhttp3.mockwebserver.MockWebServer$3 processOneRequest
INFO: MockWebServer[54859] received request: GET /apis/entando.org/v1/namespaces/entando-k8s-composite-app-controller-carcms33/entandoplugins/test-plugin-carcms33 HTTP/1.1 and responded: HTTP/1.1 200 OK
Mar 30, 2021 3:25:47 PM okhttp3.mockwebserver.MockWebServer$3 processOneRequest
INFO: MockWebServer[54859] received request: PATCH /apis/entando.org/v1/namespaces/entando-k8s-composite-app-controller-carcms33/entandoplugins/test-plugin-carcms33 HTTP/1.1 and responded: HTTP/1.1 202 OK
Mar 30, 2021 3:25:47 PM org.entando.kubernetes.client.KubernetesRestInterceptor invoke
INFO: Exiting method createOrPatchEntandoResource in class org.entando.kubernetes.controller.support.client.EntandoResourceClient
Mar 30, 2021 3:25:47 PM org.entando.kubernetes.client.KubernetesRestInterceptor invoke
INFO: Entering method removeAndWait in class org.entando.kubernetes.controller.support.client.PodClient with entando-k8s-composite-app-controller-carcms33,{EntandoResourceNamespace=entando-k8s-composite-app-controller-carcms33, EntandoPlugin=test-plugin-carcms33, EntandoResourceKind=EntandoPlugin}
Mar 30, 2021 3:25:47 PM okhttp3.mockwebserver.MockWebServer$3 processOneRequest
INFO: MockWebServer[54859] received request: GET /api/v1/namespaces/entando-k8s-composite-app-controller-carcms33/pods?labelSelector=EntandoPlugin%3Dtest-plugin-carcms33%2CEntandoResourceNamespace%3Dentando-k8s-composite-app-controller-carcms33%2CEntandoResourceKind%3DEntandoPlugin HTTP/1.1 and responded: HTTP/1.1 200 OK
Mar 30, 2021 3:25:47 PM org.entando.kubernetes.client.KubernetesRestInterceptor invoke
INFO: Entering method getPodWatcherQueue in class org.entando.kubernetes.controller.support.client.PodWaitingClient
Mar 30, 2021 3:25:47 PM org.entando.kubernetes.client.KubernetesRestInterceptor invoke
INFO: Exiting method getPodWatcherQueue in class org.entando.kubernetes.controller.support.client.PodWaitingClient
Mar 30, 2021 3:25:47 PM okhttp3.mockwebserver.MockWebServer$3 processOneRequest
INFO: MockWebServer[54859] received request: GET /api/v1/namespaces/entando-k8s-composite-app-controller-carcms33/pods?labelSelector=EntandoPlugin%3Dtest-plugin-carcms33%2CEntandoResourceNamespace%3Dentando-k8s-composite-app-controller-carcms33%2CEntandoResourceKind%3DEntandoPlugin&watch=**** HTTP/1.1 and responded: HTTP/1.1 200 OK
Mar 30, 2021 3:25:47 PM okhttp3.mockwebserver.MockWebServer$3 processOneRequest
INFO: MockWebServer[54859] received request: GET /api/v1/namespaces/entando-k8s-composite-app-controller-carcms33/pods?labelSelector=EntandoPlugin%3Dtest-plugin-carcms33%2CEntandoResourceNamespace%3Dentando-k8s-composite-app-controller-carcms33%2CEntandoResourceKind%3DEntandoPlugin HTTP/1.1 and responded: HTTP/1.1 200 OK
Mar 30, 2021 3:25:47 PM io.fabric8.kubernetes.client.dsl.internal.WatchHTTPManager$1 onResponse
INFO: Watch terminated unexpectedly. reason: \n not found: limit=46 content=7b2261706956657273696f6e223a227631222c226b696e64223a224c69737422â€¦
Mar 30, 2021 3:25:47 PM okhttp3.mockwebserver.MockWebServer$3 processOneRequest
INFO: MockWebServer[54859] received request: GET /api/v1/namespaces/entando-k8s-composite-app-controller-carcms33/pods?labelSelector=EntandoPlugin%3Dtest-plugin-carcms33%2CEntandoResourceNamespace%3Dentando-k8s-composite-app-controller-carcms33%2CEntandoResourceKind%3DEntandoPlugin&watch=**** HTTP/1.1 and responded: HTTP/1.1 200 OK
Mar 30, 2021 3:25:47 PM okhttp3.mockwebserver.MockWebServer$3 processOneRequest
INFO: MockWebServer[54859] received request: GET /api/v1/namespaces/entando-k8s-composite-app-controller-carcms33/pods?labelSelector=EntandoPlugin%3Dtest-plugin-carcms33%2CEntandoResourceNamespace%3Dentando-k8s-composite-app-controller-carcms33%2CEntandoResourceKind%3DEntandoPlugin HTTP/1.1 and responded: HTTP/1.1 200 OK
Mar 30, 2021 3:25:48 PM org.entando.kubernetes.client.KubernetesRestInterceptor invoke
INFO: Exiting method removeAndWait in class org.entando.kubernetes.controller.support.client.PodClient
Mar 30, 2021 3:25:48 PM org.entando.kubernetes.client.KubernetesRestInterceptor invoke
INFO: Entering method runToCompletion in class org.entando.kubernetes.controller.support.client.PodClient with Pod: entando-k8s-composite-app-controller-carcms33/test-plugin-carcms33-deployer-2662
Mar 30, 2021 3:25:48 PM okhttp3.mockwebserver.MockWebServer$3 processOneRequest
INFO: MockWebServer[54859] received request: GET /api/v1/namespaces/entando-k8s-composite-app-controller-carcms33/pods?labelSelector=EntandoPlugin%3Dtest-plugin-carcms33%2CEntandoResourceNamespace%3Dentando-k8s-composite-app-controller-carcms33%2CEntandoResourceKind%3DEntandoPlugin&watch=**** HTTP/1.1 and responded: HTTP/1.1 200 OK
Mar 30, 2021 3:25:48 PM io.fabric8.kubernetes.client.dsl.internal.WatchHTTPManager$1 onResponse
INFO: Watch terminated unexpectedly. reason: \n not found: limit=46 content=7b2261706956657273696f6e223a227631222c226b696e64223a224c69737422â€¦
Mar 30, 2021 3:25:48 PM io.fabric8.kubernetes.client.dsl.internal.WatchHTTPManager scheduleReconnect
WARN: Ignoring error for already closed/closing connection
Mar 30, 2021 3:25:48 PM okhttp3.mockwebserver.MockWebServer$3 processOneRequest
INFO: MockWebServer[54859] received request: POST /api/v1/namespaces/entando-k8s-composite-app-controller-carcms33/pods HTTP/1.1 and responded: HTTP/1.1 202 OK
Mar 30, 2021 3:25:48 PM org.entando.kubernetes.client.KubernetesRestInterceptor invoke
INFO: Entering method loadPod in class org.entando.kubernetes.controller.support.client.PodClient with entando-k8s-composite-app-controller-carcms33,[Ljava.lang.String;@556256ec
Mar 30, 2021 3:25:48 PM okhttp3.mockwebserver.MockWebServer$3 processOneRequest
INFO: MockWebServer[54859] received request: GET /api/v1/namespaces/entando-k8s-composite-app-controller-carcms33/pods?fieldSelector=metadata.name%3Dtest-plugin-carcms33-deployer-2662&watch=**** HTTP/1.1 and responded: HTTP/1.1 200 OK
Mar 30, 2021 3:25:48 PM okhttp3.mockwebserver.MockWebServer$3 processOneRequest
INFO: MockWebServer[54859] received request: GET /api/v1/namespaces/entando-k8s-composite-app-controller-carcms33/pods?labelSelector=EntandoPlugin%3Dtest-plugin-carcms33 HTTP/1.1 and responded: HTTP/1.1 200 OK
Mar 30, 2021 3:25:48 PM org.entando.kubernetes.client.KubernetesRestInterceptor invoke
INFO: Exiting method loadPod in class org.entando.kubernetes.controller.support.client.PodClient
Mar 30, 2021 3:25:48 PM org.entando.kubernetes.client.KubernetesRestInterceptor invoke
INFO: Exiting method runToCompletion in class org.entando.kubernetes.controller.support.client.PodClient
Mar 30, 2021 3:25:48 PM org.entando.kubernetes.client.KubernetesRestInterceptor invoke
INFO: Entering method updateStatus in class org.entando.kubernetes.controller.support.client.EntandoResourceClient with EntandoCompositeApp: entando-k8s-composite-app-controller-carcms33/my-app-carcms33
Mar 30, 2021 3:25:48 PM okhttp3.mockwebserver.MockWebServer$3 processOneRequest
INFO: MockWebServer[54859] received request: GET /api/v1/namespaces/entando-k8s-composite-app-controller-carcms33/pods?fieldSelector=metadata.name%3Dtest-plugin-carcms33-deployer-2662&watch=**** HTTP/1.1 and responded: HTTP/1.1 200 OK
Mar 30, 2021 3:25:48 PM okhttp3.mockwebserver.MockWebServer$3 processOneRequest
INFO: MockWebServer[54859] received request: POST /api/v1/namespaces/entando-k8s-composite-app-controller-carcms33/events HTTP/1.1 and responded: HTTP/1.1 202 OK
Mar 30, 2021 3:25:48 PM io.fabric8.kubernetes.client.dsl.internal.WatchHTTPManager$1 onResponse
INFO: Watch terminated unexpectedly. reason: \n not found: limit=5021 content=7b2261706956657273696f6e223a227631222c226b696e64223a224c69737422â€¦
Mar 30, 2021 3:25:48 PM io.fabric8.kubernetes.client.dsl.internal.WatchHTTPManager scheduleReconnect
WARN: Ignoring error for already closed/closing connection
Mar 30, 2021 3:25:48 PM okhttp3.mockwebserver.MockWebServer$3 processOneRequest
INFO: MockWebServer[54859] received request: GET /apis/entando.org/v1/namespaces/entando-k8s-composite-app-controller-carcms33/entandocompositeapps/my-app-carcms33 HTTP/1.1 and responded: HTTP/1.1 200 OK
Mar 30, 2021 3:25:49 PM okhttp3.mockwebserver.MockWebServer$3 processOneRequest
INFO: MockWebServer[54859] received request: PUT /apis/entando.org/v1/namespaces/entando-k8s-composite-app-controller-carcms33/entandocompositeapps/my-app-carcms33/status HTTP/1.1 and responded: HTTP/1.1 202 OK
Mar 30, 2021 3:25:49 PM org.entando.kubernetes.client.KubernetesRestInterceptor invoke
INFO: Exiting method updateStatus in class org.entando.kubernetes.controller.support.client.EntandoResourceClient
Mar 30, 2021 3:25:49 PM org.entando.kubernetes.compositeapp.controller.EntandoCompositeAppController logFailure
SEVERE: Unexpected exception occurred while adding EntandoPlugin entando-k8s-composite-app-controller-carcms33/test-plugin-carcms33
Mar 30, 2021 3:25:49 PM org.entando.kubernetes.controller.support.controller.AbstractDbAwareController performSync
SEVERE: Unexpected exception occurred while adding EntandoCompositeApp entando-k8s-composite-app-controller-carcms33/my-app-carcms33
org.entando.kubernetes.controller.support.controller.EntandoControllerException: Unexpected exception occurred while adding EntandoPlugin entando-k8s-composite-app-controller-carcms33/test-plugin-carcms33
	at org.entando.kubernetes.compositeapp.controller.EntandoCompositeAppController.synchronizeDeploymentState(EntandoCompositeAppController.java:95)
	at org.entando.kubernetes.compositeapp.controller.EntandoCompositeAppController.synchronizeDeploymentState(EntandoCompositeAppController.java:56)
	at org.entando.kubernetes.controller.support.controller.AbstractDbAwareController.performSync(AbstractDbAwareController.java:158)
	at org.entando.kubernetes.controller.support.controller.AbstractDbAwareController.processCommand(AbstractDbAwareController.java:130)
	at org.entando.kubernetes.compositeapp.controller.EntandoCompositeAppController.onStartup(EntandoCompositeAppController.java:80)
	at org.entando.kubernetes.compositeapp.controller.inprocesstests.CompositeAppControllerMockedTest.startController(CompositeAppControllerMockedTest.java:179)
	at org.entando.kubernetes.compositeapp.controller.inprocesstests.CompositeAppControllerMockedTest.performCreate(CompositeAppControllerMockedTest.java:103)
	at org.entando.kubernetes.compositeapp.controller.AbstractCompositeAppControllerTest.testE**cuteControllerPod(AbstractCompositeAppControllerTest.java:134)
	at org.entando.kubernetes.compositeapp.controller.inprocesstests.CompositeAppControllerMockedTest.testFailure(CompositeAppControllerMockedTest.java:128)
	at java.base/jdk.internal.reflect.NativeMethodAccessorImpl.invoke0(Native Method)
	at java.base/jdk.internal.reflect.NativeMethodAccessorImpl.invoke(NativeMethodAccessorImpl.java:62)
	at java.base/jdk.internal.reflect.DelegatingMethodAccessorImpl.invoke(DelegatingMethodAccessorImpl.java:43)
	at java.base/java.lang.reflect.Method.invoke(Method.java:566)
	at org.junit.platform.commons.util.ReflectionUtils.invokeMethod(ReflectionUtils.java:688)
	at org.junit.jupiter.engine.e**cution.MethodInvocation.proceed(MethodInvocation.java:60)
	at org.junit.jupiter.engine.e**cution.InvocationInterceptorChain$ValidatingInvocation.proceed(InvocationInterceptorChain.java:131)
	at org.junit.jupiter.engine.extension.TimeoutExtension.intercept(TimeoutExtension.java:149)
	at org.junit.jupiter.engine.extension.TimeoutExtension.interceptTestableMethod(TimeoutExtension.java:140)
	at org.junit.jupiter.engine.extension.TimeoutExtension.interceptTestMethod(TimeoutExtension.java:84)
	at org.junit.jupiter.engine.e**cution.E**cutableInvoker$ReflectiveInterceptorCall.lambda$ofVoidMethod$0(E**cutableInvoker.java:115)
	at org.junit.jupiter.engine.e**cution.E**cutableInvoker.lambda$invoke$0(E**cutableInvoker.java:105)
	at org.junit.jupiter.engine.e**cution.InvocationInterceptorChain$InterceptedInvocation.proceed(InvocationInterceptorChain.java:106)
	at org.junit.jupiter.engine.e**cution.InvocationInterceptorChain.proceed(InvocationInterceptorChain.java:64)
	at org.junit.jupiter.engine.e**cution.InvocationInterceptorChain.chainAndInvoke(InvocationInterceptorChain.java:45)
	at org.junit.jupiter.engine.e**cution.InvocationInterceptorChain.invoke(InvocationInterceptorChain.java:37)
	at org.junit.jupiter.engine.e**cution.E**cutableInvoker.invoke(E**cutableInvoker.java:104)
	at org.junit.jupiter.engine.e**cution.E**cutableInvoker.invoke(E**cutableInvoker.java:98)
	at org.junit.jupiter.engine.descriptor.TestMethodTestDescriptor.lambda$invokeTestMethod$6(TestMethodTestDescriptor.java:210)
	at org.junit.platform.engine.support.hierarchical.ThrowableCollector.e**cute(ThrowableCollector.java:73)
	at org.junit.jupiter.engine.descriptor.TestMethodTestDescriptor.invokeTestMethod(TestMethodTestDescriptor.java:206)
	at org.junit.jupiter.engine.descriptor.TestMethodTestDescriptor.e**cute(TestMethodTestDescriptor.java:131)
	at org.junit.jupiter.engine.descriptor.TestMethodTestDescriptor.e**cute(TestMethodTestDescriptor.java:65)
	at org.junit.platform.engine.support.hierarchical.NodeTestTask.lambda$e**cuteRecursively$5(NodeTestTask.java:139)
	at org.junit.platform.engine.support.hierarchical.ThrowableCollector.e**cute(ThrowableCollector.java:73)
	at org.junit.platform.engine.support.hierarchical.NodeTestTask.lambda$e**cuteRecursively$7(NodeTestTask.java:129)
	at org.junit.platform.engine.support.hierarchical.Node.around(Node.java:137)
	at org.junit.platform.engine.support.hierarchical.NodeTestTask.lambda$e**cuteRecursively$8(NodeTestTask.java:127)
	at org.junit.platform.engine.support.hierarchical.ThrowableCollector.e**cute(ThrowableCollector.java:73)
	at org.junit.platform.engine.support.hierarchical.NodeTestTask.e**cuteRecursively(NodeTestTask.java:126)
	at org.junit.platform.engine.support.hierarchical.NodeTestTask.e**cute(NodeTestTask.java:84)
	at java.base/java.util.ArrayList.forEach(ArrayList.java:1540)
	at org.junit.platform.engine.support.hierarchical.SameThreadHierarchicalTestE**cutorService.invokeAll(SameThreadHierarchicalTestE**cutorService.java:38)
	at org.junit.platform.engine.support.hierarchical.NodeTestTask.lambda$e**cuteRecursively$5(NodeTestTask.java:143)
	at org.junit.platform.engine.support.hierarchical.ThrowableCollector.e**cute(ThrowableCollector.java:73)
	at org.junit.platform.engine.support.hierarchical.NodeTestTask.lambda$e**cuteRecursively$7(NodeTestTask.java:129)
	at org.junit.platform.engine.support.hierarchical.Node.around(Node.java:137)
	at org.junit.platform.engine.support.hierarchical.NodeTestTask.lambda$e**cuteRecursively$8(NodeTestTask.java:127)
	at org.junit.platform.engine.support.hierarchical.ThrowableCollector.e**cute(ThrowableCollector.java:73)
	at org.junit.platform.engine.support.hierarchical.NodeTestTask.e**cuteRecursively(NodeTestTask.java:126)
	at org.junit.platform.engine.support.hierarchical.NodeTestTask.e**cute(NodeTestTask.java:84)
	at java.base/java.util.ArrayList.forEach(ArrayList.java:1540)
	at org.junit.platform.engine.support.hierarchical.SameThreadHierarchicalTestE**cutorService.invokeAll(SameThreadHierarchicalTestE**cutorService.java:38)
	at org.junit.platform.engine.support.hierarchical.NodeTestTask.lambda$e**cuteRecursively$5(NodeTestTask.java:143)
	at org.junit.platform.engine.support.hierarchical.ThrowableCollector.e**cute(ThrowableCollector.java:73)
	at org.junit.platform.engine.support.hierarchical.NodeTestTask.lambda$e**cuteRecursively$7(NodeTestTask.java:129)
	at org.junit.platform.engine.support.hierarchical.Node.around(Node.java:137)
	at org.junit.platform.engine.support.hierarchical.NodeTestTask.lambda$e**cuteRecursively$8(NodeTestTask.java:127)
	at org.junit.platform.engine.support.hierarchical.ThrowableCollector.e**cute(ThrowableCollector.java:73)
	at org.junit.platform.engine.support.hierarchical.NodeTestTask.e**cuteRecursively(NodeTestTask.java:126)
	at org.junit.platform.engine.support.hierarchical.NodeTestTask.e**cute(NodeTestTask.java:84)
	at org.junit.platform.engine.support.hierarchical.SameThreadHierarchicalTestE**cutorService.submit(SameThreadHierarchicalTestE**cutorService.java:32)
	at org.junit.platform.engine.support.hierarchical.HierarchicalTestE**cutor.e**cute(HierarchicalTestE**cutor.java:57)
	at org.junit.platform.engine.support.hierarchical.HierarchicalTestEngine.e**cute(HierarchicalTestEngine.java:51)
	at org.junit.platform.launcher.core.EngineE**cutionOrchestrator.e**cute(EngineE**cutionOrchestrator.java:108)
	at org.junit.platform.launcher.core.EngineE**cutionOrchestrator.e**cute(EngineE**cutionOrchestrator.java:88)
	at org.junit.platform.launcher.core.EngineE**cutionOrchestrator.lambda$e**cute$0(EngineE**cutionOrchestrator.java:54)
	at org.junit.platform.launcher.core.EngineE**cutionOrchestrator.withInterceptedStreams(EngineE**cutionOrchestrator.java:67)
	at org.junit.platform.launcher.core.EngineE**cutionOrchestrator.e**cute(EngineE**cutionOrchestrator.java:52)
	at org.junit.platform.launcher.core.DefaultLauncher.e**cute(DefaultLauncher.java:96)
	at org.junit.platform.launcher.core.DefaultLauncher.e**cute(DefaultLauncher.java:75)
	at org.apache.maven.surefire.junitplatform.JUnitPlatformProvider.invokeAllTests(JUnitPlatformProvider.java:142)
	at org.apache.maven.surefire.junitplatform.JUnitPlatformProvider.invoke(JUnitPlatformProvider.java:117)
	at org.apache.maven.surefire.booter.ForkedBooter.invokeProviderInSameClassLoader(ForkedBooter.java:384)
	at org.apache.maven.surefire.booter.ForkedBooter.runSuitesInProcess(ForkedBooter.java:345)
	at org.apache.maven.surefire.booter.ForkedBooter.e**cute(ForkedBooter.java:126)
	at org.apache.maven.surefire.booter.ForkedBooter.main(ForkedBooter.java:418)

Mar 30, 2021 3:25:49 PM org.entando.kubernetes.client.KubernetesRestInterceptor invoke
INFO: Entering method deploymentFailed in class org.entando.kubernetes.controller.support.client.EntandoResourceClient with EntandoCompositeApp: entando-k8s-composite-app-controller-carcms33/my-app-carcms33
Mar 30, 2021 3:25:49 PM okhttp3.mockwebserver.MockWebServer$3 processOneRequest
INFO: MockWebServer[54859] received request: POST /api/v1/namespaces/entando-k8s-composite-app-controller-carcms33/events HTTP/1.1 and responded: HTTP/1.1 202 OK
Mar 30, 2021 3:25:49 PM okhttp3.mockwebserver.MockWebServer$3 processOneRequest
INFO: MockWebServer[54859] received request: GET /apis/entando.org/v1/namespaces/entando-k8s-composite-app-controller-carcms33/entandocompositeapps/my-app-carcms33 HTTP/1.1 and responded: HTTP/1.1 200 OK
Mar 30, 2021 3:25:49 PM okhttp3.mockwebserver.MockWebServer$3 processOneRequest
INFO: MockWebServer[54859] received request: PUT /apis/entando.org/v1/namespaces/entando-k8s-composite-app-controller-carcms33/entandocompositeapps/my-app-carcms33/status HTTP/1.1 and responded: HTTP/1.1 202 OK
Mar 30, 2021 3:25:49 PM org.entando.kubernetes.client.KubernetesRestInterceptor invoke
INFO: Exiting method deploymentFailed in class org.entando.kubernetes.controller.support.client.EntandoResourceClient
Mar 30, 2021 3:25:49 PM okhttp3.mockwebserver.MockWebServer$3 processOneRequest
INFO: MockWebServer[54859] received request: GET /api/v1/namespaces/entando-k8s-composite-app-controller-carcms33/pods?labelSelector=EntandoResourceKind%3DEntandoKeycloakServer%2CEntandoKeycloakServer%3Dtest-keycloak-carcms33 HTTP/1.1 and responded: HTTP/1.1 200 OK
Mar 30, 2021 3:25:49 PM okhttp3.mockwebserver.MockWebServer$3 processOneRequest
INFO: MockWebServer[54859] received request: GET /api/v1/namespaces/entando-k8s-composite-app-controller-carcms33/pods?labelSelector=EntandoResourceKind%3DEntandoKeycloakServer%2CEntandoKeycloakServer%3Dtest-keycloak-carcms33 HTTP/1.1 and responded: HTTP/1.1 200 OK
Mar 30, 2021 3:25:49 PM okhttp3.mockwebserver.MockWebServer$3 processOneRequest
INFO: MockWebServer[54859] received request: GET /api/v1/namespaces/entando-k8s-composite-app-controller-carcms33 HTTP/1.1 and responded: HTTP/1.1 404 Client Error
Mar 30, 2021 3:25:49 PM okhttp3.mockwebserver.MockWebServer$3 processOneRequest
INFO: MockWebServer[54859] received request: GET /apis/entando.org/v1/namespaces/default/entandokeycloakservers HTTP/1.1 and responded: HTTP/1.1 200 OK
Mar 30, 2021 3:25:49 PM okhttp3.mockwebserver.MockWebServer$3 processOneRequest
INFO: MockWebServer[54859] received request: GET /api/v1/namespaces/entando-k8s-composite-app-controller-carcms33 HTTP/1.1 and responded: HTTP/1.1 404 Client Error
Mar 30, 2021 3:25:49 PM okhttp3.mockwebserver.MockWebServer$3 processOneRequest
INFO: MockWebServer[54859] received request: GET /apis/entando.org/v1/namespaces/default/entandokeycloakservers HTTP/1.1 and responded: HTTP/1.1 200 OK
Mar 30, 2021 3:25:50 PM okhttp3.mockwebserver.MockWebServer$3 processOneRequest
INFO: MockWebServer[54859] received request: GET /apis/entando.org/v1/namespaces/entando-k8s-composite-app-controller-carcms33/entandokeycloakservers/test-keycloak-carcms33 HTTP/1.1 and responded: HTTP/1.1 200 OK
Mar 30, 2021 3:25:50 PM okhttp3.mockwebserver.MockWebServer$3 processOneRequest
INFO: MockWebServer[54859] received request: GET /api/v1/namespaces/entando-k8s-composite-app-controller-carcms33 HTTP/1.1 and responded: HTTP/1.1 404 Client Error
Mar 30, 2021 3:25:50 PM okhttp3.mockwebserver.MockWebServer$3 processOneRequest
INFO: MockWebServer[54859] received request: GET /apis/entando.org/v1/namespaces/default/entandocompositeapps HTTP/1.1 and responded: HTTP/1.1 200 OK
Mar 30, 2021 3:25:50 PM okhttp3.mockwebserver.MockWebServer$3 processOneRequest
INFO: MockWebServer[54859] received request: GET /api/v1/namespaces/entando-k8s-composite-app-controller-carcms33 HTTP/1.1 and responded: HTTP/1.1 404 Client Error
Mar 30, 2021 3:25:50 PM okhttp3.mockwebserver.MockWebServer$3 processOneRequest
INFO: MockWebServer[54859] received request: GET /apis/entando.org/v1/namespaces/default/entandocompositeapps HTTP/1.1 and responded: HTTP/1.1 200 OK
Mar 30, 2021 3:25:50 PM okhttp3.mockwebserver.MockWebServer$3 processOneRequest
INFO: MockWebServer[54859] received request: GET /apis/entando.org/v1/namespaces/entando-k8s-composite-app-controller-carcms33/entandocompositeapps/my-app-carcms33 HTTP/1.1 and responded: HTTP/1.1 200 OK
Mar 30, 2021 3:25:50 PM okhttp3.mockwebserver.MockWebServer$3 processOneRequest
INFO: MockWebServer[54859] received request: GET /api/v1/namespaces/entando-k8s-composite-app-controller-carcms33/pods?labelSelector=EntandoPlugin%3Dtest-plugin-carcms33%2CEntandoResourceKind%3DEntandoPlugin HTTP/1.1 and responded: HTTP/1.1 200 OK
Mar 30, 2021 3:25:50 PM okhttp3.mockwebserver.MockWebServer$3 processOneRequest
INFO: MockWebServer[54859] received request: GET /api/v1/namespaces/entando-k8s-composite-app-controller-carcms33/pods?labelSelector=EntandoPlugin%3Dtest-plugin-carcms33%2CEntandoResourceKind%3DEntandoPlugin HTTP/1.1 and responded: HTTP/1.1 200 OK
Mar 30, 2021 3:25:50 PM okhttp3.mockwebserver.MockWebServer$3 processOneRequest
INFO: MockWebServer[54859] received request: GET /api/v1/namespaces/entando-k8s-composite-app-controller-carcms33 HTTP/1.1 and responded: HTTP/1.1 404 Client Error
Mar 30, 2021 3:25:50 PM okhttp3.mockwebserver.MockWebServer$3 processOneRequest
INFO: MockWebServer[54859] received request: GET /apis/entando.org/v1/namespaces/default/entandoplugins HTTP/1.1 and responded: HTTP/1.1 200 OK
Mar 30, 2021 3:25:50 PM okhttp3.mockwebserver.MockWebServer$3 processOneRequest
INFO: MockWebServer[54859] received request: GET /api/v1/namespaces/entando-k8s-composite-app-controller-carcms33 HTTP/1.1 and responded: HTTP/1.1 404 Client Error
Mar 30, 2021 3:25:51 PM okhttp3.mockwebserver.MockWebServer$3 processOneRequest
INFO: MockWebServer[54859] received request: GET /apis/entando.org/v1/namespaces/default/entandoplugins HTTP/1.1 and responded: HTTP/1.1 200 OK
Mar 30, 2021 3:25:51 PM okhttp3.mockwebserver.MockWebServer$3 processOneRequest
INFO: MockWebServer[54859] received request: GET /apis/entando.org/v1/namespaces/entando-k8s-composite-app-controller-carcms33/entandoplugins/test-plugin-carcms33 HTTP/1.1 and responded: HTTP/1.1 200 OK
Mar 30, 2021 3:25:51 PM okhttp3.mockwebserver.MockWebServer$3 processOneRequest
INFO: MockWebServer[54859] received request: GET /apis/entando.org/v1/namespaces/entando-k8s-composite-app-controller-carcms33/entandocompositeapps/my-app-carcms33 HTTP/1.1 and responded: HTTP/1.1 200 OK
Mar 30, 2021 3:25:51 PM okhttp3.mockwebserver.MockWebServer$3 processOneRequest
INFO: MockWebServer[54859] received request: GET /apis/entando.org/v1/namespaces/entando-k8s-composite-app-controller-carcms33/entandocompositeapps/my-app-carcms33 HTTP/1.1 and responded: HTTP/1.1 200 OK
Mar 30, 2021 3:25:51 PM org.entando.kubernetes.client.KubernetesRestInterceptor invoke
INFO: Entering method load in class org.entando.kubernetes.controller.support.client.EntandoResourceClient with class org.entando.kubernetes.model.compositeapp.EntandoCompositeApp,entando-k8s-composite-app-controller-carcms33,my-app-carcms33
Mar 30, 2021 3:25:51 PM okhttp3.mockwebserver.MockWebServer$3 processOneRequest
INFO: MockWebServer[54859] received request: GET /apis/entando.org/v1/namespaces/entando-k8s-composite-app-controller-carcms33/entandocompositeapps/my-app-carcms33 HTTP/1.1 and responded: HTTP/1.1 200 OK
Mar 30, 2021 3:25:51 PM org.entando.kubernetes.client.KubernetesRestInterceptor invoke
INFO: Exiting method load in class org.entando.kubernetes.controller.support.client.EntandoResourceClient
Mar 30, 2021 3:25:51 PM okhttp3.mockwebserver.MockWebServer$3 processOneRequest
INFO: MockWebServer[54859] received request: GET /api/v1/namespaces/entando-k8s-composite-app-controller-carcms33 HTTP/1.1 and responded: HTTP/1.1 404 Client Error
Mar 30, 2021 3:25:51 PM okhttp3.mockwebserver.MockWebServer$3 processOneRequest
INFO: MockWebServer[54859] received request: GET /apis/entando.org/v1/namespaces/default/entandocompositeapps HTTP/1.1 and responded: HTTP/1.1 200 OK
Mar 30, 2021 3:25:51 PM okhttp3.mockwebserver.MockWebServer$3 processOneRequest
INFO: MockWebServer[54859] received request: GET /api/v1/namespaces/entando-k8s-composite-app-controller-carcms33 HTTP/1.1 and responded: HTTP/1.1 404 Client Error
Mar 30, 2021 3:25:51 PM okhttp3.mockwebserver.MockWebServer$3 processOneRequest
INFO: MockWebServer[54859] received request: GET /apis/entando.org/v1/namespaces/default/entandocompositeapps HTTP/1.1 and responded: HTTP/1.1 200 OK
Mar 30, 2021 3:25:51 PM okhttp3.mockwebserver.MockWebServer$3 processOneRequest
INFO: MockWebServer[54859] received request: GET /apis/entando.org/v1/namespaces/entando-k8s-composite-app-controller-carcms33/entandocompositeapps/my-app-carcms33 HTTP/1.1 and responded: HTTP/1.1 200 OK
Mar 30, 2021 3:25:52 PM org.entando.kubernetes.client.KubernetesRestInterceptor invoke
INFO: Entering method getPodWatcherQueue in class org.entando.kubernetes.controller.support.client.PodWaitingClient
Mar 30, 2021 3:25:52 PM org.entando.kubernetes.client.KubernetesRestInterceptor invoke
INFO: Exiting method getPodWatcherQueue in class org.entando.kubernetes.controller.support.client.PodWaitingClient
Mar 30, 2021 3:25:52 PM okhttp3.mockwebserver.MockWebServer$2 acceptConnections
INFO: MockWebServer[54859] done accepting connections: Socket closed
Mar 30, 2021 3:25:52 PM okhttp3.mockwebserver.MockWebServer$2 e**cute
INFO: MockWebServer[40451] starting to accept connections
Mar 30, 2021 3:25:52 PM okhttp3.mockwebserver.MockWebServer$3 processOneRequest
INFO: MockWebServer[40451] received request: GET /api/v1/namespaces/entando HTTP/1.1 and responded: HTTP/1.1 404 Client Error
Mar 30, 2021 3:25:52 PM okhttp3.mockwebserver.MockWebServer$3 processOneRequest
INFO: MockWebServer[40451] received request: POST /api/v1/namespaces HTTP/1.1 and responded: HTTP/1.1 202 OK
Mar 30, 2021 3:25:52 PM org.entando.kubernetes.client.KubernetesRestInterceptor invoke
INFO: Entering method loadDockerImageInfoConfigMap in class org.entando.kubernetes.controller.support.client.EntandoResourceClient
Mar 30, 2021 3:25:52 PM okhttp3.mockwebserver.MockWebServer$3 processOneRequest
INFO: MockWebServer[40451] received request: GET /api/v1/namespaces/entando/configmaps/entando-docker-image-info-v6.3 HTTP/1.1 and responded: HTTP/1.1 404 Client Error
Mar 30, 2021 3:25:52 PM org.entando.kubernetes.client.KubernetesRestInterceptor invoke
INFO: Exiting method loadDockerImageInfoConfigMap in class org.entando.kubernetes.controller.support.client.EntandoResourceClient
Mar 30, 2021 3:25:52 PM okhttp3.mockwebserver.MockWebServer$3 processOneRequest
INFO: MockWebServer[40451] received request: GET /api/v1/namespaces/entando-k8s-composite-app-controller-carcms33 HTTP/1.1 and responded: HTTP/1.1 404 Client Error
Mar 30, 2021 3:25:52 PM okhttp3.mockwebserver.MockWebServer$3 processOneRequest
INFO: MockWebServer[40451] received request: GET /apis/entando.org/v1/namespaces/default/entandocompositeapps HTTP/1.1 and responded: HTTP/1.1 200 OK
Mar 30, 2021 3:25:52 PM okhttp3.mockwebserver.MockWebServer$3 processOneRequest
INFO: MockWebServer[40451] received request: GET /api/v1/namespaces/entando-k8s-composite-app-controller-carcms33 HTTP/1.1 and responded: HTTP/1.1 404 Client Error
Mar 30, 2021 3:25:52 PM okhttp3.mockwebserver.MockWebServer$3 processOneRequest
INFO: MockWebServer[40451] received request: GET /apis/entando.org/v1/namespaces/default/entandocompositeapps HTTP/1.1 and responded: HTTP/1.1 200 OK
Mar 30, 2021 3:25:52 PM okhttp3.mockwebserver.MockWebServer$3 processOneRequest
INFO: MockWebServer[40451] received request: POST /apis/entando.org/v1/namespaces/entando-k8s-composite-app-controller-carcms33/entandocompositeapps HTTP/1.1 and responded: HTTP/1.1 202 OK
Mar 30, 2021 3:25:52 PM org.entando.kubernetes.client.KubernetesRestInterceptor invoke
INFO: Entering method loadOperatorConfig in class org.entando.kubernetes.controller.support.client.EntandoResourceClient
Mar 30, 2021 3:25:52 PM okhttp3.mockwebserver.MockWebServer$3 processOneRequest
INFO: MockWebServer[40451] received request: GET /api/v1/namespaces/entando-k8s-composite-app-controller-carcms33/configmaps/entando-operator-config HTTP/1.1 and responded: HTTP/1.1 404 Client Error
Mar 30, 2021 3:25:52 PM org.entando.kubernetes.client.KubernetesRestInterceptor invoke
INFO: Exiting method loadOperatorConfig in class org.entando.kubernetes.controller.support.client.EntandoResourceClient
Mar 30, 2021 3:25:52 PM org.entando.kubernetes.client.KubernetesRestInterceptor invoke
INFO: Entering method load in class org.entando.kubernetes.controller.support.client.EntandoResourceClient with class org.entando.kubernetes.model.compositeapp.EntandoCompositeApp,entando-k8s-composite-app-controller-carcms33,my-app-carcms33
Mar 30, 2021 3:25:52 PM org.entando.kubernetes.client.KubernetesRestInterceptor invoke
INFO: Entering method getPodWatcherQueue in class org.entando.kubernetes.controller.support.client.PodWaitingClient
Mar 30, 2021 3:25:52 PM org.entando.kubernetes.client.KubernetesRestInterceptor invoke
INFO: Exiting method getPodWatcherQueue in class org.entando.kubernetes.controller.support.client.PodWaitingClient
Mar 30, 2021 3:25:52 PM okhttp3.mockwebserver.MockWebServer$3 processOneRequest
INFO: MockWebServer[40451] received request: GET /api/v1/namespaces/entando-k8s-composite-app-controller-carcms33 HTTP/1.1 and responded: HTTP/1.1 404 Client Error
Mar 30, 2021 3:25:52 PM okhttp3.mockwebserver.MockWebServer$3 processOneRequest
INFO: MockWebServer[40451] received request: GET /apis/entando.org/v1/namespaces/default/entandocompositeapps HTTP/1.1 and responded: HTTP/1.1 200 OK
Mar 30, 2021 3:25:53 PM okhttp3.mockwebserver.MockWebServer$3 processOneRequest
INFO: MockWebServer[40451] received request: GET /api/v1/namespaces/entando-k8s-composite-app-controller-carcms33 HTTP/1.1 and responded: HTTP/1.1 404 Client Error
Mar 30, 2021 3:25:53 PM okhttp3.mockwebserver.MockWebServer$3 processOneRequest
INFO: MockWebServer[40451] received request: GET /apis/entando.org/v1/namespaces/default/entandocompositeapps HTTP/1.1 and responded: HTTP/1.1 200 OK
Mar 30, 2021 3:25:53 PM okhttp3.mockwebserver.MockWebServer$3 processOneRequest
INFO: MockWebServer[40451] received request: GET /apis/entando.org/v1/namespaces/entando-k8s-composite-app-controller-carcms33/entandocompositeapps/my-app-carcms33 HTTP/1.1 and responded: HTTP/1.1 200 OK
Mar 30, 2021 3:25:53 PM org.entando.kubernetes.client.KubernetesRestInterceptor invoke
INFO: Exiting method load in class org.entando.kubernetes.controller.support.client.EntandoResourceClient
Mar 30, 2021 3:25:53 PM org.entando.kubernetes.client.KubernetesRestInterceptor invoke
INFO: Entering method updatePhase in class org.entando.kubernetes.controller.support.client.EntandoResourceClient with EntandoCompositeApp: entando-k8s-composite-app-controller-carcms33/my-app-carcms33
Mar 30, 2021 3:25:53 PM okhttp3.mockwebserver.MockWebServer$3 processOneRequest
INFO: MockWebServer[40451] received request: POST /api/v1/namespaces/entando-k8s-composite-app-controller-carcms33/events HTTP/1.1 and responded: HTTP/1.1 202 OK
Mar 30, 2021 3:25:53 PM okhttp3.mockwebserver.MockWebServer$3 processOneRequest
INFO: MockWebServer[40451] received request: GET /apis/entando.org/v1/namespaces/entando-k8s-composite-app-controller-carcms33/entandocompositeapps/my-app-carcms33 HTTP/1.1 and responded: HTTP/1.1 200 OK
Mar 30, 2021 3:25:53 PM okhttp3.mockwebserver.MockWebServer$3 processOneRequest
INFO: MockWebServer[40451] received request: PUT /apis/entando.org/v1/namespaces/entando-k8s-composite-app-controller-carcms33/entandocompositeapps/my-app-carcms33/status HTTP/1.1 and responded: HTTP/1.1 202 OK
Mar 30, 2021 3:25:53 PM org.entando.kubernetes.client.KubernetesRestInterceptor invoke
INFO: Exiting method updatePhase in class org.entando.kubernetes.controller.support.client.EntandoResourceClient
Mar 30, 2021 3:25:53 PM org.entando.kubernetes.client.KubernetesRestInterceptor invoke
INFO: Entering method loadDockerImageInfoConfigMap in class org.entando.kubernetes.controller.support.client.EntandoResourceClient
Mar 30, 2021 3:25:53 PM okhttp3.mockwebserver.MockWebServer$3 processOneRequest
INFO: MockWebServer[40451] received request: GET /api/v1/namespaces/entando/configmaps/entando-docker-image-info-v6.3 HTTP/1.1 and responded: HTTP/1.1 404 Client Error
Mar 30, 2021 3:25:53 PM org.entando.kubernetes.client.KubernetesRestInterceptor invoke
INFO: Exiting method loadDockerImageInfoConfigMap in class org.entando.kubernetes.controller.support.client.EntandoResourceClient
Mar 30, 2021 3:25:53 PM org.entando.kubernetes.client.KubernetesRestInterceptor invoke
INFO: Entering method createOrPatchEntandoResource in class org.entando.kubernetes.controller.support.client.EntandoResourceClient with EntandoKeycloakServer: entando-k8s-composite-app-controller-carcms33/test-keycloak-carcms33
Mar 30, 2021 3:25:53 PM okhttp3.mockwebserver.MockWebServer$3 processOneRequest
INFO: MockWebServer[40451] received request: GET /api/v1/namespaces/entando-k8s-composite-app-controller-carcms33 HTTP/1.1 and responded: HTTP/1.1 404 Client Error
Mar 30, 2021 3:25:53 PM okhttp3.mockwebserver.MockWebServer$3 processOneRequest
INFO: MockWebServer[40451] received request: GET /apis/entando.org/v1/namespaces/default/entandokeycloakservers HTTP/1.1 and responded: HTTP/1.1 200 OK
Mar 30, 2021 3:25:53 PM okhttp3.mockwebserver.MockWebServer$3 processOneRequest
INFO: MockWebServer[40451] received request: GET /api/v1/namespaces/entando-k8s-composite-app-controller-carcms33 HTTP/1.1 and responded: HTTP/1.1 404 Client Error
Mar 30, 2021 3:25:53 PM okhttp3.mockwebserver.MockWebServer$3 processOneRequest
INFO: MockWebServer[40451] received request: GET /apis/entando.org/v1/namespaces/default/entandokeycloakservers HTTP/1.1 and responded: HTTP/1.1 200 OK
Mar 30, 2021 3:25:53 PM okhttp3.mockwebserver.MockWebServer$3 processOneRequest
INFO: MockWebServer[40451] received request: GET /apis/entando.org/v1/namespaces/entando-k8s-composite-app-controller-carcms33/entandokeycloakservers/test-keycloak-carcms33 HTTP/1.1 and responded: HTTP/1.1 404 Client Error
Mar 30, 2021 3:25:54 PM okhttp3.mockwebserver.MockWebServer$3 processOneRequest
INFO: MockWebServer[40451] received request: POST /apis/entando.org/v1/namespaces/entando-k8s-composite-app-controller-carcms33/entandokeycloakservers HTTP/1.1 and responded: HTTP/1.1 202 OK
Mar 30, 2021 3:25:54 PM org.entando.kubernetes.client.KubernetesRestInterceptor invoke
INFO: Exiting method createOrPatchEntandoResource in class org.entando.kubernetes.controller.support.client.EntandoResourceClient
Mar 30, 2021 3:25:54 PM org.entando.kubernetes.client.KubernetesRestInterceptor invoke
INFO: Entering method removeAndWait in class org.entando.kubernetes.controller.support.client.PodClient with entando-k8s-composite-app-controller-carcms33,{EntandoResourceNamespace=entando-k8s-composite-app-controller-carcms33, EntandoKeycloakServer=test-keycloak-carcms33, EntandoResourceKind=EntandoKeycloakServer}
Mar 30, 2021 3:25:54 PM okhttp3.mockwebserver.MockWebServer$3 processOneRequest
INFO: MockWebServer[40451] received request: GET /api/v1/namespaces/entando-k8s-composite-app-controller-carcms33/pods?labelSelector=EntandoResourceNamespace%3Dentando-k8s-composite-app-controller-carcms33%2CEntandoResourceKind%3DEntandoKeycloakServer%2CEntandoKeycloakServer%3Dtest-keycloak-carcms33 HTTP/1.1 and responded: HTTP/1.1 200 OK
Mar 30, 2021 3:25:54 PM org.entando.kubernetes.client.KubernetesRestInterceptor invoke
INFO: Entering method getPodWatcherQueue in class org.entando.kubernetes.controller.support.client.PodWaitingClient
Mar 30, 2021 3:25:54 PM org.entando.kubernetes.client.KubernetesRestInterceptor invoke
INFO: Exiting method getPodWatcherQueue in class org.entando.kubernetes.controller.support.client.PodWaitingClient
Mar 30, 2021 3:25:54 PM okhttp3.mockwebserver.MockWebServer$3 processOneRequest
INFO: MockWebServer[40451] received request: GET /api/v1/namespaces/entando-k8s-composite-app-controller-carcms33/pods?labelSelector=EntandoResourceNamespace%3Dentando-k8s-composite-app-controller-carcms33%2CEntandoResourceKind%3DEntandoKeycloakServer%2CEntandoKeycloakServer%3Dtest-keycloak-carcms33&watch=**** HTTP/1.1 and responded: HTTP/1.1 200 OK
Mar 30, 2021 3:25:54 PM okhttp3.mockwebserver.MockWebServer$3 processOneRequest
INFO: MockWebServer[40451] received request: GET /api/v1/namespaces/entando-k8s-composite-app-controller-carcms33/pods?labelSelector=EntandoResourceNamespace%3Dentando-k8s-composite-app-controller-carcms33%2CEntandoResourceKind%3DEntandoKeycloakServer%2CEntandoKeycloakServer%3Dtest-keycloak-carcms33&watch=**** HTTP/1.1 and responded: HTTP/1.1 200 OK
Mar 30, 2021 3:25:54 PM okhttp3.mockwebserver.MockWebServer$3 processOneRequest
INFO: MockWebServer[40451] received request: GET /api/v1/namespaces/entando-k8s-composite-app-controller-carcms33/pods?labelSelector=EntandoResourceNamespace%3Dentando-k8s-composite-app-controller-carcms33%2CEntandoResourceKind%3DEntandoKeycloakServer%2CEntandoKeycloakServer%3Dtest-keycloak-carcms33 HTTP/1.1 and responded: HTTP/1.1 200 OK
Mar 30, 2021 3:25:54 PM io.fabric8.kubernetes.client.dsl.internal.WatchHTTPManager$1 onResponse
INFO: Watch terminated unexpectedly. reason: \n not found: limit=46 content=7b2261706956657273696f6e223a227631222c226b696e64223a224c69737422â€¦
Mar 30, 2021 3:25:54 PM okhttp3.mockwebserver.MockWebServer$3 processOneRequest
INFO: MockWebServer[40451] received request: GET /api/v1/namespaces/entando-k8s-composite-app-controller-carcms33/pods?labelSelector=EntandoResourceNamespace%3Dentando-k8s-composite-app-controller-carcms33%2CEntandoResourceKind%3DEntandoKeycloakServer%2CEntandoKeycloakServer%3Dtest-keycloak-carcms33 HTTP/1.1 and responded: HTTP/1.1 200 OK
Mar 30, 2021 3:25:55 PM org.entando.kubernetes.client.KubernetesRestInterceptor invoke
INFO: Exiting method removeAndWait in class org.entando.kubernetes.controller.support.client.PodClient
Mar 30, 2021 3:25:55 PM org.entando.kubernetes.client.KubernetesRestInterceptor invoke
INFO: Entering method runToCompletion in class org.entando.kubernetes.controller.support.client.PodClient with Pod: entando-k8s-composite-app-controller-carcms33/test-keycloak-carcms33-deployer-9614
Mar 30, 2021 3:25:55 PM okhttp3.mockwebserver.MockWebServer$3 processOneRequest
INFO: MockWebServer[40451] received request: GET /api/v1/namespaces/entando-k8s-composite-app-controller-carcms33/pods?labelSelector=EntandoResourceNamespace%3Dentando-k8s-composite-app-controller-carcms33%2CEntandoResourceKind%3DEntandoKeycloakServer%2CEntandoKeycloakServer%3Dtest-keycloak-carcms33&watch=**** HTTP/1.1 and responded: HTTP/1.1 200 OK
Mar 30, 2021 3:25:55 PM io.fabric8.kubernetes.client.dsl.internal.WatchHTTPManager$1 onResponse
INFO: Watch terminated unexpectedly. reason: \n not found: limit=46 content=7b2261706956657273696f6e223a227631222c226b696e64223a224c69737422â€¦
Mar 30, 2021 3:25:55 PM io.fabric8.kubernetes.client.dsl.internal.WatchHTTPManager scheduleReconnect
WARN: Ignoring error for already closed/closing connection
Mar 30, 2021 3:25:55 PM okhttp3.mockwebserver.MockWebServer$3 processOneRequest
INFO: MockWebServer[40451] received request: POST /api/v1/namespaces/entando-k8s-composite-app-controller-carcms33/pods HTTP/1.1 and responded: HTTP/1.1 202 OK
Mar 30, 2021 3:25:55 PM org.entando.kubernetes.client.KubernetesRestInterceptor invoke
INFO: Entering method loadPod in class org.entando.kubernetes.controller.support.client.PodClient with entando-k8s-composite-app-controller-carcms33,[Ljava.lang.String;@66fdf7a1
Mar 30, 2021 3:25:55 PM okhttp3.mockwebserver.MockWebServer$3 processOneRequest
INFO: MockWebServer[40451] received request: GET /api/v1/namespaces/entando-k8s-composite-app-controller-carcms33/pods?fieldSelector=metadata.name%3Dtest-keycloak-carcms33-deployer-9614&watch=**** HTTP/1.1 and responded: HTTP/1.1 200 OK
Mar 30, 2021 3:25:55 PM okhttp3.mockwebserver.MockWebServer$3 processOneRequest
INFO: MockWebServer[40451] received request: GET /api/v1/namespaces/entando-k8s-composite-app-controller-carcms33/pods?labelSelector=EntandoKeycloakServer%3Dtest-keycloak-carcms33 HTTP/1.1 and responded: HTTP/1.1 200 OK
Mar 30, 2021 3:25:55 PM org.entando.kubernetes.client.KubernetesRestInterceptor invoke
INFO: Exiting method loadPod in class org.entando.kubernetes.controller.support.client.PodClient
Mar 30, 2021 3:25:55 PM okhttp3.mockwebserver.MockWebServer$3 processOneRequest
INFO: MockWebServer[40451] received request: GET /api/v1/namespaces/entando-k8s-composite-app-controller-carcms33/pods?fieldSelector=metadata.name%3Dtest-keycloak-carcms33-deployer-9614&watch=**** HTTP/1.1 and responded: HTTP/1.1 200 OK
Mar 30, 2021 3:25:55 PM okhttp3.mockwebserver.MockWebServer$3 processOneRequest
INFO: MockWebServer[40451] received request: GET /api/v1/namespaces/entando-k8s-composite-app-controller-carcms33/pods/test-keycloak-carcms33-deployer-9614 HTTP/1.1 and responded: HTTP/1.1 200 OK
Mar 30, 2021 3:25:55 PM io.fabric8.kubernetes.client.dsl.internal.WatchHTTPManager$1 onResponse
INFO: Watch terminated unexpectedly. reason: \n not found: limit=2520 content=7b2261706956657273696f6e223a227631222c226b696e64223a224c69737422â€¦
Mar 30, 2021 3:25:55 PM okhttp3.mockwebserver.MockWebServer$3 processOneRequest
INFO: MockWebServer[40451] received request: PATCH /api/v1/namespaces/entando-k8s-composite-app-controller-carcms33/pods/test-keycloak-carcms33-deployer-9614 HTTP/1.1 and responded: HTTP/1.1 202 OK
Mar 30, 2021 3:25:55 PM org.entando.kubernetes.client.KubernetesRestInterceptor invoke
INFO: Entering method getPodWatcherQueue in class org.entando.kubernetes.controller.support.client.PodWaitingClient
Mar 30, 2021 3:25:55 PM org.entando.kubernetes.client.KubernetesRestInterceptor invoke
INFO: Exiting method getPodWatcherQueue in class org.entando.kubernetes.controller.support.client.PodWaitingClient
Mar 30, 2021 3:25:56 PM org.entando.kubernetes.client.KubernetesRestInterceptor invoke
INFO: Exiting method runToCompletion in class org.entando.kubernetes.controller.support.client.PodClient
Mar 30, 2021 3:25:56 PM org.entando.kubernetes.client.KubernetesRestInterceptor invoke
INFO: Entering method updateStatus in class org.entando.kubernetes.controller.support.client.EntandoResourceClient with EntandoCompositeApp: entando-k8s-composite-app-controller-carcms33/my-app-carcms33
Mar 30, 2021 3:25:56 PM okhttp3.mockwebserver.MockWebServer$3 processOneRequest
INFO: MockWebServer[40451] received request: GET /api/v1/namespaces/entando-k8s-composite-app-controller-carcms33/pods?fieldSelector=metadata.name%3Dtest-keycloak-carcms33-deployer-9614&watch=**** HTTP/1.1 and responded: HTTP/1.1 200 OK
Mar 30, 2021 3:25:56 PM io.fabric8.kubernetes.client.dsl.internal.WatchHTTPManager$1 onResponse
INFO: Watch terminated unexpectedly. reason: \n not found: limit=2704 content=7b2261706956657273696f6e223a227631222c226b696e64223a224c69737422â€¦
Mar 30, 2021 3:25:56 PM io.fabric8.kubernetes.client.dsl.internal.WatchHTTPManager scheduleReconnect
WARN: Ignoring error for already closed/closing connection
Mar 30, 2021 3:25:56 PM okhttp3.mockwebserver.MockWebServer$3 processOneRequest
INFO: MockWebServer[40451] received request: POST /api/v1/namespaces/entando-k8s-composite-app-controller-carcms33/events HTTP/1.1 and responded: HTTP/1.1 202 OK
Mar 30, 2021 3:25:56 PM okhttp3.mockwebserver.MockWebServer$3 processOneRequest
INFO: MockWebServer[40451] received request: GET /apis/entando.org/v1/namespaces/entando-k8s-composite-app-controller-carcms33/entandocompositeapps/my-app-carcms33 HTTP/1.1 and responded: HTTP/1.1 200 OK
Mar 30, 2021 3:25:56 PM okhttp3.mockwebserver.MockWebServer$3 processOneRequest
INFO: MockWebServer[40451] received request: PUT /apis/entando.org/v1/namespaces/entando-k8s-composite-app-controller-carcms33/entandocompositeapps/my-app-carcms33/status HTTP/1.1 and responded: HTTP/1.1 202 OK
Mar 30, 2021 3:25:56 PM org.entando.kubernetes.client.KubernetesRestInterceptor invoke
INFO: Exiting method updateStatus in class org.entando.kubernetes.controller.support.client.EntandoResourceClient
Mar 30, 2021 3:25:56 PM org.entando.kubernetes.client.KubernetesRestInterceptor invoke
INFO: Entering method removeSuccessfullyCompletedPods in class org.entando.kubernetes.controller.support.client.PodClient with entando-k8s-composite-app-controller-carcms33,{EntandoResourceNamespace=entando-k8s-composite-app-controller-carcms33, EntandoKeycloakServer=test-keycloak-carcms33, EntandoResourceKind=EntandoKeycloakServer}
Mar 30, 2021 3:25:56 PM okhttp3.mockwebserver.MockWebServer$3 processOneRequest
INFO: MockWebServer[40451] received request: GET /api/v1/namespaces/entando-k8s-composite-app-controller-carcms33/pods?labelSelector=EntandoResourceNamespace%3Dentando-k8s-composite-app-controller-carcms33%2CEntandoResourceKind%3DEntandoKeycloakServer%2CEntandoKeycloakServer%3Dtest-keycloak-carcms33 HTTP/1.1 and responded: HTTP/1.1 200 OK
Mar 30, 2021 3:25:56 PM okhttp3.mockwebserver.MockWebServer$3 processOneRequest
INFO: MockWebServer[40451] received request: DELETE /api/v1/namespaces/entando-k8s-composite-app-controller-carcms33/pods/test-keycloak-carcms33-deployer-9614 HTTP/1.1 and responded: HTTP/1.1 200 OK
Mar 30, 2021 3:25:56 PM org.entando.kubernetes.client.KubernetesRestInterceptor invoke
INFO: Exiting method removeSuccessfullyCompletedPods in class org.entando.kubernetes.controller.support.client.PodClient
Mar 30, 2021 3:25:56 PM org.entando.kubernetes.client.KubernetesRestInterceptor invoke
INFO: Entering method load in class org.entando.kubernetes.controller.support.client.EntandoResourceClient with class org.entando.kubernetes.model.plugin.EntandoPlugin,entando-k8s-composite-app-controller-carcms33,test-plugin-carcms33
Mar 30, 2021 3:25:57 PM okhttp3.mockwebserver.MockWebServer$3 processOneRequest
INFO: MockWebServer[40451] received request: GET /api/v1/namespaces/entando-k8s-composite-app-controller-carcms33 HTTP/1.1 and responded: HTTP/1.1 404 Client Error
Mar 30, 2021 3:25:57 PM okhttp3.mockwebserver.MockWebServer$3 processOneRequest
INFO: MockWebServer[40451] received request: GET /apis/entando.org/v1/namespaces/default/entandoplugins HTTP/1.1 and responded: HTTP/1.1 200 OK
Mar 30, 2021 3:25:57 PM okhttp3.mockwebserver.MockWebServer$3 processOneRequest
INFO: MockWebServer[40451] received request: GET /api/v1/namespaces/entando-k8s-composite-app-controller-carcms33 HTTP/1.1 and responded: HTTP/1.1 404 Client Error
Mar 30, 2021 3:25:57 PM okhttp3.mockwebserver.MockWebServer$3 processOneRequest
INFO: MockWebServer[40451] received request: GET /apis/entando.org/v1/namespaces/default/entandoplugins HTTP/1.1 and responded: HTTP/1.1 200 OK
Mar 30, 2021 3:25:57 PM okhttp3.mockwebserver.MockWebServer$3 processOneRequest
INFO: MockWebServer[40451] received request: GET /apis/entando.org/v1/namespaces/entando-k8s-composite-app-controller-carcms33/entandoplugins/test-plugin-carcms33 HTTP/1.1 and responded: HTTP/1.1 404 Client Error
Mar 30, 2021 3:25:57 PM org.entando.kubernetes.client.KubernetesRestInterceptor invoke
SEVERE: Failure e**cuting method load in class org.entando.kubernetes.controller.support.client.EntandoResourceClient
java.lang.IllegalStateException: Could not find the EntandoPlugin 'test-plugin-carcms33' in the namespace entando-k8s-composite-app-controller-carcms33
	at org.entando.kubernetes.client.DefaultEntandoResourceClient.lambda$notFound$5(DefaultEntandoResourceClient.java:199)
	at org.entando.kubernetes.client.DefaultEntandoResourceClient.lambda$load$6(DefaultEntandoResourceClient.java:205)
	at java.base/java.util.Optional.orElseThrow(Optional.java:408)
	at org.entando.kubernetes.client.DefaultEntandoResourceClient.load(DefaultEntandoResourceClient.java:205)
	at java.base/jdk.internal.reflect.NativeMethodAccessorImpl.invoke0(Native Method)
	at java.base/jdk.internal.reflect.NativeMethodAccessorImpl.invoke(NativeMethodAccessorImpl.java:62)
	at java.base/jdk.internal.reflect.DelegatingMethodAccessorImpl.invoke(DelegatingMethodAccessorImpl.java:43)
	at java.base/java.lang.reflect.Method.invoke(Method.java:566)
	at org.entando.kubernetes.client.KubernetesRestInterceptor.invoke(KubernetesRestInterceptor.java:49)
	at com.sun.proxy.$Proxy31.load(Unknown Source)
	at org.entando.kubernetes.compositeapp.controller.EntandoCompositeAppController.prepareReference(EntandoCompositeAppController.java:146)
	at org.entando.kubernetes.compositeapp.controller.EntandoCompositeAppController.synchronizeDeploymentState(EntandoCompositeAppController.java:88)
	at org.entando.kubernetes.compositeapp.controller.EntandoCompositeAppController.synchronizeDeploymentState(EntandoCompositeAppController.java:56)
	at org.entando.kubernetes.controller.support.controller.AbstractDbAwareController.performSync(AbstractDbAwareController.java:158)
	at org.entando.kubernetes.controller.support.controller.AbstractDbAwareController.processCommand(AbstractDbAwareController.java:130)
	at org.entando.kubernetes.compositeapp.controller.EntandoCompositeAppController.onStartup(EntandoCompositeAppController.java:80)
	at org.entando.kubernetes.compositeapp.controller.inprocesstests.CompositeAppControllerMockedTest.startController(CompositeAppControllerMockedTest.java:179)
	at org.entando.kubernetes.compositeapp.controller.inprocesstests.CompositeAppControllerMockedTest.performCreate(CompositeAppControllerMockedTest.java:103)
	at org.entando.kubernetes.compositeapp.controller.inprocesstests.CompositeAppControllerMockedTest.shouldRemoveSuccessfullyCompletedPods(CompositeAppControllerMockedTest.java:169)
	at java.base/jdk.internal.reflect.NativeMethodAccessorImpl.invoke0(Native Method)
	at java.base/jdk.internal.reflect.NativeMethodAccessorImpl.invoke(NativeMethodAccessorImpl.java:62)
	at java.base/jdk.internal.reflect.DelegatingMethodAccessorImpl.invoke(DelegatingMethodAccessorImpl.java:43)
	at java.base/java.lang.reflect.Method.invoke(Method.java:566)
	at org.junit.platform.commons.util.ReflectionUtils.invokeMethod(ReflectionUtils.java:688)
	at org.junit.jupiter.engine.e**cution.MethodInvocation.proceed(MethodInvocation.java:60)
	at org.junit.jupiter.engine.e**cution.InvocationInterceptorChain$ValidatingInvocation.proceed(InvocationInterceptorChain.java:131)
	at org.junit.jupiter.engine.extension.TimeoutExtension.intercept(TimeoutExtension.java:149)
	at org.junit.jupiter.engine.extension.TimeoutExtension.interceptTestableMethod(TimeoutExtension.java:140)
	at org.junit.jupiter.engine.extension.TimeoutExtension.interceptTestMethod(TimeoutExtension.java:84)
	at org.junit.jupiter.engine.e**cution.E**cutableInvoker$ReflectiveInterceptorCall.lambda$ofVoidMethod$0(E**cutableInvoker.java:115)
	at org.junit.jupiter.engine.e**cution.E**cutableInvoker.lambda$invoke$0(E**cutableInvoker.java:105)
	at org.junit.jupiter.engine.e**cution.InvocationInterceptorChain$InterceptedInvocation.proceed(InvocationInterceptorChain.java:106)
	at org.junit.jupiter.engine.e**cution.InvocationInterceptorChain.proceed(InvocationInterceptorChain.java:64)
	at org.junit.jupiter.engine.e**cution.InvocationInterceptorChain.chainAndInvoke(InvocationInterceptorChain.java:45)
	at org.junit.jupiter.engine.e**cution.InvocationInterceptorChain.invoke(InvocationInterceptorChain.java:37)
	at org.junit.jupiter.engine.e**cution.E**cutableInvoker.invoke(E**cutableInvoker.java:104)
	at org.junit.jupiter.engine.e**cution.E**cutableInvoker.invoke(E**cutableInvoker.java:98)
	at org.junit.jupiter.engine.descriptor.TestMethodTestDescriptor.lambda$invokeTestMethod$6(TestMethodTestDescriptor.java:210)
	at org.junit.platform.engine.support.hierarchical.ThrowableCollector.e**cute(ThrowableCollector.java:73)
	at org.junit.jupiter.engine.descriptor.TestMethodTestDescriptor.invokeTestMethod(TestMethodTestDescriptor.java:206)
	at org.junit.jupiter.engine.descriptor.TestMethodTestDescriptor.e**cute(TestMethodTestDescriptor.java:131)
	at org.junit.jupiter.engine.descriptor.TestMethodTestDescriptor.e**cute(TestMethodTestDescriptor.java:65)
	at org.junit.platform.engine.support.hierarchical.NodeTestTask.lambda$e**cuteRecursively$5(NodeTestTask.java:139)
	at org.junit.platform.engine.support.hierarchical.ThrowableCollector.e**cute(ThrowableCollector.java:73)
	at org.junit.platform.engine.support.hierarchical.NodeTestTask.lambda$e**cuteRecursively$7(NodeTestTask.java:129)
	at org.junit.platform.engine.support.hierarchical.Node.around(Node.java:137)
	at org.junit.platform.engine.support.hierarchical.NodeTestTask.lambda$e**cuteRecursively$8(NodeTestTask.java:127)
	at org.junit.platform.engine.support.hierarchical.ThrowableCollector.e**cute(ThrowableCollector.java:73)
	at org.junit.platform.engine.support.hierarchical.NodeTestTask.e**cuteRecursively(NodeTestTask.java:126)
	at org.junit.platform.engine.support.hierarchical.NodeTestTask.e**cute(NodeTestTask.java:84)
	at java.base/java.util.ArrayList.forEach(ArrayList.java:1540)
	at org.junit.platform.engine.support.hierarchical.SameThreadHierarchicalTestE**cutorService.invokeAll(SameThreadHierarchicalTestE**cutorService.java:38)
	at org.junit.platform.engine.support.hierarchical.NodeTestTask.lambda$e**cuteRecursively$5(NodeTestTask.java:143)
	at org.junit.platform.engine.support.hierarchical.ThrowableCollector.e**cute(ThrowableCollector.java:73)
	at org.junit.platform.engine.support.hierarchical.NodeTestTask.lambda$e**cuteRecursively$7(NodeTestTask.java:129)
	at org.junit.platform.engine.support.hierarchical.Node.around(Node.java:137)
	at org.junit.platform.engine.support.hierarchical.NodeTestTask.lambda$e**cuteRecursively$8(NodeTestTask.java:127)
	at org.junit.platform.engine.support.hierarchical.ThrowableCollector.e**cute(ThrowableCollector.java:73)
	at org.junit.platform.engine.support.hierarchical.NodeTestTask.e**cuteRecursively(NodeTestTask.java:126)
	at org.junit.platform.engine.support.hierarchical.NodeTestTask.e**cute(NodeTestTask.java:84)
	at java.base/java.util.ArrayList.forEach(ArrayList.java:1540)
	at org.junit.platform.engine.support.hierarchical.SameThreadHierarchicalTestE**cutorService.invokeAll(SameThreadHierarchicalTestE**cutorService.java:38)
	at org.junit.platform.engine.support.hierarchical.NodeTestTask.lambda$e**cuteRecursively$5(NodeTestTask.java:143)
	at org.junit.platform.engine.support.hierarchical.ThrowableCollector.e**cute(ThrowableCollector.java:73)
	at org.junit.platform.engine.support.hierarchical.NodeTestTask.lambda$e**cuteRecursively$7(NodeTestTask.java:129)
	at org.junit.platform.engine.support.hierarchical.Node.around(Node.java:137)
	at org.junit.platform.engine.support.hierarchical.NodeTestTask.lambda$e**cuteRecursively$8(NodeTestTask.java:127)
	at org.junit.platform.engine.support.hierarchical.ThrowableCollector.e**cute(ThrowableCollector.java:73)
	at org.junit.platform.engine.support.hierarchical.NodeTestTask.e**cuteRecursively(NodeTestTask.java:126)
	at org.junit.platform.engine.support.hierarchical.NodeTestTask.e**cute(NodeTestTask.java:84)
	at org.junit.platform.engine.support.hierarchical.SameThreadHierarchicalTestE**cutorService.submit(SameThreadHierarchicalTestE**cutorService.java:32)
	at org.junit.platform.engine.support.hierarchical.HierarchicalTestE**cutor.e**cute(HierarchicalTestE**cutor.java:57)
	at org.junit.platform.engine.support.hierarchical.HierarchicalTestEngine.e**cute(HierarchicalTestEngine.java:51)
	at org.junit.platform.launcher.core.EngineE**cutionOrchestrator.e**cute(EngineE**cutionOrchestrator.java:108)
	at org.junit.platform.launcher.core.EngineE**cutionOrchestrator.e**cute(EngineE**cutionOrchestrator.java:88)
	at org.junit.platform.launcher.core.EngineE**cutionOrchestrator.lambda$e**cute$0(EngineE**cutionOrchestrator.java:54)
	at org.junit.platform.launcher.core.EngineE**cutionOrchestrator.withInterceptedStreams(EngineE**cutionOrchestrator.java:67)
	at org.junit.platform.launcher.core.EngineE**cutionOrchestrator.e**cute(EngineE**cutionOrchestrator.java:52)
	at org.junit.platform.launcher.core.DefaultLauncher.e**cute(DefaultLauncher.java:96)
	at org.junit.platform.launcher.core.DefaultLauncher.e**cute(DefaultLauncher.java:75)
	at org.apache.maven.surefire.junitplatform.JUnitPlatformProvider.invokeAllTests(JUnitPlatformProvider.java:142)
	at org.apache.maven.surefire.junitplatform.JUnitPlatformProvider.invoke(JUnitPlatformProvider.java:117)
	at org.apache.maven.surefire.booter.ForkedBooter.invokeProviderInSameClassLoader(ForkedBooter.java:384)
	at org.apache.maven.surefire.booter.ForkedBooter.runSuitesInProcess(ForkedBooter.java:345)
	at org.apache.maven.surefire.booter.ForkedBooter.e**cute(ForkedBooter.java:126)
	at org.apache.maven.surefire.booter.ForkedBooter.main(ForkedBooter.java:418)

Mar 30, 2021 3:25:57 PM org.entando.kubernetes.client.KubernetesRestInterceptor invoke
INFO: Exiting method load in class org.entando.kubernetes.controller.support.client.EntandoResourceClient
Mar 30, 2021 3:25:57 PM org.entando.kubernetes.controller.support.controller.AbstractDbAwareController performSync
SEVERE: Unexpected exception occurred while adding EntandoCompositeApp entando-k8s-composite-app-controller-carcms33/my-app-carcms33
java.lang.IllegalStateException: Could not find the EntandoPlugin 'test-plugin-carcms33' in the namespace entando-k8s-composite-app-controller-carcms33
	at org.entando.kubernetes.client.DefaultEntandoResourceClient.lambda$notFound$5(DefaultEntandoResourceClient.java:199)
	at org.entando.kubernetes.client.DefaultEntandoResourceClient.lambda$load$6(DefaultEntandoResourceClient.java:205)
	at java.base/java.util.Optional.orElseThrow(Optional.java:408)
	at org.entando.kubernetes.client.DefaultEntandoResourceClient.load(DefaultEntandoResourceClient.java:205)
	at java.base/jdk.internal.reflect.NativeMethodAccessorImpl.invoke0(Native Method)
	at java.base/jdk.internal.reflect.NativeMethodAccessorImpl.invoke(NativeMethodAccessorImpl.java:62)
	at java.base/jdk.internal.reflect.DelegatingMethodAccessorImpl.invoke(DelegatingMethodAccessorImpl.java:43)
	at java.base/java.lang.reflect.Method.invoke(Method.java:566)
	at org.entando.kubernetes.client.KubernetesRestInterceptor.invoke(KubernetesRestInterceptor.java:49)
	at com.sun.proxy.$Proxy31.load(Unknown Source)
	at org.entando.kubernetes.compositeapp.controller.EntandoCompositeAppController.prepareReference(EntandoCompositeAppController.java:146)
	at org.entando.kubernetes.compositeapp.controller.EntandoCompositeAppController.synchronizeDeploymentState(EntandoCompositeAppController.java:88)
	at org.entando.kubernetes.compositeapp.controller.EntandoCompositeAppController.synchronizeDeploymentState(EntandoCompositeAppController.java:56)
	at org.entando.kubernetes.controller.support.controller.AbstractDbAwareController.performSync(AbstractDbAwareController.java:158)
	at org.entando.kubernetes.controller.support.controller.AbstractDbAwareController.processCommand(AbstractDbAwareController.java:130)
	at org.entando.kubernetes.compositeapp.controller.EntandoCompositeAppController.onStartup(EntandoCompositeAppController.java:80)
	at org.entando.kubernetes.compositeapp.controller.inprocesstests.CompositeAppControllerMockedTest.startController(CompositeAppControllerMockedTest.java:179)
	at org.entando.kubernetes.compositeapp.controller.inprocesstests.CompositeAppControllerMockedTest.performCreate(CompositeAppControllerMockedTest.java:103)
	at org.entando.kubernetes.compositeapp.controller.inprocesstests.CompositeAppControllerMockedTest.shouldRemoveSuccessfullyCompletedPods(CompositeAppControllerMockedTest.java:169)
	at java.base/jdk.internal.reflect.NativeMethodAccessorImpl.invoke0(Native Method)
	at java.base/jdk.internal.reflect.NativeMethodAccessorImpl.invoke(NativeMethodAccessorImpl.java:62)
	at java.base/jdk.internal.reflect.DelegatingMethodAccessorImpl.invoke(DelegatingMethodAccessorImpl.java:43)
	at java.base/java.lang.reflect.Method.invoke(Method.java:566)
	at org.junit.platform.commons.util.ReflectionUtils.invokeMethod(ReflectionUtils.java:688)
	at org.junit.jupiter.engine.e**cution.MethodInvocation.proceed(MethodInvocation.java:60)
	at org.junit.jupiter.engine.e**cution.InvocationInterceptorChain$ValidatingInvocation.proceed(InvocationInterceptorChain.java:131)
	at org.junit.jupiter.engine.extension.TimeoutExtension.intercept(TimeoutExtension.java:149)
	at org.junit.jupiter.engine.extension.TimeoutExtension.interceptTestableMethod(TimeoutExtension.java:140)
	at org.junit.jupiter.engine.extension.TimeoutExtension.interceptTestMethod(TimeoutExtension.java:84)
	at org.junit.jupiter.engine.e**cution.E**cutableInvoker$ReflectiveInterceptorCall.lambda$ofVoidMethod$0(E**cutableInvoker.java:115)
	at org.junit.jupiter.engine.e**cution.E**cutableInvoker.lambda$invoke$0(E**cutableInvoker.java:105)
	at org.junit.jupiter.engine.e**cution.InvocationInterceptorChain$InterceptedInvocation.proceed(InvocationInterceptorChain.java:106)
	at org.junit.jupiter.engine.e**cution.InvocationInterceptorChain.proceed(InvocationInterceptorChain.java:64)
	at org.junit.jupiter.engine.e**cution.InvocationInterceptorChain.chainAndInvoke(InvocationInterceptorChain.java:45)
	at org.junit.jupiter.engine.e**cution.InvocationInterceptorChain.invoke(InvocationInterceptorChain.java:37)
	at org.junit.jupiter.engine.e**cution.E**cutableInvoker.invoke(E**cutableInvoker.java:104)
	at org.junit.jupiter.engine.e**cution.E**cutableInvoker.invoke(E**cutableInvoker.java:98)
	at org.junit.jupiter.engine.descriptor.TestMethodTestDescriptor.lambda$invokeTestMethod$6(TestMethodTestDescriptor.java:210)
	at org.junit.platform.engine.support.hierarchical.ThrowableCollector.e**cute(ThrowableCollector.java:73)
	at org.junit.jupiter.engine.descriptor.TestMethodTestDescriptor.invokeTestMethod(TestMethodTestDescriptor.java:206)
	at org.junit.jupiter.engine.descriptor.TestMethodTestDescriptor.e**cute(TestMethodTestDescriptor.java:131)
	at org.junit.jupiter.engine.descriptor.TestMethodTestDescriptor.e**cute(TestMethodTestDescriptor.java:65)
	at org.junit.platform.engine.support.hierarchical.NodeTestTask.lambda$e**cuteRecursively$5(NodeTestTask.java:139)
	at org.junit.platform.engine.support.hierarchical.ThrowableCollector.e**cute(ThrowableCollector.java:73)
	at org.junit.platform.engine.support.hierarchical.NodeTestTask.lambda$e**cuteRecursively$7(NodeTestTask.java:129)
	at org.junit.platform.engine.support.hierarchical.Node.around(Node.java:137)
	at org.junit.platform.engine.support.hierarchical.NodeTestTask.lambda$e**cuteRecursively$8(NodeTestTask.java:127)
	at org.junit.platform.engine.support.hierarchical.ThrowableCollector.e**cute(ThrowableCollector.java:73)
	at org.junit.platform.engine.support.hierarchical.NodeTestTask.e**cuteRecursively(NodeTestTask.java:126)
	at org.junit.platform.engine.support.hierarchical.NodeTestTask.e**cute(NodeTestTask.java:84)
	at java.base/java.util.ArrayList.forEach(ArrayList.java:1540)
	at org.junit.platform.engine.support.hierarchical.SameThreadHierarchicalTestE**cutorService.invokeAll(SameThreadHierarchicalTestE**cutorService.java:38)
	at org.junit.platform.engine.support.hierarchical.NodeTestTask.lambda$e**cuteRecursively$5(NodeTestTask.java:143)
	at org.junit.platform.engine.support.hierarchical.ThrowableCollector.e**cute(ThrowableCollector.java:73)
	at org.junit.platform.engine.support.hierarchical.NodeTestTask.lambda$e**cuteRecursively$7(NodeTestTask.java:129)
	at org.junit.platform.engine.support.hierarchical.Node.around(Node.java:137)
	at org.junit.platform.engine.support.hierarchical.NodeTestTask.lambda$e**cuteRecursively$8(NodeTestTask.java:127)
	at org.junit.platform.engine.support.hierarchical.ThrowableCollector.e**cute(ThrowableCollector.java:73)
	at org.junit.platform.engine.support.hierarchical.NodeTestTask.e**cuteRecursively(NodeTestTask.java:126)
	at org.junit.platform.engine.support.hierarchical.NodeTestTask.e**cute(NodeTestTask.java:84)
	at java.base/java.util.ArrayList.forEach(ArrayList.java:1540)
	at org.junit.platform.engine.support.hierarchical.SameThreadHierarchicalTestE**cutorService.invokeAll(SameThreadHierarchicalTestE**cutorService.java:38)
	at org.junit.platform.engine.support.hierarchical.NodeTestTask.lambda$e**cuteRecursively$5(NodeTestTask.java:143)
	at org.junit.platform.engine.support.hierarchical.ThrowableCollector.e**cute(ThrowableCollector.java:73)
	at org.junit.platform.engine.support.hierarchical.NodeTestTask.lambda$e**cuteRecursively$7(NodeTestTask.java:129)
	at org.junit.platform.engine.support.hierarchical.Node.around(Node.java:137)
	at org.junit.platform.engine.support.hierarchical.NodeTestTask.lambda$e**cuteRecursively$8(NodeTestTask.java:127)
	at org.junit.platform.engine.support.hierarchical.ThrowableCollector.e**cute(ThrowableCollector.java:73)
	at org.junit.platform.engine.support.hierarchical.NodeTestTask.e**cuteRecursively(NodeTestTask.java:126)
	at org.junit.platform.engine.support.hierarchical.NodeTestTask.e**cute(NodeTestTask.java:84)
	at org.junit.platform.engine.support.hierarchical.SameThreadHierarchicalTestE**cutorService.submit(SameThreadHierarchicalTestE**cutorService.java:32)
	at org.junit.platform.engine.support.hierarchical.HierarchicalTestE**cutor.e**cute(HierarchicalTestE**cutor.java:57)
	at org.junit.platform.engine.support.hierarchical.HierarchicalTestEngine.e**cute(HierarchicalTestEngine.java:51)
	at org.junit.platform.launcher.core.EngineE**cutionOrchestrator.e**cute(EngineE**cutionOrchestrator.java:108)
	at org.junit.platform.launcher.core.EngineE**cutionOrchestrator.e**cute(EngineE**cutionOrchestrator.java:88)
	at org.junit.platform.launcher.core.EngineE**cutionOrchestrator.lambda$e**cute$0(EngineE**cutionOrchestrator.java:54)
	at org.junit.platform.launcher.core.EngineE**cutionOrchestrator.withInterceptedStreams(EngineE**cutionOrchestrator.java:67)
	at org.junit.platform.launcher.core.EngineE**cutionOrchestrator.e**cute(EngineE**cutionOrchestrator.java:52)
	at org.junit.platform.launcher.core.DefaultLauncher.e**cute(DefaultLauncher.java:96)
	at org.junit.platform.launcher.core.DefaultLauncher.e**cute(DefaultLauncher.java:75)
	at org.apache.maven.surefire.junitplatform.JUnitPlatformProvider.invokeAllTests(JUnitPlatformProvider.java:142)
	at org.apache.maven.surefire.junitplatform.JUnitPlatformProvider.invoke(JUnitPlatformProvider.java:117)
	at org.apache.maven.surefire.booter.ForkedBooter.invokeProviderInSameClassLoader(ForkedBooter.java:384)
	at org.apache.maven.surefire.booter.ForkedBooter.runSuitesInProcess(ForkedBooter.java:345)
	at org.apache.maven.surefire.booter.ForkedBooter.e**cute(ForkedBooter.java:126)
	at org.apache.maven.surefire.booter.ForkedBooter.main(ForkedBooter.java:418)

Mar 30, 2021 3:25:57 PM org.entando.kubernetes.client.KubernetesRestInterceptor invoke
INFO: Entering method deploymentFailed in class org.entando.kubernetes.controller.support.client.EntandoResourceClient with EntandoCompositeApp: entando-k8s-composite-app-controller-carcms33/my-app-carcms33
Mar 30, 2021 3:25:57 PM okhttp3.mockwebserver.MockWebServer$3 processOneRequest
INFO: MockWebServer[40451] received request: POST /api/v1/namespaces/entando-k8s-composite-app-controller-carcms33/events HTTP/1.1 and responded: HTTP/1.1 202 OK
Mar 30, 2021 3:25:57 PM okhttp3.mockwebserver.MockWebServer$3 processOneRequest
INFO: MockWebServer[40451] received request: GET /apis/entando.org/v1/namespaces/entando-k8s-composite-app-controller-carcms33/entandocompositeapps/my-app-carcms33 HTTP/1.1 and responded: HTTP/1.1 200 OK
Mar 30, 2021 3:25:57 PM okhttp3.mockwebserver.MockWebServer$3 processOneRequest
INFO: MockWebServer[40451] received request: PUT /apis/entando.org/v1/namespaces/entando-k8s-composite-app-controller-carcms33/entandocompositeapps/my-app-carcms33/status HTTP/1.1 and responded: HTTP/1.1 202 OK
Mar 30, 2021 3:25:57 PM org.entando.kubernetes.client.KubernetesRestInterceptor invoke
INFO: Exiting method deploymentFailed in class org.entando.kubernetes.controller.support.client.EntandoResourceClient
Mar 30, 2021 3:25:57 PM okhttp3.mockwebserver.MockWebServer$3 processOneRequest
INFO: MockWebServer[40451] received request: GET /api/v1/namespaces/entando-k8s-composite-app-controller-carcms33/pods?labelSelector=EntandoResourceKind%3DEntandoKeycloakServer%2CEntandoKeycloakServer%3Dtest-keycloak-carcms33 HTTP/1.1 and responded: HTTP/1.1 200 OK
Mar 30, 2021 3:25:57 PM org.entando.kubernetes.client.KubernetesRestInterceptor invoke
INFO: Entering method getPodWatcherQueue in class org.entando.kubernetes.controller.support.client.PodWaitingClient
Mar 30, 2021 3:25:57 PM org.entando.kubernetes.client.KubernetesRestInterceptor invoke
INFO: Exiting method getPodWatcherQueue in class org.entando.kubernetes.controller.support.client.PodWaitingClient
Mar 30, 2021 3:25:57 PM okhttp3.mockwebserver.MockWebServer$2 acceptConnections
INFO: MockWebServer[40451] done accepting connections: Socket closed
[INFO] Tests run: 4, Failures: 0, Errors: 0, Skipped: 0, Time elapsed: 43.706 s - in org.entando.kubernetes.compositeapp.controller.inprocesstests.CompositeAppControllerMockedTest
[INFO] 
[INFO] Results:
[INFO] 
[INFO] Tests run: 4, Failures: 0, Errors: 0, Skipped: 0
[INFO] 
[INFO] 
[INFO] --- maven-jar-plugin:3.2.0:jar (default-jar) @ entando-k8s-composite-app-controller ---
[INFO] Building jar: /workspace/source/target/entando-k8s-composite-app-controller-6.3.7.jar
[INFO] 
[INFO] --- license-maven-plugin:2.0.0:aggregate-download-licenses (download-licenses) @ entando-k8s-composite-app-controller ---
[INFO] skip flag is on, will skip goal.
[INFO] 
[INFO] --- maven-jar-plugin:3.2.0:test-jar (build-test-jar) @ entando-k8s-composite-app-controller ---
[INFO] Building jar: /workspace/source/target/entando-k8s-composite-app-controller-6.3.7-tests.jar
[INFO] 
[INFO] --- maven-source-plugin:3.2.1:jar-no-fork (attach-sources) @ entando-k8s-composite-app-controller ---
[INFO] Building jar: /workspace/source/target/entando-k8s-composite-app-controller-6.3.7-sources.jar
[INFO] 
[INFO] >>> maven-source-plugin:3.2.1:test-jar (attach-sources) > generate-sources @ entando-k8s-composite-app-controller >>>
[INFO] 
[INFO] --- maven-checkstyle-plugin:3.1.1:check (validate) @ entando-k8s-composite-app-controller ---
[INFO] Starting audit...
Audit done.
[INFO] You have 0 Checkstyle violations.
[INFO] 
[INFO] --- maven-checkstyle-plugin:3.1.1:checkstyle (validate) @ entando-k8s-composite-app-controller ---
[INFO] Starting audit...
Audit done.
[INFO] 
[INFO] --- jacoco-maven-plugin:0.8.5:prepare-agent (prepare-agent) @ entando-k8s-composite-app-controller ---
[INFO] argLine set to -javaagent:/home/jenkins/.mvnrepository/org/jacoco/org.jacoco.agent/0.8.5/org.jacoco.agent-0.8.5-runtime.jar=destfile=/workspace/source/target/jacoco.e**c
[INFO] 
[INFO] <<< maven-source-plugin:3.2.1:test-jar (attach-sources) < generate-sources @ entando-k8s-composite-app-controller <<<
[INFO] 
[INFO] 
[INFO] --- maven-source-plugin:3.2.1:test-jar (attach-sources) @ entando-k8s-composite-app-controller ---
[INFO] Building jar: /workspace/source/target/entando-k8s-composite-app-controller-6.3.7-test-sources.jar
[INFO] 
[INFO] --- maven-javadoc-plugin:3.2.0:jar (attach-javadocs) @ entando-k8s-composite-app-controller ---
[INFO] No previous run data found, generating javadoc.
[INFO] Building jar: /workspace/source/target/entando-k8s-composite-app-controller-6.3.7-javadoc.jar
[INFO] 
[INFO] --- quarkus-maven-plugin:1.2.0.Final:build (default) @ entando-k8s-composite-app-controller ---
[WARNING] [io.quarkus.creator.curator.Curator] These dependencies are not recommended:
	- javax.servlet:javax.servlet-api should be replaced by jakarta.servlet:jakarta.servlet-api
You might end up with two different versions of the same classes or with an artifact you shouldn't have in your classpath.
[INFO] [org.jboss.threads] JBoss Threads version 3.0.0.Final
[WARNING] [io.quarkus.deployment.steps.ReflectiveHierarchyStep] Unable to properly register the hierarchy of the following classes for reflection as they are not in the Jandex index:
	- org.entando.kubernetes.model.EntandoCustomResourceStatus
Consider adding them to the index either by creating a Jandex index for your dependency via the Maven plugin, an empty META-INF/beans.xml or quarkus.index-dependency properties.");.
[INFO] [io.quarkus.deployment.pkg.steps.JarResultBuildStep] Building thin jar: /workspace/source/target/entando-k8s-composite-app-controller-6.3.7-runner.jar
[INFO] [io.quarkus.deployment.QuarkusAugmentor] Quarkus augmentation completed in 1629ms
[INFO] 
[INFO] --- maven-surefire-report-plugin:3.0.0-M4:failsafe-report-only (integration-tests) @ entando-k8s-composite-app-controller ---
[INFO] 
[INFO] --- dependency-check-maven:6.0.3:aggregate (default) @ entando-k8s-composite-app-controller ---
[INFO] Checking for updates
[INFO] Skipping NVD check since last check was within 4 hours.
[INFO] Check for updates complete (54 ms)
[INFO] 

Dependency-Check is an open source tool performing a best effort analysis of 3rd party dependencies; false positives and false negatives may exist in the analysis performed by the tool. Use of the tool and the reporting provided constitutes acceptance for use in an AS IS condition, and there are NO warranties, implied or otherwise, with regard to the analysis or its use. Any use of the tool and the reporting provided is at the userâ€™s risk. In no event shall the copyright holder or OWASP be held liable for any damages whatsoever arising out of or in connection with the use of this tool, the analysis performed, or the resulting report.


[INFO] Analysis Started
[INFO] Finished Archive Analyzer (0 seconds)
[INFO] Finished File Name Analyzer (0 seconds)
[INFO] Finished Jar Analyzer (0 seconds)
[INFO] Finished Dependency Merging Analyzer (0 seconds)
[INFO] Finished Version Filter Analyzer (0 seconds)
[INFO] Finished Hint Analyzer (0 seconds)
[INFO] Created CPE Index (5 seconds)
[INFO] Finished CPE Analyzer (6 seconds)
[INFO] Finished False Positive Analyzer (0 seconds)
[INFO] Finished NVD CVE Analyzer (0 seconds)
[INFO] Finished Sonatype OSS Index Analyzer (3 seconds)
[INFO] Finished Vulnerability Suppression Analyzer (0 seconds)
[INFO] Finished Dependency Bundling Analyzer (0 seconds)
[INFO] Analysis Complete (12 seconds)
[INFO] 
[INFO] --- jacoco-maven-plugin:0.8.5:report (report) @ entando-k8s-composite-app-controller ---
[INFO] Loading e**cution data file /workspace/source/target/jacoco.e**c
[INFO] Analyzed bundle 'Entando K8S Composite App Controller' with 1 classes
[INFO] 
[INFO] --- maven-gpg-plugin:1.6:sign (sign-artifacts) @ entando-k8s-composite-app-controller ---
gpg: WARNING: unsafe permissions on homedir `********************'
gpg: WARNING: unsafe permissions on homedir `********************'
gpg: WARNING: unsafe permissions on homedir `********************'
gpg: WARNING: unsafe permissions on homedir `********************'
gpg: WARNING: unsafe permissions on homedir `********************'
gpg: WARNING: unsafe permissions on homedir `********************'
[INFO] 
[INFO] --- maven-surefire-report-plugin:3.0.0-M4:report-only (unit-tests) @ entando-k8s-composite-app-controller ---
[WARNING] Unable to locate Test Source XRef to link to - DISABLED
[INFO] 
[INFO] --- maven-install-plugin:2.4:install (default-install) @ entando-k8s-composite-app-controller ---
[INFO] Installing /workspace/source/target/entando-k8s-composite-app-controller-6.3.7.jar to /home/jenkins/.mvnrepository/org/entando/entando-k8s-composite-app-controller/6.3.7/entando-k8s-composite-app-controller-6.3.7.jar
[INFO] Installing /workspace/source/pom.xml to /home/jenkins/.mvnrepository/org/entando/entando-k8s-composite-app-controller/6.3.7/entando-k8s-composite-app-controller-6.3.7.pom
[INFO] Installing /workspace/source/target/entando-k8s-composite-app-controller-6.3.7-tests.jar to /home/jenkins/.mvnrepository/org/entando/entando-k8s-composite-app-controller/6.3.7/entando-k8s-composite-app-controller-6.3.7-tests.jar
[INFO] Installing /workspace/source/target/entando-k8s-composite-app-controller-6.3.7-sources.jar to /home/jenkins/.mvnrepository/org/entando/entando-k8s-composite-app-controller/6.3.7/entando-k8s-composite-app-controller-6.3.7-sources.jar
[INFO] Installing /workspace/source/target/entando-k8s-composite-app-controller-6.3.7-test-sources.jar to /home/jenkins/.mvnrepository/org/entando/entando-k8s-composite-app-controller/6.3.7/entando-k8s-composite-app-controller-6.3.7-test-sources.jar
[INFO] Installing /workspace/source/target/entando-k8s-composite-app-controller-6.3.7-javadoc.jar to /home/jenkins/.mvnrepository/org/entando/entando-k8s-composite-app-controller/6.3.7/entando-k8s-composite-app-controller-6.3.7-javadoc.jar
[INFO] Installing /workspace/source/target/entando-k8s-composite-app-controller-6.3.7.jar.asc to /home/jenkins/.mvnrepository/org/entando/entando-k8s-composite-app-controller/6.3.7/entando-k8s-composite-app-controller-6.3.7.jar.asc
[INFO] Installing /workspace/source/target/entando-k8s-composite-app-controller-6.3.7.pom.asc to /home/jenkins/.mvnrepository/org/entando/entando-k8s-composite-app-controller/6.3.7/entando-k8s-composite-app-controller-6.3.7.pom.asc
[INFO] Installing /workspace/source/target/entando-k8s-composite-app-controller-6.3.7-tests.jar.asc to /home/jenkins/.mvnrepository/org/entando/entando-k8s-composite-app-controller/6.3.7/entando-k8s-composite-app-controller-6.3.7-tests.jar.asc
[INFO] Installing /workspace/source/target/entando-k8s-composite-app-controller-6.3.7-sources.jar.asc to /home/jenkins/.mvnrepository/org/entando/entando-k8s-composite-app-controller/6.3.7/entando-k8s-composite-app-controller-6.3.7-sources.jar.asc
[INFO] Installing /workspace/source/target/entando-k8s-composite-app-controller-6.3.7-test-sources.jar.asc to /home/jenkins/.mvnrepository/org/entando/entando-k8s-composite-app-controller/6.3.7/entando-k8s-composite-app-controller-6.3.7-test-sources.jar.asc
[INFO] Installing /workspace/source/target/entando-k8s-composite-app-controller-6.3.7-javadoc.jar.asc to /home/jenkins/.mvnrepository/org/entando/entando-k8s-composite-app-controller/6.3.7/entando-k8s-composite-app-controller-6.3.7-javadoc.jar.asc
[INFO] 
[INFO] --- maven-deploy-plugin:2.8.2:deploy (default-deploy) @ entando-k8s-composite-app-controller ---
[INFO] Using alternate deployment repository local-nexus::default::http://nexus/repository/maven-releases/
[INFO] 
[INFO] --- maven-site-plugin:3.9.0:site (default-site) @ entando-k8s-composite-app-controller ---
[INFO] configuring report plugin org.apache.maven.plugins:maven-project-info-reports-plugin:3.0.0
[INFO] 9 reports configured for maven-project-info-reports-plugin:3.0.0: dependency-info, distribution-management, index, ci-management, issue-management, licenses, plugins, scm, summary
[INFO] Rendering site with default locale English (en)
[WARNING] Unable to find a URL to the parent project. The parent menu will NOT be added.
[INFO] Relativizing decoration links with respect to localized project URL: https://central.entando.com
[INFO] Rendering content with org.apache.maven.skins:maven-default-skin:jar:1.3 skin.
[INFO] Generating "Dependency Information" report --- maven-project-info-reports-plugin:3.0.0:dependency-info
[INFO] Generating "About" report         --- maven-project-info-reports-plugin:3.0.0:index
[INFO] Generating "Issue Management" report --- maven-project-info-reports-plugin:3.0.0:issue-management
[INFO] Generating "Licenses" report      --- maven-project-info-reports-plugin:3.0.0:licenses
[INFO] Generating "Plugins" report       --- maven-project-info-reports-plugin:3.0.0:plugins
[INFO] Generating "Source Code Management" report --- maven-project-info-reports-plugin:3.0.0:scm
[INFO] Generating "Summary" report       --- maven-project-info-reports-plugin:3.0.0:summary
[INFO] 
[INFO] ----------< org.entando:entando-k8s-composite-app-controller >----------
[INFO] Building Entando K8S Composite App Controller 6.3.7
[INFO] --------------------------------[ jar ]---------------------------------
[INFO] 
[INFO] --- sonar-maven-plugin:3.8.0.2131:sonar (default-cli) @ entando-k8s-composite-app-controller ---
[INFO] User cache: /****/.sonar/cache
[INFO] SonarQube version: 8.5.0
[INFO] Default locale: "en", source code encoding: "UTF-8"
[INFO] Load global settings
[INFO] Load global settings (done) | time=254ms
[INFO] Server id: 1BD809FA-AWHW8ct9-T_TB3XqouNu
[INFO] User cache: /****/.sonar/cache
[INFO] Load/download plugins
[INFO] Load plugins index
[INFO] Load plugins index (done) | time=93ms
[INFO] Load/download plugins (done) | time=21224ms
[INFO] Loaded core extensions: developer-scanner
[INFO] JavaScript/TypeScript frontend is enabled
[INFO] Load project settings for component key: 'entando-k8s_entando-k8s-composite-app-controller'
[INFO] Load project settings for component key: 'entando-k8s_entando-k8s-composite-app-controller' (done) | time=39ms
[INFO] Process project properties
[INFO] E**cute project builders
[INFO] E**cute project builders (done) | time=2ms
[INFO] Project key: entando-k8s_entando-k8s-composite-app-controller
[INFO] Base dir: /workspace/source
[INFO] Working dir: /workspace/source/target/sonar
[INFO] Load project branches
[INFO] Load project branches (done) | time=30ms
[INFO] Check ALM binding of project 'entando-k8s_entando-k8s-composite-app-controller'
[INFO] Detected project binding: BOUND
[INFO] Check ALM binding of project 'entando-k8s_entando-k8s-composite-app-controller' (done) | time=28ms
[INFO] Load project pull requests
[INFO] Load project pull requests (done) | time=41ms
[INFO] Load branch configuration
[INFO] Load branch configuration (done) | time=3ms
[INFO] Load quality profiles
[INFO] Load quality profiles (done) | time=77ms
[INFO] Load active rules
[INFO] Load active rules (done) | time=1318ms
[INFO] Organization key: entando-k8s
[INFO] Indexing files...
[INFO] Project configuration:
[WARNING] Exception caught during e**cution of command '[/usr/local/git/bin/git, config, --******, --edit]' in '/usr/local/git/bin', return code '128', error message 'fatal: Invalid path '/usr/local/git/etc': No such file or directory
'
[INFO] 7 files inde**d
[INFO] 0 files ignored because of scm ignore settings
[INFO] Quality profile for java: Sonar way
[INFO] Quality profile for xml: Sonar way
[INFO] ------------- Run sensors on module Entando K8S Composite App Controller
[INFO] JavaScript/TypeScript frontend is enabled
[INFO] Load metrics repository
[INFO] Load metrics repository (done) | time=36ms
[INFO] Sensor JavaSquidSensor [java]
[INFO] Configured Java source version (sonar.java.source): 9
[INFO] JavaClasspath initialization
[INFO] JavaClasspath initialization (done) | time=27ms
[INFO] JavaTestClasspath initialization
[INFO] JavaTestClasspath initialization (done) | time=2ms
[INFO] Java Main Files AST scan
[INFO] 1 source file to be analyzed
[INFO] Load project repositories
[INFO] Load project repositories (done) | time=39ms
[INFO] 1/1 source file has been analyzed
[INFO] Java Main Files AST scan (done) | time=3232ms
[INFO] Java Test Files AST scan
[INFO] 5 source files to be analyzed
[INFO] 5/5 source files have been analyzed
[INFO] Java Test Files AST scan (done) | time=820ms
[INFO] Java Generated Files AST scan
[INFO] 0 source files to be analyzed
[INFO] 0/0 source files have been analyzed
[INFO] Java Generated Files AST scan (done) | time=2ms
[INFO] Sensor JavaSquidSensor [java] (done) | time=4495ms
[INFO] Sensor SonarCSS Rules [cssfamily]
[INFO] No CSS, PHP, HTML or VueJS files are found in the project. CSS analysis is skipped.
[INFO] Sensor SonarCSS Rules [cssfamily] (done) | time=1ms
[INFO] Sensor C# Project Type Information [csharp]
[INFO] Sensor C# Project Type Information [csharp] (done) | time=2ms
[INFO] Sensor C# Properties [csharp]
[INFO] Sensor C# Properties [csharp] (done) | time=1ms
[INFO] Sensor Import of Checkstyle issues [java]
[INFO] Importing /workspace/source/target/checkstyle-result.xml
[INFO] Sensor Import of Checkstyle issues [java] (done) | time=95ms
[INFO] Sensor SurefireSensor [java]
[INFO] parsing [/workspace/source/target/surefire-reports]
[INFO] Sensor SurefireSensor [java] (done) | time=41ms
[INFO] Sensor JavaXmlSensor [java]
[INFO] 1 source file to be analyzed
[INFO] 1/1 source file has been analyzed
[INFO] Sensor JavaXmlSensor [java] (done) | time=259ms
[INFO] Sensor HTML [web]
[INFO] Sensor HTML [web] (done) | time=5ms
[INFO] Sensor XML Sensor [xml]
[INFO] 1 source file to be analyzed
[INFO] 1/1 source file has been analyzed
[INFO] Sensor XML Sensor [xml] (done) | time=202ms
[INFO] Sensor VB.NET Project Type Information [vbnet]
[INFO] Sensor VB.NET Project Type Information [vbnet] (done) | time=1ms
[INFO] Sensor VB.NET Properties [vbnet]
[INFO] Sensor VB.NET Properties [vbnet] (done) | time=1ms
[INFO] Sensor JaCoCo XML Report Importer [jacoco]
[INFO] Importing 1 report(s). Turn your logs in debug mode in order to see the exhaustive list.
[INFO] Sensor JaCoCo XML Report Importer [jacoco] (done) | time=24ms
[INFO] Sensor ThymeLeaf template sensor [securityjavafrontend]
[INFO] Sensor ThymeLeaf template sensor [securityjavafrontend] (done) | time=2ms
[INFO] Sensor JavaSecuritySensor [security]
[INFO] Reading type hierarchy from: /workspace/source/target/sonar/ucfg2/java
[INFO] Read 68 type definitions
[INFO] Reading UCFGs from: /workspace/source/target/sonar/ucfg2/java
[INFO] 15:27:08.928794 Building Runtime Type propagation graph
[INFO] 15:27:08.93662 Running Tarjan on 68 nodes
[INFO] 15:27:08.953447 Tarjan found 65 components
[INFO] 15:27:08.956474 Variable type analysis: done
[INFO] 15:27:08.957362 Building Runtime Type propagation graph
[INFO] 15:27:08.961255 Running Tarjan on 68 nodes
[INFO] 15:27:08.961852 Tarjan found 65 components
[INFO] 15:27:08.962337 Variable type analysis: done
[INFO] Analyzing 10 ucfgs to detect vulnerabilities.
[INFO] All rules entrypoints : 0 Retained UCFGs : 0
[INFO] rule: S5131, entrypoints: 0
[INFO] rule: S5131 done
[INFO] rule: S3649, entrypoints: 0
[INFO] rule: S3649 done
[INFO] rule: S2076, entrypoints: 0
[INFO] rule: S2076 done
[INFO] rule: S2091, entrypoints: 0
[INFO] rule: S2091 done
[INFO] rule: S2078, entrypoints: 0
[INFO] rule: S2078 done
[INFO] rule: S2631, entrypoints: 0
[INFO] rule: S2631 done
[INFO] rule: S5135, entrypoints: 0
[INFO] rule: S5135 done
[INFO] rule: S2083, entrypoints: 0
[INFO] rule: S2083 done
[INFO] rule: S5167, entrypoints: 0
[INFO] rule: S5167 done
[INFO] rule: S5144, entrypoints: 0
[INFO] rule: S5144 done
[INFO] rule: S5145, entrypoints: 0
[INFO] rule: S5145 done
[INFO] rule: S5146, entrypoints: 0
[INFO] rule: S5146 done
[INFO] rule: S5334, entrypoints: 0
[INFO] rule: S5334 done
[INFO] rule: S6096, entrypoints: 0
[INFO] rule: S6096 done
[INFO] Sensor JavaSecuritySensor [security] (done) | time=429ms
[INFO] Sensor CSharpSecuritySensor [security]
[INFO] Reading type hierarchy from: /workspace/source/target/ucfg_cs2
[INFO] Read 0 type definitions
[INFO] Reading UCFGs from: /workspace/source/target/ucfg_cs2
[INFO] No UCFGs have been included for analysis.
[INFO] Sensor CSharpSecuritySensor [security] (done) | time=1ms
[INFO] Sensor PhpSecuritySensor [security]
[INFO] Reading type hierarchy from: /workspace/source/target/sonar/ucfg2/php
[INFO] Read 0 type definitions
[INFO] Reading UCFGs from: /workspace/source/target/sonar/ucfg2/php
[INFO] No UCFGs have been included for analysis.
[INFO] Sensor PhpSecuritySensor [security] (done) | time=1ms
[INFO] Sensor PythonSecuritySensor [security]
[INFO] Reading type hierarchy from: /workspace/source/target/sonar/ucfg2/python
[INFO] Read 0 type definitions
[INFO] Reading UCFGs from: /workspace/source/target/sonar/ucfg2/python
[INFO] No UCFGs have been included for analysis.
[INFO] Sensor PythonSecuritySensor [security] (done) | time=1ms
[INFO] Sensor JsSecuritySensor [security]
[INFO] Reading type hierarchy from: /workspace/source/target/sonar/ucfg2/js
[INFO] Read 0 type definitions
[INFO] Reading UCFGs from: /workspace/source/target/sonar/ucfg2/js
[INFO] No UCFGs have been included for analysis.
[INFO] Sensor JsSecuritySensor [security] (done) | time=1ms
[INFO] ------------- Run sensors on project
[INFO] Sensor Zero Coverage Sensor
[INFO] Sensor Zero Coverage Sensor (done) | time=0ms
[INFO] Sensor Java CPD Block Inde**r
[INFO] Sensor Java CPD Block Inde**r (done) | time=37ms
[INFO] SCM Publisher SCM provider for this project is: git
[INFO] SCM Publisher 7 source files to be analyzed
[WARNING] Shallow clone detected, no blame information will be provided. You can convert to non-shallow with 'git fetch --unshallow'.
[INFO] SCM Publisher 0/7 source files have been analyzed (done) | time=3ms
[WARNING] Missing blame information for the following files:
[WARNING]   * src/test/java/org/entando/kubernetes/compositeapp/controller/inprocesstests/CompositeAppControllerMockedTest.java
[WARNING]   * src/test/java/org/entando/kubernetes/compositeapp/controller/interprocesstests/EntandoCompositeAppIntegrationTestHelper.java
[WARNING]   * src/test/java/org/entando/kubernetes/compositeapp/controller/interprocesstests/CompositeAppControllerIntegratedTest.java
[WARNING]   * src/main/java/org/entando/kubernetes/compositeapp/controller/EntandoCompositeAppController.java
[WARNING]   * src/test/java/org/entando/kubernetes/compositeapp/controller/ImageVersionPreparation.java
[WARNING]   * src/test/java/org/entando/kubernetes/compositeapp/controller/AbstractCompositeAppControllerTest.java
[WARNING]   * pom.xml
[WARNING] This may lead to missing/broken features in SonarCloud
[INFO] CPD E**cutor Calculating CPD for 1 file
[INFO] CPD E**cutor CPD calculation finished (done) | time=15ms
[INFO] Analysis report generated in 141ms, dir size=253 KB
[INFO] Analysis report compressed in 19ms, zip size=63 KB
[INFO] Analysis report uploaded in 127ms
[INFO] ANALYSIS SUCCESSFUL, you can find the results at: https://sonarcloud.io/dashboard?id=entando-k8s_entando-k8s-composite-app-controller
[INFO] Note that you will be able to access the updated dashboard once the server has processed the submitted analysis report
[INFO] More about the report processing at https://sonarcloud.io/api/ce/task?id=AXiDvua_A0HsllXXfKG5
[INFO] Analysis total time: 11.294 s
[INFO] ------------------------------------------------------------------------
[INFO] BUILD SUCCESS
[INFO] ------------------------------------------------------------------------
[INFO] Total time:  02:19 min
[INFO] Finished at: 2021-03-30T15:27:09Z
[INFO] ------------------------------------------------------------------------
Congratulations! No build failures found for entando-k8s-composite-app-controller-master.

Showing logs for build [32mentando-k8s-entando-k8s-composi-j88bb-33[0m stage [32mfrom-build-pack[0m and container [32mstep-build-container-build[0m
Generating tags...
 - entando/entando-k8s-composite-app-controller -> docker.io/entando/entando-k8s-composite-app-controller:6.3.7
Checking cache...
 - entando/entando-k8s-composite-app-controller: Not found. Building
Building [entando/entando-k8s-composite-app-controller]...
Sending build context to Docker daemon  142.3kB
Step 1/7 : FROM entando/entando-k8s-operator-common:6.3.15
 ---> 2d22e4e814d7
Step 2/7 : ARG VERSION
 ---> Using cache
 ---> 4d40c8113589
Step 3/7 : LABEL name "Entando K8S Composite App Controller" vendor "Entando" version "v${VERSION}" release "6" summary "This container processes EntandoCompositeApp custom resources." description "This is a run-to-completion container. It will deploy all the components defined in the                    EntandoCompositeApp  to your cluster.                   Subsequent e**cutions of this container against the same EntandoCompositeApp will patch the existing                   deployment resources"
 ---> Running in 830fefec18f8
 ---> 8b0a72248f44
Step 4/7 : ENV JAVA_OPTIONS "-Djava.util.logging.manager=org.jboss.logmanager.LogManager"
 ---> Running in 2d255158ed53
 ---> 1c808850dd52
Step 5/7 : ENV AB_ENABLED jmx_exporter
 ---> Running in ef842f011749
 ---> cb3b5bba008e
Step 6/7 : COPY target/*-runner.jar /deployments/app.jar
 ---> f93f11bd6e4a
Step 7/7 : ENTRYPOINT /deployments/run-java.sh
 ---> Running in a1fd291044b3
 ---> faaa4ca19a94
Successfully built faaa4ca19a94
The push refers to a repository [docker.io/entando/entando-k8s-composite-app-controller]
4fc2a03cace3: Preparing
3c2d05f1c00b: Preparing
937cf2f366fb: Preparing
92f92d0ca1c2: Preparing
f0a25ae36dcc: Preparing
04a05557bbad: Preparing
821b0c400fe6: Preparing
04a05557bbad: Waiting
821b0c400fe6: Waiting
92f92d0ca1c2: Layer already exists
3c2d05f1c00b: Layer already exists
f0a25ae36dcc: Layer already exists
937cf2f366fb: Layer already exists
04a05557bbad: Layer already exists
821b0c400fe6: Layer already exists
4fc2a03cace3: Pushed
6.3.7: digest: sha256:47c44ede9e31b068b67c90d780a1defd4950f911e7df47096d34811faa15b5f9 size: 1791
There is a new version (1.21.0) of Skaffold available. Download it at https://storage.googleapis.com/skaffold/releases/latest/skaffold-linux-amd64


Showing logs for build [32mentando-k8s-entando-k8s-composi-j88bb-33[0m stage [32mfrom-build-pack[0m and container [32mstep-postbuild-post-build[0m
no CVE provider running in the current ** namespace so skip adding image to be analysed

Showing logs for build [32mentando-k8s-entando-k8s-composi-j88bb-33[0m stage [32mfrom-build-pack[0m and container [32mstep-promote-changelog[0m
Converted /workspace/source to an unshallow repository
Generating change log from git ref ecfd552d1e196bd61f2c2c55ea82f6b7a6c7373d => 227f7753905b268a4d3906f4f3c6191ac70bbddf
WARNING: No release found for entando-k8s/entando-k8s-composite-app-controller and tag v6.3.7 so creating a new release
Updated the release information at https://github.com/entando-k8s/entando-k8s-composite-app-controller/releases/tag/v6.3.7
generated: /workspace/source/charts/entando-k8s-composite-app-controller/templates/release.yaml
Created Release entando-k8s-composite-app-controller-6-3-7 resource in namespace **
Updating PipelineActivity entando-k8s-entando-k8s-composite-app-controller-master-33 with version 6.3.7
Updated PipelineActivities entando-k8s-entando-k8s-composite-app-controller-master-33 with release notes URL: https://github.com/entando-k8s/entando-k8s-composite-app-controller/releases/tag/v6.3.7

Showing logs for build [32mentando-k8s-entando-k8s-composi-j88bb-33[0m stage [32mfrom-build-pack[0m and container [32mstep-promote-update-image-map[0m
Publishing image info for entando-k8s-composite-app-controller
configmap/entando-docker-image-info-v6.3 patched
