
Showing logs for build [32mentando-k8s-entando-k8s-composi-7tb8v-34[0m stage [32mfrom-build-pack[0m and container [32mstep-credential-initializer-z2cv4[0m
{"level":"warn","ts":1617700219.0733774,"logger":"fallback-logger","caller":"logging/config.go:69","msg":"Fetch GitHub commit ID from kodata failed: \"ref: refs/heads/0.8.0-**-support-backwards-incompats\" is not a valid GitHub commit ID"}
{"level":"info","ts":1617700219.100901,"logger":"fallback-logger","caller":"creds-init/main.go:40","msg":"Credentials initialized."}

Showing logs for build [32mentando-k8s-entando-k8s-composi-7tb8v-34[0m stage [32mfrom-build-pack[0m and container [32mstep-working-dir-initializer-xmrhp[0m
{"level":"warn","ts":1617700220.310064,"logger":"fallback-logger","caller":"logging/config.go:69","msg":"Fetch GitHub commit ID from kodata failed: open /var/run/ko/HEAD: no such file or directory"}
{"level":"info","ts":1617700220.3406992,"logger":"fallback-logger","caller":"bash/main.go:64","msg":"Successfully e**cuted command \"sh -c mkdir -p /workspace/source\"; output "}

Showing logs for build [32mentando-k8s-entando-k8s-composi-7tb8v-34[0m stage [32mfrom-build-pack[0m and container [32mstep-place-tools[0m

Showing logs for build [32mentando-k8s-entando-k8s-composi-7tb8v-34[0m stage [32mfrom-build-pack[0m and container [32mstep-git-source-entando-k8s-entando-k8s-composi-sr7hq[0m
{"level":"warn","ts":1617700245.115321,"logger":"fallback-logger","caller":"logging/config.go:69","msg":"Fetch GitHub commit ID from kodata failed: \"ref: refs/heads/0.8.0-**-support-backwards-incompats\" is not a valid GitHub commit ID"}
{"level":"info","ts":1617700245.9647222,"logger":"fallback-logger","caller":"git/git.go:103","msg":"Successfully cloned https://github.com/entando-k8s/entando-k8s-composite-app-controller.git @ v6.3.8 in path /workspace/source"}

Showing logs for build [32mentando-k8s-entando-k8s-composi-7tb8v-34[0m stage [32mfrom-build-pack[0m and container [32mstep-git-merge[0m
Using SHAs from PULL_REFS=master:2256fb41032747342617f1c80d35d1be0971f3d8
WARNING: no SHAs to merge, falling back to initial cloned commit

Showing logs for build [32mentando-k8s-entando-k8s-composi-7tb8v-34[0m stage [32mfrom-build-pack[0m and container [32mstep-setup-jx-git-credentials[0m
Generated Git credentials file /workspace/xdg_config/git/credentials

Showing logs for build [32mentando-k8s-entando-k8s-composi-7tb8v-34[0m stage [32mfrom-build-pack[0m and container [32mstep-build-fetch-history-for-sonar[0m
From https://github.com/entando-k8s/entando-k8s-composite-app-controller
 * [new branch]      ENG-561_support_for_h2_pvc -> origin/ENG-561_support_for_h2_pvc
 * [new branch]      master     -> origin/master
 * [new branch]      poste      -> origin/poste
 * [new branch]      pr-test    -> origin/pr-test
 * [new tag]         v6.3.8     -> v6.3.8

Showing logs for build [32mentando-k8s-entando-k8s-composi-7tb8v-34[0m stage [32mfrom-build-pack[0m and container [32mstep-build-mvn-deploy-release[0m
Picked up _JAVA_OPTIONS: -XX:+UnlockExperimentalVMOptions -Dsun.zip.disableMemoryMapping=**** -XX:+UseParallelGC -XX:MinHeapFreeRatio=5 -XX:MaxHeapFreeRatio=10 -XX:GCTimeRatio=4 -XX:AdaptiveSizePolicyWeight=90 -Xms1000m -Xmx12000m
[INFO] Scanning for projects...
[INFO] 
[INFO] ----------< org.entando:entando-k8s-composite-app-controller >----------
[INFO] Building Entando K8S Composite App Controller 6.3.8
[INFO] --------------------------------[ jar ]---------------------------------
[INFO] 
[INFO] --- maven-clean-plugin:2.5:clean (default-clean) @ entando-k8s-composite-app-controller ---
[INFO] 
[INFO] --- maven-checkstyle-plugin:3.1.1:check (validate) @ entando-k8s-composite-app-controller ---
[INFO] Starting audit...
Audit done.
[INFO] You have 0 Checkstyle violations.
[INFO] 
[INFO] --- maven-checkstyle-plugin:3.1.1:checkstyle (validate) @ entando-k8s-composite-app-controller ---
[INFO] Starting audit...
Audit done.
[INFO] 
[INFO] --- jacoco-maven-plugin:0.8.5:prepare-agent (prepare-agent) @ entando-k8s-composite-app-controller ---
[INFO] argLine set to -javaagent:/home/jenkins/.mvnrepository/org/jacoco/org.jacoco.agent/0.8.5/org.jacoco.agent-0.8.5-runtime.jar=destfile=/workspace/source/target/jacoco.e**c
[INFO] 
[INFO] --- maven-resources-plugin:2.6:resources (default-resources) @ entando-k8s-composite-app-controller ---
[INFO] Using 'UTF-8' encoding to copy filtered resources.
[INFO] Copying 3 resources
[INFO] 
[INFO] --- maven-compiler-plugin:3.8.1:compile (default-compile) @ entando-k8s-composite-app-controller ---
[INFO] Changes detected - recompiling the module!
[INFO] Compiling 1 source file to /workspace/source/target/classes
[INFO] 
[INFO] --- maven-resources-plugin:2.6:testResources (default-testResources) @ entando-k8s-composite-app-controller ---
[INFO] Using 'UTF-8' encoding to copy filtered resources.
[INFO] Copying 6 resources
[INFO] 
[INFO] --- maven-compiler-plugin:3.8.1:testCompile (default-testCompile) @ entando-k8s-composite-app-controller ---
[INFO] Changes detected - recompiling the module!
[INFO] Compiling 5 source files to /workspace/source/target/test-classes
[INFO] 
[INFO] --- maven-surefire-plugin:3.0.0-M1:test (default-test) @ entando-k8s-composite-app-controller ---
[INFO] 
[INFO] -------------------------------------------------------
[INFO]  T E S T S
[INFO] -------------------------------------------------------
[INFO] Running org.entando.kubernetes.compositeapp.controller.inprocesstests.CompositeAppControllerMockedTest
Apr 06, 2021 9:11:14 AM okhttp3.mockwebserver.MockWebServer$2 e**cute
INFO: MockWebServer[49120] starting to accept connections
Apr 06, 2021 9:11:14 AM okhttp3.mockwebserver.MockWebServer$3 processOneRequest
INFO: MockWebServer[49120] received request: GET /api/v1/namespaces/entando HTTP/1.1 and responded: HTTP/1.1 404 Client Error
Apr 06, 2021 9:11:15 AM okhttp3.mockwebserver.MockWebServer$3 processOneRequest
INFO: MockWebServer[49120] received request: POST /api/v1/namespaces HTTP/1.1 and responded: HTTP/1.1 202 OK
Apr 06, 2021 9:11:15 AM org.entando.kubernetes.client.KubernetesRestInterceptor invoke
INFO: Entering method loadDockerImageInfoConfigMap in class org.entando.kubernetes.controller.support.client.EntandoResourceClient
Apr 06, 2021 9:11:15 AM okhttp3.mockwebserver.MockWebServer$3 processOneRequest
INFO: MockWebServer[49120] received request: GET /api/v1/namespaces/entando/configmaps/entando-docker-image-info-v6.3 HTTP/1.1 and responded: HTTP/1.1 404 Client Error
Apr 06, 2021 9:11:15 AM org.entando.kubernetes.client.KubernetesRestInterceptor invoke
INFO: Exiting method loadDockerImageInfoConfigMap in class org.entando.kubernetes.controller.support.client.EntandoResourceClient
Apr 06, 2021 9:11:15 AM okhttp3.mockwebserver.MockWebServer$3 processOneRequest
INFO: MockWebServer[49120] received request: GET /api/v1/namespaces/entando/configmaps/entando-docker-image-info-v6.3 HTTP/1.1 and responded: HTTP/1.1 404 Client Error
Apr 06, 2021 9:11:15 AM okhttp3.mockwebserver.MockWebServer$3 processOneRequest
INFO: MockWebServer[49120] received request: POST /api/v1/namespaces/entando/configmaps HTTP/1.1 and responded: HTTP/1.1 202 OK
Apr 06, 2021 9:11:15 AM okhttp3.mockwebserver.MockWebServer$3 processOneRequest
INFO: MockWebServer[49120] received request: GET /api/v1/namespaces/entando/configmaps/entando-docker-image-info-v6.3 HTTP/1.1 and responded: HTTP/1.1 200 OK
Apr 06, 2021 9:11:15 AM okhttp3.mockwebserver.MockWebServer$3 processOneRequest
INFO: MockWebServer[49120] received request: GET /api/v1/namespaces/entando/configmaps/entando-docker-image-info-v6.3 HTTP/1.1 and responded: HTTP/1.1 200 OK
Apr 06, 2021 9:11:15 AM okhttp3.mockwebserver.MockWebServer$3 processOneRequest
INFO: MockWebServer[49120] received request: GET /api/v1/namespaces/entando/configmaps/entando-docker-image-info-v6.3 HTTP/1.1 and responded: HTTP/1.1 200 OK
Apr 06, 2021 9:11:15 AM okhttp3.mockwebserver.MockWebServer$3 processOneRequest
INFO: MockWebServer[49120] received request: PATCH /api/v1/namespaces/entando/configmaps/entando-docker-image-info-v6.3 HTTP/1.1 and responded: HTTP/1.1 202 OK
Apr 06, 2021 9:11:15 AM org.entando.kubernetes.client.KubernetesRestInterceptor invoke
INFO: Entering method createOrPatchEntandoResource in class org.entando.kubernetes.controller.support.client.EntandoResourceClient with EntandoPlugin: entando-k8s-composite-app-controller-carcms34/test-plugin-carcms34
Apr 06, 2021 9:11:15 AM okhttp3.mockwebserver.MockWebServer$3 processOneRequest
INFO: MockWebServer[49120] received request: GET /apis/apiextensions.k8s.io/v1beta1/customresourcedefinitions/entandoplugins.entando.org HTTP/1.1 and responded: HTTP/1.1 404 Client Error
Apr 06, 2021 9:11:16 AM okhttp3.mockwebserver.MockWebServer$3 processOneRequest
INFO: MockWebServer[49120] received request: POST /apis/apiextensions.k8s.io/v1beta1/customresourcedefinitions HTTP/1.1 and responded: HTTP/1.1 202 OK
Apr 06, 2021 9:11:16 AM okhttp3.mockwebserver.MockWebServer$3 processOneRequest
INFO: MockWebServer[49120] received request: GET /api/v1/namespaces/entando-k8s-composite-app-controller-carcms34 HTTP/1.1 and responded: HTTP/1.1 404 Client Error
Apr 06, 2021 9:11:16 AM okhttp3.mockwebserver.MockWebServer$3 processOneRequest
INFO: MockWebServer[49120] received request: GET /apis/entando.org/v1/namespaces/default/entandoplugins HTTP/1.1 and responded: HTTP/1.1 200 OK
Apr 06, 2021 9:11:16 AM okhttp3.mockwebserver.MockWebServer$3 processOneRequest
INFO: MockWebServer[49120] received request: GET /api/v1/namespaces/entando-k8s-composite-app-controller-carcms34 HTTP/1.1 and responded: HTTP/1.1 404 Client Error
Apr 06, 2021 9:11:16 AM okhttp3.mockwebserver.MockWebServer$3 processOneRequest
INFO: MockWebServer[49120] received request: GET /apis/entando.org/v1/namespaces/default/entandoplugins HTTP/1.1 and responded: HTTP/1.1 200 OK
Apr 06, 2021 9:11:16 AM okhttp3.mockwebserver.MockWebServer$3 processOneRequest
INFO: MockWebServer[49120] received request: GET /apis/entando.org/v1/namespaces/entando-k8s-composite-app-controller-carcms34/entandoplugins/test-plugin-carcms34 HTTP/1.1 and responded: HTTP/1.1 404 Client Error
Apr 06, 2021 9:11:16 AM okhttp3.mockwebserver.MockWebServer$3 processOneRequest
INFO: MockWebServer[49120] received request: POST /apis/entando.org/v1/namespaces/entando-k8s-composite-app-controller-carcms34/entandoplugins HTTP/1.1 and responded: HTTP/1.1 202 OK
Apr 06, 2021 9:11:16 AM org.entando.kubernetes.client.KubernetesRestInterceptor invoke
INFO: Exiting method createOrPatchEntandoResource in class org.entando.kubernetes.controller.support.client.EntandoResourceClient
Apr 06, 2021 9:11:16 AM okhttp3.mockwebserver.MockWebServer$3 processOneRequest
INFO: MockWebServer[49120] received request: GET /apis/apiextensions.k8s.io/v1beta1/customresourcedefinitions/entandocompositeapps.entando.org HTTP/1.1 and responded: HTTP/1.1 404 Client Error
Apr 06, 2021 9:11:16 AM okhttp3.mockwebserver.MockWebServer$3 processOneRequest
INFO: MockWebServer[49120] received request: POST /apis/apiextensions.k8s.io/v1beta1/customresourcedefinitions HTTP/1.1 and responded: HTTP/1.1 202 OK
Apr 06, 2021 9:11:16 AM okhttp3.mockwebserver.MockWebServer$3 processOneRequest
INFO: MockWebServer[49120] received request: GET /api/v1/namespaces/entando-k8s-composite-app-controller-carcms34 HTTP/1.1 and responded: HTTP/1.1 404 Client Error
Apr 06, 2021 9:11:17 AM okhttp3.mockwebserver.MockWebServer$3 processOneRequest
INFO: MockWebServer[49120] received request: GET /apis/entando.org/v1/namespaces/default/entandocompositeapps HTTP/1.1 and responded: HTTP/1.1 200 OK
Apr 06, 2021 9:11:17 AM okhttp3.mockwebserver.MockWebServer$3 processOneRequest
INFO: MockWebServer[49120] received request: GET /api/v1/namespaces/entando-k8s-composite-app-controller-carcms34 HTTP/1.1 and responded: HTTP/1.1 404 Client Error
Apr 06, 2021 9:11:17 AM okhttp3.mockwebserver.MockWebServer$3 processOneRequest
INFO: MockWebServer[49120] received request: GET /apis/entando.org/v1/namespaces/default/entandocompositeapps HTTP/1.1 and responded: HTTP/1.1 200 OK
Apr 06, 2021 9:11:17 AM okhttp3.mockwebserver.MockWebServer$3 processOneRequest
INFO: MockWebServer[49120] received request: POST /apis/entando.org/v1/namespaces/entando-k8s-composite-app-controller-carcms34/entandocompositeapps HTTP/1.1 and responded: HTTP/1.1 202 OK
Apr 06, 2021 9:11:17 AM org.entando.kubernetes.client.KubernetesRestInterceptor invoke
INFO: Entering method loadOperatorConfig in class org.entando.kubernetes.controller.support.client.EntandoResourceClient
Apr 06, 2021 9:11:17 AM okhttp3.mockwebserver.MockWebServer$3 processOneRequest
INFO: MockWebServer[49120] received request: GET /api/v1/namespaces/entando-k8s-composite-app-controller-carcms34/configmaps/entando-operator-config HTTP/1.1 and responded: HTTP/1.1 404 Client Error
Apr 06, 2021 9:11:17 AM org.entando.kubernetes.client.KubernetesRestInterceptor invoke
INFO: Exiting method loadOperatorConfig in class org.entando.kubernetes.controller.support.client.EntandoResourceClient
Apr 06, 2021 9:11:17 AM org.entando.kubernetes.client.KubernetesRestInterceptor invoke
INFO: Entering method load in class org.entando.kubernetes.controller.support.client.EntandoResourceClient with class org.entando.kubernetes.model.compositeapp.EntandoCompositeApp,entando-k8s-composite-app-controller-carcms34,my-app-carcms34
Apr 06, 2021 9:11:17 AM org.entando.kubernetes.client.KubernetesRestInterceptor invoke
INFO: Entering method getPodWatcherQueue in class org.entando.kubernetes.controller.support.client.PodWaitingClient
Apr 06, 2021 9:11:17 AM org.entando.kubernetes.client.KubernetesRestInterceptor invoke
INFO: Exiting method getPodWatcherQueue in class org.entando.kubernetes.controller.support.client.PodWaitingClient
Apr 06, 2021 9:11:17 AM okhttp3.mockwebserver.MockWebServer$3 processOneRequest
INFO: MockWebServer[49120] received request: GET /api/v1/namespaces/entando-k8s-composite-app-controller-carcms34 HTTP/1.1 and responded: HTTP/1.1 404 Client Error
Apr 06, 2021 9:11:17 AM okhttp3.mockwebserver.MockWebServer$3 processOneRequest
INFO: MockWebServer[49120] received request: GET /apis/entando.org/v1/namespaces/default/entandocompositeapps HTTP/1.1 and responded: HTTP/1.1 200 OK
Apr 06, 2021 9:11:17 AM okhttp3.mockwebserver.MockWebServer$3 processOneRequest
INFO: MockWebServer[49120] received request: GET /api/v1/namespaces/entando-k8s-composite-app-controller-carcms34 HTTP/1.1 and responded: HTTP/1.1 404 Client Error
Apr 06, 2021 9:11:17 AM okhttp3.mockwebserver.MockWebServer$3 processOneRequest
INFO: MockWebServer[49120] received request: GET /apis/entando.org/v1/namespaces/default/entandocompositeapps HTTP/1.1 and responded: HTTP/1.1 200 OK
Apr 06, 2021 9:11:17 AM okhttp3.mockwebserver.MockWebServer$3 processOneRequest
INFO: MockWebServer[49120] received request: GET /apis/entando.org/v1/namespaces/entando-k8s-composite-app-controller-carcms34/entandocompositeapps/my-app-carcms34 HTTP/1.1 and responded: HTTP/1.1 200 OK
Apr 06, 2021 9:11:17 AM org.entando.kubernetes.client.KubernetesRestInterceptor invoke
INFO: Exiting method load in class org.entando.kubernetes.controller.support.client.EntandoResourceClient
Apr 06, 2021 9:11:17 AM org.entando.kubernetes.client.KubernetesRestInterceptor invoke
INFO: Entering method updatePhase in class org.entando.kubernetes.controller.support.client.EntandoResourceClient with EntandoCompositeApp: entando-k8s-composite-app-controller-carcms34/my-app-carcms34
Apr 06, 2021 9:11:18 AM okhttp3.mockwebserver.MockWebServer$3 processOneRequest
INFO: MockWebServer[49120] received request: POST /api/v1/namespaces/entando-k8s-composite-app-controller-carcms34/events HTTP/1.1 and responded: HTTP/1.1 202 OK
Apr 06, 2021 9:11:18 AM okhttp3.mockwebserver.MockWebServer$3 processOneRequest
INFO: MockWebServer[49120] received request: GET /apis/entando.org/v1/namespaces/entando-k8s-composite-app-controller-carcms34/entandocompositeapps/my-app-carcms34 HTTP/1.1 and responded: HTTP/1.1 200 OK
Apr 06, 2021 9:11:18 AM okhttp3.mockwebserver.MockWebServer$3 processOneRequest
INFO: MockWebServer[49120] received request: PUT /apis/entando.org/v1/namespaces/entando-k8s-composite-app-controller-carcms34/entandocompositeapps/my-app-carcms34/status HTTP/1.1 and responded: HTTP/1.1 202 OK
Apr 06, 2021 9:11:18 AM org.entando.kubernetes.client.KubernetesRestInterceptor invoke
INFO: Exiting method updatePhase in class org.entando.kubernetes.controller.support.client.EntandoResourceClient
Apr 06, 2021 9:11:18 AM org.entando.kubernetes.client.KubernetesRestInterceptor invoke
INFO: Entering method loadDockerImageInfoConfigMap in class org.entando.kubernetes.controller.support.client.EntandoResourceClient
Apr 06, 2021 9:11:18 AM okhttp3.mockwebserver.MockWebServer$3 processOneRequest
INFO: MockWebServer[49120] received request: GET /api/v1/namespaces/entando/configmaps/entando-docker-image-info-v6.3 HTTP/1.1 and responded: HTTP/1.1 200 OK
Apr 06, 2021 9:11:18 AM org.entando.kubernetes.client.KubernetesRestInterceptor invoke
INFO: Exiting method loadDockerImageInfoConfigMap in class org.entando.kubernetes.controller.support.client.EntandoResourceClient
Apr 06, 2021 9:11:18 AM org.entando.kubernetes.client.KubernetesRestInterceptor invoke
INFO: Entering method createOrPatchEntandoResource in class org.entando.kubernetes.controller.support.client.EntandoResourceClient with EntandoKeycloakServer: entando-k8s-composite-app-controller-carcms34/test-keycloak-carcms34
Apr 06, 2021 9:11:18 AM okhttp3.mockwebserver.MockWebServer$3 processOneRequest
INFO: MockWebServer[49120] received request: GET /apis/apiextensions.k8s.io/v1beta1/customresourcedefinitions/entandokeycloakservers.entando.org HTTP/1.1 and responded: HTTP/1.1 404 Client Error
Apr 06, 2021 9:11:18 AM okhttp3.mockwebserver.MockWebServer$3 processOneRequest
INFO: MockWebServer[49120] received request: POST /apis/apiextensions.k8s.io/v1beta1/customresourcedefinitions HTTP/1.1 and responded: HTTP/1.1 202 OK
Apr 06, 2021 9:11:18 AM okhttp3.mockwebserver.MockWebServer$3 processOneRequest
INFO: MockWebServer[49120] received request: GET /api/v1/namespaces/entando-k8s-composite-app-controller-carcms34 HTTP/1.1 and responded: HTTP/1.1 404 Client Error
Apr 06, 2021 9:11:18 AM okhttp3.mockwebserver.MockWebServer$3 processOneRequest
INFO: MockWebServer[49120] received request: GET /apis/entando.org/v1/namespaces/default/entandokeycloakservers HTTP/1.1 and responded: HTTP/1.1 200 OK
Apr 06, 2021 9:11:18 AM okhttp3.mockwebserver.MockWebServer$3 processOneRequest
INFO: MockWebServer[49120] received request: GET /api/v1/namespaces/entando-k8s-composite-app-controller-carcms34 HTTP/1.1 and responded: HTTP/1.1 404 Client Error
Apr 06, 2021 9:11:18 AM okhttp3.mockwebserver.MockWebServer$3 processOneRequest
INFO: MockWebServer[49120] received request: GET /apis/entando.org/v1/namespaces/default/entandokeycloakservers HTTP/1.1 and responded: HTTP/1.1 200 OK
Apr 06, 2021 9:11:18 AM okhttp3.mockwebserver.MockWebServer$3 processOneRequest
INFO: MockWebServer[49120] received request: GET /apis/entando.org/v1/namespaces/entando-k8s-composite-app-controller-carcms34/entandokeycloakservers/test-keycloak-carcms34 HTTP/1.1 and responded: HTTP/1.1 404 Client Error
Apr 06, 2021 9:11:19 AM okhttp3.mockwebserver.MockWebServer$3 processOneRequest
INFO: MockWebServer[49120] received request: POST /apis/entando.org/v1/namespaces/entando-k8s-composite-app-controller-carcms34/entandokeycloakservers HTTP/1.1 and responded: HTTP/1.1 202 OK
Apr 06, 2021 9:11:19 AM org.entando.kubernetes.client.KubernetesRestInterceptor invoke
INFO: Exiting method createOrPatchEntandoResource in class org.entando.kubernetes.controller.support.client.EntandoResourceClient
Apr 06, 2021 9:11:19 AM org.entando.kubernetes.client.KubernetesRestInterceptor invoke
INFO: Entering method removeAndWait in class org.entando.kubernetes.controller.support.client.PodClient with entando-k8s-composite-app-controller-carcms34,{EntandoKeycloakServer=test-keycloak-carcms34, EntandoResourceNamespace=entando-k8s-composite-app-controller-carcms34, EntandoResourceKind=EntandoKeycloakServer}
Apr 06, 2021 9:11:19 AM okhttp3.mockwebserver.MockWebServer$3 processOneRequest
INFO: MockWebServer[49120] received request: GET /api/v1/namespaces/entando-k8s-composite-app-controller-carcms34/pods?labelSelector=EntandoResourceNamespace%3Dentando-k8s-composite-app-controller-carcms34%2CEntandoResourceKind%3DEntandoKeycloakServer%2CEntandoKeycloakServer%3Dtest-keycloak-carcms34 HTTP/1.1 and responded: HTTP/1.1 200 OK
Apr 06, 2021 9:11:19 AM org.entando.kubernetes.client.KubernetesRestInterceptor invoke
INFO: Entering method getPodWatcherQueue in class org.entando.kubernetes.controller.support.client.PodWaitingClient
Apr 06, 2021 9:11:19 AM org.entando.kubernetes.client.KubernetesRestInterceptor invoke
INFO: Exiting method getPodWatcherQueue in class org.entando.kubernetes.controller.support.client.PodWaitingClient
Apr 06, 2021 9:11:19 AM okhttp3.mockwebserver.MockWebServer$3 processOneRequest
INFO: MockWebServer[49120] received request: GET /api/v1/namespaces/entando-k8s-composite-app-controller-carcms34/pods?labelSelector=EntandoResourceNamespace%3Dentando-k8s-composite-app-controller-carcms34%2CEntandoResourceKind%3DEntandoKeycloakServer%2CEntandoKeycloakServer%3Dtest-keycloak-carcms34&watch=**** HTTP/1.1 and responded: HTTP/1.1 200 OK
Apr 06, 2021 9:11:19 AM okhttp3.mockwebserver.MockWebServer$3 processOneRequest
INFO: MockWebServer[49120] received request: GET /api/v1/namespaces/entando-k8s-composite-app-controller-carcms34/pods?labelSelector=EntandoResourceNamespace%3Dentando-k8s-composite-app-controller-carcms34%2CEntandoResourceKind%3DEntandoKeycloakServer%2CEntandoKeycloakServer%3Dtest-keycloak-carcms34&watch=**** HTTP/1.1 and responded: HTTP/1.1 200 OK
Apr 06, 2021 9:11:19 AM okhttp3.mockwebserver.MockWebServer$3 processOneRequest
INFO: MockWebServer[49120] received request: GET /api/v1/namespaces/entando-k8s-composite-app-controller-carcms34/pods?labelSelector=EntandoResourceNamespace%3Dentando-k8s-composite-app-controller-carcms34%2CEntandoResourceKind%3DEntandoKeycloakServer%2CEntandoKeycloakServer%3Dtest-keycloak-carcms34 HTTP/1.1 and responded: HTTP/1.1 200 OK
Apr 06, 2021 9:11:19 AM io.fabric8.kubernetes.client.dsl.internal.WatchHTTPManager$1 onResponse
INFO: Watch terminated unexpectedly. reason: \n not found: limit=46 content=7b2261706956657273696f6e223a227631222c226b696e64223a224c69737422â€¦
Apr 06, 2021 9:11:19 AM okhttp3.mockwebserver.MockWebServer$3 processOneRequest
INFO: MockWebServer[49120] received request: GET /api/v1/namespaces/entando-k8s-composite-app-controller-carcms34/pods?labelSelector=EntandoResourceNamespace%3Dentando-k8s-composite-app-controller-carcms34%2CEntandoResourceKind%3DEntandoKeycloakServer%2CEntandoKeycloakServer%3Dtest-keycloak-carcms34 HTTP/1.1 and responded: HTTP/1.1 200 OK
Apr 06, 2021 9:11:20 AM org.entando.kubernetes.client.KubernetesRestInterceptor invoke
INFO: Exiting method removeAndWait in class org.entando.kubernetes.controller.support.client.PodClient
Apr 06, 2021 9:11:20 AM okhttp3.mockwebserver.MockWebServer$3 processOneRequest
INFO: MockWebServer[49120] received request: GET /api/v1/namespaces/entando-k8s-composite-app-controller-carcms34/pods?labelSelector=EntandoResourceNamespace%3Dentando-k8s-composite-app-controller-carcms34%2CEntandoResourceKind%3DEntandoKeycloakServer%2CEntandoKeycloakServer%3Dtest-keycloak-carcms34&watch=**** HTTP/1.1 and responded: HTTP/1.1 200 OK
Apr 06, 2021 9:11:20 AM io.fabric8.kubernetes.client.dsl.internal.WatchHTTPManager$1 onResponse
INFO: Watch terminated unexpectedly. reason: \n not found: limit=46 content=7b2261706956657273696f6e223a227631222c226b696e64223a224c69737422â€¦
Apr 06, 2021 9:11:20 AM io.fabric8.kubernetes.client.dsl.internal.WatchHTTPManager scheduleReconnect
WARN: Ignoring error for already closed/closing connection
Apr 06, 2021 9:11:20 AM org.entando.kubernetes.client.KubernetesRestInterceptor invoke
INFO: Entering method runToCompletion in class org.entando.kubernetes.controller.support.client.PodClient with Pod: entando-k8s-composite-app-controller-carcms34/test-keycloak-carcms34-deployer-6305
Apr 06, 2021 9:11:20 AM okhttp3.mockwebserver.MockWebServer$3 processOneRequest
INFO: MockWebServer[49120] received request: POST /api/v1/namespaces/entando-k8s-composite-app-controller-carcms34/pods HTTP/1.1 and responded: HTTP/1.1 202 OK
Apr 06, 2021 9:11:20 AM org.entando.kubernetes.client.KubernetesRestInterceptor invoke
INFO: Entering method loadPod in class org.entando.kubernetes.controller.support.client.PodClient with entando-k8s-composite-app-controller-carcms34,[Ljava.lang.String;@4cda7eb3
Apr 06, 2021 9:11:20 AM okhttp3.mockwebserver.MockWebServer$3 processOneRequest
INFO: MockWebServer[49120] received request: GET /api/v1/namespaces/entando-k8s-composite-app-controller-carcms34/pods?fieldSelector=metadata.name%3Dtest-keycloak-carcms34-deployer-6305&watch=**** HTTP/1.1 and responded: HTTP/1.1 200 OK
Apr 06, 2021 9:11:20 AM org.entando.kubernetes.client.KubernetesRestInterceptor invoke
INFO: Exiting method loadPod in class org.entando.kubernetes.controller.support.client.PodClient
Apr 06, 2021 9:11:20 AM okhttp3.mockwebserver.MockWebServer$3 processOneRequest
INFO: MockWebServer[49120] received request: GET /api/v1/namespaces/entando-k8s-composite-app-controller-carcms34/pods?labelSelector=EntandoKeycloakServer%3Dtest-keycloak-carcms34 HTTP/1.1 and responded: HTTP/1.1 200 OK
Apr 06, 2021 9:11:20 AM okhttp3.mockwebserver.MockWebServer$3 processOneRequest
INFO: MockWebServer[49120] received request: GET /api/v1/namespaces/entando-k8s-composite-app-controller-carcms34/pods/test-keycloak-carcms34-deployer-6305 HTTP/1.1 and responded: HTTP/1.1 200 OK
Apr 06, 2021 9:11:20 AM okhttp3.mockwebserver.MockWebServer$3 processOneRequest
INFO: MockWebServer[49120] received request: GET /api/v1/namespaces/entando-k8s-composite-app-controller-carcms34/pods?fieldSelector=metadata.name%3Dtest-keycloak-carcms34-deployer-6305&watch=**** HTTP/1.1 and responded: HTTP/1.1 200 OK
Apr 06, 2021 9:11:20 AM io.fabric8.kubernetes.client.dsl.internal.WatchHTTPManager$1 onResponse
INFO: Watch terminated unexpectedly. reason: \n not found: limit=2453 content=7b2261706956657273696f6e223a227631222c226b696e64223a224c69737422â€¦
Apr 06, 2021 9:11:20 AM okhttp3.mockwebserver.MockWebServer$3 processOneRequest
INFO: MockWebServer[49120] received request: PATCH /api/v1/namespaces/entando-k8s-composite-app-controller-carcms34/pods/test-keycloak-carcms34-deployer-6305 HTTP/1.1 and responded: HTTP/1.1 202 OK
Apr 06, 2021 9:11:20 AM org.entando.kubernetes.client.KubernetesRestInterceptor invoke
INFO: Entering method getPodWatcherQueue in class org.entando.kubernetes.controller.support.client.PodWaitingClient
Apr 06, 2021 9:11:20 AM org.entando.kubernetes.client.KubernetesRestInterceptor invoke
INFO: Exiting method getPodWatcherQueue in class org.entando.kubernetes.controller.support.client.PodWaitingClient
Apr 06, 2021 9:11:21 AM org.entando.kubernetes.client.KubernetesRestInterceptor invoke
INFO: Exiting method runToCompletion in class org.entando.kubernetes.controller.support.client.PodClient
Apr 06, 2021 9:11:21 AM org.entando.kubernetes.client.KubernetesRestInterceptor invoke
INFO: Entering method updateStatus in class org.entando.kubernetes.controller.support.client.EntandoResourceClient with EntandoCompositeApp: entando-k8s-composite-app-controller-carcms34/my-app-carcms34
Apr 06, 2021 9:11:21 AM io.fabric8.kubernetes.client.dsl.internal.WatchHTTPManager$1 onResponse
INFO: Watch terminated unexpectedly. reason: \n not found: limit=2637 content=7b2261706956657273696f6e223a227631222c226b696e64223a224c69737422â€¦
Apr 06, 2021 9:11:21 AM io.fabric8.kubernetes.client.dsl.internal.WatchHTTPManager scheduleReconnect
WARN: Ignoring error for already closed/closing connection
Apr 06, 2021 9:11:21 AM okhttp3.mockwebserver.MockWebServer$3 processOneRequest
INFO: MockWebServer[49120] received request: GET /api/v1/namespaces/entando-k8s-composite-app-controller-carcms34/pods?fieldSelector=metadata.name%3Dtest-keycloak-carcms34-deployer-6305&watch=**** HTTP/1.1 and responded: HTTP/1.1 200 OK
Apr 06, 2021 9:11:21 AM okhttp3.mockwebserver.MockWebServer$3 processOneRequest
INFO: MockWebServer[49120] received request: POST /api/v1/namespaces/entando-k8s-composite-app-controller-carcms34/events HTTP/1.1 and responded: HTTP/1.1 202 OK
Apr 06, 2021 9:11:22 AM okhttp3.mockwebserver.MockWebServer$3 processOneRequest
INFO: MockWebServer[49120] received request: GET /apis/entando.org/v1/namespaces/entando-k8s-composite-app-controller-carcms34/entandocompositeapps/my-app-carcms34 HTTP/1.1 and responded: HTTP/1.1 200 OK
Apr 06, 2021 9:11:22 AM okhttp3.mockwebserver.MockWebServer$3 processOneRequest
INFO: MockWebServer[49120] received request: PUT /apis/entando.org/v1/namespaces/entando-k8s-composite-app-controller-carcms34/entandocompositeapps/my-app-carcms34/status HTTP/1.1 and responded: HTTP/1.1 202 OK
Apr 06, 2021 9:11:22 AM org.entando.kubernetes.client.KubernetesRestInterceptor invoke
INFO: Exiting method updateStatus in class org.entando.kubernetes.controller.support.client.EntandoResourceClient
Apr 06, 2021 9:11:22 AM org.entando.kubernetes.client.KubernetesRestInterceptor invoke
INFO: Entering method load in class org.entando.kubernetes.controller.support.client.EntandoResourceClient with class org.entando.kubernetes.model.plugin.EntandoPlugin,entando-k8s-composite-app-controller-carcms34,test-plugin-carcms34
Apr 06, 2021 9:11:22 AM okhttp3.mockwebserver.MockWebServer$3 processOneRequest
INFO: MockWebServer[49120] received request: GET /apis/entando.org/v1/namespaces/entando-k8s-composite-app-controller-carcms34/entandoplugins/test-plugin-carcms34 HTTP/1.1 and responded: HTTP/1.1 200 OK
Apr 06, 2021 9:11:22 AM org.entando.kubernetes.client.KubernetesRestInterceptor invoke
INFO: Exiting method load in class org.entando.kubernetes.controller.support.client.EntandoResourceClient
Apr 06, 2021 9:11:22 AM org.entando.kubernetes.client.KubernetesRestInterceptor invoke
INFO: Entering method createOrPatchEntandoResource in class org.entando.kubernetes.controller.support.client.EntandoResourceClient with EntandoPlugin: entando-k8s-composite-app-controller-carcms34/test-plugin-carcms34
Apr 06, 2021 9:11:22 AM okhttp3.mockwebserver.MockWebServer$3 processOneRequest
INFO: MockWebServer[49120] received request: GET /apis/entando.org/v1/namespaces/entando-k8s-composite-app-controller-carcms34/entandoplugins/test-plugin-carcms34 HTTP/1.1 and responded: HTTP/1.1 200 OK
Apr 06, 2021 9:11:22 AM okhttp3.mockwebserver.MockWebServer$3 processOneRequest
INFO: MockWebServer[49120] received request: GET /apis/entando.org/v1/namespaces/entando-k8s-composite-app-controller-carcms34/entandoplugins/test-plugin-carcms34 HTTP/1.1 and responded: HTTP/1.1 200 OK
Apr 06, 2021 9:11:22 AM okhttp3.mockwebserver.MockWebServer$3 processOneRequest
INFO: MockWebServer[49120] received request: PATCH /apis/entando.org/v1/namespaces/entando-k8s-composite-app-controller-carcms34/entandoplugins/test-plugin-carcms34 HTTP/1.1 and responded: HTTP/1.1 202 OK
Apr 06, 2021 9:11:22 AM org.entando.kubernetes.client.KubernetesRestInterceptor invoke
INFO: Exiting method createOrPatchEntandoResource in class org.entando.kubernetes.controller.support.client.EntandoResourceClient
Apr 06, 2021 9:11:22 AM org.entando.kubernetes.client.KubernetesRestInterceptor invoke
INFO: Entering method removeAndWait in class org.entando.kubernetes.controller.support.client.PodClient with entando-k8s-composite-app-controller-carcms34,{EntandoPlugin=test-plugin-carcms34, EntandoResourceNamespace=entando-k8s-composite-app-controller-carcms34, EntandoResourceKind=EntandoPlugin}
Apr 06, 2021 9:11:22 AM okhttp3.mockwebserver.MockWebServer$3 processOneRequest
INFO: MockWebServer[49120] received request: GET /api/v1/namespaces/entando-k8s-composite-app-controller-carcms34/pods?labelSelector=EntandoPlugin%3Dtest-plugin-carcms34%2CEntandoResourceNamespace%3Dentando-k8s-composite-app-controller-carcms34%2CEntandoResourceKind%3DEntandoPlugin HTTP/1.1 and responded: HTTP/1.1 200 OK
Apr 06, 2021 9:11:22 AM org.entando.kubernetes.client.KubernetesRestInterceptor invoke
INFO: Entering method getPodWatcherQueue in class org.entando.kubernetes.controller.support.client.PodWaitingClient
Apr 06, 2021 9:11:22 AM org.entando.kubernetes.client.KubernetesRestInterceptor invoke
INFO: Exiting method getPodWatcherQueue in class org.entando.kubernetes.controller.support.client.PodWaitingClient
Apr 06, 2021 9:11:22 AM okhttp3.mockwebserver.MockWebServer$3 processOneRequest
INFO: MockWebServer[49120] received request: GET /api/v1/namespaces/entando-k8s-composite-app-controller-carcms34/pods?labelSelector=EntandoPlugin%3Dtest-plugin-carcms34%2CEntandoResourceNamespace%3Dentando-k8s-composite-app-controller-carcms34%2CEntandoResourceKind%3DEntandoPlugin&watch=**** HTTP/1.1 and responded: HTTP/1.1 200 OK
Apr 06, 2021 9:11:22 AM okhttp3.mockwebserver.MockWebServer$3 processOneRequest
INFO: MockWebServer[49120] received request: GET /api/v1/namespaces/entando-k8s-composite-app-controller-carcms34/pods?labelSelector=EntandoPlugin%3Dtest-plugin-carcms34%2CEntandoResourceNamespace%3Dentando-k8s-composite-app-controller-carcms34%2CEntandoResourceKind%3DEntandoPlugin HTTP/1.1 and responded: HTTP/1.1 200 OK
Apr 06, 2021 9:11:22 AM okhttp3.mockwebserver.MockWebServer$3 processOneRequest
INFO: MockWebServer[49120] received request: GET /api/v1/namespaces/entando-k8s-composite-app-controller-carcms34/pods?labelSelector=EntandoPlugin%3Dtest-plugin-carcms34%2CEntandoResourceNamespace%3Dentando-k8s-composite-app-controller-carcms34%2CEntandoResourceKind%3DEntandoPlugin&watch=**** HTTP/1.1 and responded: HTTP/1.1 200 OK
Apr 06, 2021 9:11:22 AM io.fabric8.kubernetes.client.dsl.internal.WatchHTTPManager$1 onResponse
INFO: Watch terminated unexpectedly. reason: \n not found: limit=46 content=7b2261706956657273696f6e223a227631222c226b696e64223a224c69737422â€¦
Apr 06, 2021 9:11:22 AM okhttp3.mockwebserver.MockWebServer$3 processOneRequest
INFO: MockWebServer[49120] received request: GET /api/v1/namespaces/entando-k8s-composite-app-controller-carcms34/pods?labelSelector=EntandoPlugin%3Dtest-plugin-carcms34%2CEntandoResourceNamespace%3Dentando-k8s-composite-app-controller-carcms34%2CEntandoResourceKind%3DEntandoPlugin HTTP/1.1 and responded: HTTP/1.1 200 OK
Apr 06, 2021 9:11:23 AM org.entando.kubernetes.client.KubernetesRestInterceptor invoke
INFO: Exiting method removeAndWait in class org.entando.kubernetes.controller.support.client.PodClient
Apr 06, 2021 9:11:23 AM org.entando.kubernetes.client.KubernetesRestInterceptor invoke
INFO: Entering method runToCompletion in class org.entando.kubernetes.controller.support.client.PodClient with Pod: entando-k8s-composite-app-controller-carcms34/test-plugin-carcms34-deployer-4900
Apr 06, 2021 9:11:23 AM io.fabric8.kubernetes.client.dsl.internal.WatchHTTPManager$1 onResponse
INFO: Watch terminated unexpectedly. reason: \n not found: limit=46 content=7b2261706956657273696f6e223a227631222c226b696e64223a224c69737422â€¦
Apr 06, 2021 9:11:23 AM io.fabric8.kubernetes.client.dsl.internal.WatchHTTPManager scheduleReconnect
WARN: Ignoring error for already closed/closing connection
Apr 06, 2021 9:11:23 AM okhttp3.mockwebserver.MockWebServer$3 processOneRequest
INFO: MockWebServer[49120] received request: GET /api/v1/namespaces/entando-k8s-composite-app-controller-carcms34/pods?labelSelector=EntandoPlugin%3Dtest-plugin-carcms34%2CEntandoResourceNamespace%3Dentando-k8s-composite-app-controller-carcms34%2CEntandoResourceKind%3DEntandoPlugin&watch=**** HTTP/1.1 and responded: HTTP/1.1 200 OK
Apr 06, 2021 9:11:23 AM okhttp3.mockwebserver.MockWebServer$3 processOneRequest
INFO: MockWebServer[49120] received request: POST /api/v1/namespaces/entando-k8s-composite-app-controller-carcms34/pods HTTP/1.1 and responded: HTTP/1.1 202 OK
Apr 06, 2021 9:11:23 AM org.entando.kubernetes.client.KubernetesRestInterceptor invoke
INFO: Entering method loadPod in class org.entando.kubernetes.controller.support.client.PodClient with entando-k8s-composite-app-controller-carcms34,[Ljava.lang.String;@5de23d16
Apr 06, 2021 9:11:23 AM okhttp3.mockwebserver.MockWebServer$3 processOneRequest
INFO: MockWebServer[49120] received request: GET /api/v1/namespaces/entando-k8s-composite-app-controller-carcms34/pods?labelSelector=EntandoPlugin%3Dtest-plugin-carcms34 HTTP/1.1 and responded: HTTP/1.1 200 OK
Apr 06, 2021 9:11:23 AM okhttp3.mockwebserver.MockWebServer$3 processOneRequest
INFO: MockWebServer[49120] received request: GET /api/v1/namespaces/entando-k8s-composite-app-controller-carcms34/pods?fieldSelector=metadata.name%3Dtest-plugin-carcms34-deployer-4900&watch=**** HTTP/1.1 and responded: HTTP/1.1 200 OK
Apr 06, 2021 9:11:23 AM org.entando.kubernetes.client.KubernetesRestInterceptor invoke
INFO: Exiting method loadPod in class org.entando.kubernetes.controller.support.client.PodClient
Apr 06, 2021 9:11:24 AM okhttp3.mockwebserver.MockWebServer$3 processOneRequest
INFO: MockWebServer[49120] received request: GET /api/v1/namespaces/entando-k8s-composite-app-controller-carcms34/pods/test-plugin-carcms34-deployer-4900 HTTP/1.1 and responded: HTTP/1.1 200 OK
Apr 06, 2021 9:11:24 AM okhttp3.mockwebserver.MockWebServer$3 processOneRequest
INFO: MockWebServer[49120] received request: GET /api/v1/namespaces/entando-k8s-composite-app-controller-carcms34/pods?fieldSelector=metadata.name%3Dtest-plugin-carcms34-deployer-4900&watch=**** HTTP/1.1 and responded: HTTP/1.1 200 OK
Apr 06, 2021 9:11:24 AM io.fabric8.kubernetes.client.dsl.internal.WatchHTTPManager$1 onResponse
INFO: Watch terminated unexpectedly. reason: \n not found: limit=5021 content=7b2261706956657273696f6e223a227631222c226b696e64223a224c69737422â€¦
Apr 06, 2021 9:11:24 AM okhttp3.mockwebserver.MockWebServer$3 processOneRequest
INFO: MockWebServer[49120] received request: PATCH /api/v1/namespaces/entando-k8s-composite-app-controller-carcms34/pods/test-plugin-carcms34-deployer-4900 HTTP/1.1 and responded: HTTP/1.1 202 OK
Apr 06, 2021 9:11:25 AM org.entando.kubernetes.client.KubernetesRestInterceptor invoke
INFO: Exiting method runToCompletion in class org.entando.kubernetes.controller.support.client.PodClient
Apr 06, 2021 9:11:25 AM org.entando.kubernetes.client.KubernetesRestInterceptor invoke
INFO: Entering method updateStatus in class org.entando.kubernetes.controller.support.client.EntandoResourceClient with EntandoCompositeApp: entando-k8s-composite-app-controller-carcms34/my-app-carcms34
Apr 06, 2021 9:11:25 AM io.fabric8.kubernetes.client.dsl.internal.WatchHTTPManager$1 onResponse
INFO: Watch terminated unexpectedly. reason: \n not found: limit=5205 content=7b2261706956657273696f6e223a227631222c226b696e64223a224c69737422â€¦
Apr 06, 2021 9:11:25 AM io.fabric8.kubernetes.client.dsl.internal.WatchHTTPManager scheduleReconnect
WARN: Ignoring error for already closed/closing connection
Apr 06, 2021 9:11:25 AM okhttp3.mockwebserver.MockWebServer$3 processOneRequest
INFO: MockWebServer[49120] received request: GET /api/v1/namespaces/entando-k8s-composite-app-controller-carcms34/pods?fieldSelector=metadata.name%3Dtest-plugin-carcms34-deployer-4900&watch=**** HTTP/1.1 and responded: HTTP/1.1 200 OK
Apr 06, 2021 9:11:25 AM okhttp3.mockwebserver.MockWebServer$3 processOneRequest
INFO: MockWebServer[49120] received request: POST /api/v1/namespaces/entando-k8s-composite-app-controller-carcms34/events HTTP/1.1 and responded: HTTP/1.1 202 OK
Apr 06, 2021 9:11:25 AM okhttp3.mockwebserver.MockWebServer$3 processOneRequest
INFO: MockWebServer[49120] received request: GET /apis/entando.org/v1/namespaces/entando-k8s-composite-app-controller-carcms34/entandocompositeapps/my-app-carcms34 HTTP/1.1 and responded: HTTP/1.1 200 OK
Apr 06, 2021 9:11:25 AM okhttp3.mockwebserver.MockWebServer$3 processOneRequest
INFO: MockWebServer[49120] received request: PUT /apis/entando.org/v1/namespaces/entando-k8s-composite-app-controller-carcms34/entandocompositeapps/my-app-carcms34/status HTTP/1.1 and responded: HTTP/1.1 202 OK
Apr 06, 2021 9:11:25 AM org.entando.kubernetes.client.KubernetesRestInterceptor invoke
INFO: Exiting method updateStatus in class org.entando.kubernetes.controller.support.client.EntandoResourceClient
Apr 06, 2021 9:11:25 AM org.entando.kubernetes.client.KubernetesRestInterceptor invoke
INFO: Entering method updatePhase in class org.entando.kubernetes.controller.support.client.EntandoResourceClient with EntandoCompositeApp: entando-k8s-composite-app-controller-carcms34/my-app-carcms34
Apr 06, 2021 9:11:25 AM okhttp3.mockwebserver.MockWebServer$3 processOneRequest
INFO: MockWebServer[49120] received request: POST /api/v1/namespaces/entando-k8s-composite-app-controller-carcms34/events HTTP/1.1 and responded: HTTP/1.1 202 OK
Apr 06, 2021 9:11:25 AM okhttp3.mockwebserver.MockWebServer$3 processOneRequest
INFO: MockWebServer[49120] received request: GET /apis/entando.org/v1/namespaces/entando-k8s-composite-app-controller-carcms34/entandocompositeapps/my-app-carcms34 HTTP/1.1 and responded: HTTP/1.1 200 OK
Apr 06, 2021 9:11:25 AM okhttp3.mockwebserver.MockWebServer$3 processOneRequest
INFO: MockWebServer[49120] received request: PUT /apis/entando.org/v1/namespaces/entando-k8s-composite-app-controller-carcms34/entandocompositeapps/my-app-carcms34/status HTTP/1.1 and responded: HTTP/1.1 202 OK
Apr 06, 2021 9:11:25 AM org.entando.kubernetes.client.KubernetesRestInterceptor invoke
INFO: Exiting method updatePhase in class org.entando.kubernetes.controller.support.client.EntandoResourceClient
Apr 06, 2021 9:11:25 AM okhttp3.mockwebserver.MockWebServer$3 processOneRequest
INFO: MockWebServer[49120] received request: GET /api/v1/namespaces/entando-k8s-composite-app-controller-carcms34/pods?labelSelector=EntandoResourceKind%3DEntandoKeycloakServer%2CEntandoKeycloakServer%3Dtest-keycloak-carcms34 HTTP/1.1 and responded: HTTP/1.1 200 OK
Apr 06, 2021 9:11:25 AM okhttp3.mockwebserver.MockWebServer$3 processOneRequest
INFO: MockWebServer[49120] received request: GET /api/v1/namespaces/entando-k8s-composite-app-controller-carcms34/pods?labelSelector=EntandoResourceKind%3DEntandoKeycloakServer%2CEntandoKeycloakServer%3Dtest-keycloak-carcms34 HTTP/1.1 and responded: HTTP/1.1 200 OK
Apr 06, 2021 9:11:25 AM okhttp3.mockwebserver.MockWebServer$3 processOneRequest
INFO: MockWebServer[49120] received request: GET /api/v1/namespaces/entando-k8s-composite-app-controller-carcms34 HTTP/1.1 and responded: HTTP/1.1 404 Client Error
Apr 06, 2021 9:11:25 AM okhttp3.mockwebserver.MockWebServer$3 processOneRequest
INFO: MockWebServer[49120] received request: GET /apis/entando.org/v1/namespaces/default/entandokeycloakservers HTTP/1.1 and responded: HTTP/1.1 200 OK
Apr 06, 2021 9:11:26 AM okhttp3.mockwebserver.MockWebServer$3 processOneRequest
INFO: MockWebServer[49120] received request: GET /api/v1/namespaces/entando-k8s-composite-app-controller-carcms34 HTTP/1.1 and responded: HTTP/1.1 404 Client Error
Apr 06, 2021 9:11:26 AM okhttp3.mockwebserver.MockWebServer$3 processOneRequest
INFO: MockWebServer[49120] received request: GET /apis/entando.org/v1/namespaces/default/entandokeycloakservers HTTP/1.1 and responded: HTTP/1.1 200 OK
Apr 06, 2021 9:11:26 AM okhttp3.mockwebserver.MockWebServer$3 processOneRequest
INFO: MockWebServer[49120] received request: GET /apis/entando.org/v1/namespaces/entando-k8s-composite-app-controller-carcms34/entandokeycloakservers/test-keycloak-carcms34 HTTP/1.1 and responded: HTTP/1.1 200 OK
Apr 06, 2021 9:11:26 AM okhttp3.mockwebserver.MockWebServer$3 processOneRequest
INFO: MockWebServer[49120] received request: GET /api/v1/namespaces/entando-k8s-composite-app-controller-carcms34 HTTP/1.1 and responded: HTTP/1.1 404 Client Error
Apr 06, 2021 9:11:26 AM okhttp3.mockwebserver.MockWebServer$3 processOneRequest
INFO: MockWebServer[49120] received request: GET /apis/entando.org/v1/namespaces/default/entandocompositeapps HTTP/1.1 and responded: HTTP/1.1 200 OK
Apr 06, 2021 9:11:26 AM okhttp3.mockwebserver.MockWebServer$3 processOneRequest
INFO: MockWebServer[49120] received request: GET /api/v1/namespaces/entando-k8s-composite-app-controller-carcms34 HTTP/1.1 and responded: HTTP/1.1 404 Client Error
Apr 06, 2021 9:11:26 AM okhttp3.mockwebserver.MockWebServer$3 processOneRequest
INFO: MockWebServer[49120] received request: GET /apis/entando.org/v1/namespaces/default/entandocompositeapps HTTP/1.1 and responded: HTTP/1.1 200 OK
Apr 06, 2021 9:11:26 AM okhttp3.mockwebserver.MockWebServer$3 processOneRequest
INFO: MockWebServer[49120] received request: GET /apis/entando.org/v1/namespaces/entando-k8s-composite-app-controller-carcms34/entandocompositeapps/my-app-carcms34 HTTP/1.1 and responded: HTTP/1.1 200 OK
Apr 06, 2021 9:11:26 AM okhttp3.mockwebserver.MockWebServer$3 processOneRequest
INFO: MockWebServer[49120] received request: GET /api/v1/namespaces/entando-k8s-composite-app-controller-carcms34/pods?labelSelector=EntandoPlugin%3Dtest-plugin-carcms34%2CEntandoResourceKind%3DEntandoPlugin HTTP/1.1 and responded: HTTP/1.1 200 OK
Apr 06, 2021 9:11:26 AM okhttp3.mockwebserver.MockWebServer$3 processOneRequest
INFO: MockWebServer[49120] received request: GET /api/v1/namespaces/entando-k8s-composite-app-controller-carcms34/pods?labelSelector=EntandoPlugin%3Dtest-plugin-carcms34%2CEntandoResourceKind%3DEntandoPlugin HTTP/1.1 and responded: HTTP/1.1 200 OK
Apr 06, 2021 9:11:27 AM okhttp3.mockwebserver.MockWebServer$3 processOneRequest
INFO: MockWebServer[49120] received request: GET /api/v1/namespaces/entando-k8s-composite-app-controller-carcms34 HTTP/1.1 and responded: HTTP/1.1 404 Client Error
Apr 06, 2021 9:11:27 AM okhttp3.mockwebserver.MockWebServer$3 processOneRequest
INFO: MockWebServer[49120] received request: GET /apis/entando.org/v1/namespaces/default/entandoplugins HTTP/1.1 and responded: HTTP/1.1 200 OK
Apr 06, 2021 9:11:27 AM okhttp3.mockwebserver.MockWebServer$3 processOneRequest
INFO: MockWebServer[49120] received request: GET /api/v1/namespaces/entando-k8s-composite-app-controller-carcms34 HTTP/1.1 and responded: HTTP/1.1 404 Client Error
Apr 06, 2021 9:11:27 AM okhttp3.mockwebserver.MockWebServer$3 processOneRequest
INFO: MockWebServer[49120] received request: GET /apis/entando.org/v1/namespaces/default/entandoplugins HTTP/1.1 and responded: HTTP/1.1 200 OK
Apr 06, 2021 9:11:27 AM okhttp3.mockwebserver.MockWebServer$3 processOneRequest
INFO: MockWebServer[49120] received request: GET /apis/entando.org/v1/namespaces/entando-k8s-composite-app-controller-carcms34/entandoplugins/test-plugin-carcms34 HTTP/1.1 and responded: HTTP/1.1 200 OK
Apr 06, 2021 9:11:27 AM okhttp3.mockwebserver.MockWebServer$3 processOneRequest
INFO: MockWebServer[49120] received request: GET /apis/entando.org/v1/namespaces/entando-k8s-composite-app-controller-carcms34/entandocompositeapps/my-app-carcms34 HTTP/1.1 and responded: HTTP/1.1 200 OK
Apr 06, 2021 9:11:27 AM okhttp3.mockwebserver.MockWebServer$3 processOneRequest
INFO: MockWebServer[49120] received request: GET /apis/entando.org/v1/namespaces/entando-k8s-composite-app-controller-carcms34/entandocompositeapps/my-app-carcms34 HTTP/1.1 and responded: HTTP/1.1 200 OK
Apr 06, 2021 9:11:27 AM org.entando.kubernetes.client.KubernetesRestInterceptor invoke
INFO: Entering method getPodWatcherQueue in class org.entando.kubernetes.controller.support.client.PodWaitingClient
Apr 06, 2021 9:11:27 AM org.entando.kubernetes.client.KubernetesRestInterceptor invoke
INFO: Exiting method getPodWatcherQueue in class org.entando.kubernetes.controller.support.client.PodWaitingClient
Apr 06, 2021 9:11:27 AM okhttp3.mockwebserver.MockWebServer$2 acceptConnections
INFO: MockWebServer[49120] done accepting connections: Socket closed
Apr 06, 2021 9:11:27 AM okhttp3.mockwebserver.MockWebServer$2 e**cute
INFO: MockWebServer[43257] starting to accept connections
Apr 06, 2021 9:11:28 AM okhttp3.mockwebserver.MockWebServer$3 processOneRequest
INFO: MockWebServer[43257] received request: GET /api/v1/namespaces/entando HTTP/1.1 and responded: HTTP/1.1 404 Client Error
Apr 06, 2021 9:11:28 AM okhttp3.mockwebserver.MockWebServer$3 processOneRequest
INFO: MockWebServer[43257] received request: POST /api/v1/namespaces HTTP/1.1 and responded: HTTP/1.1 202 OK
Apr 06, 2021 9:11:28 AM org.entando.kubernetes.client.KubernetesRestInterceptor invoke
INFO: Entering method loadDockerImageInfoConfigMap in class org.entando.kubernetes.controller.support.client.EntandoResourceClient
Apr 06, 2021 9:11:28 AM okhttp3.mockwebserver.MockWebServer$3 processOneRequest
INFO: MockWebServer[43257] received request: GET /api/v1/namespaces/entando/configmaps/entando-docker-image-info-v6.3 HTTP/1.1 and responded: HTTP/1.1 404 Client Error
Apr 06, 2021 9:11:28 AM org.entando.kubernetes.client.KubernetesRestInterceptor invoke
INFO: Exiting method loadDockerImageInfoConfigMap in class org.entando.kubernetes.controller.support.client.EntandoResourceClient
Apr 06, 2021 9:11:28 AM okhttp3.mockwebserver.MockWebServer$3 processOneRequest
INFO: MockWebServer[43257] received request: GET /api/v1/namespaces/entando/configmaps/entando-docker-image-info-v6.3 HTTP/1.1 and responded: HTTP/1.1 404 Client Error
Apr 06, 2021 9:11:28 AM okhttp3.mockwebserver.MockWebServer$3 processOneRequest
INFO: MockWebServer[43257] received request: POST /api/v1/namespaces/entando/configmaps HTTP/1.1 and responded: HTTP/1.1 202 OK
Apr 06, 2021 9:11:28 AM okhttp3.mockwebserver.MockWebServer$3 processOneRequest
INFO: MockWebServer[43257] received request: GET /api/v1/namespaces/entando/configmaps/entando-docker-image-info-v6.3 HTTP/1.1 and responded: HTTP/1.1 200 OK
Apr 06, 2021 9:11:28 AM okhttp3.mockwebserver.MockWebServer$3 processOneRequest
INFO: MockWebServer[43257] received request: GET /api/v1/namespaces/entando/configmaps/entando-docker-image-info-v6.3 HTTP/1.1 and responded: HTTP/1.1 200 OK
Apr 06, 2021 9:11:28 AM okhttp3.mockwebserver.MockWebServer$3 processOneRequest
INFO: MockWebServer[43257] received request: GET /api/v1/namespaces/entando/configmaps/entando-docker-image-info-v6.3 HTTP/1.1 and responded: HTTP/1.1 200 OK
Apr 06, 2021 9:11:28 AM okhttp3.mockwebserver.MockWebServer$3 processOneRequest
INFO: MockWebServer[43257] received request: PATCH /api/v1/namespaces/entando/configmaps/entando-docker-image-info-v6.3 HTTP/1.1 and responded: HTTP/1.1 202 OK
Apr 06, 2021 9:11:28 AM org.entando.kubernetes.client.KubernetesRestInterceptor invoke
INFO: Entering method createOrPatchEntandoResource in class org.entando.kubernetes.controller.support.client.EntandoResourceClient with EntandoPlugin: entando-k8s-composite-app-controller-carcms34/test-plugin-carcms34
Apr 06, 2021 9:11:28 AM okhttp3.mockwebserver.MockWebServer$3 processOneRequest
INFO: MockWebServer[43257] received request: GET /api/v1/namespaces/entando-k8s-composite-app-controller-carcms34 HTTP/1.1 and responded: HTTP/1.1 404 Client Error
Apr 06, 2021 9:11:28 AM okhttp3.mockwebserver.MockWebServer$3 processOneRequest
INFO: MockWebServer[43257] received request: GET /apis/entando.org/v1/namespaces/default/entandoplugins HTTP/1.1 and responded: HTTP/1.1 200 OK
Apr 06, 2021 9:11:28 AM okhttp3.mockwebserver.MockWebServer$3 processOneRequest
INFO: MockWebServer[43257] received request: GET /api/v1/namespaces/entando-k8s-composite-app-controller-carcms34 HTTP/1.1 and responded: HTTP/1.1 404 Client Error
Apr 06, 2021 9:11:28 AM okhttp3.mockwebserver.MockWebServer$3 processOneRequest
INFO: MockWebServer[43257] received request: GET /apis/entando.org/v1/namespaces/default/entandoplugins HTTP/1.1 and responded: HTTP/1.1 200 OK
Apr 06, 2021 9:11:29 AM okhttp3.mockwebserver.MockWebServer$3 processOneRequest
INFO: MockWebServer[43257] received request: GET /apis/entando.org/v1/namespaces/entando-k8s-composite-app-controller-carcms34/entandoplugins/test-plugin-carcms34 HTTP/1.1 and responded: HTTP/1.1 404 Client Error
Apr 06, 2021 9:11:29 AM okhttp3.mockwebserver.MockWebServer$3 processOneRequest
INFO: MockWebServer[43257] received request: POST /apis/entando.org/v1/namespaces/entando-k8s-composite-app-controller-carcms34/entandoplugins HTTP/1.1 and responded: HTTP/1.1 202 OK
Apr 06, 2021 9:11:29 AM org.entando.kubernetes.client.KubernetesRestInterceptor invoke
INFO: Exiting method createOrPatchEntandoResource in class org.entando.kubernetes.controller.support.client.EntandoResourceClient
Apr 06, 2021 9:11:29 AM okhttp3.mockwebserver.MockWebServer$3 processOneRequest
INFO: MockWebServer[43257] received request: GET /api/v1/namespaces/entando-k8s-composite-app-controller-carcms34 HTTP/1.1 and responded: HTTP/1.1 404 Client Error
Apr 06, 2021 9:11:29 AM okhttp3.mockwebserver.MockWebServer$3 processOneRequest
INFO: MockWebServer[43257] received request: GET /apis/entando.org/v1/namespaces/default/entandocompositeapps HTTP/1.1 and responded: HTTP/1.1 200 OK
Apr 06, 2021 9:11:29 AM okhttp3.mockwebserver.MockWebServer$3 processOneRequest
INFO: MockWebServer[43257] received request: GET /api/v1/namespaces/entando-k8s-composite-app-controller-carcms34 HTTP/1.1 and responded: HTTP/1.1 404 Client Error
Apr 06, 2021 9:11:29 AM okhttp3.mockwebserver.MockWebServer$3 processOneRequest
INFO: MockWebServer[43257] received request: GET /apis/entando.org/v1/namespaces/default/entandocompositeapps HTTP/1.1 and responded: HTTP/1.1 200 OK
Apr 06, 2021 9:11:29 AM okhttp3.mockwebserver.MockWebServer$3 processOneRequest
INFO: MockWebServer[43257] received request: POST /apis/entando.org/v1/namespaces/entando-k8s-composite-app-controller-carcms34/entandocompositeapps HTTP/1.1 and responded: HTTP/1.1 202 OK
Apr 06, 2021 9:11:29 AM org.entando.kubernetes.client.KubernetesRestInterceptor invoke
INFO: Entering method loadOperatorConfig in class org.entando.kubernetes.controller.support.client.EntandoResourceClient
Apr 06, 2021 9:11:29 AM okhttp3.mockwebserver.MockWebServer$3 processOneRequest
INFO: MockWebServer[43257] received request: GET /api/v1/namespaces/entando-k8s-composite-app-controller-carcms34/configmaps/entando-operator-config HTTP/1.1 and responded: HTTP/1.1 404 Client Error
Apr 06, 2021 9:11:29 AM org.entando.kubernetes.client.KubernetesRestInterceptor invoke
INFO: Exiting method loadOperatorConfig in class org.entando.kubernetes.controller.support.client.EntandoResourceClient
Apr 06, 2021 9:11:29 AM org.entando.kubernetes.client.KubernetesRestInterceptor invoke
INFO: Entering method load in class org.entando.kubernetes.controller.support.client.EntandoResourceClient with class org.entando.kubernetes.model.compositeapp.EntandoCompositeApp,entando-k8s-composite-app-controller-carcms34,my-app-carcms34
Apr 06, 2021 9:11:29 AM org.entando.kubernetes.client.KubernetesRestInterceptor invoke
INFO: Entering method getPodWatcherQueue in class org.entando.kubernetes.controller.support.client.PodWaitingClient
Apr 06, 2021 9:11:29 AM org.entando.kubernetes.client.KubernetesRestInterceptor invoke
INFO: Exiting method getPodWatcherQueue in class org.entando.kubernetes.controller.support.client.PodWaitingClient
Apr 06, 2021 9:11:29 AM okhttp3.mockwebserver.MockWebServer$3 processOneRequest
INFO: MockWebServer[43257] received request: GET /api/v1/namespaces/entando-k8s-composite-app-controller-carcms34 HTTP/1.1 and responded: HTTP/1.1 404 Client Error
Apr 06, 2021 9:11:29 AM okhttp3.mockwebserver.MockWebServer$3 processOneRequest
INFO: MockWebServer[43257] received request: GET /apis/entando.org/v1/namespaces/default/entandocompositeapps HTTP/1.1 and responded: HTTP/1.1 200 OK
Apr 06, 2021 9:11:29 AM okhttp3.mockwebserver.MockWebServer$3 processOneRequest
INFO: MockWebServer[43257] received request: GET /api/v1/namespaces/entando-k8s-composite-app-controller-carcms34 HTTP/1.1 and responded: HTTP/1.1 404 Client Error
Apr 06, 2021 9:11:30 AM okhttp3.mockwebserver.MockWebServer$3 processOneRequest
INFO: MockWebServer[43257] received request: GET /apis/entando.org/v1/namespaces/default/entandocompositeapps HTTP/1.1 and responded: HTTP/1.1 200 OK
Apr 06, 2021 9:11:30 AM okhttp3.mockwebserver.MockWebServer$3 processOneRequest
INFO: MockWebServer[43257] received request: GET /apis/entando.org/v1/namespaces/entando-k8s-composite-app-controller-carcms34/entandocompositeapps/my-app-carcms34 HTTP/1.1 and responded: HTTP/1.1 200 OK
Apr 06, 2021 9:11:30 AM org.entando.kubernetes.client.KubernetesRestInterceptor invoke
INFO: Exiting method load in class org.entando.kubernetes.controller.support.client.EntandoResourceClient
Apr 06, 2021 9:11:30 AM org.entando.kubernetes.client.KubernetesRestInterceptor invoke
INFO: Entering method updatePhase in class org.entando.kubernetes.controller.support.client.EntandoResourceClient with EntandoCompositeApp: entando-k8s-composite-app-controller-carcms34/my-app-carcms34
Apr 06, 2021 9:11:30 AM okhttp3.mockwebserver.MockWebServer$3 processOneRequest
INFO: MockWebServer[43257] received request: POST /api/v1/namespaces/entando-k8s-composite-app-controller-carcms34/events HTTP/1.1 and responded: HTTP/1.1 202 OK
Apr 06, 2021 9:11:30 AM okhttp3.mockwebserver.MockWebServer$3 processOneRequest
INFO: MockWebServer[43257] received request: GET /apis/entando.org/v1/namespaces/entando-k8s-composite-app-controller-carcms34/entandocompositeapps/my-app-carcms34 HTTP/1.1 and responded: HTTP/1.1 200 OK
Apr 06, 2021 9:11:30 AM okhttp3.mockwebserver.MockWebServer$3 processOneRequest
INFO: MockWebServer[43257] received request: PUT /apis/entando.org/v1/namespaces/entando-k8s-composite-app-controller-carcms34/entandocompositeapps/my-app-carcms34/status HTTP/1.1 and responded: HTTP/1.1 202 OK
Apr 06, 2021 9:11:30 AM org.entando.kubernetes.client.KubernetesRestInterceptor invoke
INFO: Exiting method updatePhase in class org.entando.kubernetes.controller.support.client.EntandoResourceClient
Apr 06, 2021 9:11:30 AM org.entando.kubernetes.client.KubernetesRestInterceptor invoke
INFO: Entering method loadDockerImageInfoConfigMap in class org.entando.kubernetes.controller.support.client.EntandoResourceClient
Apr 06, 2021 9:11:30 AM okhttp3.mockwebserver.MockWebServer$3 processOneRequest
INFO: MockWebServer[43257] received request: GET /api/v1/namespaces/entando/configmaps/entando-docker-image-info-v6.3 HTTP/1.1 and responded: HTTP/1.1 200 OK
Apr 06, 2021 9:11:30 AM org.entando.kubernetes.client.KubernetesRestInterceptor invoke
INFO: Exiting method loadDockerImageInfoConfigMap in class org.entando.kubernetes.controller.support.client.EntandoResourceClient
Apr 06, 2021 9:11:30 AM org.entando.kubernetes.client.KubernetesRestInterceptor invoke
INFO: Entering method createOrPatchEntandoResource in class org.entando.kubernetes.controller.support.client.EntandoResourceClient with EntandoKeycloakServer: entando-k8s-composite-app-controller-carcms34/test-keycloak-carcms34
Apr 06, 2021 9:11:30 AM okhttp3.mockwebserver.MockWebServer$3 processOneRequest
INFO: MockWebServer[43257] received request: GET /api/v1/namespaces/entando-k8s-composite-app-controller-carcms34 HTTP/1.1 and responded: HTTP/1.1 404 Client Error
Apr 06, 2021 9:11:30 AM okhttp3.mockwebserver.MockWebServer$3 processOneRequest
INFO: MockWebServer[43257] received request: GET /apis/entando.org/v1/namespaces/default/entandokeycloakservers HTTP/1.1 and responded: HTTP/1.1 200 OK
Apr 06, 2021 9:11:30 AM okhttp3.mockwebserver.MockWebServer$3 processOneRequest
INFO: MockWebServer[43257] received request: GET /api/v1/namespaces/entando-k8s-composite-app-controller-carcms34 HTTP/1.1 and responded: HTTP/1.1 404 Client Error
Apr 06, 2021 9:11:30 AM okhttp3.mockwebserver.MockWebServer$3 processOneRequest
INFO: MockWebServer[43257] received request: GET /apis/entando.org/v1/namespaces/default/entandokeycloakservers HTTP/1.1 and responded: HTTP/1.1 200 OK
Apr 06, 2021 9:11:30 AM okhttp3.mockwebserver.MockWebServer$3 processOneRequest
INFO: MockWebServer[43257] received request: GET /apis/entando.org/v1/namespaces/entando-k8s-composite-app-controller-carcms34/entandokeycloakservers/test-keycloak-carcms34 HTTP/1.1 and responded: HTTP/1.1 404 Client Error
Apr 06, 2021 9:11:30 AM okhttp3.mockwebserver.MockWebServer$3 processOneRequest
INFO: MockWebServer[43257] received request: POST /apis/entando.org/v1/namespaces/entando-k8s-composite-app-controller-carcms34/entandokeycloakservers HTTP/1.1 and responded: HTTP/1.1 202 OK
Apr 06, 2021 9:11:30 AM org.entando.kubernetes.client.KubernetesRestInterceptor invoke
INFO: Exiting method createOrPatchEntandoResource in class org.entando.kubernetes.controller.support.client.EntandoResourceClient
Apr 06, 2021 9:11:30 AM org.entando.kubernetes.client.KubernetesRestInterceptor invoke
INFO: Entering method removeAndWait in class org.entando.kubernetes.controller.support.client.PodClient with entando-k8s-composite-app-controller-carcms34,{EntandoKeycloakServer=test-keycloak-carcms34, EntandoResourceNamespace=entando-k8s-composite-app-controller-carcms34, EntandoResourceKind=EntandoKeycloakServer}
Apr 06, 2021 9:11:31 AM okhttp3.mockwebserver.MockWebServer$3 processOneRequest
INFO: MockWebServer[43257] received request: GET /api/v1/namespaces/entando-k8s-composite-app-controller-carcms34/pods?labelSelector=EntandoResourceNamespace%3Dentando-k8s-composite-app-controller-carcms34%2CEntandoResourceKind%3DEntandoKeycloakServer%2CEntandoKeycloakServer%3Dtest-keycloak-carcms34 HTTP/1.1 and responded: HTTP/1.1 200 OK
Apr 06, 2021 9:11:31 AM org.entando.kubernetes.client.KubernetesRestInterceptor invoke
INFO: Entering method getPodWatcherQueue in class org.entando.kubernetes.controller.support.client.PodWaitingClient
Apr 06, 2021 9:11:31 AM org.entando.kubernetes.client.KubernetesRestInterceptor invoke
INFO: Exiting method getPodWatcherQueue in class org.entando.kubernetes.controller.support.client.PodWaitingClient
Apr 06, 2021 9:11:31 AM okhttp3.mockwebserver.MockWebServer$3 processOneRequest
INFO: MockWebServer[43257] received request: GET /api/v1/namespaces/entando-k8s-composite-app-controller-carcms34/pods?labelSelector=EntandoResourceNamespace%3Dentando-k8s-composite-app-controller-carcms34%2CEntandoResourceKind%3DEntandoKeycloakServer%2CEntandoKeycloakServer%3Dtest-keycloak-carcms34&watch=**** HTTP/1.1 and responded: HTTP/1.1 200 OK
Apr 06, 2021 9:11:31 AM okhttp3.mockwebserver.MockWebServer$3 processOneRequest
INFO: MockWebServer[43257] received request: GET /api/v1/namespaces/entando-k8s-composite-app-controller-carcms34/pods?labelSelector=EntandoResourceNamespace%3Dentando-k8s-composite-app-controller-carcms34%2CEntandoResourceKind%3DEntandoKeycloakServer%2CEntandoKeycloakServer%3Dtest-keycloak-carcms34 HTTP/1.1 and responded: HTTP/1.1 200 OK
Apr 06, 2021 9:11:31 AM okhttp3.mockwebserver.MockWebServer$3 processOneRequest
INFO: MockWebServer[43257] received request: GET /api/v1/namespaces/entando-k8s-composite-app-controller-carcms34/pods?labelSelector=EntandoResourceNamespace%3Dentando-k8s-composite-app-controller-carcms34%2CEntandoResourceKind%3DEntandoKeycloakServer%2CEntandoKeycloakServer%3Dtest-keycloak-carcms34&watch=**** HTTP/1.1 and responded: HTTP/1.1 200 OK
Apr 06, 2021 9:11:31 AM io.fabric8.kubernetes.client.dsl.internal.WatchHTTPManager$1 onResponse
INFO: Watch terminated unexpectedly. reason: \n not found: limit=46 content=7b2261706956657273696f6e223a227631222c226b696e64223a224c69737422â€¦
Apr 06, 2021 9:11:31 AM okhttp3.mockwebserver.MockWebServer$3 processOneRequest
INFO: MockWebServer[43257] received request: GET /api/v1/namespaces/entando-k8s-composite-app-controller-carcms34/pods?labelSelector=EntandoResourceNamespace%3Dentando-k8s-composite-app-controller-carcms34%2CEntandoResourceKind%3DEntandoKeycloakServer%2CEntandoKeycloakServer%3Dtest-keycloak-carcms34 HTTP/1.1 and responded: HTTP/1.1 200 OK
Apr 06, 2021 9:11:32 AM org.entando.kubernetes.client.KubernetesRestInterceptor invoke
INFO: Exiting method removeAndWait in class org.entando.kubernetes.controller.support.client.PodClient
Apr 06, 2021 9:11:32 AM org.entando.kubernetes.client.KubernetesRestInterceptor invoke
INFO: Entering method runToCompletion in class org.entando.kubernetes.controller.support.client.PodClient with Pod: entando-k8s-composite-app-controller-carcms34/test-keycloak-carcms34-deployer-5477
Apr 06, 2021 9:11:32 AM okhttp3.mockwebserver.MockWebServer$3 processOneRequest
INFO: MockWebServer[43257] received request: GET /api/v1/namespaces/entando-k8s-composite-app-controller-carcms34/pods?labelSelector=EntandoResourceNamespace%3Dentando-k8s-composite-app-controller-carcms34%2CEntandoResourceKind%3DEntandoKeycloakServer%2CEntandoKeycloakServer%3Dtest-keycloak-carcms34&watch=**** HTTP/1.1 and responded: HTTP/1.1 200 OK
Apr 06, 2021 9:11:32 AM okhttp3.mockwebserver.MockWebServer$3 processOneRequest
INFO: MockWebServer[43257] received request: POST /api/v1/namespaces/entando-k8s-composite-app-controller-carcms34/pods HTTP/1.1 and responded: HTTP/1.1 202 OK
Apr 06, 2021 9:11:32 AM io.fabric8.kubernetes.client.dsl.internal.WatchHTTPManager$1 onResponse
INFO: Watch terminated unexpectedly. reason: \n not found: limit=46 content=7b2261706956657273696f6e223a227631222c226b696e64223a224c69737422â€¦
Apr 06, 2021 9:11:32 AM io.fabric8.kubernetes.client.dsl.internal.WatchHTTPManager scheduleReconnect
WARN: Ignoring error for already closed/closing connection
Apr 06, 2021 9:11:32 AM org.entando.kubernetes.client.KubernetesRestInterceptor invoke
INFO: Entering method loadPod in class org.entando.kubernetes.controller.support.client.PodClient with entando-k8s-composite-app-controller-carcms34,[Ljava.lang.String;@e6b3941
Apr 06, 2021 9:11:32 AM okhttp3.mockwebserver.MockWebServer$3 processOneRequest
INFO: MockWebServer[43257] received request: GET /api/v1/namespaces/entando-k8s-composite-app-controller-carcms34/pods?fieldSelector=metadata.name%3Dtest-keycloak-carcms34-deployer-5477&watch=**** HTTP/1.1 and responded: HTTP/1.1 200 OK
Apr 06, 2021 9:11:32 AM okhttp3.mockwebserver.MockWebServer$3 processOneRequest
INFO: MockWebServer[43257] received request: GET /api/v1/namespaces/entando-k8s-composite-app-controller-carcms34/pods?labelSelector=EntandoKeycloakServer%3Dtest-keycloak-carcms34 HTTP/1.1 and responded: HTTP/1.1 200 OK
Apr 06, 2021 9:11:32 AM org.entando.kubernetes.client.KubernetesRestInterceptor invoke
INFO: Exiting method loadPod in class org.entando.kubernetes.controller.support.client.PodClient
Apr 06, 2021 9:11:32 AM okhttp3.mockwebserver.MockWebServer$3 processOneRequest
INFO: MockWebServer[43257] received request: GET /api/v1/namespaces/entando-k8s-composite-app-controller-carcms34/pods?fieldSelector=metadata.name%3Dtest-keycloak-carcms34-deployer-5477&watch=**** HTTP/1.1 and responded: HTTP/1.1 200 OK
Apr 06, 2021 9:11:32 AM okhttp3.mockwebserver.MockWebServer$3 processOneRequest
INFO: MockWebServer[43257] received request: GET /api/v1/namespaces/entando-k8s-composite-app-controller-carcms34/pods/test-keycloak-carcms34-deployer-5477 HTTP/1.1 and responded: HTTP/1.1 200 OK
Apr 06, 2021 9:11:32 AM io.fabric8.kubernetes.client.dsl.internal.WatchHTTPManager$1 onResponse
INFO: Watch terminated unexpectedly. reason: \n not found: limit=2450 content=7b2261706956657273696f6e223a227631222c226b696e64223a224c69737422â€¦
Apr 06, 2021 9:11:32 AM okhttp3.mockwebserver.MockWebServer$3 processOneRequest
INFO: MockWebServer[43257] received request: PATCH /api/v1/namespaces/entando-k8s-composite-app-controller-carcms34/pods/test-keycloak-carcms34-deployer-5477 HTTP/1.1 and responded: HTTP/1.1 202 OK
Apr 06, 2021 9:11:32 AM org.entando.kubernetes.client.KubernetesRestInterceptor invoke
INFO: Entering method getPodWatcherQueue in class org.entando.kubernetes.controller.support.client.PodWaitingClient
Apr 06, 2021 9:11:32 AM org.entando.kubernetes.client.KubernetesRestInterceptor invoke
INFO: Exiting method getPodWatcherQueue in class org.entando.kubernetes.controller.support.client.PodWaitingClient
Apr 06, 2021 9:11:33 AM org.entando.kubernetes.client.KubernetesRestInterceptor invoke
INFO: Exiting method runToCompletion in class org.entando.kubernetes.controller.support.client.PodClient
Apr 06, 2021 9:11:33 AM org.entando.kubernetes.client.KubernetesRestInterceptor invoke
INFO: Entering method updateStatus in class org.entando.kubernetes.controller.support.client.EntandoResourceClient with EntandoCompositeApp: entando-k8s-composite-app-controller-carcms34/my-app-carcms34
Apr 06, 2021 9:11:33 AM okhttp3.mockwebserver.MockWebServer$3 processOneRequest
INFO: MockWebServer[43257] received request: GET /api/v1/namespaces/entando-k8s-composite-app-controller-carcms34/pods?fieldSelector=metadata.name%3Dtest-keycloak-carcms34-deployer-5477&watch=**** HTTP/1.1 and responded: HTTP/1.1 200 OK
Apr 06, 2021 9:11:33 AM io.fabric8.kubernetes.client.dsl.internal.WatchHTTPManager$1 onResponse
INFO: Watch terminated unexpectedly. reason: \n not found: limit=2634 content=7b2261706956657273696f6e223a227631222c226b696e64223a224c69737422â€¦
Apr 06, 2021 9:11:33 AM io.fabric8.kubernetes.client.dsl.internal.WatchHTTPManager scheduleReconnect
WARN: Ignoring error for already closed/closing connection
Apr 06, 2021 9:11:33 AM okhttp3.mockwebserver.MockWebServer$3 processOneRequest
INFO: MockWebServer[43257] received request: POST /api/v1/namespaces/entando-k8s-composite-app-controller-carcms34/events HTTP/1.1 and responded: HTTP/1.1 202 OK
Apr 06, 2021 9:11:33 AM okhttp3.mockwebserver.MockWebServer$3 processOneRequest
INFO: MockWebServer[43257] received request: GET /apis/entando.org/v1/namespaces/entando-k8s-composite-app-controller-carcms34/entandocompositeapps/my-app-carcms34 HTTP/1.1 and responded: HTTP/1.1 200 OK
Apr 06, 2021 9:11:33 AM okhttp3.mockwebserver.MockWebServer$3 processOneRequest
INFO: MockWebServer[43257] received request: PUT /apis/entando.org/v1/namespaces/entando-k8s-composite-app-controller-carcms34/entandocompositeapps/my-app-carcms34/status HTTP/1.1 and responded: HTTP/1.1 202 OK
Apr 06, 2021 9:11:33 AM org.entando.kubernetes.client.KubernetesRestInterceptor invoke
INFO: Exiting method updateStatus in class org.entando.kubernetes.controller.support.client.EntandoResourceClient
Apr 06, 2021 9:11:33 AM org.entando.kubernetes.client.KubernetesRestInterceptor invoke
INFO: Entering method load in class org.entando.kubernetes.controller.support.client.EntandoResourceClient with class org.entando.kubernetes.model.plugin.EntandoPlugin,entando-k8s-composite-app-controller-carcms34,test-plugin-carcms34
Apr 06, 2021 9:11:33 AM okhttp3.mockwebserver.MockWebServer$3 processOneRequest
INFO: MockWebServer[43257] received request: GET /apis/entando.org/v1/namespaces/entando-k8s-composite-app-controller-carcms34/entandoplugins/test-plugin-carcms34 HTTP/1.1 and responded: HTTP/1.1 200 OK
Apr 06, 2021 9:11:33 AM org.entando.kubernetes.client.KubernetesRestInterceptor invoke
INFO: Exiting method load in class org.entando.kubernetes.controller.support.client.EntandoResourceClient
Apr 06, 2021 9:11:33 AM org.entando.kubernetes.client.KubernetesRestInterceptor invoke
INFO: Entering method createOrPatchEntandoResource in class org.entando.kubernetes.controller.support.client.EntandoResourceClient with EntandoPlugin: entando-k8s-composite-app-controller-carcms34/test-plugin-carcms34
Apr 06, 2021 9:11:33 AM okhttp3.mockwebserver.MockWebServer$3 processOneRequest
INFO: MockWebServer[43257] received request: GET /apis/entando.org/v1/namespaces/entando-k8s-composite-app-controller-carcms34/entandoplugins/test-plugin-carcms34 HTTP/1.1 and responded: HTTP/1.1 200 OK
Apr 06, 2021 9:11:33 AM okhttp3.mockwebserver.MockWebServer$3 processOneRequest
INFO: MockWebServer[43257] received request: GET /apis/entando.org/v1/namespaces/entando-k8s-composite-app-controller-carcms34/entandoplugins/test-plugin-carcms34 HTTP/1.1 and responded: HTTP/1.1 200 OK
Apr 06, 2021 9:11:34 AM okhttp3.mockwebserver.MockWebServer$3 processOneRequest
INFO: MockWebServer[43257] received request: PATCH /apis/entando.org/v1/namespaces/entando-k8s-composite-app-controller-carcms34/entandoplugins/test-plugin-carcms34 HTTP/1.1 and responded: HTTP/1.1 202 OK
Apr 06, 2021 9:11:34 AM org.entando.kubernetes.client.KubernetesRestInterceptor invoke
INFO: Exiting method createOrPatchEntandoResource in class org.entando.kubernetes.controller.support.client.EntandoResourceClient
Apr 06, 2021 9:11:34 AM org.entando.kubernetes.client.KubernetesRestInterceptor invoke
INFO: Entering method removeAndWait in class org.entando.kubernetes.controller.support.client.PodClient with entando-k8s-composite-app-controller-carcms34,{EntandoPlugin=test-plugin-carcms34, EntandoResourceNamespace=entando-k8s-composite-app-controller-carcms34, EntandoResourceKind=EntandoPlugin}
Apr 06, 2021 9:11:34 AM okhttp3.mockwebserver.MockWebServer$3 processOneRequest
INFO: MockWebServer[43257] received request: GET /api/v1/namespaces/entando-k8s-composite-app-controller-carcms34/pods?labelSelector=EntandoPlugin%3Dtest-plugin-carcms34%2CEntandoResourceNamespace%3Dentando-k8s-composite-app-controller-carcms34%2CEntandoResourceKind%3DEntandoPlugin HTTP/1.1 and responded: HTTP/1.1 200 OK
Apr 06, 2021 9:11:34 AM org.entando.kubernetes.client.KubernetesRestInterceptor invoke
INFO: Entering method getPodWatcherQueue in class org.entando.kubernetes.controller.support.client.PodWaitingClient
Apr 06, 2021 9:11:34 AM org.entando.kubernetes.client.KubernetesRestInterceptor invoke
INFO: Exiting method getPodWatcherQueue in class org.entando.kubernetes.controller.support.client.PodWaitingClient
Apr 06, 2021 9:11:34 AM okhttp3.mockwebserver.MockWebServer$3 processOneRequest
INFO: MockWebServer[43257] received request: GET /api/v1/namespaces/entando-k8s-composite-app-controller-carcms34/pods?labelSelector=EntandoPlugin%3Dtest-plugin-carcms34%2CEntandoResourceNamespace%3Dentando-k8s-composite-app-controller-carcms34%2CEntandoResourceKind%3DEntandoPlugin&watch=**** HTTP/1.1 and responded: HTTP/1.1 200 OK
Apr 06, 2021 9:11:34 AM okhttp3.mockwebserver.MockWebServer$3 processOneRequest
INFO: MockWebServer[43257] received request: GET /api/v1/namespaces/entando-k8s-composite-app-controller-carcms34/pods?labelSelector=EntandoPlugin%3Dtest-plugin-carcms34%2CEntandoResourceNamespace%3Dentando-k8s-composite-app-controller-carcms34%2CEntandoResourceKind%3DEntandoPlugin&watch=**** HTTP/1.1 and responded: HTTP/1.1 200 OK
Apr 06, 2021 9:11:34 AM okhttp3.mockwebserver.MockWebServer$3 processOneRequest
INFO: MockWebServer[43257] received request: GET /api/v1/namespaces/entando-k8s-composite-app-controller-carcms34/pods?labelSelector=EntandoPlugin%3Dtest-plugin-carcms34%2CEntandoResourceNamespace%3Dentando-k8s-composite-app-controller-carcms34%2CEntandoResourceKind%3DEntandoPlugin HTTP/1.1 and responded: HTTP/1.1 200 OK
Apr 06, 2021 9:11:34 AM io.fabric8.kubernetes.client.dsl.internal.WatchHTTPManager$1 onResponse
INFO: Watch terminated unexpectedly. reason: \n not found: limit=46 content=7b2261706956657273696f6e223a227631222c226b696e64223a224c69737422â€¦
Apr 06, 2021 9:11:34 AM okhttp3.mockwebserver.MockWebServer$3 processOneRequest
INFO: MockWebServer[43257] received request: GET /api/v1/namespaces/entando-k8s-composite-app-controller-carcms34/pods?labelSelector=EntandoPlugin%3Dtest-plugin-carcms34%2CEntandoResourceNamespace%3Dentando-k8s-composite-app-controller-carcms34%2CEntandoResourceKind%3DEntandoPlugin HTTP/1.1 and responded: HTTP/1.1 200 OK
Apr 06, 2021 9:11:35 AM org.entando.kubernetes.client.KubernetesRestInterceptor invoke
INFO: Exiting method removeAndWait in class org.entando.kubernetes.controller.support.client.PodClient
Apr 06, 2021 9:11:35 AM org.entando.kubernetes.client.KubernetesRestInterceptor invoke
INFO: Entering method runToCompletion in class org.entando.kubernetes.controller.support.client.PodClient with Pod: entando-k8s-composite-app-controller-carcms34/test-plugin-carcms34-deployer-8383
Apr 06, 2021 9:11:35 AM io.fabric8.kubernetes.client.dsl.internal.WatchHTTPManager$1 onResponse
INFO: Watch terminated unexpectedly. reason: \n not found: limit=46 content=7b2261706956657273696f6e223a227631222c226b696e64223a224c69737422â€¦
Apr 06, 2021 9:11:35 AM io.fabric8.kubernetes.client.dsl.internal.WatchHTTPManager scheduleReconnect
WARN: Ignoring error for already closed/closing connection
Apr 06, 2021 9:11:35 AM okhttp3.mockwebserver.MockWebServer$3 processOneRequest
INFO: MockWebServer[43257] received request: GET /api/v1/namespaces/entando-k8s-composite-app-controller-carcms34/pods?labelSelector=EntandoPlugin%3Dtest-plugin-carcms34%2CEntandoResourceNamespace%3Dentando-k8s-composite-app-controller-carcms34%2CEntandoResourceKind%3DEntandoPlugin&watch=**** HTTP/1.1 and responded: HTTP/1.1 200 OK
Apr 06, 2021 9:11:35 AM okhttp3.mockwebserver.MockWebServer$3 processOneRequest
INFO: MockWebServer[43257] received request: POST /api/v1/namespaces/entando-k8s-composite-app-controller-carcms34/pods HTTP/1.1 and responded: HTTP/1.1 202 OK
Apr 06, 2021 9:11:35 AM org.entando.kubernetes.client.KubernetesRestInterceptor invoke
INFO: Entering method loadPod in class org.entando.kubernetes.controller.support.client.PodClient with entando-k8s-composite-app-controller-carcms34,[Ljava.lang.String;@286ee917
Apr 06, 2021 9:11:35 AM okhttp3.mockwebserver.MockWebServer$3 processOneRequest
INFO: MockWebServer[43257] received request: GET /api/v1/namespaces/entando-k8s-composite-app-controller-carcms34/pods?labelSelector=EntandoPlugin%3Dtest-plugin-carcms34 HTTP/1.1 and responded: HTTP/1.1 200 OK
Apr 06, 2021 9:11:35 AM okhttp3.mockwebserver.MockWebServer$3 processOneRequest
INFO: MockWebServer[43257] received request: GET /api/v1/namespaces/entando-k8s-composite-app-controller-carcms34/pods?fieldSelector=metadata.name%3Dtest-plugin-carcms34-deployer-8383&watch=**** HTTP/1.1 and responded: HTTP/1.1 200 OK
Apr 06, 2021 9:11:35 AM org.entando.kubernetes.client.KubernetesRestInterceptor invoke
INFO: Exiting method loadPod in class org.entando.kubernetes.controller.support.client.PodClient
Apr 06, 2021 9:11:35 AM okhttp3.mockwebserver.MockWebServer$3 processOneRequest
INFO: MockWebServer[43257] received request: GET /api/v1/namespaces/entando-k8s-composite-app-controller-carcms34/pods/test-plugin-carcms34-deployer-8383 HTTP/1.1 and responded: HTTP/1.1 200 OK
Apr 06, 2021 9:11:35 AM okhttp3.mockwebserver.MockWebServer$3 processOneRequest
INFO: MockWebServer[43257] received request: GET /api/v1/namespaces/entando-k8s-composite-app-controller-carcms34/pods?fieldSelector=metadata.name%3Dtest-plugin-carcms34-deployer-8383&watch=**** HTTP/1.1 and responded: HTTP/1.1 200 OK
Apr 06, 2021 9:11:35 AM io.fabric8.kubernetes.client.dsl.internal.WatchHTTPManager$1 onResponse
INFO: Watch terminated unexpectedly. reason: \n not found: limit=5015 content=7b2261706956657273696f6e223a227631222c226b696e64223a224c69737422â€¦
Apr 06, 2021 9:11:35 AM okhttp3.mockwebserver.MockWebServer$3 processOneRequest
INFO: MockWebServer[43257] received request: PATCH /api/v1/namespaces/entando-k8s-composite-app-controller-carcms34/pods/test-plugin-carcms34-deployer-8383 HTTP/1.1 and responded: HTTP/1.1 202 OK
Apr 06, 2021 9:11:36 AM org.entando.kubernetes.client.KubernetesRestInterceptor invoke
INFO: Exiting method runToCompletion in class org.entando.kubernetes.controller.support.client.PodClient
Apr 06, 2021 9:11:36 AM org.entando.kubernetes.client.KubernetesRestInterceptor invoke
INFO: Entering method updateStatus in class org.entando.kubernetes.controller.support.client.EntandoResourceClient with EntandoCompositeApp: entando-k8s-composite-app-controller-carcms34/my-app-carcms34
Apr 06, 2021 9:11:36 AM okhttp3.mockwebserver.MockWebServer$3 processOneRequest
INFO: MockWebServer[43257] received request: POST /api/v1/namespaces/entando-k8s-composite-app-controller-carcms34/events HTTP/1.1 and responded: HTTP/1.1 202 OK
Apr 06, 2021 9:11:36 AM io.fabric8.kubernetes.client.dsl.internal.WatchHTTPManager$1 onResponse
INFO: Watch terminated unexpectedly. reason: \n not found: limit=5199 content=7b2261706956657273696f6e223a227631222c226b696e64223a224c69737422â€¦
Apr 06, 2021 9:11:36 AM io.fabric8.kubernetes.client.dsl.internal.WatchHTTPManager scheduleReconnect
WARN: Ignoring error for already closed/closing connection
Apr 06, 2021 9:11:36 AM okhttp3.mockwebserver.MockWebServer$3 processOneRequest
INFO: MockWebServer[43257] received request: GET /api/v1/namespaces/entando-k8s-composite-app-controller-carcms34/pods?fieldSelector=metadata.name%3Dtest-plugin-carcms34-deployer-8383&watch=**** HTTP/1.1 and responded: HTTP/1.1 200 OK
Apr 06, 2021 9:11:36 AM okhttp3.mockwebserver.MockWebServer$3 processOneRequest
INFO: MockWebServer[43257] received request: GET /apis/entando.org/v1/namespaces/entando-k8s-composite-app-controller-carcms34/entandocompositeapps/my-app-carcms34 HTTP/1.1 and responded: HTTP/1.1 200 OK
Apr 06, 2021 9:11:36 AM okhttp3.mockwebserver.MockWebServer$3 processOneRequest
INFO: MockWebServer[43257] received request: PUT /apis/entando.org/v1/namespaces/entando-k8s-composite-app-controller-carcms34/entandocompositeapps/my-app-carcms34/status HTTP/1.1 and responded: HTTP/1.1 202 OK
Apr 06, 2021 9:11:36 AM org.entando.kubernetes.client.KubernetesRestInterceptor invoke
INFO: Exiting method updateStatus in class org.entando.kubernetes.controller.support.client.EntandoResourceClient
Apr 06, 2021 9:11:36 AM org.entando.kubernetes.client.KubernetesRestInterceptor invoke
INFO: Entering method updatePhase in class org.entando.kubernetes.controller.support.client.EntandoResourceClient with EntandoCompositeApp: entando-k8s-composite-app-controller-carcms34/my-app-carcms34
Apr 06, 2021 9:11:36 AM okhttp3.mockwebserver.MockWebServer$3 processOneRequest
INFO: MockWebServer[43257] received request: POST /api/v1/namespaces/entando-k8s-composite-app-controller-carcms34/events HTTP/1.1 and responded: HTTP/1.1 202 OK
Apr 06, 2021 9:11:36 AM okhttp3.mockwebserver.MockWebServer$3 processOneRequest
INFO: MockWebServer[43257] received request: GET /apis/entando.org/v1/namespaces/entando-k8s-composite-app-controller-carcms34/entandocompositeapps/my-app-carcms34 HTTP/1.1 and responded: HTTP/1.1 200 OK
Apr 06, 2021 9:11:37 AM okhttp3.mockwebserver.MockWebServer$3 processOneRequest
INFO: MockWebServer[43257] received request: PUT /apis/entando.org/v1/namespaces/entando-k8s-composite-app-controller-carcms34/entandocompositeapps/my-app-carcms34/status HTTP/1.1 and responded: HTTP/1.1 202 OK
Apr 06, 2021 9:11:37 AM org.entando.kubernetes.client.KubernetesRestInterceptor invoke
INFO: Exiting method updatePhase in class org.entando.kubernetes.controller.support.client.EntandoResourceClient
Apr 06, 2021 9:11:37 AM okhttp3.mockwebserver.MockWebServer$3 processOneRequest
INFO: MockWebServer[43257] received request: GET /api/v1/namespaces/entando-k8s-composite-app-controller-carcms34/pods?labelSelector=EntandoResourceKind%3DEntandoKeycloakServer%2CEntandoKeycloakServer%3Dtest-keycloak-carcms34 HTTP/1.1 and responded: HTTP/1.1 200 OK
Apr 06, 2021 9:11:37 AM okhttp3.mockwebserver.MockWebServer$3 processOneRequest
INFO: MockWebServer[43257] received request: GET /api/v1/namespaces/entando-k8s-composite-app-controller-carcms34/pods?labelSelector=EntandoResourceKind%3DEntandoKeycloakServer%2CEntandoKeycloakServer%3Dtest-keycloak-carcms34 HTTP/1.1 and responded: HTTP/1.1 200 OK
Apr 06, 2021 9:11:37 AM okhttp3.mockwebserver.MockWebServer$3 processOneRequest
INFO: MockWebServer[43257] received request: GET /api/v1/namespaces/entando-k8s-composite-app-controller-carcms34 HTTP/1.1 and responded: HTTP/1.1 404 Client Error
Apr 06, 2021 9:11:37 AM okhttp3.mockwebserver.MockWebServer$3 processOneRequest
INFO: MockWebServer[43257] received request: GET /apis/entando.org/v1/namespaces/default/entandokeycloakservers HTTP/1.1 and responded: HTTP/1.1 200 OK
Apr 06, 2021 9:11:37 AM okhttp3.mockwebserver.MockWebServer$3 processOneRequest
INFO: MockWebServer[43257] received request: GET /api/v1/namespaces/entando-k8s-composite-app-controller-carcms34 HTTP/1.1 and responded: HTTP/1.1 404 Client Error
Apr 06, 2021 9:11:37 AM okhttp3.mockwebserver.MockWebServer$3 processOneRequest
INFO: MockWebServer[43257] received request: GET /apis/entando.org/v1/namespaces/default/entandokeycloakservers HTTP/1.1 and responded: HTTP/1.1 200 OK
Apr 06, 2021 9:11:37 AM okhttp3.mockwebserver.MockWebServer$3 processOneRequest
INFO: MockWebServer[43257] received request: GET /apis/entando.org/v1/namespaces/entando-k8s-composite-app-controller-carcms34/entandokeycloakservers/test-keycloak-carcms34 HTTP/1.1 and responded: HTTP/1.1 200 OK
Apr 06, 2021 9:11:37 AM okhttp3.mockwebserver.MockWebServer$3 processOneRequest
INFO: MockWebServer[43257] received request: GET /api/v1/namespaces/entando-k8s-composite-app-controller-carcms34 HTTP/1.1 and responded: HTTP/1.1 404 Client Error
Apr 06, 2021 9:11:37 AM okhttp3.mockwebserver.MockWebServer$3 processOneRequest
INFO: MockWebServer[43257] received request: GET /apis/entando.org/v1/namespaces/default/entandocompositeapps HTTP/1.1 and responded: HTTP/1.1 200 OK
Apr 06, 2021 9:11:37 AM okhttp3.mockwebserver.MockWebServer$3 processOneRequest
INFO: MockWebServer[43257] received request: GET /api/v1/namespaces/entando-k8s-composite-app-controller-carcms34 HTTP/1.1 and responded: HTTP/1.1 404 Client Error
Apr 06, 2021 9:11:38 AM okhttp3.mockwebserver.MockWebServer$3 processOneRequest
INFO: MockWebServer[43257] received request: GET /apis/entando.org/v1/namespaces/default/entandocompositeapps HTTP/1.1 and responded: HTTP/1.1 200 OK
Apr 06, 2021 9:11:38 AM okhttp3.mockwebserver.MockWebServer$3 processOneRequest
INFO: MockWebServer[43257] received request: GET /apis/entando.org/v1/namespaces/entando-k8s-composite-app-controller-carcms34/entandocompositeapps/my-app-carcms34 HTTP/1.1 and responded: HTTP/1.1 200 OK
Apr 06, 2021 9:11:38 AM okhttp3.mockwebserver.MockWebServer$3 processOneRequest
INFO: MockWebServer[43257] received request: GET /api/v1/namespaces/entando-k8s-composite-app-controller-carcms34/pods?labelSelector=EntandoPlugin%3Dtest-plugin-carcms34%2CEntandoResourceKind%3DEntandoPlugin HTTP/1.1 and responded: HTTP/1.1 200 OK
Apr 06, 2021 9:11:38 AM okhttp3.mockwebserver.MockWebServer$3 processOneRequest
INFO: MockWebServer[43257] received request: GET /api/v1/namespaces/entando-k8s-composite-app-controller-carcms34/pods?labelSelector=EntandoPlugin%3Dtest-plugin-carcms34%2CEntandoResourceKind%3DEntandoPlugin HTTP/1.1 and responded: HTTP/1.1 200 OK
Apr 06, 2021 9:11:38 AM okhttp3.mockwebserver.MockWebServer$3 processOneRequest
INFO: MockWebServer[43257] received request: GET /api/v1/namespaces/entando-k8s-composite-app-controller-carcms34 HTTP/1.1 and responded: HTTP/1.1 404 Client Error
Apr 06, 2021 9:11:38 AM okhttp3.mockwebserver.MockWebServer$3 processOneRequest
INFO: MockWebServer[43257] received request: GET /apis/entando.org/v1/namespaces/default/entandoplugins HTTP/1.1 and responded: HTTP/1.1 200 OK
Apr 06, 2021 9:11:38 AM okhttp3.mockwebserver.MockWebServer$3 processOneRequest
INFO: MockWebServer[43257] received request: GET /api/v1/namespaces/entando-k8s-composite-app-controller-carcms34 HTTP/1.1 and responded: HTTP/1.1 404 Client Error
Apr 06, 2021 9:11:38 AM okhttp3.mockwebserver.MockWebServer$3 processOneRequest
INFO: MockWebServer[43257] received request: GET /apis/entando.org/v1/namespaces/default/entandoplugins HTTP/1.1 and responded: HTTP/1.1 200 OK
Apr 06, 2021 9:11:38 AM okhttp3.mockwebserver.MockWebServer$3 processOneRequest
INFO: MockWebServer[43257] received request: GET /apis/entando.org/v1/namespaces/entando-k8s-composite-app-controller-carcms34/entandoplugins/test-plugin-carcms34 HTTP/1.1 and responded: HTTP/1.1 200 OK
Apr 06, 2021 9:11:39 AM okhttp3.mockwebserver.MockWebServer$3 processOneRequest
INFO: MockWebServer[43257] received request: GET /apis/entando.org/v1/namespaces/entando-k8s-composite-app-controller-carcms34/entandocompositeapps/my-app-carcms34 HTTP/1.1 and responded: HTTP/1.1 200 OK
Apr 06, 2021 9:11:39 AM okhttp3.mockwebserver.MockWebServer$3 processOneRequest
INFO: MockWebServer[43257] received request: GET /apis/entando.org/v1/namespaces/entando-k8s-composite-app-controller-carcms34/entandocompositeapps/my-app-carcms34 HTTP/1.1 and responded: HTTP/1.1 200 OK
Apr 06, 2021 9:11:39 AM org.entando.kubernetes.client.KubernetesRestInterceptor invoke
INFO: Entering method getPodWatcherQueue in class org.entando.kubernetes.controller.support.client.PodWaitingClient
Apr 06, 2021 9:11:39 AM org.entando.kubernetes.client.KubernetesRestInterceptor invoke
INFO: Exiting method getPodWatcherQueue in class org.entando.kubernetes.controller.support.client.PodWaitingClient
Apr 06, 2021 9:11:39 AM okhttp3.mockwebserver.MockWebServer$2 acceptConnections
INFO: MockWebServer[43257] done accepting connections: Socket closed
Apr 06, 2021 9:11:39 AM okhttp3.mockwebserver.MockWebServer$2 e**cute
INFO: MockWebServer[37269] starting to accept connections
Apr 06, 2021 9:11:39 AM okhttp3.mockwebserver.MockWebServer$3 processOneRequest
INFO: MockWebServer[37269] received request: GET /api/v1/namespaces/entando HTTP/1.1 and responded: HTTP/1.1 404 Client Error
Apr 06, 2021 9:11:39 AM okhttp3.mockwebserver.MockWebServer$3 processOneRequest
INFO: MockWebServer[37269] received request: POST /api/v1/namespaces HTTP/1.1 and responded: HTTP/1.1 202 OK
Apr 06, 2021 9:11:39 AM org.entando.kubernetes.client.KubernetesRestInterceptor invoke
INFO: Entering method loadDockerImageInfoConfigMap in class org.entando.kubernetes.controller.support.client.EntandoResourceClient
Apr 06, 2021 9:11:39 AM okhttp3.mockwebserver.MockWebServer$3 processOneRequest
INFO: MockWebServer[37269] received request: GET /api/v1/namespaces/entando/configmaps/entando-docker-image-info-v6.3 HTTP/1.1 and responded: HTTP/1.1 404 Client Error
Apr 06, 2021 9:11:39 AM org.entando.kubernetes.client.KubernetesRestInterceptor invoke
INFO: Exiting method loadDockerImageInfoConfigMap in class org.entando.kubernetes.controller.support.client.EntandoResourceClient
Apr 06, 2021 9:11:39 AM okhttp3.mockwebserver.MockWebServer$3 processOneRequest
INFO: MockWebServer[37269] received request: GET /api/v1/namespaces/entando/configmaps/entando-docker-image-info-v6.3 HTTP/1.1 and responded: HTTP/1.1 404 Client Error
Apr 06, 2021 9:11:39 AM okhttp3.mockwebserver.MockWebServer$3 processOneRequest
INFO: MockWebServer[37269] received request: POST /api/v1/namespaces/entando/configmaps HTTP/1.1 and responded: HTTP/1.1 202 OK
Apr 06, 2021 9:11:39 AM okhttp3.mockwebserver.MockWebServer$3 processOneRequest
INFO: MockWebServer[37269] received request: GET /api/v1/namespaces/entando/configmaps/entando-docker-image-info-v6.3 HTTP/1.1 and responded: HTTP/1.1 200 OK
Apr 06, 2021 9:11:39 AM okhttp3.mockwebserver.MockWebServer$3 processOneRequest
INFO: MockWebServer[37269] received request: GET /api/v1/namespaces/entando/configmaps/entando-docker-image-info-v6.3 HTTP/1.1 and responded: HTTP/1.1 200 OK
Apr 06, 2021 9:11:39 AM okhttp3.mockwebserver.MockWebServer$3 processOneRequest
INFO: MockWebServer[37269] received request: GET /api/v1/namespaces/entando/configmaps/entando-docker-image-info-v6.3 HTTP/1.1 and responded: HTTP/1.1 200 OK
Apr 06, 2021 9:11:40 AM okhttp3.mockwebserver.MockWebServer$3 processOneRequest
INFO: MockWebServer[37269] received request: PATCH /api/v1/namespaces/entando/configmaps/entando-docker-image-info-v6.3 HTTP/1.1 and responded: HTTP/1.1 202 OK
Apr 06, 2021 9:11:40 AM org.entando.kubernetes.client.KubernetesRestInterceptor invoke
INFO: Entering method createOrPatchEntandoResource in class org.entando.kubernetes.controller.support.client.EntandoResourceClient with EntandoPlugin: entando-k8s-composite-app-controller-carcms34/test-plugin-carcms34
Apr 06, 2021 9:11:40 AM okhttp3.mockwebserver.MockWebServer$3 processOneRequest
INFO: MockWebServer[37269] received request: GET /api/v1/namespaces/entando-k8s-composite-app-controller-carcms34 HTTP/1.1 and responded: HTTP/1.1 404 Client Error
Apr 06, 2021 9:11:40 AM okhttp3.mockwebserver.MockWebServer$3 processOneRequest
INFO: MockWebServer[37269] received request: GET /apis/entando.org/v1/namespaces/default/entandoplugins HTTP/1.1 and responded: HTTP/1.1 200 OK
Apr 06, 2021 9:11:40 AM okhttp3.mockwebserver.MockWebServer$3 processOneRequest
INFO: MockWebServer[37269] received request: GET /api/v1/namespaces/entando-k8s-composite-app-controller-carcms34 HTTP/1.1 and responded: HTTP/1.1 404 Client Error
Apr 06, 2021 9:11:40 AM okhttp3.mockwebserver.MockWebServer$3 processOneRequest
INFO: MockWebServer[37269] received request: GET /apis/entando.org/v1/namespaces/default/entandoplugins HTTP/1.1 and responded: HTTP/1.1 200 OK
Apr 06, 2021 9:11:40 AM okhttp3.mockwebserver.MockWebServer$3 processOneRequest
INFO: MockWebServer[37269] received request: GET /apis/entando.org/v1/namespaces/entando-k8s-composite-app-controller-carcms34/entandoplugins/test-plugin-carcms34 HTTP/1.1 and responded: HTTP/1.1 404 Client Error
Apr 06, 2021 9:11:40 AM okhttp3.mockwebserver.MockWebServer$3 processOneRequest
INFO: MockWebServer[37269] received request: POST /apis/entando.org/v1/namespaces/entando-k8s-composite-app-controller-carcms34/entandoplugins HTTP/1.1 and responded: HTTP/1.1 202 OK
Apr 06, 2021 9:11:40 AM org.entando.kubernetes.client.KubernetesRestInterceptor invoke
INFO: Exiting method createOrPatchEntandoResource in class org.entando.kubernetes.controller.support.client.EntandoResourceClient
Apr 06, 2021 9:11:40 AM okhttp3.mockwebserver.MockWebServer$3 processOneRequest
INFO: MockWebServer[37269] received request: GET /api/v1/namespaces/entando-k8s-composite-app-controller-carcms34 HTTP/1.1 and responded: HTTP/1.1 404 Client Error
Apr 06, 2021 9:11:40 AM okhttp3.mockwebserver.MockWebServer$3 processOneRequest
INFO: MockWebServer[37269] received request: GET /apis/entando.org/v1/namespaces/default/entandocompositeapps HTTP/1.1 and responded: HTTP/1.1 200 OK
Apr 06, 2021 9:11:40 AM okhttp3.mockwebserver.MockWebServer$3 processOneRequest
INFO: MockWebServer[37269] received request: GET /api/v1/namespaces/entando-k8s-composite-app-controller-carcms34 HTTP/1.1 and responded: HTTP/1.1 404 Client Error
Apr 06, 2021 9:11:40 AM okhttp3.mockwebserver.MockWebServer$3 processOneRequest
INFO: MockWebServer[37269] received request: GET /apis/entando.org/v1/namespaces/default/entandocompositeapps HTTP/1.1 and responded: HTTP/1.1 200 OK
Apr 06, 2021 9:11:40 AM okhttp3.mockwebserver.MockWebServer$3 processOneRequest
INFO: MockWebServer[37269] received request: POST /apis/entando.org/v1/namespaces/entando-k8s-composite-app-controller-carcms34/entandocompositeapps HTTP/1.1 and responded: HTTP/1.1 202 OK
Apr 06, 2021 9:11:41 AM org.entando.kubernetes.client.KubernetesRestInterceptor invoke
INFO: Entering method loadOperatorConfig in class org.entando.kubernetes.controller.support.client.EntandoResourceClient
Apr 06, 2021 9:11:41 AM okhttp3.mockwebserver.MockWebServer$3 processOneRequest
INFO: MockWebServer[37269] received request: GET /api/v1/namespaces/entando-k8s-composite-app-controller-carcms34/configmaps/entando-operator-config HTTP/1.1 and responded: HTTP/1.1 404 Client Error
Apr 06, 2021 9:11:41 AM org.entando.kubernetes.client.KubernetesRestInterceptor invoke
INFO: Exiting method loadOperatorConfig in class org.entando.kubernetes.controller.support.client.EntandoResourceClient
Apr 06, 2021 9:11:41 AM org.entando.kubernetes.client.KubernetesRestInterceptor invoke
INFO: Entering method load in class org.entando.kubernetes.controller.support.client.EntandoResourceClient with class org.entando.kubernetes.model.compositeapp.EntandoCompositeApp,entando-k8s-composite-app-controller-carcms34,my-app-carcms34
Apr 06, 2021 9:11:41 AM org.entando.kubernetes.client.KubernetesRestInterceptor invoke
INFO: Entering method getPodWatcherQueue in class org.entando.kubernetes.controller.support.client.PodWaitingClient
Apr 06, 2021 9:11:41 AM org.entando.kubernetes.client.KubernetesRestInterceptor invoke
INFO: Exiting method getPodWatcherQueue in class org.entando.kubernetes.controller.support.client.PodWaitingClient
Apr 06, 2021 9:11:41 AM okhttp3.mockwebserver.MockWebServer$3 processOneRequest
INFO: MockWebServer[37269] received request: GET /api/v1/namespaces/entando-k8s-composite-app-controller-carcms34 HTTP/1.1 and responded: HTTP/1.1 404 Client Error
Apr 06, 2021 9:11:41 AM okhttp3.mockwebserver.MockWebServer$3 processOneRequest
INFO: MockWebServer[37269] received request: GET /apis/entando.org/v1/namespaces/default/entandocompositeapps HTTP/1.1 and responded: HTTP/1.1 200 OK
Apr 06, 2021 9:11:41 AM okhttp3.mockwebserver.MockWebServer$3 processOneRequest
INFO: MockWebServer[37269] received request: GET /api/v1/namespaces/entando-k8s-composite-app-controller-carcms34 HTTP/1.1 and responded: HTTP/1.1 404 Client Error
Apr 06, 2021 9:11:41 AM okhttp3.mockwebserver.MockWebServer$3 processOneRequest
INFO: MockWebServer[37269] received request: GET /apis/entando.org/v1/namespaces/default/entandocompositeapps HTTP/1.1 and responded: HTTP/1.1 200 OK
Apr 06, 2021 9:11:41 AM okhttp3.mockwebserver.MockWebServer$3 processOneRequest
INFO: MockWebServer[37269] received request: GET /apis/entando.org/v1/namespaces/entando-k8s-composite-app-controller-carcms34/entandocompositeapps/my-app-carcms34 HTTP/1.1 and responded: HTTP/1.1 200 OK
Apr 06, 2021 9:11:41 AM org.entando.kubernetes.client.KubernetesRestInterceptor invoke
INFO: Exiting method load in class org.entando.kubernetes.controller.support.client.EntandoResourceClient
Apr 06, 2021 9:11:41 AM org.entando.kubernetes.client.KubernetesRestInterceptor invoke
INFO: Entering method updatePhase in class org.entando.kubernetes.controller.support.client.EntandoResourceClient with EntandoCompositeApp: entando-k8s-composite-app-controller-carcms34/my-app-carcms34
Apr 06, 2021 9:11:41 AM okhttp3.mockwebserver.MockWebServer$3 processOneRequest
INFO: MockWebServer[37269] received request: POST /api/v1/namespaces/entando-k8s-composite-app-controller-carcms34/events HTTP/1.1 and responded: HTTP/1.1 202 OK
Apr 06, 2021 9:11:41 AM okhttp3.mockwebserver.MockWebServer$3 processOneRequest
INFO: MockWebServer[37269] received request: GET /apis/entando.org/v1/namespaces/entando-k8s-composite-app-controller-carcms34/entandocompositeapps/my-app-carcms34 HTTP/1.1 and responded: HTTP/1.1 200 OK
Apr 06, 2021 9:11:41 AM okhttp3.mockwebserver.MockWebServer$3 processOneRequest
INFO: MockWebServer[37269] received request: PUT /apis/entando.org/v1/namespaces/entando-k8s-composite-app-controller-carcms34/entandocompositeapps/my-app-carcms34/status HTTP/1.1 and responded: HTTP/1.1 202 OK
Apr 06, 2021 9:11:41 AM org.entando.kubernetes.client.KubernetesRestInterceptor invoke
INFO: Exiting method updatePhase in class org.entando.kubernetes.controller.support.client.EntandoResourceClient
Apr 06, 2021 9:11:41 AM org.entando.kubernetes.client.KubernetesRestInterceptor invoke
INFO: Entering method loadDockerImageInfoConfigMap in class org.entando.kubernetes.controller.support.client.EntandoResourceClient
Apr 06, 2021 9:11:41 AM okhttp3.mockwebserver.MockWebServer$3 processOneRequest
INFO: MockWebServer[37269] received request: GET /api/v1/namespaces/entando/configmaps/entando-docker-image-info-v6.3 HTTP/1.1 and responded: HTTP/1.1 200 OK
Apr 06, 2021 9:11:41 AM org.entando.kubernetes.client.KubernetesRestInterceptor invoke
INFO: Exiting method loadDockerImageInfoConfigMap in class org.entando.kubernetes.controller.support.client.EntandoResourceClient
Apr 06, 2021 9:11:41 AM org.entando.kubernetes.client.KubernetesRestInterceptor invoke
INFO: Entering method createOrPatchEntandoResource in class org.entando.kubernetes.controller.support.client.EntandoResourceClient with EntandoKeycloakServer: entando-k8s-composite-app-controller-carcms34/test-keycloak-carcms34
Apr 06, 2021 9:11:41 AM okhttp3.mockwebserver.MockWebServer$3 processOneRequest
INFO: MockWebServer[37269] received request: GET /api/v1/namespaces/entando-k8s-composite-app-controller-carcms34 HTTP/1.1 and responded: HTTP/1.1 404 Client Error
Apr 06, 2021 9:11:41 AM okhttp3.mockwebserver.MockWebServer$3 processOneRequest
INFO: MockWebServer[37269] received request: GET /apis/entando.org/v1/namespaces/default/entandokeycloakservers HTTP/1.1 and responded: HTTP/1.1 200 OK
Apr 06, 2021 9:11:42 AM okhttp3.mockwebserver.MockWebServer$3 processOneRequest
INFO: MockWebServer[37269] received request: GET /api/v1/namespaces/entando-k8s-composite-app-controller-carcms34 HTTP/1.1 and responded: HTTP/1.1 404 Client Error
Apr 06, 2021 9:11:42 AM okhttp3.mockwebserver.MockWebServer$3 processOneRequest
INFO: MockWebServer[37269] received request: GET /apis/entando.org/v1/namespaces/default/entandokeycloakservers HTTP/1.1 and responded: HTTP/1.1 200 OK
Apr 06, 2021 9:11:42 AM okhttp3.mockwebserver.MockWebServer$3 processOneRequest
INFO: MockWebServer[37269] received request: GET /apis/entando.org/v1/namespaces/entando-k8s-composite-app-controller-carcms34/entandokeycloakservers/test-keycloak-carcms34 HTTP/1.1 and responded: HTTP/1.1 404 Client Error
Apr 06, 2021 9:11:42 AM okhttp3.mockwebserver.MockWebServer$3 processOneRequest
INFO: MockWebServer[37269] received request: POST /apis/entando.org/v1/namespaces/entando-k8s-composite-app-controller-carcms34/entandokeycloakservers HTTP/1.1 and responded: HTTP/1.1 202 OK
Apr 06, 2021 9:11:42 AM org.entando.kubernetes.client.KubernetesRestInterceptor invoke
INFO: Exiting method createOrPatchEntandoResource in class org.entando.kubernetes.controller.support.client.EntandoResourceClient
Apr 06, 2021 9:11:42 AM org.entando.kubernetes.client.KubernetesRestInterceptor invoke
INFO: Entering method removeAndWait in class org.entando.kubernetes.controller.support.client.PodClient with entando-k8s-composite-app-controller-carcms34,{EntandoKeycloakServer=test-keycloak-carcms34, EntandoResourceNamespace=entando-k8s-composite-app-controller-carcms34, EntandoResourceKind=EntandoKeycloakServer}
Apr 06, 2021 9:11:42 AM okhttp3.mockwebserver.MockWebServer$3 processOneRequest
INFO: MockWebServer[37269] received request: GET /api/v1/namespaces/entando-k8s-composite-app-controller-carcms34/pods?labelSelector=EntandoResourceNamespace%3Dentando-k8s-composite-app-controller-carcms34%2CEntandoResourceKind%3DEntandoKeycloakServer%2CEntandoKeycloakServer%3Dtest-keycloak-carcms34 HTTP/1.1 and responded: HTTP/1.1 200 OK
Apr 06, 2021 9:11:42 AM org.entando.kubernetes.client.KubernetesRestInterceptor invoke
INFO: Entering method getPodWatcherQueue in class org.entando.kubernetes.controller.support.client.PodWaitingClient
Apr 06, 2021 9:11:42 AM org.entando.kubernetes.client.KubernetesRestInterceptor invoke
INFO: Exiting method getPodWatcherQueue in class org.entando.kubernetes.controller.support.client.PodWaitingClient
Apr 06, 2021 9:11:42 AM okhttp3.mockwebserver.MockWebServer$3 processOneRequest
INFO: MockWebServer[37269] received request: GET /api/v1/namespaces/entando-k8s-composite-app-controller-carcms34/pods?labelSelector=EntandoResourceNamespace%3Dentando-k8s-composite-app-controller-carcms34%2CEntandoResourceKind%3DEntandoKeycloakServer%2CEntandoKeycloakServer%3Dtest-keycloak-carcms34&watch=**** HTTP/1.1 and responded: HTTP/1.1 200 OK
Apr 06, 2021 9:11:42 AM okhttp3.mockwebserver.MockWebServer$3 processOneRequest
INFO: MockWebServer[37269] received request: GET /api/v1/namespaces/entando-k8s-composite-app-controller-carcms34/pods?labelSelector=EntandoResourceNamespace%3Dentando-k8s-composite-app-controller-carcms34%2CEntandoResourceKind%3DEntandoKeycloakServer%2CEntandoKeycloakServer%3Dtest-keycloak-carcms34&watch=**** HTTP/1.1 and responded: HTTP/1.1 200 OK
Apr 06, 2021 9:11:42 AM okhttp3.mockwebserver.MockWebServer$3 processOneRequest
INFO: MockWebServer[37269] received request: GET /api/v1/namespaces/entando-k8s-composite-app-controller-carcms34/pods?labelSelector=EntandoResourceNamespace%3Dentando-k8s-composite-app-controller-carcms34%2CEntandoResourceKind%3DEntandoKeycloakServer%2CEntandoKeycloakServer%3Dtest-keycloak-carcms34 HTTP/1.1 and responded: HTTP/1.1 200 OK
Apr 06, 2021 9:11:42 AM io.fabric8.kubernetes.client.dsl.internal.WatchHTTPManager$1 onResponse
INFO: Watch terminated unexpectedly. reason: \n not found: limit=46 content=7b2261706956657273696f6e223a227631222c226b696e64223a224c69737422â€¦
Apr 06, 2021 9:11:42 AM okhttp3.mockwebserver.MockWebServer$3 processOneRequest
INFO: MockWebServer[37269] received request: GET /api/v1/namespaces/entando-k8s-composite-app-controller-carcms34/pods?labelSelector=EntandoResourceNamespace%3Dentando-k8s-composite-app-controller-carcms34%2CEntandoResourceKind%3DEntandoKeycloakServer%2CEntandoKeycloakServer%3Dtest-keycloak-carcms34 HTTP/1.1 and responded: HTTP/1.1 200 OK
Apr 06, 2021 9:11:43 AM org.entando.kubernetes.client.KubernetesRestInterceptor invoke
INFO: Exiting method removeAndWait in class org.entando.kubernetes.controller.support.client.PodClient
Apr 06, 2021 9:11:43 AM org.entando.kubernetes.client.KubernetesRestInterceptor invoke
INFO: Entering method runToCompletion in class org.entando.kubernetes.controller.support.client.PodClient with Pod: entando-k8s-composite-app-controller-carcms34/test-keycloak-carcms34-deployer-3275
Apr 06, 2021 9:11:43 AM okhttp3.mockwebserver.MockWebServer$3 processOneRequest
INFO: MockWebServer[37269] received request: GET /api/v1/namespaces/entando-k8s-composite-app-controller-carcms34/pods?labelSelector=EntandoResourceNamespace%3Dentando-k8s-composite-app-controller-carcms34%2CEntandoResourceKind%3DEntandoKeycloakServer%2CEntandoKeycloakServer%3Dtest-keycloak-carcms34&watch=**** HTTP/1.1 and responded: HTTP/1.1 200 OK
Apr 06, 2021 9:11:43 AM io.fabric8.kubernetes.client.dsl.internal.WatchHTTPManager$1 onResponse
INFO: Watch terminated unexpectedly. reason: \n not found: limit=46 content=7b2261706956657273696f6e223a227631222c226b696e64223a224c69737422â€¦
Apr 06, 2021 9:11:43 AM io.fabric8.kubernetes.client.dsl.internal.WatchHTTPManager scheduleReconnect
WARN: Ignoring error for already closed/closing connection
Apr 06, 2021 9:11:43 AM okhttp3.mockwebserver.MockWebServer$3 processOneRequest
INFO: MockWebServer[37269] received request: POST /api/v1/namespaces/entando-k8s-composite-app-controller-carcms34/pods HTTP/1.1 and responded: HTTP/1.1 202 OK
Apr 06, 2021 9:11:43 AM org.entando.kubernetes.client.KubernetesRestInterceptor invoke
INFO: Entering method loadPod in class org.entando.kubernetes.controller.support.client.PodClient with entando-k8s-composite-app-controller-carcms34,[Ljava.lang.String;@58613c24
Apr 06, 2021 9:11:43 AM okhttp3.mockwebserver.MockWebServer$3 processOneRequest
INFO: MockWebServer[37269] received request: GET /api/v1/namespaces/entando-k8s-composite-app-controller-carcms34/pods?fieldSelector=metadata.name%3Dtest-keycloak-carcms34-deployer-3275&watch=**** HTTP/1.1 and responded: HTTP/1.1 200 OK
Apr 06, 2021 9:11:43 AM okhttp3.mockwebserver.MockWebServer$3 processOneRequest
INFO: MockWebServer[37269] received request: GET /api/v1/namespaces/entando-k8s-composite-app-controller-carcms34/pods?labelSelector=EntandoKeycloakServer%3Dtest-keycloak-carcms34 HTTP/1.1 and responded: HTTP/1.1 200 OK
Apr 06, 2021 9:11:43 AM org.entando.kubernetes.client.KubernetesRestInterceptor invoke
INFO: Exiting method loadPod in class org.entando.kubernetes.controller.support.client.PodClient
Apr 06, 2021 9:11:43 AM okhttp3.mockwebserver.MockWebServer$3 processOneRequest
INFO: MockWebServer[37269] received request: GET /api/v1/namespaces/entando-k8s-composite-app-controller-carcms34/pods?fieldSelector=metadata.name%3Dtest-keycloak-carcms34-deployer-3275&watch=**** HTTP/1.1 and responded: HTTP/1.1 200 OK
Apr 06, 2021 9:11:43 AM okhttp3.mockwebserver.MockWebServer$3 processOneRequest
INFO: MockWebServer[37269] received request: GET /api/v1/namespaces/entando-k8s-composite-app-controller-carcms34/pods/test-keycloak-carcms34-deployer-3275 HTTP/1.1 and responded: HTTP/1.1 200 OK
Apr 06, 2021 9:11:43 AM io.fabric8.kubernetes.client.dsl.internal.WatchHTTPManager$1 onResponse
INFO: Watch terminated unexpectedly. reason: \n not found: limit=2453 content=7b2261706956657273696f6e223a227631222c226b696e64223a224c69737422â€¦
Apr 06, 2021 9:11:43 AM okhttp3.mockwebserver.MockWebServer$3 processOneRequest
INFO: MockWebServer[37269] received request: PATCH /api/v1/namespaces/entando-k8s-composite-app-controller-carcms34/pods/test-keycloak-carcms34-deployer-3275 HTTP/1.1 and responded: HTTP/1.1 202 OK
Apr 06, 2021 9:11:43 AM org.entando.kubernetes.client.KubernetesRestInterceptor invoke
INFO: Entering method getPodWatcherQueue in class org.entando.kubernetes.controller.support.client.PodWaitingClient
Apr 06, 2021 9:11:43 AM org.entando.kubernetes.client.KubernetesRestInterceptor invoke
INFO: Exiting method getPodWatcherQueue in class org.entando.kubernetes.controller.support.client.PodWaitingClient
Apr 06, 2021 9:11:44 AM org.entando.kubernetes.client.KubernetesRestInterceptor invoke
INFO: Exiting method runToCompletion in class org.entando.kubernetes.controller.support.client.PodClient
Apr 06, 2021 9:11:44 AM org.entando.kubernetes.client.KubernetesRestInterceptor invoke
INFO: Entering method updateStatus in class org.entando.kubernetes.controller.support.client.EntandoResourceClient with EntandoCompositeApp: entando-k8s-composite-app-controller-carcms34/my-app-carcms34
Apr 06, 2021 9:11:44 AM io.fabric8.kubernetes.client.dsl.internal.WatchHTTPManager$1 onResponse
INFO: Watch terminated unexpectedly. reason: \n not found: limit=2637 content=7b2261706956657273696f6e223a227631222c226b696e64223a224c69737422â€¦
Apr 06, 2021 9:11:44 AM io.fabric8.kubernetes.client.dsl.internal.WatchHTTPManager scheduleReconnect
WARN: Ignoring error for already closed/closing connection
Apr 06, 2021 9:11:44 AM okhttp3.mockwebserver.MockWebServer$3 processOneRequest
INFO: MockWebServer[37269] received request: GET /api/v1/namespaces/entando-k8s-composite-app-controller-carcms34/pods?fieldSelector=metadata.name%3Dtest-keycloak-carcms34-deployer-3275&watch=**** HTTP/1.1 and responded: HTTP/1.1 200 OK
Apr 06, 2021 9:11:44 AM okhttp3.mockwebserver.MockWebServer$3 processOneRequest
INFO: MockWebServer[37269] received request: POST /api/v1/namespaces/entando-k8s-composite-app-controller-carcms34/events HTTP/1.1 and responded: HTTP/1.1 202 OK
Apr 06, 2021 9:11:44 AM okhttp3.mockwebserver.MockWebServer$3 processOneRequest
INFO: MockWebServer[37269] received request: GET /apis/entando.org/v1/namespaces/entando-k8s-composite-app-controller-carcms34/entandocompositeapps/my-app-carcms34 HTTP/1.1 and responded: HTTP/1.1 200 OK
Apr 06, 2021 9:11:45 AM okhttp3.mockwebserver.MockWebServer$3 processOneRequest
INFO: MockWebServer[37269] received request: PUT /apis/entando.org/v1/namespaces/entando-k8s-composite-app-controller-carcms34/entandocompositeapps/my-app-carcms34/status HTTP/1.1 and responded: HTTP/1.1 202 OK
Apr 06, 2021 9:11:45 AM org.entando.kubernetes.client.KubernetesRestInterceptor invoke
INFO: Exiting method updateStatus in class org.entando.kubernetes.controller.support.client.EntandoResourceClient
Apr 06, 2021 9:11:45 AM org.entando.kubernetes.client.KubernetesRestInterceptor invoke
INFO: Entering method load in class org.entando.kubernetes.controller.support.client.EntandoResourceClient with class org.entando.kubernetes.model.plugin.EntandoPlugin,entando-k8s-composite-app-controller-carcms34,test-plugin-carcms34
Apr 06, 2021 9:11:45 AM okhttp3.mockwebserver.MockWebServer$3 processOneRequest
INFO: MockWebServer[37269] received request: GET /apis/entando.org/v1/namespaces/entando-k8s-composite-app-controller-carcms34/entandoplugins/test-plugin-carcms34 HTTP/1.1 and responded: HTTP/1.1 200 OK
Apr 06, 2021 9:11:45 AM org.entando.kubernetes.client.KubernetesRestInterceptor invoke
INFO: Exiting method load in class org.entando.kubernetes.controller.support.client.EntandoResourceClient
Apr 06, 2021 9:11:45 AM org.entando.kubernetes.client.KubernetesRestInterceptor invoke
INFO: Entering method createOrPatchEntandoResource in class org.entando.kubernetes.controller.support.client.EntandoResourceClient with EntandoPlugin: entando-k8s-composite-app-controller-carcms34/test-plugin-carcms34
Apr 06, 2021 9:11:45 AM okhttp3.mockwebserver.MockWebServer$3 processOneRequest
INFO: MockWebServer[37269] received request: GET /apis/entando.org/v1/namespaces/entando-k8s-composite-app-controller-carcms34/entandoplugins/test-plugin-carcms34 HTTP/1.1 and responded: HTTP/1.1 200 OK
Apr 06, 2021 9:11:45 AM okhttp3.mockwebserver.MockWebServer$3 processOneRequest
INFO: MockWebServer[37269] received request: GET /apis/entando.org/v1/namespaces/entando-k8s-composite-app-controller-carcms34/entandoplugins/test-plugin-carcms34 HTTP/1.1 and responded: HTTP/1.1 200 OK
Apr 06, 2021 9:11:45 AM okhttp3.mockwebserver.MockWebServer$3 processOneRequest
INFO: MockWebServer[37269] received request: PATCH /apis/entando.org/v1/namespaces/entando-k8s-composite-app-controller-carcms34/entandoplugins/test-plugin-carcms34 HTTP/1.1 and responded: HTTP/1.1 202 OK
Apr 06, 2021 9:11:45 AM org.entando.kubernetes.client.KubernetesRestInterceptor invoke
INFO: Exiting method createOrPatchEntandoResource in class org.entando.kubernetes.controller.support.client.EntandoResourceClient
Apr 06, 2021 9:11:45 AM org.entando.kubernetes.client.KubernetesRestInterceptor invoke
INFO: Entering method removeAndWait in class org.entando.kubernetes.controller.support.client.PodClient with entando-k8s-composite-app-controller-carcms34,{EntandoPlugin=test-plugin-carcms34, EntandoResourceNamespace=entando-k8s-composite-app-controller-carcms34, EntandoResourceKind=EntandoPlugin}
Apr 06, 2021 9:11:45 AM okhttp3.mockwebserver.MockWebServer$3 processOneRequest
INFO: MockWebServer[37269] received request: GET /api/v1/namespaces/entando-k8s-composite-app-controller-carcms34/pods?labelSelector=EntandoPlugin%3Dtest-plugin-carcms34%2CEntandoResourceNamespace%3Dentando-k8s-composite-app-controller-carcms34%2CEntandoResourceKind%3DEntandoPlugin HTTP/1.1 and responded: HTTP/1.1 200 OK
Apr 06, 2021 9:11:45 AM org.entando.kubernetes.client.KubernetesRestInterceptor invoke
INFO: Entering method getPodWatcherQueue in class org.entando.kubernetes.controller.support.client.PodWaitingClient
Apr 06, 2021 9:11:45 AM org.entando.kubernetes.client.KubernetesRestInterceptor invoke
INFO: Exiting method getPodWatcherQueue in class org.entando.kubernetes.controller.support.client.PodWaitingClient
Apr 06, 2021 9:11:45 AM okhttp3.mockwebserver.MockWebServer$3 processOneRequest
INFO: MockWebServer[37269] received request: GET /api/v1/namespaces/entando-k8s-composite-app-controller-carcms34/pods?labelSelector=EntandoPlugin%3Dtest-plugin-carcms34%2CEntandoResourceNamespace%3Dentando-k8s-composite-app-controller-carcms34%2CEntandoResourceKind%3DEntandoPlugin&watch=**** HTTP/1.1 and responded: HTTP/1.1 200 OK
Apr 06, 2021 9:11:45 AM okhttp3.mockwebserver.MockWebServer$3 processOneRequest
INFO: MockWebServer[37269] received request: GET /api/v1/namespaces/entando-k8s-composite-app-controller-carcms34/pods?labelSelector=EntandoPlugin%3Dtest-plugin-carcms34%2CEntandoResourceNamespace%3Dentando-k8s-composite-app-controller-carcms34%2CEntandoResourceKind%3DEntandoPlugin HTTP/1.1 and responded: HTTP/1.1 200 OK
Apr 06, 2021 9:11:45 AM io.fabric8.kubernetes.client.dsl.internal.WatchHTTPManager$1 onResponse
INFO: Watch terminated unexpectedly. reason: \n not found: limit=46 content=7b2261706956657273696f6e223a227631222c226b696e64223a224c69737422â€¦
Apr 06, 2021 9:11:45 AM okhttp3.mockwebserver.MockWebServer$3 processOneRequest
INFO: MockWebServer[37269] received request: GET /api/v1/namespaces/entando-k8s-composite-app-controller-carcms34/pods?labelSelector=EntandoPlugin%3Dtest-plugin-carcms34%2CEntandoResourceNamespace%3Dentando-k8s-composite-app-controller-carcms34%2CEntandoResourceKind%3DEntandoPlugin&watch=**** HTTP/1.1 and responded: HTTP/1.1 200 OK
Apr 06, 2021 9:11:45 AM okhttp3.mockwebserver.MockWebServer$3 processOneRequest
INFO: MockWebServer[37269] received request: GET /api/v1/namespaces/entando-k8s-composite-app-controller-carcms34/pods?labelSelector=EntandoPlugin%3Dtest-plugin-carcms34%2CEntandoResourceNamespace%3Dentando-k8s-composite-app-controller-carcms34%2CEntandoResourceKind%3DEntandoPlugin HTTP/1.1 and responded: HTTP/1.1 200 OK
Apr 06, 2021 9:11:46 AM org.entando.kubernetes.client.KubernetesRestInterceptor invoke
INFO: Exiting method removeAndWait in class org.entando.kubernetes.controller.support.client.PodClient
Apr 06, 2021 9:11:46 AM org.entando.kubernetes.client.KubernetesRestInterceptor invoke
INFO: Entering method runToCompletion in class org.entando.kubernetes.controller.support.client.PodClient with Pod: entando-k8s-composite-app-controller-carcms34/test-plugin-carcms34-deployer-7758
Apr 06, 2021 9:11:46 AM okhttp3.mockwebserver.MockWebServer$3 processOneRequest
INFO: MockWebServer[37269] received request: GET /api/v1/namespaces/entando-k8s-composite-app-controller-carcms34/pods?labelSelector=EntandoPlugin%3Dtest-plugin-carcms34%2CEntandoResourceNamespace%3Dentando-k8s-composite-app-controller-carcms34%2CEntandoResourceKind%3DEntandoPlugin&watch=**** HTTP/1.1 and responded: HTTP/1.1 200 OK
Apr 06, 2021 9:11:46 AM io.fabric8.kubernetes.client.dsl.internal.WatchHTTPManager$1 onResponse
INFO: Watch terminated unexpectedly. reason: \n not found: limit=46 content=7b2261706956657273696f6e223a227631222c226b696e64223a224c69737422â€¦
Apr 06, 2021 9:11:46 AM io.fabric8.kubernetes.client.dsl.internal.WatchHTTPManager scheduleReconnect
WARN: Ignoring error for already closed/closing connection
Apr 06, 2021 9:11:46 AM okhttp3.mockwebserver.MockWebServer$3 processOneRequest
INFO: MockWebServer[37269] received request: POST /api/v1/namespaces/entando-k8s-composite-app-controller-carcms34/pods HTTP/1.1 and responded: HTTP/1.1 202 OK
Apr 06, 2021 9:11:46 AM org.entando.kubernetes.client.KubernetesRestInterceptor invoke
INFO: Entering method loadPod in class org.entando.kubernetes.controller.support.client.PodClient with entando-k8s-composite-app-controller-carcms34,[Ljava.lang.String;@56a6c958
Apr 06, 2021 9:11:46 AM okhttp3.mockwebserver.MockWebServer$3 processOneRequest
INFO: MockWebServer[37269] received request: GET /api/v1/namespaces/entando-k8s-composite-app-controller-carcms34/pods?fieldSelector=metadata.name%3Dtest-plugin-carcms34-deployer-7758&watch=**** HTTP/1.1 and responded: HTTP/1.1 200 OK
Apr 06, 2021 9:11:46 AM okhttp3.mockwebserver.MockWebServer$3 processOneRequest
INFO: MockWebServer[37269] received request: GET /api/v1/namespaces/entando-k8s-composite-app-controller-carcms34/pods?labelSelector=EntandoPlugin%3Dtest-plugin-carcms34 HTTP/1.1 and responded: HTTP/1.1 200 OK
Apr 06, 2021 9:11:46 AM org.entando.kubernetes.client.KubernetesRestInterceptor invoke
INFO: Exiting method loadPod in class org.entando.kubernetes.controller.support.client.PodClient
Apr 06, 2021 9:11:46 AM org.entando.kubernetes.client.KubernetesRestInterceptor invoke
INFO: Exiting method runToCompletion in class org.entando.kubernetes.controller.support.client.PodClient
Apr 06, 2021 9:11:46 AM org.entando.kubernetes.client.KubernetesRestInterceptor invoke
INFO: Entering method updateStatus in class org.entando.kubernetes.controller.support.client.EntandoResourceClient with EntandoCompositeApp: entando-k8s-composite-app-controller-carcms34/my-app-carcms34
Apr 06, 2021 9:11:46 AM okhttp3.mockwebserver.MockWebServer$3 processOneRequest
INFO: MockWebServer[37269] received request: GET /api/v1/namespaces/entando-k8s-composite-app-controller-carcms34/pods?fieldSelector=metadata.name%3Dtest-plugin-carcms34-deployer-7758&watch=**** HTTP/1.1 and responded: HTTP/1.1 200 OK
Apr 06, 2021 9:11:46 AM okhttp3.mockwebserver.MockWebServer$3 processOneRequest
INFO: MockWebServer[37269] received request: POST /api/v1/namespaces/entando-k8s-composite-app-controller-carcms34/events HTTP/1.1 and responded: HTTP/1.1 202 OK
Apr 06, 2021 9:11:46 AM io.fabric8.kubernetes.client.dsl.internal.WatchHTTPManager$1 onResponse
INFO: Watch terminated unexpectedly. reason: \n not found: limit=5021 content=7b2261706956657273696f6e223a227631222c226b696e64223a224c69737422â€¦
Apr 06, 2021 9:11:46 AM io.fabric8.kubernetes.client.dsl.internal.WatchHTTPManager scheduleReconnect
WARN: Ignoring error for already closed/closing connection
Apr 06, 2021 9:11:46 AM okhttp3.mockwebserver.MockWebServer$3 processOneRequest
INFO: MockWebServer[37269] received request: GET /apis/entando.org/v1/namespaces/entando-k8s-composite-app-controller-carcms34/entandocompositeapps/my-app-carcms34 HTTP/1.1 and responded: HTTP/1.1 200 OK
Apr 06, 2021 9:11:47 AM okhttp3.mockwebserver.MockWebServer$3 processOneRequest
INFO: MockWebServer[37269] received request: PUT /apis/entando.org/v1/namespaces/entando-k8s-composite-app-controller-carcms34/entandocompositeapps/my-app-carcms34/status HTTP/1.1 and responded: HTTP/1.1 202 OK
Apr 06, 2021 9:11:47 AM org.entando.kubernetes.client.KubernetesRestInterceptor invoke
INFO: Exiting method updateStatus in class org.entando.kubernetes.controller.support.client.EntandoResourceClient
Apr 06, 2021 9:11:47 AM org.entando.kubernetes.compositeapp.controller.EntandoCompositeAppController logFailure
SEVERE: Unexpected exception occurred while adding EntandoPlugin entando-k8s-composite-app-controller-carcms34/test-plugin-carcms34
Apr 06, 2021 9:11:47 AM org.entando.kubernetes.controller.support.controller.AbstractDbAwareController performSync
SEVERE: Unexpected exception occurred while adding EntandoCompositeApp entando-k8s-composite-app-controller-carcms34/my-app-carcms34
org.entando.kubernetes.controller.support.controller.EntandoControllerException: Unexpected exception occurred while adding EntandoPlugin entando-k8s-composite-app-controller-carcms34/test-plugin-carcms34
	at org.entando.kubernetes.compositeapp.controller.EntandoCompositeAppController.synchronizeDeploymentState(EntandoCompositeAppController.java:95)
	at org.entando.kubernetes.compositeapp.controller.EntandoCompositeAppController.synchronizeDeploymentState(EntandoCompositeAppController.java:56)
	at org.entando.kubernetes.controller.support.controller.AbstractDbAwareController.performSync(AbstractDbAwareController.java:158)
	at org.entando.kubernetes.controller.support.controller.AbstractDbAwareController.processCommand(AbstractDbAwareController.java:130)
	at org.entando.kubernetes.compositeapp.controller.EntandoCompositeAppController.onStartup(EntandoCompositeAppController.java:80)
	at org.entando.kubernetes.compositeapp.controller.inprocesstests.CompositeAppControllerMockedTest.startController(CompositeAppControllerMockedTest.java:179)
	at org.entando.kubernetes.compositeapp.controller.inprocesstests.CompositeAppControllerMockedTest.performCreate(CompositeAppControllerMockedTest.java:103)
	at org.entando.kubernetes.compositeapp.controller.AbstractCompositeAppControllerTest.testE**cuteControllerPod(AbstractCompositeAppControllerTest.java:134)
	at org.entando.kubernetes.compositeapp.controller.inprocesstests.CompositeAppControllerMockedTest.testFailure(CompositeAppControllerMockedTest.java:128)
	at java.base/jdk.internal.reflect.NativeMethodAccessorImpl.invoke0(Native Method)
	at java.base/jdk.internal.reflect.NativeMethodAccessorImpl.invoke(NativeMethodAccessorImpl.java:62)
	at java.base/jdk.internal.reflect.DelegatingMethodAccessorImpl.invoke(DelegatingMethodAccessorImpl.java:43)
	at java.base/java.lang.reflect.Method.invoke(Method.java:566)
	at org.junit.platform.commons.util.ReflectionUtils.invokeMethod(ReflectionUtils.java:688)
	at org.junit.jupiter.engine.e**cution.MethodInvocation.proceed(MethodInvocation.java:60)
	at org.junit.jupiter.engine.e**cution.InvocationInterceptorChain$ValidatingInvocation.proceed(InvocationInterceptorChain.java:131)
	at org.junit.jupiter.engine.extension.TimeoutExtension.intercept(TimeoutExtension.java:149)
	at org.junit.jupiter.engine.extension.TimeoutExtension.interceptTestableMethod(TimeoutExtension.java:140)
	at org.junit.jupiter.engine.extension.TimeoutExtension.interceptTestMethod(TimeoutExtension.java:84)
	at org.junit.jupiter.engine.e**cution.E**cutableInvoker$ReflectiveInterceptorCall.lambda$ofVoidMethod$0(E**cutableInvoker.java:115)
	at org.junit.jupiter.engine.e**cution.E**cutableInvoker.lambda$invoke$0(E**cutableInvoker.java:105)
	at org.junit.jupiter.engine.e**cution.InvocationInterceptorChain$InterceptedInvocation.proceed(InvocationInterceptorChain.java:106)
	at org.junit.jupiter.engine.e**cution.InvocationInterceptorChain.proceed(InvocationInterceptorChain.java:64)
	at org.junit.jupiter.engine.e**cution.InvocationInterceptorChain.chainAndInvoke(InvocationInterceptorChain.java:45)
	at org.junit.jupiter.engine.e**cution.InvocationInterceptorChain.invoke(InvocationInterceptorChain.java:37)
	at org.junit.jupiter.engine.e**cution.E**cutableInvoker.invoke(E**cutableInvoker.java:104)
	at org.junit.jupiter.engine.e**cution.E**cutableInvoker.invoke(E**cutableInvoker.java:98)
	at org.junit.jupiter.engine.descriptor.TestMethodTestDescriptor.lambda$invokeTestMethod$6(TestMethodTestDescriptor.java:210)
	at org.junit.platform.engine.support.hierarchical.ThrowableCollector.e**cute(ThrowableCollector.java:73)
	at org.junit.jupiter.engine.descriptor.TestMethodTestDescriptor.invokeTestMethod(TestMethodTestDescriptor.java:206)
	at org.junit.jupiter.engine.descriptor.TestMethodTestDescriptor.e**cute(TestMethodTestDescriptor.java:131)
	at org.junit.jupiter.engine.descriptor.TestMethodTestDescriptor.e**cute(TestMethodTestDescriptor.java:65)
	at org.junit.platform.engine.support.hierarchical.NodeTestTask.lambda$e**cuteRecursively$5(NodeTestTask.java:139)
	at org.junit.platform.engine.support.hierarchical.ThrowableCollector.e**cute(ThrowableCollector.java:73)
	at org.junit.platform.engine.support.hierarchical.NodeTestTask.lambda$e**cuteRecursively$7(NodeTestTask.java:129)
	at org.junit.platform.engine.support.hierarchical.Node.around(Node.java:137)
	at org.junit.platform.engine.support.hierarchical.NodeTestTask.lambda$e**cuteRecursively$8(NodeTestTask.java:127)
	at org.junit.platform.engine.support.hierarchical.ThrowableCollector.e**cute(ThrowableCollector.java:73)
	at org.junit.platform.engine.support.hierarchical.NodeTestTask.e**cuteRecursively(NodeTestTask.java:126)
	at org.junit.platform.engine.support.hierarchical.NodeTestTask.e**cute(NodeTestTask.java:84)
	at java.base/java.util.ArrayList.forEach(ArrayList.java:1540)
	at org.junit.platform.engine.support.hierarchical.SameThreadHierarchicalTestE**cutorService.invokeAll(SameThreadHierarchicalTestE**cutorService.java:38)
	at org.junit.platform.engine.support.hierarchical.NodeTestTask.lambda$e**cuteRecursively$5(NodeTestTask.java:143)
	at org.junit.platform.engine.support.hierarchical.ThrowableCollector.e**cute(ThrowableCollector.java:73)
	at org.junit.platform.engine.support.hierarchical.NodeTestTask.lambda$e**cuteRecursively$7(NodeTestTask.java:129)
	at org.junit.platform.engine.support.hierarchical.Node.around(Node.java:137)
	at org.junit.platform.engine.support.hierarchical.NodeTestTask.lambda$e**cuteRecursively$8(NodeTestTask.java:127)
	at org.junit.platform.engine.support.hierarchical.ThrowableCollector.e**cute(ThrowableCollector.java:73)
	at org.junit.platform.engine.support.hierarchical.NodeTestTask.e**cuteRecursively(NodeTestTask.java:126)
	at org.junit.platform.engine.support.hierarchical.NodeTestTask.e**cute(NodeTestTask.java:84)
	at java.base/java.util.ArrayList.forEach(ArrayList.java:1540)
	at org.junit.platform.engine.support.hierarchical.SameThreadHierarchicalTestE**cutorService.invokeAll(SameThreadHierarchicalTestE**cutorService.java:38)
	at org.junit.platform.engine.support.hierarchical.NodeTestTask.lambda$e**cuteRecursively$5(NodeTestTask.java:143)
	at org.junit.platform.engine.support.hierarchical.ThrowableCollector.e**cute(ThrowableCollector.java:73)
	at org.junit.platform.engine.support.hierarchical.NodeTestTask.lambda$e**cuteRecursively$7(NodeTestTask.java:129)
	at org.junit.platform.engine.support.hierarchical.Node.around(Node.java:137)
	at org.junit.platform.engine.support.hierarchical.NodeTestTask.lambda$e**cuteRecursively$8(NodeTestTask.java:127)
	at org.junit.platform.engine.support.hierarchical.ThrowableCollector.e**cute(ThrowableCollector.java:73)
	at org.junit.platform.engine.support.hierarchical.NodeTestTask.e**cuteRecursively(NodeTestTask.java:126)
	at org.junit.platform.engine.support.hierarchical.NodeTestTask.e**cute(NodeTestTask.java:84)
	at org.junit.platform.engine.support.hierarchical.SameThreadHierarchicalTestE**cutorService.submit(SameThreadHierarchicalTestE**cutorService.java:32)
	at org.junit.platform.engine.support.hierarchical.HierarchicalTestE**cutor.e**cute(HierarchicalTestE**cutor.java:57)
	at org.junit.platform.engine.support.hierarchical.HierarchicalTestEngine.e**cute(HierarchicalTestEngine.java:51)
	at org.junit.platform.launcher.core.EngineE**cutionOrchestrator.e**cute(EngineE**cutionOrchestrator.java:108)
	at org.junit.platform.launcher.core.EngineE**cutionOrchestrator.e**cute(EngineE**cutionOrchestrator.java:88)
	at org.junit.platform.launcher.core.EngineE**cutionOrchestrator.lambda$e**cute$0(EngineE**cutionOrchestrator.java:54)
	at org.junit.platform.launcher.core.EngineE**cutionOrchestrator.withInterceptedStreams(EngineE**cutionOrchestrator.java:67)
	at org.junit.platform.launcher.core.EngineE**cutionOrchestrator.e**cute(EngineE**cutionOrchestrator.java:52)
	at org.junit.platform.launcher.core.DefaultLauncher.e**cute(DefaultLauncher.java:96)
	at org.junit.platform.launcher.core.DefaultLauncher.e**cute(DefaultLauncher.java:75)
	at org.apache.maven.surefire.junitplatform.JUnitPlatformProvider.invokeAllTests(JUnitPlatformProvider.java:142)
	at org.apache.maven.surefire.junitplatform.JUnitPlatformProvider.invoke(JUnitPlatformProvider.java:117)
	at org.apache.maven.surefire.booter.ForkedBooter.invokeProviderInSameClassLoader(ForkedBooter.java:384)
	at org.apache.maven.surefire.booter.ForkedBooter.runSuitesInProcess(ForkedBooter.java:345)
	at org.apache.maven.surefire.booter.ForkedBooter.e**cute(ForkedBooter.java:126)
	at org.apache.maven.surefire.booter.ForkedBooter.main(ForkedBooter.java:418)

Apr 06, 2021 9:11:47 AM org.entando.kubernetes.client.KubernetesRestInterceptor invoke
INFO: Entering method deploymentFailed in class org.entando.kubernetes.controller.support.client.EntandoResourceClient with EntandoCompositeApp: entando-k8s-composite-app-controller-carcms34/my-app-carcms34
Apr 06, 2021 9:11:47 AM okhttp3.mockwebserver.MockWebServer$3 processOneRequest
INFO: MockWebServer[37269] received request: POST /api/v1/namespaces/entando-k8s-composite-app-controller-carcms34/events HTTP/1.1 and responded: HTTP/1.1 202 OK
Apr 06, 2021 9:11:47 AM okhttp3.mockwebserver.MockWebServer$3 processOneRequest
INFO: MockWebServer[37269] received request: GET /apis/entando.org/v1/namespaces/entando-k8s-composite-app-controller-carcms34/entandocompositeapps/my-app-carcms34 HTTP/1.1 and responded: HTTP/1.1 200 OK
Apr 06, 2021 9:11:47 AM okhttp3.mockwebserver.MockWebServer$3 processOneRequest
INFO: MockWebServer[37269] received request: PUT /apis/entando.org/v1/namespaces/entando-k8s-composite-app-controller-carcms34/entandocompositeapps/my-app-carcms34/status HTTP/1.1 and responded: HTTP/1.1 202 OK
Apr 06, 2021 9:11:47 AM org.entando.kubernetes.client.KubernetesRestInterceptor invoke
INFO: Exiting method deploymentFailed in class org.entando.kubernetes.controller.support.client.EntandoResourceClient
Apr 06, 2021 9:11:47 AM okhttp3.mockwebserver.MockWebServer$3 processOneRequest
INFO: MockWebServer[37269] received request: GET /api/v1/namespaces/entando-k8s-composite-app-controller-carcms34/pods?labelSelector=EntandoResourceKind%3DEntandoKeycloakServer%2CEntandoKeycloakServer%3Dtest-keycloak-carcms34 HTTP/1.1 and responded: HTTP/1.1 200 OK
Apr 06, 2021 9:11:47 AM okhttp3.mockwebserver.MockWebServer$3 processOneRequest
INFO: MockWebServer[37269] received request: GET /api/v1/namespaces/entando-k8s-composite-app-controller-carcms34/pods?labelSelector=EntandoResourceKind%3DEntandoKeycloakServer%2CEntandoKeycloakServer%3Dtest-keycloak-carcms34 HTTP/1.1 and responded: HTTP/1.1 200 OK
Apr 06, 2021 9:11:47 AM okhttp3.mockwebserver.MockWebServer$3 processOneRequest
INFO: MockWebServer[37269] received request: GET /api/v1/namespaces/entando-k8s-composite-app-controller-carcms34 HTTP/1.1 and responded: HTTP/1.1 404 Client Error
Apr 06, 2021 9:11:47 AM okhttp3.mockwebserver.MockWebServer$3 processOneRequest
INFO: MockWebServer[37269] received request: GET /apis/entando.org/v1/namespaces/default/entandokeycloakservers HTTP/1.1 and responded: HTTP/1.1 200 OK
Apr 06, 2021 9:11:47 AM okhttp3.mockwebserver.MockWebServer$3 processOneRequest
INFO: MockWebServer[37269] received request: GET /api/v1/namespaces/entando-k8s-composite-app-controller-carcms34 HTTP/1.1 and responded: HTTP/1.1 404 Client Error
Apr 06, 2021 9:11:47 AM okhttp3.mockwebserver.MockWebServer$3 processOneRequest
INFO: MockWebServer[37269] received request: GET /apis/entando.org/v1/namespaces/default/entandokeycloakservers HTTP/1.1 and responded: HTTP/1.1 200 OK
Apr 06, 2021 9:11:48 AM okhttp3.mockwebserver.MockWebServer$3 processOneRequest
INFO: MockWebServer[37269] received request: GET /apis/entando.org/v1/namespaces/entando-k8s-composite-app-controller-carcms34/entandokeycloakservers/test-keycloak-carcms34 HTTP/1.1 and responded: HTTP/1.1 200 OK
Apr 06, 2021 9:11:48 AM okhttp3.mockwebserver.MockWebServer$3 processOneRequest
INFO: MockWebServer[37269] received request: GET /api/v1/namespaces/entando-k8s-composite-app-controller-carcms34 HTTP/1.1 and responded: HTTP/1.1 404 Client Error
Apr 06, 2021 9:11:48 AM okhttp3.mockwebserver.MockWebServer$3 processOneRequest
INFO: MockWebServer[37269] received request: GET /apis/entando.org/v1/namespaces/default/entandocompositeapps HTTP/1.1 and responded: HTTP/1.1 200 OK
Apr 06, 2021 9:11:48 AM okhttp3.mockwebserver.MockWebServer$3 processOneRequest
INFO: MockWebServer[37269] received request: GET /api/v1/namespaces/entando-k8s-composite-app-controller-carcms34 HTTP/1.1 and responded: HTTP/1.1 404 Client Error
Apr 06, 2021 9:11:48 AM okhttp3.mockwebserver.MockWebServer$3 processOneRequest
INFO: MockWebServer[37269] received request: GET /apis/entando.org/v1/namespaces/default/entandocompositeapps HTTP/1.1 and responded: HTTP/1.1 200 OK
Apr 06, 2021 9:11:48 AM okhttp3.mockwebserver.MockWebServer$3 processOneRequest
INFO: MockWebServer[37269] received request: GET /apis/entando.org/v1/namespaces/entando-k8s-composite-app-controller-carcms34/entandocompositeapps/my-app-carcms34 HTTP/1.1 and responded: HTTP/1.1 200 OK
Apr 06, 2021 9:11:48 AM okhttp3.mockwebserver.MockWebServer$3 processOneRequest
INFO: MockWebServer[37269] received request: GET /api/v1/namespaces/entando-k8s-composite-app-controller-carcms34/pods?labelSelector=EntandoPlugin%3Dtest-plugin-carcms34%2CEntandoResourceKind%3DEntandoPlugin HTTP/1.1 and responded: HTTP/1.1 200 OK
Apr 06, 2021 9:11:48 AM okhttp3.mockwebserver.MockWebServer$3 processOneRequest
INFO: MockWebServer[37269] received request: GET /api/v1/namespaces/entando-k8s-composite-app-controller-carcms34/pods?labelSelector=EntandoPlugin%3Dtest-plugin-carcms34%2CEntandoResourceKind%3DEntandoPlugin HTTP/1.1 and responded: HTTP/1.1 200 OK
Apr 06, 2021 9:11:48 AM okhttp3.mockwebserver.MockWebServer$3 processOneRequest
INFO: MockWebServer[37269] received request: GET /api/v1/namespaces/entando-k8s-composite-app-controller-carcms34 HTTP/1.1 and responded: HTTP/1.1 404 Client Error
Apr 06, 2021 9:11:48 AM okhttp3.mockwebserver.MockWebServer$3 processOneRequest
INFO: MockWebServer[37269] received request: GET /apis/entando.org/v1/namespaces/default/entandoplugins HTTP/1.1 and responded: HTTP/1.1 200 OK
Apr 06, 2021 9:11:48 AM okhttp3.mockwebserver.MockWebServer$3 processOneRequest
INFO: MockWebServer[37269] received request: GET /api/v1/namespaces/entando-k8s-composite-app-controller-carcms34 HTTP/1.1 and responded: HTTP/1.1 404 Client Error
Apr 06, 2021 9:11:49 AM okhttp3.mockwebserver.MockWebServer$3 processOneRequest
INFO: MockWebServer[37269] received request: GET /apis/entando.org/v1/namespaces/default/entandoplugins HTTP/1.1 and responded: HTTP/1.1 200 OK
Apr 06, 2021 9:11:49 AM okhttp3.mockwebserver.MockWebServer$3 processOneRequest
INFO: MockWebServer[37269] received request: GET /apis/entando.org/v1/namespaces/entando-k8s-composite-app-controller-carcms34/entandoplugins/test-plugin-carcms34 HTTP/1.1 and responded: HTTP/1.1 200 OK
Apr 06, 2021 9:11:49 AM okhttp3.mockwebserver.MockWebServer$3 processOneRequest
INFO: MockWebServer[37269] received request: GET /apis/entando.org/v1/namespaces/entando-k8s-composite-app-controller-carcms34/entandocompositeapps/my-app-carcms34 HTTP/1.1 and responded: HTTP/1.1 200 OK
Apr 06, 2021 9:11:49 AM okhttp3.mockwebserver.MockWebServer$3 processOneRequest
INFO: MockWebServer[37269] received request: GET /apis/entando.org/v1/namespaces/entando-k8s-composite-app-controller-carcms34/entandocompositeapps/my-app-carcms34 HTTP/1.1 and responded: HTTP/1.1 200 OK
Apr 06, 2021 9:11:49 AM org.entando.kubernetes.client.KubernetesRestInterceptor invoke
INFO: Entering method load in class org.entando.kubernetes.controller.support.client.EntandoResourceClient with class org.entando.kubernetes.model.compositeapp.EntandoCompositeApp,entando-k8s-composite-app-controller-carcms34,my-app-carcms34
Apr 06, 2021 9:11:49 AM okhttp3.mockwebserver.MockWebServer$3 processOneRequest
INFO: MockWebServer[37269] received request: GET /apis/entando.org/v1/namespaces/entando-k8s-composite-app-controller-carcms34/entandocompositeapps/my-app-carcms34 HTTP/1.1 and responded: HTTP/1.1 200 OK
Apr 06, 2021 9:11:49 AM org.entando.kubernetes.client.KubernetesRestInterceptor invoke
INFO: Exiting method load in class org.entando.kubernetes.controller.support.client.EntandoResourceClient
Apr 06, 2021 9:11:49 AM okhttp3.mockwebserver.MockWebServer$3 processOneRequest
INFO: MockWebServer[37269] received request: GET /api/v1/namespaces/entando-k8s-composite-app-controller-carcms34 HTTP/1.1 and responded: HTTP/1.1 404 Client Error
Apr 06, 2021 9:11:49 AM okhttp3.mockwebserver.MockWebServer$3 processOneRequest
INFO: MockWebServer[37269] received request: GET /apis/entando.org/v1/namespaces/default/entandocompositeapps HTTP/1.1 and responded: HTTP/1.1 200 OK
Apr 06, 2021 9:11:49 AM okhttp3.mockwebserver.MockWebServer$3 processOneRequest
INFO: MockWebServer[37269] received request: GET /api/v1/namespaces/entando-k8s-composite-app-controller-carcms34 HTTP/1.1 and responded: HTTP/1.1 404 Client Error
Apr 06, 2021 9:11:49 AM okhttp3.mockwebserver.MockWebServer$3 processOneRequest
INFO: MockWebServer[37269] received request: GET /apis/entando.org/v1/namespaces/default/entandocompositeapps HTTP/1.1 and responded: HTTP/1.1 200 OK
Apr 06, 2021 9:11:50 AM okhttp3.mockwebserver.MockWebServer$3 processOneRequest
INFO: MockWebServer[37269] received request: GET /apis/entando.org/v1/namespaces/entando-k8s-composite-app-controller-carcms34/entandocompositeapps/my-app-carcms34 HTTP/1.1 and responded: HTTP/1.1 200 OK
Apr 06, 2021 9:11:50 AM org.entando.kubernetes.client.KubernetesRestInterceptor invoke
INFO: Entering method getPodWatcherQueue in class org.entando.kubernetes.controller.support.client.PodWaitingClient
Apr 06, 2021 9:11:50 AM org.entando.kubernetes.client.KubernetesRestInterceptor invoke
INFO: Exiting method getPodWatcherQueue in class org.entando.kubernetes.controller.support.client.PodWaitingClient
Apr 06, 2021 9:11:50 AM okhttp3.mockwebserver.MockWebServer$2 acceptConnections
INFO: MockWebServer[37269] done accepting connections: Socket closed
Apr 06, 2021 9:11:50 AM okhttp3.mockwebserver.MockWebServer$2 e**cute
INFO: MockWebServer[59556] starting to accept connections
Apr 06, 2021 9:11:50 AM okhttp3.mockwebserver.MockWebServer$3 processOneRequest
INFO: MockWebServer[59556] received request: GET /api/v1/namespaces/entando HTTP/1.1 and responded: HTTP/1.1 404 Client Error
Apr 06, 2021 9:11:50 AM okhttp3.mockwebserver.MockWebServer$3 processOneRequest
INFO: MockWebServer[59556] received request: POST /api/v1/namespaces HTTP/1.1 and responded: HTTP/1.1 202 OK
Apr 06, 2021 9:11:50 AM org.entando.kubernetes.client.KubernetesRestInterceptor invoke
INFO: Entering method loadDockerImageInfoConfigMap in class org.entando.kubernetes.controller.support.client.EntandoResourceClient
Apr 06, 2021 9:11:50 AM okhttp3.mockwebserver.MockWebServer$3 processOneRequest
INFO: MockWebServer[59556] received request: GET /api/v1/namespaces/entando/configmaps/entando-docker-image-info-v6.3 HTTP/1.1 and responded: HTTP/1.1 404 Client Error
Apr 06, 2021 9:11:50 AM org.entando.kubernetes.client.KubernetesRestInterceptor invoke
INFO: Exiting method loadDockerImageInfoConfigMap in class org.entando.kubernetes.controller.support.client.EntandoResourceClient
Apr 06, 2021 9:11:50 AM okhttp3.mockwebserver.MockWebServer$3 processOneRequest
INFO: MockWebServer[59556] received request: GET /api/v1/namespaces/entando-k8s-composite-app-controller-carcms34 HTTP/1.1 and responded: HTTP/1.1 404 Client Error
Apr 06, 2021 9:11:50 AM okhttp3.mockwebserver.MockWebServer$3 processOneRequest
INFO: MockWebServer[59556] received request: GET /apis/entando.org/v1/namespaces/default/entandocompositeapps HTTP/1.1 and responded: HTTP/1.1 200 OK
Apr 06, 2021 9:11:50 AM okhttp3.mockwebserver.MockWebServer$3 processOneRequest
INFO: MockWebServer[59556] received request: GET /api/v1/namespaces/entando-k8s-composite-app-controller-carcms34 HTTP/1.1 and responded: HTTP/1.1 404 Client Error
Apr 06, 2021 9:11:50 AM okhttp3.mockwebserver.MockWebServer$3 processOneRequest
INFO: MockWebServer[59556] received request: GET /apis/entando.org/v1/namespaces/default/entandocompositeapps HTTP/1.1 and responded: HTTP/1.1 200 OK
Apr 06, 2021 9:11:50 AM okhttp3.mockwebserver.MockWebServer$3 processOneRequest
INFO: MockWebServer[59556] received request: POST /apis/entando.org/v1/namespaces/entando-k8s-composite-app-controller-carcms34/entandocompositeapps HTTP/1.1 and responded: HTTP/1.1 202 OK
Apr 06, 2021 9:11:50 AM org.entando.kubernetes.client.KubernetesRestInterceptor invoke
INFO: Entering method loadOperatorConfig in class org.entando.kubernetes.controller.support.client.EntandoResourceClient
Apr 06, 2021 9:11:50 AM okhttp3.mockwebserver.MockWebServer$3 processOneRequest
INFO: MockWebServer[59556] received request: GET /api/v1/namespaces/entando-k8s-composite-app-controller-carcms34/configmaps/entando-operator-config HTTP/1.1 and responded: HTTP/1.1 404 Client Error
Apr 06, 2021 9:11:50 AM org.entando.kubernetes.client.KubernetesRestInterceptor invoke
INFO: Exiting method loadOperatorConfig in class org.entando.kubernetes.controller.support.client.EntandoResourceClient
Apr 06, 2021 9:11:50 AM org.entando.kubernetes.client.KubernetesRestInterceptor invoke
INFO: Entering method load in class org.entando.kubernetes.controller.support.client.EntandoResourceClient with class org.entando.kubernetes.model.compositeapp.EntandoCompositeApp,entando-k8s-composite-app-controller-carcms34,my-app-carcms34
Apr 06, 2021 9:11:50 AM org.entando.kubernetes.client.KubernetesRestInterceptor invoke
INFO: Entering method getPodWatcherQueue in class org.entando.kubernetes.controller.support.client.PodWaitingClient
Apr 06, 2021 9:11:50 AM org.entando.kubernetes.client.KubernetesRestInterceptor invoke
INFO: Exiting method getPodWatcherQueue in class org.entando.kubernetes.controller.support.client.PodWaitingClient
Apr 06, 2021 9:11:50 AM okhttp3.mockwebserver.MockWebServer$3 processOneRequest
INFO: MockWebServer[59556] received request: GET /api/v1/namespaces/entando-k8s-composite-app-controller-carcms34 HTTP/1.1 and responded: HTTP/1.1 404 Client Error
Apr 06, 2021 9:11:50 AM okhttp3.mockwebserver.MockWebServer$3 processOneRequest
INFO: MockWebServer[59556] received request: GET /apis/entando.org/v1/namespaces/default/entandocompositeapps HTTP/1.1 and responded: HTTP/1.1 200 OK
Apr 06, 2021 9:11:51 AM okhttp3.mockwebserver.MockWebServer$3 processOneRequest
INFO: MockWebServer[59556] received request: GET /api/v1/namespaces/entando-k8s-composite-app-controller-carcms34 HTTP/1.1 and responded: HTTP/1.1 404 Client Error
Apr 06, 2021 9:11:51 AM okhttp3.mockwebserver.MockWebServer$3 processOneRequest
INFO: MockWebServer[59556] received request: GET /apis/entando.org/v1/namespaces/default/entandocompositeapps HTTP/1.1 and responded: HTTP/1.1 200 OK
Apr 06, 2021 9:11:51 AM okhttp3.mockwebserver.MockWebServer$3 processOneRequest
INFO: MockWebServer[59556] received request: GET /apis/entando.org/v1/namespaces/entando-k8s-composite-app-controller-carcms34/entandocompositeapps/my-app-carcms34 HTTP/1.1 and responded: HTTP/1.1 200 OK
Apr 06, 2021 9:11:51 AM org.entando.kubernetes.client.KubernetesRestInterceptor invoke
INFO: Exiting method load in class org.entando.kubernetes.controller.support.client.EntandoResourceClient
Apr 06, 2021 9:11:51 AM org.entando.kubernetes.client.KubernetesRestInterceptor invoke
INFO: Entering method updatePhase in class org.entando.kubernetes.controller.support.client.EntandoResourceClient with EntandoCompositeApp: entando-k8s-composite-app-controller-carcms34/my-app-carcms34
Apr 06, 2021 9:11:51 AM okhttp3.mockwebserver.MockWebServer$3 processOneRequest
INFO: MockWebServer[59556] received request: POST /api/v1/namespaces/entando-k8s-composite-app-controller-carcms34/events HTTP/1.1 and responded: HTTP/1.1 202 OK
Apr 06, 2021 9:11:51 AM okhttp3.mockwebserver.MockWebServer$3 processOneRequest
INFO: MockWebServer[59556] received request: GET /apis/entando.org/v1/namespaces/entando-k8s-composite-app-controller-carcms34/entandocompositeapps/my-app-carcms34 HTTP/1.1 and responded: HTTP/1.1 200 OK
Apr 06, 2021 9:11:51 AM okhttp3.mockwebserver.MockWebServer$3 processOneRequest
INFO: MockWebServer[59556] received request: PUT /apis/entando.org/v1/namespaces/entando-k8s-composite-app-controller-carcms34/entandocompositeapps/my-app-carcms34/status HTTP/1.1 and responded: HTTP/1.1 202 OK
Apr 06, 2021 9:11:51 AM org.entando.kubernetes.client.KubernetesRestInterceptor invoke
INFO: Exiting method updatePhase in class org.entando.kubernetes.controller.support.client.EntandoResourceClient
Apr 06, 2021 9:11:51 AM org.entando.kubernetes.client.KubernetesRestInterceptor invoke
INFO: Entering method loadDockerImageInfoConfigMap in class org.entando.kubernetes.controller.support.client.EntandoResourceClient
Apr 06, 2021 9:11:51 AM okhttp3.mockwebserver.MockWebServer$3 processOneRequest
INFO: MockWebServer[59556] received request: GET /api/v1/namespaces/entando/configmaps/entando-docker-image-info-v6.3 HTTP/1.1 and responded: HTTP/1.1 404 Client Error
Apr 06, 2021 9:11:51 AM org.entando.kubernetes.client.KubernetesRestInterceptor invoke
INFO: Exiting method loadDockerImageInfoConfigMap in class org.entando.kubernetes.controller.support.client.EntandoResourceClient
Apr 06, 2021 9:11:51 AM org.entando.kubernetes.client.KubernetesRestInterceptor invoke
INFO: Entering method createOrPatchEntandoResource in class org.entando.kubernetes.controller.support.client.EntandoResourceClient with EntandoKeycloakServer: entando-k8s-composite-app-controller-carcms34/test-keycloak-carcms34
Apr 06, 2021 9:11:51 AM okhttp3.mockwebserver.MockWebServer$3 processOneRequest
INFO: MockWebServer[59556] received request: GET /api/v1/namespaces/entando-k8s-composite-app-controller-carcms34 HTTP/1.1 and responded: HTTP/1.1 404 Client Error
Apr 06, 2021 9:11:51 AM okhttp3.mockwebserver.MockWebServer$3 processOneRequest
INFO: MockWebServer[59556] received request: GET /apis/entando.org/v1/namespaces/default/entandokeycloakservers HTTP/1.1 and responded: HTTP/1.1 200 OK
Apr 06, 2021 9:11:51 AM okhttp3.mockwebserver.MockWebServer$3 processOneRequest
INFO: MockWebServer[59556] received request: GET /api/v1/namespaces/entando-k8s-composite-app-controller-carcms34 HTTP/1.1 and responded: HTTP/1.1 404 Client Error
Apr 06, 2021 9:11:51 AM okhttp3.mockwebserver.MockWebServer$3 processOneRequest
INFO: MockWebServer[59556] received request: GET /apis/entando.org/v1/namespaces/default/entandokeycloakservers HTTP/1.1 and responded: HTTP/1.1 200 OK
Apr 06, 2021 9:11:51 AM okhttp3.mockwebserver.MockWebServer$3 processOneRequest
INFO: MockWebServer[59556] received request: GET /apis/entando.org/v1/namespaces/entando-k8s-composite-app-controller-carcms34/entandokeycloakservers/test-keycloak-carcms34 HTTP/1.1 and responded: HTTP/1.1 404 Client Error
Apr 06, 2021 9:11:52 AM okhttp3.mockwebserver.MockWebServer$3 processOneRequest
INFO: MockWebServer[59556] received request: POST /apis/entando.org/v1/namespaces/entando-k8s-composite-app-controller-carcms34/entandokeycloakservers HTTP/1.1 and responded: HTTP/1.1 202 OK
Apr 06, 2021 9:11:52 AM org.entando.kubernetes.client.KubernetesRestInterceptor invoke
INFO: Exiting method createOrPatchEntandoResource in class org.entando.kubernetes.controller.support.client.EntandoResourceClient
Apr 06, 2021 9:11:52 AM org.entando.kubernetes.client.KubernetesRestInterceptor invoke
INFO: Entering method removeAndWait in class org.entando.kubernetes.controller.support.client.PodClient with entando-k8s-composite-app-controller-carcms34,{EntandoKeycloakServer=test-keycloak-carcms34, EntandoResourceNamespace=entando-k8s-composite-app-controller-carcms34, EntandoResourceKind=EntandoKeycloakServer}
Apr 06, 2021 9:11:52 AM okhttp3.mockwebserver.MockWebServer$3 processOneRequest
INFO: MockWebServer[59556] received request: GET /api/v1/namespaces/entando-k8s-composite-app-controller-carcms34/pods?labelSelector=EntandoResourceNamespace%3Dentando-k8s-composite-app-controller-carcms34%2CEntandoResourceKind%3DEntandoKeycloakServer%2CEntandoKeycloakServer%3Dtest-keycloak-carcms34 HTTP/1.1 and responded: HTTP/1.1 200 OK
Apr 06, 2021 9:11:52 AM org.entando.kubernetes.client.KubernetesRestInterceptor invoke
INFO: Entering method getPodWatcherQueue in class org.entando.kubernetes.controller.support.client.PodWaitingClient
Apr 06, 2021 9:11:52 AM org.entando.kubernetes.client.KubernetesRestInterceptor invoke
INFO: Exiting method getPodWatcherQueue in class org.entando.kubernetes.controller.support.client.PodWaitingClient
Apr 06, 2021 9:11:52 AM okhttp3.mockwebserver.MockWebServer$3 processOneRequest
INFO: MockWebServer[59556] received request: GET /api/v1/namespaces/entando-k8s-composite-app-controller-carcms34/pods?labelSelector=EntandoResourceNamespace%3Dentando-k8s-composite-app-controller-carcms34%2CEntandoResourceKind%3DEntandoKeycloakServer%2CEntandoKeycloakServer%3Dtest-keycloak-carcms34&watch=**** HTTP/1.1 and responded: HTTP/1.1 200 OK
Apr 06, 2021 9:11:52 AM okhttp3.mockwebserver.MockWebServer$3 processOneRequest
INFO: MockWebServer[59556] received request: GET /api/v1/namespaces/entando-k8s-composite-app-controller-carcms34/pods?labelSelector=EntandoResourceNamespace%3Dentando-k8s-composite-app-controller-carcms34%2CEntandoResourceKind%3DEntandoKeycloakServer%2CEntandoKeycloakServer%3Dtest-keycloak-carcms34 HTTP/1.1 and responded: HTTP/1.1 200 OK
Apr 06, 2021 9:11:52 AM okhttp3.mockwebserver.MockWebServer$3 processOneRequest
INFO: MockWebServer[59556] received request: GET /api/v1/namespaces/entando-k8s-composite-app-controller-carcms34/pods?labelSelector=EntandoResourceNamespace%3Dentando-k8s-composite-app-controller-carcms34%2CEntandoResourceKind%3DEntandoKeycloakServer%2CEntandoKeycloakServer%3Dtest-keycloak-carcms34&watch=**** HTTP/1.1 and responded: HTTP/1.1 200 OK
Apr 06, 2021 9:11:52 AM io.fabric8.kubernetes.client.dsl.internal.WatchHTTPManager$1 onResponse
INFO: Watch terminated unexpectedly. reason: \n not found: limit=46 content=7b2261706956657273696f6e223a227631222c226b696e64223a224c69737422â€¦
Apr 06, 2021 9:11:52 AM okhttp3.mockwebserver.MockWebServer$3 processOneRequest
INFO: MockWebServer[59556] received request: GET /api/v1/namespaces/entando-k8s-composite-app-controller-carcms34/pods?labelSelector=EntandoResourceNamespace%3Dentando-k8s-composite-app-controller-carcms34%2CEntandoResourceKind%3DEntandoKeycloakServer%2CEntandoKeycloakServer%3Dtest-keycloak-carcms34 HTTP/1.1 and responded: HTTP/1.1 200 OK
Apr 06, 2021 9:11:53 AM org.entando.kubernetes.client.KubernetesRestInterceptor invoke
INFO: Exiting method removeAndWait in class org.entando.kubernetes.controller.support.client.PodClient
Apr 06, 2021 9:11:53 AM org.entando.kubernetes.client.KubernetesRestInterceptor invoke
INFO: Entering method runToCompletion in class org.entando.kubernetes.controller.support.client.PodClient with Pod: entando-k8s-composite-app-controller-carcms34/test-keycloak-carcms34-deployer-2201
Apr 06, 2021 9:11:53 AM okhttp3.mockwebserver.MockWebServer$3 processOneRequest
INFO: MockWebServer[59556] received request: GET /api/v1/namespaces/entando-k8s-composite-app-controller-carcms34/pods?labelSelector=EntandoResourceNamespace%3Dentando-k8s-composite-app-controller-carcms34%2CEntandoResourceKind%3DEntandoKeycloakServer%2CEntandoKeycloakServer%3Dtest-keycloak-carcms34&watch=**** HTTP/1.1 and responded: HTTP/1.1 200 OK
Apr 06, 2021 9:11:53 AM io.fabric8.kubernetes.client.dsl.internal.WatchHTTPManager$1 onResponse
INFO: Watch terminated unexpectedly. reason: \n not found: limit=46 content=7b2261706956657273696f6e223a227631222c226b696e64223a224c69737422â€¦
Apr 06, 2021 9:11:53 AM io.fabric8.kubernetes.client.dsl.internal.WatchHTTPManager scheduleReconnect
WARN: Ignoring error for already closed/closing connection
Apr 06, 2021 9:11:53 AM okhttp3.mockwebserver.MockWebServer$3 processOneRequest
INFO: MockWebServer[59556] received request: POST /api/v1/namespaces/entando-k8s-composite-app-controller-carcms34/pods HTTP/1.1 and responded: HTTP/1.1 202 OK
Apr 06, 2021 9:11:53 AM org.entando.kubernetes.client.KubernetesRestInterceptor invoke
INFO: Entering method loadPod in class org.entando.kubernetes.controller.support.client.PodClient with entando-k8s-composite-app-controller-carcms34,[Ljava.lang.String;@5f6d6742
Apr 06, 2021 9:11:53 AM okhttp3.mockwebserver.MockWebServer$3 processOneRequest
INFO: MockWebServer[59556] received request: GET /api/v1/namespaces/entando-k8s-composite-app-controller-carcms34/pods?fieldSelector=metadata.name%3Dtest-keycloak-carcms34-deployer-2201&watch=**** HTTP/1.1 and responded: HTTP/1.1 200 OK
Apr 06, 2021 9:11:53 AM okhttp3.mockwebserver.MockWebServer$3 processOneRequest
INFO: MockWebServer[59556] received request: GET /api/v1/namespaces/entando-k8s-composite-app-controller-carcms34/pods?labelSelector=EntandoKeycloakServer%3Dtest-keycloak-carcms34 HTTP/1.1 and responded: HTTP/1.1 200 OK
Apr 06, 2021 9:11:53 AM org.entando.kubernetes.client.KubernetesRestInterceptor invoke
INFO: Exiting method loadPod in class org.entando.kubernetes.controller.support.client.PodClient
Apr 06, 2021 9:11:53 AM okhttp3.mockwebserver.MockWebServer$3 processOneRequest
INFO: MockWebServer[59556] received request: GET /api/v1/namespaces/entando-k8s-composite-app-controller-carcms34/pods?fieldSelector=metadata.name%3Dtest-keycloak-carcms34-deployer-2201&watch=**** HTTP/1.1 and responded: HTTP/1.1 200 OK
Apr 06, 2021 9:11:53 AM okhttp3.mockwebserver.MockWebServer$3 processOneRequest
INFO: MockWebServer[59556] received request: GET /api/v1/namespaces/entando-k8s-composite-app-controller-carcms34/pods/test-keycloak-carcms34-deployer-2201 HTTP/1.1 and responded: HTTP/1.1 200 OK
Apr 06, 2021 9:11:53 AM io.fabric8.kubernetes.client.dsl.internal.WatchHTTPManager$1 onResponse
INFO: Watch terminated unexpectedly. reason: \n not found: limit=2520 content=7b2261706956657273696f6e223a227631222c226b696e64223a224c69737422â€¦
Apr 06, 2021 9:11:53 AM okhttp3.mockwebserver.MockWebServer$3 processOneRequest
INFO: MockWebServer[59556] received request: PATCH /api/v1/namespaces/entando-k8s-composite-app-controller-carcms34/pods/test-keycloak-carcms34-deployer-2201 HTTP/1.1 and responded: HTTP/1.1 202 OK
Apr 06, 2021 9:11:53 AM org.entando.kubernetes.client.KubernetesRestInterceptor invoke
INFO: Entering method getPodWatcherQueue in class org.entando.kubernetes.controller.support.client.PodWaitingClient
Apr 06, 2021 9:11:53 AM org.entando.kubernetes.client.KubernetesRestInterceptor invoke
INFO: Exiting method getPodWatcherQueue in class org.entando.kubernetes.controller.support.client.PodWaitingClient
Apr 06, 2021 9:11:54 AM org.entando.kubernetes.client.KubernetesRestInterceptor invoke
INFO: Exiting method runToCompletion in class org.entando.kubernetes.controller.support.client.PodClient
Apr 06, 2021 9:11:54 AM org.entando.kubernetes.client.KubernetesRestInterceptor invoke
INFO: Entering method updateStatus in class org.entando.kubernetes.controller.support.client.EntandoResourceClient with EntandoCompositeApp: entando-k8s-composite-app-controller-carcms34/my-app-carcms34
Apr 06, 2021 9:11:54 AM io.fabric8.kubernetes.client.dsl.internal.WatchHTTPManager$1 onResponse
INFO: Watch terminated unexpectedly. reason: \n not found: limit=2704 content=7b2261706956657273696f6e223a227631222c226b696e64223a224c69737422â€¦
Apr 06, 2021 9:11:54 AM io.fabric8.kubernetes.client.dsl.internal.WatchHTTPManager scheduleReconnect
WARN: Ignoring error for already closed/closing connection
Apr 06, 2021 9:11:54 AM okhttp3.mockwebserver.MockWebServer$3 processOneRequest
INFO: MockWebServer[59556] received request: GET /api/v1/namespaces/entando-k8s-composite-app-controller-carcms34/pods?fieldSelector=metadata.name%3Dtest-keycloak-carcms34-deployer-2201&watch=**** HTTP/1.1 and responded: HTTP/1.1 200 OK
Apr 06, 2021 9:11:54 AM okhttp3.mockwebserver.MockWebServer$3 processOneRequest
INFO: MockWebServer[59556] received request: POST /api/v1/namespaces/entando-k8s-composite-app-controller-carcms34/events HTTP/1.1 and responded: HTTP/1.1 202 OK
Apr 06, 2021 9:11:54 AM okhttp3.mockwebserver.MockWebServer$3 processOneRequest
INFO: MockWebServer[59556] received request: GET /apis/entando.org/v1/namespaces/entando-k8s-composite-app-controller-carcms34/entandocompositeapps/my-app-carcms34 HTTP/1.1 and responded: HTTP/1.1 200 OK
Apr 06, 2021 9:11:54 AM okhttp3.mockwebserver.MockWebServer$3 processOneRequest
INFO: MockWebServer[59556] received request: PUT /apis/entando.org/v1/namespaces/entando-k8s-composite-app-controller-carcms34/entandocompositeapps/my-app-carcms34/status HTTP/1.1 and responded: HTTP/1.1 202 OK
Apr 06, 2021 9:11:54 AM org.entando.kubernetes.client.KubernetesRestInterceptor invoke
INFO: Exiting method updateStatus in class org.entando.kubernetes.controller.support.client.EntandoResourceClient
Apr 06, 2021 9:11:54 AM org.entando.kubernetes.client.KubernetesRestInterceptor invoke
INFO: Entering method removeSuccessfullyCompletedPods in class org.entando.kubernetes.controller.support.client.PodClient with entando-k8s-composite-app-controller-carcms34,{EntandoKeycloakServer=test-keycloak-carcms34, EntandoResourceNamespace=entando-k8s-composite-app-controller-carcms34, EntandoResourceKind=EntandoKeycloakServer}
Apr 06, 2021 9:11:54 AM okhttp3.mockwebserver.MockWebServer$3 processOneRequest
INFO: MockWebServer[59556] received request: GET /api/v1/namespaces/entando-k8s-composite-app-controller-carcms34/pods?labelSelector=EntandoResourceNamespace%3Dentando-k8s-composite-app-controller-carcms34%2CEntandoResourceKind%3DEntandoKeycloakServer%2CEntandoKeycloakServer%3Dtest-keycloak-carcms34 HTTP/1.1 and responded: HTTP/1.1 200 OK
Apr 06, 2021 9:11:55 AM okhttp3.mockwebserver.MockWebServer$3 processOneRequest
INFO: MockWebServer[59556] received request: DELETE /api/v1/namespaces/entando-k8s-composite-app-controller-carcms34/pods/test-keycloak-carcms34-deployer-2201 HTTP/1.1 and responded: HTTP/1.1 200 OK
Apr 06, 2021 9:11:55 AM org.entando.kubernetes.client.KubernetesRestInterceptor invoke
INFO: Exiting method removeSuccessfullyCompletedPods in class org.entando.kubernetes.controller.support.client.PodClient
Apr 06, 2021 9:11:55 AM org.entando.kubernetes.client.KubernetesRestInterceptor invoke
INFO: Entering method load in class org.entando.kubernetes.controller.support.client.EntandoResourceClient with class org.entando.kubernetes.model.plugin.EntandoPlugin,entando-k8s-composite-app-controller-carcms34,test-plugin-carcms34
Apr 06, 2021 9:11:55 AM okhttp3.mockwebserver.MockWebServer$3 processOneRequest
INFO: MockWebServer[59556] received request: GET /api/v1/namespaces/entando-k8s-composite-app-controller-carcms34 HTTP/1.1 and responded: HTTP/1.1 404 Client Error
Apr 06, 2021 9:11:55 AM okhttp3.mockwebserver.MockWebServer$3 processOneRequest
INFO: MockWebServer[59556] received request: GET /apis/entando.org/v1/namespaces/default/entandoplugins HTTP/1.1 and responded: HTTP/1.1 200 OK
Apr 06, 2021 9:11:55 AM okhttp3.mockwebserver.MockWebServer$3 processOneRequest
INFO: MockWebServer[59556] received request: GET /api/v1/namespaces/entando-k8s-composite-app-controller-carcms34 HTTP/1.1 and responded: HTTP/1.1 404 Client Error
Apr 06, 2021 9:11:55 AM okhttp3.mockwebserver.MockWebServer$3 processOneRequest
INFO: MockWebServer[59556] received request: GET /apis/entando.org/v1/namespaces/default/entandoplugins HTTP/1.1 and responded: HTTP/1.1 200 OK
Apr 06, 2021 9:11:55 AM okhttp3.mockwebserver.MockWebServer$3 processOneRequest
INFO: MockWebServer[59556] received request: GET /apis/entando.org/v1/namespaces/entando-k8s-composite-app-controller-carcms34/entandoplugins/test-plugin-carcms34 HTTP/1.1 and responded: HTTP/1.1 404 Client Error
Apr 06, 2021 9:11:55 AM org.entando.kubernetes.client.KubernetesRestInterceptor invoke
SEVERE: Failure e**cuting method load in class org.entando.kubernetes.controller.support.client.EntandoResourceClient
java.lang.IllegalStateException: Could not find the EntandoPlugin 'test-plugin-carcms34' in the namespace entando-k8s-composite-app-controller-carcms34
	at org.entando.kubernetes.client.DefaultEntandoResourceClient.lambda$notFound$5(DefaultEntandoResourceClient.java:199)
	at org.entando.kubernetes.client.DefaultEntandoResourceClient.lambda$load$6(DefaultEntandoResourceClient.java:205)
	at java.base/java.util.Optional.orElseThrow(Optional.java:408)
	at org.entando.kubernetes.client.DefaultEntandoResourceClient.load(DefaultEntandoResourceClient.java:205)
	at java.base/jdk.internal.reflect.NativeMethodAccessorImpl.invoke0(Native Method)
	at java.base/jdk.internal.reflect.NativeMethodAccessorImpl.invoke(NativeMethodAccessorImpl.java:62)
	at java.base/jdk.internal.reflect.DelegatingMethodAccessorImpl.invoke(DelegatingMethodAccessorImpl.java:43)
	at java.base/java.lang.reflect.Method.invoke(Method.java:566)
	at org.entando.kubernetes.client.KubernetesRestInterceptor.invoke(KubernetesRestInterceptor.java:49)
	at com.sun.proxy.$Proxy31.load(Unknown Source)
	at org.entando.kubernetes.compositeapp.controller.EntandoCompositeAppController.prepareReference(EntandoCompositeAppController.java:146)
	at org.entando.kubernetes.compositeapp.controller.EntandoCompositeAppController.synchronizeDeploymentState(EntandoCompositeAppController.java:88)
	at org.entando.kubernetes.compositeapp.controller.EntandoCompositeAppController.synchronizeDeploymentState(EntandoCompositeAppController.java:56)
	at org.entando.kubernetes.controller.support.controller.AbstractDbAwareController.performSync(AbstractDbAwareController.java:158)
	at org.entando.kubernetes.controller.support.controller.AbstractDbAwareController.processCommand(AbstractDbAwareController.java:130)
	at org.entando.kubernetes.compositeapp.controller.EntandoCompositeAppController.onStartup(EntandoCompositeAppController.java:80)
	at org.entando.kubernetes.compositeapp.controller.inprocesstests.CompositeAppControllerMockedTest.startController(CompositeAppControllerMockedTest.java:179)
	at org.entando.kubernetes.compositeapp.controller.inprocesstests.CompositeAppControllerMockedTest.performCreate(CompositeAppControllerMockedTest.java:103)
	at org.entando.kubernetes.compositeapp.controller.inprocesstests.CompositeAppControllerMockedTest.shouldRemoveSuccessfullyCompletedPods(CompositeAppControllerMockedTest.java:169)
	at java.base/jdk.internal.reflect.NativeMethodAccessorImpl.invoke0(Native Method)
	at java.base/jdk.internal.reflect.NativeMethodAccessorImpl.invoke(NativeMethodAccessorImpl.java:62)
	at java.base/jdk.internal.reflect.DelegatingMethodAccessorImpl.invoke(DelegatingMethodAccessorImpl.java:43)
	at java.base/java.lang.reflect.Method.invoke(Method.java:566)
	at org.junit.platform.commons.util.ReflectionUtils.invokeMethod(ReflectionUtils.java:688)
	at org.junit.jupiter.engine.e**cution.MethodInvocation.proceed(MethodInvocation.java:60)
	at org.junit.jupiter.engine.e**cution.InvocationInterceptorChain$ValidatingInvocation.proceed(InvocationInterceptorChain.java:131)
	at org.junit.jupiter.engine.extension.TimeoutExtension.intercept(TimeoutExtension.java:149)
	at org.junit.jupiter.engine.extension.TimeoutExtension.interceptTestableMethod(TimeoutExtension.java:140)
	at org.junit.jupiter.engine.extension.TimeoutExtension.interceptTestMethod(TimeoutExtension.java:84)
	at org.junit.jupiter.engine.e**cution.E**cutableInvoker$ReflectiveInterceptorCall.lambda$ofVoidMethod$0(E**cutableInvoker.java:115)
	at org.junit.jupiter.engine.e**cution.E**cutableInvoker.lambda$invoke$0(E**cutableInvoker.java:105)
	at org.junit.jupiter.engine.e**cution.InvocationInterceptorChain$InterceptedInvocation.proceed(InvocationInterceptorChain.java:106)
	at org.junit.jupiter.engine.e**cution.InvocationInterceptorChain.proceed(InvocationInterceptorChain.java:64)
	at org.junit.jupiter.engine.e**cution.InvocationInterceptorChain.chainAndInvoke(InvocationInterceptorChain.java:45)
	at org.junit.jupiter.engine.e**cution.InvocationInterceptorChain.invoke(InvocationInterceptorChain.java:37)
	at org.junit.jupiter.engine.e**cution.E**cutableInvoker.invoke(E**cutableInvoker.java:104)
	at org.junit.jupiter.engine.e**cution.E**cutableInvoker.invoke(E**cutableInvoker.java:98)
	at org.junit.jupiter.engine.descriptor.TestMethodTestDescriptor.lambda$invokeTestMethod$6(TestMethodTestDescriptor.java:210)
	at org.junit.platform.engine.support.hierarchical.ThrowableCollector.e**cute(ThrowableCollector.java:73)
	at org.junit.jupiter.engine.descriptor.TestMethodTestDescriptor.invokeTestMethod(TestMethodTestDescriptor.java:206)
	at org.junit.jupiter.engine.descriptor.TestMethodTestDescriptor.e**cute(TestMethodTestDescriptor.java:131)
	at org.junit.jupiter.engine.descriptor.TestMethodTestDescriptor.e**cute(TestMethodTestDescriptor.java:65)
	at org.junit.platform.engine.support.hierarchical.NodeTestTask.lambda$e**cuteRecursively$5(NodeTestTask.java:139)
	at org.junit.platform.engine.support.hierarchical.ThrowableCollector.e**cute(ThrowableCollector.java:73)
	at org.junit.platform.engine.support.hierarchical.NodeTestTask.lambda$e**cuteRecursively$7(NodeTestTask.java:129)
	at org.junit.platform.engine.support.hierarchical.Node.around(Node.java:137)
	at org.junit.platform.engine.support.hierarchical.NodeTestTask.lambda$e**cuteRecursively$8(NodeTestTask.java:127)
	at org.junit.platform.engine.support.hierarchical.ThrowableCollector.e**cute(ThrowableCollector.java:73)
	at org.junit.platform.engine.support.hierarchical.NodeTestTask.e**cuteRecursively(NodeTestTask.java:126)
	at org.junit.platform.engine.support.hierarchical.NodeTestTask.e**cute(NodeTestTask.java:84)
	at java.base/java.util.ArrayList.forEach(ArrayList.java:1540)
	at org.junit.platform.engine.support.hierarchical.SameThreadHierarchicalTestE**cutorService.invokeAll(SameThreadHierarchicalTestE**cutorService.java:38)
	at org.junit.platform.engine.support.hierarchical.NodeTestTask.lambda$e**cuteRecursively$5(NodeTestTask.java:143)
	at org.junit.platform.engine.support.hierarchical.ThrowableCollector.e**cute(ThrowableCollector.java:73)
	at org.junit.platform.engine.support.hierarchical.NodeTestTask.lambda$e**cuteRecursively$7(NodeTestTask.java:129)
	at org.junit.platform.engine.support.hierarchical.Node.around(Node.java:137)
	at org.junit.platform.engine.support.hierarchical.NodeTestTask.lambda$e**cuteRecursively$8(NodeTestTask.java:127)
	at org.junit.platform.engine.support.hierarchical.ThrowableCollector.e**cute(ThrowableCollector.java:73)
	at org.junit.platform.engine.support.hierarchical.NodeTestTask.e**cuteRecursively(NodeTestTask.java:126)
	at org.junit.platform.engine.support.hierarchical.NodeTestTask.e**cute(NodeTestTask.java:84)
	at java.base/java.util.ArrayList.forEach(ArrayList.java:1540)
	at org.junit.platform.engine.support.hierarchical.SameThreadHierarchicalTestE**cutorService.invokeAll(SameThreadHierarchicalTestE**cutorService.java:38)
	at org.junit.platform.engine.support.hierarchical.NodeTestTask.lambda$e**cuteRecursively$5(NodeTestTask.java:143)
	at org.junit.platform.engine.support.hierarchical.ThrowableCollector.e**cute(ThrowableCollector.java:73)
	at org.junit.platform.engine.support.hierarchical.NodeTestTask.lambda$e**cuteRecursively$7(NodeTestTask.java:129)
	at org.junit.platform.engine.support.hierarchical.Node.around(Node.java:137)
	at org.junit.platform.engine.support.hierarchical.NodeTestTask.lambda$e**cuteRecursively$8(NodeTestTask.java:127)
	at org.junit.platform.engine.support.hierarchical.ThrowableCollector.e**cute(ThrowableCollector.java:73)
	at org.junit.platform.engine.support.hierarchical.NodeTestTask.e**cuteRecursively(NodeTestTask.java:126)
	at org.junit.platform.engine.support.hierarchical.NodeTestTask.e**cute(NodeTestTask.java:84)
	at org.junit.platform.engine.support.hierarchical.SameThreadHierarchicalTestE**cutorService.submit(SameThreadHierarchicalTestE**cutorService.java:32)
	at org.junit.platform.engine.support.hierarchical.HierarchicalTestE**cutor.e**cute(HierarchicalTestE**cutor.java:57)
	at org.junit.platform.engine.support.hierarchical.HierarchicalTestEngine.e**cute(HierarchicalTestEngine.java:51)
	at org.junit.platform.launcher.core.EngineE**cutionOrchestrator.e**cute(EngineE**cutionOrchestrator.java:108)
	at org.junit.platform.launcher.core.EngineE**cutionOrchestrator.e**cute(EngineE**cutionOrchestrator.java:88)
	at org.junit.platform.launcher.core.EngineE**cutionOrchestrator.lambda$e**cute$0(EngineE**cutionOrchestrator.java:54)
	at org.junit.platform.launcher.core.EngineE**cutionOrchestrator.withInterceptedStreams(EngineE**cutionOrchestrator.java:67)
	at org.junit.platform.launcher.core.EngineE**cutionOrchestrator.e**cute(EngineE**cutionOrchestrator.java:52)
	at org.junit.platform.launcher.core.DefaultLauncher.e**cute(DefaultLauncher.java:96)
	at org.junit.platform.launcher.core.DefaultLauncher.e**cute(DefaultLauncher.java:75)
	at org.apache.maven.surefire.junitplatform.JUnitPlatformProvider.invokeAllTests(JUnitPlatformProvider.java:142)
	at org.apache.maven.surefire.junitplatform.JUnitPlatformProvider.invoke(JUnitPlatformProvider.java:117)
	at org.apache.maven.surefire.booter.ForkedBooter.invokeProviderInSameClassLoader(ForkedBooter.java:384)
	at org.apache.maven.surefire.booter.ForkedBooter.runSuitesInProcess(ForkedBooter.java:345)
	at org.apache.maven.surefire.booter.ForkedBooter.e**cute(ForkedBooter.java:126)
	at org.apache.maven.surefire.booter.ForkedBooter.main(ForkedBooter.java:418)

Apr 06, 2021 9:11:55 AM org.entando.kubernetes.client.KubernetesRestInterceptor invoke
INFO: Exiting method load in class org.entando.kubernetes.controller.support.client.EntandoResourceClient
Apr 06, 2021 9:11:55 AM org.entando.kubernetes.controller.support.controller.AbstractDbAwareController performSync
SEVERE: Unexpected exception occurred while adding EntandoCompositeApp entando-k8s-composite-app-controller-carcms34/my-app-carcms34
java.lang.IllegalStateException: Could not find the EntandoPlugin 'test-plugin-carcms34' in the namespace entando-k8s-composite-app-controller-carcms34
	at org.entando.kubernetes.client.DefaultEntandoResourceClient.lambda$notFound$5(DefaultEntandoResourceClient.java:199)
	at org.entando.kubernetes.client.DefaultEntandoResourceClient.lambda$load$6(DefaultEntandoResourceClient.java:205)
	at java.base/java.util.Optional.orElseThrow(Optional.java:408)
	at org.entando.kubernetes.client.DefaultEntandoResourceClient.load(DefaultEntandoResourceClient.java:205)
	at java.base/jdk.internal.reflect.NativeMethodAccessorImpl.invoke0(Native Method)
	at java.base/jdk.internal.reflect.NativeMethodAccessorImpl.invoke(NativeMethodAccessorImpl.java:62)
	at java.base/jdk.internal.reflect.DelegatingMethodAccessorImpl.invoke(DelegatingMethodAccessorImpl.java:43)
	at java.base/java.lang.reflect.Method.invoke(Method.java:566)
	at org.entando.kubernetes.client.KubernetesRestInterceptor.invoke(KubernetesRestInterceptor.java:49)
	at com.sun.proxy.$Proxy31.load(Unknown Source)
	at org.entando.kubernetes.compositeapp.controller.EntandoCompositeAppController.prepareReference(EntandoCompositeAppController.java:146)
	at org.entando.kubernetes.compositeapp.controller.EntandoCompositeAppController.synchronizeDeploymentState(EntandoCompositeAppController.java:88)
	at org.entando.kubernetes.compositeapp.controller.EntandoCompositeAppController.synchronizeDeploymentState(EntandoCompositeAppController.java:56)
	at org.entando.kubernetes.controller.support.controller.AbstractDbAwareController.performSync(AbstractDbAwareController.java:158)
	at org.entando.kubernetes.controller.support.controller.AbstractDbAwareController.processCommand(AbstractDbAwareController.java:130)
	at org.entando.kubernetes.compositeapp.controller.EntandoCompositeAppController.onStartup(EntandoCompositeAppController.java:80)
	at org.entando.kubernetes.compositeapp.controller.inprocesstests.CompositeAppControllerMockedTest.startController(CompositeAppControllerMockedTest.java:179)
	at org.entando.kubernetes.compositeapp.controller.inprocesstests.CompositeAppControllerMockedTest.performCreate(CompositeAppControllerMockedTest.java:103)
	at org.entando.kubernetes.compositeapp.controller.inprocesstests.CompositeAppControllerMockedTest.shouldRemoveSuccessfullyCompletedPods(CompositeAppControllerMockedTest.java:169)
	at java.base/jdk.internal.reflect.NativeMethodAccessorImpl.invoke0(Native Method)
	at java.base/jdk.internal.reflect.NativeMethodAccessorImpl.invoke(NativeMethodAccessorImpl.java:62)
	at java.base/jdk.internal.reflect.DelegatingMethodAccessorImpl.invoke(DelegatingMethodAccessorImpl.java:43)
	at java.base/java.lang.reflect.Method.invoke(Method.java:566)
	at org.junit.platform.commons.util.ReflectionUtils.invokeMethod(ReflectionUtils.java:688)
	at org.junit.jupiter.engine.e**cution.MethodInvocation.proceed(MethodInvocation.java:60)
	at org.junit.jupiter.engine.e**cution.InvocationInterceptorChain$ValidatingInvocation.proceed(InvocationInterceptorChain.java:131)
	at org.junit.jupiter.engine.extension.TimeoutExtension.intercept(TimeoutExtension.java:149)
	at org.junit.jupiter.engine.extension.TimeoutExtension.interceptTestableMethod(TimeoutExtension.java:140)
	at org.junit.jupiter.engine.extension.TimeoutExtension.interceptTestMethod(TimeoutExtension.java:84)
	at org.junit.jupiter.engine.e**cution.E**cutableInvoker$ReflectiveInterceptorCall.lambda$ofVoidMethod$0(E**cutableInvoker.java:115)
	at org.junit.jupiter.engine.e**cution.E**cutableInvoker.lambda$invoke$0(E**cutableInvoker.java:105)
	at org.junit.jupiter.engine.e**cution.InvocationInterceptorChain$InterceptedInvocation.proceed(InvocationInterceptorChain.java:106)
	at org.junit.jupiter.engine.e**cution.InvocationInterceptorChain.proceed(InvocationInterceptorChain.java:64)
	at org.junit.jupiter.engine.e**cution.InvocationInterceptorChain.chainAndInvoke(InvocationInterceptorChain.java:45)
	at org.junit.jupiter.engine.e**cution.InvocationInterceptorChain.invoke(InvocationInterceptorChain.java:37)
	at org.junit.jupiter.engine.e**cution.E**cutableInvoker.invoke(E**cutableInvoker.java:104)
	at org.junit.jupiter.engine.e**cution.E**cutableInvoker.invoke(E**cutableInvoker.java:98)
	at org.junit.jupiter.engine.descriptor.TestMethodTestDescriptor.lambda$invokeTestMethod$6(TestMethodTestDescriptor.java:210)
	at org.junit.platform.engine.support.hierarchical.ThrowableCollector.e**cute(ThrowableCollector.java:73)
	at org.junit.jupiter.engine.descriptor.TestMethodTestDescriptor.invokeTestMethod(TestMethodTestDescriptor.java:206)
	at org.junit.jupiter.engine.descriptor.TestMethodTestDescriptor.e**cute(TestMethodTestDescriptor.java:131)
	at org.junit.jupiter.engine.descriptor.TestMethodTestDescriptor.e**cute(TestMethodTestDescriptor.java:65)
	at org.junit.platform.engine.support.hierarchical.NodeTestTask.lambda$e**cuteRecursively$5(NodeTestTask.java:139)
	at org.junit.platform.engine.support.hierarchical.ThrowableCollector.e**cute(ThrowableCollector.java:73)
	at org.junit.platform.engine.support.hierarchical.NodeTestTask.lambda$e**cuteRecursively$7(NodeTestTask.java:129)
	at org.junit.platform.engine.support.hierarchical.Node.around(Node.java:137)
	at org.junit.platform.engine.support.hierarchical.NodeTestTask.lambda$e**cuteRecursively$8(NodeTestTask.java:127)
	at org.junit.platform.engine.support.hierarchical.ThrowableCollector.e**cute(ThrowableCollector.java:73)
	at org.junit.platform.engine.support.hierarchical.NodeTestTask.e**cuteRecursively(NodeTestTask.java:126)
	at org.junit.platform.engine.support.hierarchical.NodeTestTask.e**cute(NodeTestTask.java:84)
	at java.base/java.util.ArrayList.forEach(ArrayList.java:1540)
	at org.junit.platform.engine.support.hierarchical.SameThreadHierarchicalTestE**cutorService.invokeAll(SameThreadHierarchicalTestE**cutorService.java:38)
	at org.junit.platform.engine.support.hierarchical.NodeTestTask.lambda$e**cuteRecursively$5(NodeTestTask.java:143)
	at org.junit.platform.engine.support.hierarchical.ThrowableCollector.e**cute(ThrowableCollector.java:73)
	at org.junit.platform.engine.support.hierarchical.NodeTestTask.lambda$e**cuteRecursively$7(NodeTestTask.java:129)
	at org.junit.platform.engine.support.hierarchical.Node.around(Node.java:137)
	at org.junit.platform.engine.support.hierarchical.NodeTestTask.lambda$e**cuteRecursively$8(NodeTestTask.java:127)
	at org.junit.platform.engine.support.hierarchical.ThrowableCollector.e**cute(ThrowableCollector.java:73)
	at org.junit.platform.engine.support.hierarchical.NodeTestTask.e**cuteRecursively(NodeTestTask.java:126)
	at org.junit.platform.engine.support.hierarchical.NodeTestTask.e**cute(NodeTestTask.java:84)
	at java.base/java.util.ArrayList.forEach(ArrayList.java:1540)
	at org.junit.platform.engine.support.hierarchical.SameThreadHierarchicalTestE**cutorService.invokeAll(SameThreadHierarchicalTestE**cutorService.java:38)
	at org.junit.platform.engine.support.hierarchical.NodeTestTask.lambda$e**cuteRecursively$5(NodeTestTask.java:143)
	at org.junit.platform.engine.support.hierarchical.ThrowableCollector.e**cute(ThrowableCollector.java:73)
	at org.junit.platform.engine.support.hierarchical.NodeTestTask.lambda$e**cuteRecursively$7(NodeTestTask.java:129)
	at org.junit.platform.engine.support.hierarchical.Node.around(Node.java:137)
	at org.junit.platform.engine.support.hierarchical.NodeTestTask.lambda$e**cuteRecursively$8(NodeTestTask.java:127)
	at org.junit.platform.engine.support.hierarchical.ThrowableCollector.e**cute(ThrowableCollector.java:73)
	at org.junit.platform.engine.support.hierarchical.NodeTestTask.e**cuteRecursively(NodeTestTask.java:126)
	at org.junit.platform.engine.support.hierarchical.NodeTestTask.e**cute(NodeTestTask.java:84)
	at org.junit.platform.engine.support.hierarchical.SameThreadHierarchicalTestE**cutorService.submit(SameThreadHierarchicalTestE**cutorService.java:32)
	at org.junit.platform.engine.support.hierarchical.HierarchicalTestE**cutor.e**cute(HierarchicalTestE**cutor.java:57)
	at org.junit.platform.engine.support.hierarchical.HierarchicalTestEngine.e**cute(HierarchicalTestEngine.java:51)
	at org.junit.platform.launcher.core.EngineE**cutionOrchestrator.e**cute(EngineE**cutionOrchestrator.java:108)
	at org.junit.platform.launcher.core.EngineE**cutionOrchestrator.e**cute(EngineE**cutionOrchestrator.java:88)
	at org.junit.platform.launcher.core.EngineE**cutionOrchestrator.lambda$e**cute$0(EngineE**cutionOrchestrator.java:54)
	at org.junit.platform.launcher.core.EngineE**cutionOrchestrator.withInterceptedStreams(EngineE**cutionOrchestrator.java:67)
	at org.junit.platform.launcher.core.EngineE**cutionOrchestrator.e**cute(EngineE**cutionOrchestrator.java:52)
	at org.junit.platform.launcher.core.DefaultLauncher.e**cute(DefaultLauncher.java:96)
	at org.junit.platform.launcher.core.DefaultLauncher.e**cute(DefaultLauncher.java:75)
	at org.apache.maven.surefire.junitplatform.JUnitPlatformProvider.invokeAllTests(JUnitPlatformProvider.java:142)
	at org.apache.maven.surefire.junitplatform.JUnitPlatformProvider.invoke(JUnitPlatformProvider.java:117)
	at org.apache.maven.surefire.booter.ForkedBooter.invokeProviderInSameClassLoader(ForkedBooter.java:384)
	at org.apache.maven.surefire.booter.ForkedBooter.runSuitesInProcess(ForkedBooter.java:345)
	at org.apache.maven.surefire.booter.ForkedBooter.e**cute(ForkedBooter.java:126)
	at org.apache.maven.surefire.booter.ForkedBooter.main(ForkedBooter.java:418)

Apr 06, 2021 9:11:55 AM org.entando.kubernetes.client.KubernetesRestInterceptor invoke
INFO: Entering method deploymentFailed in class org.entando.kubernetes.controller.support.client.EntandoResourceClient with EntandoCompositeApp: entando-k8s-composite-app-controller-carcms34/my-app-carcms34
Apr 06, 2021 9:11:55 AM okhttp3.mockwebserver.MockWebServer$3 processOneRequest
INFO: MockWebServer[59556] received request: POST /api/v1/namespaces/entando-k8s-composite-app-controller-carcms34/events HTTP/1.1 and responded: HTTP/1.1 202 OK
Apr 06, 2021 9:11:55 AM okhttp3.mockwebserver.MockWebServer$3 processOneRequest
INFO: MockWebServer[59556] received request: GET /apis/entando.org/v1/namespaces/entando-k8s-composite-app-controller-carcms34/entandocompositeapps/my-app-carcms34 HTTP/1.1 and responded: HTTP/1.1 200 OK
Apr 06, 2021 9:11:55 AM okhttp3.mockwebserver.MockWebServer$3 processOneRequest
INFO: MockWebServer[59556] received request: PUT /apis/entando.org/v1/namespaces/entando-k8s-composite-app-controller-carcms34/entandocompositeapps/my-app-carcms34/status HTTP/1.1 and responded: HTTP/1.1 202 OK
Apr 06, 2021 9:11:55 AM org.entando.kubernetes.client.KubernetesRestInterceptor invoke
INFO: Exiting method deploymentFailed in class org.entando.kubernetes.controller.support.client.EntandoResourceClient
Apr 06, 2021 9:11:55 AM okhttp3.mockwebserver.MockWebServer$3 processOneRequest
INFO: MockWebServer[59556] received request: GET /api/v1/namespaces/entando-k8s-composite-app-controller-carcms34/pods?labelSelector=EntandoResourceKind%3DEntandoKeycloakServer%2CEntandoKeycloakServer%3Dtest-keycloak-carcms34 HTTP/1.1 and responded: HTTP/1.1 200 OK
Apr 06, 2021 9:11:55 AM org.entando.kubernetes.client.KubernetesRestInterceptor invoke
INFO: Entering method getPodWatcherQueue in class org.entando.kubernetes.controller.support.client.PodWaitingClient
Apr 06, 2021 9:11:55 AM org.entando.kubernetes.client.KubernetesRestInterceptor invoke
INFO: Exiting method getPodWatcherQueue in class org.entando.kubernetes.controller.support.client.PodWaitingClient
Apr 06, 2021 9:11:55 AM okhttp3.mockwebserver.MockWebServer$2 acceptConnections
INFO: MockWebServer[59556] done accepting connections: Socket closed
[INFO] Tests run: 4, Failures: 0, Errors: 0, Skipped: 0, Time elapsed: 43.254 s - in org.entando.kubernetes.compositeapp.controller.inprocesstests.CompositeAppControllerMockedTest
[INFO] 
[INFO] Results:
[INFO] 
[INFO] Tests run: 4, Failures: 0, Errors: 0, Skipped: 0
[INFO] 
[INFO] 
[INFO] --- maven-jar-plugin:3.2.0:jar (default-jar) @ entando-k8s-composite-app-controller ---
[INFO] Building jar: /workspace/source/target/entando-k8s-composite-app-controller-6.3.8.jar
[INFO] 
[INFO] --- license-maven-plugin:2.0.0:aggregate-download-licenses (download-licenses) @ entando-k8s-composite-app-controller ---
[INFO] skip flag is on, will skip goal.
[INFO] 
[INFO] --- maven-jar-plugin:3.2.0:test-jar (build-test-jar) @ entando-k8s-composite-app-controller ---
[INFO] Building jar: /workspace/source/target/entando-k8s-composite-app-controller-6.3.8-tests.jar
[INFO] 
[INFO] --- maven-source-plugin:3.2.1:jar-no-fork (attach-sources) @ entando-k8s-composite-app-controller ---
[INFO] Building jar: /workspace/source/target/entando-k8s-composite-app-controller-6.3.8-sources.jar
[INFO] 
[INFO] >>> maven-source-plugin:3.2.1:test-jar (attach-sources) > generate-sources @ entando-k8s-composite-app-controller >>>
[INFO] 
[INFO] --- maven-checkstyle-plugin:3.1.1:check (validate) @ entando-k8s-composite-app-controller ---
[INFO] Starting audit...
Audit done.
[INFO] You have 0 Checkstyle violations.
[INFO] 
[INFO] --- maven-checkstyle-plugin:3.1.1:checkstyle (validate) @ entando-k8s-composite-app-controller ---
[INFO] Starting audit...
Audit done.
[INFO] 
[INFO] --- jacoco-maven-plugin:0.8.5:prepare-agent (prepare-agent) @ entando-k8s-composite-app-controller ---
[INFO] argLine set to -javaagent:/home/jenkins/.mvnrepository/org/jacoco/org.jacoco.agent/0.8.5/org.jacoco.agent-0.8.5-runtime.jar=destfile=/workspace/source/target/jacoco.e**c
[INFO] 
[INFO] <<< maven-source-plugin:3.2.1:test-jar (attach-sources) < generate-sources @ entando-k8s-composite-app-controller <<<
[INFO] 
[INFO] 
[INFO] --- maven-source-plugin:3.2.1:test-jar (attach-sources) @ entando-k8s-composite-app-controller ---
[INFO] Building jar: /workspace/source/target/entando-k8s-composite-app-controller-6.3.8-test-sources.jar
[INFO] 
[INFO] --- maven-javadoc-plugin:3.2.0:jar (attach-javadocs) @ entando-k8s-composite-app-controller ---
[INFO] No previous run data found, generating javadoc.
[INFO] Building jar: /workspace/source/target/entando-k8s-composite-app-controller-6.3.8-javadoc.jar
[INFO] 
[INFO] --- quarkus-maven-plugin:1.2.0.Final:build (default) @ entando-k8s-composite-app-controller ---
[WARNING] [io.quarkus.creator.curator.Curator] These dependencies are not recommended:
	- javax.servlet:javax.servlet-api should be replaced by jakarta.servlet:jakarta.servlet-api
You might end up with two different versions of the same classes or with an artifact you shouldn't have in your classpath.
[INFO] [org.jboss.threads] JBoss Threads version 3.0.0.Final
[WARNING] [io.quarkus.deployment.steps.ReflectiveHierarchyStep] Unable to properly register the hierarchy of the following classes for reflection as they are not in the Jandex index:
	- org.entando.kubernetes.model.EntandoCustomResourceStatus
Consider adding them to the index either by creating a Jandex index for your dependency via the Maven plugin, an empty META-INF/beans.xml or quarkus.index-dependency properties.");.
[INFO] [io.quarkus.deployment.pkg.steps.JarResultBuildStep] Building thin jar: /workspace/source/target/entando-k8s-composite-app-controller-6.3.8-runner.jar
[INFO] [io.quarkus.deployment.QuarkusAugmentor] Quarkus augmentation completed in 1476ms
[INFO] 
[INFO] --- maven-surefire-report-plugin:3.0.0-M4:failsafe-report-only (integration-tests) @ entando-k8s-composite-app-controller ---
[INFO] 
[INFO] --- dependency-check-maven:6.0.3:aggregate (default) @ entando-k8s-composite-app-controller ---
[INFO] Checking for updates
[INFO] Skipping NVD check since last check was within 4 hours.
[INFO] Check for updates complete (69 ms)
[INFO] 

Dependency-Check is an open source tool performing a best effort analysis of 3rd party dependencies; false positives and false negatives may exist in the analysis performed by the tool. Use of the tool and the reporting provided constitutes acceptance for use in an AS IS condition, and there are NO warranties, implied or otherwise, with regard to the analysis or its use. Any use of the tool and the reporting provided is at the userâ€™s risk. In no event shall the copyright holder or OWASP be held liable for any damages whatsoever arising out of or in connection with the use of this tool, the analysis performed, or the resulting report.


[INFO] Analysis Started
[INFO] Finished Archive Analyzer (0 seconds)
[INFO] Finished File Name Analyzer (0 seconds)
[INFO] Finished Jar Analyzer (0 seconds)
[INFO] Finished Dependency Merging Analyzer (0 seconds)
[INFO] Finished Version Filter Analyzer (0 seconds)
[INFO] Finished Hint Analyzer (0 seconds)
[INFO] Created CPE Index (2 seconds)
[INFO] Finished CPE Analyzer (3 seconds)
[INFO] Finished False Positive Analyzer (0 seconds)
[INFO] Finished NVD CVE Analyzer (0 seconds)
[INFO] Finished Sonatype OSS Index Analyzer (1 seconds)
[INFO] Finished Vulnerability Suppression Analyzer (0 seconds)
[INFO] Finished Dependency Bundling Analyzer (0 seconds)
[INFO] Analysis Complete (7 seconds)
[INFO] 
[INFO] --- jacoco-maven-plugin:0.8.5:report (report) @ entando-k8s-composite-app-controller ---
[INFO] Loading e**cution data file /workspace/source/target/jacoco.e**c
[INFO] Analyzed bundle 'Entando K8S Composite App Controller' with 1 classes
[INFO] 
[INFO] --- maven-gpg-plugin:1.6:sign (sign-artifacts) @ entando-k8s-composite-app-controller ---
gpg: WARNING: unsafe permissions on homedir `********************'
gpg: WARNING: unsafe permissions on homedir `********************'
gpg: WARNING: unsafe permissions on homedir `********************'
gpg: WARNING: unsafe permissions on homedir `********************'
gpg: WARNING: unsafe permissions on homedir `********************'
gpg: WARNING: unsafe permissions on homedir `********************'
[INFO] 
[INFO] --- maven-surefire-report-plugin:3.0.0-M4:report-only (unit-tests) @ entando-k8s-composite-app-controller ---
[WARNING] Unable to locate Test Source XRef to link to - DISABLED
[INFO] 
[INFO] --- maven-install-plugin:2.4:install (default-install) @ entando-k8s-composite-app-controller ---
[INFO] Installing /workspace/source/target/entando-k8s-composite-app-controller-6.3.8.jar to /home/jenkins/.mvnrepository/org/entando/entando-k8s-composite-app-controller/6.3.8/entando-k8s-composite-app-controller-6.3.8.jar
[INFO] Installing /workspace/source/pom.xml to /home/jenkins/.mvnrepository/org/entando/entando-k8s-composite-app-controller/6.3.8/entando-k8s-composite-app-controller-6.3.8.pom
[INFO] Installing /workspace/source/target/entando-k8s-composite-app-controller-6.3.8-tests.jar to /home/jenkins/.mvnrepository/org/entando/entando-k8s-composite-app-controller/6.3.8/entando-k8s-composite-app-controller-6.3.8-tests.jar
[INFO] Installing /workspace/source/target/entando-k8s-composite-app-controller-6.3.8-sources.jar to /home/jenkins/.mvnrepository/org/entando/entando-k8s-composite-app-controller/6.3.8/entando-k8s-composite-app-controller-6.3.8-sources.jar
[INFO] Installing /workspace/source/target/entando-k8s-composite-app-controller-6.3.8-test-sources.jar to /home/jenkins/.mvnrepository/org/entando/entando-k8s-composite-app-controller/6.3.8/entando-k8s-composite-app-controller-6.3.8-test-sources.jar
[INFO] Installing /workspace/source/target/entando-k8s-composite-app-controller-6.3.8-javadoc.jar to /home/jenkins/.mvnrepository/org/entando/entando-k8s-composite-app-controller/6.3.8/entando-k8s-composite-app-controller-6.3.8-javadoc.jar
[INFO] Installing /workspace/source/target/entando-k8s-composite-app-controller-6.3.8.jar.asc to /home/jenkins/.mvnrepository/org/entando/entando-k8s-composite-app-controller/6.3.8/entando-k8s-composite-app-controller-6.3.8.jar.asc
[INFO] Installing /workspace/source/target/entando-k8s-composite-app-controller-6.3.8.pom.asc to /home/jenkins/.mvnrepository/org/entando/entando-k8s-composite-app-controller/6.3.8/entando-k8s-composite-app-controller-6.3.8.pom.asc
[INFO] Installing /workspace/source/target/entando-k8s-composite-app-controller-6.3.8-tests.jar.asc to /home/jenkins/.mvnrepository/org/entando/entando-k8s-composite-app-controller/6.3.8/entando-k8s-composite-app-controller-6.3.8-tests.jar.asc
[INFO] Installing /workspace/source/target/entando-k8s-composite-app-controller-6.3.8-sources.jar.asc to /home/jenkins/.mvnrepository/org/entando/entando-k8s-composite-app-controller/6.3.8/entando-k8s-composite-app-controller-6.3.8-sources.jar.asc
[INFO] Installing /workspace/source/target/entando-k8s-composite-app-controller-6.3.8-test-sources.jar.asc to /home/jenkins/.mvnrepository/org/entando/entando-k8s-composite-app-controller/6.3.8/entando-k8s-composite-app-controller-6.3.8-test-sources.jar.asc
[INFO] Installing /workspace/source/target/entando-k8s-composite-app-controller-6.3.8-javadoc.jar.asc to /home/jenkins/.mvnrepository/org/entando/entando-k8s-composite-app-controller/6.3.8/entando-k8s-composite-app-controller-6.3.8-javadoc.jar.asc
[INFO] 
[INFO] --- maven-deploy-plugin:2.8.2:deploy (default-deploy) @ entando-k8s-composite-app-controller ---
[INFO] Using alternate deployment repository local-nexus::default::http://nexus/repository/maven-releases/
[INFO] 
[INFO] --- maven-site-plugin:3.9.0:site (default-site) @ entando-k8s-composite-app-controller ---
[INFO] configuring report plugin org.apache.maven.plugins:maven-project-info-reports-plugin:3.0.0
[INFO] 9 reports configured for maven-project-info-reports-plugin:3.0.0: dependency-info, distribution-management, index, ci-management, issue-management, licenses, plugins, scm, summary
[INFO] Rendering site with default locale English (en)
[WARNING] Unable to find a URL to the parent project. The parent menu will NOT be added.
[INFO] Relativizing decoration links with respect to localized project URL: https://central.entando.com
[INFO] Rendering content with org.apache.maven.skins:maven-default-skin:jar:1.3 skin.
[INFO] Generating "Dependency Information" report --- maven-project-info-reports-plugin:3.0.0:dependency-info
[INFO] Generating "About" report         --- maven-project-info-reports-plugin:3.0.0:index
[INFO] Generating "Issue Management" report --- maven-project-info-reports-plugin:3.0.0:issue-management
[INFO] Generating "Licenses" report      --- maven-project-info-reports-plugin:3.0.0:licenses
[INFO] Generating "Plugins" report       --- maven-project-info-reports-plugin:3.0.0:plugins
[INFO] Generating "Source Code Management" report --- maven-project-info-reports-plugin:3.0.0:scm
[INFO] Generating "Summary" report       --- maven-project-info-reports-plugin:3.0.0:summary
[INFO] 
[INFO] ----------< org.entando:entando-k8s-composite-app-controller >----------
[INFO] Building Entando K8S Composite App Controller 6.3.8
[INFO] --------------------------------[ jar ]---------------------------------
[INFO] 
[INFO] --- sonar-maven-plugin:3.8.0.2131:sonar (default-cli) @ entando-k8s-composite-app-controller ---
[INFO] User cache: /****/.sonar/cache
[INFO] SonarQube version: 8.5.0
[INFO] Default locale: "en", source code encoding: "UTF-8"
[INFO] Load global settings
[INFO] Load global settings (done) | time=236ms
[INFO] Server id: 1BD809FA-AWHW8ct9-T_TB3XqouNu
[INFO] User cache: /****/.sonar/cache
[INFO] Load/download plugins
[INFO] Load plugins index
[INFO] Load plugins index (done) | time=80ms
[INFO] Load/download plugins (done) | time=21693ms
[INFO] Loaded core extensions: developer-scanner
[INFO] JavaScript/TypeScript frontend is enabled
[INFO] Load project settings for component key: 'entando-k8s_entando-k8s-composite-app-controller'
[INFO] Load project settings for component key: 'entando-k8s_entando-k8s-composite-app-controller' (done) | time=29ms
[INFO] Process project properties
[INFO] E**cute project builders
[INFO] E**cute project builders (done) | time=2ms
[INFO] Project key: entando-k8s_entando-k8s-composite-app-controller
[INFO] Base dir: /workspace/source
[INFO] Working dir: /workspace/source/target/sonar
[INFO] Load project branches
[INFO] Load project branches (done) | time=37ms
[INFO] Check ALM binding of project 'entando-k8s_entando-k8s-composite-app-controller'
[INFO] Detected project binding: BOUND
[INFO] Check ALM binding of project 'entando-k8s_entando-k8s-composite-app-controller' (done) | time=27ms
[INFO] Load project pull requests
[INFO] Load project pull requests (done) | time=38ms
[INFO] Load branch configuration
[INFO] Load branch configuration (done) | time=3ms
[INFO] Load quality profiles
[INFO] Load quality profiles (done) | time=78ms
[INFO] Load active rules
[INFO] Load active rules (done) | time=1337ms
[INFO] Organization key: entando-k8s
[INFO] Indexing files...
[INFO] Project configuration:
[WARNING] Exception caught during e**cution of command '[/usr/local/git/bin/git, config, --******, --edit]' in '/usr/local/git/bin', return code '128', error message 'fatal: Invalid path '/usr/local/git/etc': No such file or directory
'
[INFO] 7 files inde**d
[INFO] 0 files ignored because of scm ignore settings
[INFO] Quality profile for java: Sonar way
[INFO] Quality profile for xml: Sonar way
[INFO] ------------- Run sensors on module Entando K8S Composite App Controller
[INFO] JavaScript/TypeScript frontend is enabled
[INFO] Load metrics repository
[INFO] Load metrics repository (done) | time=33ms
[INFO] Sensor JavaSquidSensor [java]
[INFO] Configured Java source version (sonar.java.source): 9
[INFO] JavaClasspath initialization
[INFO] JavaClasspath initialization (done) | time=11ms
[INFO] JavaTestClasspath initialization
[INFO] JavaTestClasspath initialization (done) | time=2ms
[INFO] Java Main Files AST scan
[INFO] 1 source file to be analyzed
[INFO] Load project repositories
[INFO] Load project repositories (done) | time=44ms
[INFO] 1/1 source file has been analyzed
[INFO] Java Main Files AST scan (done) | time=3187ms
[INFO] Java Test Files AST scan
[INFO] 5 source files to be analyzed
[INFO] 5/5 source files have been analyzed
[INFO] Java Test Files AST scan (done) | time=853ms
[INFO] Java Generated Files AST scan
[INFO] 0 source files to be analyzed
[INFO] 0/0 source files have been analyzed
[INFO] Java Generated Files AST scan (done) | time=1ms
[INFO] Sensor JavaSquidSensor [java] (done) | time=4544ms
[INFO] Sensor SonarCSS Rules [cssfamily]
[INFO] No CSS, PHP, HTML or VueJS files are found in the project. CSS analysis is skipped.
[INFO] Sensor SonarCSS Rules [cssfamily] (done) | time=2ms
[INFO] Sensor C# Project Type Information [csharp]
[INFO] Sensor C# Project Type Information [csharp] (done) | time=1ms
[INFO] Sensor C# Properties [csharp]
[INFO] Sensor C# Properties [csharp] (done) | time=2ms
[INFO] Sensor Import of Checkstyle issues [java]
[INFO] Importing /workspace/source/target/checkstyle-result.xml
[INFO] Sensor Import of Checkstyle issues [java] (done) | time=74ms
[INFO] Sensor SurefireSensor [java]
[INFO] parsing [/workspace/source/target/surefire-reports]
[INFO] Sensor SurefireSensor [java] (done) | time=45ms
[INFO] Sensor JavaXmlSensor [java]
[INFO] 1 source file to be analyzed
[INFO] 1/1 source file has been analyzed
[INFO] Sensor JavaXmlSensor [java] (done) | time=227ms
[INFO] Sensor HTML [web]
[INFO] Sensor HTML [web] (done) | time=5ms
[INFO] Sensor XML Sensor [xml]
[INFO] 1 source file to be analyzed
[INFO] 1/1 source file has been analyzed
[INFO] Sensor XML Sensor [xml] (done) | time=274ms
[INFO] Sensor VB.NET Project Type Information [vbnet]
[INFO] Sensor VB.NET Project Type Information [vbnet] (done) | time=2ms
[INFO] Sensor VB.NET Properties [vbnet]
[INFO] Sensor VB.NET Properties [vbnet] (done) | time=2ms
[INFO] Sensor JaCoCo XML Report Importer [jacoco]
[INFO] Importing 1 report(s). Turn your logs in debug mode in order to see the exhaustive list.
[INFO] Sensor JaCoCo XML Report Importer [jacoco] (done) | time=34ms
[INFO] Sensor ThymeLeaf template sensor [securityjavafrontend]
[INFO] Sensor ThymeLeaf template sensor [securityjavafrontend] (done) | time=2ms
[INFO] Sensor JavaSecuritySensor [security]
[INFO] Reading type hierarchy from: /workspace/source/target/sonar/ucfg2/java
[INFO] Read 68 type definitions
[INFO] Reading UCFGs from: /workspace/source/target/sonar/ucfg2/java
[INFO] 09:13:01.791346 Building Runtime Type propagation graph
[INFO] 09:13:01.803508 Running Tarjan on 68 nodes
[INFO] 09:13:01.806236 Tarjan found 65 components
[INFO] 09:13:01.809712 Variable type analysis: done
[INFO] 09:13:01.810633 Building Runtime Type propagation graph
[INFO] 09:13:01.815924 Running Tarjan on 68 nodes
[INFO] 09:13:01.816785 Tarjan found 65 components
[INFO] 09:13:01.81754 Variable type analysis: done
[INFO] Analyzing 10 ucfgs to detect vulnerabilities.
[INFO] All rules entrypoints : 0 Retained UCFGs : 0
[INFO] rule: S5131, entrypoints: 0
[INFO] rule: S5131 done
[INFO] rule: S3649, entrypoints: 0
[INFO] rule: S3649 done
[INFO] rule: S2076, entrypoints: 0
[INFO] rule: S2076 done
[INFO] rule: S2091, entrypoints: 0
[INFO] rule: S2091 done
[INFO] rule: S2078, entrypoints: 0
[INFO] rule: S2078 done
[INFO] rule: S2631, entrypoints: 0
[INFO] rule: S2631 done
[INFO] rule: S5135, entrypoints: 0
[INFO] rule: S5135 done
[INFO] rule: S2083, entrypoints: 0
[INFO] rule: S2083 done
[INFO] rule: S5167, entrypoints: 0
[INFO] rule: S5167 done
[INFO] rule: S5144, entrypoints: 0
[INFO] rule: S5144 done
[INFO] rule: S5145, entrypoints: 0
[INFO] rule: S5145 done
[INFO] rule: S5146, entrypoints: 0
[INFO] rule: S5146 done
[INFO] rule: S5334, entrypoints: 0
[INFO] rule: S5334 done
[INFO] rule: S6096, entrypoints: 0
[INFO] rule: S6096 done
[INFO] Sensor JavaSecuritySensor [security] (done) | time=493ms
[INFO] Sensor CSharpSecuritySensor [security]
[INFO] Reading type hierarchy from: /workspace/source/target/ucfg_cs2
[INFO] Read 0 type definitions
[INFO] Reading UCFGs from: /workspace/source/target/ucfg_cs2
[INFO] No UCFGs have been included for analysis.
[INFO] Sensor CSharpSecuritySensor [security] (done) | time=0ms
[INFO] Sensor PhpSecuritySensor [security]
[INFO] Reading type hierarchy from: /workspace/source/target/sonar/ucfg2/php
[INFO] Read 0 type definitions
[INFO] Reading UCFGs from: /workspace/source/target/sonar/ucfg2/php
[INFO] No UCFGs have been included for analysis.
[INFO] Sensor PhpSecuritySensor [security] (done) | time=0ms
[INFO] Sensor PythonSecuritySensor [security]
[INFO] Reading type hierarchy from: /workspace/source/target/sonar/ucfg2/python
[INFO] Read 0 type definitions
[INFO] Reading UCFGs from: /workspace/source/target/sonar/ucfg2/python
[INFO] No UCFGs have been included for analysis.
[INFO] Sensor PythonSecuritySensor [security] (done) | time=0ms
[INFO] Sensor JsSecuritySensor [security]
[INFO] Reading type hierarchy from: /workspace/source/target/sonar/ucfg2/js
[INFO] Read 0 type definitions
[INFO] Reading UCFGs from: /workspace/source/target/sonar/ucfg2/js
[INFO] No UCFGs have been included for analysis.
[INFO] Sensor JsSecuritySensor [security] (done) | time=0ms
[INFO] ------------- Run sensors on project
[INFO] Sensor Zero Coverage Sensor
[INFO] Sensor Zero Coverage Sensor (done) | time=1ms
[INFO] Sensor Java CPD Block Inde**r
[INFO] Sensor Java CPD Block Inde**r (done) | time=55ms
[INFO] SCM Publisher SCM provider for this project is: git
[INFO] SCM Publisher 7 source files to be analyzed
[WARNING] Shallow clone detected, no blame information will be provided. You can convert to non-shallow with 'git fetch --unshallow'.
[INFO] SCM Publisher 0/7 source files have been analyzed (done) | time=25ms
[WARNING] Missing blame information for the following files:
[WARNING]   * src/test/java/org/entando/kubernetes/compositeapp/controller/inprocesstests/CompositeAppControllerMockedTest.java
[WARNING]   * src/test/java/org/entando/kubernetes/compositeapp/controller/interprocesstests/EntandoCompositeAppIntegrationTestHelper.java
[WARNING]   * src/test/java/org/entando/kubernetes/compositeapp/controller/interprocesstests/CompositeAppControllerIntegratedTest.java
[WARNING]   * src/main/java/org/entando/kubernetes/compositeapp/controller/EntandoCompositeAppController.java
[WARNING]   * src/test/java/org/entando/kubernetes/compositeapp/controller/ImageVersionPreparation.java
[WARNING]   * src/test/java/org/entando/kubernetes/compositeapp/controller/AbstractCompositeAppControllerTest.java
[WARNING]   * pom.xml
[WARNING] This may lead to missing/broken features in SonarCloud
[INFO] CPD E**cutor Calculating CPD for 1 file
[INFO] CPD E**cutor CPD calculation finished (done) | time=26ms
[INFO] Analysis report generated in 214ms, dir size=253 KB
[INFO] Analysis report compressed in 34ms, zip size=63 KB
[INFO] Analysis report uploaded in 100ms
[INFO] ANALYSIS SUCCESSFUL, you can find the results at: https://sonarcloud.io/dashboard?id=entando-k8s_entando-k8s-composite-app-controller
[INFO] Note that you will be able to access the updated dashboard once the server has processed the submitted analysis report
[INFO] More about the report processing at https://sonarcloud.io/api/ce/task?id=AXimdOdLaHEp2p-Htk6H
[INFO] Analysis total time: 11.295 s
[INFO] ------------------------------------------------------------------------
[INFO] BUILD SUCCESS
[INFO] ------------------------------------------------------------------------
[INFO] Total time:  02:12 min
[INFO] Finished at: 2021-04-06T09:13:02Z
[INFO] ------------------------------------------------------------------------
error: failed to collect patterns target/site/* to path entando-k8s-composite-app-controller/master: Have you set up a git credential helper? See https://help.github.com/articles/caching-your-github-password-in-git/
: git output: To https://github.com/entando-k8s/devops-results.git
 ! [rejected]        gh-pages -> gh-pages (fetch first)
error: failed to push some refs to 'https://github.com/entando-k8s/devops-results.git'
hint: Updates were rejected because the remote contains work that you do
hint: not have locally. This is usually caused by another repository pushing
hint: to the same ref. You may want to first integrate the remote changes
hint: (e.g., 'git pull ...') before pushing again.
hint: See the 'Note about fast-forwards' in 'git push --help' for details.: failed to run 'git push origin gh-pages' command in directory '/tmp/jenkins-x-collect556137627', output: 'To https://github.com/entando-k8s/devops-results.git
 ! [rejected]        gh-pages -> gh-pages (fetch first)
error: failed to push some refs to 'https://github.com/entando-k8s/devops-results.git'
hint: Updates were rejected because the remote contains work that you do
hint: not have locally. This is usually caused by another repository pushing
hint: to the same ref. You may want to first integrate the remote changes
hint: (e.g., 'git pull ...') before pushing again.
hint: See the 'Note about fast-forwards' in 'git push --help' for details.'
Congratulations! No build failures found for entando-k8s-composite-app-controller-master.

Showing logs for build [32mentando-k8s-entando-k8s-composi-7tb8v-34[0m stage [32mfrom-build-pack[0m and container [32mstep-build-container-build[0m
Generating tags...
 - entando/entando-k8s-composite-app-controller -> docker.io/entando/entando-k8s-composite-app-controller:6.3.8
Checking cache...
 - entando/entando-k8s-composite-app-controller: Not found. Building
Building [entando/entando-k8s-composite-app-controller]...
Sending build context to Docker daemon  142.3kB
Step 1/7 : FROM entando/entando-k8s-operator-common:6.3.19
 ---> 4deefd245dcb
Step 2/7 : ARG VERSION
 ---> Using cache
 ---> 06952f7186fe
Step 3/7 : LABEL name "Entando K8S Composite App Controller" vendor "Entando" version "v${VERSION}" release "6" summary "This container processes EntandoCompositeApp custom resources." description "This is a run-to-completion container. It will deploy all the components defined in the                    EntandoCompositeApp  to your cluster.                   Subsequent e**cutions of this container against the same EntandoCompositeApp will patch the existing                   deployment resources"
 ---> Running in 07232acb5fd5
 ---> be7909b80d1d
Step 4/7 : ENV JAVA_OPTIONS "-Djava.util.logging.manager=org.jboss.logmanager.LogManager"
 ---> Running in 4ca19d01cc1c
 ---> 5c05e7163e1f
Step 5/7 : ENV AB_ENABLED jmx_exporter
 ---> Running in ba79b1eb1e6d
 ---> 77593a5b0411
Step 6/7 : COPY target/*-runner.jar /deployments/app.jar
 ---> 3b5599d3d3bc
Step 7/7 : ENTRYPOINT /deployments/run-java.sh
 ---> Running in b032a9ce6cbd
 ---> 3878caa6b929
Successfully built 3878caa6b929
The push refers to a repository [docker.io/entando/entando-k8s-composite-app-controller]
599e7dd34258: Preparing
f82f814e0eba: Preparing
5ea76029f4b6: Preparing
8ae47d0b6051: Preparing
d82e10316212: Preparing
04a05557bbad: Preparing
821b0c400fe6: Preparing
04a05557bbad: Waiting
821b0c400fe6: Waiting
d82e10316212: Mounted from entando/entando-k8s-app-plugin-link-controller
5ea76029f4b6: Mounted from entando/entando-k8s-app-plugin-link-controller
f82f814e0eba: Mounted from entando/entando-k8s-app-plugin-link-controller
8ae47d0b6051: Mounted from entando/entando-k8s-app-plugin-link-controller
821b0c400fe6: Layer already exists
04a05557bbad: Layer already exists
599e7dd34258: Pushed
6.3.8: digest: sha256:379b31e34277c60208e58503512513b41cc5705f1ec664f95259dc8591ae221e size: 1791
There is a new version (1.21.0) of Skaffold available. Download it at https://storage.googleapis.com/skaffold/releases/latest/skaffold-linux-amd64


Showing logs for build [32mentando-k8s-entando-k8s-composi-7tb8v-34[0m stage [32mfrom-build-pack[0m and container [32mstep-postbuild-post-build[0m
no CVE provider running in the current ** namespace so skip adding image to be analysed

Showing logs for build [32mentando-k8s-entando-k8s-composi-7tb8v-34[0m stage [32mfrom-build-pack[0m and container [32mstep-promote-changelog[0m
Converted /workspace/source to an unshallow repository
Generating change log from git ref 227f7753905b268a4d3906f4f3c6191ac70bbddf => 2c4e9fabda15c222e3c028b3304c274647d8ba9b
Associating user ampie in users.jenkins.io with email ampie.private@gmail.com to git GitProvider user with login ampie-barnard as emails match
Adding label jenkins.io/git-github-userid=ampie-barnard to user ampie in users.jenkins.io
Associating user ampie in users.jenkins.io with email ampie.private@gmail.com to git GitProvider user with login ampie-barnard as emails match
Adding label jenkins.io/git-github-userid=ampie-barnard to user ampie in users.jenkins.io
Finding issues in commit messages using git format
WARNING: No release found for entando-k8s/entando-k8s-composite-app-controller and tag v6.3.8 so creating a new release
Updated the release information at https://github.com/entando-k8s/entando-k8s-composite-app-controller/releases/tag/v6.3.8
generated: /workspace/source/charts/entando-k8s-composite-app-controller/templates/release.yaml
Created Release entando-k8s-composite-app-controller-6-3-8 resource in namespace **
Updating PipelineActivity entando-k8s-entando-k8s-composite-app-controller-master-34 with version 6.3.8
Updated PipelineActivities entando-k8s-entando-k8s-composite-app-controller-master-34 with release notes URL: https://github.com/entando-k8s/entando-k8s-composite-app-controller/releases/tag/v6.3.8

Showing logs for build [32mentando-k8s-entando-k8s-composi-7tb8v-34[0m stage [32mfrom-build-pack[0m and container [32mstep-promote-update-image-map[0m
Publishing image info for entando-k8s-composite-app-controller
configmap/entando-docker-image-info-v6.3 patched
