
Showing logs for build [32mentando-entando-plugin-jpseo-pr-q8rzf-6[0m stage [32mfrom-build-pack[0m and container [32mcredential-initializer[0m
{"level":"info","ts":1625237316.2194126,"caller":"creds-init/main.go:44","msg":"Credentials initialized."}

Showing logs for build [32mentando-entando-plugin-jpseo-pr-q8rzf-6[0m stage [32mfrom-build-pack[0m and container [32mworking-dir-initializer[0m

Showing logs for build [32mentando-entando-plugin-jpseo-pr-q8rzf-6[0m stage [32mfrom-build-pack[0m and container [32mplace-tools[0m

Showing logs for build [32mentando-entando-plugin-jpseo-pr-q8rzf-6[0m stage [32mfrom-build-pack[0m and container [32mstep-git-source-entando-entando-plugin-jpseo-pr-q8rzf-q7bnd[0m
{"level":"info","ts":1625237419.784208,"caller":"git/git.go:105","msg":"Successfully cloned https://github.com/entando/entando-plugin-jpseo.git @ master in path /workspace/source"}
{"level":"warn","ts":1625237419.784476,"caller":"git/git.go:152","msg":"Unexpected error: creating symlink: symlink /tekton/home/.ssh /****/.ssh: file exists"}
{"level":"info","ts":1625237419.857474,"caller":"git/git.go:133","msg":"Successfully initialized and updated submodules in path /workspace/source"}

Showing logs for build [32mentando-entando-plugin-jpseo-pr-q8rzf-6[0m stage [32mfrom-build-pack[0m and container [32mstep-setup-builder-home[0m

Showing logs for build [32mentando-entando-plugin-jpseo-pr-q8rzf-6[0m stage [32mfrom-build-pack[0m and container [32mstep-git-merge[0m
Using SHAs from PULL_REFS=master:2f2a2e2cb277f1e8b77149aeaceded783a0cdd0f,40:7a3d9576bcc419e39aa7d3670f6b7883021a3c28
DEBUG: LC_ALL=C JX_LOG_LEVEL=error git fetch origin --unshallow 7a3d9576bcc419e39aa7d3670f6b7883021a3c28: 2f2a2e2cb277f1e8b77149aeaceded783a0cdd0f:
DEBUG: ran git fetch --unshallow origin 7a3d9576bcc419e39aa7d3670f6b7883021a3c28: 2f2a2e2cb277f1e8b77149aeaceded783a0cdd0f: in 
DEBUG: JX_LOG_LEVEL=error LC_ALL=C git branch
DEBUG: LC_ALL=C JX_LOG_LEVEL=error git checkout master
DEBUG: ran git checkout master in 
DEBUG: LC_ALL=C JX_LOG_LEVEL=error git reset --hard 2f2a2e2cb277f1e8b77149aeaceded783a0cdd0f
DEBUG: ran git reset --hard 2f2a2e2cb277f1e8b77149aeaceded783a0cdd0f in 
DEBUG: JX_LOG_LEVEL=error LC_ALL=C git clean -fd .
DEBUG: ran clean --force -d . in 
DEBUG: LC_ALL=C JX_LOG_LEVEL=error git merge 7a3d9576bcc419e39aa7d3670f6b7883021a3c28
DEBUG: ran git merge 7a3d9576bcc419e39aa7d3670f6b7883021a3c28 in 
DEBUG: LC_ALL=C JX_LOG_LEVEL=error git log --format=%H%x1f%an%x1f%ae%x1f%cn%x1f%ce%x1f%s%n%b%x1e 2f2a2e2cb277f1e8b77149aeaceded783a0cdd0f..HEAD
Merged SHA 7a3d9576bcc419e39aa7d3670f6b7883021a3c28 with commit message 'ENG-2312: Upgrade bom version' into base branch master
Merged SHA a99743f2e60e90e0f9dad75b0dbaf3a1582811c4 with commit message 'ENG-2312 Updating entando-core-bom reference' into base branch master
Merged SHA c142f423d02bed4d5c9d68ac87ae1b2717c044f7 with commit message 'ENG-2312: Updating core-bom version' into base branch master
Merged SHA 0e47bdcd9cb1b716e5485b3858c8699cb778e64c with commit message 'ENG-2312: Added new parameter ("baseUrlMode") into URLTag' into base branch master

Showing logs for build [32mentando-entando-plugin-jpseo-pr-q8rzf-6[0m stage [32mfrom-build-pack[0m and container [32mstep-build-set-version[0m
Picked up _JAVA_OPTIONS: -XX:+UnlockExperimentalVMOptions -Dsun.zip.disableMemoryMapping=**** -XX:+UseParallelGC -XX:MinHeapFreeRatio=5 -XX:MaxHeapFreeRatio=10 -XX:GCTimeRatio=4 -XX:AdaptiveSizePolicyWeight=90 -Xms10m -Xmx8000m
[INFO] Scanning for projects...
[ERROR] [ERROR] Some problems were encountered while processing the POMs:
[WARNING] 'dependencyManagement.dependencies.dependency.(groupId:artifactId:type:classifier)' must be unique: org.springframework:spring-tx:jar -> version (?) vs ${spring.version} @ org.entando:entando-core-parent:6.4.2, /home/jenkins/.mvnrepository/org/entando/entando-core-parent/6.4.2/entando-core-parent-6.4.2.pom, line 625, column 25
[ERROR] Non-resolvable import POM: Could not find artifact org.entando:entando-core-bom:pom:6.4.10 in nexus (http://nexus/repository/maven-group/) @ line 94, column 25
[ERROR] 'dependencies.dependency.version' for org.entando.entando.plugins:entando-plugin-jacms:jar:classes is missing. @ line 105, column 21
[ERROR] 'dependencies.dependency.version' for org.entando.entando:entando-portal-ui:jar:classes is missing. @ line 110, column 21
[ERROR] 'dependencies.dependency.version' for org.entando.entando.plugins:entando-plugin-jacms:test-jar is missing. @ line 127, column 21
[ERROR] 'dependencies.dependency.version' for org.entando.entando:entando-portal-ui:test-jar is missing. @ line 132, column 21
[ERROR] 'dependencies.dependency.version' for org.entando.entando:entando-engine:test-jar is missing. @ line 137, column 21
[ERROR] 'dependencies.dependency.version' for org.entando.entando:entando-*****-console:test-jar is missing. @ line 142, column 21
 @ 
[ERROR] The build could not read 1 project -> [Help 1]
[ERROR]   
[ERROR]   The project org.entando.entando.plugins:entando-plugin-jpseo:6.4.0-SNAPSHOT (/workspace/source/pom.xml) has 7 errors
[ERROR]     Non-resolvable import POM: Could not find artifact org.entando:entando-core-bom:pom:6.4.10 in nexus (http://nexus/repository/maven-group/) @ line 94, column 25 -> [Help 2]
[ERROR]     'dependencies.dependency.version' for org.entando.entando.plugins:entando-plugin-jacms:jar:classes is missing. @ line 105, column 21
[ERROR]     'dependencies.dependency.version' for org.entando.entando:entando-portal-ui:jar:classes is missing. @ line 110, column 21
[ERROR]     'dependencies.dependency.version' for org.entando.entando.plugins:entando-plugin-jacms:test-jar is missing. @ line 127, column 21
[ERROR]     'dependencies.dependency.version' for org.entando.entando:entando-portal-ui:test-jar is missing. @ line 132, column 21
[ERROR]     'dependencies.dependency.version' for org.entando.entando:entando-engine:test-jar is missing. @ line 137, column 21
[ERROR]     'dependencies.dependency.version' for org.entando.entando:entando-*****-console:test-jar is missing. @ line 142, column 21
[ERROR] 
[ERROR] To see the full stack trace of the errors, re-run Maven with the -e switch.
[ERROR] Re-run Maven using the -X switch to enable full debug logging.
[ERROR] 
[ERROR] For more information about the errors and possible solutions, please read the following articles:
[ERROR] [Help 1] http://cwiki.apache.org/confluence/display/MAVEN/ProjectBuildingException
[ERROR] [Help 2] http://cwiki.apache.org/confluence/display/MAVEN/UnresolvableModelException
[31m
Pipeline failed on stage 'from-build-pack' : container 'step-build-set-version'. The execution of the pipeline has stopped.[0m
