
Showing logs for build [32mentando-k8s-entando-k8s-composi-svgql-2[0m stage [32mfrom-build-pack[0m and container [32mstep-credential-initializer-wtzss[0m
{"level":"warn","ts":1617115186.6646466,"logger":"fallback-logger","caller":"logging/config.go:69","msg":"Fetch GitHub commit ID from kodata failed: \"ref: refs/heads/0.8.0-**-support-backwards-incompats\" is not a valid GitHub commit ID"}
{"level":"info","ts":1617115186.670268,"logger":"fallback-logger","caller":"creds-init/main.go:40","msg":"Credentials initialized."}

Showing logs for build [32mentando-k8s-entando-k8s-composi-svgql-2[0m stage [32mfrom-build-pack[0m and container [32mstep-working-dir-initializer-rcnmd[0m
{"level":"warn","ts":1617115188.9136136,"logger":"fallback-logger","caller":"logging/config.go:69","msg":"Fetch GitHub commit ID from kodata failed: open /var/run/ko/HEAD: no such file or directory"}
{"level":"info","ts":1617115188.9244528,"logger":"fallback-logger","caller":"bash/main.go:64","msg":"Successfully e**cuted command \"sh -c mkdir -p /workspace/source\"; output "}

Showing logs for build [32mentando-k8s-entando-k8s-composi-svgql-2[0m stage [32mfrom-build-pack[0m and container [32mstep-place-tools[0m

Showing logs for build [32mentando-k8s-entando-k8s-composi-svgql-2[0m stage [32mfrom-build-pack[0m and container [32mstep-git-source-entando-k8s-entando-k8s-composi-bs7m2[0m
{"level":"warn","ts":1617115220.8789945,"logger":"fallback-logger","caller":"logging/config.go:69","msg":"Fetch GitHub commit ID from kodata failed: \"ref: refs/heads/0.8.0-**-support-backwards-incompats\" is not a valid GitHub commit ID"}
{"level":"info","ts":1617115221.6245222,"logger":"fallback-logger","caller":"git/git.go:103","msg":"Successfully cloned https://github.com/entando-k8s/entando-k8s-composite-app-controller.git @ master in path /workspace/source"}

Showing logs for build [32mentando-k8s-entando-k8s-composi-svgql-2[0m stage [32mfrom-build-pack[0m and container [32mstep-git-merge[0m
Using SHAs from PULL_REFS=master:236d9ec6fea988bebfd97233ca0ac79d8bbe3f5a,18:d5ac884f11d8243a0992bafa05d49ecafa612967
DEBUG: ran git fetch --unshallow origin d5ac884f11d8243a0992bafa05d49ecafa612967: 236d9ec6fea988bebfd97233ca0ac79d8bbe3f5a: in 
DEBUG: ran git checkout master in 
DEBUG: ran git reset --hard 236d9ec6fea988bebfd97233ca0ac79d8bbe3f5a in 
DEBUG: ran clean --force -d . in 
DEBUG: ran git merge d5ac884f11d8243a0992bafa05d49ecafa612967 in 
Merged SHA d5ac884f11d8243a0992bafa05d49ecafa612967 with commit message '#ENG-2114 bumped to latest operator-common' into base branch master

Showing logs for build [32mentando-k8s-entando-k8s-composi-svgql-2[0m stage [32mfrom-build-pack[0m and container [32mstep-build-set-version[0m
Picked up _JAVA_OPTIONS: -XX:+UnlockExperimentalVMOptions -Dsun.zip.disableMemoryMapping=**** -XX:+UseParallelGC -XX:MinHeapFreeRatio=5 -XX:MaxHeapFreeRatio=10 -XX:GCTimeRatio=4 -XX:AdaptiveSizePolicyWeight=90 -Xms1000m -Xmx12000m
[INFO] Scanning for projects...
[INFO] 
[INFO] ----------< org.entando:entando-k8s-composite-app-controller >----------
[INFO] Building Entando K8S Composite App Controller 6.3.0-SNAPSHOT
[INFO] --------------------------------[ jar ]---------------------------------
[INFO] 
[INFO] --- versions-maven-plugin:2.8.1:set (default-cli) @ entando-k8s-composite-app-controller ---
[INFO] Local aggregation ****: /workspace/source
[INFO] Processing change of org.entando:entando-k8s-composite-app-controller:6.3.0-SNAPSHOT -> 0.0.0-SNAPSHOT-PR-18-2
[INFO] Processing org.entando:entando-k8s-composite-app-controller
[INFO]     Updating project org.entando:entando-k8s-composite-app-controller
[INFO]         from version 6.3.0-SNAPSHOT to 0.0.0-SNAPSHOT-PR-18-2
[INFO] 
[INFO] ------------------------------------------------------------------------
[INFO] BUILD SUCCESS
[INFO] ------------------------------------------------------------------------
[INFO] Total time:  9.742 s
[INFO] Finished at: 2021-03-30T14:40:35Z
[INFO] ------------------------------------------------------------------------

Showing logs for build [32mentando-k8s-entando-k8s-composi-svgql-2[0m stage [32mfrom-build-pack[0m and container [32mstep-build-fix-git-for-sonar[0m
Switched to a new branch 'PR-18'
M	pom.xml
Deleted branch master (was d5ac884).
From https://github.com/entando-k8s/entando-k8s-composite-app-controller
 * [new branch]      master     -> master

Showing logs for build [32mentando-k8s-entando-k8s-composi-svgql-2[0m stage [32mfrom-build-pack[0m and container [32mstep-build-mvn-verify-pr[0m
Picked up _JAVA_OPTIONS: -XX:+UnlockExperimentalVMOptions -Dsun.zip.disableMemoryMapping=**** -XX:+UseParallelGC -XX:MinHeapFreeRatio=5 -XX:MaxHeapFreeRatio=10 -XX:GCTimeRatio=4 -XX:AdaptiveSizePolicyWeight=90 -Xms1000m -Xmx12000m
[INFO] Scanning for projects...
[INFO] 
[INFO] ----------< org.entando:entando-k8s-composite-app-controller >----------
[INFO] Building Entando K8S Composite App Controller 0.0.0-SNAPSHOT-PR-18-2
[INFO] --------------------------------[ jar ]---------------------------------
[INFO] 
[INFO] --- maven-checkstyle-plugin:3.1.1:check (validate) @ entando-k8s-composite-app-controller ---
[INFO] Starting audit...
Audit done.
[INFO] You have 0 Checkstyle violations.
[INFO] 
[INFO] --- maven-checkstyle-plugin:3.1.1:checkstyle (validate) @ entando-k8s-composite-app-controller ---
[INFO] Starting audit...
Audit done.
[INFO] 
[INFO] --- jacoco-maven-plugin:0.8.5:prepare-agent (prepare-agent) @ entando-k8s-composite-app-controller ---
[INFO] argLine set to -javaagent:/home/jenkins/.mvnrepository/org/jacoco/org.jacoco.agent/0.8.5/org.jacoco.agent-0.8.5-runtime.jar=destfile=/workspace/source/target/jacoco.e**c
[INFO] 
[INFO] --- maven-resources-plugin:2.6:resources (default-resources) @ entando-k8s-composite-app-controller ---
[INFO] Using 'UTF-8' encoding to copy filtered resources.
[INFO] Copying 3 resources
[INFO] 
[INFO] --- maven-compiler-plugin:3.8.1:compile (default-compile) @ entando-k8s-composite-app-controller ---
[INFO] Changes detected - recompiling the module!
[INFO] Compiling 1 source file to /workspace/source/target/classes
[INFO] 
[INFO] --- maven-resources-plugin:2.6:testResources (default-testResources) @ entando-k8s-composite-app-controller ---
[INFO] Using 'UTF-8' encoding to copy filtered resources.
[INFO] Copying 6 resources
[INFO] 
[INFO] --- maven-compiler-plugin:3.8.1:testCompile (default-testCompile) @ entando-k8s-composite-app-controller ---
[INFO] Changes detected - recompiling the module!
[INFO] Compiling 5 source files to /workspace/source/target/test-classes
[INFO] 
[INFO] --- maven-surefire-plugin:3.0.0-M1:test (default-test) @ entando-k8s-composite-app-controller ---
[INFO] 
[INFO] -------------------------------------------------------
[INFO]  T E S T S
[INFO] -------------------------------------------------------
[INFO] Running org.entando.kubernetes.compositeapp.controller.inprocesstests.CompositeAppControllerMockedTest
Mar 30, 2021 2:41:03 PM okhttp3.mockwebserver.MockWebServer$2 e**cute
INFO: MockWebServer[60651] starting to accept connections
Mar 30, 2021 2:41:03 PM okhttp3.mockwebserver.MockWebServer$3 processOneRequest
INFO: MockWebServer[60651] received request: GET /api/v1/namespaces/entando HTTP/1.1 and responded: HTTP/1.1 404 Client Error
Mar 30, 2021 2:41:04 PM okhttp3.mockwebserver.MockWebServer$3 processOneRequest
INFO: MockWebServer[60651] received request: POST /api/v1/namespaces HTTP/1.1 and responded: HTTP/1.1 202 OK
Mar 30, 2021 2:41:04 PM org.entando.kubernetes.client.KubernetesRestInterceptor invoke
INFO: Entering method loadDockerImageInfoConfigMap in class org.entando.kubernetes.controller.support.client.EntandoResourceClient
Mar 30, 2021 2:41:04 PM okhttp3.mockwebserver.MockWebServer$3 processOneRequest
INFO: MockWebServer[60651] received request: GET /api/v1/namespaces/entando/configmaps/entando-docker-image-info-v6.3 HTTP/1.1 and responded: HTTP/1.1 404 Client Error
Mar 30, 2021 2:41:04 PM org.entando.kubernetes.client.KubernetesRestInterceptor invoke
INFO: Exiting method loadDockerImageInfoConfigMap in class org.entando.kubernetes.controller.support.client.EntandoResourceClient
Mar 30, 2021 2:41:04 PM okhttp3.mockwebserver.MockWebServer$3 processOneRequest
INFO: MockWebServer[60651] received request: GET /api/v1/namespaces/entando/configmaps/entando-docker-image-info-v6.3 HTTP/1.1 and responded: HTTP/1.1 404 Client Error
Mar 30, 2021 2:41:04 PM okhttp3.mockwebserver.MockWebServer$3 processOneRequest
INFO: MockWebServer[60651] received request: POST /api/v1/namespaces/entando/configmaps HTTP/1.1 and responded: HTTP/1.1 202 OK
Mar 30, 2021 2:41:04 PM okhttp3.mockwebserver.MockWebServer$3 processOneRequest
INFO: MockWebServer[60651] received request: GET /api/v1/namespaces/entando/configmaps/entando-docker-image-info-v6.3 HTTP/1.1 and responded: HTTP/1.1 200 OK
Mar 30, 2021 2:41:04 PM okhttp3.mockwebserver.MockWebServer$3 processOneRequest
INFO: MockWebServer[60651] received request: GET /api/v1/namespaces/entando/configmaps/entando-docker-image-info-v6.3 HTTP/1.1 and responded: HTTP/1.1 200 OK
Mar 30, 2021 2:41:04 PM okhttp3.mockwebserver.MockWebServer$3 processOneRequest
INFO: MockWebServer[60651] received request: GET /api/v1/namespaces/entando/configmaps/entando-docker-image-info-v6.3 HTTP/1.1 and responded: HTTP/1.1 200 OK
Mar 30, 2021 2:41:04 PM okhttp3.mockwebserver.MockWebServer$3 processOneRequest
INFO: MockWebServer[60651] received request: PATCH /api/v1/namespaces/entando/configmaps/entando-docker-image-info-v6.3 HTTP/1.1 and responded: HTTP/1.1 202 OK
Mar 30, 2021 2:41:04 PM org.entando.kubernetes.client.KubernetesRestInterceptor invoke
INFO: Entering method createOrPatchEntandoResource in class org.entando.kubernetes.controller.support.client.EntandoResourceClient with EntandoPlugin: entando-k8s-composite-app-controller-carcpr18/test-plugin-carcpr18
Mar 30, 2021 2:41:04 PM okhttp3.mockwebserver.MockWebServer$3 processOneRequest
INFO: MockWebServer[60651] received request: GET /apis/apiextensions.k8s.io/v1beta1/customresourcedefinitions/entandoplugins.entando.org HTTP/1.1 and responded: HTTP/1.1 404 Client Error
Mar 30, 2021 2:41:05 PM okhttp3.mockwebserver.MockWebServer$3 processOneRequest
INFO: MockWebServer[60651] received request: POST /apis/apiextensions.k8s.io/v1beta1/customresourcedefinitions HTTP/1.1 and responded: HTTP/1.1 202 OK
Mar 30, 2021 2:41:05 PM okhttp3.mockwebserver.MockWebServer$3 processOneRequest
INFO: MockWebServer[60651] received request: GET /api/v1/namespaces/entando-k8s-composite-app-controller-carcpr18 HTTP/1.1 and responded: HTTP/1.1 404 Client Error
Mar 30, 2021 2:41:05 PM okhttp3.mockwebserver.MockWebServer$3 processOneRequest
INFO: MockWebServer[60651] received request: GET /apis/entando.org/v1/namespaces/default/entandoplugins HTTP/1.1 and responded: HTTP/1.1 200 OK
Mar 30, 2021 2:41:05 PM okhttp3.mockwebserver.MockWebServer$3 processOneRequest
INFO: MockWebServer[60651] received request: GET /api/v1/namespaces/entando-k8s-composite-app-controller-carcpr18 HTTP/1.1 and responded: HTTP/1.1 404 Client Error
Mar 30, 2021 2:41:05 PM okhttp3.mockwebserver.MockWebServer$3 processOneRequest
INFO: MockWebServer[60651] received request: GET /apis/entando.org/v1/namespaces/default/entandoplugins HTTP/1.1 and responded: HTTP/1.1 200 OK
Mar 30, 2021 2:41:05 PM okhttp3.mockwebserver.MockWebServer$3 processOneRequest
INFO: MockWebServer[60651] received request: GET /apis/entando.org/v1/namespaces/entando-k8s-composite-app-controller-carcpr18/entandoplugins/test-plugin-carcpr18 HTTP/1.1 and responded: HTTP/1.1 404 Client Error
Mar 30, 2021 2:41:05 PM okhttp3.mockwebserver.MockWebServer$3 processOneRequest
INFO: MockWebServer[60651] received request: POST /apis/entando.org/v1/namespaces/entando-k8s-composite-app-controller-carcpr18/entandoplugins HTTP/1.1 and responded: HTTP/1.1 202 OK
Mar 30, 2021 2:41:05 PM org.entando.kubernetes.client.KubernetesRestInterceptor invoke
INFO: Exiting method createOrPatchEntandoResource in class org.entando.kubernetes.controller.support.client.EntandoResourceClient
Mar 30, 2021 2:41:05 PM okhttp3.mockwebserver.MockWebServer$3 processOneRequest
INFO: MockWebServer[60651] received request: GET /apis/apiextensions.k8s.io/v1beta1/customresourcedefinitions/entandocompositeapps.entando.org HTTP/1.1 and responded: HTTP/1.1 404 Client Error
Mar 30, 2021 2:41:05 PM okhttp3.mockwebserver.MockWebServer$3 processOneRequest
INFO: MockWebServer[60651] received request: POST /apis/apiextensions.k8s.io/v1beta1/customresourcedefinitions HTTP/1.1 and responded: HTTP/1.1 202 OK
Mar 30, 2021 2:41:05 PM okhttp3.mockwebserver.MockWebServer$3 processOneRequest
INFO: MockWebServer[60651] received request: GET /api/v1/namespaces/entando-k8s-composite-app-controller-carcpr18 HTTP/1.1 and responded: HTTP/1.1 404 Client Error
Mar 30, 2021 2:41:06 PM okhttp3.mockwebserver.MockWebServer$3 processOneRequest
INFO: MockWebServer[60651] received request: GET /apis/entando.org/v1/namespaces/default/entandocompositeapps HTTP/1.1 and responded: HTTP/1.1 200 OK
Mar 30, 2021 2:41:06 PM okhttp3.mockwebserver.MockWebServer$3 processOneRequest
INFO: MockWebServer[60651] received request: GET /api/v1/namespaces/entando-k8s-composite-app-controller-carcpr18 HTTP/1.1 and responded: HTTP/1.1 404 Client Error
Mar 30, 2021 2:41:06 PM okhttp3.mockwebserver.MockWebServer$3 processOneRequest
INFO: MockWebServer[60651] received request: GET /apis/entando.org/v1/namespaces/default/entandocompositeapps HTTP/1.1 and responded: HTTP/1.1 200 OK
Mar 30, 2021 2:41:06 PM okhttp3.mockwebserver.MockWebServer$3 processOneRequest
INFO: MockWebServer[60651] received request: POST /apis/entando.org/v1/namespaces/entando-k8s-composite-app-controller-carcpr18/entandocompositeapps HTTP/1.1 and responded: HTTP/1.1 202 OK
Mar 30, 2021 2:41:06 PM org.entando.kubernetes.client.KubernetesRestInterceptor invoke
INFO: Entering method loadOperatorConfig in class org.entando.kubernetes.controller.support.client.EntandoResourceClient
Mar 30, 2021 2:41:06 PM okhttp3.mockwebserver.MockWebServer$3 processOneRequest
INFO: MockWebServer[60651] received request: GET /api/v1/namespaces/entando-k8s-composite-app-controller-carcpr18/configmaps/entando-operator-config HTTP/1.1 and responded: HTTP/1.1 404 Client Error
Mar 30, 2021 2:41:06 PM org.entando.kubernetes.client.KubernetesRestInterceptor invoke
INFO: Exiting method loadOperatorConfig in class org.entando.kubernetes.controller.support.client.EntandoResourceClient
Mar 30, 2021 2:41:06 PM org.entando.kubernetes.client.KubernetesRestInterceptor invoke
INFO: Entering method load in class org.entando.kubernetes.controller.support.client.EntandoResourceClient with class org.entando.kubernetes.model.compositeapp.EntandoCompositeApp,entando-k8s-composite-app-controller-carcpr18,my-app-carcpr18
Mar 30, 2021 2:41:06 PM org.entando.kubernetes.client.KubernetesRestInterceptor invoke
INFO: Entering method getPodWatcherQueue in class org.entando.kubernetes.controller.support.client.PodWaitingClient
Mar 30, 2021 2:41:06 PM org.entando.kubernetes.client.KubernetesRestInterceptor invoke
INFO: Exiting method getPodWatcherQueue in class org.entando.kubernetes.controller.support.client.PodWaitingClient
Mar 30, 2021 2:41:06 PM okhttp3.mockwebserver.MockWebServer$3 processOneRequest
INFO: MockWebServer[60651] received request: GET /api/v1/namespaces/entando-k8s-composite-app-controller-carcpr18 HTTP/1.1 and responded: HTTP/1.1 404 Client Error
Mar 30, 2021 2:41:06 PM okhttp3.mockwebserver.MockWebServer$3 processOneRequest
INFO: MockWebServer[60651] received request: GET /apis/entando.org/v1/namespaces/default/entandocompositeapps HTTP/1.1 and responded: HTTP/1.1 200 OK
Mar 30, 2021 2:41:06 PM okhttp3.mockwebserver.MockWebServer$3 processOneRequest
INFO: MockWebServer[60651] received request: GET /api/v1/namespaces/entando-k8s-composite-app-controller-carcpr18 HTTP/1.1 and responded: HTTP/1.1 404 Client Error
Mar 30, 2021 2:41:06 PM okhttp3.mockwebserver.MockWebServer$3 processOneRequest
INFO: MockWebServer[60651] received request: GET /apis/entando.org/v1/namespaces/default/entandocompositeapps HTTP/1.1 and responded: HTTP/1.1 200 OK
Mar 30, 2021 2:41:06 PM okhttp3.mockwebserver.MockWebServer$3 processOneRequest
INFO: MockWebServer[60651] received request: GET /apis/entando.org/v1/namespaces/entando-k8s-composite-app-controller-carcpr18/entandocompositeapps/my-app-carcpr18 HTTP/1.1 and responded: HTTP/1.1 200 OK
Mar 30, 2021 2:41:06 PM org.entando.kubernetes.client.KubernetesRestInterceptor invoke
INFO: Exiting method load in class org.entando.kubernetes.controller.support.client.EntandoResourceClient
Mar 30, 2021 2:41:06 PM org.entando.kubernetes.client.KubernetesRestInterceptor invoke
INFO: Entering method updatePhase in class org.entando.kubernetes.controller.support.client.EntandoResourceClient with EntandoCompositeApp: entando-k8s-composite-app-controller-carcpr18/my-app-carcpr18
Mar 30, 2021 2:41:07 PM okhttp3.mockwebserver.MockWebServer$3 processOneRequest
INFO: MockWebServer[60651] received request: POST /api/v1/namespaces/entando-k8s-composite-app-controller-carcpr18/events HTTP/1.1 and responded: HTTP/1.1 202 OK
Mar 30, 2021 2:41:07 PM okhttp3.mockwebserver.MockWebServer$3 processOneRequest
INFO: MockWebServer[60651] received request: GET /apis/entando.org/v1/namespaces/entando-k8s-composite-app-controller-carcpr18/entandocompositeapps/my-app-carcpr18 HTTP/1.1 and responded: HTTP/1.1 200 OK
Mar 30, 2021 2:41:07 PM okhttp3.mockwebserver.MockWebServer$3 processOneRequest
INFO: MockWebServer[60651] received request: PUT /apis/entando.org/v1/namespaces/entando-k8s-composite-app-controller-carcpr18/entandocompositeapps/my-app-carcpr18/status HTTP/1.1 and responded: HTTP/1.1 202 OK
Mar 30, 2021 2:41:07 PM org.entando.kubernetes.client.KubernetesRestInterceptor invoke
INFO: Exiting method updatePhase in class org.entando.kubernetes.controller.support.client.EntandoResourceClient
Mar 30, 2021 2:41:07 PM org.entando.kubernetes.client.KubernetesRestInterceptor invoke
INFO: Entering method loadDockerImageInfoConfigMap in class org.entando.kubernetes.controller.support.client.EntandoResourceClient
Mar 30, 2021 2:41:07 PM okhttp3.mockwebserver.MockWebServer$3 processOneRequest
INFO: MockWebServer[60651] received request: GET /api/v1/namespaces/entando/configmaps/entando-docker-image-info-v6.3 HTTP/1.1 and responded: HTTP/1.1 200 OK
Mar 30, 2021 2:41:07 PM org.entando.kubernetes.client.KubernetesRestInterceptor invoke
INFO: Exiting method loadDockerImageInfoConfigMap in class org.entando.kubernetes.controller.support.client.EntandoResourceClient
Mar 30, 2021 2:41:07 PM org.entando.kubernetes.client.KubernetesRestInterceptor invoke
INFO: Entering method createOrPatchEntandoResource in class org.entando.kubernetes.controller.support.client.EntandoResourceClient with EntandoKeycloakServer: entando-k8s-composite-app-controller-carcpr18/test-keycloak-carcpr18
Mar 30, 2021 2:41:07 PM okhttp3.mockwebserver.MockWebServer$3 processOneRequest
INFO: MockWebServer[60651] received request: GET /apis/apiextensions.k8s.io/v1beta1/customresourcedefinitions/entandokeycloakservers.entando.org HTTP/1.1 and responded: HTTP/1.1 404 Client Error
Mar 30, 2021 2:41:07 PM okhttp3.mockwebserver.MockWebServer$3 processOneRequest
INFO: MockWebServer[60651] received request: POST /apis/apiextensions.k8s.io/v1beta1/customresourcedefinitions HTTP/1.1 and responded: HTTP/1.1 202 OK
Mar 30, 2021 2:41:07 PM okhttp3.mockwebserver.MockWebServer$3 processOneRequest
INFO: MockWebServer[60651] received request: GET /api/v1/namespaces/entando-k8s-composite-app-controller-carcpr18 HTTP/1.1 and responded: HTTP/1.1 404 Client Error
Mar 30, 2021 2:41:07 PM okhttp3.mockwebserver.MockWebServer$3 processOneRequest
INFO: MockWebServer[60651] received request: GET /apis/entando.org/v1/namespaces/default/entandokeycloakservers HTTP/1.1 and responded: HTTP/1.1 200 OK
Mar 30, 2021 2:41:07 PM okhttp3.mockwebserver.MockWebServer$3 processOneRequest
INFO: MockWebServer[60651] received request: GET /api/v1/namespaces/entando-k8s-composite-app-controller-carcpr18 HTTP/1.1 and responded: HTTP/1.1 404 Client Error
Mar 30, 2021 2:41:07 PM okhttp3.mockwebserver.MockWebServer$3 processOneRequest
INFO: MockWebServer[60651] received request: GET /apis/entando.org/v1/namespaces/default/entandokeycloakservers HTTP/1.1 and responded: HTTP/1.1 200 OK
Mar 30, 2021 2:41:07 PM okhttp3.mockwebserver.MockWebServer$3 processOneRequest
INFO: MockWebServer[60651] received request: GET /apis/entando.org/v1/namespaces/entando-k8s-composite-app-controller-carcpr18/entandokeycloakservers/test-keycloak-carcpr18 HTTP/1.1 and responded: HTTP/1.1 404 Client Error
Mar 30, 2021 2:41:07 PM okhttp3.mockwebserver.MockWebServer$3 processOneRequest
INFO: MockWebServer[60651] received request: POST /apis/entando.org/v1/namespaces/entando-k8s-composite-app-controller-carcpr18/entandokeycloakservers HTTP/1.1 and responded: HTTP/1.1 202 OK
Mar 30, 2021 2:41:08 PM org.entando.kubernetes.client.KubernetesRestInterceptor invoke
INFO: Exiting method createOrPatchEntandoResource in class org.entando.kubernetes.controller.support.client.EntandoResourceClient
Mar 30, 2021 2:41:08 PM org.entando.kubernetes.client.KubernetesRestInterceptor invoke
INFO: Entering method removeAndWait in class org.entando.kubernetes.controller.support.client.PodClient with entando-k8s-composite-app-controller-carcpr18,{EntandoKeycloakServer=test-keycloak-carcpr18, EntandoResourceKind=EntandoKeycloakServer, EntandoResourceNamespace=entando-k8s-composite-app-controller-carcpr18}
Mar 30, 2021 2:41:08 PM okhttp3.mockwebserver.MockWebServer$3 processOneRequest
INFO: MockWebServer[60651] received request: GET /api/v1/namespaces/entando-k8s-composite-app-controller-carcpr18/pods?labelSelector=EntandoResourceNamespace%3Dentando-k8s-composite-app-controller-carcpr18%2CEntandoResourceKind%3DEntandoKeycloakServer%2CEntandoKeycloakServer%3Dtest-keycloak-carcpr18 HTTP/1.1 and responded: HTTP/1.1 200 OK
Mar 30, 2021 2:41:08 PM org.entando.kubernetes.client.KubernetesRestInterceptor invoke
INFO: Entering method getPodWatcherQueue in class org.entando.kubernetes.controller.support.client.PodWaitingClient
Mar 30, 2021 2:41:08 PM org.entando.kubernetes.client.KubernetesRestInterceptor invoke
INFO: Exiting method getPodWatcherQueue in class org.entando.kubernetes.controller.support.client.PodWaitingClient
Mar 30, 2021 2:41:08 PM okhttp3.mockwebserver.MockWebServer$3 processOneRequest
INFO: MockWebServer[60651] received request: GET /api/v1/namespaces/entando-k8s-composite-app-controller-carcpr18/pods?labelSelector=EntandoResourceNamespace%3Dentando-k8s-composite-app-controller-carcpr18%2CEntandoResourceKind%3DEntandoKeycloakServer%2CEntandoKeycloakServer%3Dtest-keycloak-carcpr18&watch=**** HTTP/1.1 and responded: HTTP/1.1 200 OK
Mar 30, 2021 2:41:08 PM okhttp3.mockwebserver.MockWebServer$3 processOneRequest
INFO: MockWebServer[60651] received request: GET /api/v1/namespaces/entando-k8s-composite-app-controller-carcpr18/pods?labelSelector=EntandoResourceNamespace%3Dentando-k8s-composite-app-controller-carcpr18%2CEntandoResourceKind%3DEntandoKeycloakServer%2CEntandoKeycloakServer%3Dtest-keycloak-carcpr18&watch=**** HTTP/1.1 and responded: HTTP/1.1 200 OK
Mar 30, 2021 2:41:08 PM okhttp3.mockwebserver.MockWebServer$3 processOneRequest
INFO: MockWebServer[60651] received request: GET /api/v1/namespaces/entando-k8s-composite-app-controller-carcpr18/pods?labelSelector=EntandoResourceNamespace%3Dentando-k8s-composite-app-controller-carcpr18%2CEntandoResourceKind%3DEntandoKeycloakServer%2CEntandoKeycloakServer%3Dtest-keycloak-carcpr18 HTTP/1.1 and responded: HTTP/1.1 200 OK
Mar 30, 2021 2:41:08 PM io.fabric8.kubernetes.client.dsl.internal.WatchHTTPManager$1 onResponse
INFO: Watch terminated unexpectedly. reason: \n not found: limit=46 content=7b2261706956657273696f6e223a227631222c226b696e64223a224c69737422â€¦
Mar 30, 2021 2:41:08 PM okhttp3.mockwebserver.MockWebServer$3 processOneRequest
INFO: MockWebServer[60651] received request: GET /api/v1/namespaces/entando-k8s-composite-app-controller-carcpr18/pods?labelSelector=EntandoResourceNamespace%3Dentando-k8s-composite-app-controller-carcpr18%2CEntandoResourceKind%3DEntandoKeycloakServer%2CEntandoKeycloakServer%3Dtest-keycloak-carcpr18 HTTP/1.1 and responded: HTTP/1.1 200 OK
Mar 30, 2021 2:41:09 PM org.entando.kubernetes.client.KubernetesRestInterceptor invoke
INFO: Exiting method removeAndWait in class org.entando.kubernetes.controller.support.client.PodClient
Mar 30, 2021 2:41:09 PM okhttp3.mockwebserver.MockWebServer$3 processOneRequest
INFO: MockWebServer[60651] received request: GET /api/v1/namespaces/entando-k8s-composite-app-controller-carcpr18/pods?labelSelector=EntandoResourceNamespace%3Dentando-k8s-composite-app-controller-carcpr18%2CEntandoResourceKind%3DEntandoKeycloakServer%2CEntandoKeycloakServer%3Dtest-keycloak-carcpr18&watch=**** HTTP/1.1 and responded: HTTP/1.1 200 OK
Mar 30, 2021 2:41:09 PM io.fabric8.kubernetes.client.dsl.internal.WatchHTTPManager$1 onResponse
INFO: Watch terminated unexpectedly. reason: \n not found: limit=46 content=7b2261706956657273696f6e223a227631222c226b696e64223a224c69737422â€¦
Mar 30, 2021 2:41:09 PM io.fabric8.kubernetes.client.dsl.internal.WatchHTTPManager scheduleReconnect
WARN: Ignoring error for already closed/closing connection
Mar 30, 2021 2:41:09 PM org.entando.kubernetes.client.KubernetesRestInterceptor invoke
INFO: Entering method runToCompletion in class org.entando.kubernetes.controller.support.client.PodClient with Pod: entando-k8s-composite-app-controller-carcpr18/test-keycloak-carcpr18-deployer-9197
Mar 30, 2021 2:41:09 PM okhttp3.mockwebserver.MockWebServer$3 processOneRequest
INFO: MockWebServer[60651] received request: POST /api/v1/namespaces/entando-k8s-composite-app-controller-carcpr18/pods HTTP/1.1 and responded: HTTP/1.1 202 OK
Mar 30, 2021 2:41:09 PM org.entando.kubernetes.client.KubernetesRestInterceptor invoke
INFO: Entering method loadPod in class org.entando.kubernetes.controller.support.client.PodClient with entando-k8s-composite-app-controller-carcpr18,[Ljava.lang.String;@7ef99fb1
Mar 30, 2021 2:41:09 PM okhttp3.mockwebserver.MockWebServer$3 processOneRequest
INFO: MockWebServer[60651] received request: GET /api/v1/namespaces/entando-k8s-composite-app-controller-carcpr18/pods?fieldSelector=metadata.name%3Dtest-keycloak-carcpr18-deployer-9197&watch=**** HTTP/1.1 and responded: HTTP/1.1 200 OK
Mar 30, 2021 2:41:09 PM okhttp3.mockwebserver.MockWebServer$3 processOneRequest
INFO: MockWebServer[60651] received request: GET /api/v1/namespaces/entando-k8s-composite-app-controller-carcpr18/pods?labelSelector=EntandoKeycloakServer%3Dtest-keycloak-carcpr18 HTTP/1.1 and responded: HTTP/1.1 200 OK
Mar 30, 2021 2:41:09 PM org.entando.kubernetes.client.KubernetesRestInterceptor invoke
INFO: Exiting method loadPod in class org.entando.kubernetes.controller.support.client.PodClient
Mar 30, 2021 2:41:09 PM okhttp3.mockwebserver.MockWebServer$3 processOneRequest
INFO: MockWebServer[60651] received request: GET /api/v1/namespaces/entando-k8s-composite-app-controller-carcpr18/pods/test-keycloak-carcpr18-deployer-9197 HTTP/1.1 and responded: HTTP/1.1 200 OK
Mar 30, 2021 2:41:09 PM okhttp3.mockwebserver.MockWebServer$3 processOneRequest
INFO: MockWebServer[60651] received request: GET /api/v1/namespaces/entando-k8s-composite-app-controller-carcpr18/pods?fieldSelector=metadata.name%3Dtest-keycloak-carcpr18-deployer-9197&watch=**** HTTP/1.1 and responded: HTTP/1.1 200 OK
Mar 30, 2021 2:41:09 PM io.fabric8.kubernetes.client.dsl.internal.WatchHTTPManager$1 onResponse
INFO: Watch terminated unexpectedly. reason: \n not found: limit=2453 content=7b2261706956657273696f6e223a227631222c226b696e64223a224c69737422â€¦
Mar 30, 2021 2:41:09 PM okhttp3.mockwebserver.MockWebServer$3 processOneRequest
INFO: MockWebServer[60651] received request: PATCH /api/v1/namespaces/entando-k8s-composite-app-controller-carcpr18/pods/test-keycloak-carcpr18-deployer-9197 HTTP/1.1 and responded: HTTP/1.1 202 OK
Mar 30, 2021 2:41:09 PM org.entando.kubernetes.client.KubernetesRestInterceptor invoke
INFO: Entering method getPodWatcherQueue in class org.entando.kubernetes.controller.support.client.PodWaitingClient
Mar 30, 2021 2:41:09 PM org.entando.kubernetes.client.KubernetesRestInterceptor invoke
INFO: Exiting method getPodWatcherQueue in class org.entando.kubernetes.controller.support.client.PodWaitingClient
Mar 30, 2021 2:41:10 PM org.entando.kubernetes.client.KubernetesRestInterceptor invoke
INFO: Exiting method runToCompletion in class org.entando.kubernetes.controller.support.client.PodClient
Mar 30, 2021 2:41:10 PM org.entando.kubernetes.client.KubernetesRestInterceptor invoke
INFO: Entering method updateStatus in class org.entando.kubernetes.controller.support.client.EntandoResourceClient with EntandoCompositeApp: entando-k8s-composite-app-controller-carcpr18/my-app-carcpr18
Mar 30, 2021 2:41:10 PM okhttp3.mockwebserver.MockWebServer$3 processOneRequest
INFO: MockWebServer[60651] received request: GET /api/v1/namespaces/entando-k8s-composite-app-controller-carcpr18/pods?fieldSelector=metadata.name%3Dtest-keycloak-carcpr18-deployer-9197&watch=**** HTTP/1.1 and responded: HTTP/1.1 200 OK
Mar 30, 2021 2:41:10 PM io.fabric8.kubernetes.client.dsl.internal.WatchHTTPManager$1 onResponse
INFO: Watch terminated unexpectedly. reason: \n not found: limit=2637 content=7b2261706956657273696f6e223a227631222c226b696e64223a224c69737422â€¦
Mar 30, 2021 2:41:10 PM io.fabric8.kubernetes.client.dsl.internal.WatchHTTPManager scheduleReconnect
WARN: Ignoring error for already closed/closing connection
Mar 30, 2021 2:41:10 PM okhttp3.mockwebserver.MockWebServer$3 processOneRequest
INFO: MockWebServer[60651] received request: POST /api/v1/namespaces/entando-k8s-composite-app-controller-carcpr18/events HTTP/1.1 and responded: HTTP/1.1 202 OK
Mar 30, 2021 2:41:10 PM okhttp3.mockwebserver.MockWebServer$3 processOneRequest
INFO: MockWebServer[60651] received request: GET /apis/entando.org/v1/namespaces/entando-k8s-composite-app-controller-carcpr18/entandocompositeapps/my-app-carcpr18 HTTP/1.1 and responded: HTTP/1.1 200 OK
Mar 30, 2021 2:41:11 PM okhttp3.mockwebserver.MockWebServer$3 processOneRequest
INFO: MockWebServer[60651] received request: PUT /apis/entando.org/v1/namespaces/entando-k8s-composite-app-controller-carcpr18/entandocompositeapps/my-app-carcpr18/status HTTP/1.1 and responded: HTTP/1.1 202 OK
Mar 30, 2021 2:41:11 PM org.entando.kubernetes.client.KubernetesRestInterceptor invoke
INFO: Exiting method updateStatus in class org.entando.kubernetes.controller.support.client.EntandoResourceClient
Mar 30, 2021 2:41:11 PM org.entando.kubernetes.client.KubernetesRestInterceptor invoke
INFO: Entering method load in class org.entando.kubernetes.controller.support.client.EntandoResourceClient with class org.entando.kubernetes.model.plugin.EntandoPlugin,entando-k8s-composite-app-controller-carcpr18,test-plugin-carcpr18
Mar 30, 2021 2:41:11 PM okhttp3.mockwebserver.MockWebServer$3 processOneRequest
INFO: MockWebServer[60651] received request: GET /apis/entando.org/v1/namespaces/entando-k8s-composite-app-controller-carcpr18/entandoplugins/test-plugin-carcpr18 HTTP/1.1 and responded: HTTP/1.1 200 OK
Mar 30, 2021 2:41:11 PM org.entando.kubernetes.client.KubernetesRestInterceptor invoke
INFO: Exiting method load in class org.entando.kubernetes.controller.support.client.EntandoResourceClient
Mar 30, 2021 2:41:11 PM org.entando.kubernetes.client.KubernetesRestInterceptor invoke
INFO: Entering method createOrPatchEntandoResource in class org.entando.kubernetes.controller.support.client.EntandoResourceClient with EntandoPlugin: entando-k8s-composite-app-controller-carcpr18/test-plugin-carcpr18
Mar 30, 2021 2:41:11 PM okhttp3.mockwebserver.MockWebServer$3 processOneRequest
INFO: MockWebServer[60651] received request: GET /apis/entando.org/v1/namespaces/entando-k8s-composite-app-controller-carcpr18/entandoplugins/test-plugin-carcpr18 HTTP/1.1 and responded: HTTP/1.1 200 OK
Mar 30, 2021 2:41:11 PM okhttp3.mockwebserver.MockWebServer$3 processOneRequest
INFO: MockWebServer[60651] received request: GET /apis/entando.org/v1/namespaces/entando-k8s-composite-app-controller-carcpr18/entandoplugins/test-plugin-carcpr18 HTTP/1.1 and responded: HTTP/1.1 200 OK
Mar 30, 2021 2:41:11 PM okhttp3.mockwebserver.MockWebServer$3 processOneRequest
INFO: MockWebServer[60651] received request: PATCH /apis/entando.org/v1/namespaces/entando-k8s-composite-app-controller-carcpr18/entandoplugins/test-plugin-carcpr18 HTTP/1.1 and responded: HTTP/1.1 202 OK
Mar 30, 2021 2:41:11 PM org.entando.kubernetes.client.KubernetesRestInterceptor invoke
INFO: Exiting method createOrPatchEntandoResource in class org.entando.kubernetes.controller.support.client.EntandoResourceClient
Mar 30, 2021 2:41:11 PM org.entando.kubernetes.client.KubernetesRestInterceptor invoke
INFO: Entering method removeAndWait in class org.entando.kubernetes.controller.support.client.PodClient with entando-k8s-composite-app-controller-carcpr18,{EntandoPlugin=test-plugin-carcpr18, EntandoResourceKind=EntandoPlugin, EntandoResourceNamespace=entando-k8s-composite-app-controller-carcpr18}
Mar 30, 2021 2:41:11 PM okhttp3.mockwebserver.MockWebServer$3 processOneRequest
INFO: MockWebServer[60651] received request: GET /api/v1/namespaces/entando-k8s-composite-app-controller-carcpr18/pods?labelSelector=EntandoPlugin%3Dtest-plugin-carcpr18%2CEntandoResourceNamespace%3Dentando-k8s-composite-app-controller-carcpr18%2CEntandoResourceKind%3DEntandoPlugin HTTP/1.1 and responded: HTTP/1.1 200 OK
Mar 30, 2021 2:41:11 PM org.entando.kubernetes.client.KubernetesRestInterceptor invoke
INFO: Entering method getPodWatcherQueue in class org.entando.kubernetes.controller.support.client.PodWaitingClient
Mar 30, 2021 2:41:11 PM org.entando.kubernetes.client.KubernetesRestInterceptor invoke
INFO: Exiting method getPodWatcherQueue in class org.entando.kubernetes.controller.support.client.PodWaitingClient
Mar 30, 2021 2:41:11 PM okhttp3.mockwebserver.MockWebServer$3 processOneRequest
INFO: MockWebServer[60651] received request: GET /api/v1/namespaces/entando-k8s-composite-app-controller-carcpr18/pods?labelSelector=EntandoPlugin%3Dtest-plugin-carcpr18%2CEntandoResourceNamespace%3Dentando-k8s-composite-app-controller-carcpr18%2CEntandoResourceKind%3DEntandoPlugin&watch=**** HTTP/1.1 and responded: HTTP/1.1 200 OK
Mar 30, 2021 2:41:11 PM okhttp3.mockwebserver.MockWebServer$3 processOneRequest
INFO: MockWebServer[60651] received request: GET /api/v1/namespaces/entando-k8s-composite-app-controller-carcpr18/pods?labelSelector=EntandoPlugin%3Dtest-plugin-carcpr18%2CEntandoResourceNamespace%3Dentando-k8s-composite-app-controller-carcpr18%2CEntandoResourceKind%3DEntandoPlugin HTTP/1.1 and responded: HTTP/1.1 200 OK
Mar 30, 2021 2:41:11 PM okhttp3.mockwebserver.MockWebServer$3 processOneRequest
INFO: MockWebServer[60651] received request: GET /api/v1/namespaces/entando-k8s-composite-app-controller-carcpr18/pods?labelSelector=EntandoPlugin%3Dtest-plugin-carcpr18%2CEntandoResourceNamespace%3Dentando-k8s-composite-app-controller-carcpr18%2CEntandoResourceKind%3DEntandoPlugin&watch=**** HTTP/1.1 and responded: HTTP/1.1 200 OK
Mar 30, 2021 2:41:11 PM io.fabric8.kubernetes.client.dsl.internal.WatchHTTPManager$1 onResponse
INFO: Watch terminated unexpectedly. reason: \n not found: limit=46 content=7b2261706956657273696f6e223a227631222c226b696e64223a224c69737422â€¦
Mar 30, 2021 2:41:11 PM okhttp3.mockwebserver.MockWebServer$3 processOneRequest
INFO: MockWebServer[60651] received request: GET /api/v1/namespaces/entando-k8s-composite-app-controller-carcpr18/pods?labelSelector=EntandoPlugin%3Dtest-plugin-carcpr18%2CEntandoResourceNamespace%3Dentando-k8s-composite-app-controller-carcpr18%2CEntandoResourceKind%3DEntandoPlugin HTTP/1.1 and responded: HTTP/1.1 200 OK
Mar 30, 2021 2:41:12 PM org.entando.kubernetes.client.KubernetesRestInterceptor invoke
INFO: Exiting method removeAndWait in class org.entando.kubernetes.controller.support.client.PodClient
Mar 30, 2021 2:41:12 PM org.entando.kubernetes.client.KubernetesRestInterceptor invoke
INFO: Entering method runToCompletion in class org.entando.kubernetes.controller.support.client.PodClient with Pod: entando-k8s-composite-app-controller-carcpr18/test-plugin-carcpr18-deployer-9591
Mar 30, 2021 2:41:12 PM okhttp3.mockwebserver.MockWebServer$3 processOneRequest
INFO: MockWebServer[60651] received request: GET /api/v1/namespaces/entando-k8s-composite-app-controller-carcpr18/pods?labelSelector=EntandoPlugin%3Dtest-plugin-carcpr18%2CEntandoResourceNamespace%3Dentando-k8s-composite-app-controller-carcpr18%2CEntandoResourceKind%3DEntandoPlugin&watch=**** HTTP/1.1 and responded: HTTP/1.1 200 OK
Mar 30, 2021 2:41:12 PM io.fabric8.kubernetes.client.dsl.internal.WatchHTTPManager$1 onResponse
INFO: Watch terminated unexpectedly. reason: \n not found: limit=46 content=7b2261706956657273696f6e223a227631222c226b696e64223a224c69737422â€¦
Mar 30, 2021 2:41:12 PM io.fabric8.kubernetes.client.dsl.internal.WatchHTTPManager scheduleReconnect
WARN: Ignoring error for already closed/closing connection
Mar 30, 2021 2:41:12 PM okhttp3.mockwebserver.MockWebServer$3 processOneRequest
INFO: MockWebServer[60651] received request: POST /api/v1/namespaces/entando-k8s-composite-app-controller-carcpr18/pods HTTP/1.1 and responded: HTTP/1.1 202 OK
Mar 30, 2021 2:41:12 PM org.entando.kubernetes.client.KubernetesRestInterceptor invoke
INFO: Entering method loadPod in class org.entando.kubernetes.controller.support.client.PodClient with entando-k8s-composite-app-controller-carcpr18,[Ljava.lang.String;@21aead01
Mar 30, 2021 2:41:12 PM okhttp3.mockwebserver.MockWebServer$3 processOneRequest
INFO: MockWebServer[60651] received request: GET /api/v1/namespaces/entando-k8s-composite-app-controller-carcpr18/pods?labelSelector=EntandoPlugin%3Dtest-plugin-carcpr18 HTTP/1.1 and responded: HTTP/1.1 200 OK
Mar 30, 2021 2:41:12 PM okhttp3.mockwebserver.MockWebServer$3 processOneRequest
INFO: MockWebServer[60651] received request: GET /api/v1/namespaces/entando-k8s-composite-app-controller-carcpr18/pods?fieldSelector=metadata.name%3Dtest-plugin-carcpr18-deployer-9591&watch=**** HTTP/1.1 and responded: HTTP/1.1 200 OK
Mar 30, 2021 2:41:12 PM org.entando.kubernetes.client.KubernetesRestInterceptor invoke
INFO: Exiting method loadPod in class org.entando.kubernetes.controller.support.client.PodClient
Mar 30, 2021 2:41:12 PM okhttp3.mockwebserver.MockWebServer$3 processOneRequest
INFO: MockWebServer[60651] received request: GET /api/v1/namespaces/entando-k8s-composite-app-controller-carcpr18/pods?fieldSelector=metadata.name%3Dtest-plugin-carcpr18-deployer-9591&watch=**** HTTP/1.1 and responded: HTTP/1.1 200 OK
Mar 30, 2021 2:41:12 PM okhttp3.mockwebserver.MockWebServer$3 processOneRequest
INFO: MockWebServer[60651] received request: GET /api/v1/namespaces/entando-k8s-composite-app-controller-carcpr18/pods/test-plugin-carcpr18-deployer-9591 HTTP/1.1 and responded: HTTP/1.1 200 OK
Mar 30, 2021 2:41:12 PM io.fabric8.kubernetes.client.dsl.internal.WatchHTTPManager$1 onResponse
INFO: Watch terminated unexpectedly. reason: \n not found: limit=5021 content=7b2261706956657273696f6e223a227631222c226b696e64223a224c69737422â€¦
Mar 30, 2021 2:41:13 PM okhttp3.mockwebserver.MockWebServer$3 processOneRequest
INFO: MockWebServer[60651] received request: PATCH /api/v1/namespaces/entando-k8s-composite-app-controller-carcpr18/pods/test-plugin-carcpr18-deployer-9591 HTTP/1.1 and responded: HTTP/1.1 202 OK
Mar 30, 2021 2:41:13 PM org.entando.kubernetes.client.KubernetesRestInterceptor invoke
INFO: Exiting method runToCompletion in class org.entando.kubernetes.controller.support.client.PodClient
Mar 30, 2021 2:41:13 PM org.entando.kubernetes.client.KubernetesRestInterceptor invoke
INFO: Entering method updateStatus in class org.entando.kubernetes.controller.support.client.EntandoResourceClient with EntandoCompositeApp: entando-k8s-composite-app-controller-carcpr18/my-app-carcpr18
Mar 30, 2021 2:41:14 PM okhttp3.mockwebserver.MockWebServer$3 processOneRequest
INFO: MockWebServer[60651] received request: GET /api/v1/namespaces/entando-k8s-composite-app-controller-carcpr18/pods?fieldSelector=metadata.name%3Dtest-plugin-carcpr18-deployer-9591&watch=**** HTTP/1.1 and responded: HTTP/1.1 200 OK
Mar 30, 2021 2:41:14 PM io.fabric8.kubernetes.client.dsl.internal.WatchHTTPManager$1 onResponse
INFO: Watch terminated unexpectedly. reason: \n not found: limit=5205 content=7b2261706956657273696f6e223a227631222c226b696e64223a224c69737422â€¦
Mar 30, 2021 2:41:14 PM io.fabric8.kubernetes.client.dsl.internal.WatchHTTPManager scheduleReconnect
WARN: Ignoring error for already closed/closing connection
Mar 30, 2021 2:41:14 PM okhttp3.mockwebserver.MockWebServer$3 processOneRequest
INFO: MockWebServer[60651] received request: POST /api/v1/namespaces/entando-k8s-composite-app-controller-carcpr18/events HTTP/1.1 and responded: HTTP/1.1 202 OK
Mar 30, 2021 2:41:14 PM okhttp3.mockwebserver.MockWebServer$3 processOneRequest
INFO: MockWebServer[60651] received request: GET /apis/entando.org/v1/namespaces/entando-k8s-composite-app-controller-carcpr18/entandocompositeapps/my-app-carcpr18 HTTP/1.1 and responded: HTTP/1.1 200 OK
Mar 30, 2021 2:41:14 PM okhttp3.mockwebserver.MockWebServer$3 processOneRequest
INFO: MockWebServer[60651] received request: PUT /apis/entando.org/v1/namespaces/entando-k8s-composite-app-controller-carcpr18/entandocompositeapps/my-app-carcpr18/status HTTP/1.1 and responded: HTTP/1.1 202 OK
Mar 30, 2021 2:41:14 PM org.entando.kubernetes.client.KubernetesRestInterceptor invoke
INFO: Exiting method updateStatus in class org.entando.kubernetes.controller.support.client.EntandoResourceClient
Mar 30, 2021 2:41:14 PM org.entando.kubernetes.client.KubernetesRestInterceptor invoke
INFO: Entering method updatePhase in class org.entando.kubernetes.controller.support.client.EntandoResourceClient with EntandoCompositeApp: entando-k8s-composite-app-controller-carcpr18/my-app-carcpr18
Mar 30, 2021 2:41:14 PM okhttp3.mockwebserver.MockWebServer$3 processOneRequest
INFO: MockWebServer[60651] received request: POST /api/v1/namespaces/entando-k8s-composite-app-controller-carcpr18/events HTTP/1.1 and responded: HTTP/1.1 202 OK
Mar 30, 2021 2:41:14 PM okhttp3.mockwebserver.MockWebServer$3 processOneRequest
INFO: MockWebServer[60651] received request: GET /apis/entando.org/v1/namespaces/entando-k8s-composite-app-controller-carcpr18/entandocompositeapps/my-app-carcpr18 HTTP/1.1 and responded: HTTP/1.1 200 OK
Mar 30, 2021 2:41:14 PM okhttp3.mockwebserver.MockWebServer$3 processOneRequest
INFO: MockWebServer[60651] received request: PUT /apis/entando.org/v1/namespaces/entando-k8s-composite-app-controller-carcpr18/entandocompositeapps/my-app-carcpr18/status HTTP/1.1 and responded: HTTP/1.1 202 OK
Mar 30, 2021 2:41:14 PM org.entando.kubernetes.client.KubernetesRestInterceptor invoke
INFO: Exiting method updatePhase in class org.entando.kubernetes.controller.support.client.EntandoResourceClient
Mar 30, 2021 2:41:14 PM okhttp3.mockwebserver.MockWebServer$3 processOneRequest
INFO: MockWebServer[60651] received request: GET /api/v1/namespaces/entando-k8s-composite-app-controller-carcpr18/pods?labelSelector=EntandoResourceKind%3DEntandoKeycloakServer%2CEntandoKeycloakServer%3Dtest-keycloak-carcpr18 HTTP/1.1 and responded: HTTP/1.1 200 OK
Mar 30, 2021 2:41:14 PM okhttp3.mockwebserver.MockWebServer$3 processOneRequest
INFO: MockWebServer[60651] received request: GET /api/v1/namespaces/entando-k8s-composite-app-controller-carcpr18/pods?labelSelector=EntandoResourceKind%3DEntandoKeycloakServer%2CEntandoKeycloakServer%3Dtest-keycloak-carcpr18 HTTP/1.1 and responded: HTTP/1.1 200 OK
Mar 30, 2021 2:41:14 PM okhttp3.mockwebserver.MockWebServer$3 processOneRequest
INFO: MockWebServer[60651] received request: GET /api/v1/namespaces/entando-k8s-composite-app-controller-carcpr18 HTTP/1.1 and responded: HTTP/1.1 404 Client Error
Mar 30, 2021 2:41:14 PM okhttp3.mockwebserver.MockWebServer$3 processOneRequest
INFO: MockWebServer[60651] received request: GET /apis/entando.org/v1/namespaces/default/entandokeycloakservers HTTP/1.1 and responded: HTTP/1.1 200 OK
Mar 30, 2021 2:41:14 PM okhttp3.mockwebserver.MockWebServer$3 processOneRequest
INFO: MockWebServer[60651] received request: GET /api/v1/namespaces/entando-k8s-composite-app-controller-carcpr18 HTTP/1.1 and responded: HTTP/1.1 404 Client Error
Mar 30, 2021 2:41:15 PM okhttp3.mockwebserver.MockWebServer$3 processOneRequest
INFO: MockWebServer[60651] received request: GET /apis/entando.org/v1/namespaces/default/entandokeycloakservers HTTP/1.1 and responded: HTTP/1.1 200 OK
Mar 30, 2021 2:41:15 PM okhttp3.mockwebserver.MockWebServer$3 processOneRequest
INFO: MockWebServer[60651] received request: GET /apis/entando.org/v1/namespaces/entando-k8s-composite-app-controller-carcpr18/entandokeycloakservers/test-keycloak-carcpr18 HTTP/1.1 and responded: HTTP/1.1 200 OK
Mar 30, 2021 2:41:15 PM okhttp3.mockwebserver.MockWebServer$3 processOneRequest
INFO: MockWebServer[60651] received request: GET /api/v1/namespaces/entando-k8s-composite-app-controller-carcpr18 HTTP/1.1 and responded: HTTP/1.1 404 Client Error
Mar 30, 2021 2:41:15 PM okhttp3.mockwebserver.MockWebServer$3 processOneRequest
INFO: MockWebServer[60651] received request: GET /apis/entando.org/v1/namespaces/default/entandocompositeapps HTTP/1.1 and responded: HTTP/1.1 200 OK
Mar 30, 2021 2:41:15 PM okhttp3.mockwebserver.MockWebServer$3 processOneRequest
INFO: MockWebServer[60651] received request: GET /api/v1/namespaces/entando-k8s-composite-app-controller-carcpr18 HTTP/1.1 and responded: HTTP/1.1 404 Client Error
Mar 30, 2021 2:41:15 PM okhttp3.mockwebserver.MockWebServer$3 processOneRequest
INFO: MockWebServer[60651] received request: GET /apis/entando.org/v1/namespaces/default/entandocompositeapps HTTP/1.1 and responded: HTTP/1.1 200 OK
Mar 30, 2021 2:41:15 PM okhttp3.mockwebserver.MockWebServer$3 processOneRequest
INFO: MockWebServer[60651] received request: GET /apis/entando.org/v1/namespaces/entando-k8s-composite-app-controller-carcpr18/entandocompositeapps/my-app-carcpr18 HTTP/1.1 and responded: HTTP/1.1 200 OK
Mar 30, 2021 2:41:15 PM okhttp3.mockwebserver.MockWebServer$3 processOneRequest
INFO: MockWebServer[60651] received request: GET /api/v1/namespaces/entando-k8s-composite-app-controller-carcpr18/pods?labelSelector=EntandoPlugin%3Dtest-plugin-carcpr18%2CEntandoResourceKind%3DEntandoPlugin HTTP/1.1 and responded: HTTP/1.1 200 OK
Mar 30, 2021 2:41:15 PM okhttp3.mockwebserver.MockWebServer$3 processOneRequest
INFO: MockWebServer[60651] received request: GET /api/v1/namespaces/entando-k8s-composite-app-controller-carcpr18/pods?labelSelector=EntandoPlugin%3Dtest-plugin-carcpr18%2CEntandoResourceKind%3DEntandoPlugin HTTP/1.1 and responded: HTTP/1.1 200 OK
Mar 30, 2021 2:41:15 PM okhttp3.mockwebserver.MockWebServer$3 processOneRequest
INFO: MockWebServer[60651] received request: GET /api/v1/namespaces/entando-k8s-composite-app-controller-carcpr18 HTTP/1.1 and responded: HTTP/1.1 404 Client Error
Mar 30, 2021 2:41:16 PM okhttp3.mockwebserver.MockWebServer$3 processOneRequest
INFO: MockWebServer[60651] received request: GET /apis/entando.org/v1/namespaces/default/entandoplugins HTTP/1.1 and responded: HTTP/1.1 200 OK
Mar 30, 2021 2:41:16 PM okhttp3.mockwebserver.MockWebServer$3 processOneRequest
INFO: MockWebServer[60651] received request: GET /api/v1/namespaces/entando-k8s-composite-app-controller-carcpr18 HTTP/1.1 and responded: HTTP/1.1 404 Client Error
Mar 30, 2021 2:41:16 PM okhttp3.mockwebserver.MockWebServer$3 processOneRequest
INFO: MockWebServer[60651] received request: GET /apis/entando.org/v1/namespaces/default/entandoplugins HTTP/1.1 and responded: HTTP/1.1 200 OK
Mar 30, 2021 2:41:16 PM okhttp3.mockwebserver.MockWebServer$3 processOneRequest
INFO: MockWebServer[60651] received request: GET /apis/entando.org/v1/namespaces/entando-k8s-composite-app-controller-carcpr18/entandoplugins/test-plugin-carcpr18 HTTP/1.1 and responded: HTTP/1.1 200 OK
Mar 30, 2021 2:41:16 PM okhttp3.mockwebserver.MockWebServer$3 processOneRequest
INFO: MockWebServer[60651] received request: GET /apis/entando.org/v1/namespaces/entando-k8s-composite-app-controller-carcpr18/entandocompositeapps/my-app-carcpr18 HTTP/1.1 and responded: HTTP/1.1 200 OK
Mar 30, 2021 2:41:16 PM okhttp3.mockwebserver.MockWebServer$3 processOneRequest
INFO: MockWebServer[60651] received request: GET /apis/entando.org/v1/namespaces/entando-k8s-composite-app-controller-carcpr18/entandocompositeapps/my-app-carcpr18 HTTP/1.1 and responded: HTTP/1.1 200 OK
Mar 30, 2021 2:41:16 PM org.entando.kubernetes.client.KubernetesRestInterceptor invoke
INFO: Entering method getPodWatcherQueue in class org.entando.kubernetes.controller.support.client.PodWaitingClient
Mar 30, 2021 2:41:16 PM org.entando.kubernetes.client.KubernetesRestInterceptor invoke
INFO: Exiting method getPodWatcherQueue in class org.entando.kubernetes.controller.support.client.PodWaitingClient
Mar 30, 2021 2:41:16 PM okhttp3.mockwebserver.MockWebServer$2 acceptConnections
INFO: MockWebServer[60651] done accepting connections: Socket closed
Mar 30, 2021 2:41:16 PM okhttp3.mockwebserver.MockWebServer$2 e**cute
INFO: MockWebServer[45371] starting to accept connections
Mar 30, 2021 2:41:16 PM okhttp3.mockwebserver.MockWebServer$3 processOneRequest
INFO: MockWebServer[45371] received request: GET /api/v1/namespaces/entando HTTP/1.1 and responded: HTTP/1.1 404 Client Error
Mar 30, 2021 2:41:16 PM okhttp3.mockwebserver.MockWebServer$3 processOneRequest
INFO: MockWebServer[45371] received request: POST /api/v1/namespaces HTTP/1.1 and responded: HTTP/1.1 202 OK
Mar 30, 2021 2:41:16 PM org.entando.kubernetes.client.KubernetesRestInterceptor invoke
INFO: Entering method loadDockerImageInfoConfigMap in class org.entando.kubernetes.controller.support.client.EntandoResourceClient
Mar 30, 2021 2:41:17 PM okhttp3.mockwebserver.MockWebServer$3 processOneRequest
INFO: MockWebServer[45371] received request: GET /api/v1/namespaces/entando/configmaps/entando-docker-image-info-v6.3 HTTP/1.1 and responded: HTTP/1.1 404 Client Error
Mar 30, 2021 2:41:17 PM org.entando.kubernetes.client.KubernetesRestInterceptor invoke
INFO: Exiting method loadDockerImageInfoConfigMap in class org.entando.kubernetes.controller.support.client.EntandoResourceClient
Mar 30, 2021 2:41:17 PM okhttp3.mockwebserver.MockWebServer$3 processOneRequest
INFO: MockWebServer[45371] received request: GET /api/v1/namespaces/entando/configmaps/entando-docker-image-info-v6.3 HTTP/1.1 and responded: HTTP/1.1 404 Client Error
Mar 30, 2021 2:41:17 PM okhttp3.mockwebserver.MockWebServer$3 processOneRequest
INFO: MockWebServer[45371] received request: POST /api/v1/namespaces/entando/configmaps HTTP/1.1 and responded: HTTP/1.1 202 OK
Mar 30, 2021 2:41:17 PM okhttp3.mockwebserver.MockWebServer$3 processOneRequest
INFO: MockWebServer[45371] received request: GET /api/v1/namespaces/entando/configmaps/entando-docker-image-info-v6.3 HTTP/1.1 and responded: HTTP/1.1 200 OK
Mar 30, 2021 2:41:17 PM okhttp3.mockwebserver.MockWebServer$3 processOneRequest
INFO: MockWebServer[45371] received request: GET /api/v1/namespaces/entando/configmaps/entando-docker-image-info-v6.3 HTTP/1.1 and responded: HTTP/1.1 200 OK
Mar 30, 2021 2:41:17 PM okhttp3.mockwebserver.MockWebServer$3 processOneRequest
INFO: MockWebServer[45371] received request: GET /api/v1/namespaces/entando/configmaps/entando-docker-image-info-v6.3 HTTP/1.1 and responded: HTTP/1.1 200 OK
Mar 30, 2021 2:41:17 PM okhttp3.mockwebserver.MockWebServer$3 processOneRequest
INFO: MockWebServer[45371] received request: PATCH /api/v1/namespaces/entando/configmaps/entando-docker-image-info-v6.3 HTTP/1.1 and responded: HTTP/1.1 202 OK
Mar 30, 2021 2:41:17 PM org.entando.kubernetes.client.KubernetesRestInterceptor invoke
INFO: Entering method createOrPatchEntandoResource in class org.entando.kubernetes.controller.support.client.EntandoResourceClient with EntandoPlugin: entando-k8s-composite-app-controller-carcpr18/test-plugin-carcpr18
Mar 30, 2021 2:41:17 PM okhttp3.mockwebserver.MockWebServer$3 processOneRequest
INFO: MockWebServer[45371] received request: GET /api/v1/namespaces/entando-k8s-composite-app-controller-carcpr18 HTTP/1.1 and responded: HTTP/1.1 404 Client Error
Mar 30, 2021 2:41:17 PM okhttp3.mockwebserver.MockWebServer$3 processOneRequest
INFO: MockWebServer[45371] received request: GET /apis/entando.org/v1/namespaces/default/entandoplugins HTTP/1.1 and responded: HTTP/1.1 200 OK
Mar 30, 2021 2:41:17 PM okhttp3.mockwebserver.MockWebServer$3 processOneRequest
INFO: MockWebServer[45371] received request: GET /api/v1/namespaces/entando-k8s-composite-app-controller-carcpr18 HTTP/1.1 and responded: HTTP/1.1 404 Client Error
Mar 30, 2021 2:41:17 PM okhttp3.mockwebserver.MockWebServer$3 processOneRequest
INFO: MockWebServer[45371] received request: GET /apis/entando.org/v1/namespaces/default/entandoplugins HTTP/1.1 and responded: HTTP/1.1 200 OK
Mar 30, 2021 2:41:17 PM okhttp3.mockwebserver.MockWebServer$3 processOneRequest
INFO: MockWebServer[45371] received request: GET /apis/entando.org/v1/namespaces/entando-k8s-composite-app-controller-carcpr18/entandoplugins/test-plugin-carcpr18 HTTP/1.1 and responded: HTTP/1.1 404 Client Error
Mar 30, 2021 2:41:18 PM okhttp3.mockwebserver.MockWebServer$3 processOneRequest
INFO: MockWebServer[45371] received request: POST /apis/entando.org/v1/namespaces/entando-k8s-composite-app-controller-carcpr18/entandoplugins HTTP/1.1 and responded: HTTP/1.1 202 OK
Mar 30, 2021 2:41:18 PM org.entando.kubernetes.client.KubernetesRestInterceptor invoke
INFO: Exiting method createOrPatchEntandoResource in class org.entando.kubernetes.controller.support.client.EntandoResourceClient
Mar 30, 2021 2:41:18 PM okhttp3.mockwebserver.MockWebServer$3 processOneRequest
INFO: MockWebServer[45371] received request: GET /api/v1/namespaces/entando-k8s-composite-app-controller-carcpr18 HTTP/1.1 and responded: HTTP/1.1 404 Client Error
Mar 30, 2021 2:41:18 PM okhttp3.mockwebserver.MockWebServer$3 processOneRequest
INFO: MockWebServer[45371] received request: GET /apis/entando.org/v1/namespaces/default/entandocompositeapps HTTP/1.1 and responded: HTTP/1.1 200 OK
Mar 30, 2021 2:41:18 PM okhttp3.mockwebserver.MockWebServer$3 processOneRequest
INFO: MockWebServer[45371] received request: GET /api/v1/namespaces/entando-k8s-composite-app-controller-carcpr18 HTTP/1.1 and responded: HTTP/1.1 404 Client Error
Mar 30, 2021 2:41:18 PM okhttp3.mockwebserver.MockWebServer$3 processOneRequest
INFO: MockWebServer[45371] received request: GET /apis/entando.org/v1/namespaces/default/entandocompositeapps HTTP/1.1 and responded: HTTP/1.1 200 OK
Mar 30, 2021 2:41:18 PM okhttp3.mockwebserver.MockWebServer$3 processOneRequest
INFO: MockWebServer[45371] received request: POST /apis/entando.org/v1/namespaces/entando-k8s-composite-app-controller-carcpr18/entandocompositeapps HTTP/1.1 and responded: HTTP/1.1 202 OK
Mar 30, 2021 2:41:18 PM org.entando.kubernetes.client.KubernetesRestInterceptor invoke
INFO: Entering method loadOperatorConfig in class org.entando.kubernetes.controller.support.client.EntandoResourceClient
Mar 30, 2021 2:41:18 PM okhttp3.mockwebserver.MockWebServer$3 processOneRequest
INFO: MockWebServer[45371] received request: GET /api/v1/namespaces/entando-k8s-composite-app-controller-carcpr18/configmaps/entando-operator-config HTTP/1.1 and responded: HTTP/1.1 404 Client Error
Mar 30, 2021 2:41:18 PM org.entando.kubernetes.client.KubernetesRestInterceptor invoke
INFO: Exiting method loadOperatorConfig in class org.entando.kubernetes.controller.support.client.EntandoResourceClient
Mar 30, 2021 2:41:18 PM org.entando.kubernetes.client.KubernetesRestInterceptor invoke
INFO: Entering method load in class org.entando.kubernetes.controller.support.client.EntandoResourceClient with class org.entando.kubernetes.model.compositeapp.EntandoCompositeApp,entando-k8s-composite-app-controller-carcpr18,my-app-carcpr18
Mar 30, 2021 2:41:18 PM org.entando.kubernetes.client.KubernetesRestInterceptor invoke
INFO: Entering method getPodWatcherQueue in class org.entando.kubernetes.controller.support.client.PodWaitingClient
Mar 30, 2021 2:41:18 PM org.entando.kubernetes.client.KubernetesRestInterceptor invoke
INFO: Exiting method getPodWatcherQueue in class org.entando.kubernetes.controller.support.client.PodWaitingClient
Mar 30, 2021 2:41:18 PM okhttp3.mockwebserver.MockWebServer$3 processOneRequest
INFO: MockWebServer[45371] received request: GET /api/v1/namespaces/entando-k8s-composite-app-controller-carcpr18 HTTP/1.1 and responded: HTTP/1.1 404 Client Error
Mar 30, 2021 2:41:18 PM okhttp3.mockwebserver.MockWebServer$3 processOneRequest
INFO: MockWebServer[45371] received request: GET /apis/entando.org/v1/namespaces/default/entandocompositeapps HTTP/1.1 and responded: HTTP/1.1 200 OK
Mar 30, 2021 2:41:18 PM okhttp3.mockwebserver.MockWebServer$3 processOneRequest
INFO: MockWebServer[45371] received request: GET /api/v1/namespaces/entando-k8s-composite-app-controller-carcpr18 HTTP/1.1 and responded: HTTP/1.1 404 Client Error
Mar 30, 2021 2:41:18 PM okhttp3.mockwebserver.MockWebServer$3 processOneRequest
INFO: MockWebServer[45371] received request: GET /apis/entando.org/v1/namespaces/default/entandocompositeapps HTTP/1.1 and responded: HTTP/1.1 200 OK
Mar 30, 2021 2:41:18 PM okhttp3.mockwebserver.MockWebServer$3 processOneRequest
INFO: MockWebServer[45371] received request: GET /apis/entando.org/v1/namespaces/entando-k8s-composite-app-controller-carcpr18/entandocompositeapps/my-app-carcpr18 HTTP/1.1 and responded: HTTP/1.1 200 OK
Mar 30, 2021 2:41:18 PM org.entando.kubernetes.client.KubernetesRestInterceptor invoke
INFO: Exiting method load in class org.entando.kubernetes.controller.support.client.EntandoResourceClient
Mar 30, 2021 2:41:18 PM org.entando.kubernetes.client.KubernetesRestInterceptor invoke
INFO: Entering method updatePhase in class org.entando.kubernetes.controller.support.client.EntandoResourceClient with EntandoCompositeApp: entando-k8s-composite-app-controller-carcpr18/my-app-carcpr18
Mar 30, 2021 2:41:19 PM okhttp3.mockwebserver.MockWebServer$3 processOneRequest
INFO: MockWebServer[45371] received request: POST /api/v1/namespaces/entando-k8s-composite-app-controller-carcpr18/events HTTP/1.1 and responded: HTTP/1.1 202 OK
Mar 30, 2021 2:41:19 PM okhttp3.mockwebserver.MockWebServer$3 processOneRequest
INFO: MockWebServer[45371] received request: GET /apis/entando.org/v1/namespaces/entando-k8s-composite-app-controller-carcpr18/entandocompositeapps/my-app-carcpr18 HTTP/1.1 and responded: HTTP/1.1 200 OK
Mar 30, 2021 2:41:19 PM okhttp3.mockwebserver.MockWebServer$3 processOneRequest
INFO: MockWebServer[45371] received request: PUT /apis/entando.org/v1/namespaces/entando-k8s-composite-app-controller-carcpr18/entandocompositeapps/my-app-carcpr18/status HTTP/1.1 and responded: HTTP/1.1 202 OK
Mar 30, 2021 2:41:19 PM org.entando.kubernetes.client.KubernetesRestInterceptor invoke
INFO: Exiting method updatePhase in class org.entando.kubernetes.controller.support.client.EntandoResourceClient
Mar 30, 2021 2:41:19 PM org.entando.kubernetes.client.KubernetesRestInterceptor invoke
INFO: Entering method loadDockerImageInfoConfigMap in class org.entando.kubernetes.controller.support.client.EntandoResourceClient
Mar 30, 2021 2:41:19 PM okhttp3.mockwebserver.MockWebServer$3 processOneRequest
INFO: MockWebServer[45371] received request: GET /api/v1/namespaces/entando/configmaps/entando-docker-image-info-v6.3 HTTP/1.1 and responded: HTTP/1.1 200 OK
Mar 30, 2021 2:41:19 PM org.entando.kubernetes.client.KubernetesRestInterceptor invoke
INFO: Exiting method loadDockerImageInfoConfigMap in class org.entando.kubernetes.controller.support.client.EntandoResourceClient
Mar 30, 2021 2:41:19 PM org.entando.kubernetes.client.KubernetesRestInterceptor invoke
INFO: Entering method createOrPatchEntandoResource in class org.entando.kubernetes.controller.support.client.EntandoResourceClient with EntandoKeycloakServer: entando-k8s-composite-app-controller-carcpr18/test-keycloak-carcpr18
Mar 30, 2021 2:41:19 PM okhttp3.mockwebserver.MockWebServer$3 processOneRequest
INFO: MockWebServer[45371] received request: GET /api/v1/namespaces/entando-k8s-composite-app-controller-carcpr18 HTTP/1.1 and responded: HTTP/1.1 404 Client Error
Mar 30, 2021 2:41:19 PM okhttp3.mockwebserver.MockWebServer$3 processOneRequest
INFO: MockWebServer[45371] received request: GET /apis/entando.org/v1/namespaces/default/entandokeycloakservers HTTP/1.1 and responded: HTTP/1.1 200 OK
Mar 30, 2021 2:41:19 PM okhttp3.mockwebserver.MockWebServer$3 processOneRequest
INFO: MockWebServer[45371] received request: GET /api/v1/namespaces/entando-k8s-composite-app-controller-carcpr18 HTTP/1.1 and responded: HTTP/1.1 404 Client Error
Mar 30, 2021 2:41:19 PM okhttp3.mockwebserver.MockWebServer$3 processOneRequest
INFO: MockWebServer[45371] received request: GET /apis/entando.org/v1/namespaces/default/entandokeycloakservers HTTP/1.1 and responded: HTTP/1.1 200 OK
Mar 30, 2021 2:41:19 PM okhttp3.mockwebserver.MockWebServer$3 processOneRequest
INFO: MockWebServer[45371] received request: GET /apis/entando.org/v1/namespaces/entando-k8s-composite-app-controller-carcpr18/entandokeycloakservers/test-keycloak-carcpr18 HTTP/1.1 and responded: HTTP/1.1 404 Client Error
Mar 30, 2021 2:41:19 PM okhttp3.mockwebserver.MockWebServer$3 processOneRequest
INFO: MockWebServer[45371] received request: POST /apis/entando.org/v1/namespaces/entando-k8s-composite-app-controller-carcpr18/entandokeycloakservers HTTP/1.1 and responded: HTTP/1.1 202 OK
Mar 30, 2021 2:41:19 PM org.entando.kubernetes.client.KubernetesRestInterceptor invoke
INFO: Exiting method createOrPatchEntandoResource in class org.entando.kubernetes.controller.support.client.EntandoResourceClient
Mar 30, 2021 2:41:19 PM org.entando.kubernetes.client.KubernetesRestInterceptor invoke
INFO: Entering method removeAndWait in class org.entando.kubernetes.controller.support.client.PodClient with entando-k8s-composite-app-controller-carcpr18,{EntandoKeycloakServer=test-keycloak-carcpr18, EntandoResourceKind=EntandoKeycloakServer, EntandoResourceNamespace=entando-k8s-composite-app-controller-carcpr18}
Mar 30, 2021 2:41:19 PM okhttp3.mockwebserver.MockWebServer$3 processOneRequest
INFO: MockWebServer[45371] received request: GET /api/v1/namespaces/entando-k8s-composite-app-controller-carcpr18/pods?labelSelector=EntandoResourceNamespace%3Dentando-k8s-composite-app-controller-carcpr18%2CEntandoResourceKind%3DEntandoKeycloakServer%2CEntandoKeycloakServer%3Dtest-keycloak-carcpr18 HTTP/1.1 and responded: HTTP/1.1 200 OK
Mar 30, 2021 2:41:19 PM org.entando.kubernetes.client.KubernetesRestInterceptor invoke
INFO: Entering method getPodWatcherQueue in class org.entando.kubernetes.controller.support.client.PodWaitingClient
Mar 30, 2021 2:41:19 PM org.entando.kubernetes.client.KubernetesRestInterceptor invoke
INFO: Exiting method getPodWatcherQueue in class org.entando.kubernetes.controller.support.client.PodWaitingClient
Mar 30, 2021 2:41:19 PM okhttp3.mockwebserver.MockWebServer$3 processOneRequest
INFO: MockWebServer[45371] received request: GET /api/v1/namespaces/entando-k8s-composite-app-controller-carcpr18/pods?labelSelector=EntandoResourceNamespace%3Dentando-k8s-composite-app-controller-carcpr18%2CEntandoResourceKind%3DEntandoKeycloakServer%2CEntandoKeycloakServer%3Dtest-keycloak-carcpr18&watch=**** HTTP/1.1 and responded: HTTP/1.1 200 OK
Mar 30, 2021 2:41:20 PM okhttp3.mockwebserver.MockWebServer$3 processOneRequest
INFO: MockWebServer[45371] received request: GET /api/v1/namespaces/entando-k8s-composite-app-controller-carcpr18/pods?labelSelector=EntandoResourceNamespace%3Dentando-k8s-composite-app-controller-carcpr18%2CEntandoResourceKind%3DEntandoKeycloakServer%2CEntandoKeycloakServer%3Dtest-keycloak-carcpr18 HTTP/1.1 and responded: HTTP/1.1 200 OK
Mar 30, 2021 2:41:20 PM okhttp3.mockwebserver.MockWebServer$3 processOneRequest
INFO: MockWebServer[45371] received request: GET /api/v1/namespaces/entando-k8s-composite-app-controller-carcpr18/pods?labelSelector=EntandoResourceNamespace%3Dentando-k8s-composite-app-controller-carcpr18%2CEntandoResourceKind%3DEntandoKeycloakServer%2CEntandoKeycloakServer%3Dtest-keycloak-carcpr18&watch=**** HTTP/1.1 and responded: HTTP/1.1 200 OK
Mar 30, 2021 2:41:20 PM io.fabric8.kubernetes.client.dsl.internal.WatchHTTPManager$1 onResponse
INFO: Watch terminated unexpectedly. reason: \n not found: limit=46 content=7b2261706956657273696f6e223a227631222c226b696e64223a224c69737422â€¦
Mar 30, 2021 2:41:20 PM okhttp3.mockwebserver.MockWebServer$3 processOneRequest
INFO: MockWebServer[45371] received request: GET /api/v1/namespaces/entando-k8s-composite-app-controller-carcpr18/pods?labelSelector=EntandoResourceNamespace%3Dentando-k8s-composite-app-controller-carcpr18%2CEntandoResourceKind%3DEntandoKeycloakServer%2CEntandoKeycloakServer%3Dtest-keycloak-carcpr18 HTTP/1.1 and responded: HTTP/1.1 200 OK
Mar 30, 2021 2:41:21 PM org.entando.kubernetes.client.KubernetesRestInterceptor invoke
INFO: Exiting method removeAndWait in class org.entando.kubernetes.controller.support.client.PodClient
Mar 30, 2021 2:41:21 PM org.entando.kubernetes.client.KubernetesRestInterceptor invoke
INFO: Entering method runToCompletion in class org.entando.kubernetes.controller.support.client.PodClient with Pod: entando-k8s-composite-app-controller-carcpr18/test-keycloak-carcpr18-deployer-8318
Mar 30, 2021 2:41:21 PM okhttp3.mockwebserver.MockWebServer$3 processOneRequest
INFO: MockWebServer[45371] received request: GET /api/v1/namespaces/entando-k8s-composite-app-controller-carcpr18/pods?labelSelector=EntandoResourceNamespace%3Dentando-k8s-composite-app-controller-carcpr18%2CEntandoResourceKind%3DEntandoKeycloakServer%2CEntandoKeycloakServer%3Dtest-keycloak-carcpr18&watch=**** HTTP/1.1 and responded: HTTP/1.1 200 OK
Mar 30, 2021 2:41:21 PM io.fabric8.kubernetes.client.dsl.internal.WatchHTTPManager$1 onResponse
INFO: Watch terminated unexpectedly. reason: \n not found: limit=46 content=7b2261706956657273696f6e223a227631222c226b696e64223a224c69737422â€¦
Mar 30, 2021 2:41:21 PM io.fabric8.kubernetes.client.dsl.internal.WatchHTTPManager scheduleReconnect
WARN: Ignoring error for already closed/closing connection
Mar 30, 2021 2:41:21 PM okhttp3.mockwebserver.MockWebServer$3 processOneRequest
INFO: MockWebServer[45371] received request: POST /api/v1/namespaces/entando-k8s-composite-app-controller-carcpr18/pods HTTP/1.1 and responded: HTTP/1.1 202 OK
Mar 30, 2021 2:41:21 PM org.entando.kubernetes.client.KubernetesRestInterceptor invoke
INFO: Entering method loadPod in class org.entando.kubernetes.controller.support.client.PodClient with entando-k8s-composite-app-controller-carcpr18,[Ljava.lang.String;@60bb06b9
Mar 30, 2021 2:41:21 PM okhttp3.mockwebserver.MockWebServer$3 processOneRequest
INFO: MockWebServer[45371] received request: GET /api/v1/namespaces/entando-k8s-composite-app-controller-carcpr18/pods?labelSelector=EntandoKeycloakServer%3Dtest-keycloak-carcpr18 HTTP/1.1 and responded: HTTP/1.1 200 OK
Mar 30, 2021 2:41:21 PM okhttp3.mockwebserver.MockWebServer$3 processOneRequest
INFO: MockWebServer[45371] received request: GET /api/v1/namespaces/entando-k8s-composite-app-controller-carcpr18/pods?fieldSelector=metadata.name%3Dtest-keycloak-carcpr18-deployer-8318&watch=**** HTTP/1.1 and responded: HTTP/1.1 200 OK
Mar 30, 2021 2:41:21 PM org.entando.kubernetes.client.KubernetesRestInterceptor invoke
INFO: Exiting method loadPod in class org.entando.kubernetes.controller.support.client.PodClient
Mar 30, 2021 2:41:21 PM okhttp3.mockwebserver.MockWebServer$3 processOneRequest
INFO: MockWebServer[45371] received request: GET /api/v1/namespaces/entando-k8s-composite-app-controller-carcpr18/pods?fieldSelector=metadata.name%3Dtest-keycloak-carcpr18-deployer-8318&watch=**** HTTP/1.1 and responded: HTTP/1.1 200 OK
Mar 30, 2021 2:41:21 PM okhttp3.mockwebserver.MockWebServer$3 processOneRequest
INFO: MockWebServer[45371] received request: GET /api/v1/namespaces/entando-k8s-composite-app-controller-carcpr18/pods/test-keycloak-carcpr18-deployer-8318 HTTP/1.1 and responded: HTTP/1.1 200 OK
Mar 30, 2021 2:41:21 PM io.fabric8.kubernetes.client.dsl.internal.WatchHTTPManager$1 onResponse
INFO: Watch terminated unexpectedly. reason: \n not found: limit=2450 content=7b2261706956657273696f6e223a227631222c226b696e64223a224c69737422â€¦
Mar 30, 2021 2:41:21 PM okhttp3.mockwebserver.MockWebServer$3 processOneRequest
INFO: MockWebServer[45371] received request: PATCH /api/v1/namespaces/entando-k8s-composite-app-controller-carcpr18/pods/test-keycloak-carcpr18-deployer-8318 HTTP/1.1 and responded: HTTP/1.1 202 OK
Mar 30, 2021 2:41:21 PM org.entando.kubernetes.client.KubernetesRestInterceptor invoke
INFO: Entering method getPodWatcherQueue in class org.entando.kubernetes.controller.support.client.PodWaitingClient
Mar 30, 2021 2:41:21 PM org.entando.kubernetes.client.KubernetesRestInterceptor invoke
INFO: Exiting method getPodWatcherQueue in class org.entando.kubernetes.controller.support.client.PodWaitingClient
Mar 30, 2021 2:41:22 PM org.entando.kubernetes.client.KubernetesRestInterceptor invoke
INFO: Exiting method runToCompletion in class org.entando.kubernetes.controller.support.client.PodClient
Mar 30, 2021 2:41:22 PM org.entando.kubernetes.client.KubernetesRestInterceptor invoke
INFO: Entering method updateStatus in class org.entando.kubernetes.controller.support.client.EntandoResourceClient with EntandoCompositeApp: entando-k8s-composite-app-controller-carcpr18/my-app-carcpr18
Mar 30, 2021 2:41:22 PM okhttp3.mockwebserver.MockWebServer$3 processOneRequest
INFO: MockWebServer[45371] received request: GET /api/v1/namespaces/entando-k8s-composite-app-controller-carcpr18/pods?fieldSelector=metadata.name%3Dtest-keycloak-carcpr18-deployer-8318&watch=**** HTTP/1.1 and responded: HTTP/1.1 200 OK
Mar 30, 2021 2:41:22 PM io.fabric8.kubernetes.client.dsl.internal.WatchHTTPManager$1 onResponse
INFO: Watch terminated unexpectedly. reason: \n not found: limit=2634 content=7b2261706956657273696f6e223a227631222c226b696e64223a224c69737422â€¦
Mar 30, 2021 2:41:22 PM io.fabric8.kubernetes.client.dsl.internal.WatchHTTPManager scheduleReconnect
WARN: Ignoring error for already closed/closing connection
Mar 30, 2021 2:41:22 PM okhttp3.mockwebserver.MockWebServer$3 processOneRequest
INFO: MockWebServer[45371] received request: POST /api/v1/namespaces/entando-k8s-composite-app-controller-carcpr18/events HTTP/1.1 and responded: HTTP/1.1 202 OK
Mar 30, 2021 2:41:22 PM okhttp3.mockwebserver.MockWebServer$3 processOneRequest
INFO: MockWebServer[45371] received request: GET /apis/entando.org/v1/namespaces/entando-k8s-composite-app-controller-carcpr18/entandocompositeapps/my-app-carcpr18 HTTP/1.1 and responded: HTTP/1.1 200 OK
Mar 30, 2021 2:41:22 PM okhttp3.mockwebserver.MockWebServer$3 processOneRequest
INFO: MockWebServer[45371] received request: PUT /apis/entando.org/v1/namespaces/entando-k8s-composite-app-controller-carcpr18/entandocompositeapps/my-app-carcpr18/status HTTP/1.1 and responded: HTTP/1.1 202 OK
Mar 30, 2021 2:41:22 PM org.entando.kubernetes.client.KubernetesRestInterceptor invoke
INFO: Exiting method updateStatus in class org.entando.kubernetes.controller.support.client.EntandoResourceClient
Mar 30, 2021 2:41:22 PM org.entando.kubernetes.client.KubernetesRestInterceptor invoke
INFO: Entering method load in class org.entando.kubernetes.controller.support.client.EntandoResourceClient with class org.entando.kubernetes.model.plugin.EntandoPlugin,entando-k8s-composite-app-controller-carcpr18,test-plugin-carcpr18
Mar 30, 2021 2:41:22 PM okhttp3.mockwebserver.MockWebServer$3 processOneRequest
INFO: MockWebServer[45371] received request: GET /apis/entando.org/v1/namespaces/entando-k8s-composite-app-controller-carcpr18/entandoplugins/test-plugin-carcpr18 HTTP/1.1 and responded: HTTP/1.1 200 OK
Mar 30, 2021 2:41:22 PM org.entando.kubernetes.client.KubernetesRestInterceptor invoke
INFO: Exiting method load in class org.entando.kubernetes.controller.support.client.EntandoResourceClient
Mar 30, 2021 2:41:22 PM org.entando.kubernetes.client.KubernetesRestInterceptor invoke
INFO: Entering method createOrPatchEntandoResource in class org.entando.kubernetes.controller.support.client.EntandoResourceClient with EntandoPlugin: entando-k8s-composite-app-controller-carcpr18/test-plugin-carcpr18
Mar 30, 2021 2:41:22 PM okhttp3.mockwebserver.MockWebServer$3 processOneRequest
INFO: MockWebServer[45371] received request: GET /apis/entando.org/v1/namespaces/entando-k8s-composite-app-controller-carcpr18/entandoplugins/test-plugin-carcpr18 HTTP/1.1 and responded: HTTP/1.1 200 OK
Mar 30, 2021 2:41:22 PM okhttp3.mockwebserver.MockWebServer$3 processOneRequest
INFO: MockWebServer[45371] received request: GET /apis/entando.org/v1/namespaces/entando-k8s-composite-app-controller-carcpr18/entandoplugins/test-plugin-carcpr18 HTTP/1.1 and responded: HTTP/1.1 200 OK
Mar 30, 2021 2:41:22 PM okhttp3.mockwebserver.MockWebServer$3 processOneRequest
INFO: MockWebServer[45371] received request: PATCH /apis/entando.org/v1/namespaces/entando-k8s-composite-app-controller-carcpr18/entandoplugins/test-plugin-carcpr18 HTTP/1.1 and responded: HTTP/1.1 202 OK
Mar 30, 2021 2:41:22 PM org.entando.kubernetes.client.KubernetesRestInterceptor invoke
INFO: Exiting method createOrPatchEntandoResource in class org.entando.kubernetes.controller.support.client.EntandoResourceClient
Mar 30, 2021 2:41:22 PM org.entando.kubernetes.client.KubernetesRestInterceptor invoke
INFO: Entering method removeAndWait in class org.entando.kubernetes.controller.support.client.PodClient with entando-k8s-composite-app-controller-carcpr18,{EntandoPlugin=test-plugin-carcpr18, EntandoResourceKind=EntandoPlugin, EntandoResourceNamespace=entando-k8s-composite-app-controller-carcpr18}
Mar 30, 2021 2:41:23 PM okhttp3.mockwebserver.MockWebServer$3 processOneRequest
INFO: MockWebServer[45371] received request: GET /api/v1/namespaces/entando-k8s-composite-app-controller-carcpr18/pods?labelSelector=EntandoPlugin%3Dtest-plugin-carcpr18%2CEntandoResourceNamespace%3Dentando-k8s-composite-app-controller-carcpr18%2CEntandoResourceKind%3DEntandoPlugin HTTP/1.1 and responded: HTTP/1.1 200 OK
Mar 30, 2021 2:41:23 PM org.entando.kubernetes.client.KubernetesRestInterceptor invoke
INFO: Entering method getPodWatcherQueue in class org.entando.kubernetes.controller.support.client.PodWaitingClient
Mar 30, 2021 2:41:23 PM org.entando.kubernetes.client.KubernetesRestInterceptor invoke
INFO: Exiting method getPodWatcherQueue in class org.entando.kubernetes.controller.support.client.PodWaitingClient
Mar 30, 2021 2:41:23 PM okhttp3.mockwebserver.MockWebServer$3 processOneRequest
INFO: MockWebServer[45371] received request: GET /api/v1/namespaces/entando-k8s-composite-app-controller-carcpr18/pods?labelSelector=EntandoPlugin%3Dtest-plugin-carcpr18%2CEntandoResourceNamespace%3Dentando-k8s-composite-app-controller-carcpr18%2CEntandoResourceKind%3DEntandoPlugin&watch=**** HTTP/1.1 and responded: HTTP/1.1 200 OK
Mar 30, 2021 2:41:23 PM okhttp3.mockwebserver.MockWebServer$3 processOneRequest
INFO: MockWebServer[45371] received request: GET /api/v1/namespaces/entando-k8s-composite-app-controller-carcpr18/pods?labelSelector=EntandoPlugin%3Dtest-plugin-carcpr18%2CEntandoResourceNamespace%3Dentando-k8s-composite-app-controller-carcpr18%2CEntandoResourceKind%3DEntandoPlugin&watch=**** HTTP/1.1 and responded: HTTP/1.1 200 OK
Mar 30, 2021 2:41:23 PM okhttp3.mockwebserver.MockWebServer$3 processOneRequest
INFO: MockWebServer[45371] received request: GET /api/v1/namespaces/entando-k8s-composite-app-controller-carcpr18/pods?labelSelector=EntandoPlugin%3Dtest-plugin-carcpr18%2CEntandoResourceNamespace%3Dentando-k8s-composite-app-controller-carcpr18%2CEntandoResourceKind%3DEntandoPlugin HTTP/1.1 and responded: HTTP/1.1 200 OK
Mar 30, 2021 2:41:23 PM io.fabric8.kubernetes.client.dsl.internal.WatchHTTPManager$1 onResponse
INFO: Watch terminated unexpectedly. reason: \n not found: limit=46 content=7b2261706956657273696f6e223a227631222c226b696e64223a224c69737422â€¦
Mar 30, 2021 2:41:23 PM okhttp3.mockwebserver.MockWebServer$3 processOneRequest
INFO: MockWebServer[45371] received request: GET /api/v1/namespaces/entando-k8s-composite-app-controller-carcpr18/pods?labelSelector=EntandoPlugin%3Dtest-plugin-carcpr18%2CEntandoResourceNamespace%3Dentando-k8s-composite-app-controller-carcpr18%2CEntandoResourceKind%3DEntandoPlugin HTTP/1.1 and responded: HTTP/1.1 200 OK
Mar 30, 2021 2:41:24 PM org.entando.kubernetes.client.KubernetesRestInterceptor invoke
INFO: Exiting method removeAndWait in class org.entando.kubernetes.controller.support.client.PodClient
Mar 30, 2021 2:41:24 PM org.entando.kubernetes.client.KubernetesRestInterceptor invoke
INFO: Entering method runToCompletion in class org.entando.kubernetes.controller.support.client.PodClient with Pod: entando-k8s-composite-app-controller-carcpr18/test-plugin-carcpr18-deployer-3691
Mar 30, 2021 2:41:24 PM okhttp3.mockwebserver.MockWebServer$3 processOneRequest
INFO: MockWebServer[45371] received request: GET /api/v1/namespaces/entando-k8s-composite-app-controller-carcpr18/pods?labelSelector=EntandoPlugin%3Dtest-plugin-carcpr18%2CEntandoResourceNamespace%3Dentando-k8s-composite-app-controller-carcpr18%2CEntandoResourceKind%3DEntandoPlugin&watch=**** HTTP/1.1 and responded: HTTP/1.1 200 OK
Mar 30, 2021 2:41:24 PM io.fabric8.kubernetes.client.dsl.internal.WatchHTTPManager$1 onResponse
INFO: Watch terminated unexpectedly. reason: \n not found: limit=46 content=7b2261706956657273696f6e223a227631222c226b696e64223a224c69737422â€¦
Mar 30, 2021 2:41:24 PM io.fabric8.kubernetes.client.dsl.internal.WatchHTTPManager scheduleReconnect
WARN: Ignoring error for already closed/closing connection
Mar 30, 2021 2:41:24 PM okhttp3.mockwebserver.MockWebServer$3 processOneRequest
INFO: MockWebServer[45371] received request: POST /api/v1/namespaces/entando-k8s-composite-app-controller-carcpr18/pods HTTP/1.1 and responded: HTTP/1.1 202 OK
Mar 30, 2021 2:41:24 PM org.entando.kubernetes.client.KubernetesRestInterceptor invoke
INFO: Entering method loadPod in class org.entando.kubernetes.controller.support.client.PodClient with entando-k8s-composite-app-controller-carcpr18,[Ljava.lang.String;@4c7e2285
Mar 30, 2021 2:41:24 PM okhttp3.mockwebserver.MockWebServer$3 processOneRequest
INFO: MockWebServer[45371] received request: GET /api/v1/namespaces/entando-k8s-composite-app-controller-carcpr18/pods?labelSelector=EntandoPlugin%3Dtest-plugin-carcpr18 HTTP/1.1 and responded: HTTP/1.1 200 OK
Mar 30, 2021 2:41:24 PM okhttp3.mockwebserver.MockWebServer$3 processOneRequest
INFO: MockWebServer[45371] received request: GET /api/v1/namespaces/entando-k8s-composite-app-controller-carcpr18/pods?fieldSelector=metadata.name%3Dtest-plugin-carcpr18-deployer-3691&watch=**** HTTP/1.1 and responded: HTTP/1.1 200 OK
Mar 30, 2021 2:41:24 PM org.entando.kubernetes.client.KubernetesRestInterceptor invoke
INFO: Exiting method loadPod in class org.entando.kubernetes.controller.support.client.PodClient
Mar 30, 2021 2:41:24 PM okhttp3.mockwebserver.MockWebServer$3 processOneRequest
INFO: MockWebServer[45371] received request: GET /api/v1/namespaces/entando-k8s-composite-app-controller-carcpr18/pods?fieldSelector=metadata.name%3Dtest-plugin-carcpr18-deployer-3691&watch=**** HTTP/1.1 and responded: HTTP/1.1 200 OK
Mar 30, 2021 2:41:24 PM okhttp3.mockwebserver.MockWebServer$3 processOneRequest
INFO: MockWebServer[45371] received request: GET /api/v1/namespaces/entando-k8s-composite-app-controller-carcpr18/pods/test-plugin-carcpr18-deployer-3691 HTTP/1.1 and responded: HTTP/1.1 200 OK
Mar 30, 2021 2:41:24 PM io.fabric8.kubernetes.client.dsl.internal.WatchHTTPManager$1 onResponse
INFO: Watch terminated unexpectedly. reason: \n not found: limit=5015 content=7b2261706956657273696f6e223a227631222c226b696e64223a224c69737422â€¦
Mar 30, 2021 2:41:24 PM okhttp3.mockwebserver.MockWebServer$3 processOneRequest
INFO: MockWebServer[45371] received request: PATCH /api/v1/namespaces/entando-k8s-composite-app-controller-carcpr18/pods/test-plugin-carcpr18-deployer-3691 HTTP/1.1 and responded: HTTP/1.1 202 OK
Mar 30, 2021 2:41:25 PM org.entando.kubernetes.client.KubernetesRestInterceptor invoke
INFO: Exiting method runToCompletion in class org.entando.kubernetes.controller.support.client.PodClient
Mar 30, 2021 2:41:25 PM org.entando.kubernetes.client.KubernetesRestInterceptor invoke
INFO: Entering method updateStatus in class org.entando.kubernetes.controller.support.client.EntandoResourceClient with EntandoCompositeApp: entando-k8s-composite-app-controller-carcpr18/my-app-carcpr18
Mar 30, 2021 2:41:25 PM okhttp3.mockwebserver.MockWebServer$3 processOneRequest
INFO: MockWebServer[45371] received request: POST /api/v1/namespaces/entando-k8s-composite-app-controller-carcpr18/events HTTP/1.1 and responded: HTTP/1.1 202 OK
Mar 30, 2021 2:41:25 PM okhttp3.mockwebserver.MockWebServer$3 processOneRequest
INFO: MockWebServer[45371] received request: GET /api/v1/namespaces/entando-k8s-composite-app-controller-carcpr18/pods?fieldSelector=metadata.name%3Dtest-plugin-carcpr18-deployer-3691&watch=**** HTTP/1.1 and responded: HTTP/1.1 200 OK
Mar 30, 2021 2:41:25 PM io.fabric8.kubernetes.client.dsl.internal.WatchHTTPManager$1 onResponse
INFO: Watch terminated unexpectedly. reason: \n not found: limit=5199 content=7b2261706956657273696f6e223a227631222c226b696e64223a224c69737422â€¦
Mar 30, 2021 2:41:25 PM io.fabric8.kubernetes.client.dsl.internal.WatchHTTPManager scheduleReconnect
WARN: Ignoring error for already closed/closing connection
Mar 30, 2021 2:41:25 PM okhttp3.mockwebserver.MockWebServer$3 processOneRequest
INFO: MockWebServer[45371] received request: GET /apis/entando.org/v1/namespaces/entando-k8s-composite-app-controller-carcpr18/entandocompositeapps/my-app-carcpr18 HTTP/1.1 and responded: HTTP/1.1 200 OK
Mar 30, 2021 2:41:25 PM okhttp3.mockwebserver.MockWebServer$3 processOneRequest
INFO: MockWebServer[45371] received request: PUT /apis/entando.org/v1/namespaces/entando-k8s-composite-app-controller-carcpr18/entandocompositeapps/my-app-carcpr18/status HTTP/1.1 and responded: HTTP/1.1 202 OK
Mar 30, 2021 2:41:25 PM org.entando.kubernetes.client.KubernetesRestInterceptor invoke
INFO: Exiting method updateStatus in class org.entando.kubernetes.controller.support.client.EntandoResourceClient
Mar 30, 2021 2:41:25 PM org.entando.kubernetes.client.KubernetesRestInterceptor invoke
INFO: Entering method updatePhase in class org.entando.kubernetes.controller.support.client.EntandoResourceClient with EntandoCompositeApp: entando-k8s-composite-app-controller-carcpr18/my-app-carcpr18
Mar 30, 2021 2:41:25 PM okhttp3.mockwebserver.MockWebServer$3 processOneRequest
INFO: MockWebServer[45371] received request: POST /api/v1/namespaces/entando-k8s-composite-app-controller-carcpr18/events HTTP/1.1 and responded: HTTP/1.1 202 OK
Mar 30, 2021 2:41:25 PM okhttp3.mockwebserver.MockWebServer$3 processOneRequest
INFO: MockWebServer[45371] received request: GET /apis/entando.org/v1/namespaces/entando-k8s-composite-app-controller-carcpr18/entandocompositeapps/my-app-carcpr18 HTTP/1.1 and responded: HTTP/1.1 200 OK
Mar 30, 2021 2:41:25 PM okhttp3.mockwebserver.MockWebServer$3 processOneRequest
INFO: MockWebServer[45371] received request: PUT /apis/entando.org/v1/namespaces/entando-k8s-composite-app-controller-carcpr18/entandocompositeapps/my-app-carcpr18/status HTTP/1.1 and responded: HTTP/1.1 202 OK
Mar 30, 2021 2:41:25 PM org.entando.kubernetes.client.KubernetesRestInterceptor invoke
INFO: Exiting method updatePhase in class org.entando.kubernetes.controller.support.client.EntandoResourceClient
Mar 30, 2021 2:41:26 PM okhttp3.mockwebserver.MockWebServer$3 processOneRequest
INFO: MockWebServer[45371] received request: GET /api/v1/namespaces/entando-k8s-composite-app-controller-carcpr18/pods?labelSelector=EntandoResourceKind%3DEntandoKeycloakServer%2CEntandoKeycloakServer%3Dtest-keycloak-carcpr18 HTTP/1.1 and responded: HTTP/1.1 200 OK
Mar 30, 2021 2:41:26 PM okhttp3.mockwebserver.MockWebServer$3 processOneRequest
INFO: MockWebServer[45371] received request: GET /api/v1/namespaces/entando-k8s-composite-app-controller-carcpr18/pods?labelSelector=EntandoResourceKind%3DEntandoKeycloakServer%2CEntandoKeycloakServer%3Dtest-keycloak-carcpr18 HTTP/1.1 and responded: HTTP/1.1 200 OK
Mar 30, 2021 2:41:26 PM okhttp3.mockwebserver.MockWebServer$3 processOneRequest
INFO: MockWebServer[45371] received request: GET /api/v1/namespaces/entando-k8s-composite-app-controller-carcpr18 HTTP/1.1 and responded: HTTP/1.1 404 Client Error
Mar 30, 2021 2:41:26 PM okhttp3.mockwebserver.MockWebServer$3 processOneRequest
INFO: MockWebServer[45371] received request: GET /apis/entando.org/v1/namespaces/default/entandokeycloakservers HTTP/1.1 and responded: HTTP/1.1 200 OK
Mar 30, 2021 2:41:26 PM okhttp3.mockwebserver.MockWebServer$3 processOneRequest
INFO: MockWebServer[45371] received request: GET /api/v1/namespaces/entando-k8s-composite-app-controller-carcpr18 HTTP/1.1 and responded: HTTP/1.1 404 Client Error
Mar 30, 2021 2:41:26 PM okhttp3.mockwebserver.MockWebServer$3 processOneRequest
INFO: MockWebServer[45371] received request: GET /apis/entando.org/v1/namespaces/default/entandokeycloakservers HTTP/1.1 and responded: HTTP/1.1 200 OK
Mar 30, 2021 2:41:26 PM okhttp3.mockwebserver.MockWebServer$3 processOneRequest
INFO: MockWebServer[45371] received request: GET /apis/entando.org/v1/namespaces/entando-k8s-composite-app-controller-carcpr18/entandokeycloakservers/test-keycloak-carcpr18 HTTP/1.1 and responded: HTTP/1.1 200 OK
Mar 30, 2021 2:41:26 PM okhttp3.mockwebserver.MockWebServer$3 processOneRequest
INFO: MockWebServer[45371] received request: GET /api/v1/namespaces/entando-k8s-composite-app-controller-carcpr18 HTTP/1.1 and responded: HTTP/1.1 404 Client Error
Mar 30, 2021 2:41:26 PM okhttp3.mockwebserver.MockWebServer$3 processOneRequest
INFO: MockWebServer[45371] received request: GET /apis/entando.org/v1/namespaces/default/entandocompositeapps HTTP/1.1 and responded: HTTP/1.1 200 OK
Mar 30, 2021 2:41:26 PM okhttp3.mockwebserver.MockWebServer$3 processOneRequest
INFO: MockWebServer[45371] received request: GET /api/v1/namespaces/entando-k8s-composite-app-controller-carcpr18 HTTP/1.1 and responded: HTTP/1.1 404 Client Error
Mar 30, 2021 2:41:26 PM okhttp3.mockwebserver.MockWebServer$3 processOneRequest
INFO: MockWebServer[45371] received request: GET /apis/entando.org/v1/namespaces/default/entandocompositeapps HTTP/1.1 and responded: HTTP/1.1 200 OK
Mar 30, 2021 2:41:27 PM okhttp3.mockwebserver.MockWebServer$3 processOneRequest
INFO: MockWebServer[45371] received request: GET /apis/entando.org/v1/namespaces/entando-k8s-composite-app-controller-carcpr18/entandocompositeapps/my-app-carcpr18 HTTP/1.1 and responded: HTTP/1.1 200 OK
Mar 30, 2021 2:41:27 PM okhttp3.mockwebserver.MockWebServer$3 processOneRequest
INFO: MockWebServer[45371] received request: GET /api/v1/namespaces/entando-k8s-composite-app-controller-carcpr18/pods?labelSelector=EntandoPlugin%3Dtest-plugin-carcpr18%2CEntandoResourceKind%3DEntandoPlugin HTTP/1.1 and responded: HTTP/1.1 200 OK
Mar 30, 2021 2:41:27 PM okhttp3.mockwebserver.MockWebServer$3 processOneRequest
INFO: MockWebServer[45371] received request: GET /api/v1/namespaces/entando-k8s-composite-app-controller-carcpr18/pods?labelSelector=EntandoPlugin%3Dtest-plugin-carcpr18%2CEntandoResourceKind%3DEntandoPlugin HTTP/1.1 and responded: HTTP/1.1 200 OK
Mar 30, 2021 2:41:27 PM okhttp3.mockwebserver.MockWebServer$3 processOneRequest
INFO: MockWebServer[45371] received request: GET /api/v1/namespaces/entando-k8s-composite-app-controller-carcpr18 HTTP/1.1 and responded: HTTP/1.1 404 Client Error
Mar 30, 2021 2:41:27 PM okhttp3.mockwebserver.MockWebServer$3 processOneRequest
INFO: MockWebServer[45371] received request: GET /apis/entando.org/v1/namespaces/default/entandoplugins HTTP/1.1 and responded: HTTP/1.1 200 OK
Mar 30, 2021 2:41:27 PM okhttp3.mockwebserver.MockWebServer$3 processOneRequest
INFO: MockWebServer[45371] received request: GET /api/v1/namespaces/entando-k8s-composite-app-controller-carcpr18 HTTP/1.1 and responded: HTTP/1.1 404 Client Error
Mar 30, 2021 2:41:27 PM okhttp3.mockwebserver.MockWebServer$3 processOneRequest
INFO: MockWebServer[45371] received request: GET /apis/entando.org/v1/namespaces/default/entandoplugins HTTP/1.1 and responded: HTTP/1.1 200 OK
Mar 30, 2021 2:41:27 PM okhttp3.mockwebserver.MockWebServer$3 processOneRequest
INFO: MockWebServer[45371] received request: GET /apis/entando.org/v1/namespaces/entando-k8s-composite-app-controller-carcpr18/entandoplugins/test-plugin-carcpr18 HTTP/1.1 and responded: HTTP/1.1 200 OK
Mar 30, 2021 2:41:28 PM okhttp3.mockwebserver.MockWebServer$3 processOneRequest
INFO: MockWebServer[45371] received request: GET /apis/entando.org/v1/namespaces/entando-k8s-composite-app-controller-carcpr18/entandocompositeapps/my-app-carcpr18 HTTP/1.1 and responded: HTTP/1.1 200 OK
Mar 30, 2021 2:41:28 PM okhttp3.mockwebserver.MockWebServer$3 processOneRequest
INFO: MockWebServer[45371] received request: GET /apis/entando.org/v1/namespaces/entando-k8s-composite-app-controller-carcpr18/entandocompositeapps/my-app-carcpr18 HTTP/1.1 and responded: HTTP/1.1 200 OK
Mar 30, 2021 2:41:28 PM org.entando.kubernetes.client.KubernetesRestInterceptor invoke
INFO: Entering method getPodWatcherQueue in class org.entando.kubernetes.controller.support.client.PodWaitingClient
Mar 30, 2021 2:41:28 PM org.entando.kubernetes.client.KubernetesRestInterceptor invoke
INFO: Exiting method getPodWatcherQueue in class org.entando.kubernetes.controller.support.client.PodWaitingClient
Mar 30, 2021 2:41:28 PM okhttp3.mockwebserver.MockWebServer$2 acceptConnections
INFO: MockWebServer[45371] done accepting connections: Socket closed
Mar 30, 2021 2:41:28 PM okhttp3.mockwebserver.MockWebServer$2 e**cute
INFO: MockWebServer[40476] starting to accept connections
Mar 30, 2021 2:41:28 PM okhttp3.mockwebserver.MockWebServer$3 processOneRequest
INFO: MockWebServer[40476] received request: GET /api/v1/namespaces/entando HTTP/1.1 and responded: HTTP/1.1 404 Client Error
Mar 30, 2021 2:41:28 PM okhttp3.mockwebserver.MockWebServer$3 processOneRequest
INFO: MockWebServer[40476] received request: POST /api/v1/namespaces HTTP/1.1 and responded: HTTP/1.1 202 OK
Mar 30, 2021 2:41:28 PM org.entando.kubernetes.client.KubernetesRestInterceptor invoke
INFO: Entering method loadDockerImageInfoConfigMap in class org.entando.kubernetes.controller.support.client.EntandoResourceClient
Mar 30, 2021 2:41:28 PM okhttp3.mockwebserver.MockWebServer$3 processOneRequest
INFO: MockWebServer[40476] received request: GET /api/v1/namespaces/entando/configmaps/entando-docker-image-info-v6.3 HTTP/1.1 and responded: HTTP/1.1 404 Client Error
Mar 30, 2021 2:41:28 PM org.entando.kubernetes.client.KubernetesRestInterceptor invoke
INFO: Exiting method loadDockerImageInfoConfigMap in class org.entando.kubernetes.controller.support.client.EntandoResourceClient
Mar 30, 2021 2:41:28 PM okhttp3.mockwebserver.MockWebServer$3 processOneRequest
INFO: MockWebServer[40476] received request: GET /api/v1/namespaces/entando/configmaps/entando-docker-image-info-v6.3 HTTP/1.1 and responded: HTTP/1.1 404 Client Error
Mar 30, 2021 2:41:28 PM okhttp3.mockwebserver.MockWebServer$3 processOneRequest
INFO: MockWebServer[40476] received request: POST /api/v1/namespaces/entando/configmaps HTTP/1.1 and responded: HTTP/1.1 202 OK
Mar 30, 2021 2:41:28 PM okhttp3.mockwebserver.MockWebServer$3 processOneRequest
INFO: MockWebServer[40476] received request: GET /api/v1/namespaces/entando/configmaps/entando-docker-image-info-v6.3 HTTP/1.1 and responded: HTTP/1.1 200 OK
Mar 30, 2021 2:41:28 PM okhttp3.mockwebserver.MockWebServer$3 processOneRequest
INFO: MockWebServer[40476] received request: GET /api/v1/namespaces/entando/configmaps/entando-docker-image-info-v6.3 HTTP/1.1 and responded: HTTP/1.1 200 OK
Mar 30, 2021 2:41:28 PM okhttp3.mockwebserver.MockWebServer$3 processOneRequest
INFO: MockWebServer[40476] received request: GET /api/v1/namespaces/entando/configmaps/entando-docker-image-info-v6.3 HTTP/1.1 and responded: HTTP/1.1 200 OK
Mar 30, 2021 2:41:28 PM okhttp3.mockwebserver.MockWebServer$3 processOneRequest
INFO: MockWebServer[40476] received request: PATCH /api/v1/namespaces/entando/configmaps/entando-docker-image-info-v6.3 HTTP/1.1 and responded: HTTP/1.1 202 OK
Mar 30, 2021 2:41:29 PM org.entando.kubernetes.client.KubernetesRestInterceptor invoke
INFO: Entering method createOrPatchEntandoResource in class org.entando.kubernetes.controller.support.client.EntandoResourceClient with EntandoPlugin: entando-k8s-composite-app-controller-carcpr18/test-plugin-carcpr18
Mar 30, 2021 2:41:29 PM okhttp3.mockwebserver.MockWebServer$3 processOneRequest
INFO: MockWebServer[40476] received request: GET /api/v1/namespaces/entando-k8s-composite-app-controller-carcpr18 HTTP/1.1 and responded: HTTP/1.1 404 Client Error
Mar 30, 2021 2:41:29 PM okhttp3.mockwebserver.MockWebServer$3 processOneRequest
INFO: MockWebServer[40476] received request: GET /apis/entando.org/v1/namespaces/default/entandoplugins HTTP/1.1 and responded: HTTP/1.1 200 OK
Mar 30, 2021 2:41:29 PM okhttp3.mockwebserver.MockWebServer$3 processOneRequest
INFO: MockWebServer[40476] received request: GET /api/v1/namespaces/entando-k8s-composite-app-controller-carcpr18 HTTP/1.1 and responded: HTTP/1.1 404 Client Error
Mar 30, 2021 2:41:29 PM okhttp3.mockwebserver.MockWebServer$3 processOneRequest
INFO: MockWebServer[40476] received request: GET /apis/entando.org/v1/namespaces/default/entandoplugins HTTP/1.1 and responded: HTTP/1.1 200 OK
Mar 30, 2021 2:41:29 PM okhttp3.mockwebserver.MockWebServer$3 processOneRequest
INFO: MockWebServer[40476] received request: GET /apis/entando.org/v1/namespaces/entando-k8s-composite-app-controller-carcpr18/entandoplugins/test-plugin-carcpr18 HTTP/1.1 and responded: HTTP/1.1 404 Client Error
Mar 30, 2021 2:41:29 PM okhttp3.mockwebserver.MockWebServer$3 processOneRequest
INFO: MockWebServer[40476] received request: POST /apis/entando.org/v1/namespaces/entando-k8s-composite-app-controller-carcpr18/entandoplugins HTTP/1.1 and responded: HTTP/1.1 202 OK
Mar 30, 2021 2:41:29 PM org.entando.kubernetes.client.KubernetesRestInterceptor invoke
INFO: Exiting method createOrPatchEntandoResource in class org.entando.kubernetes.controller.support.client.EntandoResourceClient
Mar 30, 2021 2:41:29 PM okhttp3.mockwebserver.MockWebServer$3 processOneRequest
INFO: MockWebServer[40476] received request: GET /api/v1/namespaces/entando-k8s-composite-app-controller-carcpr18 HTTP/1.1 and responded: HTTP/1.1 404 Client Error
Mar 30, 2021 2:41:29 PM okhttp3.mockwebserver.MockWebServer$3 processOneRequest
INFO: MockWebServer[40476] received request: GET /apis/entando.org/v1/namespaces/default/entandocompositeapps HTTP/1.1 and responded: HTTP/1.1 200 OK
Mar 30, 2021 2:41:29 PM okhttp3.mockwebserver.MockWebServer$3 processOneRequest
INFO: MockWebServer[40476] received request: GET /api/v1/namespaces/entando-k8s-composite-app-controller-carcpr18 HTTP/1.1 and responded: HTTP/1.1 404 Client Error
Mar 30, 2021 2:41:29 PM okhttp3.mockwebserver.MockWebServer$3 processOneRequest
INFO: MockWebServer[40476] received request: GET /apis/entando.org/v1/namespaces/default/entandocompositeapps HTTP/1.1 and responded: HTTP/1.1 200 OK
Mar 30, 2021 2:41:29 PM okhttp3.mockwebserver.MockWebServer$3 processOneRequest
INFO: MockWebServer[40476] received request: POST /apis/entando.org/v1/namespaces/entando-k8s-composite-app-controller-carcpr18/entandocompositeapps HTTP/1.1 and responded: HTTP/1.1 202 OK
Mar 30, 2021 2:41:29 PM org.entando.kubernetes.client.KubernetesRestInterceptor invoke
INFO: Entering method loadOperatorConfig in class org.entando.kubernetes.controller.support.client.EntandoResourceClient
Mar 30, 2021 2:41:29 PM okhttp3.mockwebserver.MockWebServer$3 processOneRequest
INFO: MockWebServer[40476] received request: GET /api/v1/namespaces/entando-k8s-composite-app-controller-carcpr18/configmaps/entando-operator-config HTTP/1.1 and responded: HTTP/1.1 404 Client Error
Mar 30, 2021 2:41:30 PM org.entando.kubernetes.client.KubernetesRestInterceptor invoke
INFO: Exiting method loadOperatorConfig in class org.entando.kubernetes.controller.support.client.EntandoResourceClient
Mar 30, 2021 2:41:30 PM org.entando.kubernetes.client.KubernetesRestInterceptor invoke
INFO: Entering method load in class org.entando.kubernetes.controller.support.client.EntandoResourceClient with class org.entando.kubernetes.model.compositeapp.EntandoCompositeApp,entando-k8s-composite-app-controller-carcpr18,my-app-carcpr18
Mar 30, 2021 2:41:30 PM org.entando.kubernetes.client.KubernetesRestInterceptor invoke
INFO: Entering method getPodWatcherQueue in class org.entando.kubernetes.controller.support.client.PodWaitingClient
Mar 30, 2021 2:41:30 PM org.entando.kubernetes.client.KubernetesRestInterceptor invoke
INFO: Exiting method getPodWatcherQueue in class org.entando.kubernetes.controller.support.client.PodWaitingClient
Mar 30, 2021 2:41:30 PM okhttp3.mockwebserver.MockWebServer$3 processOneRequest
INFO: MockWebServer[40476] received request: GET /api/v1/namespaces/entando-k8s-composite-app-controller-carcpr18 HTTP/1.1 and responded: HTTP/1.1 404 Client Error
Mar 30, 2021 2:41:30 PM okhttp3.mockwebserver.MockWebServer$3 processOneRequest
INFO: MockWebServer[40476] received request: GET /apis/entando.org/v1/namespaces/default/entandocompositeapps HTTP/1.1 and responded: HTTP/1.1 200 OK
Mar 30, 2021 2:41:30 PM okhttp3.mockwebserver.MockWebServer$3 processOneRequest
INFO: MockWebServer[40476] received request: GET /api/v1/namespaces/entando-k8s-composite-app-controller-carcpr18 HTTP/1.1 and responded: HTTP/1.1 404 Client Error
Mar 30, 2021 2:41:30 PM okhttp3.mockwebserver.MockWebServer$3 processOneRequest
INFO: MockWebServer[40476] received request: GET /apis/entando.org/v1/namespaces/default/entandocompositeapps HTTP/1.1 and responded: HTTP/1.1 200 OK
Mar 30, 2021 2:41:30 PM okhttp3.mockwebserver.MockWebServer$3 processOneRequest
INFO: MockWebServer[40476] received request: GET /apis/entando.org/v1/namespaces/entando-k8s-composite-app-controller-carcpr18/entandocompositeapps/my-app-carcpr18 HTTP/1.1 and responded: HTTP/1.1 200 OK
Mar 30, 2021 2:41:30 PM org.entando.kubernetes.client.KubernetesRestInterceptor invoke
INFO: Exiting method load in class org.entando.kubernetes.controller.support.client.EntandoResourceClient
Mar 30, 2021 2:41:30 PM org.entando.kubernetes.client.KubernetesRestInterceptor invoke
INFO: Entering method updatePhase in class org.entando.kubernetes.controller.support.client.EntandoResourceClient with EntandoCompositeApp: entando-k8s-composite-app-controller-carcpr18/my-app-carcpr18
Mar 30, 2021 2:41:30 PM okhttp3.mockwebserver.MockWebServer$3 processOneRequest
INFO: MockWebServer[40476] received request: POST /api/v1/namespaces/entando-k8s-composite-app-controller-carcpr18/events HTTP/1.1 and responded: HTTP/1.1 202 OK
Mar 30, 2021 2:41:30 PM okhttp3.mockwebserver.MockWebServer$3 processOneRequest
INFO: MockWebServer[40476] received request: GET /apis/entando.org/v1/namespaces/entando-k8s-composite-app-controller-carcpr18/entandocompositeapps/my-app-carcpr18 HTTP/1.1 and responded: HTTP/1.1 200 OK
Mar 30, 2021 2:41:30 PM okhttp3.mockwebserver.MockWebServer$3 processOneRequest
INFO: MockWebServer[40476] received request: PUT /apis/entando.org/v1/namespaces/entando-k8s-composite-app-controller-carcpr18/entandocompositeapps/my-app-carcpr18/status HTTP/1.1 and responded: HTTP/1.1 202 OK
Mar 30, 2021 2:41:30 PM org.entando.kubernetes.client.KubernetesRestInterceptor invoke
INFO: Exiting method updatePhase in class org.entando.kubernetes.controller.support.client.EntandoResourceClient
Mar 30, 2021 2:41:30 PM org.entando.kubernetes.client.KubernetesRestInterceptor invoke
INFO: Entering method loadDockerImageInfoConfigMap in class org.entando.kubernetes.controller.support.client.EntandoResourceClient
Mar 30, 2021 2:41:30 PM okhttp3.mockwebserver.MockWebServer$3 processOneRequest
INFO: MockWebServer[40476] received request: GET /api/v1/namespaces/entando/configmaps/entando-docker-image-info-v6.3 HTTP/1.1 and responded: HTTP/1.1 200 OK
Mar 30, 2021 2:41:30 PM org.entando.kubernetes.client.KubernetesRestInterceptor invoke
INFO: Exiting method loadDockerImageInfoConfigMap in class org.entando.kubernetes.controller.support.client.EntandoResourceClient
Mar 30, 2021 2:41:30 PM org.entando.kubernetes.client.KubernetesRestInterceptor invoke
INFO: Entering method createOrPatchEntandoResource in class org.entando.kubernetes.controller.support.client.EntandoResourceClient with EntandoKeycloakServer: entando-k8s-composite-app-controller-carcpr18/test-keycloak-carcpr18
Mar 30, 2021 2:41:30 PM okhttp3.mockwebserver.MockWebServer$3 processOneRequest
INFO: MockWebServer[40476] received request: GET /api/v1/namespaces/entando-k8s-composite-app-controller-carcpr18 HTTP/1.1 and responded: HTTP/1.1 404 Client Error
Mar 30, 2021 2:41:30 PM okhttp3.mockwebserver.MockWebServer$3 processOneRequest
INFO: MockWebServer[40476] received request: GET /apis/entando.org/v1/namespaces/default/entandokeycloakservers HTTP/1.1 and responded: HTTP/1.1 200 OK
Mar 30, 2021 2:41:30 PM okhttp3.mockwebserver.MockWebServer$3 processOneRequest
INFO: MockWebServer[40476] received request: GET /api/v1/namespaces/entando-k8s-composite-app-controller-carcpr18 HTTP/1.1 and responded: HTTP/1.1 404 Client Error
Mar 30, 2021 2:41:31 PM okhttp3.mockwebserver.MockWebServer$3 processOneRequest
INFO: MockWebServer[40476] received request: GET /apis/entando.org/v1/namespaces/default/entandokeycloakservers HTTP/1.1 and responded: HTTP/1.1 200 OK
Mar 30, 2021 2:41:31 PM okhttp3.mockwebserver.MockWebServer$3 processOneRequest
INFO: MockWebServer[40476] received request: GET /apis/entando.org/v1/namespaces/entando-k8s-composite-app-controller-carcpr18/entandokeycloakservers/test-keycloak-carcpr18 HTTP/1.1 and responded: HTTP/1.1 404 Client Error
Mar 30, 2021 2:41:31 PM okhttp3.mockwebserver.MockWebServer$3 processOneRequest
INFO: MockWebServer[40476] received request: POST /apis/entando.org/v1/namespaces/entando-k8s-composite-app-controller-carcpr18/entandokeycloakservers HTTP/1.1 and responded: HTTP/1.1 202 OK
Mar 30, 2021 2:41:31 PM org.entando.kubernetes.client.KubernetesRestInterceptor invoke
INFO: Exiting method createOrPatchEntandoResource in class org.entando.kubernetes.controller.support.client.EntandoResourceClient
Mar 30, 2021 2:41:31 PM org.entando.kubernetes.client.KubernetesRestInterceptor invoke
INFO: Entering method removeAndWait in class org.entando.kubernetes.controller.support.client.PodClient with entando-k8s-composite-app-controller-carcpr18,{EntandoKeycloakServer=test-keycloak-carcpr18, EntandoResourceKind=EntandoKeycloakServer, EntandoResourceNamespace=entando-k8s-composite-app-controller-carcpr18}
Mar 30, 2021 2:41:31 PM okhttp3.mockwebserver.MockWebServer$3 processOneRequest
INFO: MockWebServer[40476] received request: GET /api/v1/namespaces/entando-k8s-composite-app-controller-carcpr18/pods?labelSelector=EntandoResourceNamespace%3Dentando-k8s-composite-app-controller-carcpr18%2CEntandoResourceKind%3DEntandoKeycloakServer%2CEntandoKeycloakServer%3Dtest-keycloak-carcpr18 HTTP/1.1 and responded: HTTP/1.1 200 OK
Mar 30, 2021 2:41:31 PM org.entando.kubernetes.client.KubernetesRestInterceptor invoke
INFO: Entering method getPodWatcherQueue in class org.entando.kubernetes.controller.support.client.PodWaitingClient
Mar 30, 2021 2:41:31 PM org.entando.kubernetes.client.KubernetesRestInterceptor invoke
INFO: Exiting method getPodWatcherQueue in class org.entando.kubernetes.controller.support.client.PodWaitingClient
Mar 30, 2021 2:41:31 PM okhttp3.mockwebserver.MockWebServer$3 processOneRequest
INFO: MockWebServer[40476] received request: GET /api/v1/namespaces/entando-k8s-composite-app-controller-carcpr18/pods?labelSelector=EntandoResourceNamespace%3Dentando-k8s-composite-app-controller-carcpr18%2CEntandoResourceKind%3DEntandoKeycloakServer%2CEntandoKeycloakServer%3Dtest-keycloak-carcpr18&watch=**** HTTP/1.1 and responded: HTTP/1.1 200 OK
Mar 30, 2021 2:41:31 PM okhttp3.mockwebserver.MockWebServer$3 processOneRequest
INFO: MockWebServer[40476] received request: GET /api/v1/namespaces/entando-k8s-composite-app-controller-carcpr18/pods?labelSelector=EntandoResourceNamespace%3Dentando-k8s-composite-app-controller-carcpr18%2CEntandoResourceKind%3DEntandoKeycloakServer%2CEntandoKeycloakServer%3Dtest-keycloak-carcpr18&watch=**** HTTP/1.1 and responded: HTTP/1.1 200 OK
Mar 30, 2021 2:41:31 PM okhttp3.mockwebserver.MockWebServer$3 processOneRequest
INFO: MockWebServer[40476] received request: GET /api/v1/namespaces/entando-k8s-composite-app-controller-carcpr18/pods?labelSelector=EntandoResourceNamespace%3Dentando-k8s-composite-app-controller-carcpr18%2CEntandoResourceKind%3DEntandoKeycloakServer%2CEntandoKeycloakServer%3Dtest-keycloak-carcpr18 HTTP/1.1 and responded: HTTP/1.1 200 OK
Mar 30, 2021 2:41:31 PM io.fabric8.kubernetes.client.dsl.internal.WatchHTTPManager$1 onResponse
INFO: Watch terminated unexpectedly. reason: \n not found: limit=46 content=7b2261706956657273696f6e223a227631222c226b696e64223a224c69737422â€¦
Mar 30, 2021 2:41:31 PM okhttp3.mockwebserver.MockWebServer$3 processOneRequest
INFO: MockWebServer[40476] received request: GET /api/v1/namespaces/entando-k8s-composite-app-controller-carcpr18/pods?labelSelector=EntandoResourceNamespace%3Dentando-k8s-composite-app-controller-carcpr18%2CEntandoResourceKind%3DEntandoKeycloakServer%2CEntandoKeycloakServer%3Dtest-keycloak-carcpr18 HTTP/1.1 and responded: HTTP/1.1 200 OK
Mar 30, 2021 2:41:32 PM org.entando.kubernetes.client.KubernetesRestInterceptor invoke
INFO: Exiting method removeAndWait in class org.entando.kubernetes.controller.support.client.PodClient
Mar 30, 2021 2:41:32 PM org.entando.kubernetes.client.KubernetesRestInterceptor invoke
INFO: Entering method runToCompletion in class org.entando.kubernetes.controller.support.client.PodClient with Pod: entando-k8s-composite-app-controller-carcpr18/test-keycloak-carcpr18-deployer-7800
Mar 30, 2021 2:41:32 PM okhttp3.mockwebserver.MockWebServer$3 processOneRequest
INFO: MockWebServer[40476] received request: GET /api/v1/namespaces/entando-k8s-composite-app-controller-carcpr18/pods?labelSelector=EntandoResourceNamespace%3Dentando-k8s-composite-app-controller-carcpr18%2CEntandoResourceKind%3DEntandoKeycloakServer%2CEntandoKeycloakServer%3Dtest-keycloak-carcpr18&watch=**** HTTP/1.1 and responded: HTTP/1.1 200 OK
Mar 30, 2021 2:41:32 PM io.fabric8.kubernetes.client.dsl.internal.WatchHTTPManager$1 onResponse
INFO: Watch terminated unexpectedly. reason: \n not found: limit=46 content=7b2261706956657273696f6e223a227631222c226b696e64223a224c69737422â€¦
Mar 30, 2021 2:41:32 PM io.fabric8.kubernetes.client.dsl.internal.WatchHTTPManager scheduleReconnect
WARN: Ignoring error for already closed/closing connection
Mar 30, 2021 2:41:32 PM okhttp3.mockwebserver.MockWebServer$3 processOneRequest
INFO: MockWebServer[40476] received request: POST /api/v1/namespaces/entando-k8s-composite-app-controller-carcpr18/pods HTTP/1.1 and responded: HTTP/1.1 202 OK
Mar 30, 2021 2:41:32 PM org.entando.kubernetes.client.KubernetesRestInterceptor invoke
INFO: Entering method loadPod in class org.entando.kubernetes.controller.support.client.PodClient with entando-k8s-composite-app-controller-carcpr18,[Ljava.lang.String;@c833a25
Mar 30, 2021 2:41:32 PM okhttp3.mockwebserver.MockWebServer$3 processOneRequest
INFO: MockWebServer[40476] received request: GET /api/v1/namespaces/entando-k8s-composite-app-controller-carcpr18/pods?fieldSelector=metadata.name%3Dtest-keycloak-carcpr18-deployer-7800&watch=**** HTTP/1.1 and responded: HTTP/1.1 200 OK
Mar 30, 2021 2:41:32 PM okhttp3.mockwebserver.MockWebServer$3 processOneRequest
INFO: MockWebServer[40476] received request: GET /api/v1/namespaces/entando-k8s-composite-app-controller-carcpr18/pods?labelSelector=EntandoKeycloakServer%3Dtest-keycloak-carcpr18 HTTP/1.1 and responded: HTTP/1.1 200 OK
Mar 30, 2021 2:41:32 PM org.entando.kubernetes.client.KubernetesRestInterceptor invoke
INFO: Exiting method loadPod in class org.entando.kubernetes.controller.support.client.PodClient
Mar 30, 2021 2:41:32 PM okhttp3.mockwebserver.MockWebServer$3 processOneRequest
INFO: MockWebServer[40476] received request: GET /api/v1/namespaces/entando-k8s-composite-app-controller-carcpr18/pods?fieldSelector=metadata.name%3Dtest-keycloak-carcpr18-deployer-7800&watch=**** HTTP/1.1 and responded: HTTP/1.1 200 OK
Mar 30, 2021 2:41:32 PM okhttp3.mockwebserver.MockWebServer$3 processOneRequest
INFO: MockWebServer[40476] received request: GET /api/v1/namespaces/entando-k8s-composite-app-controller-carcpr18/pods/test-keycloak-carcpr18-deployer-7800 HTTP/1.1 and responded: HTTP/1.1 200 OK
Mar 30, 2021 2:41:32 PM io.fabric8.kubernetes.client.dsl.internal.WatchHTTPManager$1 onResponse
INFO: Watch terminated unexpectedly. reason: \n not found: limit=2453 content=7b2261706956657273696f6e223a227631222c226b696e64223a224c69737422â€¦
Mar 30, 2021 2:41:32 PM okhttp3.mockwebserver.MockWebServer$3 processOneRequest
INFO: MockWebServer[40476] received request: PATCH /api/v1/namespaces/entando-k8s-composite-app-controller-carcpr18/pods/test-keycloak-carcpr18-deployer-7800 HTTP/1.1 and responded: HTTP/1.1 202 OK
Mar 30, 2021 2:41:32 PM org.entando.kubernetes.client.KubernetesRestInterceptor invoke
INFO: Entering method getPodWatcherQueue in class org.entando.kubernetes.controller.support.client.PodWaitingClient
Mar 30, 2021 2:41:32 PM org.entando.kubernetes.client.KubernetesRestInterceptor invoke
INFO: Exiting method getPodWatcherQueue in class org.entando.kubernetes.controller.support.client.PodWaitingClient
Mar 30, 2021 2:41:33 PM org.entando.kubernetes.client.KubernetesRestInterceptor invoke
INFO: Exiting method runToCompletion in class org.entando.kubernetes.controller.support.client.PodClient
Mar 30, 2021 2:41:33 PM org.entando.kubernetes.client.KubernetesRestInterceptor invoke
INFO: Entering method updateStatus in class org.entando.kubernetes.controller.support.client.EntandoResourceClient with EntandoCompositeApp: entando-k8s-composite-app-controller-carcpr18/my-app-carcpr18
Mar 30, 2021 2:41:33 PM okhttp3.mockwebserver.MockWebServer$3 processOneRequest
INFO: MockWebServer[40476] received request: POST /api/v1/namespaces/entando-k8s-composite-app-controller-carcpr18/events HTTP/1.1 and responded: HTTP/1.1 202 OK
Mar 30, 2021 2:41:33 PM io.fabric8.kubernetes.client.dsl.internal.WatchHTTPManager$1 onResponse
INFO: Watch terminated unexpectedly. reason: \n not found: limit=2637 content=7b2261706956657273696f6e223a227631222c226b696e64223a224c69737422â€¦
Mar 30, 2021 2:41:33 PM io.fabric8.kubernetes.client.dsl.internal.WatchHTTPManager scheduleReconnect
WARN: Ignoring error for already closed/closing connection
Mar 30, 2021 2:41:33 PM okhttp3.mockwebserver.MockWebServer$3 processOneRequest
INFO: MockWebServer[40476] received request: GET /api/v1/namespaces/entando-k8s-composite-app-controller-carcpr18/pods?fieldSelector=metadata.name%3Dtest-keycloak-carcpr18-deployer-7800&watch=**** HTTP/1.1 and responded: HTTP/1.1 200 OK
Mar 30, 2021 2:41:33 PM okhttp3.mockwebserver.MockWebServer$3 processOneRequest
INFO: MockWebServer[40476] received request: GET /apis/entando.org/v1/namespaces/entando-k8s-composite-app-controller-carcpr18/entandocompositeapps/my-app-carcpr18 HTTP/1.1 and responded: HTTP/1.1 200 OK
Mar 30, 2021 2:41:33 PM okhttp3.mockwebserver.MockWebServer$3 processOneRequest
INFO: MockWebServer[40476] received request: PUT /apis/entando.org/v1/namespaces/entando-k8s-composite-app-controller-carcpr18/entandocompositeapps/my-app-carcpr18/status HTTP/1.1 and responded: HTTP/1.1 202 OK
Mar 30, 2021 2:41:33 PM org.entando.kubernetes.client.KubernetesRestInterceptor invoke
INFO: Exiting method updateStatus in class org.entando.kubernetes.controller.support.client.EntandoResourceClient
Mar 30, 2021 2:41:33 PM org.entando.kubernetes.client.KubernetesRestInterceptor invoke
INFO: Entering method load in class org.entando.kubernetes.controller.support.client.EntandoResourceClient with class org.entando.kubernetes.model.plugin.EntandoPlugin,entando-k8s-composite-app-controller-carcpr18,test-plugin-carcpr18
Mar 30, 2021 2:41:34 PM okhttp3.mockwebserver.MockWebServer$3 processOneRequest
INFO: MockWebServer[40476] received request: GET /apis/entando.org/v1/namespaces/entando-k8s-composite-app-controller-carcpr18/entandoplugins/test-plugin-carcpr18 HTTP/1.1 and responded: HTTP/1.1 200 OK
Mar 30, 2021 2:41:34 PM org.entando.kubernetes.client.KubernetesRestInterceptor invoke
INFO: Exiting method load in class org.entando.kubernetes.controller.support.client.EntandoResourceClient
Mar 30, 2021 2:41:34 PM org.entando.kubernetes.client.KubernetesRestInterceptor invoke
INFO: Entering method createOrPatchEntandoResource in class org.entando.kubernetes.controller.support.client.EntandoResourceClient with EntandoPlugin: entando-k8s-composite-app-controller-carcpr18/test-plugin-carcpr18
Mar 30, 2021 2:41:34 PM okhttp3.mockwebserver.MockWebServer$3 processOneRequest
INFO: MockWebServer[40476] received request: GET /apis/entando.org/v1/namespaces/entando-k8s-composite-app-controller-carcpr18/entandoplugins/test-plugin-carcpr18 HTTP/1.1 and responded: HTTP/1.1 200 OK
Mar 30, 2021 2:41:34 PM okhttp3.mockwebserver.MockWebServer$3 processOneRequest
INFO: MockWebServer[40476] received request: GET /apis/entando.org/v1/namespaces/entando-k8s-composite-app-controller-carcpr18/entandoplugins/test-plugin-carcpr18 HTTP/1.1 and responded: HTTP/1.1 200 OK
Mar 30, 2021 2:41:34 PM okhttp3.mockwebserver.MockWebServer$3 processOneRequest
INFO: MockWebServer[40476] received request: PATCH /apis/entando.org/v1/namespaces/entando-k8s-composite-app-controller-carcpr18/entandoplugins/test-plugin-carcpr18 HTTP/1.1 and responded: HTTP/1.1 202 OK
Mar 30, 2021 2:41:34 PM org.entando.kubernetes.client.KubernetesRestInterceptor invoke
INFO: Exiting method createOrPatchEntandoResource in class org.entando.kubernetes.controller.support.client.EntandoResourceClient
Mar 30, 2021 2:41:34 PM org.entando.kubernetes.client.KubernetesRestInterceptor invoke
INFO: Entering method removeAndWait in class org.entando.kubernetes.controller.support.client.PodClient with entando-k8s-composite-app-controller-carcpr18,{EntandoPlugin=test-plugin-carcpr18, EntandoResourceKind=EntandoPlugin, EntandoResourceNamespace=entando-k8s-composite-app-controller-carcpr18}
Mar 30, 2021 2:41:34 PM okhttp3.mockwebserver.MockWebServer$3 processOneRequest
INFO: MockWebServer[40476] received request: GET /api/v1/namespaces/entando-k8s-composite-app-controller-carcpr18/pods?labelSelector=EntandoPlugin%3Dtest-plugin-carcpr18%2CEntandoResourceNamespace%3Dentando-k8s-composite-app-controller-carcpr18%2CEntandoResourceKind%3DEntandoPlugin HTTP/1.1 and responded: HTTP/1.1 200 OK
Mar 30, 2021 2:41:34 PM org.entando.kubernetes.client.KubernetesRestInterceptor invoke
INFO: Entering method getPodWatcherQueue in class org.entando.kubernetes.controller.support.client.PodWaitingClient
Mar 30, 2021 2:41:34 PM org.entando.kubernetes.client.KubernetesRestInterceptor invoke
INFO: Exiting method getPodWatcherQueue in class org.entando.kubernetes.controller.support.client.PodWaitingClient
Mar 30, 2021 2:41:34 PM okhttp3.mockwebserver.MockWebServer$3 processOneRequest
INFO: MockWebServer[40476] received request: GET /api/v1/namespaces/entando-k8s-composite-app-controller-carcpr18/pods?labelSelector=EntandoPlugin%3Dtest-plugin-carcpr18%2CEntandoResourceNamespace%3Dentando-k8s-composite-app-controller-carcpr18%2CEntandoResourceKind%3DEntandoPlugin&watch=**** HTTP/1.1 and responded: HTTP/1.1 200 OK
Mar 30, 2021 2:41:34 PM okhttp3.mockwebserver.MockWebServer$3 processOneRequest
INFO: MockWebServer[40476] received request: GET /api/v1/namespaces/entando-k8s-composite-app-controller-carcpr18/pods?labelSelector=EntandoPlugin%3Dtest-plugin-carcpr18%2CEntandoResourceNamespace%3Dentando-k8s-composite-app-controller-carcpr18%2CEntandoResourceKind%3DEntandoPlugin&watch=**** HTTP/1.1 and responded: HTTP/1.1 200 OK
Mar 30, 2021 2:41:34 PM okhttp3.mockwebserver.MockWebServer$3 processOneRequest
INFO: MockWebServer[40476] received request: GET /api/v1/namespaces/entando-k8s-composite-app-controller-carcpr18/pods?labelSelector=EntandoPlugin%3Dtest-plugin-carcpr18%2CEntandoResourceNamespace%3Dentando-k8s-composite-app-controller-carcpr18%2CEntandoResourceKind%3DEntandoPlugin HTTP/1.1 and responded: HTTP/1.1 200 OK
Mar 30, 2021 2:41:34 PM io.fabric8.kubernetes.client.dsl.internal.WatchHTTPManager$1 onResponse
INFO: Watch terminated unexpectedly. reason: \n not found: limit=46 content=7b2261706956657273696f6e223a227631222c226b696e64223a224c69737422â€¦
Mar 30, 2021 2:41:34 PM okhttp3.mockwebserver.MockWebServer$3 processOneRequest
INFO: MockWebServer[40476] received request: GET /api/v1/namespaces/entando-k8s-composite-app-controller-carcpr18/pods?labelSelector=EntandoPlugin%3Dtest-plugin-carcpr18%2CEntandoResourceNamespace%3Dentando-k8s-composite-app-controller-carcpr18%2CEntandoResourceKind%3DEntandoPlugin HTTP/1.1 and responded: HTTP/1.1 200 OK
Mar 30, 2021 2:41:35 PM org.entando.kubernetes.client.KubernetesRestInterceptor invoke
INFO: Exiting method removeAndWait in class org.entando.kubernetes.controller.support.client.PodClient
Mar 30, 2021 2:41:35 PM org.entando.kubernetes.client.KubernetesRestInterceptor invoke
INFO: Entering method runToCompletion in class org.entando.kubernetes.controller.support.client.PodClient with Pod: entando-k8s-composite-app-controller-carcpr18/test-plugin-carcpr18-deployer-0758
Mar 30, 2021 2:41:35 PM io.fabric8.kubernetes.client.dsl.internal.WatchHTTPManager$1 onResponse
INFO: Watch terminated unexpectedly. reason: \n not found: limit=46 content=7b2261706956657273696f6e223a227631222c226b696e64223a224c69737422â€¦
Mar 30, 2021 2:41:35 PM io.fabric8.kubernetes.client.dsl.internal.WatchHTTPManager scheduleReconnect
WARN: Ignoring error for already closed/closing connection
Mar 30, 2021 2:41:35 PM okhttp3.mockwebserver.MockWebServer$3 processOneRequest
INFO: MockWebServer[40476] received request: GET /api/v1/namespaces/entando-k8s-composite-app-controller-carcpr18/pods?labelSelector=EntandoPlugin%3Dtest-plugin-carcpr18%2CEntandoResourceNamespace%3Dentando-k8s-composite-app-controller-carcpr18%2CEntandoResourceKind%3DEntandoPlugin&watch=**** HTTP/1.1 and responded: HTTP/1.1 200 OK
Mar 30, 2021 2:41:35 PM okhttp3.mockwebserver.MockWebServer$3 processOneRequest
INFO: MockWebServer[40476] received request: POST /api/v1/namespaces/entando-k8s-composite-app-controller-carcpr18/pods HTTP/1.1 and responded: HTTP/1.1 202 OK
Mar 30, 2021 2:41:35 PM org.entando.kubernetes.client.KubernetesRestInterceptor invoke
INFO: Entering method loadPod in class org.entando.kubernetes.controller.support.client.PodClient with entando-k8s-composite-app-controller-carcpr18,[Ljava.lang.String;@244d5c5
Mar 30, 2021 2:41:35 PM okhttp3.mockwebserver.MockWebServer$3 processOneRequest
INFO: MockWebServer[40476] received request: GET /api/v1/namespaces/entando-k8s-composite-app-controller-carcpr18/pods?fieldSelector=metadata.name%3Dtest-plugin-carcpr18-deployer-0758&watch=**** HTTP/1.1 and responded: HTTP/1.1 200 OK
Mar 30, 2021 2:41:35 PM okhttp3.mockwebserver.MockWebServer$3 processOneRequest
INFO: MockWebServer[40476] received request: GET /api/v1/namespaces/entando-k8s-composite-app-controller-carcpr18/pods?labelSelector=EntandoPlugin%3Dtest-plugin-carcpr18 HTTP/1.1 and responded: HTTP/1.1 200 OK
Mar 30, 2021 2:41:35 PM org.entando.kubernetes.client.KubernetesRestInterceptor invoke
INFO: Exiting method loadPod in class org.entando.kubernetes.controller.support.client.PodClient
Mar 30, 2021 2:41:35 PM org.entando.kubernetes.client.KubernetesRestInterceptor invoke
INFO: Exiting method runToCompletion in class org.entando.kubernetes.controller.support.client.PodClient
Mar 30, 2021 2:41:35 PM org.entando.kubernetes.client.KubernetesRestInterceptor invoke
INFO: Entering method updateStatus in class org.entando.kubernetes.controller.support.client.EntandoResourceClient with EntandoCompositeApp: entando-k8s-composite-app-controller-carcpr18/my-app-carcpr18
Mar 30, 2021 2:41:35 PM okhttp3.mockwebserver.MockWebServer$3 processOneRequest
INFO: MockWebServer[40476] received request: GET /api/v1/namespaces/entando-k8s-composite-app-controller-carcpr18/pods?fieldSelector=metadata.name%3Dtest-plugin-carcpr18-deployer-0758&watch=**** HTTP/1.1 and responded: HTTP/1.1 200 OK
Mar 30, 2021 2:41:35 PM okhttp3.mockwebserver.MockWebServer$3 processOneRequest
INFO: MockWebServer[40476] received request: POST /api/v1/namespaces/entando-k8s-composite-app-controller-carcpr18/events HTTP/1.1 and responded: HTTP/1.1 202 OK
Mar 30, 2021 2:41:35 PM io.fabric8.kubernetes.client.dsl.internal.WatchHTTPManager$1 onResponse
INFO: Watch terminated unexpectedly. reason: \n not found: limit=5021 content=7b2261706956657273696f6e223a227631222c226b696e64223a224c69737422â€¦
Mar 30, 2021 2:41:35 PM io.fabric8.kubernetes.client.dsl.internal.WatchHTTPManager scheduleReconnect
WARN: Ignoring error for already closed/closing connection
Mar 30, 2021 2:41:35 PM okhttp3.mockwebserver.MockWebServer$3 processOneRequest
INFO: MockWebServer[40476] received request: GET /apis/entando.org/v1/namespaces/entando-k8s-composite-app-controller-carcpr18/entandocompositeapps/my-app-carcpr18 HTTP/1.1 and responded: HTTP/1.1 200 OK
Mar 30, 2021 2:41:35 PM okhttp3.mockwebserver.MockWebServer$3 processOneRequest
INFO: MockWebServer[40476] received request: PUT /apis/entando.org/v1/namespaces/entando-k8s-composite-app-controller-carcpr18/entandocompositeapps/my-app-carcpr18/status HTTP/1.1 and responded: HTTP/1.1 202 OK
Mar 30, 2021 2:41:35 PM org.entando.kubernetes.client.KubernetesRestInterceptor invoke
INFO: Exiting method updateStatus in class org.entando.kubernetes.controller.support.client.EntandoResourceClient
Mar 30, 2021 2:41:35 PM org.entando.kubernetes.compositeapp.controller.EntandoCompositeAppController logFailure
SEVERE: Unexpected exception occurred while adding EntandoPlugin entando-k8s-composite-app-controller-carcpr18/test-plugin-carcpr18
Mar 30, 2021 2:41:35 PM org.entando.kubernetes.controller.support.controller.AbstractDbAwareController performSync
SEVERE: Unexpected exception occurred while adding EntandoCompositeApp entando-k8s-composite-app-controller-carcpr18/my-app-carcpr18
org.entando.kubernetes.controller.support.controller.EntandoControllerException: Unexpected exception occurred while adding EntandoPlugin entando-k8s-composite-app-controller-carcpr18/test-plugin-carcpr18
	at org.entando.kubernetes.compositeapp.controller.EntandoCompositeAppController.synchronizeDeploymentState(EntandoCompositeAppController.java:95)
	at org.entando.kubernetes.compositeapp.controller.EntandoCompositeAppController.synchronizeDeploymentState(EntandoCompositeAppController.java:56)
	at org.entando.kubernetes.controller.support.controller.AbstractDbAwareController.performSync(AbstractDbAwareController.java:158)
	at org.entando.kubernetes.controller.support.controller.AbstractDbAwareController.processCommand(AbstractDbAwareController.java:130)
	at org.entando.kubernetes.compositeapp.controller.EntandoCompositeAppController.onStartup(EntandoCompositeAppController.java:80)
	at org.entando.kubernetes.compositeapp.controller.inprocesstests.CompositeAppControllerMockedTest.startController(CompositeAppControllerMockedTest.java:179)
	at org.entando.kubernetes.compositeapp.controller.inprocesstests.CompositeAppControllerMockedTest.performCreate(CompositeAppControllerMockedTest.java:103)
	at org.entando.kubernetes.compositeapp.controller.AbstractCompositeAppControllerTest.testE**cuteControllerPod(AbstractCompositeAppControllerTest.java:134)
	at org.entando.kubernetes.compositeapp.controller.inprocesstests.CompositeAppControllerMockedTest.testFailure(CompositeAppControllerMockedTest.java:128)
	at java.base/jdk.internal.reflect.NativeMethodAccessorImpl.invoke0(Native Method)
	at java.base/jdk.internal.reflect.NativeMethodAccessorImpl.invoke(NativeMethodAccessorImpl.java:62)
	at java.base/jdk.internal.reflect.DelegatingMethodAccessorImpl.invoke(DelegatingMethodAccessorImpl.java:43)
	at java.base/java.lang.reflect.Method.invoke(Method.java:566)
	at org.junit.platform.commons.util.ReflectionUtils.invokeMethod(ReflectionUtils.java:688)
	at org.junit.jupiter.engine.e**cution.MethodInvocation.proceed(MethodInvocation.java:60)
	at org.junit.jupiter.engine.e**cution.InvocationInterceptorChain$ValidatingInvocation.proceed(InvocationInterceptorChain.java:131)
	at org.junit.jupiter.engine.extension.TimeoutExtension.intercept(TimeoutExtension.java:149)
	at org.junit.jupiter.engine.extension.TimeoutExtension.interceptTestableMethod(TimeoutExtension.java:140)
	at org.junit.jupiter.engine.extension.TimeoutExtension.interceptTestMethod(TimeoutExtension.java:84)
	at org.junit.jupiter.engine.e**cution.E**cutableInvoker$ReflectiveInterceptorCall.lambda$ofVoidMethod$0(E**cutableInvoker.java:115)
	at org.junit.jupiter.engine.e**cution.E**cutableInvoker.lambda$invoke$0(E**cutableInvoker.java:105)
	at org.junit.jupiter.engine.e**cution.InvocationInterceptorChain$InterceptedInvocation.proceed(InvocationInterceptorChain.java:106)
	at org.junit.jupiter.engine.e**cution.InvocationInterceptorChain.proceed(InvocationInterceptorChain.java:64)
	at org.junit.jupiter.engine.e**cution.InvocationInterceptorChain.chainAndInvoke(InvocationInterceptorChain.java:45)
	at org.junit.jupiter.engine.e**cution.InvocationInterceptorChain.invoke(InvocationInterceptorChain.java:37)
	at org.junit.jupiter.engine.e**cution.E**cutableInvoker.invoke(E**cutableInvoker.java:104)
	at org.junit.jupiter.engine.e**cution.E**cutableInvoker.invoke(E**cutableInvoker.java:98)
	at org.junit.jupiter.engine.descriptor.TestMethodTestDescriptor.lambda$invokeTestMethod$6(TestMethodTestDescriptor.java:210)
	at org.junit.platform.engine.support.hierarchical.ThrowableCollector.e**cute(ThrowableCollector.java:73)
	at org.junit.jupiter.engine.descriptor.TestMethodTestDescriptor.invokeTestMethod(TestMethodTestDescriptor.java:206)
	at org.junit.jupiter.engine.descriptor.TestMethodTestDescriptor.e**cute(TestMethodTestDescriptor.java:131)
	at org.junit.jupiter.engine.descriptor.TestMethodTestDescriptor.e**cute(TestMethodTestDescriptor.java:65)
	at org.junit.platform.engine.support.hierarchical.NodeTestTask.lambda$e**cuteRecursively$5(NodeTestTask.java:139)
	at org.junit.platform.engine.support.hierarchical.ThrowableCollector.e**cute(ThrowableCollector.java:73)
	at org.junit.platform.engine.support.hierarchical.NodeTestTask.lambda$e**cuteRecursively$7(NodeTestTask.java:129)
	at org.junit.platform.engine.support.hierarchical.Node.around(Node.java:137)
	at org.junit.platform.engine.support.hierarchical.NodeTestTask.lambda$e**cuteRecursively$8(NodeTestTask.java:127)
	at org.junit.platform.engine.support.hierarchical.ThrowableCollector.e**cute(ThrowableCollector.java:73)
	at org.junit.platform.engine.support.hierarchical.NodeTestTask.e**cuteRecursively(NodeTestTask.java:126)
	at org.junit.platform.engine.support.hierarchical.NodeTestTask.e**cute(NodeTestTask.java:84)
	at java.base/java.util.ArrayList.forEach(ArrayList.java:1540)
	at org.junit.platform.engine.support.hierarchical.SameThreadHierarchicalTestE**cutorService.invokeAll(SameThreadHierarchicalTestE**cutorService.java:38)
	at org.junit.platform.engine.support.hierarchical.NodeTestTask.lambda$e**cuteRecursively$5(NodeTestTask.java:143)
	at org.junit.platform.engine.support.hierarchical.ThrowableCollector.e**cute(ThrowableCollector.java:73)
	at org.junit.platform.engine.support.hierarchical.NodeTestTask.lambda$e**cuteRecursively$7(NodeTestTask.java:129)
	at org.junit.platform.engine.support.hierarchical.Node.around(Node.java:137)
	at org.junit.platform.engine.support.hierarchical.NodeTestTask.lambda$e**cuteRecursively$8(NodeTestTask.java:127)
	at org.junit.platform.engine.support.hierarchical.ThrowableCollector.e**cute(ThrowableCollector.java:73)
	at org.junit.platform.engine.support.hierarchical.NodeTestTask.e**cuteRecursively(NodeTestTask.java:126)
	at org.junit.platform.engine.support.hierarchical.NodeTestTask.e**cute(NodeTestTask.java:84)
	at java.base/java.util.ArrayList.forEach(ArrayList.java:1540)
	at org.junit.platform.engine.support.hierarchical.SameThreadHierarchicalTestE**cutorService.invokeAll(SameThreadHierarchicalTestE**cutorService.java:38)
	at org.junit.platform.engine.support.hierarchical.NodeTestTask.lambda$e**cuteRecursively$5(NodeTestTask.java:143)
	at org.junit.platform.engine.support.hierarchical.ThrowableCollector.e**cute(ThrowableCollector.java:73)
	at org.junit.platform.engine.support.hierarchical.NodeTestTask.lambda$e**cuteRecursively$7(NodeTestTask.java:129)
	at org.junit.platform.engine.support.hierarchical.Node.around(Node.java:137)
	at org.junit.platform.engine.support.hierarchical.NodeTestTask.lambda$e**cuteRecursively$8(NodeTestTask.java:127)
	at org.junit.platform.engine.support.hierarchical.ThrowableCollector.e**cute(ThrowableCollector.java:73)
	at org.junit.platform.engine.support.hierarchical.NodeTestTask.e**cuteRecursively(NodeTestTask.java:126)
	at org.junit.platform.engine.support.hierarchical.NodeTestTask.e**cute(NodeTestTask.java:84)
	at org.junit.platform.engine.support.hierarchical.SameThreadHierarchicalTestE**cutorService.submit(SameThreadHierarchicalTestE**cutorService.java:32)
	at org.junit.platform.engine.support.hierarchical.HierarchicalTestE**cutor.e**cute(HierarchicalTestE**cutor.java:57)
	at org.junit.platform.engine.support.hierarchical.HierarchicalTestEngine.e**cute(HierarchicalTestEngine.java:51)
	at org.junit.platform.launcher.core.EngineE**cutionOrchestrator.e**cute(EngineE**cutionOrchestrator.java:108)
	at org.junit.platform.launcher.core.EngineE**cutionOrchestrator.e**cute(EngineE**cutionOrchestrator.java:88)
	at org.junit.platform.launcher.core.EngineE**cutionOrchestrator.lambda$e**cute$0(EngineE**cutionOrchestrator.java:54)
	at org.junit.platform.launcher.core.EngineE**cutionOrchestrator.withInterceptedStreams(EngineE**cutionOrchestrator.java:67)
	at org.junit.platform.launcher.core.EngineE**cutionOrchestrator.e**cute(EngineE**cutionOrchestrator.java:52)
	at org.junit.platform.launcher.core.DefaultLauncher.e**cute(DefaultLauncher.java:96)
	at org.junit.platform.launcher.core.DefaultLauncher.e**cute(DefaultLauncher.java:75)
	at org.apache.maven.surefire.junitplatform.JUnitPlatformProvider.invokeAllTests(JUnitPlatformProvider.java:142)
	at org.apache.maven.surefire.junitplatform.JUnitPlatformProvider.invoke(JUnitPlatformProvider.java:117)
	at org.apache.maven.surefire.booter.ForkedBooter.invokeProviderInSameClassLoader(ForkedBooter.java:384)
	at org.apache.maven.surefire.booter.ForkedBooter.runSuitesInProcess(ForkedBooter.java:345)
	at org.apache.maven.surefire.booter.ForkedBooter.e**cute(ForkedBooter.java:126)
	at org.apache.maven.surefire.booter.ForkedBooter.main(ForkedBooter.java:418)

Mar 30, 2021 2:41:36 PM org.entando.kubernetes.client.KubernetesRestInterceptor invoke
INFO: Entering method deploymentFailed in class org.entando.kubernetes.controller.support.client.EntandoResourceClient with EntandoCompositeApp: entando-k8s-composite-app-controller-carcpr18/my-app-carcpr18
Mar 30, 2021 2:41:36 PM okhttp3.mockwebserver.MockWebServer$3 processOneRequest
INFO: MockWebServer[40476] received request: POST /api/v1/namespaces/entando-k8s-composite-app-controller-carcpr18/events HTTP/1.1 and responded: HTTP/1.1 202 OK
Mar 30, 2021 2:41:36 PM okhttp3.mockwebserver.MockWebServer$3 processOneRequest
INFO: MockWebServer[40476] received request: GET /apis/entando.org/v1/namespaces/entando-k8s-composite-app-controller-carcpr18/entandocompositeapps/my-app-carcpr18 HTTP/1.1 and responded: HTTP/1.1 200 OK
Mar 30, 2021 2:41:36 PM okhttp3.mockwebserver.MockWebServer$3 processOneRequest
INFO: MockWebServer[40476] received request: PUT /apis/entando.org/v1/namespaces/entando-k8s-composite-app-controller-carcpr18/entandocompositeapps/my-app-carcpr18/status HTTP/1.1 and responded: HTTP/1.1 202 OK
Mar 30, 2021 2:41:36 PM org.entando.kubernetes.client.KubernetesRestInterceptor invoke
INFO: Exiting method deploymentFailed in class org.entando.kubernetes.controller.support.client.EntandoResourceClient
Mar 30, 2021 2:41:36 PM okhttp3.mockwebserver.MockWebServer$3 processOneRequest
INFO: MockWebServer[40476] received request: GET /api/v1/namespaces/entando-k8s-composite-app-controller-carcpr18/pods?labelSelector=EntandoResourceKind%3DEntandoKeycloakServer%2CEntandoKeycloakServer%3Dtest-keycloak-carcpr18 HTTP/1.1 and responded: HTTP/1.1 200 OK
Mar 30, 2021 2:41:36 PM okhttp3.mockwebserver.MockWebServer$3 processOneRequest
INFO: MockWebServer[40476] received request: GET /api/v1/namespaces/entando-k8s-composite-app-controller-carcpr18/pods?labelSelector=EntandoResourceKind%3DEntandoKeycloakServer%2CEntandoKeycloakServer%3Dtest-keycloak-carcpr18 HTTP/1.1 and responded: HTTP/1.1 200 OK
Mar 30, 2021 2:41:36 PM okhttp3.mockwebserver.MockWebServer$3 processOneRequest
INFO: MockWebServer[40476] received request: GET /api/v1/namespaces/entando-k8s-composite-app-controller-carcpr18 HTTP/1.1 and responded: HTTP/1.1 404 Client Error
Mar 30, 2021 2:41:36 PM okhttp3.mockwebserver.MockWebServer$3 processOneRequest
INFO: MockWebServer[40476] received request: GET /apis/entando.org/v1/namespaces/default/entandokeycloakservers HTTP/1.1 and responded: HTTP/1.1 200 OK
Mar 30, 2021 2:41:36 PM okhttp3.mockwebserver.MockWebServer$3 processOneRequest
INFO: MockWebServer[40476] received request: GET /api/v1/namespaces/entando-k8s-composite-app-controller-carcpr18 HTTP/1.1 and responded: HTTP/1.1 404 Client Error
Mar 30, 2021 2:41:36 PM okhttp3.mockwebserver.MockWebServer$3 processOneRequest
INFO: MockWebServer[40476] received request: GET /apis/entando.org/v1/namespaces/default/entandokeycloakservers HTTP/1.1 and responded: HTTP/1.1 200 OK
Mar 30, 2021 2:41:36 PM okhttp3.mockwebserver.MockWebServer$3 processOneRequest
INFO: MockWebServer[40476] received request: GET /apis/entando.org/v1/namespaces/entando-k8s-composite-app-controller-carcpr18/entandokeycloakservers/test-keycloak-carcpr18 HTTP/1.1 and responded: HTTP/1.1 200 OK
Mar 30, 2021 2:41:37 PM okhttp3.mockwebserver.MockWebServer$3 processOneRequest
INFO: MockWebServer[40476] received request: GET /api/v1/namespaces/entando-k8s-composite-app-controller-carcpr18 HTTP/1.1 and responded: HTTP/1.1 404 Client Error
Mar 30, 2021 2:41:37 PM okhttp3.mockwebserver.MockWebServer$3 processOneRequest
INFO: MockWebServer[40476] received request: GET /apis/entando.org/v1/namespaces/default/entandocompositeapps HTTP/1.1 and responded: HTTP/1.1 200 OK
Mar 30, 2021 2:41:37 PM okhttp3.mockwebserver.MockWebServer$3 processOneRequest
INFO: MockWebServer[40476] received request: GET /api/v1/namespaces/entando-k8s-composite-app-controller-carcpr18 HTTP/1.1 and responded: HTTP/1.1 404 Client Error
Mar 30, 2021 2:41:37 PM okhttp3.mockwebserver.MockWebServer$3 processOneRequest
INFO: MockWebServer[40476] received request: GET /apis/entando.org/v1/namespaces/default/entandocompositeapps HTTP/1.1 and responded: HTTP/1.1 200 OK
Mar 30, 2021 2:41:37 PM okhttp3.mockwebserver.MockWebServer$3 processOneRequest
INFO: MockWebServer[40476] received request: GET /apis/entando.org/v1/namespaces/entando-k8s-composite-app-controller-carcpr18/entandocompositeapps/my-app-carcpr18 HTTP/1.1 and responded: HTTP/1.1 200 OK
Mar 30, 2021 2:41:37 PM okhttp3.mockwebserver.MockWebServer$3 processOneRequest
INFO: MockWebServer[40476] received request: GET /api/v1/namespaces/entando-k8s-composite-app-controller-carcpr18/pods?labelSelector=EntandoPlugin%3Dtest-plugin-carcpr18%2CEntandoResourceKind%3DEntandoPlugin HTTP/1.1 and responded: HTTP/1.1 200 OK
Mar 30, 2021 2:41:37 PM okhttp3.mockwebserver.MockWebServer$3 processOneRequest
INFO: MockWebServer[40476] received request: GET /api/v1/namespaces/entando-k8s-composite-app-controller-carcpr18/pods?labelSelector=EntandoPlugin%3Dtest-plugin-carcpr18%2CEntandoResourceKind%3DEntandoPlugin HTTP/1.1 and responded: HTTP/1.1 200 OK
Mar 30, 2021 2:41:37 PM okhttp3.mockwebserver.MockWebServer$3 processOneRequest
INFO: MockWebServer[40476] received request: GET /api/v1/namespaces/entando-k8s-composite-app-controller-carcpr18 HTTP/1.1 and responded: HTTP/1.1 404 Client Error
Mar 30, 2021 2:41:37 PM okhttp3.mockwebserver.MockWebServer$3 processOneRequest
INFO: MockWebServer[40476] received request: GET /apis/entando.org/v1/namespaces/default/entandoplugins HTTP/1.1 and responded: HTTP/1.1 200 OK
Mar 30, 2021 2:41:37 PM okhttp3.mockwebserver.MockWebServer$3 processOneRequest
INFO: MockWebServer[40476] received request: GET /api/v1/namespaces/entando-k8s-composite-app-controller-carcpr18 HTTP/1.1 and responded: HTTP/1.1 404 Client Error
Mar 30, 2021 2:41:37 PM okhttp3.mockwebserver.MockWebServer$3 processOneRequest
INFO: MockWebServer[40476] received request: GET /apis/entando.org/v1/namespaces/default/entandoplugins HTTP/1.1 and responded: HTTP/1.1 200 OK
Mar 30, 2021 2:41:38 PM okhttp3.mockwebserver.MockWebServer$3 processOneRequest
INFO: MockWebServer[40476] received request: GET /apis/entando.org/v1/namespaces/entando-k8s-composite-app-controller-carcpr18/entandoplugins/test-plugin-carcpr18 HTTP/1.1 and responded: HTTP/1.1 200 OK
Mar 30, 2021 2:41:38 PM okhttp3.mockwebserver.MockWebServer$3 processOneRequest
INFO: MockWebServer[40476] received request: GET /apis/entando.org/v1/namespaces/entando-k8s-composite-app-controller-carcpr18/entandocompositeapps/my-app-carcpr18 HTTP/1.1 and responded: HTTP/1.1 200 OK
Mar 30, 2021 2:41:38 PM okhttp3.mockwebserver.MockWebServer$3 processOneRequest
INFO: MockWebServer[40476] received request: GET /apis/entando.org/v1/namespaces/entando-k8s-composite-app-controller-carcpr18/entandocompositeapps/my-app-carcpr18 HTTP/1.1 and responded: HTTP/1.1 200 OK
Mar 30, 2021 2:41:38 PM org.entando.kubernetes.client.KubernetesRestInterceptor invoke
INFO: Entering method load in class org.entando.kubernetes.controller.support.client.EntandoResourceClient with class org.entando.kubernetes.model.compositeapp.EntandoCompositeApp,entando-k8s-composite-app-controller-carcpr18,my-app-carcpr18
Mar 30, 2021 2:41:38 PM okhttp3.mockwebserver.MockWebServer$3 processOneRequest
INFO: MockWebServer[40476] received request: GET /apis/entando.org/v1/namespaces/entando-k8s-composite-app-controller-carcpr18/entandocompositeapps/my-app-carcpr18 HTTP/1.1 and responded: HTTP/1.1 200 OK
Mar 30, 2021 2:41:38 PM org.entando.kubernetes.client.KubernetesRestInterceptor invoke
INFO: Exiting method load in class org.entando.kubernetes.controller.support.client.EntandoResourceClient
Mar 30, 2021 2:41:38 PM okhttp3.mockwebserver.MockWebServer$3 processOneRequest
INFO: MockWebServer[40476] received request: GET /api/v1/namespaces/entando-k8s-composite-app-controller-carcpr18 HTTP/1.1 and responded: HTTP/1.1 404 Client Error
Mar 30, 2021 2:41:38 PM okhttp3.mockwebserver.MockWebServer$3 processOneRequest
INFO: MockWebServer[40476] received request: GET /apis/entando.org/v1/namespaces/default/entandocompositeapps HTTP/1.1 and responded: HTTP/1.1 200 OK
Mar 30, 2021 2:41:38 PM okhttp3.mockwebserver.MockWebServer$3 processOneRequest
INFO: MockWebServer[40476] received request: GET /api/v1/namespaces/entando-k8s-composite-app-controller-carcpr18 HTTP/1.1 and responded: HTTP/1.1 404 Client Error
Mar 30, 2021 2:41:38 PM okhttp3.mockwebserver.MockWebServer$3 processOneRequest
INFO: MockWebServer[40476] received request: GET /apis/entando.org/v1/namespaces/default/entandocompositeapps HTTP/1.1 and responded: HTTP/1.1 200 OK
Mar 30, 2021 2:41:38 PM okhttp3.mockwebserver.MockWebServer$3 processOneRequest
INFO: MockWebServer[40476] received request: GET /apis/entando.org/v1/namespaces/entando-k8s-composite-app-controller-carcpr18/entandocompositeapps/my-app-carcpr18 HTTP/1.1 and responded: HTTP/1.1 200 OK
Mar 30, 2021 2:41:38 PM org.entando.kubernetes.client.KubernetesRestInterceptor invoke
INFO: Entering method getPodWatcherQueue in class org.entando.kubernetes.controller.support.client.PodWaitingClient
Mar 30, 2021 2:41:38 PM org.entando.kubernetes.client.KubernetesRestInterceptor invoke
INFO: Exiting method getPodWatcherQueue in class org.entando.kubernetes.controller.support.client.PodWaitingClient
Mar 30, 2021 2:41:38 PM okhttp3.mockwebserver.MockWebServer$2 acceptConnections
INFO: MockWebServer[40476] done accepting connections: Socket closed
Mar 30, 2021 2:41:38 PM okhttp3.mockwebserver.MockWebServer$2 e**cute
INFO: MockWebServer[33251] starting to accept connections
Mar 30, 2021 2:41:39 PM okhttp3.mockwebserver.MockWebServer$3 processOneRequest
INFO: MockWebServer[33251] received request: GET /api/v1/namespaces/entando HTTP/1.1 and responded: HTTP/1.1 404 Client Error
Mar 30, 2021 2:41:39 PM okhttp3.mockwebserver.MockWebServer$3 processOneRequest
INFO: MockWebServer[33251] received request: POST /api/v1/namespaces HTTP/1.1 and responded: HTTP/1.1 202 OK
Mar 30, 2021 2:41:39 PM org.entando.kubernetes.client.KubernetesRestInterceptor invoke
INFO: Entering method loadDockerImageInfoConfigMap in class org.entando.kubernetes.controller.support.client.EntandoResourceClient
Mar 30, 2021 2:41:39 PM okhttp3.mockwebserver.MockWebServer$3 processOneRequest
INFO: MockWebServer[33251] received request: GET /api/v1/namespaces/entando/configmaps/entando-docker-image-info-v6.3 HTTP/1.1 and responded: HTTP/1.1 404 Client Error
Mar 30, 2021 2:41:39 PM org.entando.kubernetes.client.KubernetesRestInterceptor invoke
INFO: Exiting method loadDockerImageInfoConfigMap in class org.entando.kubernetes.controller.support.client.EntandoResourceClient
Mar 30, 2021 2:41:39 PM okhttp3.mockwebserver.MockWebServer$3 processOneRequest
INFO: MockWebServer[33251] received request: GET /api/v1/namespaces/entando-k8s-composite-app-controller-carcpr18 HTTP/1.1 and responded: HTTP/1.1 404 Client Error
Mar 30, 2021 2:41:39 PM okhttp3.mockwebserver.MockWebServer$3 processOneRequest
INFO: MockWebServer[33251] received request: GET /apis/entando.org/v1/namespaces/default/entandocompositeapps HTTP/1.1 and responded: HTTP/1.1 200 OK
Mar 30, 2021 2:41:39 PM okhttp3.mockwebserver.MockWebServer$3 processOneRequest
INFO: MockWebServer[33251] received request: GET /api/v1/namespaces/entando-k8s-composite-app-controller-carcpr18 HTTP/1.1 and responded: HTTP/1.1 404 Client Error
Mar 30, 2021 2:41:39 PM okhttp3.mockwebserver.MockWebServer$3 processOneRequest
INFO: MockWebServer[33251] received request: GET /apis/entando.org/v1/namespaces/default/entandocompositeapps HTTP/1.1 and responded: HTTP/1.1 200 OK
Mar 30, 2021 2:41:39 PM okhttp3.mockwebserver.MockWebServer$3 processOneRequest
INFO: MockWebServer[33251] received request: POST /apis/entando.org/v1/namespaces/entando-k8s-composite-app-controller-carcpr18/entandocompositeapps HTTP/1.1 and responded: HTTP/1.1 202 OK
Mar 30, 2021 2:41:39 PM org.entando.kubernetes.client.KubernetesRestInterceptor invoke
INFO: Entering method loadOperatorConfig in class org.entando.kubernetes.controller.support.client.EntandoResourceClient
Mar 30, 2021 2:41:39 PM okhttp3.mockwebserver.MockWebServer$3 processOneRequest
INFO: MockWebServer[33251] received request: GET /api/v1/namespaces/entando-k8s-composite-app-controller-carcpr18/configmaps/entando-operator-config HTTP/1.1 and responded: HTTP/1.1 404 Client Error
Mar 30, 2021 2:41:39 PM org.entando.kubernetes.client.KubernetesRestInterceptor invoke
INFO: Exiting method loadOperatorConfig in class org.entando.kubernetes.controller.support.client.EntandoResourceClient
Mar 30, 2021 2:41:39 PM org.entando.kubernetes.client.KubernetesRestInterceptor invoke
INFO: Entering method load in class org.entando.kubernetes.controller.support.client.EntandoResourceClient with class org.entando.kubernetes.model.compositeapp.EntandoCompositeApp,entando-k8s-composite-app-controller-carcpr18,my-app-carcpr18
Mar 30, 2021 2:41:39 PM org.entando.kubernetes.client.KubernetesRestInterceptor invoke
INFO: Entering method getPodWatcherQueue in class org.entando.kubernetes.controller.support.client.PodWaitingClient
Mar 30, 2021 2:41:39 PM org.entando.kubernetes.client.KubernetesRestInterceptor invoke
INFO: Exiting method getPodWatcherQueue in class org.entando.kubernetes.controller.support.client.PodWaitingClient
Mar 30, 2021 2:41:39 PM okhttp3.mockwebserver.MockWebServer$3 processOneRequest
INFO: MockWebServer[33251] received request: GET /api/v1/namespaces/entando-k8s-composite-app-controller-carcpr18 HTTP/1.1 and responded: HTTP/1.1 404 Client Error
Mar 30, 2021 2:41:39 PM okhttp3.mockwebserver.MockWebServer$3 processOneRequest
INFO: MockWebServer[33251] received request: GET /apis/entando.org/v1/namespaces/default/entandocompositeapps HTTP/1.1 and responded: HTTP/1.1 200 OK
Mar 30, 2021 2:41:39 PM okhttp3.mockwebserver.MockWebServer$3 processOneRequest
INFO: MockWebServer[33251] received request: GET /api/v1/namespaces/entando-k8s-composite-app-controller-carcpr18 HTTP/1.1 and responded: HTTP/1.1 404 Client Error
Mar 30, 2021 2:41:40 PM okhttp3.mockwebserver.MockWebServer$3 processOneRequest
INFO: MockWebServer[33251] received request: GET /apis/entando.org/v1/namespaces/default/entandocompositeapps HTTP/1.1 and responded: HTTP/1.1 200 OK
Mar 30, 2021 2:41:40 PM okhttp3.mockwebserver.MockWebServer$3 processOneRequest
INFO: MockWebServer[33251] received request: GET /apis/entando.org/v1/namespaces/entando-k8s-composite-app-controller-carcpr18/entandocompositeapps/my-app-carcpr18 HTTP/1.1 and responded: HTTP/1.1 200 OK
Mar 30, 2021 2:41:40 PM org.entando.kubernetes.client.KubernetesRestInterceptor invoke
INFO: Exiting method load in class org.entando.kubernetes.controller.support.client.EntandoResourceClient
Mar 30, 2021 2:41:40 PM org.entando.kubernetes.client.KubernetesRestInterceptor invoke
INFO: Entering method updatePhase in class org.entando.kubernetes.controller.support.client.EntandoResourceClient with EntandoCompositeApp: entando-k8s-composite-app-controller-carcpr18/my-app-carcpr18
Mar 30, 2021 2:41:40 PM okhttp3.mockwebserver.MockWebServer$3 processOneRequest
INFO: MockWebServer[33251] received request: POST /api/v1/namespaces/entando-k8s-composite-app-controller-carcpr18/events HTTP/1.1 and responded: HTTP/1.1 202 OK
Mar 30, 2021 2:41:40 PM okhttp3.mockwebserver.MockWebServer$3 processOneRequest
INFO: MockWebServer[33251] received request: GET /apis/entando.org/v1/namespaces/entando-k8s-composite-app-controller-carcpr18/entandocompositeapps/my-app-carcpr18 HTTP/1.1 and responded: HTTP/1.1 200 OK
Mar 30, 2021 2:41:40 PM okhttp3.mockwebserver.MockWebServer$3 processOneRequest
INFO: MockWebServer[33251] received request: PUT /apis/entando.org/v1/namespaces/entando-k8s-composite-app-controller-carcpr18/entandocompositeapps/my-app-carcpr18/status HTTP/1.1 and responded: HTTP/1.1 202 OK
Mar 30, 2021 2:41:40 PM org.entando.kubernetes.client.KubernetesRestInterceptor invoke
INFO: Exiting method updatePhase in class org.entando.kubernetes.controller.support.client.EntandoResourceClient
Mar 30, 2021 2:41:40 PM org.entando.kubernetes.client.KubernetesRestInterceptor invoke
INFO: Entering method loadDockerImageInfoConfigMap in class org.entando.kubernetes.controller.support.client.EntandoResourceClient
Mar 30, 2021 2:41:40 PM okhttp3.mockwebserver.MockWebServer$3 processOneRequest
INFO: MockWebServer[33251] received request: GET /api/v1/namespaces/entando/configmaps/entando-docker-image-info-v6.3 HTTP/1.1 and responded: HTTP/1.1 404 Client Error
Mar 30, 2021 2:41:40 PM org.entando.kubernetes.client.KubernetesRestInterceptor invoke
INFO: Exiting method loadDockerImageInfoConfigMap in class org.entando.kubernetes.controller.support.client.EntandoResourceClient
Mar 30, 2021 2:41:40 PM org.entando.kubernetes.client.KubernetesRestInterceptor invoke
INFO: Entering method createOrPatchEntandoResource in class org.entando.kubernetes.controller.support.client.EntandoResourceClient with EntandoKeycloakServer: entando-k8s-composite-app-controller-carcpr18/test-keycloak-carcpr18
Mar 30, 2021 2:41:40 PM okhttp3.mockwebserver.MockWebServer$3 processOneRequest
INFO: MockWebServer[33251] received request: GET /api/v1/namespaces/entando-k8s-composite-app-controller-carcpr18 HTTP/1.1 and responded: HTTP/1.1 404 Client Error
Mar 30, 2021 2:41:40 PM okhttp3.mockwebserver.MockWebServer$3 processOneRequest
INFO: MockWebServer[33251] received request: GET /apis/entando.org/v1/namespaces/default/entandokeycloakservers HTTP/1.1 and responded: HTTP/1.1 200 OK
Mar 30, 2021 2:41:40 PM okhttp3.mockwebserver.MockWebServer$3 processOneRequest
INFO: MockWebServer[33251] received request: GET /api/v1/namespaces/entando-k8s-composite-app-controller-carcpr18 HTTP/1.1 and responded: HTTP/1.1 404 Client Error
Mar 30, 2021 2:41:40 PM okhttp3.mockwebserver.MockWebServer$3 processOneRequest
INFO: MockWebServer[33251] received request: GET /apis/entando.org/v1/namespaces/default/entandokeycloakservers HTTP/1.1 and responded: HTTP/1.1 200 OK
Mar 30, 2021 2:41:40 PM okhttp3.mockwebserver.MockWebServer$3 processOneRequest
INFO: MockWebServer[33251] received request: GET /apis/entando.org/v1/namespaces/entando-k8s-composite-app-controller-carcpr18/entandokeycloakservers/test-keycloak-carcpr18 HTTP/1.1 and responded: HTTP/1.1 404 Client Error
Mar 30, 2021 2:41:40 PM okhttp3.mockwebserver.MockWebServer$3 processOneRequest
INFO: MockWebServer[33251] received request: POST /apis/entando.org/v1/namespaces/entando-k8s-composite-app-controller-carcpr18/entandokeycloakservers HTTP/1.1 and responded: HTTP/1.1 202 OK
Mar 30, 2021 2:41:41 PM org.entando.kubernetes.client.KubernetesRestInterceptor invoke
INFO: Exiting method createOrPatchEntandoResource in class org.entando.kubernetes.controller.support.client.EntandoResourceClient
Mar 30, 2021 2:41:41 PM org.entando.kubernetes.client.KubernetesRestInterceptor invoke
INFO: Entering method removeAndWait in class org.entando.kubernetes.controller.support.client.PodClient with entando-k8s-composite-app-controller-carcpr18,{EntandoKeycloakServer=test-keycloak-carcpr18, EntandoResourceKind=EntandoKeycloakServer, EntandoResourceNamespace=entando-k8s-composite-app-controller-carcpr18}
Mar 30, 2021 2:41:41 PM okhttp3.mockwebserver.MockWebServer$3 processOneRequest
INFO: MockWebServer[33251] received request: GET /api/v1/namespaces/entando-k8s-composite-app-controller-carcpr18/pods?labelSelector=EntandoResourceNamespace%3Dentando-k8s-composite-app-controller-carcpr18%2CEntandoResourceKind%3DEntandoKeycloakServer%2CEntandoKeycloakServer%3Dtest-keycloak-carcpr18 HTTP/1.1 and responded: HTTP/1.1 200 OK
Mar 30, 2021 2:41:41 PM org.entando.kubernetes.client.KubernetesRestInterceptor invoke
INFO: Entering method getPodWatcherQueue in class org.entando.kubernetes.controller.support.client.PodWaitingClient
Mar 30, 2021 2:41:41 PM org.entando.kubernetes.client.KubernetesRestInterceptor invoke
INFO: Exiting method getPodWatcherQueue in class org.entando.kubernetes.controller.support.client.PodWaitingClient
Mar 30, 2021 2:41:41 PM okhttp3.mockwebserver.MockWebServer$3 processOneRequest
INFO: MockWebServer[33251] received request: GET /api/v1/namespaces/entando-k8s-composite-app-controller-carcpr18/pods?labelSelector=EntandoResourceNamespace%3Dentando-k8s-composite-app-controller-carcpr18%2CEntandoResourceKind%3DEntandoKeycloakServer%2CEntandoKeycloakServer%3Dtest-keycloak-carcpr18&watch=**** HTTP/1.1 and responded: HTTP/1.1 200 OK
Mar 30, 2021 2:41:41 PM okhttp3.mockwebserver.MockWebServer$3 processOneRequest
INFO: MockWebServer[33251] received request: GET /api/v1/namespaces/entando-k8s-composite-app-controller-carcpr18/pods?labelSelector=EntandoResourceNamespace%3Dentando-k8s-composite-app-controller-carcpr18%2CEntandoResourceKind%3DEntandoKeycloakServer%2CEntandoKeycloakServer%3Dtest-keycloak-carcpr18 HTTP/1.1 and responded: HTTP/1.1 200 OK
Mar 30, 2021 2:41:41 PM okhttp3.mockwebserver.MockWebServer$3 processOneRequest
INFO: MockWebServer[33251] received request: GET /api/v1/namespaces/entando-k8s-composite-app-controller-carcpr18/pods?labelSelector=EntandoResourceNamespace%3Dentando-k8s-composite-app-controller-carcpr18%2CEntandoResourceKind%3DEntandoKeycloakServer%2CEntandoKeycloakServer%3Dtest-keycloak-carcpr18&watch=**** HTTP/1.1 and responded: HTTP/1.1 200 OK
Mar 30, 2021 2:41:41 PM io.fabric8.kubernetes.client.dsl.internal.WatchHTTPManager$1 onResponse
INFO: Watch terminated unexpectedly. reason: \n not found: limit=46 content=7b2261706956657273696f6e223a227631222c226b696e64223a224c69737422â€¦
Mar 30, 2021 2:41:41 PM okhttp3.mockwebserver.MockWebServer$3 processOneRequest
INFO: MockWebServer[33251] received request: GET /api/v1/namespaces/entando-k8s-composite-app-controller-carcpr18/pods?labelSelector=EntandoResourceNamespace%3Dentando-k8s-composite-app-controller-carcpr18%2CEntandoResourceKind%3DEntandoKeycloakServer%2CEntandoKeycloakServer%3Dtest-keycloak-carcpr18 HTTP/1.1 and responded: HTTP/1.1 200 OK
Mar 30, 2021 2:41:42 PM org.entando.kubernetes.client.KubernetesRestInterceptor invoke
INFO: Exiting method removeAndWait in class org.entando.kubernetes.controller.support.client.PodClient
Mar 30, 2021 2:41:42 PM org.entando.kubernetes.client.KubernetesRestInterceptor invoke
INFO: Entering method runToCompletion in class org.entando.kubernetes.controller.support.client.PodClient with Pod: entando-k8s-composite-app-controller-carcpr18/test-keycloak-carcpr18-deployer-3710
Mar 30, 2021 2:41:42 PM okhttp3.mockwebserver.MockWebServer$3 processOneRequest
INFO: MockWebServer[33251] received request: GET /api/v1/namespaces/entando-k8s-composite-app-controller-carcpr18/pods?labelSelector=EntandoResourceNamespace%3Dentando-k8s-composite-app-controller-carcpr18%2CEntandoResourceKind%3DEntandoKeycloakServer%2CEntandoKeycloakServer%3Dtest-keycloak-carcpr18&watch=**** HTTP/1.1 and responded: HTTP/1.1 200 OK
Mar 30, 2021 2:41:42 PM io.fabric8.kubernetes.client.dsl.internal.WatchHTTPManager$1 onResponse
INFO: Watch terminated unexpectedly. reason: \n not found: limit=46 content=7b2261706956657273696f6e223a227631222c226b696e64223a224c69737422â€¦
Mar 30, 2021 2:41:42 PM io.fabric8.kubernetes.client.dsl.internal.WatchHTTPManager scheduleReconnect
WARN: Ignoring error for already closed/closing connection
Mar 30, 2021 2:41:42 PM okhttp3.mockwebserver.MockWebServer$3 processOneRequest
INFO: MockWebServer[33251] received request: POST /api/v1/namespaces/entando-k8s-composite-app-controller-carcpr18/pods HTTP/1.1 and responded: HTTP/1.1 202 OK
Mar 30, 2021 2:41:42 PM org.entando.kubernetes.client.KubernetesRestInterceptor invoke
INFO: Entering method loadPod in class org.entando.kubernetes.controller.support.client.PodClient with entando-k8s-composite-app-controller-carcpr18,[Ljava.lang.String;@8b42b5b
Mar 30, 2021 2:41:42 PM okhttp3.mockwebserver.MockWebServer$3 processOneRequest
INFO: MockWebServer[33251] received request: GET /api/v1/namespaces/entando-k8s-composite-app-controller-carcpr18/pods?fieldSelector=metadata.name%3Dtest-keycloak-carcpr18-deployer-3710&watch=**** HTTP/1.1 and responded: HTTP/1.1 200 OK
Mar 30, 2021 2:41:42 PM okhttp3.mockwebserver.MockWebServer$3 processOneRequest
INFO: MockWebServer[33251] received request: GET /api/v1/namespaces/entando-k8s-composite-app-controller-carcpr18/pods?labelSelector=EntandoKeycloakServer%3Dtest-keycloak-carcpr18 HTTP/1.1 and responded: HTTP/1.1 200 OK
Mar 30, 2021 2:41:42 PM org.entando.kubernetes.client.KubernetesRestInterceptor invoke
INFO: Exiting method loadPod in class org.entando.kubernetes.controller.support.client.PodClient
Mar 30, 2021 2:41:42 PM okhttp3.mockwebserver.MockWebServer$3 processOneRequest
INFO: MockWebServer[33251] received request: GET /api/v1/namespaces/entando-k8s-composite-app-controller-carcpr18/pods?fieldSelector=metadata.name%3Dtest-keycloak-carcpr18-deployer-3710&watch=**** HTTP/1.1 and responded: HTTP/1.1 200 OK
Mar 30, 2021 2:41:42 PM okhttp3.mockwebserver.MockWebServer$3 processOneRequest
INFO: MockWebServer[33251] received request: GET /api/v1/namespaces/entando-k8s-composite-app-controller-carcpr18/pods/test-keycloak-carcpr18-deployer-3710 HTTP/1.1 and responded: HTTP/1.1 200 OK
Mar 30, 2021 2:41:42 PM io.fabric8.kubernetes.client.dsl.internal.WatchHTTPManager$1 onResponse
INFO: Watch terminated unexpectedly. reason: \n not found: limit=2520 content=7b2261706956657273696f6e223a227631222c226b696e64223a224c69737422â€¦
Mar 30, 2021 2:41:42 PM okhttp3.mockwebserver.MockWebServer$3 processOneRequest
INFO: MockWebServer[33251] received request: PATCH /api/v1/namespaces/entando-k8s-composite-app-controller-carcpr18/pods/test-keycloak-carcpr18-deployer-3710 HTTP/1.1 and responded: HTTP/1.1 202 OK
Mar 30, 2021 2:41:42 PM org.entando.kubernetes.client.KubernetesRestInterceptor invoke
INFO: Entering method getPodWatcherQueue in class org.entando.kubernetes.controller.support.client.PodWaitingClient
Mar 30, 2021 2:41:42 PM org.entando.kubernetes.client.KubernetesRestInterceptor invoke
INFO: Exiting method getPodWatcherQueue in class org.entando.kubernetes.controller.support.client.PodWaitingClient
Mar 30, 2021 2:41:43 PM org.entando.kubernetes.client.KubernetesRestInterceptor invoke
INFO: Exiting method runToCompletion in class org.entando.kubernetes.controller.support.client.PodClient
Mar 30, 2021 2:41:43 PM org.entando.kubernetes.client.KubernetesRestInterceptor invoke
INFO: Entering method updateStatus in class org.entando.kubernetes.controller.support.client.EntandoResourceClient with EntandoCompositeApp: entando-k8s-composite-app-controller-carcpr18/my-app-carcpr18
Mar 30, 2021 2:41:43 PM okhttp3.mockwebserver.MockWebServer$3 processOneRequest
INFO: MockWebServer[33251] received request: GET /api/v1/namespaces/entando-k8s-composite-app-controller-carcpr18/pods?fieldSelector=metadata.name%3Dtest-keycloak-carcpr18-deployer-3710&watch=**** HTTP/1.1 and responded: HTTP/1.1 200 OK
Mar 30, 2021 2:41:43 PM io.fabric8.kubernetes.client.dsl.internal.WatchHTTPManager$1 onResponse
INFO: Watch terminated unexpectedly. reason: \n not found: limit=2704 content=7b2261706956657273696f6e223a227631222c226b696e64223a224c69737422â€¦
Mar 30, 2021 2:41:43 PM io.fabric8.kubernetes.client.dsl.internal.WatchHTTPManager scheduleReconnect
WARN: Ignoring error for already closed/closing connection
Mar 30, 2021 2:41:43 PM okhttp3.mockwebserver.MockWebServer$3 processOneRequest
INFO: MockWebServer[33251] received request: POST /api/v1/namespaces/entando-k8s-composite-app-controller-carcpr18/events HTTP/1.1 and responded: HTTP/1.1 202 OK
Mar 30, 2021 2:41:43 PM okhttp3.mockwebserver.MockWebServer$3 processOneRequest
INFO: MockWebServer[33251] received request: GET /apis/entando.org/v1/namespaces/entando-k8s-composite-app-controller-carcpr18/entandocompositeapps/my-app-carcpr18 HTTP/1.1 and responded: HTTP/1.1 200 OK
Mar 30, 2021 2:41:43 PM okhttp3.mockwebserver.MockWebServer$3 processOneRequest
INFO: MockWebServer[33251] received request: PUT /apis/entando.org/v1/namespaces/entando-k8s-composite-app-controller-carcpr18/entandocompositeapps/my-app-carcpr18/status HTTP/1.1 and responded: HTTP/1.1 202 OK
Mar 30, 2021 2:41:43 PM org.entando.kubernetes.client.KubernetesRestInterceptor invoke
INFO: Exiting method updateStatus in class org.entando.kubernetes.controller.support.client.EntandoResourceClient
Mar 30, 2021 2:41:43 PM org.entando.kubernetes.client.KubernetesRestInterceptor invoke
INFO: Entering method removeSuccessfullyCompletedPods in class org.entando.kubernetes.controller.support.client.PodClient with entando-k8s-composite-app-controller-carcpr18,{EntandoKeycloakServer=test-keycloak-carcpr18, EntandoResourceKind=EntandoKeycloakServer, EntandoResourceNamespace=entando-k8s-composite-app-controller-carcpr18}
Mar 30, 2021 2:41:43 PM okhttp3.mockwebserver.MockWebServer$3 processOneRequest
INFO: MockWebServer[33251] received request: GET /api/v1/namespaces/entando-k8s-composite-app-controller-carcpr18/pods?labelSelector=EntandoResourceNamespace%3Dentando-k8s-composite-app-controller-carcpr18%2CEntandoResourceKind%3DEntandoKeycloakServer%2CEntandoKeycloakServer%3Dtest-keycloak-carcpr18 HTTP/1.1 and responded: HTTP/1.1 200 OK
Mar 30, 2021 2:41:43 PM okhttp3.mockwebserver.MockWebServer$3 processOneRequest
INFO: MockWebServer[33251] received request: DELETE /api/v1/namespaces/entando-k8s-composite-app-controller-carcpr18/pods/test-keycloak-carcpr18-deployer-3710 HTTP/1.1 and responded: HTTP/1.1 200 OK
Mar 30, 2021 2:41:43 PM org.entando.kubernetes.client.KubernetesRestInterceptor invoke
INFO: Exiting method removeSuccessfullyCompletedPods in class org.entando.kubernetes.controller.support.client.PodClient
Mar 30, 2021 2:41:43 PM org.entando.kubernetes.client.KubernetesRestInterceptor invoke
INFO: Entering method load in class org.entando.kubernetes.controller.support.client.EntandoResourceClient with class org.entando.kubernetes.model.plugin.EntandoPlugin,entando-k8s-composite-app-controller-carcpr18,test-plugin-carcpr18
Mar 30, 2021 2:41:43 PM okhttp3.mockwebserver.MockWebServer$3 processOneRequest
INFO: MockWebServer[33251] received request: GET /api/v1/namespaces/entando-k8s-composite-app-controller-carcpr18 HTTP/1.1 and responded: HTTP/1.1 404 Client Error
Mar 30, 2021 2:41:44 PM okhttp3.mockwebserver.MockWebServer$3 processOneRequest
INFO: MockWebServer[33251] received request: GET /apis/entando.org/v1/namespaces/default/entandoplugins HTTP/1.1 and responded: HTTP/1.1 200 OK
Mar 30, 2021 2:41:44 PM okhttp3.mockwebserver.MockWebServer$3 processOneRequest
INFO: MockWebServer[33251] received request: GET /api/v1/namespaces/entando-k8s-composite-app-controller-carcpr18 HTTP/1.1 and responded: HTTP/1.1 404 Client Error
Mar 30, 2021 2:41:44 PM okhttp3.mockwebserver.MockWebServer$3 processOneRequest
INFO: MockWebServer[33251] received request: GET /apis/entando.org/v1/namespaces/default/entandoplugins HTTP/1.1 and responded: HTTP/1.1 200 OK
Mar 30, 2021 2:41:44 PM okhttp3.mockwebserver.MockWebServer$3 processOneRequest
INFO: MockWebServer[33251] received request: GET /apis/entando.org/v1/namespaces/entando-k8s-composite-app-controller-carcpr18/entandoplugins/test-plugin-carcpr18 HTTP/1.1 and responded: HTTP/1.1 404 Client Error
Mar 30, 2021 2:41:44 PM org.entando.kubernetes.client.KubernetesRestInterceptor invoke
SEVERE: Failure e**cuting method load in class org.entando.kubernetes.controller.support.client.EntandoResourceClient
java.lang.IllegalStateException: Could not find the EntandoPlugin 'test-plugin-carcpr18' in the namespace entando-k8s-composite-app-controller-carcpr18
	at org.entando.kubernetes.client.DefaultEntandoResourceClient.lambda$notFound$5(DefaultEntandoResourceClient.java:199)
	at org.entando.kubernetes.client.DefaultEntandoResourceClient.lambda$load$6(DefaultEntandoResourceClient.java:205)
	at java.base/java.util.Optional.orElseThrow(Optional.java:408)
	at org.entando.kubernetes.client.DefaultEntandoResourceClient.load(DefaultEntandoResourceClient.java:205)
	at java.base/jdk.internal.reflect.NativeMethodAccessorImpl.invoke0(Native Method)
	at java.base/jdk.internal.reflect.NativeMethodAccessorImpl.invoke(NativeMethodAccessorImpl.java:62)
	at java.base/jdk.internal.reflect.DelegatingMethodAccessorImpl.invoke(DelegatingMethodAccessorImpl.java:43)
	at java.base/java.lang.reflect.Method.invoke(Method.java:566)
	at org.entando.kubernetes.client.KubernetesRestInterceptor.invoke(KubernetesRestInterceptor.java:49)
	at com.sun.proxy.$Proxy31.load(Unknown Source)
	at org.entando.kubernetes.compositeapp.controller.EntandoCompositeAppController.prepareReference(EntandoCompositeAppController.java:146)
	at org.entando.kubernetes.compositeapp.controller.EntandoCompositeAppController.synchronizeDeploymentState(EntandoCompositeAppController.java:88)
	at org.entando.kubernetes.compositeapp.controller.EntandoCompositeAppController.synchronizeDeploymentState(EntandoCompositeAppController.java:56)
	at org.entando.kubernetes.controller.support.controller.AbstractDbAwareController.performSync(AbstractDbAwareController.java:158)
	at org.entando.kubernetes.controller.support.controller.AbstractDbAwareController.processCommand(AbstractDbAwareController.java:130)
	at org.entando.kubernetes.compositeapp.controller.EntandoCompositeAppController.onStartup(EntandoCompositeAppController.java:80)
	at org.entando.kubernetes.compositeapp.controller.inprocesstests.CompositeAppControllerMockedTest.startController(CompositeAppControllerMockedTest.java:179)
	at org.entando.kubernetes.compositeapp.controller.inprocesstests.CompositeAppControllerMockedTest.performCreate(CompositeAppControllerMockedTest.java:103)
	at org.entando.kubernetes.compositeapp.controller.inprocesstests.CompositeAppControllerMockedTest.shouldRemoveSuccessfullyCompletedPods(CompositeAppControllerMockedTest.java:169)
	at java.base/jdk.internal.reflect.NativeMethodAccessorImpl.invoke0(Native Method)
	at java.base/jdk.internal.reflect.NativeMethodAccessorImpl.invoke(NativeMethodAccessorImpl.java:62)
	at java.base/jdk.internal.reflect.DelegatingMethodAccessorImpl.invoke(DelegatingMethodAccessorImpl.java:43)
	at java.base/java.lang.reflect.Method.invoke(Method.java:566)
	at org.junit.platform.commons.util.ReflectionUtils.invokeMethod(ReflectionUtils.java:688)
	at org.junit.jupiter.engine.e**cution.MethodInvocation.proceed(MethodInvocation.java:60)
	at org.junit.jupiter.engine.e**cution.InvocationInterceptorChain$ValidatingInvocation.proceed(InvocationInterceptorChain.java:131)
	at org.junit.jupiter.engine.extension.TimeoutExtension.intercept(TimeoutExtension.java:149)
	at org.junit.jupiter.engine.extension.TimeoutExtension.interceptTestableMethod(TimeoutExtension.java:140)
	at org.junit.jupiter.engine.extension.TimeoutExtension.interceptTestMethod(TimeoutExtension.java:84)
	at org.junit.jupiter.engine.e**cution.E**cutableInvoker$ReflectiveInterceptorCall.lambda$ofVoidMethod$0(E**cutableInvoker.java:115)
	at org.junit.jupiter.engine.e**cution.E**cutableInvoker.lambda$invoke$0(E**cutableInvoker.java:105)
	at org.junit.jupiter.engine.e**cution.InvocationInterceptorChain$InterceptedInvocation.proceed(InvocationInterceptorChain.java:106)
	at org.junit.jupiter.engine.e**cution.InvocationInterceptorChain.proceed(InvocationInterceptorChain.java:64)
	at org.junit.jupiter.engine.e**cution.InvocationInterceptorChain.chainAndInvoke(InvocationInterceptorChain.java:45)
	at org.junit.jupiter.engine.e**cution.InvocationInterceptorChain.invoke(InvocationInterceptorChain.java:37)
	at org.junit.jupiter.engine.e**cution.E**cutableInvoker.invoke(E**cutableInvoker.java:104)
	at org.junit.jupiter.engine.e**cution.E**cutableInvoker.invoke(E**cutableInvoker.java:98)
	at org.junit.jupiter.engine.descriptor.TestMethodTestDescriptor.lambda$invokeTestMethod$6(TestMethodTestDescriptor.java:210)
	at org.junit.platform.engine.support.hierarchical.ThrowableCollector.e**cute(ThrowableCollector.java:73)
	at org.junit.jupiter.engine.descriptor.TestMethodTestDescriptor.invokeTestMethod(TestMethodTestDescriptor.java:206)
	at org.junit.jupiter.engine.descriptor.TestMethodTestDescriptor.e**cute(TestMethodTestDescriptor.java:131)
	at org.junit.jupiter.engine.descriptor.TestMethodTestDescriptor.e**cute(TestMethodTestDescriptor.java:65)
	at org.junit.platform.engine.support.hierarchical.NodeTestTask.lambda$e**cuteRecursively$5(NodeTestTask.java:139)
	at org.junit.platform.engine.support.hierarchical.ThrowableCollector.e**cute(ThrowableCollector.java:73)
	at org.junit.platform.engine.support.hierarchical.NodeTestTask.lambda$e**cuteRecursively$7(NodeTestTask.java:129)
	at org.junit.platform.engine.support.hierarchical.Node.around(Node.java:137)
	at org.junit.platform.engine.support.hierarchical.NodeTestTask.lambda$e**cuteRecursively$8(NodeTestTask.java:127)
	at org.junit.platform.engine.support.hierarchical.ThrowableCollector.e**cute(ThrowableCollector.java:73)
	at org.junit.platform.engine.support.hierarchical.NodeTestTask.e**cuteRecursively(NodeTestTask.java:126)
	at org.junit.platform.engine.support.hierarchical.NodeTestTask.e**cute(NodeTestTask.java:84)
	at java.base/java.util.ArrayList.forEach(ArrayList.java:1540)
	at org.junit.platform.engine.support.hierarchical.SameThreadHierarchicalTestE**cutorService.invokeAll(SameThreadHierarchicalTestE**cutorService.java:38)
	at org.junit.platform.engine.support.hierarchical.NodeTestTask.lambda$e**cuteRecursively$5(NodeTestTask.java:143)
	at org.junit.platform.engine.support.hierarchical.ThrowableCollector.e**cute(ThrowableCollector.java:73)
	at org.junit.platform.engine.support.hierarchical.NodeTestTask.lambda$e**cuteRecursively$7(NodeTestTask.java:129)
	at org.junit.platform.engine.support.hierarchical.Node.around(Node.java:137)
	at org.junit.platform.engine.support.hierarchical.NodeTestTask.lambda$e**cuteRecursively$8(NodeTestTask.java:127)
	at org.junit.platform.engine.support.hierarchical.ThrowableCollector.e**cute(ThrowableCollector.java:73)
	at org.junit.platform.engine.support.hierarchical.NodeTestTask.e**cuteRecursively(NodeTestTask.java:126)
	at org.junit.platform.engine.support.hierarchical.NodeTestTask.e**cute(NodeTestTask.java:84)
	at java.base/java.util.ArrayList.forEach(ArrayList.java:1540)
	at org.junit.platform.engine.support.hierarchical.SameThreadHierarchicalTestE**cutorService.invokeAll(SameThreadHierarchicalTestE**cutorService.java:38)
	at org.junit.platform.engine.support.hierarchical.NodeTestTask.lambda$e**cuteRecursively$5(NodeTestTask.java:143)
	at org.junit.platform.engine.support.hierarchical.ThrowableCollector.e**cute(ThrowableCollector.java:73)
	at org.junit.platform.engine.support.hierarchical.NodeTestTask.lambda$e**cuteRecursively$7(NodeTestTask.java:129)
	at org.junit.platform.engine.support.hierarchical.Node.around(Node.java:137)
	at org.junit.platform.engine.support.hierarchical.NodeTestTask.lambda$e**cuteRecursively$8(NodeTestTask.java:127)
	at org.junit.platform.engine.support.hierarchical.ThrowableCollector.e**cute(ThrowableCollector.java:73)
	at org.junit.platform.engine.support.hierarchical.NodeTestTask.e**cuteRecursively(NodeTestTask.java:126)
	at org.junit.platform.engine.support.hierarchical.NodeTestTask.e**cute(NodeTestTask.java:84)
	at org.junit.platform.engine.support.hierarchical.SameThreadHierarchicalTestE**cutorService.submit(SameThreadHierarchicalTestE**cutorService.java:32)
	at org.junit.platform.engine.support.hierarchical.HierarchicalTestE**cutor.e**cute(HierarchicalTestE**cutor.java:57)
	at org.junit.platform.engine.support.hierarchical.HierarchicalTestEngine.e**cute(HierarchicalTestEngine.java:51)
	at org.junit.platform.launcher.core.EngineE**cutionOrchestrator.e**cute(EngineE**cutionOrchestrator.java:108)
	at org.junit.platform.launcher.core.EngineE**cutionOrchestrator.e**cute(EngineE**cutionOrchestrator.java:88)
	at org.junit.platform.launcher.core.EngineE**cutionOrchestrator.lambda$e**cute$0(EngineE**cutionOrchestrator.java:54)
	at org.junit.platform.launcher.core.EngineE**cutionOrchestrator.withInterceptedStreams(EngineE**cutionOrchestrator.java:67)
	at org.junit.platform.launcher.core.EngineE**cutionOrchestrator.e**cute(EngineE**cutionOrchestrator.java:52)
	at org.junit.platform.launcher.core.DefaultLauncher.e**cute(DefaultLauncher.java:96)
	at org.junit.platform.launcher.core.DefaultLauncher.e**cute(DefaultLauncher.java:75)
	at org.apache.maven.surefire.junitplatform.JUnitPlatformProvider.invokeAllTests(JUnitPlatformProvider.java:142)
	at org.apache.maven.surefire.junitplatform.JUnitPlatformProvider.invoke(JUnitPlatformProvider.java:117)
	at org.apache.maven.surefire.booter.ForkedBooter.invokeProviderInSameClassLoader(ForkedBooter.java:384)
	at org.apache.maven.surefire.booter.ForkedBooter.runSuitesInProcess(ForkedBooter.java:345)
	at org.apache.maven.surefire.booter.ForkedBooter.e**cute(ForkedBooter.java:126)
	at org.apache.maven.surefire.booter.ForkedBooter.main(ForkedBooter.java:418)

Mar 30, 2021 2:41:44 PM org.entando.kubernetes.client.KubernetesRestInterceptor invoke
INFO: Exiting method load in class org.entando.kubernetes.controller.support.client.EntandoResourceClient
Mar 30, 2021 2:41:44 PM org.entando.kubernetes.controller.support.controller.AbstractDbAwareController performSync
SEVERE: Unexpected exception occurred while adding EntandoCompositeApp entando-k8s-composite-app-controller-carcpr18/my-app-carcpr18
java.lang.IllegalStateException: Could not find the EntandoPlugin 'test-plugin-carcpr18' in the namespace entando-k8s-composite-app-controller-carcpr18
	at org.entando.kubernetes.client.DefaultEntandoResourceClient.lambda$notFound$5(DefaultEntandoResourceClient.java:199)
	at org.entando.kubernetes.client.DefaultEntandoResourceClient.lambda$load$6(DefaultEntandoResourceClient.java:205)
	at java.base/java.util.Optional.orElseThrow(Optional.java:408)
	at org.entando.kubernetes.client.DefaultEntandoResourceClient.load(DefaultEntandoResourceClient.java:205)
	at java.base/jdk.internal.reflect.NativeMethodAccessorImpl.invoke0(Native Method)
	at java.base/jdk.internal.reflect.NativeMethodAccessorImpl.invoke(NativeMethodAccessorImpl.java:62)
	at java.base/jdk.internal.reflect.DelegatingMethodAccessorImpl.invoke(DelegatingMethodAccessorImpl.java:43)
	at java.base/java.lang.reflect.Method.invoke(Method.java:566)
	at org.entando.kubernetes.client.KubernetesRestInterceptor.invoke(KubernetesRestInterceptor.java:49)
	at com.sun.proxy.$Proxy31.load(Unknown Source)
	at org.entando.kubernetes.compositeapp.controller.EntandoCompositeAppController.prepareReference(EntandoCompositeAppController.java:146)
	at org.entando.kubernetes.compositeapp.controller.EntandoCompositeAppController.synchronizeDeploymentState(EntandoCompositeAppController.java:88)
	at org.entando.kubernetes.compositeapp.controller.EntandoCompositeAppController.synchronizeDeploymentState(EntandoCompositeAppController.java:56)
	at org.entando.kubernetes.controller.support.controller.AbstractDbAwareController.performSync(AbstractDbAwareController.java:158)
	at org.entando.kubernetes.controller.support.controller.AbstractDbAwareController.processCommand(AbstractDbAwareController.java:130)
	at org.entando.kubernetes.compositeapp.controller.EntandoCompositeAppController.onStartup(EntandoCompositeAppController.java:80)
	at org.entando.kubernetes.compositeapp.controller.inprocesstests.CompositeAppControllerMockedTest.startController(CompositeAppControllerMockedTest.java:179)
	at org.entando.kubernetes.compositeapp.controller.inprocesstests.CompositeAppControllerMockedTest.performCreate(CompositeAppControllerMockedTest.java:103)
	at org.entando.kubernetes.compositeapp.controller.inprocesstests.CompositeAppControllerMockedTest.shouldRemoveSuccessfullyCompletedPods(CompositeAppControllerMockedTest.java:169)
	at java.base/jdk.internal.reflect.NativeMethodAccessorImpl.invoke0(Native Method)
	at java.base/jdk.internal.reflect.NativeMethodAccessorImpl.invoke(NativeMethodAccessorImpl.java:62)
	at java.base/jdk.internal.reflect.DelegatingMethodAccessorImpl.invoke(DelegatingMethodAccessorImpl.java:43)
	at java.base/java.lang.reflect.Method.invoke(Method.java:566)
	at org.junit.platform.commons.util.ReflectionUtils.invokeMethod(ReflectionUtils.java:688)
	at org.junit.jupiter.engine.e**cution.MethodInvocation.proceed(MethodInvocation.java:60)
	at org.junit.jupiter.engine.e**cution.InvocationInterceptorChain$ValidatingInvocation.proceed(InvocationInterceptorChain.java:131)
	at org.junit.jupiter.engine.extension.TimeoutExtension.intercept(TimeoutExtension.java:149)
	at org.junit.jupiter.engine.extension.TimeoutExtension.interceptTestableMethod(TimeoutExtension.java:140)
	at org.junit.jupiter.engine.extension.TimeoutExtension.interceptTestMethod(TimeoutExtension.java:84)
	at org.junit.jupiter.engine.e**cution.E**cutableInvoker$ReflectiveInterceptorCall.lambda$ofVoidMethod$0(E**cutableInvoker.java:115)
	at org.junit.jupiter.engine.e**cution.E**cutableInvoker.lambda$invoke$0(E**cutableInvoker.java:105)
	at org.junit.jupiter.engine.e**cution.InvocationInterceptorChain$InterceptedInvocation.proceed(InvocationInterceptorChain.java:106)
	at org.junit.jupiter.engine.e**cution.InvocationInterceptorChain.proceed(InvocationInterceptorChain.java:64)
	at org.junit.jupiter.engine.e**cution.InvocationInterceptorChain.chainAndInvoke(InvocationInterceptorChain.java:45)
	at org.junit.jupiter.engine.e**cution.InvocationInterceptorChain.invoke(InvocationInterceptorChain.java:37)
	at org.junit.jupiter.engine.e**cution.E**cutableInvoker.invoke(E**cutableInvoker.java:104)
	at org.junit.jupiter.engine.e**cution.E**cutableInvoker.invoke(E**cutableInvoker.java:98)
	at org.junit.jupiter.engine.descriptor.TestMethodTestDescriptor.lambda$invokeTestMethod$6(TestMethodTestDescriptor.java:210)
	at org.junit.platform.engine.support.hierarchical.ThrowableCollector.e**cute(ThrowableCollector.java:73)
	at org.junit.jupiter.engine.descriptor.TestMethodTestDescriptor.invokeTestMethod(TestMethodTestDescriptor.java:206)
	at org.junit.jupiter.engine.descriptor.TestMethodTestDescriptor.e**cute(TestMethodTestDescriptor.java:131)
	at org.junit.jupiter.engine.descriptor.TestMethodTestDescriptor.e**cute(TestMethodTestDescriptor.java:65)
	at org.junit.platform.engine.support.hierarchical.NodeTestTask.lambda$e**cuteRecursively$5(NodeTestTask.java:139)
	at org.junit.platform.engine.support.hierarchical.ThrowableCollector.e**cute(ThrowableCollector.java:73)
	at org.junit.platform.engine.support.hierarchical.NodeTestTask.lambda$e**cuteRecursively$7(NodeTestTask.java:129)
	at org.junit.platform.engine.support.hierarchical.Node.around(Node.java:137)
	at org.junit.platform.engine.support.hierarchical.NodeTestTask.lambda$e**cuteRecursively$8(NodeTestTask.java:127)
	at org.junit.platform.engine.support.hierarchical.ThrowableCollector.e**cute(ThrowableCollector.java:73)
	at org.junit.platform.engine.support.hierarchical.NodeTestTask.e**cuteRecursively(NodeTestTask.java:126)
	at org.junit.platform.engine.support.hierarchical.NodeTestTask.e**cute(NodeTestTask.java:84)
	at java.base/java.util.ArrayList.forEach(ArrayList.java:1540)
	at org.junit.platform.engine.support.hierarchical.SameThreadHierarchicalTestE**cutorService.invokeAll(SameThreadHierarchicalTestE**cutorService.java:38)
	at org.junit.platform.engine.support.hierarchical.NodeTestTask.lambda$e**cuteRecursively$5(NodeTestTask.java:143)
	at org.junit.platform.engine.support.hierarchical.ThrowableCollector.e**cute(ThrowableCollector.java:73)
	at org.junit.platform.engine.support.hierarchical.NodeTestTask.lambda$e**cuteRecursively$7(NodeTestTask.java:129)
	at org.junit.platform.engine.support.hierarchical.Node.around(Node.java:137)
	at org.junit.platform.engine.support.hierarchical.NodeTestTask.lambda$e**cuteRecursively$8(NodeTestTask.java:127)
	at org.junit.platform.engine.support.hierarchical.ThrowableCollector.e**cute(ThrowableCollector.java:73)
	at org.junit.platform.engine.support.hierarchical.NodeTestTask.e**cuteRecursively(NodeTestTask.java:126)
	at org.junit.platform.engine.support.hierarchical.NodeTestTask.e**cute(NodeTestTask.java:84)
	at java.base/java.util.ArrayList.forEach(ArrayList.java:1540)
	at org.junit.platform.engine.support.hierarchical.SameThreadHierarchicalTestE**cutorService.invokeAll(SameThreadHierarchicalTestE**cutorService.java:38)
	at org.junit.platform.engine.support.hierarchical.NodeTestTask.lambda$e**cuteRecursively$5(NodeTestTask.java:143)
	at org.junit.platform.engine.support.hierarchical.ThrowableCollector.e**cute(ThrowableCollector.java:73)
	at org.junit.platform.engine.support.hierarchical.NodeTestTask.lambda$e**cuteRecursively$7(NodeTestTask.java:129)
	at org.junit.platform.engine.support.hierarchical.Node.around(Node.java:137)
	at org.junit.platform.engine.support.hierarchical.NodeTestTask.lambda$e**cuteRecursively$8(NodeTestTask.java:127)
	at org.junit.platform.engine.support.hierarchical.ThrowableCollector.e**cute(ThrowableCollector.java:73)
	at org.junit.platform.engine.support.hierarchical.NodeTestTask.e**cuteRecursively(NodeTestTask.java:126)
	at org.junit.platform.engine.support.hierarchical.NodeTestTask.e**cute(NodeTestTask.java:84)
	at org.junit.platform.engine.support.hierarchical.SameThreadHierarchicalTestE**cutorService.submit(SameThreadHierarchicalTestE**cutorService.java:32)
	at org.junit.platform.engine.support.hierarchical.HierarchicalTestE**cutor.e**cute(HierarchicalTestE**cutor.java:57)
	at org.junit.platform.engine.support.hierarchical.HierarchicalTestEngine.e**cute(HierarchicalTestEngine.java:51)
	at org.junit.platform.launcher.core.EngineE**cutionOrchestrator.e**cute(EngineE**cutionOrchestrator.java:108)
	at org.junit.platform.launcher.core.EngineE**cutionOrchestrator.e**cute(EngineE**cutionOrchestrator.java:88)
	at org.junit.platform.launcher.core.EngineE**cutionOrchestrator.lambda$e**cute$0(EngineE**cutionOrchestrator.java:54)
	at org.junit.platform.launcher.core.EngineE**cutionOrchestrator.withInterceptedStreams(EngineE**cutionOrchestrator.java:67)
	at org.junit.platform.launcher.core.EngineE**cutionOrchestrator.e**cute(EngineE**cutionOrchestrator.java:52)
	at org.junit.platform.launcher.core.DefaultLauncher.e**cute(DefaultLauncher.java:96)
	at org.junit.platform.launcher.core.DefaultLauncher.e**cute(DefaultLauncher.java:75)
	at org.apache.maven.surefire.junitplatform.JUnitPlatformProvider.invokeAllTests(JUnitPlatformProvider.java:142)
	at org.apache.maven.surefire.junitplatform.JUnitPlatformProvider.invoke(JUnitPlatformProvider.java:117)
	at org.apache.maven.surefire.booter.ForkedBooter.invokeProviderInSameClassLoader(ForkedBooter.java:384)
	at org.apache.maven.surefire.booter.ForkedBooter.runSuitesInProcess(ForkedBooter.java:345)
	at org.apache.maven.surefire.booter.ForkedBooter.e**cute(ForkedBooter.java:126)
	at org.apache.maven.surefire.booter.ForkedBooter.main(ForkedBooter.java:418)

Mar 30, 2021 2:41:44 PM org.entando.kubernetes.client.KubernetesRestInterceptor invoke
INFO: Entering method deploymentFailed in class org.entando.kubernetes.controller.support.client.EntandoResourceClient with EntandoCompositeApp: entando-k8s-composite-app-controller-carcpr18/my-app-carcpr18
Mar 30, 2021 2:41:44 PM okhttp3.mockwebserver.MockWebServer$3 processOneRequest
INFO: MockWebServer[33251] received request: POST /api/v1/namespaces/entando-k8s-composite-app-controller-carcpr18/events HTTP/1.1 and responded: HTTP/1.1 202 OK
Mar 30, 2021 2:41:44 PM okhttp3.mockwebserver.MockWebServer$3 processOneRequest
INFO: MockWebServer[33251] received request: GET /apis/entando.org/v1/namespaces/entando-k8s-composite-app-controller-carcpr18/entandocompositeapps/my-app-carcpr18 HTTP/1.1 and responded: HTTP/1.1 200 OK
Mar 30, 2021 2:41:44 PM okhttp3.mockwebserver.MockWebServer$3 processOneRequest
INFO: MockWebServer[33251] received request: PUT /apis/entando.org/v1/namespaces/entando-k8s-composite-app-controller-carcpr18/entandocompositeapps/my-app-carcpr18/status HTTP/1.1 and responded: HTTP/1.1 202 OK
Mar 30, 2021 2:41:44 PM org.entando.kubernetes.client.KubernetesRestInterceptor invoke
INFO: Exiting method deploymentFailed in class org.entando.kubernetes.controller.support.client.EntandoResourceClient
Mar 30, 2021 2:41:44 PM okhttp3.mockwebserver.MockWebServer$3 processOneRequest
INFO: MockWebServer[33251] received request: GET /api/v1/namespaces/entando-k8s-composite-app-controller-carcpr18/pods?labelSelector=EntandoResourceKind%3DEntandoKeycloakServer%2CEntandoKeycloakServer%3Dtest-keycloak-carcpr18 HTTP/1.1 and responded: HTTP/1.1 200 OK
Mar 30, 2021 2:41:44 PM org.entando.kubernetes.client.KubernetesRestInterceptor invoke
INFO: Entering method getPodWatcherQueue in class org.entando.kubernetes.controller.support.client.PodWaitingClient
Mar 30, 2021 2:41:44 PM org.entando.kubernetes.client.KubernetesRestInterceptor invoke
INFO: Exiting method getPodWatcherQueue in class org.entando.kubernetes.controller.support.client.PodWaitingClient
Mar 30, 2021 2:41:44 PM okhttp3.mockwebserver.MockWebServer$2 acceptConnections
INFO: MockWebServer[33251] done accepting connections: Socket closed
[INFO] Tests run: 4, Failures: 0, Errors: 0, Skipped: 0, Time elapsed: 42.909 s - in org.entando.kubernetes.compositeapp.controller.inprocesstests.CompositeAppControllerMockedTest
[INFO] 
[INFO] Results:
[INFO] 
[INFO] Tests run: 4, Failures: 0, Errors: 0, Skipped: 0
[INFO] 
[INFO] 
[INFO] --- maven-jar-plugin:3.2.0:jar (default-jar) @ entando-k8s-composite-app-controller ---
[INFO] Building jar: /workspace/source/target/entando-k8s-composite-app-controller-0.0.0-SNAPSHOT-PR-18-2.jar
[INFO] 
[INFO] --- maven-jar-plugin:3.2.0:test-jar (build-test-jar) @ entando-k8s-composite-app-controller ---
[INFO] Building jar: /workspace/source/target/entando-k8s-composite-app-controller-0.0.0-SNAPSHOT-PR-18-2-tests.jar
[INFO] 
[INFO] --- maven-javadoc-plugin:3.2.0:jar (attach-javadocs) @ entando-k8s-composite-app-controller ---
[INFO] No previous run data found, generating javadoc.
[INFO] Building jar: /workspace/source/target/entando-k8s-composite-app-controller-0.0.0-SNAPSHOT-PR-18-2-javadoc.jar
[INFO] 
[INFO] --- license-maven-plugin:2.0.0:aggregate-download-licenses (download-licenses) @ entando-k8s-composite-app-controller ---
[INFO] skip flag is on, will skip goal.
[INFO] 
[INFO] --- quarkus-maven-plugin:1.2.0.Final:build (default) @ entando-k8s-composite-app-controller ---
[WARNING] [io.quarkus.creator.curator.Curator] These dependencies are not recommended:
	- javax.servlet:javax.servlet-api should be replaced by jakarta.servlet:jakarta.servlet-api
You might end up with two different versions of the same classes or with an artifact you shouldn't have in your classpath.
[INFO] [org.jboss.threads] JBoss Threads version 3.0.0.Final
[WARNING] [io.quarkus.deployment.steps.ReflectiveHierarchyStep] Unable to properly register the hierarchy of the following classes for reflection as they are not in the Jandex index:
	- org.entando.kubernetes.model.EntandoCustomResourceStatus
Consider adding them to the index either by creating a Jandex index for your dependency via the Maven plugin, an empty META-INF/beans.xml or quarkus.index-dependency properties.");.
[INFO] [io.quarkus.deployment.pkg.steps.JarResultBuildStep] Building thin jar: /workspace/source/target/entando-k8s-composite-app-controller-0.0.0-SNAPSHOT-PR-18-2-runner.jar
[INFO] [io.quarkus.deployment.QuarkusAugmentor] Quarkus augmentation completed in 1401ms
[INFO] 
[INFO] --- maven-surefire-report-plugin:3.0.0-M4:failsafe-report-only (integration-tests) @ entando-k8s-composite-app-controller ---
[INFO] 
[INFO] --- dependency-check-maven:6.0.3:aggregate (default) @ entando-k8s-composite-app-controller ---
[INFO] Checking for updates
[INFO] Skipping NVD check since last check was within 4 hours.
[INFO] Check for updates complete (78 ms)
[INFO] 

Dependency-Check is an open source tool performing a best effort analysis of 3rd party dependencies; false positives and false negatives may exist in the analysis performed by the tool. Use of the tool and the reporting provided constitutes acceptance for use in an AS IS condition, and there are NO warranties, implied or otherwise, with regard to the analysis or its use. Any use of the tool and the reporting provided is at the userâ€™s risk. In no event shall the copyright holder or OWASP be held liable for any damages whatsoever arising out of or in connection with the use of this tool, the analysis performed, or the resulting report.


[INFO] Analysis Started
[INFO] Finished Archive Analyzer (0 seconds)
[INFO] Finished File Name Analyzer (0 seconds)
[INFO] Finished Jar Analyzer (0 seconds)
[INFO] Finished Dependency Merging Analyzer (0 seconds)
[INFO] Finished Version Filter Analyzer (0 seconds)
[INFO] Finished Hint Analyzer (0 seconds)
[INFO] Created CPE Index (2 seconds)
[INFO] Finished CPE Analyzer (4 seconds)
[INFO] Finished False Positive Analyzer (0 seconds)
[INFO] Finished NVD CVE Analyzer (0 seconds)
[INFO] Finished Sonatype OSS Index Analyzer (1 seconds)
[INFO] Finished Vulnerability Suppression Analyzer (0 seconds)
[INFO] Finished Dependency Bundling Analyzer (0 seconds)
[INFO] Analysis Complete (8 seconds)
[INFO] 
[INFO] --- jacoco-maven-plugin:0.8.5:report (report) @ entando-k8s-composite-app-controller ---
[INFO] Loading e**cution data file /workspace/source/target/jacoco.e**c
[INFO] Analyzed bundle 'Entando K8S Composite App Controller' with 1 classes
[INFO] 
[INFO] --- maven-surefire-report-plugin:3.0.0-M4:report-only (unit-tests) @ entando-k8s-composite-app-controller ---
[WARNING] Unable to locate Test Source XRef to link to - DISABLED
[INFO] 
[INFO] --- maven-install-plugin:2.4:install (default-install) @ entando-k8s-composite-app-controller ---
[INFO] Installing /workspace/source/target/entando-k8s-composite-app-controller-0.0.0-SNAPSHOT-PR-18-2.jar to /home/jenkins/.mvnrepository/org/entando/entando-k8s-composite-app-controller/0.0.0-SNAPSHOT-PR-18-2/entando-k8s-composite-app-controller-0.0.0-SNAPSHOT-PR-18-2.jar
[INFO] Installing /workspace/source/pom.xml to /home/jenkins/.mvnrepository/org/entando/entando-k8s-composite-app-controller/0.0.0-SNAPSHOT-PR-18-2/entando-k8s-composite-app-controller-0.0.0-SNAPSHOT-PR-18-2.pom
[INFO] Installing /workspace/source/target/entando-k8s-composite-app-controller-0.0.0-SNAPSHOT-PR-18-2-tests.jar to /home/jenkins/.mvnrepository/org/entando/entando-k8s-composite-app-controller/0.0.0-SNAPSHOT-PR-18-2/entando-k8s-composite-app-controller-0.0.0-SNAPSHOT-PR-18-2-tests.jar
[INFO] Installing /workspace/source/target/entando-k8s-composite-app-controller-0.0.0-SNAPSHOT-PR-18-2-javadoc.jar to /home/jenkins/.mvnrepository/org/entando/entando-k8s-composite-app-controller/0.0.0-SNAPSHOT-PR-18-2/entando-k8s-composite-app-controller-0.0.0-SNAPSHOT-PR-18-2-javadoc.jar
[INFO] 
[INFO] --- maven-deploy-plugin:2.8.2:deploy (default-deploy) @ entando-k8s-composite-app-controller ---
[INFO] Using alternate deployment repository local-nexus::default::http://nexus/repository/maven-releases/
[INFO] 
[INFO] ----------< org.entando:entando-k8s-composite-app-controller >----------
[INFO] Building Entando K8S Composite App Controller 0.0.0-SNAPSHOT-PR-18-2
[INFO] --------------------------------[ jar ]---------------------------------
[INFO] 
[INFO] --- sonar-maven-plugin:3.8.0.2131:sonar (default-cli) @ entando-k8s-composite-app-controller ---
[INFO] User cache: /****/.sonar/cache
[INFO] SonarQube version: 8.5.0
[INFO] Default locale: "en_US", source code encoding: "UTF-8"
[INFO] Load global settings
[INFO] Load global settings (done) | time=226ms
[INFO] Server id: 1BD809FA-AWHW8ct9-T_TB3XqouNu
[INFO] User cache: /****/.sonar/cache
[INFO] Load/download plugins
[INFO] Load plugins index
[INFO] Load plugins index (done) | time=77ms
[INFO] Load/download plugins (done) | time=21046ms
[INFO] Loaded core extensions: developer-scanner
[INFO] JavaScript/TypeScript frontend is enabled
[INFO] Load project settings for component key: 'entando-k8s_entando-k8s-composite-app-controller'
[INFO] Load project settings for component key: 'entando-k8s_entando-k8s-composite-app-controller' (done) | time=39ms
[INFO] Process project properties
[INFO] E**cute project builders
[INFO] E**cute project builders (done) | time=1ms
[INFO] Project key: entando-k8s_entando-k8s-composite-app-controller
[INFO] Base dir: /workspace/source
[INFO] Working dir: /workspace/source/target/sonar
[INFO] Load project branches
[INFO] Load project branches (done) | time=30ms
[INFO] Check ALM binding of project 'entando-k8s_entando-k8s-composite-app-controller'
[INFO] Detected project binding: BOUND
[INFO] Check ALM binding of project 'entando-k8s_entando-k8s-composite-app-controller' (done) | time=24ms
[INFO] Load project pull requests
[INFO] Load project pull requests (done) | time=42ms
[INFO] Load branch configuration
[INFO] Load branch configuration (done) | time=519ms
[INFO] Load quality profiles
[INFO] Load quality profiles (done) | time=98ms
[INFO] Load active rules
[INFO] Load active rules (done) | time=1327ms
[INFO] Organization key: entando-k8s
[INFO] Pull request 18 for merge into master from ENG-2114_refined_pvc_logic
[INFO] SCM collecting changed files in the branch
[WARNING] Exception caught during e**cution of command '[/usr/local/git/bin/git, config, --******, --edit]' in '/usr/local/git/bin', return code '128', error message 'fatal: Invalid path '/usr/local/git/etc': No such file or directory
'
[INFO] SCM collecting changed files in the branch (done) | time=288ms
[INFO] Indexing files...
[INFO] Project configuration:
[INFO] 7 files inde**d
[INFO] 0 files ignored because of scm ignore settings
[INFO] Quality profile for java: Sonar way
[INFO] Quality profile for xml: Sonar way
[INFO] ------------- Run sensors on module Entando K8S Composite App Controller
[INFO] JavaScript/TypeScript frontend is enabled
[INFO] Load metrics repository
[INFO] Load metrics repository (done) | time=28ms
[INFO] Sensor JavaSquidSensor [java]
[INFO] Configured Java source version (sonar.java.source): 9
[INFO] JavaClasspath initialization
[INFO] JavaClasspath initialization (done) | time=21ms
[INFO] JavaTestClasspath initialization
[INFO] JavaTestClasspath initialization (done) | time=1ms
[INFO] Java Main Files AST scan
[INFO] 1 source file to be analyzed
[INFO] 1/1 source file has been analyzed
[INFO] Java Main Files AST scan (done) | time=3116ms
[INFO] Java Test Files AST scan
[INFO] 5 source files to be analyzed
[INFO] 5/5 source files have been analyzed
[INFO] Java Test Files AST scan (done) | time=778ms
[INFO] Java Generated Files AST scan
[INFO] 0 source files to be analyzed
[INFO] 0/0 source files have been analyzed
[INFO] Java Generated Files AST scan (done) | time=2ms
[INFO] Sensor JavaSquidSensor [java] (done) | time=4300ms
[INFO] Sensor SonarCSS Rules [cssfamily]
[INFO] No CSS, PHP, HTML or VueJS files are found in the project. CSS analysis is skipped.
[INFO] Sensor SonarCSS Rules [cssfamily] (done) | time=1ms
[INFO] Sensor C# Project Type Information [csharp]
[INFO] Sensor C# Project Type Information [csharp] (done) | time=1ms
[INFO] Sensor C# Properties [csharp]
[INFO] Sensor C# Properties [csharp] (done) | time=1ms
[INFO] Sensor Import of Checkstyle issues [java]
[INFO] Importing /workspace/source/target/checkstyle-result.xml
[INFO] Sensor Import of Checkstyle issues [java] (done) | time=86ms
[INFO] Sensor SurefireSensor [java]
[INFO] parsing [/workspace/source/target/surefire-reports]
[INFO] Sensor SurefireSensor [java] (done) | time=37ms
[INFO] Sensor JavaXmlSensor [java]
[INFO] 1 source file to be analyzed
[INFO] 1/1 source file has been analyzed
[INFO] Sensor JavaXmlSensor [java] (done) | time=226ms
[INFO] Sensor HTML [web]
[INFO] Sensor HTML [web] (done) | time=5ms
[INFO] Sensor XML Sensor [xml]
[INFO] 1 source file to be analyzed
[INFO] 1/1 source file has been analyzed
[INFO] Sensor XML Sensor [xml] (done) | time=215ms
[INFO] Sensor VB.NET Project Type Information [vbnet]
[INFO] Sensor VB.NET Project Type Information [vbnet] (done) | time=2ms
[INFO] Sensor VB.NET Properties [vbnet]
[INFO] Sensor VB.NET Properties [vbnet] (done) | time=2ms
[INFO] Sensor JaCoCo XML Report Importer [jacoco]
[INFO] Importing 1 report(s). Turn your logs in debug mode in order to see the exhaustive list.
[INFO] Sensor JaCoCo XML Report Importer [jacoco] (done) | time=31ms
[INFO] Sensor ThymeLeaf template sensor [securityjavafrontend]
[INFO] Sensor ThymeLeaf template sensor [securityjavafrontend] (done) | time=3ms
[INFO] Sensor JavaSecuritySensor [security]
[INFO] Reading type hierarchy from: /workspace/source/target/sonar/ucfg2/java
[INFO] Read 68 type definitions
[INFO] Reading UCFGs from: /workspace/source/target/sonar/ucfg2/java
[INFO] 14:42:44.268237 Building Runtime Type propagation graph
[INFO] 14:42:44.275753 Running Tarjan on 68 nodes
[INFO] 14:42:44.277267 Tarjan found 65 components
[INFO] 14:42:44.279407 Variable type analysis: done
[INFO] 14:42:44.279949 Building Runtime Type propagation graph
[INFO] 14:42:44.282448 Running Tarjan on 68 nodes
[INFO] 14:42:44.283032 Tarjan found 65 components
[INFO] 14:42:44.283544 Variable type analysis: done
[INFO] Analyzing 10 ucfgs to detect vulnerabilities.
[INFO] All rules entrypoints : 0 Retained UCFGs : 0
[INFO] rule: S5131, entrypoints: 0
[INFO] rule: S5131 done
[INFO] rule: S3649, entrypoints: 0
[INFO] rule: S3649 done
[INFO] rule: S2076, entrypoints: 0
[INFO] rule: S2076 done
[INFO] rule: S2091, entrypoints: 0
[INFO] rule: S2091 done
[INFO] rule: S2078, entrypoints: 0
[INFO] rule: S2078 done
[INFO] rule: S2631, entrypoints: 0
[INFO] rule: S2631 done
[INFO] rule: S5135, entrypoints: 0
[INFO] rule: S5135 done
[INFO] rule: S2083, entrypoints: 0
[INFO] rule: S2083 done
[INFO] rule: S5167, entrypoints: 0
[INFO] rule: S5167 done
[INFO] rule: S5144, entrypoints: 0
[INFO] rule: S5144 done
[INFO] rule: S5145, entrypoints: 0
[INFO] rule: S5145 done
[INFO] rule: S5146, entrypoints: 0
[INFO] rule: S5146 done
[INFO] rule: S5334, entrypoints: 0
[INFO] rule: S5334 done
[INFO] rule: S6096, entrypoints: 0
[INFO] rule: S6096 done
[INFO] Sensor JavaSecuritySensor [security] (done) | time=389ms
[INFO] Sensor CSharpSecuritySensor [security]
[INFO] Reading type hierarchy from: /workspace/source/target/ucfg_cs2
[INFO] Read 0 type definitions
[INFO] Reading UCFGs from: /workspace/source/target/ucfg_cs2
[INFO] No UCFGs have been included for analysis.
[INFO] Sensor CSharpSecuritySensor [security] (done) | time=1ms
[INFO] Sensor PhpSecuritySensor [security]
[INFO] Reading type hierarchy from: /workspace/source/target/sonar/ucfg2/php
[INFO] Read 0 type definitions
[INFO] Reading UCFGs from: /workspace/source/target/sonar/ucfg2/php
[INFO] No UCFGs have been included for analysis.
[INFO] Sensor PhpSecuritySensor [security] (done) | time=1ms
[INFO] Sensor PythonSecuritySensor [security]
[INFO] Reading type hierarchy from: /workspace/source/target/sonar/ucfg2/python
[INFO] Read 0 type definitions
[INFO] Reading UCFGs from: /workspace/source/target/sonar/ucfg2/python
[INFO] No UCFGs have been included for analysis.
[INFO] Sensor PythonSecuritySensor [security] (done) | time=1ms
[INFO] Sensor JsSecuritySensor [security]
[INFO] Reading type hierarchy from: /workspace/source/target/sonar/ucfg2/js
[INFO] Read 0 type definitions
[INFO] Reading UCFGs from: /workspace/source/target/sonar/ucfg2/js
[INFO] No UCFGs have been included for analysis.
[INFO] Sensor JsSecuritySensor [security] (done) | time=1ms
[INFO] ------------- Run sensors on project
[INFO] Sensor Zero Coverage Sensor
[INFO] Sensor Zero Coverage Sensor (done) | time=0ms
[INFO] Sensor Java CPD Block Inde**r
[INFO] Sensor Java CPD Block Inde**r (done) | time=34ms
[INFO] SCM Publisher SCM provider for this project is: git
[INFO] SCM Publisher 1 source file to be analyzed
[INFO] SCM Publisher 0/1 source files have been analyzed (done) | time=110ms
[WARNING] Missing blame information for the following files:
[WARNING]   * pom.xml
[WARNING] This may lead to missing/broken features in SonarCloud
[INFO] CPD E**cutor Calculating CPD for 1 file
[INFO] CPD E**cutor CPD calculation finished (done) | time=17ms
[INFO] SCM writing changed lines
[INFO] SCM writing changed lines (done) | time=35ms
[INFO] Analysis report generated in 177ms, dir size=195 KB
[INFO] Analysis report compressed in 14ms, zip size=42 KB
[INFO] Analysis report uploaded in 116ms
[INFO] ANALYSIS SUCCESSFUL, you can find the results at: https://sonarcloud.io/dashboard?id=entando-k8s_entando-k8s-composite-app-controller&pullRequest=18
[INFO] Note that you will be able to access the updated dashboard once the server has processed the submitted analysis report
[INFO] More about the report processing at https://sonarcloud.io/api/ce/task?id=AXiDlj5TuBow4rJi6UwY
[INFO] Analysis total time: 11.571 s
[INFO] ------------------------------------------------------------------------
[INFO] BUILD SUCCESS
[INFO] ------------------------------------------------------------------------
[INFO] Total time:  02:02 min
[INFO] Finished at: 2021-03-30T14:42:45Z
[INFO] ------------------------------------------------------------------------
Picked up _JAVA_OPTIONS: -XX:+UnlockExperimentalVMOptions -Dsun.zip.disableMemoryMapping=**** -XX:+UseParallelGC -XX:MinHeapFreeRatio=5 -XX:MaxHeapFreeRatio=10 -XX:GCTimeRatio=4 -XX:AdaptiveSizePolicyWeight=90 -Xms1000m -Xmx12000m
[INFO] Scanning for projects...
[INFO] 
[INFO] ----------< org.entando:entando-k8s-composite-app-controller >----------
[INFO] Building Entando K8S Composite App Controller 0.0.0-SNAPSHOT-PR-18-2
[INFO] --------------------------------[ jar ]---------------------------------
[INFO] 
[INFO] --- maven-site-plugin:3.9.0:site (default-site) @ entando-k8s-composite-app-controller ---
[INFO] configuring report plugin org.apache.maven.plugins:maven-project-info-reports-plugin:3.0.0
[INFO] 9 reports configured for maven-project-info-reports-plugin:3.0.0: dependency-info, distribution-management, index, ci-management, issue-management, licenses, plugins, scm, summary
[INFO] Rendering site with default locale English (en)
[WARNING] Unable to find a URL to the parent project. The parent menu will NOT be added.
[INFO] Relativizing decoration links with respect to localized project URL: https://central.entando.com
[INFO] Rendering content with org.apache.maven.skins:maven-default-skin:jar:1.3 skin.
[INFO] Generating "Dependency Information" report --- maven-project-info-reports-plugin:3.0.0:dependency-info
[INFO] Generating "About" report         --- maven-project-info-reports-plugin:3.0.0:index
[INFO] Generating "Issue Management" report --- maven-project-info-reports-plugin:3.0.0:issue-management
[INFO] Generating "Licenses" report      --- maven-project-info-reports-plugin:3.0.0:licenses
[INFO] Generating "Plugins" report       --- maven-project-info-reports-plugin:3.0.0:plugins
[INFO] Generating "Source Code Management" report --- maven-project-info-reports-plugin:3.0.0:scm
[INFO] Generating "Summary" report       --- maven-project-info-reports-plugin:3.0.0:summary
[INFO] ------------------------------------------------------------------------
[INFO] BUILD SUCCESS
[INFO] ------------------------------------------------------------------------
[INFO] Total time:  7.988 s
[INFO] Finished at: 2021-03-30T14:42:55Z
[INFO] ------------------------------------------------------------------------
error: etcdserver: request is too large
Congratulations! No build failures found for entando-k8s-composite-app-controller-PR-18.

Showing logs for build [32mentando-k8s-entando-k8s-composi-svgql-2[0m stage [32mfrom-build-pack[0m and container [32mstep-build-container-build[0m
Generating tags...
 - entando/entando-k8s-composite-app-controller -> docker.io/entando/entando-k8s-composite-app-controller:0.0.0-SNAPSHOT-PR-18-2
Checking cache...
 - entando/entando-k8s-composite-app-controller: Not found. Building
Building [entando/entando-k8s-composite-app-controller]...
Sending build context to Docker daemon  142.3kB
Step 1/7 : FROM entando/entando-k8s-operator-common:6.3.15
 ---> 2d22e4e814d7
Step 2/7 : ARG VERSION
 ---> Using cache
 ---> 4d40c8113589
Step 3/7 : LABEL name "Entando K8S Composite App Controller" vendor "Entando" version "v${VERSION}" release "6" summary "This container processes EntandoCompositeApp custom resources." description "This is a run-to-completion container. It will deploy all the components defined in the                    EntandoCompositeApp  to your cluster.                   Subsequent e**cutions of this container against the same EntandoCompositeApp will patch the existing                   deployment resources"
 ---> Running in d4f646fe120c
 ---> ec92abf23fef
Step 4/7 : ENV JAVA_OPTIONS "-Djava.util.logging.manager=org.jboss.logmanager.LogManager"
 ---> Running in 5f1389bbdf21
 ---> ce9733761048
Step 5/7 : ENV AB_ENABLED jmx_exporter
 ---> Running in 33ba84ea8df5
 ---> 0ef93600c0ec
Step 6/7 : COPY target/*-runner.jar /deployments/app.jar
 ---> 8aaa7abb7758
Step 7/7 : ENTRYPOINT /deployments/run-java.sh
 ---> Running in 240b8e4cfa7c
 ---> 83e5e2ddae67
Successfully built 83e5e2ddae67
The push refers to a repository [docker.io/entando/entando-k8s-composite-app-controller]
b4b69630040c: Preparing
3c2d05f1c00b: Preparing
937cf2f366fb: Preparing
92f92d0ca1c2: Preparing
f0a25ae36dcc: Preparing
04a05557bbad: Preparing
821b0c400fe6: Preparing
04a05557bbad: Waiting
821b0c400fe6: Waiting
f0a25ae36dcc: Layer already exists
04a05557bbad: Layer already exists
3c2d05f1c00b: Mounted from entando/entando-k8s-app-controller
821b0c400fe6: Layer already exists
92f92d0ca1c2: Mounted from entando/entando-k8s-app-controller
937cf2f366fb: Mounted from entando/entando-k8s-app-controller
b4b69630040c: Pushed
0.0.0-SNAPSHOT-PR-18-2: digest: sha256:773a5274c84e74b8ac2ad4ed4baad6eb8f9c2450dc2c293767ebab5557a8d4b6 size: 1791
There is a new version (1.21.0) of Skaffold available. Download it at https://storage.googleapis.com/skaffold/releases/latest/skaffold-linux-amd64


Showing logs for build [32mentando-k8s-entando-k8s-composi-svgql-2[0m stage [32mfrom-build-pack[0m and container [32mstep-postbuild-post-build[0m
no CVE provider running in the current ** namespace so skip adding image to be analysed

Showing logs for build [32mentando-k8s-entando-k8s-composi-svgql-2[0m stage [32mfrom-build-pack[0m and container [32mstep-promote-make-preview[0m
Creating /builder/home/.helm 
Creating /builder/home/.helm/repository 
Creating /builder/home/.helm/repository/cache 
Creating /builder/home/.helm/repository/local 
Creating /builder/home/.helm/plugins 
Creating /builder/home/.helm/starters 
Creating /builder/home/.helm/cache/archive 
Creating /builder/home/.helm/repository/repositories.yaml 
Adding stable repo with URL: https://charts.helm.sh/stable 
Adding local repo with URL: http://127.0.0.1:8879/charts 
$HELM_HOME has been configured at /builder/home/.helm.
Not installing Tiller due to 'client-only' flag having been set
sed -i -e "s/version:.*/version: 0.0.0-SNAPSHOT-PR-18-2/" Chart.yaml
sed -i -e "s/version:.*/version: 0.0.0-SNAPSHOT-PR-18-2/" ../*/Chart.yaml
sed -i -e "s|repository:.*|repository: docker.io\/entando\/entando-k8s-composite-app-controller|" values.yaml
sed -i -e "s/tag:.*/tag: 0.0.0-SNAPSHOT-PR-18-2/" values.yaml
sed -i -e "s/ENTANDO_DOCKER_REGISTRY_OVERRIDE:.*/ENTANDO_DOCKER_REGISTRY_OVERRIDE: docker.io/" values.yaml
echo "  version: 0.0.0-SNAPSHOT-PR-18-2" >> requirements.yaml
** step helm build
WARNING: No $CHART_REPOSITORY defined so using the default value of: http://jenkins-x-chartmuseum:8080
Adding missing Helm repo: storage.googleapis.com https://storage.googleapis.com/chartmuseum.jenkins-x.io
Successfully added Helm repository storage.googleapis.com.
Adding missing Helm repo: jenkins-x-chartmuseum http://jenkins-x-chartmuseum:8080
Successfully added Helm repository jenkins-x-chartmuseum.
WARNING: No $CHART_REPOSITORY defined so using the default value of: http://jenkins-x-chartmuseum:8080

Showing logs for build [32mentando-k8s-entando-k8s-composi-svgql-2[0m stage [32mfrom-build-pack[0m and container [32mstep-promote-jx-preview[0m
Creating a preview
Found commit author match for: ampie with email address: ampie.private@gmail.com
Created environment entando-k8s-composite-app-controller-carcpr18
Namespace entando-k8s-composite-app-controller-carcpr18 created 
expose:
  Annotations:
    helm.sh/hook: post-install,post-upgrade
    helm.sh/hook-delete-policy: hook-succeeded
  config:
    domain: *************
    exposer: Ingress
    http: "****"
preview:
  image:
    repository: docker.io/entando/entando-k8s-composite-app-controller
    tag: 0.0.0-SNAPSHOT-PR-18-2

WARNING: Could not find the service URL in namespace entando-k8s-composite-app-controller-carcpr18 for names : Timed out after 1m0s, last error: %!s(<nil>)
Updating PipelineActivities entando-k8s-entando-k8s-composite-app-controller-pr-18-2 which has status Running
WARNING: Failed to find the service entando-k8s-composite-app-controller : failed to find service entando-k8s-composite-app-controller in namespace entando-k8s-composite-app-controller-carcpr18: services "entando-k8s-composite-app-controller" not found

Showing logs for build [32mentando-k8s-entando-k8s-composi-svgql-2[0m stage [32mfrom-build-pack[0m and container [32mstep-promote-run-post-deployment-tests[0m
Picked up _JAVA_OPTIONS: -XX:+UnlockExperimentalVMOptions -Dsun.zip.disableMemoryMapping=**** -XX:+UseParallelGC -XX:MinHeapFreeRatio=5 -XX:MaxHeapFreeRatio=10 -XX:GCTimeRatio=4 -XX:AdaptiveSizePolicyWeight=90 -Xms1000m -Xmx12000m
[INFO] Scanning for projects...
[INFO] 
[INFO] ----------< org.entando:entando-k8s-composite-app-controller >----------
[INFO] Building Entando K8S Composite App Controller 0.0.0-SNAPSHOT-PR-18-2
[INFO] --------------------------------[ jar ]---------------------------------
[INFO] 
[INFO] --- maven-resources-plugin:2.6:resources (default-resources) @ entando-k8s-composite-app-controller ---
[INFO] Using 'UTF-8' encoding to copy filtered resources.
[INFO] Copying 3 resources
[INFO] 
[INFO] --- maven-compiler-plugin:3.8.1:compile (default-compile) @ entando-k8s-composite-app-controller ---
[INFO] Nothing to compile - all classes are up to date
[INFO] 
[INFO] --- maven-resources-plugin:2.6:testResources (default-testResources) @ entando-k8s-composite-app-controller ---
[INFO] Using 'UTF-8' encoding to copy filtered resources.
[INFO] Copying 6 resources
[INFO] 
[INFO] --- maven-compiler-plugin:3.8.1:testCompile (default-testCompile) @ entando-k8s-composite-app-controller ---
[INFO] Nothing to compile - all classes are up to date
[INFO] 
[INFO] --- maven-surefire-plugin:3.0.0-M1:test (default-test) @ entando-k8s-composite-app-controller ---
[INFO] Tests are skipped.
[INFO] 
[INFO] --- maven-jar-plugin:3.2.0:jar (default-jar) @ entando-k8s-composite-app-controller ---
[INFO] 
[INFO] --- maven-jar-plugin:3.2.0:test-jar (build-test-jar) @ entando-k8s-composite-app-controller ---
[INFO] 
[INFO] --- maven-failsafe-plugin:3.0.0-M4:integration-test (run-tests) @ entando-k8s-composite-app-controller ---
[INFO] 
[INFO] -------------------------------------------------------
[INFO]  T E S T S
[INFO] -------------------------------------------------------
[INFO] Running org.entando.kubernetes.compositeapp.controller.interprocesstests.CompositeAppControllerIntegratedTest
Mar 30, 2021 2:45:36 PM org.entando.kubernetes.client.KubernetesRestInterceptor invoke
INFO: Entering method loadDockerImageInfoConfigMap in class org.entando.kubernetes.controller.support.client.EntandoResourceClient
Mar 30, 2021 2:45:36 PM org.entando.kubernetes.client.KubernetesRestInterceptor invoke
INFO: Exiting method loadDockerImageInfoConfigMap in class org.entando.kubernetes.controller.support.client.EntandoResourceClient
!!!!!!!On EntandoCompositeApp add!!!!!!!!!
Mar 30, 2021 2:45:37 PM org.entando.kubernetes.client.KubernetesRestInterceptor invoke
INFO: Entering method removeAndWait in class org.entando.kubernetes.controller.support.client.PodClient with entando-k8s-composite-app-controller-carcpr18,{EntandoResourceNamespace=entando-k8s-composite-app-controller-carcpr18, EntandoResourceKind=EntandoCompositeApp, EntandoCompositeApp=my-app-carcpr18}
Mar 30, 2021 2:45:37 PM org.entando.kubernetes.client.KubernetesRestInterceptor invoke
INFO: Exiting method removeAndWait in class org.entando.kubernetes.controller.support.client.PodClient
Mar 30, 2021 2:45:37 PM org.entando.kubernetes.client.KubernetesRestInterceptor invoke
INFO: Entering method start in class org.entando.kubernetes.controller.support.client.PodClient with Pod: entando-k8s-composite-app-controller-carcpr18/my-app-carcpr18-deployer-9648
Mar 30, 2021 2:45:37 PM org.entando.kubernetes.client.KubernetesRestInterceptor invoke
INFO: Exiting method start in class org.entando.kubernetes.controller.support.client.PodClient
Mar 30, 2021 2:50:41 PM org.entando.kubernetes.client.integrationtesthelpers.DeletionWaiter lambda$deleteSingleItem$2
WARNING: Deleting pods  entando-k8s-composite-app-controller-carcpr18/my-app-carcpr18-deployer-9648
Mar 30, 2021 2:50:42 PM org.entando.kubernetes.client.integrationtesthelpers.DeletionWaiter lambda$deleteSingleItem$2
WARNING: Deleting deployments  entando-k8s-composite-app-controller-carcpr18/test-plugin-carcpr18-db-deployment to zero
Mar 30, 2021 2:50:42 PM org.entando.kubernetes.client.integrationtesthelpers.DeletionWaiter lambda$deleteSingleItem$2
WARNING: Deleting deployments  entando-k8s-composite-app-controller-carcpr18/test-plugin-carcpr18-db-deployment
Mar 30, 2021 2:50:42 PM org.entando.kubernetes.client.integrationtesthelpers.DeletionWaiter lambda$deleteSingleItem$2
WARNING: Deleting deployments  entando-k8s-composite-app-controller-carcpr18/test-plugin-carcpr18-server-deployment to zero
Mar 30, 2021 2:50:42 PM org.entando.kubernetes.client.integrationtesthelpers.DeletionWaiter lambda$deleteSingleItem$2
WARNING: Deleting deployments  entando-k8s-composite-app-controller-carcpr18/test-plugin-carcpr18-server-deployment
Mar 30, 2021 2:50:43 PM org.entando.kubernetes.client.integrationtesthelpers.DeletionWaiter lambda$deleteSingleItem$2
WARNING: Deleting pods  entando-k8s-composite-app-controller-carcpr18/test-plugin-carcpr18-db-deployment-55bdb78db7-v8hd6
Mar 30, 2021 2:50:43 PM org.entando.kubernetes.client.integrationtesthelpers.DeletionWaiter lambda$deleteSingleItem$2
WARNING: Deleting pods  entando-k8s-composite-app-controller-carcpr18/test-plugin-carcpr18-dbprep-bd91
Mar 30, 2021 2:50:43 PM org.entando.kubernetes.client.integrationtesthelpers.DeletionWaiter lambda$deleteSingleItem$2
WARNING: Deleting pods  entando-k8s-composite-app-controller-carcpr18/test-plugin-carcpr18-deployer-3325
Mar 30, 2021 2:50:43 PM org.entando.kubernetes.client.integrationtesthelpers.DeletionWaiter lambda$deleteSingleItem$2
WARNING: Deleting pods  entando-k8s-composite-app-controller-carcpr18/test-plugin-carcpr18-server-deployment-6759d7688d-5jktx
Mar 30, 2021 2:50:44 PM org.entando.kubernetes.client.integrationtesthelpers.DeletionWaiter lambda$deleteSingleItem$2
WARNING: Deleting pods  entando-k8s-composite-app-controller-carcpr18/test-keycloak-carcpr18-deployer-4947
Mar 30, 2021 2:50:44 PM org.entando.kubernetes.client.integrationtesthelpers.DeletionWaiter lambda$deleteSingleItem$2
WARNING: Deleting pods  entando-k8s-composite-app-controller-carcpr18/test-keycloak-carcpr18-server-deployment-7756d7965-zdzr8
Mar 30, 2021 2:50:44 PM org.entando.kubernetes.client.KubernetesRestInterceptor invoke
INFO: Entering method loadDockerImageInfoConfigMap in class org.entando.kubernetes.controller.support.client.EntandoResourceClient
Mar 30, 2021 2:50:44 PM org.entando.kubernetes.client.KubernetesRestInterceptor invoke
INFO: Exiting method loadDockerImageInfoConfigMap in class org.entando.kubernetes.controller.support.client.EntandoResourceClient
!!!!!!!On EntandoCompositeApp add!!!!!!!!!
Mar 30, 2021 2:50:44 PM org.entando.kubernetes.client.KubernetesRestInterceptor invoke
INFO: Entering method removeAndWait in class org.entando.kubernetes.controller.support.client.PodClient with entando-k8s-composite-app-controller-carcpr18,{EntandoResourceNamespace=entando-k8s-composite-app-controller-carcpr18, EntandoResourceKind=EntandoCompositeApp, EntandoCompositeApp=my-app-carcpr18}
Mar 30, 2021 2:50:44 PM org.entando.kubernetes.client.KubernetesRestInterceptor invoke
INFO: Exiting method removeAndWait in class org.entando.kubernetes.controller.support.client.PodClient
Mar 30, 2021 2:50:44 PM org.entando.kubernetes.client.KubernetesRestInterceptor invoke
INFO: Entering method start in class org.entando.kubernetes.controller.support.client.PodClient with Pod: entando-k8s-composite-app-controller-carcpr18/my-app-carcpr18-deployer-8722
Mar 30, 2021 2:50:44 PM org.entando.kubernetes.client.KubernetesRestInterceptor invoke
INFO: Exiting method start in class org.entando.kubernetes.controller.support.client.PodClient
[INFO] Tests run: 2, Failures: 0, Errors: 0, Skipped: 0, Time elapsed: 572.469 s - in org.entando.kubernetes.compositeapp.controller.interprocesstests.CompositeAppControllerIntegratedTest
[INFO] 
[INFO] Results:
[INFO] 
[INFO] Tests run: 2, Failures: 0, Errors: 0, Skipped: 0
[INFO] 
[INFO] 
[INFO] --- maven-surefire-report-plugin:3.0.0-M4:failsafe-report-only (integration-tests) @ entando-k8s-composite-app-controller ---
[WARNING] Unable to locate Test Source XRef to link to - DISABLED
[INFO] 
[INFO] --- maven-surefire-report-plugin:3.0.0-M4:report-only (unit-tests) @ entando-k8s-composite-app-controller ---
[WARNING] Unable to locate Test Source XRef to link to - DISABLED
[INFO] 
[INFO] --- maven-failsafe-plugin:3.0.0-M4:verify (run-tests) @ entando-k8s-composite-app-controller ---
[INFO] 
[INFO] --- maven-site-plugin:3.9.0:site (default-site) @ entando-k8s-composite-app-controller ---
[INFO] configuring report plugin org.apache.maven.plugins:maven-project-info-reports-plugin:3.0.0
[INFO] 9 reports configured for maven-project-info-reports-plugin:3.0.0: dependency-info, distribution-management, index, ci-management, issue-management, licenses, plugins, scm, summary
[INFO] Rendering site with default locale English (en)
[WARNING] Unable to find a URL to the parent project. The parent menu will NOT be added.
[INFO] Relativizing decoration links with respect to localized project URL: https://central.entando.com
[INFO] Rendering content with org.apache.maven.skins:maven-default-skin:jar:1.3 skin.
[INFO] Generating "Dependency Information" report --- maven-project-info-reports-plugin:3.0.0:dependency-info
[INFO] Generating "About" report         --- maven-project-info-reports-plugin:3.0.0:index
[INFO] Generating "Issue Management" report --- maven-project-info-reports-plugin:3.0.0:issue-management
[INFO] Generating "Licenses" report      --- maven-project-info-reports-plugin:3.0.0:licenses
[INFO] Generating "Plugins" report       --- maven-project-info-reports-plugin:3.0.0:plugins
[INFO] Generating "Source Code Management" report --- maven-project-info-reports-plugin:3.0.0:scm
[INFO] Generating "Summary" report       --- maven-project-info-reports-plugin:3.0.0:summary
[INFO] ------------------------------------------------------------------------
[INFO] BUILD SUCCESS
[INFO] ------------------------------------------------------------------------
[INFO] Total time:  09:42 min
[INFO] Finished at: 2021-03-30T14:55:10Z
[INFO] ------------------------------------------------------------------------
error: etcdserver: request is too large
