
Showing logs for build [32mentando-k8s-entando-component-m-rcmcb-6[0m stage [32mfrom-build-pack[0m and container [32mstep-credential-initializer-5nd7s[0m
{"level":"warn","ts":1616601931.31935,"logger":"fallback-logger","caller":"logging/config.go:69","msg":"Fetch GitHub commit ID from kodata failed: \"ref: refs/heads/0.8.0-**-support-backwards-incompats\" is not a valid GitHub commit ID"}
{"level":"info","ts":1616601931.332544,"logger":"fallback-logger","caller":"creds-init/main.go:40","msg":"Credentials initialized."}

Showing logs for build [32mentando-k8s-entando-component-m-rcmcb-6[0m stage [32mfrom-build-pack[0m and container [32mstep-working-dir-initializer-pnsvk[0m
{"level":"warn","ts":1616601933.7090743,"logger":"fallback-logger","caller":"logging/config.go:69","msg":"Fetch GitHub commit ID from kodata failed: open /var/run/ko/HEAD: no such file or directory"}
{"level":"info","ts":1616601933.7403607,"logger":"fallback-logger","caller":"bash/main.go:64","msg":"Successfully e**cuted command \"sh -c mkdir -p /workspace/source\"; output "}

Showing logs for build [32mentando-k8s-entando-component-m-rcmcb-6[0m stage [32mfrom-build-pack[0m and container [32mstep-place-tools[0m

Showing logs for build [32mentando-k8s-entando-component-m-rcmcb-6[0m stage [32mfrom-build-pack[0m and container [32mstep-git-source-entando-k8s-entando-component-m-5598p[0m
{"level":"warn","ts":1616601954.1151254,"logger":"fallback-logger","caller":"logging/config.go:69","msg":"Fetch GitHub commit ID from kodata failed: \"ref: refs/heads/0.8.0-**-support-backwards-incompats\" is not a valid GitHub commit ID"}
{"level":"info","ts":1616601956.1533551,"logger":"fallback-logger","caller":"git/git.go:103","msg":"Successfully cloned https://github.com/entando-k8s/entando-component-manager.git @ master in path /workspace/source"}

Showing logs for build [32mentando-k8s-entando-component-m-rcmcb-6[0m stage [32mfrom-build-pack[0m and container [32mstep-git-merge[0m
Using SHAs from PULL_REFS=master:08d71185b7707bcd8f46978cbe5ab74e2b7552be,111:d79168df754e070ea76bfed570def3dcc625294c
DEBUG: ran git fetch --unshallow origin d79168df754e070ea76bfed570def3dcc625294c: 08d71185b7707bcd8f46978cbe5ab74e2b7552be: in 
DEBUG: ran git checkout master in 
DEBUG: ran git reset --hard 08d71185b7707bcd8f46978cbe5ab74e2b7552be in 
DEBUG: ran clean --force -d . in 
DEBUG: ran git merge d79168df754e070ea76bfed570def3dcc625294c in 
Merged SHA d79168df754e070ea76bfed570def3dcc625294c with commit message 'ENG-2058 new install flow entirely on installplans endpoint (POST, PUT, GET)' into base branch master
Merged SHA a5197d2d3018b1e38867bfe95f6aa90b7912b1a0 with commit message '#ENG-2058 install with InstallPlan' into base branch master
Merged SHA 96e2431cb8162c53c6a436301b819705bd0d4ea0 with commit message '#ENG-2058 previous API deprecation and adaptation to the new flow' into base branch master

Showing logs for build [32mentando-k8s-entando-component-m-rcmcb-6[0m stage [32mfrom-build-pack[0m and container [32mstep-build-set-version[0m
Picked up _JAVA_OPTIONS: -XX:+UnlockExperimentalVMOptions -Dsun.zip.disableMemoryMapping=**** -XX:+UseParallelGC -XX:MinHeapFreeRatio=5 -XX:MaxHeapFreeRatio=10 -XX:GCTimeRatio=4 -XX:AdaptiveSizePolicyWeight=90 -Xms1000m -Xmx12000m
[INFO] Scanning for projects...
[INFO] 
[INFO] ---------------< org.entando:entando-component-manager >----------------
[INFO] Building Entando Component Manager 6.3.0-SNAPSHOT
[INFO] --------------------------------[ jar ]---------------------------------
[INFO] 
[INFO] --- versions-maven-plugin:2.8.1:set (default-cli) @ entando-component-manager ---
[INFO] Local aggregation ****: /workspace/source
[INFO] Processing change of org.entando:entando-component-manager:6.3.0-SNAPSHOT -> 0.0.0-SNAPSHOT-PR-111-6
[INFO] Processing org.entando:entando-component-manager
[INFO]     Updating project org.entando:entando-component-manager
[INFO]         from version 6.3.0-SNAPSHOT to 0.0.0-SNAPSHOT-PR-111-6
[INFO] 
[INFO] ------------------------------------------------------------------------
[INFO] BUILD SUCCESS
[INFO] ------------------------------------------------------------------------
[INFO] Total time:  11.833 s
[INFO] Finished at: 2021-03-24T16:06:14Z
[INFO] ------------------------------------------------------------------------

Showing logs for build [32mentando-k8s-entando-component-m-rcmcb-6[0m stage [32mfrom-build-pack[0m and container [32mstep-build-fix-git-for-sonar[0m
M	pom.xml
Switched to a new branch 'PR-111'
Deleted branch master (was d79168d).
From https://github.com/entando-k8s/entando-component-manager
 * [new branch]      master     -> master
 * [new tag]         list       -> list
 * [new tag]         v6.0.32    -> v6.0.32
 * [new tag]         v6.0.32.1  -> v6.0.32.1

Showing logs for build [32mentando-k8s-entando-component-m-rcmcb-6[0m stage [32mfrom-build-pack[0m and container [32mstep-build-mvn-verify-pr[0m
Picked up _JAVA_OPTIONS: -XX:+UnlockExperimentalVMOptions -Dsun.zip.disableMemoryMapping=**** -XX:+UseParallelGC -XX:MinHeapFreeRatio=5 -XX:MaxHeapFreeRatio=10 -XX:GCTimeRatio=4 -XX:AdaptiveSizePolicyWeight=90 -Xms1000m -Xmx12000m
[INFO] Scanning for projects...
[INFO] 
[INFO] ---------------< org.entando:entando-component-manager >----------------
[INFO] Building Entando Component Manager 0.0.0-SNAPSHOT-PR-111-6
[INFO] --------------------------------[ jar ]---------------------------------
[INFO] 
[INFO] --- maven-checkstyle-plugin:3.1.1:check (validate) @ entando-component-manager ---
[INFO] Starting audit...
Audit done.
[INFO] You have 0 Checkstyle violations.
[INFO] 
[INFO] --- maven-checkstyle-plugin:3.1.1:checkstyle (validate) @ entando-component-manager ---
[INFO] Starting audit...
Audit done.
[INFO] 
[INFO] --- jacoco-maven-plugin:0.8.5:prepare-agent (prepare-agent) @ entando-component-manager ---
[INFO] argLine set to -javaagent:/home/jenkins/.mvnrepository/org/jacoco/org.jacoco.agent/0.8.5/org.jacoco.agent-0.8.5-runtime.jar=destfile=/workspace/source/target/jacoco.e**c
[INFO] 
[INFO] --- maven-resources-plugin:2.6:resources (default-resources) @ entando-component-manager ---
[INFO] Using 'UTF-8' encoding to copy filtered resources.
[INFO] Copying 10 resources
[INFO] 
[INFO] --- maven-compiler-plugin:3.8.1:compile (default-compile) @ entando-component-manager ---
[INFO] Changes detected - recompiling the module!
[INFO] Compiling 228 source files to /workspace/source/target/classes
[INFO] /workspace/source/src/main/java/org/entando/kubernetes/client/core/DefaultEntandoCoreClient.java: Some input files use or override a deprecated API.
[INFO] /workspace/source/src/main/java/org/entando/kubernetes/client/core/DefaultEntandoCoreClient.java: Recompile with -Xlint:deprecation for details.
[INFO] Some messages have been simplified; recompile with -Xdiags:verbose to get full output
[INFO] -------------------------------------------------------------
[WARNING] COMPILATION WARNING : 
[INFO] -------------------------------------------------------------
[WARNING] /workspace/source/src/main/java/org/entando/kubernetes/service/digitalexchange/job/EntandoBundleInstallService.java:[242,29] unchecked method invocation: method e**cuteInstall in class org.entando.kubernetes.service.digitalexchange.job.EntandoBundleInstallService is applied to given types
  required: org.entando.kubernetes.model.bundle.installable.Installable<T>
  found: org.entando.kubernetes.model.bundle.installable.Installable
[WARNING] /workspace/source/src/main/java/org/entando/kubernetes/model/job/HashMapConverter.java:[38,54] unchecked conversion
  required: java.util.Map<java.lang.String,java.lang.String>
  found:    java.util.Map
[WARNING] /workspace/source/src/main/java/org/entando/kubernetes/model/web/request/FilterUtils.java:[25,16] unchecked call to TransformingComparator(org.apache.commons.collections4.Transformer<? super I,? extends O>) as a member of the raw type org.apache.commons.collections4.comparators.TransformingComparator
[INFO] 3 warnings 
[INFO] -------------------------------------------------------------
[INFO] -------------------------------------------------------------
[ERROR] COMPILATION ERROR : 
[INFO] -------------------------------------------------------------
[ERROR] /workspace/source/src/main/java/org/entando/kubernetes/model/bundle/processor/PluginProcessor.java:[30,1] a type with the same simple name is already defined by the single-type-import of org.apache.commons.lang3.StringUtils
[ERROR] /workspace/source/src/main/java/org/entando/kubernetes/exception/EntandoBundleJobErrors.java:[10,12] constructor EntandoBundleJobErrors in enum org.entando.kubernetes.exception.EntandoBundleJobErrors cannot be applied to given types;
  required: no arguments
  found: int
  reason: actual and formal argument lists differ in length
[ERROR] /workspace/source/src/main/java/org/entando/kubernetes/model/job/EntandoBundleJob.java:[31,8] org.entando.kubernetes.model.job.EntandoBundleJob is not abstract and does not override abstract method setRollbackErrorCode(java.lang.Integer) in org.entando.kubernetes.model.job.TrackableJob
[ERROR] /workspace/source/src/main/java/org/entando/kubernetes/model/job/EntandoBundleJob.java:[54,32] cannot find symbol
  symbol:   method builder()
  location: class org.entando.kubernetes.model.job.EntandoBundleJob
[ERROR] /workspace/source/src/main/java/org/entando/kubernetes/model/job/EntandoBundleJob.java:[55,27] cannot find symbol
  symbol:   method getId()
  location: variable entity of type org.entando.kubernetes.model.job.EntandoBundleJobEntity
[ERROR] /workspace/source/src/main/java/org/entando/kubernetes/model/job/EntandoBundleJob.java:[56,36] cannot find symbol
  symbol:   method getComponentId()
  location: variable entity of type org.entando.kubernetes.model.job.EntandoBundleJobEntity
[ERROR] /workspace/source/src/main/java/org/entando/kubernetes/model/job/EntandoBundleJob.java:[57,38] cannot find symbol
  symbol:   method getComponentName()
  location: variable entity of type org.entando.kubernetes.model.job.EntandoBundleJobEntity
[ERROR] /workspace/source/src/main/java/org/entando/kubernetes/model/job/EntandoBundleJob.java:[58,41] cannot find symbol
  symbol:   method getComponentVersion()
  location: variable entity of type org.entando.kubernetes.model.job.EntandoBundleJobEntity
[ERROR] /workspace/source/src/main/java/org/entando/kubernetes/model/job/EntandoBundleJob.java:[59,34] cannot find symbol
  symbol:   method getStartedAt()
  location: variable entity of type org.entando.kubernetes.model.job.EntandoBundleJobEntity
[ERROR] /workspace/source/src/main/java/org/entando/kubernetes/model/job/EntandoBundleJob.java:[60,35] cannot find symbol
  symbol:   method getFinishedAt()
  location: variable entity of type org.entando.kubernetes.model.job.EntandoBundleJobEntity
[ERROR] /workspace/source/src/main/java/org/entando/kubernetes/model/job/EntandoBundleJob.java:[61,31] cannot find symbol
  symbol:   method getStatus()
  location: variable entity of type org.entando.kubernetes.model.job.EntandoBundleJobEntity
[ERROR] /workspace/source/src/main/java/org/entando/kubernetes/model/job/EntandoBundleJob.java:[62,33] cannot find symbol
  symbol:   method getProgress()
  location: variable entity of type org.entando.kubernetes.model.job.EntandoBundleJobEntity
[ERROR] /workspace/source/src/main/java/org/entando/kubernetes/model/job/EntandoBundleJob.java:[63,41] cannot find symbol
  symbol:   method getInstallErrorCode()
  location: variable entity of type org.entando.kubernetes.model.job.EntandoBundleJobEntity
[ERROR] /workspace/source/src/main/java/org/entando/kubernetes/model/job/EntandoBundleJob.java:[64,44] cannot find symbol
  symbol:   method getInstallErrorMessage()
  location: variable entity of type org.entando.kubernetes.model.job.EntandoBundleJobEntity
[ERROR] /workspace/source/src/main/java/org/entando/kubernetes/model/job/EntandoBundleJob.java:[65,42] cannot find symbol
  symbol:   method getRollbackErrorCode()
  location: variable entity of type org.entando.kubernetes.model.job.EntandoBundleJobEntity
[ERROR] /workspace/source/src/main/java/org/entando/kubernetes/model/job/EntandoBundleJob.java:[66,45] cannot find symbol
  symbol:   method getRollbackErrorMessage()
  location: variable entity of type org.entando.kubernetes.model.job.EntandoBundleJobEntity
[ERROR] /workspace/source/src/main/java/org/entando/kubernetes/model/job/EntandoBundleComponentJob.java:[30,41] cannot find symbol
  symbol:   method builder()
  location: class org.entando.kubernetes.model.job.EntandoBundleComponentJob
[ERROR] /workspace/source/src/main/java/org/entando/kubernetes/model/job/EntandoBundleComponentJob.java:[31,27] cannot find symbol
  symbol:   method getId()
  location: variable entity of type org.entando.kubernetes.model.job.EntandoBundleComponentJobEntity
[ERROR] /workspace/source/src/main/java/org/entando/kubernetes/model/job/EntandoBundleComponentJob.java:[32,33] cannot find symbol
  symbol:   method getChecksum()
  location: variable entity of type org.entando.kubernetes.model.job.EntandoBundleComponentJobEntity
[ERROR] /workspace/source/src/main/java/org/entando/kubernetes/model/job/EntandoBundleComponentJob.java:[33,36] cannot find symbol
  symbol:   method getComponentId()
  location: variable entity of type org.entando.kubernetes.model.job.EntandoBundleComponentJobEntity
[ERROR] /workspace/source/src/main/java/org/entando/kubernetes/model/job/EntandoBundleComponentJob.java:[34,31] cannot find symbol
  symbol:   method getStatus()
  location: variable entity of type org.entando.kubernetes.model.job.EntandoBundleComponentJobEntity
[ERROR] /workspace/source/src/main/java/org/entando/kubernetes/model/job/EntandoBundleComponentJob.java:[35,29] cannot find symbol
  symbol:   method getComponentType()
  location: variable entity of type org.entando.kubernetes.model.job.EntandoBundleComponentJobEntity
[ERROR] /workspace/source/src/main/java/org/entando/kubernetes/model/job/EntandoBundleComponentJob.java:[36,34] cannot find symbol
  symbol:   method getStartedAt()
  location: variable entity of type org.entando.kubernetes.model.job.EntandoBundleComponentJobEntity
[ERROR] /workspace/source/src/main/java/org/entando/kubernetes/model/job/EntandoBundleComponentJob.java:[37,35] cannot find symbol
  symbol:   method getFinishedAt()
  location: variable entity of type org.entando.kubernetes.model.job.EntandoBundleComponentJobEntity
[ERROR] /workspace/source/src/main/java/org/entando/kubernetes/model/job/EntandoBundleComponentJob.java:[38,41] cannot find symbol
  symbol:   method getInstallErrorCode()
  location: variable entity of type org.entando.kubernetes.model.job.EntandoBundleComponentJobEntity
[ERROR] /workspace/source/src/main/java/org/entando/kubernetes/model/job/EntandoBundleComponentJob.java:[39,44] cannot find symbol
  symbol:   method getInstallErrorMessage()
  location: variable entity of type org.entando.kubernetes.model.job.EntandoBundleComponentJobEntity
[ERROR] /workspace/source/src/main/java/org/entando/kubernetes/model/job/EntandoBundleComponentJob.java:[40,42] cannot find symbol
  symbol:   method getRollbackErrorCode()
  location: variable entity of type org.entando.kubernetes.model.job.EntandoBundleComponentJobEntity
[ERROR] /workspace/source/src/main/java/org/entando/kubernetes/model/job/EntandoBundleComponentJob.java:[41,45] cannot find symbol
  symbol:   method getRollbackErrorMessage()
  location: variable entity of type org.entando.kubernetes.model.job.EntandoBundleComponentJobEntity
[ERROR] /workspace/source/src/main/java/org/entando/kubernetes/model/job/EntandoBundleJobEntity.java:[38,8] org.entando.kubernetes.model.job.EntandoBundleJobEntity is not abstract and does not override abstract method setRollbackErrorCode(java.lang.Integer) in org.entando.kubernetes.model.job.TrackableJob
[ERROR] /workspace/source/src/main/java/org/entando/kubernetes/model/job/EntandoBundleJobEntity.java:[77,18] cannot find symbol
  symbol:   method setId(java.util.UUID)
  location: variable newEntity of type org.entando.kubernetes.model.job.EntandoBundleJobEntity
[ERROR] /workspace/source/src/main/java/org/entando/kubernetes/model/job/EntandoBundleJobEntity.java:[78,18] cannot find symbol
  symbol:   method setProgress(double)
  location: variable newEntity of type org.entando.kubernetes.model.job.EntandoBundleJobEntity
[ERROR] /workspace/source/src/main/java/org/entando/kubernetes/model/job/EntandoBundleJobEntity.java:[79,18] cannot find symbol
  symbol:   method setStatus(org.entando.kubernetes.model.job.JobStatus)
  location: variable newEntity of type org.entando.kubernetes.model.job.EntandoBundleJobEntity
[ERROR] /workspace/source/src/main/java/org/entando/kubernetes/model/job/EntandoBundleJobEntity.java:[80,18] cannot find symbol
  symbol:   method setComponentName(java.lang.String)
  location: variable newEntity of type org.entando.kubernetes.model.job.EntandoBundleJobEntity
[ERROR] /workspace/source/src/main/java/org/entando/kubernetes/model/job/EntandoBundleJobEntity.java:[81,18] cannot find symbol
  symbol:   method setComponentId(java.lang.String)
  location: variable newEntity of type org.entando.kubernetes.model.job.EntandoBundleJobEntity
[ERROR] /workspace/source/src/main/java/org/entando/kubernetes/model/job/EntandoBundleJobEntity.java:[82,18] cannot find symbol
  symbol:   method setComponentVersion(java.lang.String)
  location: variable newEntity of type org.entando.kubernetes.model.job.EntandoBundleJobEntity
[ERROR] /workspace/source/src/main/java/org/entando/kubernetes/model/job/EntandoBundleJobEntity.java:[83,18] cannot find symbol
  symbol:   method setInstallErrorCode(java.lang.Integer)
  location: variable newEntity of type org.entando.kubernetes.model.job.EntandoBundleJobEntity
[ERROR] /workspace/source/src/main/java/org/entando/kubernetes/model/job/EntandoBundleJobEntity.java:[84,18] cannot find symbol
  symbol:   method setInstallErrorMessage(java.lang.String)
  location: variable newEntity of type org.entando.kubernetes.model.job.EntandoBundleJobEntity
[ERROR] /workspace/source/src/main/java/org/entando/kubernetes/model/job/EntandoBundleJobEntity.java:[85,18] cannot find symbol
  symbol:   method setRollbackErrorCode(java.lang.Integer)
  location: variable newEntity of type org.entando.kubernetes.model.job.EntandoBundleJobEntity
[ERROR] /workspace/source/src/main/java/org/entando/kubernetes/model/job/EntandoBundleJobEntity.java:[86,18] cannot find symbol
  symbol:   method setRollbackErrorMessage(java.lang.String)
  location: variable newEntity of type org.entando.kubernetes.model.job.EntandoBundleJobEntity
[ERROR] /workspace/source/src/main/java/org/entando/kubernetes/model/job/EntandoBundleJobEntity.java:[87,18] cannot find symbol
  symbol:   method setStartedAt(java.time.LocalDateTime)
  location: variable newEntity of type org.entando.kubernetes.model.job.EntandoBundleJobEntity
[ERROR] /workspace/source/src/main/java/org/entando/kubernetes/model/job/EntandoBundleJobEntity.java:[88,18] cannot find symbol
  symbol:   method setFinishedAt(java.time.LocalDateTime)
  location: variable newEntity of type org.entando.kubernetes.model.job.EntandoBundleJobEntity
[ERROR] /workspace/source/src/main/java/org/entando/kubernetes/model/job/EntandoBundleJobEntity.java:[89,18] cannot find symbol
  symbol:   method setUserId(java.lang.String)
  location: variable newEntity of type org.entando.kubernetes.model.job.EntandoBundleJobEntity
[ERROR] /workspace/source/src/main/java/org/entando/kubernetes/model/job/EntandoBundleComponentJobEntity.java:[28,8] org.entando.kubernetes.model.job.EntandoBundleComponentJobEntity is not abstract and does not override abstract method setRollbackErrorCode(java.lang.Integer) in org.entando.kubernetes.model.job.TrackableJob
[ERROR] /workspace/source/src/main/java/org/entando/kubernetes/model/job/EntandoBundleComponentJobEntity.java:[69,36] cannot find symbol
  symbol:   method getParentJob()
  location: variable o of type org.entando.kubernetes.model.job.EntandoBundleComponentJobEntity
[ERROR] /workspace/source/src/main/java/org/entando/kubernetes/model/job/EntandoBundleComponentJobEntity.java:[70,40] cannot find symbol
  symbol:   method getComponentType()
  location: variable o of type org.entando.kubernetes.model.job.EntandoBundleComponentJobEntity
[ERROR] /workspace/source/src/main/java/org/entando/kubernetes/model/job/EntandoBundleComponentJobEntity.java:[71,38] cannot find symbol
  symbol:   method getComponentId()
  location: variable o of type org.entando.kubernetes.model.job.EntandoBundleComponentJobEntity
[ERROR] /workspace/source/src/main/java/org/entando/kubernetes/model/job/EntandoBundleComponentJobEntity.java:[72,35] cannot find symbol
  symbol:   method getChecksum()
  location: variable o of type org.entando.kubernetes.model.job.EntandoBundleComponentJobEntity
[ERROR] /workspace/source/src/main/java/org/entando/kubernetes/model/job/EntandoBundleComponentJobEntity.java:[73,36] cannot find symbol
  symbol:   method getStartedAt()
  location: variable o of type org.entando.kubernetes.model.job.EntandoBundleComponentJobEntity
[ERROR] /workspace/source/src/main/java/org/entando/kubernetes/model/job/EntandoBundleComponentJobEntity.java:[74,37] cannot find symbol
  symbol:   method getFinishedAt()
  location: variable o of type org.entando.kubernetes.model.job.EntandoBundleComponentJobEntity
[ERROR] /workspace/source/src/main/java/org/entando/kubernetes/model/job/EntandoBundleComponentJobEntity.java:[75,33] cannot find symbol
  symbol:   method getStatus()
  location: variable o of type org.entando.kubernetes.model.job.EntandoBundleComponentJobEntity
[ERROR] /workspace/source/src/main/java/org/entando/kubernetes/model/job/EntandoBundleComponentJobEntity.java:[76,33] cannot find symbol
  symbol:   method getAction()
  location: variable o of type org.entando.kubernetes.model.job.EntandoBundleComponentJobEntity
[ERROR] /workspace/source/src/main/java/org/entando/kubernetes/model/job/EntandoBundleComponentJobEntity.java:[77,38] cannot find symbol
  symbol:   method getInstallable()
  location: variable o of type org.entando.kubernetes.model.job.EntandoBundleComponentJobEntity
[ERROR] /workspace/source/src/main/java/org/entando/kubernetes/model/job/EntandoBundleComponentJobEntity.java:[78,46] cannot find symbol
  symbol:   method getInstallErrorMessage()
  location: variable o of type org.entando.kubernetes.model.job.EntandoBundleComponentJobEntity
[ERROR] /workspace/source/src/main/java/org/entando/kubernetes/model/job/EntandoBundleComponentJobEntity.java:[79,43] cannot find symbol
  symbol:   method getInstallErrorCode()
  location: variable o of type org.entando.kubernetes.model.job.EntandoBundleComponentJobEntity
[ERROR] /workspace/source/src/main/java/org/entando/kubernetes/model/job/EntandoBundleComponentJobEntity.java:[80,47] cannot find symbol
  symbol:   method getRollbackErrorMessage()
  location: variable o of type org.entando.kubernetes.model.job.EntandoBundleComponentJobEntity
[ERROR] /workspace/source/src/main/java/org/entando/kubernetes/model/job/EntandoBundleComponentJobEntity.java:[81,44] cannot find symbol
  symbol:   method getRollbackErrorCode()
  location: variable o of type org.entando.kubernetes.model.job.EntandoBundleComponentJobEntity
[ERROR] /workspace/source/src/main/java/org/entando/kubernetes/model/bundle/installable/Installable.java:[69,13] cannot find symbol
  symbol:   variable log
  location: class org.entando.kubernetes.model.bundle.installable.Installable<T>
[ERROR] /workspace/source/src/main/java/org/entando/kubernetes/model/bundle/installable/Installable.java:[121,9] cannot find symbol
  symbol:   variable log
  location: class org.entando.kubernetes.model.bundle.installable.Installable<T>
[ERROR] /workspace/source/src/main/java/org/entando/kubernetes/model/web/request/PagedListRequest.java:[42,29] cannot find symbol
  symbol: method getPage()
[ERROR] /workspace/source/src/main/java/org/entando/kubernetes/model/web/request/PagedListRequest.java:[46,21] cannot find symbol
  symbol: method setPageSize(int)
[ERROR] /workspace/source/src/main/java/org/entando/kubernetes/model/web/request/PagedListRequest.java:[57,27] cannot find symbol
  symbol: method getPage()
[ERROR] /workspace/source/src/main/java/org/entando/kubernetes/model/web/request/PagedListRequest.java:[58,28] cannot find symbol
  symbol: method getPage()
[ERROR] /workspace/source/src/main/java/org/entando/kubernetes/model/web/request/PagedListRequest.java:[58,46] cannot find symbol
  symbol: method getPage()
[ERROR] /workspace/source/src/main/java/org/entando/kubernetes/model/web/request/PagedListRequest.java:[58,68] cannot find symbol
  symbol: method getPageSize()
[ERROR] /workspace/source/src/main/java/org/entando/kubernetes/model/web/response/RestResponse.java:[19,9] cannot find symbol
  symbol:   method setPayload(T)
  location: class org.entando.kubernetes.model.web.response.RestResponse<T,M>
[ERROR] /workspace/source/src/main/java/org/entando/kubernetes/model/web/response/RestResponse.java:[23,9] cannot find symbol
  symbol:   method setPayload(T)
  location: class org.entando.kubernetes.model.web.response.RestResponse<T,M>
[ERROR] /workspace/source/src/main/java/org/entando/kubernetes/model/web/response/RestResponse.java:[29,9] cannot find symbol
  symbol:   method setErrors(java.util.List<org.entando.kubernetes.model.web.response.RestError>)
  location: class org.entando.kubernetes.model.web.response.RestResponse<T,M>
[ERROR] /workspace/source/src/main/java/org/entando/kubernetes/model/web/response/PagedRestResponse.java:[7,35] no suitable constructor found for RestResponse(no arguments)
    constructor org.entando.kubernetes.model.web.response.RestResponse.RestResponse(java.util.List<T>) is not applicable
      (actual and formal argument lists differ in length)
    constructor org.entando.kubernetes.model.web.response.RestResponse.RestResponse(java.util.List<T>,org.entando.kubernetes.model.web.response.PagedMetadata<T>) is not applicable
      (actual and formal argument lists differ in length)
    constructor org.entando.kubernetes.model.web.response.RestResponse.RestResponse(java.util.List<T>,org.entando.kubernetes.model.web.response.PagedMetadata<T>,java.util.List<org.entando.kubernetes.model.web.response.RestError>) is not applicable
      (actual and formal argument lists differ in length)
[ERROR] /workspace/source/src/main/java/org/entando/kubernetes/model/web/response/PagedRestResponse.java:[11,23] cannot find symbol
  symbol:   method getBody()
  location: variable metaData of type org.entando.kubernetes.model.web.response.PagedMetadata<T>
[ERROR] /workspace/source/src/main/java/org/entando/kubernetes/model/web/response/PagedRestResponse.java:[15,23] cannot find symbol
  symbol:   method getBody()
  location: variable metaData of type org.entando.kubernetes.model.web.response.PagedMetadata<T>
[ERROR] /workspace/source/src/main/java/org/entando/kubernetes/model/web/response/PagedMetadata.java:[61,25] cannot find symbol
  symbol:   method getPage()
  location: variable req of type org.entando.kubernetes.model.web.request.PagedListRequest
[ERROR] /workspace/source/src/main/java/org/entando/kubernetes/model/web/response/PagedMetadata.java:[61,46] cannot find symbol
  symbol:   method getPageSize()
  location: variable req of type org.entando.kubernetes.model.web.request.PagedListRequest
[ERROR] /workspace/source/src/main/java/org/entando/kubernetes/model/web/response/PagedMetadata.java:[62,30] cannot find symbol
  symbol:   method getPageSize()
  location: variable req of type org.entando.kubernetes.model.web.request.PagedListRequest
[ERROR] /workspace/source/src/main/java/org/entando/kubernetes/model/web/response/PagedMetadata.java:[75,30] cannot find symbol
  symbol:   method getPageSize()
  location: variable req of type org.entando.kubernetes.model.web.request.PagedListRequest
[ERROR] /workspace/source/src/main/java/org/entando/kubernetes/model/web/response/PagedMetadata.java:[75,68] cannot find symbol
  symbol:   method getPageSize()
  location: variable req of type org.entando.kubernetes.model.web.request.PagedListRequest
[ERROR] /workspace/source/src/main/java/org/entando/kubernetes/model/web/response/PagedMetadata.java:[76,24] cannot find symbol
  symbol:   method getPage()
  location: variable req of type org.entando.kubernetes.model.web.request.PagedListRequest
[ERROR] /workspace/source/src/main/java/org/entando/kubernetes/model/web/response/PagedMetadata.java:[77,28] cannot find symbol
  symbol:   method getPageSize()
  location: variable req of type org.entando.kubernetes.model.web.request.PagedListRequest
[ERROR] /workspace/source/src/main/java/org/entando/kubernetes/model/web/response/PagedMetadata.java:[81,23] cannot find symbol
  symbol:   method getSort()
  location: variable req of type org.entando.kubernetes.model.web.request.PagedListRequest
[ERROR] /workspace/source/src/main/java/org/entando/kubernetes/model/web/response/PagedMetadata.java:[81,45] invalid method reference
  cannot find symbol
    symbol:   method setSort()
    location: class org.entando.kubernetes.model.web.response.PagedMetadata<T>
[ERROR] /workspace/source/src/main/java/org/entando/kubernetes/model/web/response/PagedMetadata.java:[82,23] cannot find symbol
  symbol:   method getDirection()
  location: variable req of type org.entando.kubernetes.model.web.request.PagedListRequest
[ERROR] /workspace/source/src/main/java/org/entando/kubernetes/model/web/response/PagedMetadata.java:[82,50] invalid method reference
  cannot find symbol
    symbol:   method setDirection()
    location: class org.entando.kubernetes.model.web.response.PagedMetadata<T>
[ERROR] /workspace/source/src/main/java/org/entando/kubernetes/model/web/response/PagedMetadata.java:[83,23] cannot find symbol
  symbol:   method getFilters()
  location: variable req of type org.entando.kubernetes.model.web.request.PagedListRequest
[ERROR] /workspace/source/src/main/java/org/entando/kubernetes/model/web/response/PagedMetadata.java:[83,48] invalid method reference
  cannot find symbol
    symbol:   method setFilters()
    location: class org.entando.kubernetes.model.web.response.PagedMetadata<T>
[ERROR] /workspace/source/src/main/java/org/entando/kubernetes/model/bundle/EntandoBundle.java:[39,52] cannot find symbol
  symbol:   method getStatus()
  location: variable installedJob of type org.entando.kubernetes.model.job.EntandoBundleJob
[ERROR] /workspace/source/src/main/java/org/entando/kubernetes/model/bundle/EntandoBundle.java:[43,64] invalid method reference
  cannot find symbol
    symbol:   method getSemVersion()
    location: class org.entando.kubernetes.model.bundle.EntandoBundleVersion
[ERROR] /workspace/source/src/main/java/org/entando/kubernetes/model/web/response/SimpleRestResponse.java:[19,9] no suitable constructor found for RestResponse(no arguments)
    constructor org.entando.kubernetes.model.web.response.RestResponse.RestResponse(T) is not applicable
      (actual and formal argument lists differ in length)
    constructor org.entando.kubernetes.model.web.response.RestResponse.RestResponse(T,java.util.Map<java.lang.String,java.lang.Object>) is not applicable
      (actual and formal argument lists differ in length)
    constructor org.entando.kubernetes.model.web.response.RestResponse.RestResponse(T,java.util.Map<java.lang.String,java.lang.Object>,java.util.List<org.entando.kubernetes.model.web.response.RestError>) is not applicable
      (actual and formal argument lists differ in length)
[ERROR] /workspace/source/src/main/java/org/entando/kubernetes/model/web/response/SimpleRestResponse.java:[23,20] cannot find symbol
  symbol:   method getMetaData()
  location: class org.entando.kubernetes.model.web.response.SimpleRestResponse<T>
[ERROR] /workspace/source/src/main/java/org/entando/kubernetes/model/web/response/SimpleRestResponse.java:[29,16] cannot find symbol
  symbol:   method getMetaData()
  location: class org.entando.kubernetes.model.web.response.SimpleRestResponse<T>
[ERROR] /workspace/source/src/main/java/org/entando/kubernetes/model/entandocore/EntandoCoreComponentUsage.java:[20,13] constructor EntandoCoreComponentUsage in class org.entando.kubernetes.model.entandocore.EntandoCoreComponentUsage cannot be applied to given types;
  required: no arguments
  found: java.lang.String,<nulltype>,int
  reason: actual and formal argument lists differ in length
[ERROR] /workspace/source/src/main/java/org/entando/kubernetes/model/entandocore/EntandoCoreComponentUsage.java:[24,13] constructor EntandoCoreComponentUsage in class org.entando.kubernetes.model.entandocore.EntandoCoreComponentUsage cannot be applied to given types;
  required: no arguments
  found: java.lang.String,java.lang.String,int
  reason: actual and formal argument lists differ in length
[ERROR] /workspace/source/src/main/java/org/entando/kubernetes/model/entandocore/EntandoCoreComponentUsage.java:[28,13] constructor EntandoCoreComponentUsage in class org.entando.kubernetes.model.entandocore.EntandoCoreComponentUsage cannot be applied to given types;
  required: no arguments
  found: java.lang.String,java.lang.String,int
  reason: actual and formal argument lists differ in length
[ERROR] /workspace/source/src/main/java/org/entando/kubernetes/model/bundle/BundleType.java:[15,20] constructor BundleType in enum org.entando.kubernetes.model.bundle.BundleType cannot be applied to given types;
  required: no arguments
  found: java.lang.String
  reason: actual and formal argument lists differ in length
[ERROR] /workspace/source/src/main/java/org/entando/kubernetes/model/bundle/BundleType.java:[17,24] constructor BundleType in enum org.entando.kubernetes.model.bundle.BundleType cannot be applied to given types;
  required: no arguments
  found: java.lang.String
  reason: actual and formal argument lists differ in length
[ERROR] /workspace/source/src/main/java/org/entando/kubernetes/model/bundle/BundleType.java:[26,29] cannot find symbol
  symbol:   method getType()
  location: variable instance of type org.entando.kubernetes.model.bundle.BundleType
[ERROR] /workspace/source/src/main/java/org/entando/kubernetes/model/entandocore/EntandoCoreContentModel.java:[17,29] cannot find symbol
  symbol:   method getId()
  location: variable descriptor of type org.entando.kubernetes.model.bundle.descriptor.ContentTemplateDescriptor
[ERROR] /workspace/source/src/main/java/org/entando/kubernetes/model/entandocore/EntandoCoreContentModel.java:[18,38] cannot find symbol
  symbol:   method getContentType()
  location: variable descriptor of type org.entando.kubernetes.model.bundle.descriptor.ContentTemplateDescriptor
[ERROR] /workspace/source/src/main/java/org/entando/kubernetes/model/entandocore/EntandoCoreContentModel.java:[19,32] cannot find symbol
  symbol:   method getDescription()
  location: variable descriptor of type org.entando.kubernetes.model.bundle.descriptor.ContentTemplateDescriptor
[ERROR] /workspace/source/src/main/java/org/entando/kubernetes/model/entandocore/EntandoCoreContentModel.java:[20,39] cannot find symbol
  symbol:   method getContentShape()
  location: variable descriptor of type org.entando.kubernetes.model.bundle.descriptor.ContentTemplateDescriptor
[ERROR] /workspace/source/src/main/java/org/entando/kubernetes/model/bundle/descriptor/ContentTemplateDescriptor.java:[24,16] constructor ComponentKey in class org.entando.kubernetes.model.bundle.descriptor.ComponentKey cannot be applied to given types;
  required: no arguments
  found: java.lang.String
  reason: actual and formal argument lists differ in length
[ERROR] /workspace/source/src/main/java/org/entando/kubernetes/model/bundle/installable/DirectoryInstallable.java:[30,36] cannot find symbol
  symbol:   method isRoot()
  location: variable representation of type T
[INFO] 100 errors 
[INFO] -------------------------------------------------------------
[INFO] 
[INFO] ------------------------------------------------------------------------
[INFO] Skipping Entando Component Manager
[INFO] This project has been banned from the build due to previous failures.
[INFO] ------------------------------------------------------------------------
[INFO] ------------------------------------------------------------------------
[INFO] BUILD FAILURE
[INFO] ------------------------------------------------------------------------
[INFO] Total time:  26.427 s
[INFO] Finished at: 2021-03-24T16:06:47Z
[INFO] ------------------------------------------------------------------------
[ERROR] Failed to e**cute goal org.apache.maven.plugins:maven-compiler-plugin:3.8.1:compile (default-compile) on project entando-component-manager: Compilation failure: Compilation failure: 
[ERROR] /workspace/source/src/main/java/org/entando/kubernetes/model/bundle/processor/PluginProcessor.java:[30,1] a type with the same simple name is already defined by the single-type-import of org.apache.commons.lang3.StringUtils
[ERROR] /workspace/source/src/main/java/org/entando/kubernetes/exception/EntandoBundleJobErrors.java:[10,12] constructor EntandoBundleJobErrors in enum org.entando.kubernetes.exception.EntandoBundleJobErrors cannot be applied to given types;
[ERROR]   required: no arguments
[ERROR]   found: int
[ERROR]   reason: actual and formal argument lists differ in length
[ERROR] /workspace/source/src/main/java/org/entando/kubernetes/model/job/EntandoBundleJob.java:[31,8] org.entando.kubernetes.model.job.EntandoBundleJob is not abstract and does not override abstract method setRollbackErrorCode(java.lang.Integer) in org.entando.kubernetes.model.job.TrackableJob
[ERROR] /workspace/source/src/main/java/org/entando/kubernetes/model/job/EntandoBundleJob.java:[54,32] cannot find symbol
[ERROR]   symbol:   method builder()
[ERROR]   location: class org.entando.kubernetes.model.job.EntandoBundleJob
[ERROR] /workspace/source/src/main/java/org/entando/kubernetes/model/job/EntandoBundleJob.java:[55,27] cannot find symbol
[ERROR]   symbol:   method getId()
[ERROR]   location: variable entity of type org.entando.kubernetes.model.job.EntandoBundleJobEntity
[ERROR] /workspace/source/src/main/java/org/entando/kubernetes/model/job/EntandoBundleJob.java:[56,36] cannot find symbol
[ERROR]   symbol:   method getComponentId()
[ERROR]   location: variable entity of type org.entando.kubernetes.model.job.EntandoBundleJobEntity
[ERROR] /workspace/source/src/main/java/org/entando/kubernetes/model/job/EntandoBundleJob.java:[57,38] cannot find symbol
[ERROR]   symbol:   method getComponentName()
[ERROR]   location: variable entity of type org.entando.kubernetes.model.job.EntandoBundleJobEntity
[ERROR] /workspace/source/src/main/java/org/entando/kubernetes/model/job/EntandoBundleJob.java:[58,41] cannot find symbol
[ERROR]   symbol:   method getComponentVersion()
[ERROR]   location: variable entity of type org.entando.kubernetes.model.job.EntandoBundleJobEntity
[ERROR] /workspace/source/src/main/java/org/entando/kubernetes/model/job/EntandoBundleJob.java:[59,34] cannot find symbol
[ERROR]   symbol:   method getStartedAt()
[ERROR]   location: variable entity of type org.entando.kubernetes.model.job.EntandoBundleJobEntity
[ERROR] /workspace/source/src/main/java/org/entando/kubernetes/model/job/EntandoBundleJob.java:[60,35] cannot find symbol
[ERROR]   symbol:   method getFinishedAt()
[ERROR]   location: variable entity of type org.entando.kubernetes.model.job.EntandoBundleJobEntity
[ERROR] /workspace/source/src/main/java/org/entando/kubernetes/model/job/EntandoBundleJob.java:[61,31] cannot find symbol
[ERROR]   symbol:   method getStatus()
[ERROR]   location: variable entity of type org.entando.kubernetes.model.job.EntandoBundleJobEntity
[ERROR] /workspace/source/src/main/java/org/entando/kubernetes/model/job/EntandoBundleJob.java:[62,33] cannot find symbol
[ERROR]   symbol:   method getProgress()
[ERROR]   location: variable entity of type org.entando.kubernetes.model.job.EntandoBundleJobEntity
[ERROR] /workspace/source/src/main/java/org/entando/kubernetes/model/job/EntandoBundleJob.java:[63,41] cannot find symbol
[ERROR]   symbol:   method getInstallErrorCode()
[ERROR]   location: variable entity of type org.entando.kubernetes.model.job.EntandoBundleJobEntity
[ERROR] /workspace/source/src/main/java/org/entando/kubernetes/model/job/EntandoBundleJob.java:[64,44] cannot find symbol
[ERROR]   symbol:   method getInstallErrorMessage()
[ERROR]   location: variable entity of type org.entando.kubernetes.model.job.EntandoBundleJobEntity
[ERROR] /workspace/source/src/main/java/org/entando/kubernetes/model/job/EntandoBundleJob.java:[65,42] cannot find symbol
[ERROR]   symbol:   method getRollbackErrorCode()
[ERROR]   location: variable entity of type org.entando.kubernetes.model.job.EntandoBundleJobEntity
[ERROR] /workspace/source/src/main/java/org/entando/kubernetes/model/job/EntandoBundleJob.java:[66,45] cannot find symbol
[ERROR]   symbol:   method getRollbackErrorMessage()
[ERROR]   location: variable entity of type org.entando.kubernetes.model.job.EntandoBundleJobEntity
[ERROR] /workspace/source/src/main/java/org/entando/kubernetes/model/job/EntandoBundleComponentJob.java:[30,41] cannot find symbol
[ERROR]   symbol:   method builder()
[ERROR]   location: class org.entando.kubernetes.model.job.EntandoBundleComponentJob
[ERROR] /workspace/source/src/main/java/org/entando/kubernetes/model/job/EntandoBundleComponentJob.java:[31,27] cannot find symbol
[ERROR]   symbol:   method getId()
[ERROR]   location: variable entity of type org.entando.kubernetes.model.job.EntandoBundleComponentJobEntity
[ERROR] /workspace/source/src/main/java/org/entando/kubernetes/model/job/EntandoBundleComponentJob.java:[32,33] cannot find symbol
[ERROR]   symbol:   method getChecksum()
[ERROR]   location: variable entity of type org.entando.kubernetes.model.job.EntandoBundleComponentJobEntity
[ERROR] /workspace/source/src/main/java/org/entando/kubernetes/model/job/EntandoBundleComponentJob.java:[33,36] cannot find symbol
[ERROR]   symbol:   method getComponentId()
[ERROR]   location: variable entity of type org.entando.kubernetes.model.job.EntandoBundleComponentJobEntity
[ERROR] /workspace/source/src/main/java/org/entando/kubernetes/model/job/EntandoBundleComponentJob.java:[34,31] cannot find symbol
[ERROR]   symbol:   method getStatus()
[ERROR]   location: variable entity of type org.entando.kubernetes.model.job.EntandoBundleComponentJobEntity
[ERROR] /workspace/source/src/main/java/org/entando/kubernetes/model/job/EntandoBundleComponentJob.java:[35,29] cannot find symbol
[ERROR]   symbol:   method getComponentType()
[ERROR]   location: variable entity of type org.entando.kubernetes.model.job.EntandoBundleComponentJobEntity
[ERROR] /workspace/source/src/main/java/org/entando/kubernetes/model/job/EntandoBundleComponentJob.java:[36,34] cannot find symbol
[ERROR]   symbol:   method getStartedAt()
[ERROR]   location: variable entity of type org.entando.kubernetes.model.job.EntandoBundleComponentJobEntity
[ERROR] /workspace/source/src/main/java/org/entando/kubernetes/model/job/EntandoBundleComponentJob.java:[37,35] cannot find symbol
[ERROR]   symbol:   method getFinishedAt()
[ERROR]   location: variable entity of type org.entando.kubernetes.model.job.EntandoBundleComponentJobEntity
[ERROR] /workspace/source/src/main/java/org/entando/kubernetes/model/job/EntandoBundleComponentJob.java:[38,41] cannot find symbol
[ERROR]   symbol:   method getInstallErrorCode()
[ERROR]   location: variable entity of type org.entando.kubernetes.model.job.EntandoBundleComponentJobEntity
[ERROR] /workspace/source/src/main/java/org/entando/kubernetes/model/job/EntandoBundleComponentJob.java:[39,44] cannot find symbol
[ERROR]   symbol:   method getInstallErrorMessage()
[ERROR]   location: variable entity of type org.entando.kubernetes.model.job.EntandoBundleComponentJobEntity
[ERROR] /workspace/source/src/main/java/org/entando/kubernetes/model/job/EntandoBundleComponentJob.java:[40,42] cannot find symbol
[ERROR]   symbol:   method getRollbackErrorCode()
[ERROR]   location: variable entity of type org.entando.kubernetes.model.job.EntandoBundleComponentJobEntity
[ERROR] /workspace/source/src/main/java/org/entando/kubernetes/model/job/EntandoBundleComponentJob.java:[41,45] cannot find symbol
[ERROR]   symbol:   method getRollbackErrorMessage()
[ERROR]   location: variable entity of type org.entando.kubernetes.model.job.EntandoBundleComponentJobEntity
[ERROR] /workspace/source/src/main/java/org/entando/kubernetes/model/job/EntandoBundleJobEntity.java:[38,8] org.entando.kubernetes.model.job.EntandoBundleJobEntity is not abstract and does not override abstract method setRollbackErrorCode(java.lang.Integer) in org.entando.kubernetes.model.job.TrackableJob
[ERROR] /workspace/source/src/main/java/org/entando/kubernetes/model/job/EntandoBundleJobEntity.java:[77,18] cannot find symbol
[ERROR]   symbol:   method setId(java.util.UUID)
[ERROR]   location: variable newEntity of type org.entando.kubernetes.model.job.EntandoBundleJobEntity
[ERROR] /workspace/source/src/main/java/org/entando/kubernetes/model/job/EntandoBundleJobEntity.java:[78,18] cannot find symbol
[ERROR]   symbol:   method setProgress(double)
[ERROR]   location: variable newEntity of type org.entando.kubernetes.model.job.EntandoBundleJobEntity
[ERROR] /workspace/source/src/main/java/org/entando/kubernetes/model/job/EntandoBundleJobEntity.java:[79,18] cannot find symbol
[ERROR]   symbol:   method setStatus(org.entando.kubernetes.model.job.JobStatus)
[ERROR]   location: variable newEntity of type org.entando.kubernetes.model.job.EntandoBundleJobEntity
[ERROR] /workspace/source/src/main/java/org/entando/kubernetes/model/job/EntandoBundleJobEntity.java:[80,18] cannot find symbol
[ERROR]   symbol:   method setComponentName(java.lang.String)
[ERROR]   location: variable newEntity of type org.entando.kubernetes.model.job.EntandoBundleJobEntity
[ERROR] /workspace/source/src/main/java/org/entando/kubernetes/model/job/EntandoBundleJobEntity.java:[81,18] cannot find symbol
[ERROR]   symbol:   method setComponentId(java.lang.String)
[ERROR]   location: variable newEntity of type org.entando.kubernetes.model.job.EntandoBundleJobEntity
[ERROR] /workspace/source/src/main/java/org/entando/kubernetes/model/job/EntandoBundleJobEntity.java:[82,18] cannot find symbol
[ERROR]   symbol:   method setComponentVersion(java.lang.String)
[ERROR]   location: variable newEntity of type org.entando.kubernetes.model.job.EntandoBundleJobEntity
[ERROR] /workspace/source/src/main/java/org/entando/kubernetes/model/job/EntandoBundleJobEntity.java:[83,18] cannot find symbol
[ERROR]   symbol:   method setInstallErrorCode(java.lang.Integer)
[ERROR]   location: variable newEntity of type org.entando.kubernetes.model.job.EntandoBundleJobEntity
[ERROR] /workspace/source/src/main/java/org/entando/kubernetes/model/job/EntandoBundleJobEntity.java:[84,18] cannot find symbol
[ERROR]   symbol:   method setInstallErrorMessage(java.lang.String)
[ERROR]   location: variable newEntity of type org.entando.kubernetes.model.job.EntandoBundleJobEntity
[ERROR] /workspace/source/src/main/java/org/entando/kubernetes/model/job/EntandoBundleJobEntity.java:[85,18] cannot find symbol
[ERROR]   symbol:   method setRollbackErrorCode(java.lang.Integer)
[ERROR]   location: variable newEntity of type org.entando.kubernetes.model.job.EntandoBundleJobEntity
[ERROR] /workspace/source/src/main/java/org/entando/kubernetes/model/job/EntandoBundleJobEntity.java:[86,18] cannot find symbol
[ERROR]   symbol:   method setRollbackErrorMessage(java.lang.String)
[ERROR]   location: variable newEntity of type org.entando.kubernetes.model.job.EntandoBundleJobEntity
[ERROR] /workspace/source/src/main/java/org/entando/kubernetes/model/job/EntandoBundleJobEntity.java:[87,18] cannot find symbol
[ERROR]   symbol:   method setStartedAt(java.time.LocalDateTime)
[ERROR]   location: variable newEntity of type org.entando.kubernetes.model.job.EntandoBundleJobEntity
[ERROR] /workspace/source/src/main/java/org/entando/kubernetes/model/job/EntandoBundleJobEntity.java:[88,18] cannot find symbol
[ERROR]   symbol:   method setFinishedAt(java.time.LocalDateTime)
[ERROR]   location: variable newEntity of type org.entando.kubernetes.model.job.EntandoBundleJobEntity
[ERROR] /workspace/source/src/main/java/org/entando/kubernetes/model/job/EntandoBundleJobEntity.java:[89,18] cannot find symbol
[ERROR]   symbol:   method setUserId(java.lang.String)
[ERROR]   location: variable newEntity of type org.entando.kubernetes.model.job.EntandoBundleJobEntity
[ERROR] /workspace/source/src/main/java/org/entando/kubernetes/model/job/EntandoBundleComponentJobEntity.java:[28,8] org.entando.kubernetes.model.job.EntandoBundleComponentJobEntity is not abstract and does not override abstract method setRollbackErrorCode(java.lang.Integer) in org.entando.kubernetes.model.job.TrackableJob
[ERROR] /workspace/source/src/main/java/org/entando/kubernetes/model/job/EntandoBundleComponentJobEntity.java:[69,36] cannot find symbol
[ERROR]   symbol:   method getParentJob()
[ERROR]   location: variable o of type org.entando.kubernetes.model.job.EntandoBundleComponentJobEntity
[ERROR] /workspace/source/src/main/java/org/entando/kubernetes/model/job/EntandoBundleComponentJobEntity.java:[70,40] cannot find symbol
[ERROR]   symbol:   method getComponentType()
[ERROR]   location: variable o of type org.entando.kubernetes.model.job.EntandoBundleComponentJobEntity
[ERROR] /workspace/source/src/main/java/org/entando/kubernetes/model/job/EntandoBundleComponentJobEntity.java:[71,38] cannot find symbol
[ERROR]   symbol:   method getComponentId()
[ERROR]   location: variable o of type org.entando.kubernetes.model.job.EntandoBundleComponentJobEntity
[ERROR] /workspace/source/src/main/java/org/entando/kubernetes/model/job/EntandoBundleComponentJobEntity.java:[72,35] cannot find symbol
[ERROR]   symbol:   method getChecksum()
[ERROR]   location: variable o of type org.entando.kubernetes.model.job.EntandoBundleComponentJobEntity
[ERROR] /workspace/source/src/main/java/org/entando/kubernetes/model/job/EntandoBundleComponentJobEntity.java:[73,36] cannot find symbol
[ERROR]   symbol:   method getStartedAt()
[ERROR]   location: variable o of type org.entando.kubernetes.model.job.EntandoBundleComponentJobEntity
[ERROR] /workspace/source/src/main/java/org/entando/kubernetes/model/job/EntandoBundleComponentJobEntity.java:[74,37] cannot find symbol
[ERROR]   symbol:   method getFinishedAt()
[ERROR]   location: variable o of type org.entando.kubernetes.model.job.EntandoBundleComponentJobEntity
[ERROR] /workspace/source/src/main/java/org/entando/kubernetes/model/job/EntandoBundleComponentJobEntity.java:[75,33] cannot find symbol
[ERROR]   symbol:   method getStatus()
[ERROR]   location: variable o of type org.entando.kubernetes.model.job.EntandoBundleComponentJobEntity
[ERROR] /workspace/source/src/main/java/org/entando/kubernetes/model/job/EntandoBundleComponentJobEntity.java:[76,33] cannot find symbol
[ERROR]   symbol:   method getAction()
[ERROR]   location: variable o of type org.entando.kubernetes.model.job.EntandoBundleComponentJobEntity
[ERROR] /workspace/source/src/main/java/org/entando/kubernetes/model/job/EntandoBundleComponentJobEntity.java:[77,38] cannot find symbol
[ERROR]   symbol:   method getInstallable()
[ERROR]   location: variable o of type org.entando.kubernetes.model.job.EntandoBundleComponentJobEntity
[ERROR] /workspace/source/src/main/java/org/entando/kubernetes/model/job/EntandoBundleComponentJobEntity.java:[78,46] cannot find symbol
[ERROR]   symbol:   method getInstallErrorMessage()
[ERROR]   location: variable o of type org.entando.kubernetes.model.job.EntandoBundleComponentJobEntity
[ERROR] /workspace/source/src/main/java/org/entando/kubernetes/model/job/EntandoBundleComponentJobEntity.java:[79,43] cannot find symbol
[ERROR]   symbol:   method getInstallErrorCode()
[ERROR]   location: variable o of type org.entando.kubernetes.model.job.EntandoBundleComponentJobEntity
[ERROR] /workspace/source/src/main/java/org/entando/kubernetes/model/job/EntandoBundleComponentJobEntity.java:[80,47] cannot find symbol
[ERROR]   symbol:   method getRollbackErrorMessage()
[ERROR]   location: variable o of type org.entando.kubernetes.model.job.EntandoBundleComponentJobEntity
[ERROR] /workspace/source/src/main/java/org/entando/kubernetes/model/job/EntandoBundleComponentJobEntity.java:[81,44] cannot find symbol
[ERROR]   symbol:   method getRollbackErrorCode()
[ERROR]   location: variable o of type org.entando.kubernetes.model.job.EntandoBundleComponentJobEntity
[ERROR] /workspace/source/src/main/java/org/entando/kubernetes/model/bundle/installable/Installable.java:[69,13] cannot find symbol
[ERROR]   symbol:   variable log
[ERROR]   location: class org.entando.kubernetes.model.bundle.installable.Installable<T>
[ERROR] /workspace/source/src/main/java/org/entando/kubernetes/model/bundle/installable/Installable.java:[121,9] cannot find symbol
[ERROR]   symbol:   variable log
[ERROR]   location: class org.entando.kubernetes.model.bundle.installable.Installable<T>
[ERROR] /workspace/source/src/main/java/org/entando/kubernetes/model/web/request/PagedListRequest.java:[42,29] cannot find symbol
[ERROR]   symbol: method getPage()
[ERROR] /workspace/source/src/main/java/org/entando/kubernetes/model/web/request/PagedListRequest.java:[46,21] cannot find symbol
[ERROR]   symbol: method setPageSize(int)
[ERROR] /workspace/source/src/main/java/org/entando/kubernetes/model/web/request/PagedListRequest.java:[57,27] cannot find symbol
[ERROR]   symbol: method getPage()
[ERROR] /workspace/source/src/main/java/org/entando/kubernetes/model/web/request/PagedListRequest.java:[58,28] cannot find symbol
[ERROR]   symbol: method getPage()
[ERROR] /workspace/source/src/main/java/org/entando/kubernetes/model/web/request/PagedListRequest.java:[58,46] cannot find symbol
[ERROR]   symbol: method getPage()
[ERROR] /workspace/source/src/main/java/org/entando/kubernetes/model/web/request/PagedListRequest.java:[58,68] cannot find symbol
[ERROR]   symbol: method getPageSize()
[ERROR] /workspace/source/src/main/java/org/entando/kubernetes/model/web/response/RestResponse.java:[19,9] cannot find symbol
[ERROR]   symbol:   method setPayload(T)
[ERROR]   location: class org.entando.kubernetes.model.web.response.RestResponse<T,M>
[ERROR] /workspace/source/src/main/java/org/entando/kubernetes/model/web/response/RestResponse.java:[23,9] cannot find symbol
[ERROR]   symbol:   method setPayload(T)
[ERROR]   location: class org.entando.kubernetes.model.web.response.RestResponse<T,M>
[ERROR] /workspace/source/src/main/java/org/entando/kubernetes/model/web/response/RestResponse.java:[29,9] cannot find symbol
[ERROR]   symbol:   method setErrors(java.util.List<org.entando.kubernetes.model.web.response.RestError>)
[ERROR]   location: class org.entando.kubernetes.model.web.response.RestResponse<T,M>
[ERROR] /workspace/source/src/main/java/org/entando/kubernetes/model/web/response/PagedRestResponse.java:[7,35] no suitable constructor found for RestResponse(no arguments)
[ERROR]     constructor org.entando.kubernetes.model.web.response.RestResponse.RestResponse(java.util.List<T>) is not applicable
[ERROR]       (actual and formal argument lists differ in length)
[ERROR]     constructor org.entando.kubernetes.model.web.response.RestResponse.RestResponse(java.util.List<T>,org.entando.kubernetes.model.web.response.PagedMetadata<T>) is not applicable
[ERROR]       (actual and formal argument lists differ in length)
[ERROR]     constructor org.entando.kubernetes.model.web.response.RestResponse.RestResponse(java.util.List<T>,org.entando.kubernetes.model.web.response.PagedMetadata<T>,java.util.List<org.entando.kubernetes.model.web.response.RestError>) is not applicable
[ERROR]       (actual and formal argument lists differ in length)
[ERROR] /workspace/source/src/main/java/org/entando/kubernetes/model/web/response/PagedRestResponse.java:[11,23] cannot find symbol
[ERROR]   symbol:   method getBody()
[ERROR]   location: variable metaData of type org.entando.kubernetes.model.web.response.PagedMetadata<T>
[ERROR] /workspace/source/src/main/java/org/entando/kubernetes/model/web/response/PagedRestResponse.java:[15,23] cannot find symbol
[ERROR]   symbol:   method getBody()
[ERROR]   location: variable metaData of type org.entando.kubernetes.model.web.response.PagedMetadata<T>
[ERROR] /workspace/source/src/main/java/org/entando/kubernetes/model/web/response/PagedMetadata.java:[61,25] cannot find symbol
[ERROR]   symbol:   method getPage()
[ERROR]   location: variable req of type org.entando.kubernetes.model.web.request.PagedListRequest
[ERROR] /workspace/source/src/main/java/org/entando/kubernetes/model/web/response/PagedMetadata.java:[61,46] cannot find symbol
[ERROR]   symbol:   method getPageSize()
[ERROR]   location: variable req of type org.entando.kubernetes.model.web.request.PagedListRequest
[ERROR] /workspace/source/src/main/java/org/entando/kubernetes/model/web/response/PagedMetadata.java:[62,30] cannot find symbol
[ERROR]   symbol:   method getPageSize()
[ERROR]   location: variable req of type org.entando.kubernetes.model.web.request.PagedListRequest
[ERROR] /workspace/source/src/main/java/org/entando/kubernetes/model/web/response/PagedMetadata.java:[75,30] cannot find symbol
[ERROR]   symbol:   method getPageSize()
[ERROR]   location: variable req of type org.entando.kubernetes.model.web.request.PagedListRequest
[ERROR] /workspace/source/src/main/java/org/entando/kubernetes/model/web/response/PagedMetadata.java:[75,68] cannot find symbol
[ERROR]   symbol:   method getPageSize()
[ERROR]   location: variable req of type org.entando.kubernetes.model.web.request.PagedListRequest
[ERROR] /workspace/source/src/main/java/org/entando/kubernetes/model/web/response/PagedMetadata.java:[76,24] cannot find symbol
[ERROR]   symbol:   method getPage()
[ERROR]   location: variable req of type org.entando.kubernetes.model.web.request.PagedListRequest
[ERROR] /workspace/source/src/main/java/org/entando/kubernetes/model/web/response/PagedMetadata.java:[77,28] cannot find symbol
[ERROR]   symbol:   method getPageSize()
[ERROR]   location: variable req of type org.entando.kubernetes.model.web.request.PagedListRequest
[ERROR] /workspace/source/src/main/java/org/entando/kubernetes/model/web/response/PagedMetadata.java:[81,23] cannot find symbol
[ERROR]   symbol:   method getSort()
[ERROR]   location: variable req of type org.entando.kubernetes.model.web.request.PagedListRequest
[ERROR] /workspace/source/src/main/java/org/entando/kubernetes/model/web/response/PagedMetadata.java:[81,45] invalid method reference
[ERROR]   cannot find symbol
[ERROR]     symbol:   method setSort()
[ERROR]     location: class org.entando.kubernetes.model.web.response.PagedMetadata<T>
[ERROR] /workspace/source/src/main/java/org/entando/kubernetes/model/web/response/PagedMetadata.java:[82,23] cannot find symbol
[ERROR]   symbol:   method getDirection()
[ERROR]   location: variable req of type org.entando.kubernetes.model.web.request.PagedListRequest
[ERROR] /workspace/source/src/main/java/org/entando/kubernetes/model/web/response/PagedMetadata.java:[82,50] invalid method reference
[ERROR]   cannot find symbol
[ERROR]     symbol:   method setDirection()
[ERROR]     location: class org.entando.kubernetes.model.web.response.PagedMetadata<T>
[ERROR] /workspace/source/src/main/java/org/entando/kubernetes/model/web/response/PagedMetadata.java:[83,23] cannot find symbol
[ERROR]   symbol:   method getFilters()
[ERROR]   location: variable req of type org.entando.kubernetes.model.web.request.PagedListRequest
[ERROR] /workspace/source/src/main/java/org/entando/kubernetes/model/web/response/PagedMetadata.java:[83,48] invalid method reference
[ERROR]   cannot find symbol
[ERROR]     symbol:   method setFilters()
[ERROR]     location: class org.entando.kubernetes.model.web.response.PagedMetadata<T>
[ERROR] /workspace/source/src/main/java/org/entando/kubernetes/model/bundle/EntandoBundle.java:[39,52] cannot find symbol
[ERROR]   symbol:   method getStatus()
[ERROR]   location: variable installedJob of type org.entando.kubernetes.model.job.EntandoBundleJob
[ERROR] /workspace/source/src/main/java/org/entando/kubernetes/model/bundle/EntandoBundle.java:[43,64] invalid method reference
[ERROR]   cannot find symbol
[ERROR]     symbol:   method getSemVersion()
[ERROR]     location: class org.entando.kubernetes.model.bundle.EntandoBundleVersion
[ERROR] /workspace/source/src/main/java/org/entando/kubernetes/model/web/response/SimpleRestResponse.java:[19,9] no suitable constructor found for RestResponse(no arguments)
[ERROR]     constructor org.entando.kubernetes.model.web.response.RestResponse.RestResponse(T) is not applicable
[ERROR]       (actual and formal argument lists differ in length)
[ERROR]     constructor org.entando.kubernetes.model.web.response.RestResponse.RestResponse(T,java.util.Map<java.lang.String,java.lang.Object>) is not applicable
[ERROR]       (actual and formal argument lists differ in length)
[ERROR]     constructor org.entando.kubernetes.model.web.response.RestResponse.RestResponse(T,java.util.Map<java.lang.String,java.lang.Object>,java.util.List<org.entando.kubernetes.model.web.response.RestError>) is not applicable
[ERROR]       (actual and formal argument lists differ in length)
[ERROR] /workspace/source/src/main/java/org/entando/kubernetes/model/web/response/SimpleRestResponse.java:[23,20] cannot find symbol
[ERROR]   symbol:   method getMetaData()
[ERROR]   location: class org.entando.kubernetes.model.web.response.SimpleRestResponse<T>
[ERROR] /workspace/source/src/main/java/org/entando/kubernetes/model/web/response/SimpleRestResponse.java:[29,16] cannot find symbol
[ERROR]   symbol:   method getMetaData()
[ERROR]   location: class org.entando.kubernetes.model.web.response.SimpleRestResponse<T>
[ERROR] /workspace/source/src/main/java/org/entando/kubernetes/model/entandocore/EntandoCoreComponentUsage.java:[20,13] constructor EntandoCoreComponentUsage in class org.entando.kubernetes.model.entandocore.EntandoCoreComponentUsage cannot be applied to given types;
[ERROR]   required: no arguments
[ERROR]   found: java.lang.String,<nulltype>,int
[ERROR]   reason: actual and formal argument lists differ in length
[ERROR] /workspace/source/src/main/java/org/entando/kubernetes/model/entandocore/EntandoCoreComponentUsage.java:[24,13] constructor EntandoCoreComponentUsage in class org.entando.kubernetes.model.entandocore.EntandoCoreComponentUsage cannot be applied to given types;
[ERROR]   required: no arguments
[ERROR]   found: java.lang.String,java.lang.String,int
[ERROR]   reason: actual and formal argument lists differ in length
[ERROR] /workspace/source/src/main/java/org/entando/kubernetes/model/entandocore/EntandoCoreComponentUsage.java:[28,13] constructor EntandoCoreComponentUsage in class org.entando.kubernetes.model.entandocore.EntandoCoreComponentUsage cannot be applied to given types;
[ERROR]   required: no arguments
[ERROR]   found: java.lang.String,java.lang.String,int
[ERROR]   reason: actual and formal argument lists differ in length
[ERROR] /workspace/source/src/main/java/org/entando/kubernetes/model/bundle/BundleType.java:[15,20] constructor BundleType in enum org.entando.kubernetes.model.bundle.BundleType cannot be applied to given types;
[ERROR]   required: no arguments
[ERROR]   found: java.lang.String
[ERROR]   reason: actual and formal argument lists differ in length
[ERROR] /workspace/source/src/main/java/org/entando/kubernetes/model/bundle/BundleType.java:[17,24] constructor BundleType in enum org.entando.kubernetes.model.bundle.BundleType cannot be applied to given types;
[ERROR]   required: no arguments
[ERROR]   found: java.lang.String
[ERROR]   reason: actual and formal argument lists differ in length
[ERROR] /workspace/source/src/main/java/org/entando/kubernetes/model/bundle/BundleType.java:[26,29] cannot find symbol
[ERROR]   symbol:   method getType()
[ERROR]   location: variable instance of type org.entando.kubernetes.model.bundle.BundleType
[ERROR] /workspace/source/src/main/java/org/entando/kubernetes/model/entandocore/EntandoCoreContentModel.java:[17,29] cannot find symbol
[ERROR]   symbol:   method getId()
[ERROR]   location: variable descriptor of type org.entando.kubernetes.model.bundle.descriptor.ContentTemplateDescriptor
[ERROR] /workspace/source/src/main/java/org/entando/kubernetes/model/entandocore/EntandoCoreContentModel.java:[18,38] cannot find symbol
[ERROR]   symbol:   method getContentType()
[ERROR]   location: variable descriptor of type org.entando.kubernetes.model.bundle.descriptor.ContentTemplateDescriptor
[ERROR] /workspace/source/src/main/java/org/entando/kubernetes/model/entandocore/EntandoCoreContentModel.java:[19,32] cannot find symbol
[ERROR]   symbol:   method getDescription()
[ERROR]   location: variable descriptor of type org.entando.kubernetes.model.bundle.descriptor.ContentTemplateDescriptor
[ERROR] /workspace/source/src/main/java/org/entando/kubernetes/model/entandocore/EntandoCoreContentModel.java:[20,39] cannot find symbol
[ERROR]   symbol:   method getContentShape()
[ERROR]   location: variable descriptor of type org.entando.kubernetes.model.bundle.descriptor.ContentTemplateDescriptor
[ERROR] /workspace/source/src/main/java/org/entando/kubernetes/model/bundle/descriptor/ContentTemplateDescriptor.java:[24,16] constructor ComponentKey in class org.entando.kubernetes.model.bundle.descriptor.ComponentKey cannot be applied to given types;
[ERROR]   required: no arguments
[ERROR]   found: java.lang.String
[ERROR]   reason: actual and formal argument lists differ in length
[ERROR] /workspace/source/src/main/java/org/entando/kubernetes/model/bundle/installable/DirectoryInstallable.java:[30,36] cannot find symbol
[ERROR]   symbol:   method isRoot()
[ERROR]   location: variable representation of type T
[ERROR] -> [Help 1]
[ERROR] 
[ERROR] To see the full stack trace of the errors, re-run Maven with the -e switch.
[ERROR] Re-run Maven using the -X switch to enable full debug logging.
[ERROR] 
[ERROR] For more information about the errors and possible solutions, please read the following articles:
[ERROR] [Help 1] http://cwiki.apache.org/confluence/display/MAVEN/MojoFailureException
Picked up _JAVA_OPTIONS: -XX:+UnlockExperimentalVMOptions -Dsun.zip.disableMemoryMapping=**** -XX:+UseParallelGC -XX:MinHeapFreeRatio=5 -XX:MaxHeapFreeRatio=10 -XX:GCTimeRatio=4 -XX:AdaptiveSizePolicyWeight=90 -Xms1000m -Xmx12000m
[INFO] Scanning for projects...
[INFO] 
[INFO] ---------------< org.entando:entando-component-manager >----------------
[INFO] Building Entando Component Manager 0.0.0-SNAPSHOT-PR-111-6
[INFO] --------------------------------[ jar ]---------------------------------
[INFO] 
[INFO] --- maven-site-plugin:3.9.0:site (default-site) @ entando-component-manager ---
[INFO] configuring report plugin org.apache.maven.plugins:maven-project-info-reports-plugin:3.0.0
[WARNING] dependency-info report is declared twice in default reportSet
[WARNING] distribution-management report is declared twice in default reportSet
[WARNING] index report is declared twice in default reportSet
[WARNING] ci-management report is declared twice in default reportSet
[WARNING] issue-management report is declared twice in default reportSet
[WARNING] licenses report is declared twice in default reportSet
[WARNING] plugins report is declared twice in default reportSet
[WARNING] scm report is declared twice in default reportSet
[WARNING] summary report is declared twice in default reportSet
[INFO] 9 reports configured for maven-project-info-reports-plugin:3.0.0: dependency-info, distribution-management, index, ci-management, issue-management, licenses, plugins, scm, summary
[INFO] Rendering site with default locale English (en)
[WARNING] Unable to find a URL to the parent project. The parent menu will NOT be added.
[INFO] Relativizing decoration links with respect to localized project URL: http://www.entando.com/
[INFO] Rendering content with org.apache.maven.skins:maven-default-skin:jar:1.3 skin.
[INFO] Generating "Dependency Information" report --- maven-project-info-reports-plugin:3.0.0:dependency-info
[INFO] Generating "About" report         --- maven-project-info-reports-plugin:3.0.0:index
[INFO] Generating "Issue Management" report --- maven-project-info-reports-plugin:3.0.0:issue-management
[INFO] Generating "Licenses" report      --- maven-project-info-reports-plugin:3.0.0:licenses
[INFO] Generating "Plugins" report       --- maven-project-info-reports-plugin:3.0.0:plugins
[INFO] Generating "Source Code Management" report --- maven-project-info-reports-plugin:3.0.0:scm
[INFO] Generating "Summary" report       --- maven-project-info-reports-plugin:3.0.0:summary
[INFO] ------------------------------------------------------------------------
[INFO] BUILD SUCCESS
[INFO] ------------------------------------------------------------------------
[INFO] Total time:  9.037 s
[INFO] Finished at: 2021-03-24T16:06:58Z
[INFO] ------------------------------------------------------------------------
error: etcdserver: request is too large
No pre-deployment test results found for entando-component-manager-PR-111.
No OWASP dependency check found for entando-component-manager-PR-111.
The following checks failed for entando-component-manager-PR-111:
No pre-deployment test results produced by build
No OWASP dependency check results produced by build
[31m
Pipeline failed on stage 'from-build-pack' : container 'step-build-mvn-verify-pr'. The execution of the pipeline has stopped.[0m
