GROUP,PACKAGE,CLASS,INSTRUCTION_MISSED,INSTRUCTION_COVERED,BRANCH_MISSED,BRANCH_COVERED,LINE_MISSED,LINE_COVERED,COMPLEXITY_MISSED,COMPLEXITY_COVERED,METHOD_MISSED,METHOD_COVERED
Entando K8S Controller for Entando Plugin Deployments,org.entando.kubernetes.controller.plugin,EntandoPluginDeploymentResult,0,6,0,0,0,2,0,1,0,1
Entando K8S Controller for Entando Plugin Deployments,org.entando.kubernetes.controller.plugin,EntandoPluginDeployableContainer,0,224,0,0,0,42,0,23,0,23
Entando K8S Controller for Entando Plugin Deployments,org.entando.kubernetes.controller.plugin,EntandoPluginServerDeployable,0,74,0,0,0,16,0,12,0,12
Entando K8S Controller for Entando Plugin Deployments,org.entando.kubernetes.controller.plugin,EntandoPluginController,2,386,1,7,1,64,1,17,0,14
