<!DOCTYPE html>
<!--
 | Generated by Apache Maven Doxia Site Renderer 1.9.1 at 2021-06-30

 | Rendered using Apache Maven Default Skin
-->
<html xmlns="http://www.w3.org/1999/xhtml" xml:lang="en" lang="en">
  <head>
    <meta charset="UTF-8" />
    <meta name="viewport" content="width=device-width, initial-scale=1.0" />
    <meta name="generator" content="Apache Maven Doxia Site Renderer 1.9.1" />
    <title>Surefire Report</title>
    <link rel="stylesheet" href="./css/maven-base.css" />
    <link rel="stylesheet" href="./css/maven-theme.css" />
    <link rel="stylesheet" href="./css/site.css" />
    <link rel="stylesheet" href="./css/print.css" media="print" />
  </head>
  <body class="composite">
    <div id="banner">
      <div class="clear">
        <hr/>
      </div>
    </div>
    <div id="breadcrumbs">
      <div class="xleft">
        <span id="publishDate">Last Published: 2021-06-30</span>
          &#xA0;| <span id="projectVersion">Version: 0.0.0-SNAPSHOT-PR-28-20</span>
      </div>
      <div class="xright">      </div>
      <div class="clear">
        <hr/>
      </div>
    </div>
    <div id="leftColumn">
      <div id="navcolumn">
      <a href="http://maven.apache.org/" title="Built by Maven" class="poweredBy">
        <img class="poweredBy" alt="Built by Maven" src="./images/logos/maven-feather.png" />
      </a>
      </div>
    </div>
    <div id="bodyColumn">
      <div id="contentBox">
<script type="application/javascript">
//<![CDATA[
function toggleDisplay(elementId) {
 var elm = document.getElementById(elementId + '-error');
 if (elm == null) {
  elm = document.getElementById(elementId + '-failure');
 }
 if (elm && typeof elm.style != "undefined") {
  if (elm.style.display == "none") {
   elm.style.display = "";
   document.getElementById(elementId + '-off').style.display = "none";
   document.getElementById(elementId + '-on').style.display = "inline";
  } else if (elm.style.display == "") {   elm.style.display = "none";
   document.getElementById(elementId + '-off').style.display = "inline";
   document.getElementById(elementId + '-on').style.display = "none";
  } 
 } 
 }
//]]>
</script><section>
<h2><a name="Surefire_Report"></a>Surefire Report</h2></section><section>
<h2><a name="Summary"></a>Summary</h2><a name="Summary"></a>
<p>[<a href="#Summary">Summary</a>] [<a href="#Package_List">Package List</a>] [<a href="#Test_Cases">Test Cases</a>]</p><br />
<table border="1" class="bodyTable">
<tr class="a">
<th>Tests</th>
<th>Errors</th>
<th>Failures</th>
<th>Skipped</th>
<th>Success Rate</th>
<th>Time</th></tr>
<tr class="b">
<td>17</td>
<td>3</td>
<td>5</td>
<td>0</td>
<td>52.941%</td>
<td>16.029</td></tr></table><br />
<p>Note: failures are anticipated and checked for with assertions while errors are unanticipated.</p><br /></section><section>
<h2><a name="Package_List"></a>Package List</h2><a name="Package_List"></a>
<p>[<a href="#Summary">Summary</a>] [<a href="#Package_List">Package List</a>] [<a href="#Test_Cases">Test Cases</a>]</p><br />
<table border="1" class="bodyTable">
<tr class="a">
<th>Package</th>
<th>Tests</th>
<th>Errors</th>
<th>Failures</th>
<th>Skipped</th>
<th>Success Rate</th>
<th>Time</th></tr>
<tr class="b">
<td><a href="#org.entando.kubernetes.controller.keycloakserver">org.entando.kubernetes.controller.keycloakserver</a></td>
<td>17</td>
<td>3</td>
<td>5</td>
<td>0</td>
<td>52.941%</td>
<td>16.029</td></tr></table><br />
<p>Note: package statistics are not computed recursively, they only sum up all of its testsuites numbers.</p><section>
<h3><a name="org.entando.kubernetes.controller.keycloakserver"></a>org.entando.kubernetes.controller.keycloakserver</h3><a name="org.entando.kubernetes.controller.keycloakserver"></a>
<table border="1" class="bodyTable">
<tr class="a">
<th></th>
<th>Class</th>
<th>Tests</th>
<th>Errors</th>
<th>Failures</th>
<th>Skipped</th>
<th>Success Rate</th>
<th>Time</th></tr>
<tr class="b">
<td><a href="#org.entando.kubernetes.controller.keycloakserver.DeployedKeycloakCapabilityTest"><figure><img src="images/icon_success_sml.gif" alt="" /></figure></a></td>
<td><a href="#org.entando.kubernetes.controller.keycloakserver.DeployedKeycloakCapabilityTest">DeployedKeycloakCapabilityTest</a></td>
<td>3</td>
<td>0</td>
<td>0</td>
<td>0</td>
<td>100%</td>
<td>11.952</td></tr>
<tr class="a">
<td><a href="#org.entando.kubernetes.controller.keycloakserver.ExternalKeycloakCapabilityTest"><figure><img src="images/icon_success_sml.gif" alt="" /></figure></a></td>
<td><a href="#org.entando.kubernetes.controller.keycloakserver.ExternalKeycloakCapabilityTest">ExternalKeycloakCapabilityTest</a></td>
<td>5</td>
<td>0</td>
<td>0</td>
<td>0</td>
<td>100%</td>
<td>2.042</td></tr>
<tr class="b">
<td><a href="#org.entando.kubernetes.controller.keycloakserver.ExternalKeycloakServerTest"><figure><img src="images/icon_error_sml.gif" alt="" /></figure></a></td>
<td><a href="#org.entando.kubernetes.controller.keycloakserver.ExternalKeycloakServerTest">ExternalKeycloakServerTest</a></td>
<td>4</td>
<td>1</td>
<td>3</td>
<td>0</td>
<td>0%</td>
<td>0.34</td></tr>
<tr class="a">
<td><a href="#org.entando.kubernetes.controller.keycloakserver.DeployedKeycloakServerTest"><figure><img src="images/icon_error_sml.gif" alt="" /></figure></a></td>
<td><a href="#org.entando.kubernetes.controller.keycloakserver.DeployedKeycloakServerTest">DeployedKeycloakServerTest</a></td>
<td>5</td>
<td>2</td>
<td>2</td>
<td>0</td>
<td>20%</td>
<td>1.695</td></tr></table></section><br /></section><section>
<h2><a name="Test_Cases"></a>Test Cases</h2><a name="Test_Cases"></a>
<p>[<a href="#Summary">Summary</a>] [<a href="#Package_List">Package List</a>] [<a href="#Test_Cases">Test Cases</a>]</p><section>
<h3><a name="DeployedKeycloakCapabilityTest"></a>DeployedKeycloakCapabilityTest</h3><a name="org.entando.kubernetes.controller.keycloakserver.DeployedKeycloakCapabilityTest"></a>
<table border="1" class="bodyTable">
<tr class="a">
<td><figure><img src="images/icon_success_sml.gif" alt="" /></figure></td>
<td><a name="TC_org.entando.kubernetes.controller.keycloakserver.DeployedKeycloakCapabilityTest.shouldDeployKeycloakCommunityEditionWithCustomConfigValues"></a>shouldDeployKeycloakCommunityEditionWithCustomConfigValues</td>
<td>5.196</td></tr>
<tr class="b">
<td><figure><img src="images/icon_success_sml.gif" alt="" /></figure></td>
<td><a name="TC_org.entando.kubernetes.controller.keycloakserver.DeployedKeycloakCapabilityTest.shouldDeployRedHatSsoWithDefaultValues"></a>shouldDeployRedHatSsoWithDefaultValues</td>
<td>2.01</td></tr>
<tr class="a">
<td><figure><img src="images/icon_success_sml.gif" alt="" /></figure></td>
<td><a name="TC_org.entando.kubernetes.controller.keycloakserver.DeployedKeycloakCapabilityTest.shouldDeployKeycloakCommunityEditionWithDefaultValues"></a>shouldDeployKeycloakCommunityEditionWithDefaultValues</td>
<td>1.247</td></tr></table></section><section>
<h3><a name="ExternalKeycloakCapabilityTest"></a>ExternalKeycloakCapabilityTest</h3><a name="org.entando.kubernetes.controller.keycloakserver.ExternalKeycloakCapabilityTest"></a>
<table border="1" class="bodyTable">
<tr class="a">
<td><figure><img src="images/icon_success_sml.gif" alt="" /></figure></td>
<td><a name="TC_org.entando.kubernetes.controller.keycloakserver.ExternalKeycloakCapabilityTest.shouldFailWhenNoHostNameSpecified"></a>shouldFailWhenNoHostNameSpecified</td>
<td>0.401</td></tr>
<tr class="b">
<td><figure><img src="images/icon_success_sml.gif" alt="" /></figure></td>
<td><a name="TC_org.entando.kubernetes.controller.keycloakserver.ExternalKeycloakCapabilityTest.shouldFailWhenNoAdminSecretName"></a>shouldFailWhenNoAdminSecretName</td>
<td>0.369</td></tr>
<tr class="a">
<td><figure><img src="images/icon_success_sml.gif" alt="" /></figure></td>
<td><a name="TC_org.entando.kubernetes.controller.keycloakserver.ExternalKeycloakCapabilityTest.shouldLinkToExternalServiceOnPort443"></a>shouldLinkToExternalServiceOnPort443</td>
<td>0.46</td></tr>
<tr class="b">
<td><figure><img src="images/icon_success_sml.gif" alt="" /></figure></td>
<td><a name="TC_org.entando.kubernetes.controller.keycloakserver.ExternalKeycloakCapabilityTest.shouldLinkToExternalService"></a>shouldLinkToExternalService</td>
<td>0.389</td></tr>
<tr class="a">
<td><figure><img src="images/icon_success_sml.gif" alt="" /></figure></td>
<td><a name="TC_org.entando.kubernetes.controller.keycloakserver.ExternalKeycloakCapabilityTest.shouldFailWhenAdminSecretAbsent"></a>shouldFailWhenAdminSecretAbsent</td>
<td>0.376</td></tr></table></section><section>
<h3><a name="ExternalKeycloakServerTest"></a>ExternalKeycloakServerTest</h3><a name="org.entando.kubernetes.controller.keycloakserver.ExternalKeycloakServerTest"></a>
<table border="1" class="bodyTable">
<tr class="a">
<td><a href="#org.entando.kubernetes.controller.keycloakserver.ExternalKeycloakServerTest.shouldFailWhenNoAdminSecretName"><figure><img src="images/icon_error_sml.gif" alt="" /></figure></a></td>
<td><a name="TC_org.entando.kubernetes.controller.keycloakserver.ExternalKeycloakServerTest.shouldFailWhenNoAdminSecretName"></a><a href="#org.entando.kubernetes.controller.keycloakserver.ExternalKeycloakServerTest.shouldFailWhenNoAdminSecretName">shouldFailWhenNoAdminSecretName</a>
<div class="detailToggle" style="display:inline"><a href="javascript:toggleDisplay('org.entando.kubernetes.controller.keycloakserver.ExternalKeycloakServerTest.shouldFailWhenNoAdminSecretName');"><span style="display:inline;" id="org.entando.kubernetes.controller.keycloakserver.ExternalKeycloakServerTest.shouldFailWhenNoAdminSecretName-off"> + </span><span style="display:none;" id="org.entando.kubernetes.controller.keycloakserver.ExternalKeycloakServerTest.shouldFailWhenNoAdminSecretName-on"> - </span>[ Detail ]</a></div></td>
<td>0.043</td></tr>
<tr class="b">
<td></td>
<td>Unexpected exception type thrown ==&gt; expected: &lt;picocli.CommandLine.ExecutionException&gt; but was: &lt;java.lang.NullPointerException&gt;</td>
<td></td></tr>
<tr class="a">
<td></td>
<td>
<div id="org.entando.kubernetes.controller.keycloakserver.ExternalKeycloakServerTest.shouldFailWhenNoAdminSecretName-failure" style="display:none;">
<div>
<pre>org.opentest4j.AssertionFailedError: Unexpected exception type thrown ==&gt; expected: &lt;picocli.CommandLine.ExecutionException&gt; but was: &lt;java.lang.NullPointerException&gt;
	at org.entando.kubernetes.controller.keycloakserver.ExternalKeycloakServerTest.lambda$shouldFailWhenNoAdminSecretName$20(ExternalKeycloakServerTest.java:235)
	at org.entando.kubernetes.controller.keycloakserver.ExternalKeycloakServerTest.shouldFailWhenNoAdminSecretName(ExternalKeycloakServerTest.java:234)
Caused by: java.lang.NullPointerException
	at org.entando.kubernetes.controller.keycloakserver.ExternalKeycloakServerTest.lambda$shouldFailWhenNoAdminSecretName$19(ExternalKeycloakServerTest.java:236)
	at org.entando.kubernetes.controller.keycloakserver.ExternalKeycloakServerTest.lambda$shouldFailWhenNoAdminSecretName$20(ExternalKeycloakServerTest.java:235)
	at org.entando.kubernetes.controller.keycloakserver.ExternalKeycloakServerTest.shouldFailWhenNoAdminSecretName(ExternalKeycloakServerTest.java:234)
</pre></div></div></td>
<td></td></tr>
<tr class="b">
<td><a href="#org.entando.kubernetes.controller.keycloakserver.ExternalKeycloakServerTest.shouldLinkToExternalService"><figure><img src="images/icon_error_sml.gif" alt="" /></figure></a></td>
<td><a name="TC_org.entando.kubernetes.controller.keycloakserver.ExternalKeycloakServerTest.shouldLinkToExternalService"></a><a href="#org.entando.kubernetes.controller.keycloakserver.ExternalKeycloakServerTest.shouldLinkToExternalService">shouldLinkToExternalService</a>
<div class="detailToggle" style="display:inline"><a href="javascript:toggleDisplay('org.entando.kubernetes.controller.keycloakserver.ExternalKeycloakServerTest.shouldLinkToExternalService');"><span style="display:inline;" id="org.entando.kubernetes.controller.keycloakserver.ExternalKeycloakServerTest.shouldLinkToExternalService-off"> + </span><span style="display:none;" id="org.entando.kubernetes.controller.keycloakserver.ExternalKeycloakServerTest.shouldLinkToExternalService-on"> - </span>[ Detail ]</a></div></td>
<td>0.084</td></tr>
<tr class="a">
<td></td>
<td></td>
<td></td></tr>
<tr class="b">
<td></td>
<td>
<div id="org.entando.kubernetes.controller.keycloakserver.ExternalKeycloakServerTest.shouldLinkToExternalService-error" style="display:none;">
<div>
<pre>java.lang.NullPointerException
	at org.entando.kubernetes.controller.keycloakserver.ExternalKeycloakServerTest.lambda$shouldLinkToExternalService$1(ExternalKeycloakServerTest.java:72)
	at org.entando.kubernetes.controller.keycloakserver.ExternalKeycloakServerTest.shouldLinkToExternalService(ExternalKeycloakServerTest.java:71)
</pre></div></div></td>
<td></td></tr>
<tr class="a">
<td><a href="#org.entando.kubernetes.controller.keycloakserver.ExternalKeycloakServerTest.shouldFailWhenNoFrontEndUrlSpecified"><figure><img src="images/icon_error_sml.gif" alt="" /></figure></a></td>
<td><a name="TC_org.entando.kubernetes.controller.keycloakserver.ExternalKeycloakServerTest.shouldFailWhenNoFrontEndUrlSpecified"></a><a href="#org.entando.kubernetes.controller.keycloakserver.ExternalKeycloakServerTest.shouldFailWhenNoFrontEndUrlSpecified">shouldFailWhenNoFrontEndUrlSpecified</a>
<div class="detailToggle" style="display:inline"><a href="javascript:toggleDisplay('org.entando.kubernetes.controller.keycloakserver.ExternalKeycloakServerTest.shouldFailWhenNoFrontEndUrlSpecified');"><span style="display:inline;" id="org.entando.kubernetes.controller.keycloakserver.ExternalKeycloakServerTest.shouldFailWhenNoFrontEndUrlSpecified-off"> + </span><span style="display:none;" id="org.entando.kubernetes.controller.keycloakserver.ExternalKeycloakServerTest.shouldFailWhenNoFrontEndUrlSpecified-on"> - </span>[ Detail ]</a></div></td>
<td>0.102</td></tr>
<tr class="b">
<td></td>
<td>Unexpected exception type thrown ==&gt; expected: &lt;picocli.CommandLine.ExecutionException&gt; but was: &lt;java.lang.NullPointerException&gt;</td>
<td></td></tr>
<tr class="a">
<td></td>
<td>
<div id="org.entando.kubernetes.controller.keycloakserver.ExternalKeycloakServerTest.shouldFailWhenNoFrontEndUrlSpecified-failure" style="display:none;">
<div>
<pre>org.opentest4j.AssertionFailedError: Unexpected exception type thrown ==&gt; expected: &lt;picocli.CommandLine.ExecutionException&gt; but was: &lt;java.lang.NullPointerException&gt;
	at org.entando.kubernetes.controller.keycloakserver.ExternalKeycloakServerTest.lambda$shouldFailWhenNoFrontEndUrlSpecified$14(ExternalKeycloakServerTest.java:178)
	at org.entando.kubernetes.controller.keycloakserver.ExternalKeycloakServerTest.shouldFailWhenNoFrontEndUrlSpecified(ExternalKeycloakServerTest.java:177)
Caused by: java.lang.NullPointerException
	at org.entando.kubernetes.controller.keycloakserver.ExternalKeycloakServerTest.lambda$shouldFailWhenNoFrontEndUrlSpecified$13(ExternalKeycloakServerTest.java:179)
	at org.entando.kubernetes.controller.keycloakserver.ExternalKeycloakServerTest.lambda$shouldFailWhenNoFrontEndUrlSpecified$14(ExternalKeycloakServerTest.java:178)
	at org.entando.kubernetes.controller.keycloakserver.ExternalKeycloakServerTest.shouldFailWhenNoFrontEndUrlSpecified(ExternalKeycloakServerTest.java:177)
</pre></div></div></td>
<td></td></tr>
<tr class="b">
<td><a href="#org.entando.kubernetes.controller.keycloakserver.ExternalKeycloakServerTest.shouldFailWhenAdminSecretAbsent"><figure><img src="images/icon_error_sml.gif" alt="" /></figure></a></td>
<td><a name="TC_org.entando.kubernetes.controller.keycloakserver.ExternalKeycloakServerTest.shouldFailWhenAdminSecretAbsent"></a><a href="#org.entando.kubernetes.controller.keycloakserver.ExternalKeycloakServerTest.shouldFailWhenAdminSecretAbsent">shouldFailWhenAdminSecretAbsent</a>
<div class="detailToggle" style="display:inline"><a href="javascript:toggleDisplay('org.entando.kubernetes.controller.keycloakserver.ExternalKeycloakServerTest.shouldFailWhenAdminSecretAbsent');"><span style="display:inline;" id="org.entando.kubernetes.controller.keycloakserver.ExternalKeycloakServerTest.shouldFailWhenAdminSecretAbsent-off"> + </span><span style="display:none;" id="org.entando.kubernetes.controller.keycloakserver.ExternalKeycloakServerTest.shouldFailWhenAdminSecretAbsent-on"> - </span>[ Detail ]</a></div></td>
<td>0.104</td></tr>
<tr class="a">
<td></td>
<td>Unexpected exception type thrown ==&gt; expected: &lt;picocli.CommandLine.ExecutionException&gt; but was: &lt;java.lang.NullPointerException&gt;</td>
<td></td></tr>
<tr class="b">
<td></td>
<td>
<div id="org.entando.kubernetes.controller.keycloakserver.ExternalKeycloakServerTest.shouldFailWhenAdminSecretAbsent-failure" style="display:none;">
<div>
<pre>org.opentest4j.AssertionFailedError: Unexpected exception type thrown ==&gt; expected: &lt;picocli.CommandLine.ExecutionException&gt; but was: &lt;java.lang.NullPointerException&gt;
	at org.entando.kubernetes.controller.keycloakserver.ExternalKeycloakServerTest.lambda$shouldFailWhenAdminSecretAbsent$8(ExternalKeycloakServerTest.java:119)
	at org.entando.kubernetes.controller.keycloakserver.ExternalKeycloakServerTest.shouldFailWhenAdminSecretAbsent(ExternalKeycloakServerTest.java:118)
Caused by: java.lang.NullPointerException
	at org.entando.kubernetes.controller.keycloakserver.ExternalKeycloakServerTest.lambda$shouldFailWhenAdminSecretAbsent$7(ExternalKeycloakServerTest.java:120)
	at org.entando.kubernetes.controller.keycloakserver.ExternalKeycloakServerTest.lambda$shouldFailWhenAdminSecretAbsent$8(ExternalKeycloakServerTest.java:119)
	at org.entando.kubernetes.controller.keycloakserver.ExternalKeycloakServerTest.shouldFailWhenAdminSecretAbsent(ExternalKeycloakServerTest.java:118)
</pre></div></div></td>
<td></td></tr></table></section><section>
<h3><a name="DeployedKeycloakServerTest"></a>DeployedKeycloakServerTest</h3><a name="org.entando.kubernetes.controller.keycloakserver.DeployedKeycloakServerTest"></a>
<table border="1" class="bodyTable">
<tr class="a">
<td><figure><img src="images/icon_success_sml.gif" alt="" /></figure></td>
<td><a name="TC_org.entando.kubernetes.controller.keycloakserver.DeployedKeycloakServerTest.shouldDeployKeycloakCommunityEditionWithCustomConfigValues"></a>shouldDeployKeycloakCommunityEditionWithCustomConfigValues</td>
<td>1.172</td></tr>
<tr class="b">
<td><a href="#org.entando.kubernetes.controller.keycloakserver.DeployedKeycloakServerTest.shouldMountTrustCertificateAuthorityCertificates"><figure><img src="images/icon_error_sml.gif" alt="" /></figure></a></td>
<td><a name="TC_org.entando.kubernetes.controller.keycloakserver.DeployedKeycloakServerTest.shouldMountTrustCertificateAuthorityCertificates"></a><a href="#org.entando.kubernetes.controller.keycloakserver.DeployedKeycloakServerTest.shouldMountTrustCertificateAuthorityCertificates">shouldMountTrustCertificateAuthorityCertificates</a>
<div class="detailToggle" style="display:inline"><a href="javascript:toggleDisplay('org.entando.kubernetes.controller.keycloakserver.DeployedKeycloakServerTest.shouldMountTrustCertificateAuthorityCertificates');"><span style="display:inline;" id="org.entando.kubernetes.controller.keycloakserver.DeployedKeycloakServerTest.shouldMountTrustCertificateAuthorityCertificates-off"> + </span><span style="display:none;" id="org.entando.kubernetes.controller.keycloakserver.DeployedKeycloakServerTest.shouldMountTrustCertificateAuthorityCertificates-on"> - </span>[ Detail ]</a></div></td>
<td>0.133</td></tr>
<tr class="a">
<td></td>
<td></td>
<td></td></tr>
<tr class="b">
<td></td>
<td>
<div id="org.entando.kubernetes.controller.keycloakserver.DeployedKeycloakServerTest.shouldMountTrustCertificateAuthorityCertificates-error" style="display:none;">
<div>
<pre>java.lang.NullPointerException
	at org.entando.kubernetes.controller.keycloakserver.DeployedKeycloakServerTest.lambda$shouldMountTrustCertificateAuthorityCertificates$52(DeployedKeycloakServerTest.java:438)
	at org.entando.kubernetes.controller.keycloakserver.DeployedKeycloakServerTest.shouldMountTrustCertificateAuthorityCertificates(DeployedKeycloakServerTest.java:437)
</pre></div></div></td>
<td></td></tr>
<tr class="a">
<td><a href="#org.entando.kubernetes.controller.keycloakserver.DeployedKeycloakServerTest.shouldDeployRedHatSsoWithDefaultValues"><figure><img src="images/icon_error_sml.gif" alt="" /></figure></a></td>
<td><a name="TC_org.entando.kubernetes.controller.keycloakserver.DeployedKeycloakServerTest.shouldDeployRedHatSsoWithDefaultValues"></a><a href="#org.entando.kubernetes.controller.keycloakserver.DeployedKeycloakServerTest.shouldDeployRedHatSsoWithDefaultValues">shouldDeployRedHatSsoWithDefaultValues</a>
<div class="detailToggle" style="display:inline"><a href="javascript:toggleDisplay('org.entando.kubernetes.controller.keycloakserver.DeployedKeycloakServerTest.shouldDeployRedHatSsoWithDefaultValues');"><span style="display:inline;" id="org.entando.kubernetes.controller.keycloakserver.DeployedKeycloakServerTest.shouldDeployRedHatSsoWithDefaultValues-off"> + </span><span style="display:none;" id="org.entando.kubernetes.controller.keycloakserver.DeployedKeycloakServerTest.shouldDeployRedHatSsoWithDefaultValues-on"> - </span>[ Detail ]</a></div></td>
<td>0.11</td></tr>
<tr class="b">
<td></td>
<td></td>
<td></td></tr>
<tr class="a">
<td></td>
<td>
<div id="org.entando.kubernetes.controller.keycloakserver.DeployedKeycloakServerTest.shouldDeployRedHatSsoWithDefaultValues-error" style="display:none;">
<div>
<pre>java.lang.NullPointerException
	at org.entando.kubernetes.controller.keycloakserver.DeployedKeycloakServerTest.lambda$shouldDeployRedHatSsoWithDefaultValues$4(DeployedKeycloakServerTest.java:124)
	at org.entando.kubernetes.controller.keycloakserver.DeployedKeycloakServerTest.shouldDeployRedHatSsoWithDefaultValues(DeployedKeycloakServerTest.java:123)
</pre></div></div></td>
<td></td></tr>
<tr class="b">
<td><a href="#org.entando.kubernetes.controller.keycloakserver.DeployedKeycloakServerTest.shouldFailIfTheDatabaseProvisioningFailed"><figure><img src="images/icon_error_sml.gif" alt="" /></figure></a></td>
<td><a name="TC_org.entando.kubernetes.controller.keycloakserver.DeployedKeycloakServerTest.shouldFailIfTheDatabaseProvisioningFailed"></a><a href="#org.entando.kubernetes.controller.keycloakserver.DeployedKeycloakServerTest.shouldFailIfTheDatabaseProvisioningFailed">shouldFailIfTheDatabaseProvisioningFailed</a>
<div class="detailToggle" style="display:inline"><a href="javascript:toggleDisplay('org.entando.kubernetes.controller.keycloakserver.DeployedKeycloakServerTest.shouldFailIfTheDatabaseProvisioningFailed');"><span style="display:inline;" id="org.entando.kubernetes.controller.keycloakserver.DeployedKeycloakServerTest.shouldFailIfTheDatabaseProvisioningFailed-off"> + </span><span style="display:none;" id="org.entando.kubernetes.controller.keycloakserver.DeployedKeycloakServerTest.shouldFailIfTheDatabaseProvisioningFailed-on"> - </span>[ Detail ]</a></div></td>
<td>0.119</td></tr>
<tr class="a">
<td></td>
<td>
Expecting:
  &quot;java.lang.NullPointerException
 at java.base/java.util.concurrent.ConcurrentHashMap.putVal(ConcurrentHashMap.java:1011)
 at java.base/java.util.concurrent.ConcurrentHashMap.put(ConcurrentHashMap.java:1006)
 at org.entando.kubernetes.model.capability.CapabilityRequirementFluent.withPreferredIngressHostName(CapabilityRequirementFluent.java:107)
 at org.entando.kubernetes.controller.keycloakserver.EntandoKeycloakServerController.toCapability(EntandoKeycloakServerController.java:252)
 at org.entando.kubernetes.controller.keycloakserver.EntandoKeycloakServerController.run(EntandoKeycloakServerController.java:103)
 at org.entando.kubernetes.test.common.ControllerTestHelper.runControllerAgainstCustomResource(ControllerTestHelper.java:112)
 at org.entando.kubernetes.controller.keycloakserver.DeployedKeycloakServerTest.lambda$shouldFailIfTheDatabaseProvisioningFailed$59(DeployedKeycloakServerTest.java:490)
 at org.assertj.core.api.ThrowableAssert.catchThrowable(ThrowableAssert.java:62)
 at org.assertj.core.api.AssertionsForClassTypes.catchThrowable(AssertionsForClassTypes.java:877)
 at org.assertj.core.api.Assertions.catchThrowable(Assertions.java:1306)
 at org.entando.kubernetes.controller.keycloakserver.DeployedKeycloakServerTest.lambda$shouldFailIfTheDatabaseProvisioningFailed$60(DeployedKeycloakServerTest.java:490)
 at io.qameta.allure.Allure.lambda$step$0(Allure.java:113)
 at io.qameta.allure.Allure.lambda$step$1(Allure.java:127)
 at io.qameta.allure.Allure.step(Allure.java:181)
 at io.qameta.allure.Allure.step(Allure.java:125)
 at io.qameta.allure.Allure.step(Allure.java:112)
 at org.entando.kubernetes.controller.keycloakserver.DeployedKeycloakServerTest.shouldFailIfTheDatabaseProvisioningFailed(DeployedKeycloakServerTest.java:489)
 at java.base/jdk.internal.reflect.NativeMethodAccessorImpl.invoke0(Native Method)
 at java.base/jdk.internal.reflect.NativeMethodAccessorImpl.invoke(NativeMethodAccessorImpl.java:62)
 at java.base/jdk.internal.reflect.DelegatingMethodAccessorImpl.invoke(DelegatingMethodAccessorImpl.java:43)
 at java.base/java.lang.reflect.Method.invoke(Method.java:566)
 at org.junit.platform.commons.util.ReflectionUtils.invokeMethod(ReflectionUtils.java:688)
 at org.junit.jupiter.engine.execution.MethodInvocation.proceed(MethodInvocation.java:60)
 at org.junit.jupiter.engine.execution.InvocationInterceptorChain$ValidatingInvocation.proceed(InvocationInterceptorChain.java:131)
 at org.junit.jupiter.api.extension.InvocationInterceptor.interceptTestMethod(InvocationInterceptor.java:117)
 at org.junit.jupiter.engine.execution.ExecutableInvoker$ReflectiveInterceptorCall.lambda$ofVoidMethod$0(ExecutableInvoker.java:115)
 at org.junit.jupiter.engine.execution.ExecutableInvoker.lambda$invoke$0(ExecutableInvoker.java:105)
 at org.junit.jupiter.engine.execution.InvocationInterceptorChain$InterceptedInvocation.proceed(InvocationInterceptorChain.java:106)
 at org.junit.jupiter.engine.extension.TimeoutExtension.intercept(TimeoutExtension.java:149)
 at org.junit.jupiter.engine.extension.TimeoutExtension.interceptTestableMethod(TimeoutExtension.java:140)
 at org.junit.jupiter.engine.extension.TimeoutExtension.interceptTestMethod(TimeoutExtension.java:84)
 at org.junit.jupiter.engine.execution.ExecutableInvoker$ReflectiveInterceptorCall.lambda$ofVoidMethod$0(ExecutableInvoker.java:115)
 at org.junit.jupiter.engine.execution.ExecutableInvoker.lambda$invoke$0(ExecutableInvoker.java:105)
 at org.junit.jupiter.engine.execution.InvocationInterceptorChain$InterceptedInvocation.proceed(InvocationInterceptorChain.java:106)
 at org.junit.jupiter.engine.execution.InvocationInterceptorChain.proceed(InvocationInterceptorChain.java:64)
 at org.junit.jupiter.engine.execution.InvocationInterceptorChain.chainAndInvoke(InvocationInterceptorChain.java:45)
 at org.junit.jupiter.engine.execution.InvocationInterceptorChain.invoke(InvocationInterceptorChain.java:37)
 at org.junit.jupiter.engine.execution.ExecutableInvoker.invoke(ExecutableInvoker.java:104)
 at org.junit.jupiter.engine.execution.ExecutableInvoker.invoke(ExecutableInvoker.java:98)
 at org.junit.jupiter.engine.descriptor.TestMethodTestDescriptor.lambda$invokeTestMethod$6(TestMethodTestDescriptor.java:210)
 at org.junit.platform.engine.support.hierarchical.ThrowableCollector.execute(ThrowableCollector.java:73)
 at org.junit.jupiter.engine.descriptor.TestMethodTestDescriptor.invokeTestMethod(TestMethodTestDescriptor.java:206)
 at org.junit.jupiter.engine.descriptor.TestMethodTestDescriptor.execute(TestMethodTestDescriptor.java:131)
 at org.junit.jupiter.engine.descriptor.TestMethodTestDescriptor.execute(TestMethodTestDescriptor.java:65)
 at org.junit.platform.engine.support.hierarchical.NodeTestTask.lambda$executeRecursively$5(NodeTestTask.java:139)
 at org.junit.platform.engine.support.hierarchical.ThrowableCollector.execute(ThrowableCollector.java:73)
 at org.junit.platform.engine.support.hierarchical.NodeTestTask.lambda$executeRecursively$7(NodeTestTask.java:129)
 at org.junit.platform.engine.support.hierarchical.Node.around(Node.java:137)
 at org.junit.platform.engine.support.hierarchical.NodeTestTask.lambda$executeRecursively$8(NodeTestTask.java:127)
 at org.junit.platform.engine.support.hierarchical.ThrowableCollector.execute(ThrowableCollector.java:73)
 at org.junit.platform.engine.support.hierarchical.NodeTestTask.executeRecursively(NodeTestTask.java:126)
 at org.junit.platform.engine.support.hierarchical.NodeTestTask.execute(NodeTestTask.java:84)
 at org.junit.platform.engine.support.hierarchical.ForkJoinPoolHierarchicalTestExecutorService$ExclusiveTask.compute(ForkJoinPoolHierarchicalTestExecutorService.java:185)
 at org.junit.platform.engine.support.hierarchical.ForkJoinPoolHierarchicalTestExecutorService.executeNonConcurrentTasks(ForkJoinPoolHierarchicalTestExecutorService.java:155)
 at org.junit.platform.engine.support.hierarchical.ForkJoinPoolHierarchicalTestExecutorService.invokeAll(ForkJoinPoolHierarchicalTestExecutorService.java:135)
 at org.junit.platform.engine.support.hierarchical.NodeTestTask.lambda$executeRecursively$5(NodeTestTask.java:143)
 at org.junit.platform.engine.support.hierarchical.ThrowableCollector.execute(ThrowableCollector.java:73)
 at org.junit.platform.engine.support.hierarchical.NodeTestTask.lambda$executeRecursively$7(NodeTestTask.java:129)
 at org.junit.platform.engine.support.hierarchical.Node.around(Node.java:137)
 at org.junit.platform.engine.support.hierarchical.NodeTestTask.lambda$executeRecursively$8(NodeTestTask.java:127)
 at org.junit.platform.engine.support.hierarchical.ThrowableCollector.execute(ThrowableCollector.java:73)
 at org.junit.platform.engine.support.hierarchical.NodeTestTask.executeRecursively(NodeTestTask.java:126)
 at org.junit.platform.engine.support.hierarchical.NodeTestTask.execute(NodeTestTask.java:84)
 at org.junit.platform.engine.support.hierarchical.ForkJoinPoolHierarchicalTestExecutorService$ExclusiveTask.compute(ForkJoinPoolHierarchicalTestExecutorService.java:185)
 at org.junit.platform.engine.support.hierarchical.ForkJoinPoolHierarchicalTestExecutorService.executeNonConcurrentTasks(ForkJoinPoolHierarchicalTestExecutorService.java:155)
 at org.junit.platform.engine.support.hierarchical.ForkJoinPoolHierarchicalTestExecutorService.invokeAll(ForkJoinPoolHierarchicalTestExecutorService.java:135)
 at org.junit.platform.engine.support.hierarchical.NodeTestTask.lambda$executeRecursively$5(NodeTestTask.java:143)
 at org.junit.platform.engine.support.hierarchical.ThrowableCollector.execute(ThrowableCollector.java:73)
 at org.junit.platform.engine.support.hierarchical.NodeTestTask.lambda$executeRecursively$7(NodeTestTask.java:129)
 at org.junit.platform.engine.support.hierarchical.Node.around(Node.java:137)
 at org.junit.platform.engine.support.hierarchical.NodeTestTask.lambda$executeRecursively$8(NodeTestTask.java:127)
 at org.junit.platform.engine.support.hierarchical.ThrowableCollector.execute(ThrowableCollector.java:73)
 at org.junit.platform.engine.support.hierarchical.NodeTestTask.executeRecursively(NodeTestTask.java:126)
 at org.junit.platform.engine.support.hierarchical.NodeTestTask.execute(NodeTestTask.java:84)
 at org.junit.platform.engine.support.hierarchical.ForkJoinPoolHierarchicalTestExecutorService$ExclusiveTask.compute(ForkJoinPoolHierarchicalTestExecutorService.java:185)
 at java.base/java.util.concurrent.RecursiveAction.exec(RecursiveAction.java:189)
 at java.base/java.util.concurrent.ForkJoinTask.doExec(ForkJoinTask.java:290)
 at java.base/java.util.concurrent.ForkJoinPool$WorkQueue.topLevelExec(ForkJoinPool.java:1020)
 at java.base/java.util.concurrent.ForkJoinPool.scan(ForkJoinPool.java:1656)
 at java.base/java.util.concurrent.ForkJoinPool.runWorker(ForkJoinPool.java:1594)
 at java.base/java.util.concurrent.ForkJoinWorkerThread.run(ForkJoinWorkerThread.java:177)
&quot;
to contain:
  &quot;Could not prepare a DBMS capability for SSO my-namespace/my-keycloak&quot; </td>
<td></td></tr>
<tr class="b">
<td></td>
<td>
<div id="org.entando.kubernetes.controller.keycloakserver.DeployedKeycloakServerTest.shouldFailIfTheDatabaseProvisioningFailed-failure" style="display:none;">
<div>
<pre>java.lang.AssertionError: 

Expecting:
  &quot;java.lang.NullPointerException
	at java.base/java.util.concurrent.ConcurrentHashMap.putVal(ConcurrentHashMap.java:1011)
	at java.base/java.util.concurrent.ConcurrentHashMap.put(ConcurrentHashMap.java:1006)
	at org.entando.kubernetes.model.capability.CapabilityRequirementFluent.withPreferredIngressHostName(CapabilityRequirementFluent.java:107)
	at org.entando.kubernetes.controller.keycloakserver.EntandoKeycloakServerController.toCapability(EntandoKeycloakServerController.java:252)
	at org.entando.kubernetes.controller.keycloakserver.EntandoKeycloakServerController.run(EntandoKeycloakServerController.java:103)
	at org.entando.kubernetes.test.common.ControllerTestHelper.runControllerAgainstCustomResource(ControllerTestHelper.java:112)
	at org.entando.kubernetes.controller.keycloakserver.DeployedKeycloakServerTest.lambda$shouldFailIfTheDatabaseProvisioningFailed$59(DeployedKeycloakServerTest.java:490)
	at org.assertj.core.api.ThrowableAssert.catchThrowable(ThrowableAssert.java:62)
	at org.assertj.core.api.AssertionsForClassTypes.catchThrowable(AssertionsForClassTypes.java:877)
	at org.assertj.core.api.Assertions.catchThrowable(Assertions.java:1306)
	at org.entando.kubernetes.controller.keycloakserver.DeployedKeycloakServerTest.lambda$shouldFailIfTheDatabaseProvisioningFailed$60(DeployedKeycloakServerTest.java:490)
	at io.qameta.allure.Allure.lambda$step$0(Allure.java:113)
	at io.qameta.allure.Allure.lambda$step$1(Allure.java:127)
	at io.qameta.allure.Allure.step(Allure.java:181)
	at io.qameta.allure.Allure.step(Allure.java:125)
	at io.qameta.allure.Allure.step(Allure.java:112)
	at org.entando.kubernetes.controller.keycloakserver.DeployedKeycloakServerTest.shouldFailIfTheDatabaseProvisioningFailed(DeployedKeycloakServerTest.java:489)
	at java.base/jdk.internal.reflect.NativeMethodAccessorImpl.invoke0(Native Method)
	at java.base/jdk.internal.reflect.NativeMethodAccessorImpl.invoke(NativeMethodAccessorImpl.java:62)
	at java.base/jdk.internal.reflect.DelegatingMethodAccessorImpl.invoke(DelegatingMethodAccessorImpl.java:43)
	at java.base/java.lang.reflect.Method.invoke(Method.java:566)
	at org.junit.platform.commons.util.ReflectionUtils.invokeMethod(ReflectionUtils.java:688)
	at org.junit.jupiter.engine.execution.MethodInvocation.proceed(MethodInvocation.java:60)
	at org.junit.jupiter.engine.execution.InvocationInterceptorChain$ValidatingInvocation.proceed(InvocationInterceptorChain.java:131)
	at org.junit.jupiter.api.extension.InvocationInterceptor.interceptTestMethod(InvocationInterceptor.java:117)
	at org.junit.jupiter.engine.execution.ExecutableInvoker$ReflectiveInterceptorCall.lambda$ofVoidMethod$0(ExecutableInvoker.java:115)
	at org.junit.jupiter.engine.execution.ExecutableInvoker.lambda$invoke$0(ExecutableInvoker.java:105)
	at org.junit.jupiter.engine.execution.InvocationInterceptorChain$InterceptedInvocation.proceed(InvocationInterceptorChain.java:106)
	at org.junit.jupiter.engine.extension.TimeoutExtension.intercept(TimeoutExtension.java:149)
	at org.junit.jupiter.engine.extension.TimeoutExtension.interceptTestableMethod(TimeoutExtension.java:140)
	at org.junit.jupiter.engine.extension.TimeoutExtension.interceptTestMethod(TimeoutExtension.java:84)
	at org.junit.jupiter.engine.execution.ExecutableInvoker$ReflectiveInterceptorCall.lambda$ofVoidMethod$0(ExecutableInvoker.java:115)
	at org.junit.jupiter.engine.execution.ExecutableInvoker.lambda$invoke$0(ExecutableInvoker.java:105)
	at org.junit.jupiter.engine.execution.InvocationInterceptorChain$InterceptedInvocation.proceed(InvocationInterceptorChain.java:106)
	at org.junit.jupiter.engine.execution.InvocationInterceptorChain.proceed(InvocationInterceptorChain.java:64)
	at org.junit.jupiter.engine.execution.InvocationInterceptorChain.chainAndInvoke(InvocationInterceptorChain.java:45)
	at org.junit.jupiter.engine.execution.InvocationInterceptorChain.invoke(InvocationInterceptorChain.java:37)
	at org.junit.jupiter.engine.execution.ExecutableInvoker.invoke(ExecutableInvoker.java:104)
	at org.junit.jupiter.engine.execution.ExecutableInvoker.invoke(ExecutableInvoker.java:98)
	at org.junit.jupiter.engine.descriptor.TestMethodTestDescriptor.lambda$invokeTestMethod$6(TestMethodTestDescriptor.java:210)
	at org.junit.platform.engine.support.hierarchical.ThrowableCollector.execute(ThrowableCollector.java:73)
	at org.junit.jupiter.engine.descriptor.TestMethodTestDescriptor.invokeTestMethod(TestMethodTestDescriptor.java:206)
	at org.junit.jupiter.engine.descriptor.TestMethodTestDescriptor.execute(TestMethodTestDescriptor.java:131)
	at org.junit.jupiter.engine.descriptor.TestMethodTestDescriptor.execute(TestMethodTestDescriptor.java:65)
	at org.junit.platform.engine.support.hierarchical.NodeTestTask.lambda$executeRecursively$5(NodeTestTask.java:139)
	at org.junit.platform.engine.support.hierarchical.ThrowableCollector.execute(ThrowableCollector.java:73)
	at org.junit.platform.engine.support.hierarchical.NodeTestTask.lambda$executeRecursively$7(NodeTestTask.java:129)
	at org.junit.platform.engine.support.hierarchical.Node.around(Node.java:137)
	at org.junit.platform.engine.support.hierarchical.NodeTestTask.lambda$executeRecursively$8(NodeTestTask.java:127)
	at org.junit.platform.engine.support.hierarchical.ThrowableCollector.execute(ThrowableCollector.java:73)
	at org.junit.platform.engine.support.hierarchical.NodeTestTask.executeRecursively(NodeTestTask.java:126)
	at org.junit.platform.engine.support.hierarchical.NodeTestTask.execute(NodeTestTask.java:84)
	at org.junit.platform.engine.support.hierarchical.ForkJoinPoolHierarchicalTestExecutorService$ExclusiveTask.compute(ForkJoinPoolHierarchicalTestExecutorService.java:185)
	at org.junit.platform.engine.support.hierarchical.ForkJoinPoolHierarchicalTestExecutorService.executeNonConcurrentTasks(ForkJoinPoolHierarchicalTestExecutorService.java:155)
	at org.junit.platform.engine.support.hierarchical.ForkJoinPoolHierarchicalTestExecutorService.invokeAll(ForkJoinPoolHierarchicalTestExecutorService.java:135)
	at org.junit.platform.engine.support.hierarchical.NodeTestTask.lambda$executeRecursively$5(NodeTestTask.java:143)
	at org.junit.platform.engine.support.hierarchical.ThrowableCollector.execute(ThrowableCollector.java:73)
	at org.junit.platform.engine.support.hierarchical.NodeTestTask.lambda$executeRecursively$7(NodeTestTask.java:129)
	at org.junit.platform.engine.support.hierarchical.Node.around(Node.java:137)
	at org.junit.platform.engine.support.hierarchical.NodeTestTask.lambda$executeRecursively$8(NodeTestTask.java:127)
	at org.junit.platform.engine.support.hierarchical.ThrowableCollector.execute(ThrowableCollector.java:73)
	at org.junit.platform.engine.support.hierarchical.NodeTestTask.executeRecursively(NodeTestTask.java:126)
	at org.junit.platform.engine.support.hierarchical.NodeTestTask.execute(NodeTestTask.java:84)
	at org.junit.platform.engine.support.hierarchical.ForkJoinPoolHierarchicalTestExecutorService$ExclusiveTask.compute(ForkJoinPoolHierarchicalTestExecutorService.java:185)
	at org.junit.platform.engine.support.hierarchical.ForkJoinPoolHierarchicalTestExecutorService.executeNonConcurrentTasks(ForkJoinPoolHierarchicalTestExecutorService.java:155)
	at org.junit.platform.engine.support.hierarchical.ForkJoinPoolHierarchicalTestExecutorService.invokeAll(ForkJoinPoolHierarchicalTestExecutorService.java:135)
	at org.junit.platform.engine.support.hierarchical.NodeTestTask.lambda$executeRecursively$5(NodeTestTask.java:143)
	at org.junit.platform.engine.support.hierarchical.ThrowableCollector.execute(ThrowableCollector.java:73)
	at org.junit.platform.engine.support.hierarchical.NodeTestTask.lambda$executeRecursively$7(NodeTestTask.java:129)
	at org.junit.platform.engine.support.hierarchical.Node.around(Node.java:137)
	at org.junit.platform.engine.support.hierarchical.NodeTestTask.lambda$executeRecursively$8(NodeTestTask.java:127)
	at org.junit.platform.engine.support.hierarchical.ThrowableCollector.execute(ThrowableCollector.java:73)
	at org.junit.platform.engine.support.hierarchical.NodeTestTask.executeRecursively(NodeTestTask.java:126)
	at org.junit.platform.engine.support.hierarchical.NodeTestTask.execute(NodeTestTask.java:84)
	at org.junit.platform.engine.support.hierarchical.ForkJoinPoolHierarchicalTestExecutorService$ExclusiveTask.compute(ForkJoinPoolHierarchicalTestExecutorService.java:185)
	at java.base/java.util.concurrent.RecursiveAction.exec(RecursiveAction.java:189)
	at java.base/java.util.concurrent.ForkJoinTask.doExec(ForkJoinTask.java:290)
	at java.base/java.util.concurrent.ForkJoinPool$WorkQueue.topLevelExec(ForkJoinPool.java:1020)
	at java.base/java.util.concurrent.ForkJoinPool.scan(ForkJoinPool.java:1656)
	at java.base/java.util.concurrent.ForkJoinPool.runWorker(ForkJoinPool.java:1594)
	at java.base/java.util.concurrent.ForkJoinWorkerThread.run(ForkJoinWorkerThread.java:177)
&quot;
to contain:
  &quot;Could not prepare a DBMS capability for SSO my-namespace/my-keycloak&quot; 
	at org.entando.kubernetes.controller.keycloakserver.DeployedKeycloakServerTest.lambda$shouldFailIfTheDatabaseProvisioningFailed$62(DeployedKeycloakServerTest.java:501)
	at org.entando.kubernetes.controller.keycloakserver.DeployedKeycloakServerTest.shouldFailIfTheDatabaseProvisioningFailed(DeployedKeycloakServerTest.java:497)
</pre></div></div></td>
<td></td></tr>
<tr class="a">
<td><a href="#org.entando.kubernetes.controller.keycloakserver.DeployedKeycloakServerTest.shouldFailIfTheDisableHttpsCommandFailed"><figure><img src="images/icon_error_sml.gif" alt="" /></figure></a></td>
<td><a name="TC_org.entando.kubernetes.controller.keycloakserver.DeployedKeycloakServerTest.shouldFailIfTheDisableHttpsCommandFailed"></a><a href="#org.entando.kubernetes.controller.keycloakserver.DeployedKeycloakServerTest.shouldFailIfTheDisableHttpsCommandFailed">shouldFailIfTheDisableHttpsCommandFailed</a>
<div class="detailToggle" style="display:inline"><a href="javascript:toggleDisplay('org.entando.kubernetes.controller.keycloakserver.DeployedKeycloakServerTest.shouldFailIfTheDisableHttpsCommandFailed');"><span style="display:inline;" id="org.entando.kubernetes.controller.keycloakserver.DeployedKeycloakServerTest.shouldFailIfTheDisableHttpsCommandFailed-off"> + </span><span style="display:none;" id="org.entando.kubernetes.controller.keycloakserver.DeployedKeycloakServerTest.shouldFailIfTheDisableHttpsCommandFailed-on"> - </span>[ Detail ]</a></div></td>
<td>0.137</td></tr>
<tr class="b">
<td></td>
<td>
Expecting:
  &quot;java.lang.NullPointerException
 at java.base/java.util.concurrent.ConcurrentHashMap.putVal(ConcurrentHashMap.java:1011)
 at java.base/java.util.concurrent.ConcurrentHashMap.put(ConcurrentHashMap.java:1006)
 at org.entando.kubernetes.model.capability.CapabilityRequirementFluent.withPreferredIngressHostName(CapabilityRequirementFluent.java:107)
 at org.entando.kubernetes.controller.keycloakserver.EntandoKeycloakServerController.toCapability(EntandoKeycloakServerController.java:252)
 at org.entando.kubernetes.controller.keycloakserver.EntandoKeycloakServerController.run(EntandoKeycloakServerController.java:103)
 at org.entando.kubernetes.test.common.ControllerTestHelper.runControllerAgainstCustomResource(ControllerTestHelper.java:112)
 at org.entando.kubernetes.controller.keycloakserver.DeployedKeycloakServerTest.lambda$shouldFailIfTheDisableHttpsCommandFailed$70(DeployedKeycloakServerTest.java:555)
 at org.assertj.core.api.ThrowableAssert.catchThrowable(ThrowableAssert.java:62)
 at org.assertj.core.api.AssertionsForClassTypes.catchThrowable(AssertionsForClassTypes.java:877)
 at org.assertj.core.api.Assertions.catchThrowable(Assertions.java:1306)
 at org.entando.kubernetes.controller.keycloakserver.DeployedKeycloakServerTest.lambda$shouldFailIfTheDisableHttpsCommandFailed$71(DeployedKeycloakServerTest.java:555)
 at io.qameta.allure.Allure.lambda$step$0(Allure.java:113)
 at io.qameta.allure.Allure.lambda$step$1(Allure.java:127)
 at io.qameta.allure.Allure.step(Allure.java:181)
 at io.qameta.allure.Allure.step(Allure.java:125)
 at io.qameta.allure.Allure.step(Allure.java:112)
 at org.entando.kubernetes.controller.keycloakserver.DeployedKeycloakServerTest.shouldFailIfTheDisableHttpsCommandFailed(DeployedKeycloakServerTest.java:554)
 at java.base/jdk.internal.reflect.NativeMethodAccessorImpl.invoke0(Native Method)
 at java.base/jdk.internal.reflect.NativeMethodAccessorImpl.invoke(NativeMethodAccessorImpl.java:62)
 at java.base/jdk.internal.reflect.DelegatingMethodAccessorImpl.invoke(DelegatingMethodAccessorImpl.java:43)
 at java.base/java.lang.reflect.Method.invoke(Method.java:566)
 at org.junit.platform.commons.util.ReflectionUtils.invokeMethod(ReflectionUtils.java:688)
 at org.junit.jupiter.engine.execution.MethodInvocation.proceed(MethodInvocation.java:60)
 at org.junit.jupiter.engine.execution.InvocationInterceptorChain$ValidatingInvocation.proceed(InvocationInterceptorChain.java:131)
 at org.junit.jupiter.api.extension.InvocationInterceptor.interceptTestMethod(InvocationInterceptor.java:117)
 at org.junit.jupiter.engine.execution.ExecutableInvoker$ReflectiveInterceptorCall.lambda$ofVoidMethod$0(ExecutableInvoker.java:115)
 at org.junit.jupiter.engine.execution.ExecutableInvoker.lambda$invoke$0(ExecutableInvoker.java:105)
 at org.junit.jupiter.engine.execution.InvocationInterceptorChain$InterceptedInvocation.proceed(InvocationInterceptorChain.java:106)
 at org.junit.jupiter.engine.extension.TimeoutExtension.intercept(TimeoutExtension.java:149)
 at org.junit.jupiter.engine.extension.TimeoutExtension.interceptTestableMethod(TimeoutExtension.java:140)
 at org.junit.jupiter.engine.extension.TimeoutExtension.interceptTestMethod(TimeoutExtension.java:84)
 at org.junit.jupiter.engine.execution.ExecutableInvoker$ReflectiveInterceptorCall.lambda$ofVoidMethod$0(ExecutableInvoker.java:115)
 at org.junit.jupiter.engine.execution.ExecutableInvoker.lambda$invoke$0(ExecutableInvoker.java:105)
 at org.junit.jupiter.engine.execution.InvocationInterceptorChain$InterceptedInvocation.proceed(InvocationInterceptorChain.java:106)
 at org.junit.jupiter.engine.execution.InvocationInterceptorChain.proceed(InvocationInterceptorChain.java:64)
 at org.junit.jupiter.engine.execution.InvocationInterceptorChain.chainAndInvoke(InvocationInterceptorChain.java:45)
 at org.junit.jupiter.engine.execution.InvocationInterceptorChain.invoke(InvocationInterceptorChain.java:37)
 at org.junit.jupiter.engine.execution.ExecutableInvoker.invoke(ExecutableInvoker.java:104)
 at org.junit.jupiter.engine.execution.ExecutableInvoker.invoke(ExecutableInvoker.java:98)
 at org.junit.jupiter.engine.descriptor.TestMethodTestDescriptor.lambda$invokeTestMethod$6(TestMethodTestDescriptor.java:210)
 at org.junit.platform.engine.support.hierarchical.ThrowableCollector.execute(ThrowableCollector.java:73)
 at org.junit.jupiter.engine.descriptor.TestMethodTestDescriptor.invokeTestMethod(TestMethodTestDescriptor.java:206)
 at org.junit.jupiter.engine.descriptor.TestMethodTestDescriptor.execute(TestMethodTestDescriptor.java:131)
 at org.junit.jupiter.engine.descriptor.TestMethodTestDescriptor.execute(TestMethodTestDescriptor.java:65)
 at org.junit.platform.engine.support.hierarchical.NodeTestTask.lambda$executeRecursively$5(NodeTestTask.java:139)
 at org.junit.platform.engine.support.hierarchical.ThrowableCollector.execute(ThrowableCollector.java:73)
 at org.junit.platform.engine.support.hierarchical.NodeTestTask.lambda$executeRecursively$7(NodeTestTask.java:129)
 at org.junit.platform.engine.support.hierarchical.Node.around(Node.java:137)
 at org.junit.platform.engine.support.hierarchical.NodeTestTask.lambda$executeRecursively$8(NodeTestTask.java:127)
 at org.junit.platform.engine.support.hierarchical.ThrowableCollector.execute(ThrowableCollector.java:73)
 at org.junit.platform.engine.support.hierarchical.NodeTestTask.executeRecursively(NodeTestTask.java:126)
 at org.junit.platform.engine.support.hierarchical.NodeTestTask.execute(NodeTestTask.java:84)
 at org.junit.platform.engine.support.hierarchical.ForkJoinPoolHierarchicalTestExecutorService$ExclusiveTask.compute(ForkJoinPoolHierarchicalTestExecutorService.java:185)
 at org.junit.platform.engine.support.hierarchical.ForkJoinPoolHierarchicalTestExecutorService.executeNonConcurrentTasks(ForkJoinPoolHierarchicalTestExecutorService.java:155)
 at org.junit.platform.engine.support.hierarchical.ForkJoinPoolHierarchicalTestExecutorService.invokeAll(ForkJoinPoolHierarchicalTestExecutorService.java:135)
 at org.junit.platform.engine.support.hierarchical.NodeTestTask.lambda$executeRecursively$5(NodeTestTask.java:143)
 at org.junit.platform.engine.support.hierarchical.ThrowableCollector.execute(ThrowableCollector.java:73)
 at org.junit.platform.engine.support.hierarchical.NodeTestTask.lambda$executeRecursively$7(NodeTestTask.java:129)
 at org.junit.platform.engine.support.hierarchical.Node.around(Node.java:137)
 at org.junit.platform.engine.support.hierarchical.NodeTestTask.lambda$executeRecursively$8(NodeTestTask.java:127)
 at org.junit.platform.engine.support.hierarchical.ThrowableCollector.execute(ThrowableCollector.java:73)
 at org.junit.platform.engine.support.hierarchical.NodeTestTask.executeRecursively(NodeTestTask.java:126)
 at org.junit.platform.engine.support.hierarchical.NodeTestTask.execute(NodeTestTask.java:84)
 at org.junit.platform.engine.support.hierarchical.ForkJoinPoolHierarchicalTestExecutorService$ExclusiveTask.compute(ForkJoinPoolHierarchicalTestExecutorService.java:185)
 at org.junit.platform.engine.support.hierarchical.ForkJoinPoolHierarchicalTestExecutorService.executeNonConcurrentTasks(ForkJoinPoolHierarchicalTestExecutorService.java:155)
 at org.junit.platform.engine.support.hierarchical.ForkJoinPoolHierarchicalTestExecutorService.invokeAll(ForkJoinPoolHierarchicalTestExecutorService.java:135)
 at org.junit.platform.engine.support.hierarchical.NodeTestTask.lambda$executeRecursively$5(NodeTestTask.java:143)
 at org.junit.platform.engine.support.hierarchical.ThrowableCollector.execute(ThrowableCollector.java:73)
 at org.junit.platform.engine.support.hierarchical.NodeTestTask.lambda$executeRecursively$7(NodeTestTask.java:129)
 at org.junit.platform.engine.support.hierarchical.Node.around(Node.java:137)
 at org.junit.platform.engine.support.hierarchical.NodeTestTask.lambda$executeRecursively$8(NodeTestTask.java:127)
 at org.junit.platform.engine.support.hierarchical.ThrowableCollector.execute(ThrowableCollector.java:73)
 at org.junit.platform.engine.support.hierarchical.NodeTestTask.executeRecursively(NodeTestTask.java:126)
 at org.junit.platform.engine.support.hierarchical.NodeTestTask.execute(NodeTestTask.java:84)
 at org.junit.platform.engine.support.hierarchical.ForkJoinPoolHierarchicalTestExecutorService$ExclusiveTask.compute(ForkJoinPoolHierarchicalTestExecutorService.java:185)
 at java.base/java.util.concurrent.RecursiveAction.exec(RecursiveAction.java:189)
 at java.base/java.util.concurrent.ForkJoinTask.doExec(ForkJoinTask.java:290)
 at java.base/java.util.concurrent.ForkJoinPool$WorkQueue.topLevelExec(ForkJoinPool.java:1020)
 at java.base/java.util.concurrent.ForkJoinPool.scan(ForkJoinPool.java:1656)
 at java.base/java.util.concurrent.ForkJoinPool.runWorker(ForkJoinPool.java:1594)
 at java.base/java.util.concurrent.ForkJoinWorkerThread.run(ForkJoinWorkerThread.java:177)
&quot;
to contain:
  &quot;Could not disable Keycloak HTTPS requirement:Execution failed!&quot; </td>
<td></td></tr>
<tr class="a">
<td></td>
<td>
<div id="org.entando.kubernetes.controller.keycloakserver.DeployedKeycloakServerTest.shouldFailIfTheDisableHttpsCommandFailed-failure" style="display:none;">
<div>
<pre>java.lang.AssertionError: 

Expecting:
  &quot;java.lang.NullPointerException
	at java.base/java.util.concurrent.ConcurrentHashMap.putVal(ConcurrentHashMap.java:1011)
	at java.base/java.util.concurrent.ConcurrentHashMap.put(ConcurrentHashMap.java:1006)
	at org.entando.kubernetes.model.capability.CapabilityRequirementFluent.withPreferredIngressHostName(CapabilityRequirementFluent.java:107)
	at org.entando.kubernetes.controller.keycloakserver.EntandoKeycloakServerController.toCapability(EntandoKeycloakServerController.java:252)
	at org.entando.kubernetes.controller.keycloakserver.EntandoKeycloakServerController.run(EntandoKeycloakServerController.java:103)
	at org.entando.kubernetes.test.common.ControllerTestHelper.runControllerAgainstCustomResource(ControllerTestHelper.java:112)
	at org.entando.kubernetes.controller.keycloakserver.DeployedKeycloakServerTest.lambda$shouldFailIfTheDisableHttpsCommandFailed$70(DeployedKeycloakServerTest.java:555)
	at org.assertj.core.api.ThrowableAssert.catchThrowable(ThrowableAssert.java:62)
	at org.assertj.core.api.AssertionsForClassTypes.catchThrowable(AssertionsForClassTypes.java:877)
	at org.assertj.core.api.Assertions.catchThrowable(Assertions.java:1306)
	at org.entando.kubernetes.controller.keycloakserver.DeployedKeycloakServerTest.lambda$shouldFailIfTheDisableHttpsCommandFailed$71(DeployedKeycloakServerTest.java:555)
	at io.qameta.allure.Allure.lambda$step$0(Allure.java:113)
	at io.qameta.allure.Allure.lambda$step$1(Allure.java:127)
	at io.qameta.allure.Allure.step(Allure.java:181)
	at io.qameta.allure.Allure.step(Allure.java:125)
	at io.qameta.allure.Allure.step(Allure.java:112)
	at org.entando.kubernetes.controller.keycloakserver.DeployedKeycloakServerTest.shouldFailIfTheDisableHttpsCommandFailed(DeployedKeycloakServerTest.java:554)
	at java.base/jdk.internal.reflect.NativeMethodAccessorImpl.invoke0(Native Method)
	at java.base/jdk.internal.reflect.NativeMethodAccessorImpl.invoke(NativeMethodAccessorImpl.java:62)
	at java.base/jdk.internal.reflect.DelegatingMethodAccessorImpl.invoke(DelegatingMethodAccessorImpl.java:43)
	at java.base/java.lang.reflect.Method.invoke(Method.java:566)
	at org.junit.platform.commons.util.ReflectionUtils.invokeMethod(ReflectionUtils.java:688)
	at org.junit.jupiter.engine.execution.MethodInvocation.proceed(MethodInvocation.java:60)
	at org.junit.jupiter.engine.execution.InvocationInterceptorChain$ValidatingInvocation.proceed(InvocationInterceptorChain.java:131)
	at org.junit.jupiter.api.extension.InvocationInterceptor.interceptTestMethod(InvocationInterceptor.java:117)
	at org.junit.jupiter.engine.execution.ExecutableInvoker$ReflectiveInterceptorCall.lambda$ofVoidMethod$0(ExecutableInvoker.java:115)
	at org.junit.jupiter.engine.execution.ExecutableInvoker.lambda$invoke$0(ExecutableInvoker.java:105)
	at org.junit.jupiter.engine.execution.InvocationInterceptorChain$InterceptedInvocation.proceed(InvocationInterceptorChain.java:106)
	at org.junit.jupiter.engine.extension.TimeoutExtension.intercept(TimeoutExtension.java:149)
	at org.junit.jupiter.engine.extension.TimeoutExtension.interceptTestableMethod(TimeoutExtension.java:140)
	at org.junit.jupiter.engine.extension.TimeoutExtension.interceptTestMethod(TimeoutExtension.java:84)
	at org.junit.jupiter.engine.execution.ExecutableInvoker$ReflectiveInterceptorCall.lambda$ofVoidMethod$0(ExecutableInvoker.java:115)
	at org.junit.jupiter.engine.execution.ExecutableInvoker.lambda$invoke$0(ExecutableInvoker.java:105)
	at org.junit.jupiter.engine.execution.InvocationInterceptorChain$InterceptedInvocation.proceed(InvocationInterceptorChain.java:106)
	at org.junit.jupiter.engine.execution.InvocationInterceptorChain.proceed(InvocationInterceptorChain.java:64)
	at org.junit.jupiter.engine.execution.InvocationInterceptorChain.chainAndInvoke(InvocationInterceptorChain.java:45)
	at org.junit.jupiter.engine.execution.InvocationInterceptorChain.invoke(InvocationInterceptorChain.java:37)
	at org.junit.jupiter.engine.execution.ExecutableInvoker.invoke(ExecutableInvoker.java:104)
	at org.junit.jupiter.engine.execution.ExecutableInvoker.invoke(ExecutableInvoker.java:98)
	at org.junit.jupiter.engine.descriptor.TestMethodTestDescriptor.lambda$invokeTestMethod$6(TestMethodTestDescriptor.java:210)
	at org.junit.platform.engine.support.hierarchical.ThrowableCollector.execute(ThrowableCollector.java:73)
	at org.junit.jupiter.engine.descriptor.TestMethodTestDescriptor.invokeTestMethod(TestMethodTestDescriptor.java:206)
	at org.junit.jupiter.engine.descriptor.TestMethodTestDescriptor.execute(TestMethodTestDescriptor.java:131)
	at org.junit.jupiter.engine.descriptor.TestMethodTestDescriptor.execute(TestMethodTestDescriptor.java:65)
	at org.junit.platform.engine.support.hierarchical.NodeTestTask.lambda$executeRecursively$5(NodeTestTask.java:139)
	at org.junit.platform.engine.support.hierarchical.ThrowableCollector.execute(ThrowableCollector.java:73)
	at org.junit.platform.engine.support.hierarchical.NodeTestTask.lambda$executeRecursively$7(NodeTestTask.java:129)
	at org.junit.platform.engine.support.hierarchical.Node.around(Node.java:137)
	at org.junit.platform.engine.support.hierarchical.NodeTestTask.lambda$executeRecursively$8(NodeTestTask.java:127)
	at org.junit.platform.engine.support.hierarchical.ThrowableCollector.execute(ThrowableCollector.java:73)
	at org.junit.platform.engine.support.hierarchical.NodeTestTask.executeRecursively(NodeTestTask.java:126)
	at org.junit.platform.engine.support.hierarchical.NodeTestTask.execute(NodeTestTask.java:84)
	at org.junit.platform.engine.support.hierarchical.ForkJoinPoolHierarchicalTestExecutorService$ExclusiveTask.compute(ForkJoinPoolHierarchicalTestExecutorService.java:185)
	at org.junit.platform.engine.support.hierarchical.ForkJoinPoolHierarchicalTestExecutorService.executeNonConcurrentTasks(ForkJoinPoolHierarchicalTestExecutorService.java:155)
	at org.junit.platform.engine.support.hierarchical.ForkJoinPoolHierarchicalTestExecutorService.invokeAll(ForkJoinPoolHierarchicalTestExecutorService.java:135)
	at org.junit.platform.engine.support.hierarchical.NodeTestTask.lambda$executeRecursively$5(NodeTestTask.java:143)
	at org.junit.platform.engine.support.hierarchical.ThrowableCollector.execute(ThrowableCollector.java:73)
	at org.junit.platform.engine.support.hierarchical.NodeTestTask.lambda$executeRecursively$7(NodeTestTask.java:129)
	at org.junit.platform.engine.support.hierarchical.Node.around(Node.java:137)
	at org.junit.platform.engine.support.hierarchical.NodeTestTask.lambda$executeRecursively$8(NodeTestTask.java:127)
	at org.junit.platform.engine.support.hierarchical.ThrowableCollector.execute(ThrowableCollector.java:73)
	at org.junit.platform.engine.support.hierarchical.NodeTestTask.executeRecursively(NodeTestTask.java:126)
	at org.junit.platform.engine.support.hierarchical.NodeTestTask.execute(NodeTestTask.java:84)
	at org.junit.platform.engine.support.hierarchical.ForkJoinPoolHierarchicalTestExecutorService$ExclusiveTask.compute(ForkJoinPoolHierarchicalTestExecutorService.java:185)
	at org.junit.platform.engine.support.hierarchical.ForkJoinPoolHierarchicalTestExecutorService.executeNonConcurrentTasks(ForkJoinPoolHierarchicalTestExecutorService.java:155)
	at org.junit.platform.engine.support.hierarchical.ForkJoinPoolHierarchicalTestExecutorService.invokeAll(ForkJoinPoolHierarchicalTestExecutorService.java:135)
	at org.junit.platform.engine.support.hierarchical.NodeTestTask.lambda$executeRecursively$5(NodeTestTask.java:143)
	at org.junit.platform.engine.support.hierarchical.ThrowableCollector.execute(ThrowableCollector.java:73)
	at org.junit.platform.engine.support.hierarchical.NodeTestTask.lambda$executeRecursively$7(NodeTestTask.java:129)
	at org.junit.platform.engine.support.hierarchical.Node.around(Node.java:137)
	at org.junit.platform.engine.support.hierarchical.NodeTestTask.lambda$executeRecursively$8(NodeTestTask.java:127)
	at org.junit.platform.engine.support.hierarchical.ThrowableCollector.execute(ThrowableCollector.java:73)
	at org.junit.platform.engine.support.hierarchical.NodeTestTask.executeRecursively(NodeTestTask.java:126)
	at org.junit.platform.engine.support.hierarchical.NodeTestTask.execute(NodeTestTask.java:84)
	at org.junit.platform.engine.support.hierarchical.ForkJoinPoolHierarchicalTestExecutorService$ExclusiveTask.compute(ForkJoinPoolHierarchicalTestExecutorService.java:185)
	at java.base/java.util.concurrent.RecursiveAction.exec(RecursiveAction.java:189)
	at java.base/java.util.concurrent.ForkJoinTask.doExec(ForkJoinTask.java:290)
	at java.base/java.util.concurrent.ForkJoinPool$WorkQueue.topLevelExec(ForkJoinPool.java:1020)
	at java.base/java.util.concurrent.ForkJoinPool.scan(ForkJoinPool.java:1656)
	at java.base/java.util.concurrent.ForkJoinPool.runWorker(ForkJoinPool.java:1594)
	at java.base/java.util.concurrent.ForkJoinWorkerThread.run(ForkJoinWorkerThread.java:177)
&quot;
to contain:
  &quot;Could not disable Keycloak HTTPS requirement:Execution failed!&quot; 
	at org.entando.kubernetes.controller.keycloakserver.DeployedKeycloakServerTest.lambda$shouldFailIfTheDisableHttpsCommandFailed$73(DeployedKeycloakServerTest.java:566)
	at org.entando.kubernetes.controller.keycloakserver.DeployedKeycloakServerTest.shouldFailIfTheDisableHttpsCommandFailed(DeployedKeycloakServerTest.java:562)</pre></div></div></td>
<td></td></tr></table></section><br /></section><section>
<h2><a name="Failure_Details"></a>Failure Details</h2><a name="Failure_Details"></a>
<p>[<a href="#Summary">Summary</a>] [<a href="#Package_List">Package List</a>] [<a href="#Test_Cases">Test Cases</a>]</p><br />
<table border="1" class="bodyTable">
<tr class="a">
<td><figure><img src="images/icon_error_sml.gif" alt="" /></figure></td>
<td><a name="org.entando.kubernetes.controller.keycloakserver.ExternalKeycloakServerTest.shouldFailWhenNoAdminSecretName"></a>shouldFailWhenNoAdminSecretName</td></tr>
<tr class="b">
<td></td>
<td>org.opentest4j.AssertionFailedError: Unexpected exception type thrown ==&gt; expected: &lt;picocli.CommandLine.ExecutionException&gt; but was: &lt;java.lang.NullPointerException&gt;</td></tr>
<tr class="a">
<td></td>
<td>
<div id="shouldFailWhenNoAdminSecretName-failure">org.entando.kubernetes.controller.keycloakserver.ExternalKeycloakServerTest:234</div></td></tr>
<tr class="b">
<td><figure><img src="images/icon_error_sml.gif" alt="" /></figure></td>
<td><a name="org.entando.kubernetes.controller.keycloakserver.ExternalKeycloakServerTest.shouldLinkToExternalService"></a>shouldLinkToExternalService</td></tr>
<tr class="a">
<td></td>
<td>java.lang.NullPointerException</td></tr>
<tr class="b">
<td></td>
<td>
<div id="shouldLinkToExternalService-error">org.entando.kubernetes.controller.keycloakserver.ExternalKeycloakServerTest:71</div></td></tr>
<tr class="a">
<td><figure><img src="images/icon_error_sml.gif" alt="" /></figure></td>
<td><a name="org.entando.kubernetes.controller.keycloakserver.ExternalKeycloakServerTest.shouldFailWhenNoFrontEndUrlSpecified"></a>shouldFailWhenNoFrontEndUrlSpecified</td></tr>
<tr class="b">
<td></td>
<td>org.opentest4j.AssertionFailedError: Unexpected exception type thrown ==&gt; expected: &lt;picocli.CommandLine.ExecutionException&gt; but was: &lt;java.lang.NullPointerException&gt;</td></tr>
<tr class="a">
<td></td>
<td>
<div id="shouldFailWhenNoFrontEndUrlSpecified-failure">org.entando.kubernetes.controller.keycloakserver.ExternalKeycloakServerTest:177</div></td></tr>
<tr class="b">
<td><figure><img src="images/icon_error_sml.gif" alt="" /></figure></td>
<td><a name="org.entando.kubernetes.controller.keycloakserver.ExternalKeycloakServerTest.shouldFailWhenAdminSecretAbsent"></a>shouldFailWhenAdminSecretAbsent</td></tr>
<tr class="a">
<td></td>
<td>org.opentest4j.AssertionFailedError: Unexpected exception type thrown ==&gt; expected: &lt;picocli.CommandLine.ExecutionException&gt; but was: &lt;java.lang.NullPointerException&gt;</td></tr>
<tr class="b">
<td></td>
<td>
<div id="shouldFailWhenAdminSecretAbsent-failure">org.entando.kubernetes.controller.keycloakserver.ExternalKeycloakServerTest:118</div></td></tr>
<tr class="a">
<td><figure><img src="images/icon_error_sml.gif" alt="" /></figure></td>
<td><a name="org.entando.kubernetes.controller.keycloakserver.DeployedKeycloakServerTest.shouldMountTrustCertificateAuthorityCertificates"></a>shouldMountTrustCertificateAuthorityCertificates</td></tr>
<tr class="b">
<td></td>
<td>java.lang.NullPointerException</td></tr>
<tr class="a">
<td></td>
<td>
<div id="shouldMountTrustCertificateAuthorityCertificates-error">org.entando.kubernetes.controller.keycloakserver.DeployedKeycloakServerTest:437</div></td></tr>
<tr class="b">
<td><figure><img src="images/icon_error_sml.gif" alt="" /></figure></td>
<td><a name="org.entando.kubernetes.controller.keycloakserver.DeployedKeycloakServerTest.shouldDeployRedHatSsoWithDefaultValues"></a>shouldDeployRedHatSsoWithDefaultValues</td></tr>
<tr class="a">
<td></td>
<td>java.lang.NullPointerException</td></tr>
<tr class="b">
<td></td>
<td>
<div id="shouldDeployRedHatSsoWithDefaultValues-error">org.entando.kubernetes.controller.keycloakserver.DeployedKeycloakServerTest:123</div></td></tr>
<tr class="a">
<td><figure><img src="images/icon_error_sml.gif" alt="" /></figure></td>
<td><a name="org.entando.kubernetes.controller.keycloakserver.DeployedKeycloakServerTest.shouldFailIfTheDatabaseProvisioningFailed"></a>shouldFailIfTheDatabaseProvisioningFailed</td></tr>
<tr class="b">
<td></td>
<td>java.lang.AssertionError: 
Expecting:
  &quot;java.lang.NullPointerException
 at java.base/java.util.concurrent.ConcurrentHashMap.putVal(ConcurrentHashMap.java:1011)
 at java.base/java.util.concurrent.ConcurrentHashMap.put(ConcurrentHashMap.java:1006)
 at org.entando.kubernetes.model.capability.CapabilityRequirementFluent.withPreferredIngressHostName(CapabilityRequirementFluent.java:107)
 at org.entando.kubernetes.controller.keycloakserver.EntandoKeycloakServerController.toCapability(EntandoKeycloakServerController.java:252)
 at org.entando.kubernetes.controller.keycloakserver.EntandoKeycloakServerController.run(EntandoKeycloakServerController.java:103)
 at org.entando.kubernetes.test.common.ControllerTestHelper.runControllerAgainstCustomResource(ControllerTestHelper.java:112)
 at org.entando.kubernetes.controller.keycloakserver.DeployedKeycloakServerTest.lambda$shouldFailIfTheDatabaseProvisioningFailed$59(DeployedKeycloakServerTest.java:490)
 at org.assertj.core.api.ThrowableAssert.catchThrowable(ThrowableAssert.java:62)
 at org.assertj.core.api.AssertionsForClassTypes.catchThrowable(AssertionsForClassTypes.java:877)
 at org.assertj.core.api.Assertions.catchThrowable(Assertions.java:1306)
 at org.entando.kubernetes.controller.keycloakserver.DeployedKeycloakServerTest.lambda$shouldFailIfTheDatabaseProvisioningFailed$60(DeployedKeycloakServerTest.java:490)
 at io.qameta.allure.Allure.lambda$step$0(Allure.java:113)
 at io.qameta.allure.Allure.lambda$step$1(Allure.java:127)
 at io.qameta.allure.Allure.step(Allure.java:181)
 at io.qameta.allure.Allure.step(Allure.java:125)
 at io.qameta.allure.Allure.step(Allure.java:112)
 at org.entando.kubernetes.controller.keycloakserver.DeployedKeycloakServerTest.shouldFailIfTheDatabaseProvisioningFailed(DeployedKeycloakServerTest.java:489)
 at java.base/jdk.internal.reflect.NativeMethodAccessorImpl.invoke0(Native Method)
 at java.base/jdk.internal.reflect.NativeMethodAccessorImpl.invoke(NativeMethodAccessorImpl.java:62)
 at java.base/jdk.internal.reflect.DelegatingMethodAccessorImpl.invoke(DelegatingMethodAccessorImpl.java:43)
 at java.base/java.lang.reflect.Method.invoke(Method.java:566)
 at org.junit.platform.commons.util.ReflectionUtils.invokeMethod(ReflectionUtils.java:688)
 at org.junit.jupiter.engine.execution.MethodInvocation.proceed(MethodInvocation.java:60)
 at org.junit.jupiter.engine.execution.InvocationInterceptorChain$ValidatingInvocation.proceed(InvocationInterceptorChain.java:131)
 at org.junit.jupiter.api.extension.InvocationInterceptor.interceptTestMethod(InvocationInterceptor.java:117)
 at org.junit.jupiter.engine.execution.ExecutableInvoker$ReflectiveInterceptorCall.lambda$ofVoidMethod$0(ExecutableInvoker.java:115)
 at org.junit.jupiter.engine.execution.ExecutableInvoker.lambda$invoke$0(ExecutableInvoker.java:105)
 at org.junit.jupiter.engine.execution.InvocationInterceptorChain$InterceptedInvocation.proceed(InvocationInterceptorChain.java:106)
 at org.junit.jupiter.engine.extension.TimeoutExtension.intercept(TimeoutExtension.java:149)
 at org.junit.jupiter.engine.extension.TimeoutExtension.interceptTestableMethod(TimeoutExtension.java:140)
 at org.junit.jupiter.engine.extension.TimeoutExtension.interceptTestMethod(TimeoutExtension.java:84)
 at org.junit.jupiter.engine.execution.ExecutableInvoker$ReflectiveInterceptorCall.lambda$ofVoidMethod$0(ExecutableInvoker.java:115)
 at org.junit.jupiter.engine.execution.ExecutableInvoker.lambda$invoke$0(ExecutableInvoker.java:105)
 at org.junit.jupiter.engine.execution.InvocationInterceptorChain$InterceptedInvocation.proceed(InvocationInterceptorChain.java:106)
 at org.junit.jupiter.engine.execution.InvocationInterceptorChain.proceed(InvocationInterceptorChain.java:64)
 at org.junit.jupiter.engine.execution.InvocationInterceptorChain.chainAndInvoke(InvocationInterceptorChain.java:45)
 at org.junit.jupiter.engine.execution.InvocationInterceptorChain.invoke(InvocationInterceptorChain.java:37)
 at org.junit.jupiter.engine.execution.ExecutableInvoker.invoke(ExecutableInvoker.java:104)
 at org.junit.jupiter.engine.execution.ExecutableInvoker.invoke(ExecutableInvoker.java:98)
 at org.junit.jupiter.engine.descriptor.TestMethodTestDescriptor.lambda$invokeTestMethod$6(TestMethodTestDescriptor.java:210)
 at org.junit.platform.engine.support.hierarchical.ThrowableCollector.execute(ThrowableCollector.java:73)
 at org.junit.jupiter.engine.descriptor.TestMethodTestDescriptor.invokeTestMethod(TestMethodTestDescriptor.java:206)
 at org.junit.jupiter.engine.descriptor.TestMethodTestDescriptor.execute(TestMethodTestDescriptor.java:131)
 at org.junit.jupiter.engine.descriptor.TestMethodTestDescriptor.execute(TestMethodTestDescriptor.java:65)
 at org.junit.platform.engine.support.hierarchical.NodeTestTask.lambda$executeRecursively$5(NodeTestTask.java:139)
 at org.junit.platform.engine.support.hierarchical.ThrowableCollector.execute(ThrowableCollector.java:73)
 at org.junit.platform.engine.support.hierarchical.NodeTestTask.lambda$executeRecursively$7(NodeTestTask.java:129)
 at org.junit.platform.engine.support.hierarchical.Node.around(Node.java:137)
 at org.junit.platform.engine.support.hierarchical.NodeTestTask.lambda$executeRecursively$8(NodeTestTask.java:127)
 at org.junit.platform.engine.support.hierarchical.ThrowableCollector.execute(ThrowableCollector.java:73)
 at org.junit.platform.engine.support.hierarchical.NodeTestTask.executeRecursively(NodeTestTask.java:126)
 at org.junit.platform.engine.support.hierarchical.NodeTestTask.execute(NodeTestTask.java:84)
 at org.junit.platform.engine.support.hierarchical.ForkJoinPoolHierarchicalTestExecutorService$ExclusiveTask.compute(ForkJoinPoolHierarchicalTestExecutorService.java:185)
 at org.junit.platform.engine.support.hierarchical.ForkJoinPoolHierarchicalTestExecutorService.executeNonConcurrentTasks(ForkJoinPoolHierarchicalTestExecutorService.java:155)
 at org.junit.platform.engine.support.hierarchical.ForkJoinPoolHierarchicalTestExecutorService.invokeAll(ForkJoinPoolHierarchicalTestExecutorService.java:135)
 at org.junit.platform.engine.support.hierarchical.NodeTestTask.lambda$executeRecursively$5(NodeTestTask.java:143)
 at org.junit.platform.engine.support.hierarchical.ThrowableCollector.execute(ThrowableCollector.java:73)
 at org.junit.platform.engine.support.hierarchical.NodeTestTask.lambda$executeRecursively$7(NodeTestTask.java:129)
 at org.junit.platform.engine.support.hierarchical.Node.around(Node.java:137)
 at org.junit.platform.engine.support.hierarchical.NodeTestTask.lambda$executeRecursively$8(NodeTestTask.java:127)
 at org.junit.platform.engine.support.hierarchical.ThrowableCollector.execute(ThrowableCollector.java:73)
 at org.junit.platform.engine.support.hierarchical.NodeTestTask.executeRecursively(NodeTestTask.java:126)
 at org.junit.platform.engine.support.hierarchical.NodeTestTask.execute(NodeTestTask.java:84)
 at org.junit.platform.engine.support.hierarchical.ForkJoinPoolHierarchicalTestExecutorService$ExclusiveTask.compute(ForkJoinPoolHierarchicalTestExecutorService.java:185)
 at org.junit.platform.engine.support.hierarchical.ForkJoinPoolHierarchicalTestExecutorService.executeNonConcurrentTasks(ForkJoinPoolHierarchicalTestExecutorService.java:155)
 at org.junit.platform.engine.support.hierarchical.ForkJoinPoolHierarchicalTestExecutorService.invokeAll(ForkJoinPoolHierarchicalTestExecutorService.java:135)
 at org.junit.platform.engine.support.hierarchical.NodeTestTask.lambda$executeRecursively$5(NodeTestTask.java:143)
 at org.junit.platform.engine.support.hierarchical.ThrowableCollector.execute(ThrowableCollector.java:73)
 at org.junit.platform.engine.support.hierarchical.NodeTestTask.lambda$executeRecursively$7(NodeTestTask.java:129)
 at org.junit.platform.engine.support.hierarchical.Node.around(Node.java:137)
 at org.junit.platform.engine.support.hierarchical.NodeTestTask.lambda$executeRecursively$8(NodeTestTask.java:127)
 at org.junit.platform.engine.support.hierarchical.ThrowableCollector.execute(ThrowableCollector.java:73)
 at org.junit.platform.engine.support.hierarchical.NodeTestTask.executeRecursively(NodeTestTask.java:126)
 at org.junit.platform.engine.support.hierarchical.NodeTestTask.execute(NodeTestTask.java:84)
 at org.junit.platform.engine.support.hierarchical.ForkJoinPoolHierarchicalTestExecutorService$ExclusiveTask.compute(ForkJoinPoolHierarchicalTestExecutorService.java:185)
 at java.base/java.util.concurrent.RecursiveAction.exec(RecursiveAction.java:189)
 at java.base/java.util.concurrent.ForkJoinTask.doExec(ForkJoinTask.java:290)
 at java.base/java.util.concurrent.ForkJoinPool$WorkQueue.topLevelExec(ForkJoinPool.java:1020)
 at java.base/java.util.concurrent.ForkJoinPool.scan(ForkJoinPool.java:1656)
 at java.base/java.util.concurrent.ForkJoinPool.runWorker(ForkJoinPool.java:1594)
 at java.base/java.util.concurrent.ForkJoinWorkerThread.run(ForkJoinWorkerThread.java:177)
&quot;
to contain:
  &quot;Could not prepare a DBMS capability for SSO my-namespace/my-keycloak&quot; </td></tr>
<tr class="a">
<td></td>
<td>
<div id="shouldFailIfTheDatabaseProvisioningFailed-failure">org.entando.kubernetes.controller.keycloakserver.DeployedKeycloakServerTest:497</div></td></tr>
<tr class="b">
<td><figure><img src="images/icon_error_sml.gif" alt="" /></figure></td>
<td><a name="org.entando.kubernetes.controller.keycloakserver.DeployedKeycloakServerTest.shouldFailIfTheDisableHttpsCommandFailed"></a>shouldFailIfTheDisableHttpsCommandFailed</td></tr>
<tr class="a">
<td></td>
<td>java.lang.AssertionError: 
Expecting:
  &quot;java.lang.NullPointerException
 at java.base/java.util.concurrent.ConcurrentHashMap.putVal(ConcurrentHashMap.java:1011)
 at java.base/java.util.concurrent.ConcurrentHashMap.put(ConcurrentHashMap.java:1006)
 at org.entando.kubernetes.model.capability.CapabilityRequirementFluent.withPreferredIngressHostName(CapabilityRequirementFluent.java:107)
 at org.entando.kubernetes.controller.keycloakserver.EntandoKeycloakServerController.toCapability(EntandoKeycloakServerController.java:252)
 at org.entando.kubernetes.controller.keycloakserver.EntandoKeycloakServerController.run(EntandoKeycloakServerController.java:103)
 at org.entando.kubernetes.test.common.ControllerTestHelper.runControllerAgainstCustomResource(ControllerTestHelper.java:112)
 at org.entando.kubernetes.controller.keycloakserver.DeployedKeycloakServerTest.lambda$shouldFailIfTheDisableHttpsCommandFailed$70(DeployedKeycloakServerTest.java:555)
 at org.assertj.core.api.ThrowableAssert.catchThrowable(ThrowableAssert.java:62)
 at org.assertj.core.api.AssertionsForClassTypes.catchThrowable(AssertionsForClassTypes.java:877)
 at org.assertj.core.api.Assertions.catchThrowable(Assertions.java:1306)
 at org.entando.kubernetes.controller.keycloakserver.DeployedKeycloakServerTest.lambda$shouldFailIfTheDisableHttpsCommandFailed$71(DeployedKeycloakServerTest.java:555)
 at io.qameta.allure.Allure.lambda$step$0(Allure.java:113)
 at io.qameta.allure.Allure.lambda$step$1(Allure.java:127)
 at io.qameta.allure.Allure.step(Allure.java:181)
 at io.qameta.allure.Allure.step(Allure.java:125)
 at io.qameta.allure.Allure.step(Allure.java:112)
 at org.entando.kubernetes.controller.keycloakserver.DeployedKeycloakServerTest.shouldFailIfTheDisableHttpsCommandFailed(DeployedKeycloakServerTest.java:554)
 at java.base/jdk.internal.reflect.NativeMethodAccessorImpl.invoke0(Native Method)
 at java.base/jdk.internal.reflect.NativeMethodAccessorImpl.invoke(NativeMethodAccessorImpl.java:62)
 at java.base/jdk.internal.reflect.DelegatingMethodAccessorImpl.invoke(DelegatingMethodAccessorImpl.java:43)
 at java.base/java.lang.reflect.Method.invoke(Method.java:566)
 at org.junit.platform.commons.util.ReflectionUtils.invokeMethod(ReflectionUtils.java:688)
 at org.junit.jupiter.engine.execution.MethodInvocation.proceed(MethodInvocation.java:60)
 at org.junit.jupiter.engine.execution.InvocationInterceptorChain$ValidatingInvocation.proceed(InvocationInterceptorChain.java:131)
 at org.junit.jupiter.api.extension.InvocationInterceptor.interceptTestMethod(InvocationInterceptor.java:117)
 at org.junit.jupiter.engine.execution.ExecutableInvoker$ReflectiveInterceptorCall.lambda$ofVoidMethod$0(ExecutableInvoker.java:115)
 at org.junit.jupiter.engine.execution.ExecutableInvoker.lambda$invoke$0(ExecutableInvoker.java:105)
 at org.junit.jupiter.engine.execution.InvocationInterceptorChain$InterceptedInvocation.proceed(InvocationInterceptorChain.java:106)
 at org.junit.jupiter.engine.extension.TimeoutExtension.intercept(TimeoutExtension.java:149)
 at org.junit.jupiter.engine.extension.TimeoutExtension.interceptTestableMethod(TimeoutExtension.java:140)
 at org.junit.jupiter.engine.extension.TimeoutExtension.interceptTestMethod(TimeoutExtension.java:84)
 at org.junit.jupiter.engine.execution.ExecutableInvoker$ReflectiveInterceptorCall.lambda$ofVoidMethod$0(ExecutableInvoker.java:115)
 at org.junit.jupiter.engine.execution.ExecutableInvoker.lambda$invoke$0(ExecutableInvoker.java:105)
 at org.junit.jupiter.engine.execution.InvocationInterceptorChain$InterceptedInvocation.proceed(InvocationInterceptorChain.java:106)
 at org.junit.jupiter.engine.execution.InvocationInterceptorChain.proceed(InvocationInterceptorChain.java:64)
 at org.junit.jupiter.engine.execution.InvocationInterceptorChain.chainAndInvoke(InvocationInterceptorChain.java:45)
 at org.junit.jupiter.engine.execution.InvocationInterceptorChain.invoke(InvocationInterceptorChain.java:37)
 at org.junit.jupiter.engine.execution.ExecutableInvoker.invoke(ExecutableInvoker.java:104)
 at org.junit.jupiter.engine.execution.ExecutableInvoker.invoke(ExecutableInvoker.java:98)
 at org.junit.jupiter.engine.descriptor.TestMethodTestDescriptor.lambda$invokeTestMethod$6(TestMethodTestDescriptor.java:210)
 at org.junit.platform.engine.support.hierarchical.ThrowableCollector.execute(ThrowableCollector.java:73)
 at org.junit.jupiter.engine.descriptor.TestMethodTestDescriptor.invokeTestMethod(TestMethodTestDescriptor.java:206)
 at org.junit.jupiter.engine.descriptor.TestMethodTestDescriptor.execute(TestMethodTestDescriptor.java:131)
 at org.junit.jupiter.engine.descriptor.TestMethodTestDescriptor.execute(TestMethodTestDescriptor.java:65)
 at org.junit.platform.engine.support.hierarchical.NodeTestTask.lambda$executeRecursively$5(NodeTestTask.java:139)
 at org.junit.platform.engine.support.hierarchical.ThrowableCollector.execute(ThrowableCollector.java:73)
 at org.junit.platform.engine.support.hierarchical.NodeTestTask.lambda$executeRecursively$7(NodeTestTask.java:129)
 at org.junit.platform.engine.support.hierarchical.Node.around(Node.java:137)
 at org.junit.platform.engine.support.hierarchical.NodeTestTask.lambda$executeRecursively$8(NodeTestTask.java:127)
 at org.junit.platform.engine.support.hierarchical.ThrowableCollector.execute(ThrowableCollector.java:73)
 at org.junit.platform.engine.support.hierarchical.NodeTestTask.executeRecursively(NodeTestTask.java:126)
 at org.junit.platform.engine.support.hierarchical.NodeTestTask.execute(NodeTestTask.java:84)
 at org.junit.platform.engine.support.hierarchical.ForkJoinPoolHierarchicalTestExecutorService$ExclusiveTask.compute(ForkJoinPoolHierarchicalTestExecutorService.java:185)
 at org.junit.platform.engine.support.hierarchical.ForkJoinPoolHierarchicalTestExecutorService.executeNonConcurrentTasks(ForkJoinPoolHierarchicalTestExecutorService.java:155)
 at org.junit.platform.engine.support.hierarchical.ForkJoinPoolHierarchicalTestExecutorService.invokeAll(ForkJoinPoolHierarchicalTestExecutorService.java:135)
 at org.junit.platform.engine.support.hierarchical.NodeTestTask.lambda$executeRecursively$5(NodeTestTask.java:143)
 at org.junit.platform.engine.support.hierarchical.ThrowableCollector.execute(ThrowableCollector.java:73)
 at org.junit.platform.engine.support.hierarchical.NodeTestTask.lambda$executeRecursively$7(NodeTestTask.java:129)
 at org.junit.platform.engine.support.hierarchical.Node.around(Node.java:137)
 at org.junit.platform.engine.support.hierarchical.NodeTestTask.lambda$executeRecursively$8(NodeTestTask.java:127)
 at org.junit.platform.engine.support.hierarchical.ThrowableCollector.execute(ThrowableCollector.java:73)
 at org.junit.platform.engine.support.hierarchical.NodeTestTask.executeRecursively(NodeTestTask.java:126)
 at org.junit.platform.engine.support.hierarchical.NodeTestTask.execute(NodeTestTask.java:84)
 at org.junit.platform.engine.support.hierarchical.ForkJoinPoolHierarchicalTestExecutorService$ExclusiveTask.compute(ForkJoinPoolHierarchicalTestExecutorService.java:185)
 at org.junit.platform.engine.support.hierarchical.ForkJoinPoolHierarchicalTestExecutorService.executeNonConcurrentTasks(ForkJoinPoolHierarchicalTestExecutorService.java:155)
 at org.junit.platform.engine.support.hierarchical.ForkJoinPoolHierarchicalTestExecutorService.invokeAll(ForkJoinPoolHierarchicalTestExecutorService.java:135)
 at org.junit.platform.engine.support.hierarchical.NodeTestTask.lambda$executeRecursively$5(NodeTestTask.java:143)
 at org.junit.platform.engine.support.hierarchical.ThrowableCollector.execute(ThrowableCollector.java:73)
 at org.junit.platform.engine.support.hierarchical.NodeTestTask.lambda$executeRecursively$7(NodeTestTask.java:129)
 at org.junit.platform.engine.support.hierarchical.Node.around(Node.java:137)
 at org.junit.platform.engine.support.hierarchical.NodeTestTask.lambda$executeRecursively$8(NodeTestTask.java:127)
 at org.junit.platform.engine.support.hierarchical.ThrowableCollector.execute(ThrowableCollector.java:73)
 at org.junit.platform.engine.support.hierarchical.NodeTestTask.executeRecursively(NodeTestTask.java:126)
 at org.junit.platform.engine.support.hierarchical.NodeTestTask.execute(NodeTestTask.java:84)
 at org.junit.platform.engine.support.hierarchical.ForkJoinPoolHierarchicalTestExecutorService$ExclusiveTask.compute(ForkJoinPoolHierarchicalTestExecutorService.java:185)
 at java.base/java.util.concurrent.RecursiveAction.exec(RecursiveAction.java:189)
 at java.base/java.util.concurrent.ForkJoinTask.doExec(ForkJoinTask.java:290)
 at java.base/java.util.concurrent.ForkJoinPool$WorkQueue.topLevelExec(ForkJoinPool.java:1020)
 at java.base/java.util.concurrent.ForkJoinPool.scan(ForkJoinPool.java:1656)
 at java.base/java.util.concurrent.ForkJoinPool.runWorker(ForkJoinPool.java:1594)
 at java.base/java.util.concurrent.ForkJoinWorkerThread.run(ForkJoinWorkerThread.java:177)
&quot;
to contain:
  &quot;Could not disable Keycloak HTTPS requirement:Execution failed!&quot; </td></tr>
<tr class="b">
<td></td>
<td>
<div id="shouldFailIfTheDisableHttpsCommandFailed-failure">org.entando.kubernetes.controller.keycloakserver.DeployedKeycloakServerTest:562</div></td></tr></table><br /></section>
      </div>
    </div>
    <div class="clear">
      <hr/>
    </div>
    <div id="footer">
      <div class="xright">
        Copyright &#169;      2019&#x2013;2021<a href="http://www.entando.com/">Entando Inc.</a>.
.      </div>
      <div class="clear">
        <hr/>
      </div>
    </div>
  </body>
</html>
