GROUP,PACKAGE,CLASS,INSTRUCTION_MISSED,INSTRUCTION_COVERED,BRANCH_MISSED,BRANCH_COVERED,LINE_MISSED,LINE_COVERED,COMPLEXITY_MISSED,COMPLEXITY_COVERED,METHOD_MISSED,METHOD_COVERED
Entando K8S Controller for Keycloak,org.entando.kubernetes.controller.keycloakserver,KeycloakDeploymentResult,0,48,0,0,0,10,0,3,0,3
Entando K8S Controller for Keycloak,org.entando.kubernetes.controller.keycloakserver,EntandoKeycloakHelper,7,115,4,10,2,17,4,9,0,6
Entando K8S Controller for Keycloak,org.entando.kubernetes.controller.keycloakserver,KeycloakDeployable,0,145,0,6,0,24,0,16,0,13
Entando K8S Controller for Keycloak,org.entando.kubernetes.controller.keycloakserver,KeycloakDeployableContainer,8,478,0,12,0,80,1,34,1,28
Entando K8S Controller for Keycloak,org.entando.kubernetes.controller.keycloakserver,EntandoKeycloakServerController,13,840,5,25,0,156,7,32,2,22
Entando K8S Controller for Keycloak,org.entando.kubernetes.controller.keycloakserver,ExternalKeycloakService,0,48,0,2,0,12,0,7,0,6
