GROUP,PACKAGE,CLASS,INSTRUCTION_MISSED,INSTRUCTION_COVERED,BRANCH_MISSED,BRANCH_COVERED,LINE_MISSED,LINE_COVERED,COMPLEXITY_MISSED,COMPLEXITY_COVERED,METHOD_MISSED,METHOD_COVERED
Entando K8S Controller for Keycloak,org.entando.kubernetes.controller.keycloakserver,KeycloakDeploymentResult,0,35,0,0,0,8,0,2,0,2
Entando K8S Controller for Keycloak,org.entando.kubernetes.controller.keycloakserver,EntandoKeycloakHelper,7,101,3,7,2,17,3,7,0,5
Entando K8S Controller for Keycloak,org.entando.kubernetes.controller.keycloakserver,KeycloakDeployable,0,145,0,6,0,24,0,16,0,13
Entando K8S Controller for Keycloak,org.entando.kubernetes.controller.keycloakserver,KeycloakDeployableContainer,8,478,0,12,0,80,1,34,1,28
Entando K8S Controller for Keycloak,org.entando.kubernetes.controller.keycloakserver,EntandoKeycloakServerController,9,810,5,25,0,151,6,32,1,22
Entando K8S Controller for Keycloak,org.entando.kubernetes.controller.keycloakserver,ExternalKeycloakService,0,48,0,2,0,12,0,7,0,6
