GROUP,PACKAGE,CLASS,INSTRUCTION_MISSED,INSTRUCTION_COVERED,BRANCH_MISSED,BRANCH_COVERED,LINE_MISSED,LINE_COVERED,COMPLEXITY_MISSED,COMPLEXITY_COVERED,METHOD_MISSED,METHOD_COVERED
Entando Core: Administration Console,org.entando.entando.apsadmin.portal.guifragment,GuiFragmentFinderAction,245,0,12,0,62,0,25,0,19,0
Entando Core: Administration Console,org.entando.entando.apsadmin.portal.guifragment,GuiFragmentSettingAction,11,0,0,0,3,0,3,0,3,0
Entando Core: Administration Console,org.entando.entando.apsadmin.portal.guifragment,GuiFragmentAction,545,0,46,0,168,0,62,0,39,0
Entando Core: Administration Console,com.agiletec.apsadmin.system.entity.type,EntityTypeNamespaceInfoBean,17,0,0,0,7,0,5,0,5,0
Entando Core: Administration Console,com.agiletec.apsadmin.system.entity.type,EntityTypeConfigAction,534,0,36,0,145,0,47,0,29,0
Entando Core: Administration Console,com.agiletec.apsadmin.system.entity.type,AbstractBaseEntityAttributeConfigAction,988,0,86,0,278,0,136,0,93,0
Entando Core: Administration Console,com.agiletec.apsadmin.system.entity.type,ListElementAttributeConfigAction,54,0,0,0,15,0,6,0,6,0
Entando Core: Administration Console,com.agiletec.apsadmin.system.entity.type,EntityTypesAction,247,0,14,0,72,0,21,0,14,0
Entando Core: Administration Console,com.agiletec.apsadmin.system.entity.type,AbstractEntityConfigAction,58,0,0,0,17,0,10,0,10,0
Entando Core: Administration Console,com.agiletec.apsadmin.system.entity.type,EntityAttributeConfigAction,611,0,86,0,162,0,61,0,18,0
Entando Core: Administration Console,com.agiletec.apsadmin.system.entity.type,CompositeAttributeConfigAction,349,0,26,0,88,0,28,0,15,0
Entando Core: Administration Console,com.agiletec.apsadmin.portal.specialwidget,SimpleWidgetConfigAction,422,0,30,0,97,0,43,0,28,0
Entando Core: Administration Console,org.entando.entando.apsadmin.user,UserAuthorizationAction,397,0,46,0,103,0,50,0,27,0
Entando Core: Administration Console,org.entando.entando.apsadmin.user,UserSettingsAction,7,0,0,0,2,0,2,0,2,0
Entando Core: Administration Console,org.entando.entando.apsadmin.user,UserProfileAction,405,0,36,0,112,0,39,0,21,0
Entando Core: Administration Console,org.entando.entando.apsadmin.user,UserAction,579,0,76,0,159,0,77,0,39,0
Entando Core: Administration Console,org.entando.entando.apsadmin.user,UserAuthsFormBean,81,0,12,0,22,0,14,0,8,0
Entando Core: Administration Console,org.entando.entando.apsadmin.user,UserProfileFinderAction,243,0,28,0,67,0,34,0,20,0
Entando Core: Administration Console,com.agiletec.apsadmin.user.group,GroupAction,316,0,36,0,97,0,44,0,26,0
Entando Core: Administration Console,com.agiletec.apsadmin.user.group,GroupFinderAction,24,0,0,0,8,0,4,0,4,0
Entando Core: Administration Console,com.agiletec.apsadmin.tags,UserShortcutsConfigTag,98,0,6,0,21,0,8,0,5,0
Entando Core: Administration Console,com.agiletec.apsadmin.tags,HookPointTag,120,0,10,0,28,0,12,0,7,0
Entando Core: Administration Console,com.agiletec.apsadmin.tags,ApsActionParamTag,38,0,0,0,13,0,7,0,7,0
Entando Core: Administration Console,com.agiletec.apsadmin.tags,TracerFactoryTag,72,0,4,0,17,0,9,0,7,0
Entando Core: Administration Console,com.agiletec.apsadmin.tags,WidgetTypeInfoTag,13,0,0,0,3,0,2,0,2,0
Entando Core: Administration Console,com.agiletec.apsadmin.tags,BackendGuiClientTag,55,0,4,0,15,0,7,0,5,0
Entando Core: Administration Console,com.agiletec.apsadmin.tags,TracerFactory,20,0,0,0,7,0,3,0,3,0
Entando Core: Administration Console,com.agiletec.apsadmin.tags,ParamMapTag,26,0,0,0,9,0,5,0,5,0
Entando Core: Administration Console,com.agiletec.apsadmin.tags,EntityTypeInfoTag,84,0,2,0,18,0,7,0,6,0
Entando Core: Administration Console,com.agiletec.apsadmin.tags,CounterTag,60,0,0,0,20,0,8,0,8,0
Entando Core: Administration Console,com.agiletec.apsadmin.tags,ShortcutInfoTag,13,0,0,0,3,0,2,0,2,0
Entando Core: Administration Console,com.agiletec.apsadmin.tags,EntityInfoTag,80,0,2,0,16,0,6,0,5,0
Entando Core: Administration Console,com.agiletec.apsadmin.tags,PluginsSubMenuTag,86,0,4,0,20,0,6,0,4,0
Entando Core: Administration Console,com.agiletec.apsadmin.tags,AdminPagerTag,182,0,2,0,53,0,20,0,19,0
Entando Core: Administration Console,com.agiletec.apsadmin.tags,AbstractObjectInfoTag,226,0,14,0,48,0,19,0,12,0
Entando Core: Administration Console,com.agiletec.apsadmin.tags,PageInfoTag,13,0,0,0,3,0,2,0,2,0
Entando Core: Administration Console,com.agiletec.apsadmin.tags,ApsActionParamSubTag,38,0,0,0,13,0,7,0,7,0
Entando Core: Administration Console,com.agiletec.apsadmin.tags.util,RadioMap,116,0,18,0,32,0,17,0,8,0
Entando Core: Administration Console,com.agiletec.apsadmin.tags.util,ComponentPagerVO,118,0,2,0,34,0,18,0,17,0
Entando Core: Administration Console,com.agiletec.apsadmin.tags.util,AutoIndexingTagHelper,48,0,8,0,11,0,6,0,2,0
Entando Core: Administration Console,com.agiletec.apsadmin.tags.util,Hidden,29,0,2,0,9,0,4,0,3,0
Entando Core: Administration Console,com.agiletec.apsadmin.tags.util,AdminPagerTagHelper,120,0,16,0,30,0,14,0,6,0
Entando Core: Administration Console,com.agiletec.apsadmin.tags.util,ParamMap,75,0,6,0,19,0,7,0,4,0
Entando Core: Administration Console,com.agiletec.apsadmin.tags.util,ApsActionParamComponent,124,0,8,0,32,0,14,0,10,0
Entando Core: Administration Console,com.agiletec.apsadmin.tags.util,Submit,126,0,24,0,27,0,15,0,3,0
Entando Core: Administration Console,com.agiletec.apsadmin.system.dispatcher,PrepareOperations,61,0,8,0,18,0,7,0,3,0
Entando Core: Administration Console,com.agiletec.apsadmin.system.dispatcher,ServletActionRedirectResultWithAnchor,175,0,6,0,37,0,16,0,13,0
Entando Core: Administration Console,com.agiletec.apsadmin.system.dispatcher,Struts2ServletDispatcher,3,0,0,0,1,0,1,0,1,0
Entando Core: Administration Console,com.agiletec.apsadmin.system.dispatcher,StrutsPrepareAndExecuteFilter,54,0,2,0,15,0,3,0,2,0
Entando Core: Administration Console,com.agiletec.apsadmin.system.dispatcher,InitOperations,51,0,4,0,13,0,4,0,2,0
Entando Core: Administration Console,com.agiletec.apsadmin.system.dispatcher,FrontServletActionRedirectResult,3,0,0,0,1,0,1,0,1,0
Entando Core: Administration Console,com.agiletec.apsadmin.system.dispatcher,EntandoStaticContentLoader,21,0,2,0,6,0,3,0,2,0
Entando Core: Administration Console,com.agiletec.apsadmin.system.dispatcher,EntandoActionUtils,47,0,10,0,12,0,7,0,2,0
Entando Core: Administration Console,org.entando.entando.apsadmin.common,UserAvatarAction,252,0,10,0,76,0,29,0,24,0
Entando Core: Administration Console,org.entando.entando.apsadmin.common,MyShortcutConfigAction,280,0,16,0,74,0,33,0,25,0
Entando Core: Administration Console,org.entando.entando.apsadmin.common,ActivityStreamCommentAction,70,0,0,0,25,0,12,0,12,0
Entando Core: Administration Console,org.entando.entando.apsadmin.common,ActivityStreamAction,155,0,6,0,45,0,14,0,11,0
Entando Core: Administration Console,org.entando.entando.apsadmin.common,ActivityStreamLikeAction,60,0,2,0,20,0,10,0,9,0
Entando Core: Administration Console,org.entando.entando.apsadmin.system,RedirectMessageInterceptor,183,0,46,0,42,0,27,0,4,0
Entando Core: Administration Console,org.entando.entando.apsadmin.system,CustomTokenInterceptor,101,0,12,0,24,0,13,0,7,0
Entando Core: Administration Console,org.entando.entando.apsadmin.system,ActionLoggerInterceptor,365,0,32,0,93,0,32,0,16,0
Entando Core: Administration Console,org.entando.entando.apsadmin.system,ApsParametersInterceptor,65,0,4,0,18,0,5,0,3,0
Entando Core: Administration Console,com.agiletec.apsadmin.admin,BaseAdminAction,293,0,20,0,95,0,33,0,23,0
Entando Core: Administration Console,com.agiletec.apsadmin.user.role,RoleFinderAction,24,0,0,0,8,0,4,0,4,0
Entando Core: Administration Console,com.agiletec.apsadmin.user.role,RoleAction,365,0,34,0,110,0,46,0,29,0
Entando Core: Administration Console,com.agiletec.apsadmin.portal.helper,PageActionReferencesHelper,43,0,6,0,13,0,8,0,5,0
Entando Core: Administration Console,com.agiletec.apsadmin.portal.helper,AbstractPageActionHelper,662,0,98,0,157,0,72,0,23,0
Entando Core: Administration Console,com.agiletec.apsadmin.system.plugin,PluginSubMenuContainer,17,0,0,0,7,0,5,0,5,0
Entando Core: Administration Console,com.agiletec.apsadmin.system.plugin,HookPointElementContainer,24,0,0,0,10,0,7,0,7,0
Entando Core: Administration Console,org.entando.entando.aps.internalservlet.system.dispatcher.mapper,ExtendedDefaultActionMapper,96,0,12,0,20,0,9,0,3,0
Entando Core: Administration Console,com.agiletec.apsadmin.system.entity,EntityManagersAction,113,0,2,0,37,0,11,0,10,0
Entando Core: Administration Console,com.agiletec.apsadmin.system.entity,AbstractApsEntityAction,49,0,0,0,16,0,10,0,10,0
Entando Core: Administration Console,com.agiletec.apsadmin.system.entity,AbstractApsEntityFinderAction,395,0,24,0,116,0,39,0,27,0
Entando Core: Administration Console,com.agiletec.apsadmin.system.entity,DefaultApsEntityFinderAction,49,0,2,0,15,0,10,0,9,0
Entando Core: Administration Console,com.agiletec.apsadmin.system.entity,EntityActionHelper,958,0,114,0,163,0,72,0,15,0
Entando Core: Administration Console,com.agiletec.apsadmin.system.entity.attribute.action.list,ListAttributeAction,246,0,24,0,63,0,26,0,14,0
Entando Core: Administration Console,org.entando.entando.apsadmin.api.helper,SchemaGeneratorActionHelper,233,0,22,0,56,0,16,0,5,0
Entando Core: Administration Console,org.entando.entando.apsadmin.api.helper,StreamSchemaOutputResolver,29,0,0,0,7,0,4,0,4,0
Entando Core: Administration Console,com.agiletec.apsadmin.admin.localestring,LocaleStringFinderAction,112,0,14,0,30,0,18,0,11,0
Entando Core: Administration Console,com.agiletec.apsadmin.admin.localestring,LocaleStringAction,255,0,20,0,75,0,30,0,20,0
Entando Core: Administration Console,com.agiletec.apsadmin.system.entity.attribute.manager,MonoListAttributeManager,42,0,4,0,11,0,4,0,2,0
Entando Core: Administration Console,com.agiletec.apsadmin.system.entity.attribute.manager,ListAttributeManager,64,0,6,0,15,0,5,0,2,0
Entando Core: Administration Console,com.agiletec.apsadmin.system.entity.attribute.manager,HypertextAttributeManager,3,0,0,0,1,0,1,0,1,0
Entando Core: Administration Console,com.agiletec.apsadmin.system.entity.attribute.manager,AbstractMonoLangAttributeManager,22,0,4,0,7,0,4,0,2,0
Entando Core: Administration Console,com.agiletec.apsadmin.system.entity.attribute.manager,AbstractAttributeManager,217,0,20,0,51,0,24,0,14,0
Entando Core: Administration Console,com.agiletec.apsadmin.system.entity.attribute.manager,TextAttributeManager,122,0,10,0,21,0,8,0,3,0
Entando Core: Administration Console,com.agiletec.apsadmin.system.entity.attribute.manager,NumberAttributeManager,180,0,24,0,36,0,17,0,5,0
Entando Core: Administration Console,com.agiletec.apsadmin.system.entity.attribute.manager,AbstractMultiLangAttributeManager,43,0,6,0,11,0,5,0,2,0
Entando Core: Administration Console,com.agiletec.apsadmin.system.entity.attribute.manager,DateAttributeManager,186,0,24,0,37,0,17,0,5,0
Entando Core: Administration Console,com.agiletec.apsadmin.system.entity.attribute.manager,CheckBoxAttributeManager,42,0,6,0,12,0,6,0,3,0
Entando Core: Administration Console,com.agiletec.apsadmin.system.entity.attribute.manager,CompositeAttributeManager,42,0,4,0,11,0,4,0,2,0
Entando Core: Administration Console,com.agiletec.apsadmin.system.entity.attribute.manager,TimestampAttributeManager,240,0,34,0,59,0,23,0,6,0
Entando Core: Administration Console,com.agiletec.apsadmin.system.entity.attribute.manager,BooleanAttributeManager,17,0,2,0,5,0,3,0,2,0
Entando Core: Administration Console,com.agiletec.apsadmin.system.entity.attribute.manager,MonoTextAttributeManager,89,0,8,0,18,0,7,0,3,0
Entando Core: Administration Console,com.agiletec.apsadmin.system,InterceptorMadMax2nd,12,0,0,0,5,0,5,0,5,0
Entando Core: Administration Console,com.agiletec.apsadmin.system,ChainingInterceptor,65,0,12,0,19,0,9,0,3,0
Entando Core: Administration Console,com.agiletec.apsadmin.system,I18nFrontEndInterceptor,3,0,0,0,1,0,1,0,1,0
Entando Core: Administration Console,com.agiletec.apsadmin.system,BaseInterceptorMadMax,157,0,32,0,40,0,22,0,6,0
Entando Core: Administration Console,com.agiletec.apsadmin.system,TreeNodeWrapper,166,0,8,0,49,0,22,0,18,0
Entando Core: Administration Console,com.agiletec.apsadmin.system,TreeNodeBaseActionHelper,472,0,72,0,122,0,49,0,13,0
Entando Core: Administration Console,com.agiletec.apsadmin.system,BaseActionHelper,44,0,0,0,15,0,9,0,9,0
Entando Core: Administration Console,com.agiletec.apsadmin.system,BaseAction,355,0,48,0,89,0,54,0,30,0
Entando Core: Administration Console,com.agiletec.apsadmin.system,AbstractTreeAction,130,0,6,0,42,0,17,0,14,0
Entando Core: Administration Console,com.agiletec.apsadmin.system,InterceptorMadMax,87,0,4,0,24,0,13,0,11,0
Entando Core: Administration Console,com.agiletec.apsadmin.system,ApsFileUploadInterceptor,61,0,10,0,14,0,8,0,3,0
Entando Core: Administration Console,org.entando.entando.apsadmin.system.resource,CustomLocalizedTextProvider,209,0,22,0,43,0,15,0,4,0
Entando Core: Administration Console,org.entando.entando.apsadmin.system.services.shortcut,ShortcutLoader,150,0,8,0,46,0,12,0,8,0
Entando Core: Administration Console,org.entando.entando.apsadmin.system.services.shortcut,UserShortcutDAO,220,0,2,0,60,0,8,0,7,0
Entando Core: Administration Console,org.entando.entando.apsadmin.system.services.shortcut,UserShortcutConfigDOM,190,0,14,0,50,0,12,0,5,0
Entando Core: Administration Console,org.entando.entando.apsadmin.system.services.shortcut,ShortcutDefDOM,363,0,26,0,90,0,21,0,8,0
Entando Core: Administration Console,org.entando.entando.apsadmin.system.services.shortcut,ShortcutManager,499,0,46,0,124,0,50,0,27,0
Entando Core: Administration Console,com.agiletec.apsadmin.system.conversion,ApsTimestampTypeConverter,106,0,14,0,24,0,10,0,3,0
Entando Core: Administration Console,com.agiletec.apsadmin.system.conversion,ApsDateTypeConverter,106,0,14,0,24,0,10,0,3,0
Entando Core: Administration Console,org.entando.entando.apsadmin.portal.rs.validator,SwapWidgetRequestValidator,112,0,18,0,32,0,12,0,3,0
Entando Core: Administration Console,org.entando.entando.apsadmin.portal.model.helper,PageModelActionHelper,79,0,8,0,20,0,7,0,3,0
Entando Core: Administration Console,org.entando.entando.apsadmin.system.tiles,EntandoStrutsTilesContainerFactory,169,0,14,0,39,0,14,0,7,0
Entando Core: Administration Console,org.entando.entando.apsadmin.system.tiles,EntandoStrutsTilesInitializer,26,0,0,0,9,0,5,0,5,0
Entando Core: Administration Console,org.entando.entando.apsadmin.system.tiles,EntandoStrutsTilesListener,31,0,0,0,10,0,6,0,6,0
Entando Core: Administration Console,org.entando.entando.apsadmin.portal.guifragment.helper,GuiFragmentActionHelper,79,0,8,0,20,0,7,0,3,0
Entando Core: Administration Console,org.entando.entando.apsadmin.portal.model,AbstractPageModelAction,23,0,2,0,8,0,5,0,4,0
Entando Core: Administration Console,org.entando.entando.apsadmin.portal.model,PageModelAction,736,0,74,0,215,0,74,0,37,0
Entando Core: Administration Console,org.entando.entando.apsadmin.portal.model,PageModelFinderAction,23,0,0,0,6,0,2,0,2,0
Entando Core: Administration Console,com.agiletec.apsadmin.portal.specialwidget.navigator,NavigatorWidgetConfigAction,445,0,38,0,142,0,56,0,37,0
Entando Core: Administration Console,org.entando.entando.aps.system.init.model.servdb,UserShortcut,3,0,0,0,1,0,1,0,1,0
Entando Core: Administration Console,com.agiletec.apsadmin.portal,PageTreeMenuAction,595,0,54,0,166,0,83,0,56,0
Entando Core: Administration Console,com.agiletec.apsadmin.portal,PageSettingsAction,7,0,0,0,2,0,2,0,2,0
Entando Core: Administration Console,com.agiletec.apsadmin.portal,WidgetTypeAction,1616,0,176,0,414,0,162,0,74,0
Entando Core: Administration Console,com.agiletec.apsadmin.portal,PageAction,2059,0,186,0,575,0,190,0,97,0
Entando Core: Administration Console,com.agiletec.apsadmin.portal,PageFinderAction,224,0,16,0,68,0,23,0,15,0
Entando Core: Administration Console,com.agiletec.apsadmin.portal,AbstractPortalAction,424,0,38,0,118,0,55,0,36,0
Entando Core: Administration Console,com.agiletec.apsadmin.portal,PageConfigAction,884,0,76,0,234,0,84,0,46,0
Entando Core: Administration Console,com.agiletec.apsadmin.portal,WidgetsViewerAction,179,0,18,0,46,0,28,0,19,0
Entando Core: Administration Console,com.agiletec.apsadmin.portal,ScreenSize,107,0,14,0,29,0,17,0,10,0
Entando Core: Administration Console,com.agiletec.apsadmin.portal,PagePreviewAction,223,0,22,0,64,0,31,0,20,0
Entando Core: Administration Console,com.agiletec.apsadmin.portal,PageTreeAction,555,0,50,0,155,0,52,0,27,0
Entando Core: Administration Console,org.entando.entando.aps.internalservlet.system.dispatcher,FrontServletActionRedirectResult,376,0,36,0,78,0,34,0,16,0
Entando Core: Administration Console,org.entando.entando.aps.internalservlet.system.dispatcher,Struts2ServletDispatcher,159,0,20,0,39,0,14,0,4,0
Entando Core: Administration Console,org.entando.entando.aps.internalservlet.system.dispatcher,GuiFragmentResult,189,0,14,0,52,0,17,0,10,0
Entando Core: Administration Console,org.entando.entando.apsadmin.portal.rs.model,JoinWidgetResponse,59,0,0,0,23,0,12,0,12,0
Entando Core: Administration Console,org.entando.entando.apsadmin.portal.rs.model,PageResponse,59,0,0,0,23,0,12,0,12,0
Entando Core: Administration Console,org.entando.entando.apsadmin.portal.rs.model,AbstractPageResponse,64,0,4,0,17,0,4,0,2,0
Entando Core: Administration Console,org.entando.entando.apsadmin.portal.rs.model,PageJO,83,0,0,0,35,0,23,0,23,0
Entando Core: Administration Console,org.entando.entando.apsadmin.portal.rs.model,PagesStatusResponse,59,0,0,0,21,0,11,0,11,0
Entando Core: Administration Console,org.entando.entando.apsadmin.portal.rs.model,SwapWidgetResponse,52,0,0,0,20,0,10,0,10,0
Entando Core: Administration Console,org.entando.entando.apsadmin.portal.rs.model,SwapWidgetRequest,27,0,0,0,11,0,7,0,7,0
Entando Core: Administration Console,org.entando.entando.apsadmin.portal.rs.model,DeleteWidgetResponse,52,0,0,0,20,0,10,0,10,0
Entando Core: Administration Console,com.agiletec.apsadmin.common,BaseCommonAction,107,0,6,0,35,0,17,0,14,0
Entando Core: Administration Console,com.agiletec.apsadmin.common,DispatchAction,145,0,12,0,40,0,18,0,12,0
Entando Core: Administration Console,org.entando.entando.apsadmin.system.services.shortcut.model,AbstractBaseBean,41,0,0,0,18,0,11,0,11,0
Entando Core: Administration Console,org.entando.entando.apsadmin.system.services.shortcut.model,Shortcut,132,0,6,0,43,0,19,0,16,0
Entando Core: Administration Console,org.entando.entando.apsadmin.system.services.shortcut.model,UserConfigBean,23,0,0,0,10,0,5,0,5,0
Entando Core: Administration Console,org.entando.entando.apsadmin.system.services.shortcut.model,MenuSection,28,0,0,0,8,0,2,0,2,0
Entando Core: Administration Console,org.entando.entando.apsadmin.common.currentuser,CurrentAvatarAction,21,0,4,0,6,0,4,0,2,0
Entando Core: Administration Console,org.entando.entando.apsadmin.common.currentuser,CurrentUserProfileAction,292,0,24,0,82,0,30,0,18,0
Entando Core: Administration Console,org.entando.entando.aps.internalservlet.system,I18nFrontEndInterceptor,32,0,2,0,8,0,3,0,2,0
Entando Core: Administration Console,org.entando.entando.apsadmin.admin,DatabaseAction,460,0,36,0,136,0,48,0,30,0
Entando Core: Administration Console,org.entando.entando.apsadmin.api.model,ApiSelectItem,31,0,2,0,12,0,7,0,6,0
Entando Core: Administration Console,com.agiletec.apsadmin.category.helper,CategoryActionHelper,228,0,20,0,60,0,21,0,11,0
Entando Core: Administration Console,org.entando.entando.apsadmin.portal.node,PageTreeNodeWrapper,31,0,0,0,12,0,6,0,6,0
Entando Core: Administration Console,org.entando.entando.apsadmin.tags,EntityTypesInfoTag,95,0,4,0,26,0,9,0,7,0
Entando Core: Administration Console,org.entando.entando.apsadmin.tags,ActivityStreamLikeRecordsTag,25,0,0,0,8,0,4,0,4,0
Entando Core: Administration Console,org.entando.entando.apsadmin.tags,PageTreeTag,241,0,12,0,72,0,28,0,22,0
Entando Core: Administration Console,org.entando.entando.apsadmin.tags,ShortcutListTag,337,0,26,0,70,0,22,0,9,0
Entando Core: Administration Console,org.entando.entando.apsadmin.tags,GroupsByPermissionTag,99,0,10,0,26,0,13,0,8,0
Entando Core: Administration Console,org.entando.entando.apsadmin.tags,ActionLogRecordTag,14,0,0,0,3,0,2,0,2,0
Entando Core: Administration Console,org.entando.entando.apsadmin.tags,ActivityTitleTag,105,0,6,0,25,0,12,0,9,0
Entando Core: Administration Console,org.entando.entando.apsadmin.tags,ActivityStreamTag,95,0,2,0,20,0,6,0,5,0
Entando Core: Administration Console,org.entando.entando.apsadmin.tags,ActivityStreamLastUpdateTag,79,0,2,0,18,0,6,0,5,0
Entando Core: Administration Console,org.entando.entando.apsadmin.tags,ActivityStreamCommentRecordsTag,25,0,0,0,8,0,4,0,4,0
Entando Core: Administration Console,com.agiletec.apsadmin.user,AbstractAuthorityAction,30,0,0,0,11,0,5,0,5,0
Entando Core: Administration Console,com.agiletec.apsadmin.system.dispatcher.mapper,ExtendedDefaultActionMapper,3,0,0,0,1,0,1,0,1,0
Entando Core: Administration Console,org.entando.entando.apsadmin.common.currentuser.attribute.action.list,ListAttributeAction,36,0,2,0,11,0,7,0,6,0
Entando Core: Administration Console,com.agiletec.apsadmin.util,SelectItem,11,0,0,0,4,0,2,0,2,0
Entando Core: Administration Console,com.agiletec.apsadmin.util,ApsRequestParamsUtil,218,0,34,0,57,0,24,0,7,0
Entando Core: Administration Console,org.entando.entando.apsadmin.system.validator,URLValidator,83,0,16,0,21,0,12,0,4,0
Entando Core: Administration Console,org.entando.entando.apsadmin.filebrowser,FileBrowserAction,1115,0,98,0,269,0,109,0,60,0
Entando Core: Administration Console,org.entando.entando.apsadmin.user.attribute.action.list,ListAttributeAction,36,0,2,0,11,0,7,0,6,0
Entando Core: Administration Console,org.entando.entando.aps.internalservlet.api,ApiServiceFinderAction,13,0,4,0,2,0,4,0,2,0
Entando Core: Administration Console,org.entando.entando.aps.internalservlet.api,ApiResourceAction,148,0,6,0,40,0,14,0,11,0
Entando Core: Administration Console,org.entando.entando.aps.internalservlet.api,ApiResourceFinderAction,49,0,14,0,7,0,10,0,3,0
Entando Core: Administration Console,org.entando.entando.aps.internalservlet.api,ApiServiceAction,161,0,14,0,43,0,18,0,11,0
Entando Core: Administration Console,com.agiletec.apsadmin.user.group.helper,GroupActionHelper,79,0,8,0,20,0,7,0,3,0
Entando Core: Administration Console,com.agiletec.apsadmin.tags.form,RadioTag,64,0,2,0,20,0,13,0,12,0
Entando Core: Administration Console,com.agiletec.apsadmin.tags.form,TextFieldTag,39,0,2,0,13,0,8,0,7,0
Entando Core: Administration Console,com.agiletec.apsadmin.tags.form,SubmitTag,46,0,2,0,14,0,9,0,8,0
Entando Core: Administration Console,com.agiletec.apsadmin.tags.form,PasswordTag,39,0,2,0,13,0,8,0,7,0
Entando Core: Administration Console,com.agiletec.apsadmin.tags.form,SelectTag,39,0,2,0,13,0,8,0,7,0
Entando Core: Administration Console,com.agiletec.apsadmin.tags.form,HiddenTag,10,0,0,0,2,0,2,0,2,0
Entando Core: Administration Console,com.agiletec.apsadmin.tags.form,CheckboxTag,39,0,2,0,13,0,8,0,7,0
Entando Core: Administration Console,com.agiletec.apsadmin.tags.form,TextareaTag,39,0,2,0,13,0,8,0,7,0
Entando Core: Administration Console,com.agiletec.apsadmin.category,CategorySettingsAction,7,0,0,0,2,0,2,0,2,0
Entando Core: Administration Console,com.agiletec.apsadmin.category,CategoryAction,1056,0,114,0,294,0,104,0,47,0
Entando Core: Administration Console,org.entando.entando.apsadmin.portal.helper,PageActionHelperDraft,18,0,0,0,5,0,5,0,5,0
Entando Core: Administration Console,org.entando.entando.apsadmin.portal.helper,PageActionHelperOnline,33,0,6,0,6,0,9,0,6,0
Entando Core: Administration Console,org.entando.entando.apsadmin.api,ConsumerAction,386,0,28,0,116,0,47,0,33,0
Entando Core: Administration Console,org.entando.entando.apsadmin.api,ApiResourceFinderAction,5,0,0,0,2,0,2,0,2,0
Entando Core: Administration Console,org.entando.entando.apsadmin.api,ApiServiceFinderAction,330,0,42,0,74,0,31,0,10,0
Entando Core: Administration Console,org.entando.entando.apsadmin.api,AbstractApiAction,352,0,16,0,74,0,25,0,17,0
Entando Core: Administration Console,org.entando.entando.apsadmin.api,ConsumerFinderAction,145,0,10,0,40,0,17,0,12,0
Entando Core: Administration Console,org.entando.entando.apsadmin.api,ApiResourceAction,594,0,38,0,134,0,44,0,25,0
Entando Core: Administration Console,org.entando.entando.apsadmin.api,ApiServiceAction,1228,0,120,0,309,0,130,0,70,0
Entando Core: Administration Console,org.entando.entando.apsadmin.api,AbstractApiFinderAction,166,0,14,0,45,0,14,0,7,0
Entando Core: Administration Console,org.apache.struts2.views.jsp,PropertyTag,79,0,0,0,29,0,10,0,10,0
Entando Core: Administration Console,com.agiletec.apsadmin.admin.lang,LangAction,88,0,6,0,26,0,9,0,6,0
Entando Core: Administration Console,com.agiletec.apsadmin.admin.lang,LangFinderAction,47,0,0,0,16,0,4,0,4,0
