
Showing logs for build [32mentando-k8s-entando-k8s-composi-77t4p-2[0m stage [32mfrom-build-pack[0m and container [32mstep-credential-initializer-kfzzp[0m
{"level":"warn","ts":1616777960.722379,"logger":"fallback-logger","caller":"logging/config.go:69","msg":"Fetch GitHub commit ID from kodata failed: \"ref: refs/heads/0.8.0-**-support-backwards-incompats\" is not a valid GitHub commit ID"}
{"level":"info","ts":1616777960.7390547,"logger":"fallback-logger","caller":"creds-init/main.go:40","msg":"Credentials initialized."}

Showing logs for build [32mentando-k8s-entando-k8s-composi-77t4p-2[0m stage [32mfrom-build-pack[0m and container [32mstep-working-dir-initializer-qdjz5[0m
{"level":"warn","ts":1616777966.2612984,"logger":"fallback-logger","caller":"logging/config.go:69","msg":"Fetch GitHub commit ID from kodata failed: open /var/run/ko/HEAD: no such file or directory"}
{"level":"info","ts":1616777966.2934585,"logger":"fallback-logger","caller":"bash/main.go:64","msg":"Successfully e**cuted command \"sh -c mkdir -p /workspace/source\"; output "}

Showing logs for build [32mentando-k8s-entando-k8s-composi-77t4p-2[0m stage [32mfrom-build-pack[0m and container [32mstep-place-tools[0m

Showing logs for build [32mentando-k8s-entando-k8s-composi-77t4p-2[0m stage [32mfrom-build-pack[0m and container [32mstep-git-source-entando-k8s-entando-k8s-composi-4w4ck[0m
{"level":"warn","ts":1616777983.7929938,"logger":"fallback-logger","caller":"logging/config.go:69","msg":"Fetch GitHub commit ID from kodata failed: \"ref: refs/heads/0.8.0-**-support-backwards-incompats\" is not a valid GitHub commit ID"}
{"level":"info","ts":1616777984.550373,"logger":"fallback-logger","caller":"git/git.go:103","msg":"Successfully cloned https://github.com/entando-k8s/entando-k8s-composite-app-controller.git @ master in path /workspace/source"}

Showing logs for build [32mentando-k8s-entando-k8s-composi-77t4p-2[0m stage [32mfrom-build-pack[0m and container [32mstep-git-merge[0m
Using SHAs from PULL_REFS=master:62e7310154b41168106f9ce3384439ad8fe0de73,17:4ac0ab3f1d8f4c874c316e1514c7088016a4a982
DEBUG: ran git fetch --unshallow origin 4ac0ab3f1d8f4c874c316e1514c7088016a4a982: 62e7310154b41168106f9ce3384439ad8fe0de73: in 
DEBUG: ran git checkout master in 
DEBUG: ran git reset --hard 62e7310154b41168106f9ce3384439ad8fe0de73 in 
DEBUG: ran clean --force -d . in 
DEBUG: ran git merge 4ac0ab3f1d8f4c874c316e1514c7088016a4a982 in 
Merged SHA 4ac0ab3f1d8f4c874c316e1514c7088016a4a982 with commit message '#ENG-2068 bumped parent' into base branch master

Showing logs for build [32mentando-k8s-entando-k8s-composi-77t4p-2[0m stage [32mfrom-build-pack[0m and container [32mstep-build-set-version[0m
Picked up _JAVA_OPTIONS: -XX:+UnlockExperimentalVMOptions -Dsun.zip.disableMemoryMapping=**** -XX:+UseParallelGC -XX:MinHeapFreeRatio=5 -XX:MaxHeapFreeRatio=10 -XX:GCTimeRatio=4 -XX:AdaptiveSizePolicyWeight=90 -Xms1000m -Xmx12000m
[INFO] Scanning for projects...
[INFO] 
[INFO] ----------< org.entando:entando-k8s-composite-app-controller >----------
[INFO] Building Entando K8S Composite App Controller 6.3.0-SNAPSHOT
[INFO] --------------------------------[ jar ]---------------------------------
[INFO] 
[INFO] --- versions-maven-plugin:2.8.1:set (default-cli) @ entando-k8s-composite-app-controller ---
[INFO] Local aggregation ****: /workspace/source
[INFO] Processing change of org.entando:entando-k8s-composite-app-controller:6.3.0-SNAPSHOT -> 0.0.0-SNAPSHOT-PR-17-2
[INFO] Processing org.entando:entando-k8s-composite-app-controller
[INFO]     Updating project org.entando:entando-k8s-composite-app-controller
[INFO]         from version 6.3.0-SNAPSHOT to 0.0.0-SNAPSHOT-PR-17-2
[INFO] 
[INFO] ------------------------------------------------------------------------
[INFO] BUILD SUCCESS
[INFO] ------------------------------------------------------------------------
[INFO] Total time:  8.199 s
[INFO] Finished at: 2021-03-26T16:59:56Z
[INFO] ------------------------------------------------------------------------

Showing logs for build [32mentando-k8s-entando-k8s-composi-77t4p-2[0m stage [32mfrom-build-pack[0m and container [32mstep-build-fix-git-for-sonar[0m
Switched to a new branch 'PR-17'
M	pom.xml
Deleted branch master (was 4ac0ab3).
From https://github.com/entando-k8s/entando-k8s-composite-app-controller
 * [new branch]      master     -> master

Showing logs for build [32mentando-k8s-entando-k8s-composi-77t4p-2[0m stage [32mfrom-build-pack[0m and container [32mstep-build-mvn-verify-pr[0m
Picked up _JAVA_OPTIONS: -XX:+UnlockExperimentalVMOptions -Dsun.zip.disableMemoryMapping=**** -XX:+UseParallelGC -XX:MinHeapFreeRatio=5 -XX:MaxHeapFreeRatio=10 -XX:GCTimeRatio=4 -XX:AdaptiveSizePolicyWeight=90 -Xms1000m -Xmx12000m
[INFO] Scanning for projects...
[INFO] 
[INFO] ----------< org.entando:entando-k8s-composite-app-controller >----------
[INFO] Building Entando K8S Composite App Controller 0.0.0-SNAPSHOT-PR-17-2
[INFO] --------------------------------[ jar ]---------------------------------
[INFO] 
[INFO] --- maven-checkstyle-plugin:3.1.1:check (validate) @ entando-k8s-composite-app-controller ---
[INFO] Starting audit...
Audit done.
[INFO] You have 0 Checkstyle violations.
[INFO] 
[INFO] --- maven-checkstyle-plugin:3.1.1:checkstyle (validate) @ entando-k8s-composite-app-controller ---
[INFO] Starting audit...
Audit done.
[INFO] 
[INFO] --- jacoco-maven-plugin:0.8.5:prepare-agent (prepare-agent) @ entando-k8s-composite-app-controller ---
[INFO] argLine set to -javaagent:/home/jenkins/.mvnrepository/org/jacoco/org.jacoco.agent/0.8.5/org.jacoco.agent-0.8.5-runtime.jar=destfile=/workspace/source/target/jacoco.e**c
[INFO] 
[INFO] --- maven-resources-plugin:2.6:resources (default-resources) @ entando-k8s-composite-app-controller ---
[INFO] Using 'UTF-8' encoding to copy filtered resources.
[INFO] Copying 3 resources
[INFO] 
[INFO] --- maven-compiler-plugin:3.8.1:compile (default-compile) @ entando-k8s-composite-app-controller ---
[INFO] Changes detected - recompiling the module!
[INFO] Compiling 1 source file to /workspace/source/target/classes
[INFO] 
[INFO] --- maven-resources-plugin:2.6:testResources (default-testResources) @ entando-k8s-composite-app-controller ---
[INFO] Using 'UTF-8' encoding to copy filtered resources.
[INFO] Copying 6 resources
[INFO] 
[INFO] --- maven-compiler-plugin:3.8.1:testCompile (default-testCompile) @ entando-k8s-composite-app-controller ---
[INFO] Changes detected - recompiling the module!
[INFO] Compiling 5 source files to /workspace/source/target/test-classes
[INFO] 
[INFO] --- maven-surefire-plugin:3.0.0-M1:test (default-test) @ entando-k8s-composite-app-controller ---
[INFO] 
[INFO] -------------------------------------------------------
[INFO]  T E S T S
[INFO] -------------------------------------------------------
[INFO] Running org.entando.kubernetes.compositeapp.controller.inprocesstests.CompositeAppControllerMockedTest
Mar 26, 2021 5:00:22 PM okhttp3.mockwebserver.MockWebServer$2 e**cute
INFO: MockWebServer[38326] starting to accept connections
Mar 26, 2021 5:00:22 PM okhttp3.mockwebserver.MockWebServer$3 processOneRequest
INFO: MockWebServer[38326] received request: GET /api/v1/namespaces/entando HTTP/1.1 and responded: HTTP/1.1 404 Client Error
Mar 26, 2021 5:00:23 PM okhttp3.mockwebserver.MockWebServer$3 processOneRequest
INFO: MockWebServer[38326] received request: POST /api/v1/namespaces HTTP/1.1 and responded: HTTP/1.1 202 OK
Mar 26, 2021 5:00:23 PM org.entando.kubernetes.client.KubernetesRestInterceptor invoke
INFO: Entering method loadDockerImageInfoConfigMap in class org.entando.kubernetes.controller.support.client.EntandoResourceClient
Mar 26, 2021 5:00:23 PM okhttp3.mockwebserver.MockWebServer$3 processOneRequest
INFO: MockWebServer[38326] received request: GET /api/v1/namespaces/entando/configmaps/entando-docker-image-info-v6.3 HTTP/1.1 and responded: HTTP/1.1 404 Client Error
Mar 26, 2021 5:00:23 PM org.entando.kubernetes.client.KubernetesRestInterceptor invoke
INFO: Exiting method loadDockerImageInfoConfigMap in class org.entando.kubernetes.controller.support.client.EntandoResourceClient
Mar 26, 2021 5:00:23 PM okhttp3.mockwebserver.MockWebServer$3 processOneRequest
INFO: MockWebServer[38326] received request: GET /api/v1/namespaces/entando/configmaps/entando-docker-image-info-v6.3 HTTP/1.1 and responded: HTTP/1.1 404 Client Error
Mar 26, 2021 5:00:23 PM okhttp3.mockwebserver.MockWebServer$3 processOneRequest
INFO: MockWebServer[38326] received request: POST /api/v1/namespaces/entando/configmaps HTTP/1.1 and responded: HTTP/1.1 202 OK
Mar 26, 2021 5:00:23 PM okhttp3.mockwebserver.MockWebServer$3 processOneRequest
INFO: MockWebServer[38326] received request: GET /api/v1/namespaces/entando/configmaps/entando-docker-image-info-v6.3 HTTP/1.1 and responded: HTTP/1.1 200 OK
Mar 26, 2021 5:00:23 PM okhttp3.mockwebserver.MockWebServer$3 processOneRequest
INFO: MockWebServer[38326] received request: GET /api/v1/namespaces/entando/configmaps/entando-docker-image-info-v6.3 HTTP/1.1 and responded: HTTP/1.1 200 OK
Mar 26, 2021 5:00:23 PM okhttp3.mockwebserver.MockWebServer$3 processOneRequest
INFO: MockWebServer[38326] received request: GET /api/v1/namespaces/entando/configmaps/entando-docker-image-info-v6.3 HTTP/1.1 and responded: HTTP/1.1 200 OK
Mar 26, 2021 5:00:23 PM okhttp3.mockwebserver.MockWebServer$3 processOneRequest
INFO: MockWebServer[38326] received request: PATCH /api/v1/namespaces/entando/configmaps/entando-docker-image-info-v6.3 HTTP/1.1 and responded: HTTP/1.1 202 OK
Mar 26, 2021 5:00:23 PM org.entando.kubernetes.client.KubernetesRestInterceptor invoke
INFO: Entering method createOrPatchEntandoResource in class org.entando.kubernetes.controller.support.client.EntandoResourceClient with EntandoPlugin: entando-k8s-composite-app-controller-carcpr17/test-plugin-carcpr17
Mar 26, 2021 5:00:23 PM okhttp3.mockwebserver.MockWebServer$3 processOneRequest
INFO: MockWebServer[38326] received request: GET /apis/apiextensions.k8s.io/v1beta1/customresourcedefinitions/entandoplugins.entando.org HTTP/1.1 and responded: HTTP/1.1 404 Client Error
Mar 26, 2021 5:00:24 PM okhttp3.mockwebserver.MockWebServer$3 processOneRequest
INFO: MockWebServer[38326] received request: POST /apis/apiextensions.k8s.io/v1beta1/customresourcedefinitions HTTP/1.1 and responded: HTTP/1.1 202 OK
Mar 26, 2021 5:00:24 PM okhttp3.mockwebserver.MockWebServer$3 processOneRequest
INFO: MockWebServer[38326] received request: GET /api/v1/namespaces/entando-k8s-composite-app-controller-carcpr17 HTTP/1.1 and responded: HTTP/1.1 404 Client Error
Mar 26, 2021 5:00:24 PM okhttp3.mockwebserver.MockWebServer$3 processOneRequest
INFO: MockWebServer[38326] received request: GET /apis/entando.org/v1/namespaces/default/entandoplugins HTTP/1.1 and responded: HTTP/1.1 200 OK
Mar 26, 2021 5:00:24 PM okhttp3.mockwebserver.MockWebServer$3 processOneRequest
INFO: MockWebServer[38326] received request: GET /api/v1/namespaces/entando-k8s-composite-app-controller-carcpr17 HTTP/1.1 and responded: HTTP/1.1 404 Client Error
Mar 26, 2021 5:00:24 PM okhttp3.mockwebserver.MockWebServer$3 processOneRequest
INFO: MockWebServer[38326] received request: GET /apis/entando.org/v1/namespaces/default/entandoplugins HTTP/1.1 and responded: HTTP/1.1 200 OK
Mar 26, 2021 5:00:24 PM okhttp3.mockwebserver.MockWebServer$3 processOneRequest
INFO: MockWebServer[38326] received request: GET /apis/entando.org/v1/namespaces/entando-k8s-composite-app-controller-carcpr17/entandoplugins/test-plugin-carcpr17 HTTP/1.1 and responded: HTTP/1.1 404 Client Error
Mar 26, 2021 5:00:24 PM okhttp3.mockwebserver.MockWebServer$3 processOneRequest
INFO: MockWebServer[38326] received request: POST /apis/entando.org/v1/namespaces/entando-k8s-composite-app-controller-carcpr17/entandoplugins HTTP/1.1 and responded: HTTP/1.1 202 OK
Mar 26, 2021 5:00:24 PM org.entando.kubernetes.client.KubernetesRestInterceptor invoke
INFO: Exiting method createOrPatchEntandoResource in class org.entando.kubernetes.controller.support.client.EntandoResourceClient
Mar 26, 2021 5:00:24 PM okhttp3.mockwebserver.MockWebServer$3 processOneRequest
INFO: MockWebServer[38326] received request: GET /apis/apiextensions.k8s.io/v1beta1/customresourcedefinitions/entandocompositeapps.entando.org HTTP/1.1 and responded: HTTP/1.1 404 Client Error
Mar 26, 2021 5:00:24 PM okhttp3.mockwebserver.MockWebServer$3 processOneRequest
INFO: MockWebServer[38326] received request: POST /apis/apiextensions.k8s.io/v1beta1/customresourcedefinitions HTTP/1.1 and responded: HTTP/1.1 202 OK
Mar 26, 2021 5:00:24 PM okhttp3.mockwebserver.MockWebServer$3 processOneRequest
INFO: MockWebServer[38326] received request: GET /api/v1/namespaces/entando-k8s-composite-app-controller-carcpr17 HTTP/1.1 and responded: HTTP/1.1 404 Client Error
Mar 26, 2021 5:00:25 PM okhttp3.mockwebserver.MockWebServer$3 processOneRequest
INFO: MockWebServer[38326] received request: GET /apis/entando.org/v1/namespaces/default/entandocompositeapps HTTP/1.1 and responded: HTTP/1.1 200 OK
Mar 26, 2021 5:00:25 PM okhttp3.mockwebserver.MockWebServer$3 processOneRequest
INFO: MockWebServer[38326] received request: GET /api/v1/namespaces/entando-k8s-composite-app-controller-carcpr17 HTTP/1.1 and responded: HTTP/1.1 404 Client Error
Mar 26, 2021 5:00:25 PM okhttp3.mockwebserver.MockWebServer$3 processOneRequest
INFO: MockWebServer[38326] received request: GET /apis/entando.org/v1/namespaces/default/entandocompositeapps HTTP/1.1 and responded: HTTP/1.1 200 OK
Mar 26, 2021 5:00:25 PM okhttp3.mockwebserver.MockWebServer$3 processOneRequest
INFO: MockWebServer[38326] received request: POST /apis/entando.org/v1/namespaces/entando-k8s-composite-app-controller-carcpr17/entandocompositeapps HTTP/1.1 and responded: HTTP/1.1 202 OK
Mar 26, 2021 5:00:25 PM org.entando.kubernetes.client.KubernetesRestInterceptor invoke
INFO: Entering method loadOperatorConfig in class org.entando.kubernetes.controller.support.client.EntandoResourceClient
Mar 26, 2021 5:00:25 PM okhttp3.mockwebserver.MockWebServer$3 processOneRequest
INFO: MockWebServer[38326] received request: GET /api/v1/namespaces/entando-k8s-composite-app-controller-carcpr17/configmaps/entando-operator-config HTTP/1.1 and responded: HTTP/1.1 404 Client Error
Mar 26, 2021 5:00:25 PM org.entando.kubernetes.client.KubernetesRestInterceptor invoke
INFO: Exiting method loadOperatorConfig in class org.entando.kubernetes.controller.support.client.EntandoResourceClient
Mar 26, 2021 5:00:25 PM org.entando.kubernetes.client.KubernetesRestInterceptor invoke
INFO: Entering method load in class org.entando.kubernetes.controller.support.client.EntandoResourceClient with class org.entando.kubernetes.model.compositeapp.EntandoCompositeApp,entando-k8s-composite-app-controller-carcpr17,my-app-carcpr17
Mar 26, 2021 5:00:25 PM org.entando.kubernetes.client.KubernetesRestInterceptor invoke
INFO: Entering method getPodWatcherQueue in class org.entando.kubernetes.controller.support.client.PodWaitingClient
Mar 26, 2021 5:00:25 PM org.entando.kubernetes.client.KubernetesRestInterceptor invoke
INFO: Exiting method getPodWatcherQueue in class org.entando.kubernetes.controller.support.client.PodWaitingClient
Mar 26, 2021 5:00:25 PM okhttp3.mockwebserver.MockWebServer$3 processOneRequest
INFO: MockWebServer[38326] received request: GET /api/v1/namespaces/entando-k8s-composite-app-controller-carcpr17 HTTP/1.1 and responded: HTTP/1.1 404 Client Error
Mar 26, 2021 5:00:25 PM okhttp3.mockwebserver.MockWebServer$3 processOneRequest
INFO: MockWebServer[38326] received request: GET /apis/entando.org/v1/namespaces/default/entandocompositeapps HTTP/1.1 and responded: HTTP/1.1 200 OK
Mar 26, 2021 5:00:25 PM okhttp3.mockwebserver.MockWebServer$3 processOneRequest
INFO: MockWebServer[38326] received request: GET /api/v1/namespaces/entando-k8s-composite-app-controller-carcpr17 HTTP/1.1 and responded: HTTP/1.1 404 Client Error
Mar 26, 2021 5:00:25 PM okhttp3.mockwebserver.MockWebServer$3 processOneRequest
INFO: MockWebServer[38326] received request: GET /apis/entando.org/v1/namespaces/default/entandocompositeapps HTTP/1.1 and responded: HTTP/1.1 200 OK
Mar 26, 2021 5:00:25 PM okhttp3.mockwebserver.MockWebServer$3 processOneRequest
INFO: MockWebServer[38326] received request: GET /apis/entando.org/v1/namespaces/entando-k8s-composite-app-controller-carcpr17/entandocompositeapps/my-app-carcpr17 HTTP/1.1 and responded: HTTP/1.1 200 OK
Mar 26, 2021 5:00:25 PM org.entando.kubernetes.client.KubernetesRestInterceptor invoke
INFO: Exiting method load in class org.entando.kubernetes.controller.support.client.EntandoResourceClient
Mar 26, 2021 5:00:25 PM org.entando.kubernetes.client.KubernetesRestInterceptor invoke
INFO: Entering method updatePhase in class org.entando.kubernetes.controller.support.client.EntandoResourceClient with EntandoCompositeApp: entando-k8s-composite-app-controller-carcpr17/my-app-carcpr17
Mar 26, 2021 5:00:26 PM okhttp3.mockwebserver.MockWebServer$3 processOneRequest
INFO: MockWebServer[38326] received request: POST /api/v1/namespaces/entando-k8s-composite-app-controller-carcpr17/events HTTP/1.1 and responded: HTTP/1.1 202 OK
Mar 26, 2021 5:00:26 PM okhttp3.mockwebserver.MockWebServer$3 processOneRequest
INFO: MockWebServer[38326] received request: GET /apis/entando.org/v1/namespaces/entando-k8s-composite-app-controller-carcpr17/entandocompositeapps/my-app-carcpr17 HTTP/1.1 and responded: HTTP/1.1 200 OK
Mar 26, 2021 5:00:26 PM okhttp3.mockwebserver.MockWebServer$3 processOneRequest
INFO: MockWebServer[38326] received request: PUT /apis/entando.org/v1/namespaces/entando-k8s-composite-app-controller-carcpr17/entandocompositeapps/my-app-carcpr17/status HTTP/1.1 and responded: HTTP/1.1 202 OK
Mar 26, 2021 5:00:26 PM org.entando.kubernetes.client.KubernetesRestInterceptor invoke
INFO: Exiting method updatePhase in class org.entando.kubernetes.controller.support.client.EntandoResourceClient
Mar 26, 2021 5:00:26 PM org.entando.kubernetes.client.KubernetesRestInterceptor invoke
INFO: Entering method loadDockerImageInfoConfigMap in class org.entando.kubernetes.controller.support.client.EntandoResourceClient
Mar 26, 2021 5:00:26 PM okhttp3.mockwebserver.MockWebServer$3 processOneRequest
INFO: MockWebServer[38326] received request: GET /api/v1/namespaces/entando/configmaps/entando-docker-image-info-v6.3 HTTP/1.1 and responded: HTTP/1.1 200 OK
Mar 26, 2021 5:00:26 PM org.entando.kubernetes.client.KubernetesRestInterceptor invoke
INFO: Exiting method loadDockerImageInfoConfigMap in class org.entando.kubernetes.controller.support.client.EntandoResourceClient
Mar 26, 2021 5:00:26 PM org.entando.kubernetes.client.KubernetesRestInterceptor invoke
INFO: Entering method createOrPatchEntandoResource in class org.entando.kubernetes.controller.support.client.EntandoResourceClient with EntandoKeycloakServer: entando-k8s-composite-app-controller-carcpr17/test-keycloak-carcpr17
Mar 26, 2021 5:00:26 PM okhttp3.mockwebserver.MockWebServer$3 processOneRequest
INFO: MockWebServer[38326] received request: GET /apis/apiextensions.k8s.io/v1beta1/customresourcedefinitions/entandokeycloakservers.entando.org HTTP/1.1 and responded: HTTP/1.1 404 Client Error
Mar 26, 2021 5:00:26 PM okhttp3.mockwebserver.MockWebServer$3 processOneRequest
INFO: MockWebServer[38326] received request: POST /apis/apiextensions.k8s.io/v1beta1/customresourcedefinitions HTTP/1.1 and responded: HTTP/1.1 202 OK
Mar 26, 2021 5:00:26 PM okhttp3.mockwebserver.MockWebServer$3 processOneRequest
INFO: MockWebServer[38326] received request: GET /api/v1/namespaces/entando-k8s-composite-app-controller-carcpr17 HTTP/1.1 and responded: HTTP/1.1 404 Client Error
Mar 26, 2021 5:00:26 PM okhttp3.mockwebserver.MockWebServer$3 processOneRequest
INFO: MockWebServer[38326] received request: GET /apis/entando.org/v1/namespaces/default/entandokeycloakservers HTTP/1.1 and responded: HTTP/1.1 200 OK
Mar 26, 2021 5:00:26 PM okhttp3.mockwebserver.MockWebServer$3 processOneRequest
INFO: MockWebServer[38326] received request: GET /api/v1/namespaces/entando-k8s-composite-app-controller-carcpr17 HTTP/1.1 and responded: HTTP/1.1 404 Client Error
Mar 26, 2021 5:00:26 PM okhttp3.mockwebserver.MockWebServer$3 processOneRequest
INFO: MockWebServer[38326] received request: GET /apis/entando.org/v1/namespaces/default/entandokeycloakservers HTTP/1.1 and responded: HTTP/1.1 200 OK
Mar 26, 2021 5:00:26 PM okhttp3.mockwebserver.MockWebServer$3 processOneRequest
INFO: MockWebServer[38326] received request: GET /apis/entando.org/v1/namespaces/entando-k8s-composite-app-controller-carcpr17/entandokeycloakservers/test-keycloak-carcpr17 HTTP/1.1 and responded: HTTP/1.1 404 Client Error
Mar 26, 2021 5:00:26 PM okhttp3.mockwebserver.MockWebServer$3 processOneRequest
INFO: MockWebServer[38326] received request: POST /apis/entando.org/v1/namespaces/entando-k8s-composite-app-controller-carcpr17/entandokeycloakservers HTTP/1.1 and responded: HTTP/1.1 202 OK
Mar 26, 2021 5:00:27 PM org.entando.kubernetes.client.KubernetesRestInterceptor invoke
INFO: Exiting method createOrPatchEntandoResource in class org.entando.kubernetes.controller.support.client.EntandoResourceClient
Mar 26, 2021 5:00:27 PM org.entando.kubernetes.client.KubernetesRestInterceptor invoke
INFO: Entering method removeAndWait in class org.entando.kubernetes.controller.support.client.PodClient with entando-k8s-composite-app-controller-carcpr17,{EntandoResourceKind=EntandoKeycloakServer, EntandoResourceNamespace=entando-k8s-composite-app-controller-carcpr17, EntandoKeycloakServer=test-keycloak-carcpr17}
Mar 26, 2021 5:00:27 PM okhttp3.mockwebserver.MockWebServer$3 processOneRequest
INFO: MockWebServer[38326] received request: GET /api/v1/namespaces/entando-k8s-composite-app-controller-carcpr17/pods?labelSelector=EntandoResourceNamespace%3Dentando-k8s-composite-app-controller-carcpr17%2CEntandoResourceKind%3DEntandoKeycloakServer%2CEntandoKeycloakServer%3Dtest-keycloak-carcpr17 HTTP/1.1 and responded: HTTP/1.1 200 OK
Mar 26, 2021 5:00:27 PM org.entando.kubernetes.client.KubernetesRestInterceptor invoke
INFO: Entering method getPodWatcherQueue in class org.entando.kubernetes.controller.support.client.PodWaitingClient
Mar 26, 2021 5:00:27 PM org.entando.kubernetes.client.KubernetesRestInterceptor invoke
INFO: Exiting method getPodWatcherQueue in class org.entando.kubernetes.controller.support.client.PodWaitingClient
Mar 26, 2021 5:00:27 PM okhttp3.mockwebserver.MockWebServer$3 processOneRequest
INFO: MockWebServer[38326] received request: GET /api/v1/namespaces/entando-k8s-composite-app-controller-carcpr17/pods?labelSelector=EntandoResourceNamespace%3Dentando-k8s-composite-app-controller-carcpr17%2CEntandoResourceKind%3DEntandoKeycloakServer%2CEntandoKeycloakServer%3Dtest-keycloak-carcpr17&watch=**** HTTP/1.1 and responded: HTTP/1.1 200 OK
Mar 26, 2021 5:00:27 PM okhttp3.mockwebserver.MockWebServer$3 processOneRequest
INFO: MockWebServer[38326] received request: GET /api/v1/namespaces/entando-k8s-composite-app-controller-carcpr17/pods?labelSelector=EntandoResourceNamespace%3Dentando-k8s-composite-app-controller-carcpr17%2CEntandoResourceKind%3DEntandoKeycloakServer%2CEntandoKeycloakServer%3Dtest-keycloak-carcpr17&watch=**** HTTP/1.1 and responded: HTTP/1.1 200 OK
Mar 26, 2021 5:00:27 PM okhttp3.mockwebserver.MockWebServer$3 processOneRequest
INFO: MockWebServer[38326] received request: GET /api/v1/namespaces/entando-k8s-composite-app-controller-carcpr17/pods?labelSelector=EntandoResourceNamespace%3Dentando-k8s-composite-app-controller-carcpr17%2CEntandoResourceKind%3DEntandoKeycloakServer%2CEntandoKeycloakServer%3Dtest-keycloak-carcpr17 HTTP/1.1 and responded: HTTP/1.1 200 OK
Mar 26, 2021 5:00:27 PM io.fabric8.kubernetes.client.dsl.internal.WatchHTTPManager$1 onResponse
INFO: Watch terminated unexpectedly. reason: \n not found: limit=46 content=7b2261706956657273696f6e223a227631222c226b696e64223a224c69737422â€¦
Mar 26, 2021 5:00:27 PM okhttp3.mockwebserver.MockWebServer$3 processOneRequest
INFO: MockWebServer[38326] received request: GET /api/v1/namespaces/entando-k8s-composite-app-controller-carcpr17/pods?labelSelector=EntandoResourceNamespace%3Dentando-k8s-composite-app-controller-carcpr17%2CEntandoResourceKind%3DEntandoKeycloakServer%2CEntandoKeycloakServer%3Dtest-keycloak-carcpr17 HTTP/1.1 and responded: HTTP/1.1 200 OK
Mar 26, 2021 5:00:28 PM org.entando.kubernetes.client.KubernetesRestInterceptor invoke
INFO: Exiting method removeAndWait in class org.entando.kubernetes.controller.support.client.PodClient
Mar 26, 2021 5:00:28 PM okhttp3.mockwebserver.MockWebServer$3 processOneRequest
INFO: MockWebServer[38326] received request: GET /api/v1/namespaces/entando-k8s-composite-app-controller-carcpr17/pods?labelSelector=EntandoResourceNamespace%3Dentando-k8s-composite-app-controller-carcpr17%2CEntandoResourceKind%3DEntandoKeycloakServer%2CEntandoKeycloakServer%3Dtest-keycloak-carcpr17&watch=**** HTTP/1.1 and responded: HTTP/1.1 200 OK
Mar 26, 2021 5:00:28 PM io.fabric8.kubernetes.client.dsl.internal.WatchHTTPManager$1 onResponse
INFO: Watch terminated unexpectedly. reason: \n not found: limit=46 content=7b2261706956657273696f6e223a227631222c226b696e64223a224c69737422â€¦
Mar 26, 2021 5:00:28 PM io.fabric8.kubernetes.client.dsl.internal.WatchHTTPManager scheduleReconnect
WARN: Ignoring error for already closed/closing connection
Mar 26, 2021 5:00:28 PM org.entando.kubernetes.client.KubernetesRestInterceptor invoke
INFO: Entering method runToCompletion in class org.entando.kubernetes.controller.support.client.PodClient with Pod: entando-k8s-composite-app-controller-carcpr17/test-keycloak-carcpr17-deployer-4555
Mar 26, 2021 5:00:28 PM okhttp3.mockwebserver.MockWebServer$3 processOneRequest
INFO: MockWebServer[38326] received request: POST /api/v1/namespaces/entando-k8s-composite-app-controller-carcpr17/pods HTTP/1.1 and responded: HTTP/1.1 202 OK
Mar 26, 2021 5:00:28 PM org.entando.kubernetes.client.KubernetesRestInterceptor invoke
INFO: Entering method loadPod in class org.entando.kubernetes.controller.support.client.PodClient with entando-k8s-composite-app-controller-carcpr17,[Ljava.lang.String;@11c69aa5
Mar 26, 2021 5:00:28 PM okhttp3.mockwebserver.MockWebServer$3 processOneRequest
INFO: MockWebServer[38326] received request: GET /api/v1/namespaces/entando-k8s-composite-app-controller-carcpr17/pods?fieldSelector=metadata.name%3Dtest-keycloak-carcpr17-deployer-4555&watch=**** HTTP/1.1 and responded: HTTP/1.1 200 OK
Mar 26, 2021 5:00:28 PM org.entando.kubernetes.client.KubernetesRestInterceptor invoke
INFO: Exiting method loadPod in class org.entando.kubernetes.controller.support.client.PodClient
Mar 26, 2021 5:00:28 PM okhttp3.mockwebserver.MockWebServer$3 processOneRequest
INFO: MockWebServer[38326] received request: GET /api/v1/namespaces/entando-k8s-composite-app-controller-carcpr17/pods?labelSelector=EntandoKeycloakServer%3Dtest-keycloak-carcpr17 HTTP/1.1 and responded: HTTP/1.1 200 OK
Mar 26, 2021 5:00:28 PM okhttp3.mockwebserver.MockWebServer$3 processOneRequest
INFO: MockWebServer[38326] received request: GET /api/v1/namespaces/entando-k8s-composite-app-controller-carcpr17/pods/test-keycloak-carcpr17-deployer-4555 HTTP/1.1 and responded: HTTP/1.1 200 OK
Mar 26, 2021 5:00:28 PM okhttp3.mockwebserver.MockWebServer$3 processOneRequest
INFO: MockWebServer[38326] received request: GET /api/v1/namespaces/entando-k8s-composite-app-controller-carcpr17/pods?fieldSelector=metadata.name%3Dtest-keycloak-carcpr17-deployer-4555&watch=**** HTTP/1.1 and responded: HTTP/1.1 200 OK
Mar 26, 2021 5:00:28 PM io.fabric8.kubernetes.client.dsl.internal.WatchHTTPManager$1 onResponse
INFO: Watch terminated unexpectedly. reason: \n not found: limit=2453 content=7b2261706956657273696f6e223a227631222c226b696e64223a224c69737422â€¦
Mar 26, 2021 5:00:28 PM okhttp3.mockwebserver.MockWebServer$3 processOneRequest
INFO: MockWebServer[38326] received request: PATCH /api/v1/namespaces/entando-k8s-composite-app-controller-carcpr17/pods/test-keycloak-carcpr17-deployer-4555 HTTP/1.1 and responded: HTTP/1.1 202 OK
Mar 26, 2021 5:00:29 PM org.entando.kubernetes.client.KubernetesRestInterceptor invoke
INFO: Entering method getPodWatcherQueue in class org.entando.kubernetes.controller.support.client.PodWaitingClient
Mar 26, 2021 5:00:29 PM org.entando.kubernetes.client.KubernetesRestInterceptor invoke
INFO: Exiting method getPodWatcherQueue in class org.entando.kubernetes.controller.support.client.PodWaitingClient
Mar 26, 2021 5:00:29 PM org.entando.kubernetes.client.KubernetesRestInterceptor invoke
INFO: Exiting method runToCompletion in class org.entando.kubernetes.controller.support.client.PodClient
Mar 26, 2021 5:00:29 PM org.entando.kubernetes.client.KubernetesRestInterceptor invoke
INFO: Entering method updateStatus in class org.entando.kubernetes.controller.support.client.EntandoResourceClient with EntandoCompositeApp: entando-k8s-composite-app-controller-carcpr17/my-app-carcpr17
Mar 26, 2021 5:00:29 PM io.fabric8.kubernetes.client.dsl.internal.WatchHTTPManager$1 onResponse
INFO: Watch terminated unexpectedly. reason: \n not found: limit=2637 content=7b2261706956657273696f6e223a227631222c226b696e64223a224c69737422â€¦
Mar 26, 2021 5:00:29 PM io.fabric8.kubernetes.client.dsl.internal.WatchHTTPManager scheduleReconnect
WARN: Ignoring error for already closed/closing connection
Mar 26, 2021 5:00:29 PM okhttp3.mockwebserver.MockWebServer$3 processOneRequest
INFO: MockWebServer[38326] received request: GET /api/v1/namespaces/entando-k8s-composite-app-controller-carcpr17/pods?fieldSelector=metadata.name%3Dtest-keycloak-carcpr17-deployer-4555&watch=**** HTTP/1.1 and responded: HTTP/1.1 200 OK
Mar 26, 2021 5:00:29 PM okhttp3.mockwebserver.MockWebServer$3 processOneRequest
INFO: MockWebServer[38326] received request: POST /api/v1/namespaces/entando-k8s-composite-app-controller-carcpr17/events HTTP/1.1 and responded: HTTP/1.1 202 OK
Mar 26, 2021 5:00:30 PM okhttp3.mockwebserver.MockWebServer$3 processOneRequest
INFO: MockWebServer[38326] received request: GET /apis/entando.org/v1/namespaces/entando-k8s-composite-app-controller-carcpr17/entandocompositeapps/my-app-carcpr17 HTTP/1.1 and responded: HTTP/1.1 200 OK
Mar 26, 2021 5:00:30 PM okhttp3.mockwebserver.MockWebServer$3 processOneRequest
INFO: MockWebServer[38326] received request: PUT /apis/entando.org/v1/namespaces/entando-k8s-composite-app-controller-carcpr17/entandocompositeapps/my-app-carcpr17/status HTTP/1.1 and responded: HTTP/1.1 202 OK
Mar 26, 2021 5:00:30 PM org.entando.kubernetes.client.KubernetesRestInterceptor invoke
INFO: Exiting method updateStatus in class org.entando.kubernetes.controller.support.client.EntandoResourceClient
Mar 26, 2021 5:00:30 PM org.entando.kubernetes.client.KubernetesRestInterceptor invoke
INFO: Entering method load in class org.entando.kubernetes.controller.support.client.EntandoResourceClient with class org.entando.kubernetes.model.plugin.EntandoPlugin,entando-k8s-composite-app-controller-carcpr17,test-plugin-carcpr17
Mar 26, 2021 5:00:30 PM okhttp3.mockwebserver.MockWebServer$3 processOneRequest
INFO: MockWebServer[38326] received request: GET /apis/entando.org/v1/namespaces/entando-k8s-composite-app-controller-carcpr17/entandoplugins/test-plugin-carcpr17 HTTP/1.1 and responded: HTTP/1.1 200 OK
Mar 26, 2021 5:00:30 PM org.entando.kubernetes.client.KubernetesRestInterceptor invoke
INFO: Exiting method load in class org.entando.kubernetes.controller.support.client.EntandoResourceClient
Mar 26, 2021 5:00:30 PM org.entando.kubernetes.client.KubernetesRestInterceptor invoke
INFO: Entering method createOrPatchEntandoResource in class org.entando.kubernetes.controller.support.client.EntandoResourceClient with EntandoPlugin: entando-k8s-composite-app-controller-carcpr17/test-plugin-carcpr17
Mar 26, 2021 5:00:30 PM okhttp3.mockwebserver.MockWebServer$3 processOneRequest
INFO: MockWebServer[38326] received request: GET /apis/entando.org/v1/namespaces/entando-k8s-composite-app-controller-carcpr17/entandoplugins/test-plugin-carcpr17 HTTP/1.1 and responded: HTTP/1.1 200 OK
Mar 26, 2021 5:00:30 PM okhttp3.mockwebserver.MockWebServer$3 processOneRequest
INFO: MockWebServer[38326] received request: GET /apis/entando.org/v1/namespaces/entando-k8s-composite-app-controller-carcpr17/entandoplugins/test-plugin-carcpr17 HTTP/1.1 and responded: HTTP/1.1 200 OK
Mar 26, 2021 5:00:30 PM okhttp3.mockwebserver.MockWebServer$3 processOneRequest
INFO: MockWebServer[38326] received request: PATCH /apis/entando.org/v1/namespaces/entando-k8s-composite-app-controller-carcpr17/entandoplugins/test-plugin-carcpr17 HTTP/1.1 and responded: HTTP/1.1 202 OK
Mar 26, 2021 5:00:30 PM org.entando.kubernetes.client.KubernetesRestInterceptor invoke
INFO: Exiting method createOrPatchEntandoResource in class org.entando.kubernetes.controller.support.client.EntandoResourceClient
Mar 26, 2021 5:00:30 PM org.entando.kubernetes.client.KubernetesRestInterceptor invoke
INFO: Entering method removeAndWait in class org.entando.kubernetes.controller.support.client.PodClient with entando-k8s-composite-app-controller-carcpr17,{EntandoResourceKind=EntandoPlugin, EntandoResourceNamespace=entando-k8s-composite-app-controller-carcpr17, EntandoPlugin=test-plugin-carcpr17}
Mar 26, 2021 5:00:30 PM okhttp3.mockwebserver.MockWebServer$3 processOneRequest
INFO: MockWebServer[38326] received request: GET /api/v1/namespaces/entando-k8s-composite-app-controller-carcpr17/pods?labelSelector=EntandoPlugin%3Dtest-plugin-carcpr17%2CEntandoResourceNamespace%3Dentando-k8s-composite-app-controller-carcpr17%2CEntandoResourceKind%3DEntandoPlugin HTTP/1.1 and responded: HTTP/1.1 200 OK
Mar 26, 2021 5:00:30 PM org.entando.kubernetes.client.KubernetesRestInterceptor invoke
INFO: Entering method getPodWatcherQueue in class org.entando.kubernetes.controller.support.client.PodWaitingClient
Mar 26, 2021 5:00:30 PM org.entando.kubernetes.client.KubernetesRestInterceptor invoke
INFO: Exiting method getPodWatcherQueue in class org.entando.kubernetes.controller.support.client.PodWaitingClient
Mar 26, 2021 5:00:30 PM okhttp3.mockwebserver.MockWebServer$3 processOneRequest
INFO: MockWebServer[38326] received request: GET /api/v1/namespaces/entando-k8s-composite-app-controller-carcpr17/pods?labelSelector=EntandoPlugin%3Dtest-plugin-carcpr17%2CEntandoResourceNamespace%3Dentando-k8s-composite-app-controller-carcpr17%2CEntandoResourceKind%3DEntandoPlugin&watch=**** HTTP/1.1 and responded: HTTP/1.1 200 OK
Mar 26, 2021 5:00:30 PM okhttp3.mockwebserver.MockWebServer$3 processOneRequest
INFO: MockWebServer[38326] received request: GET /api/v1/namespaces/entando-k8s-composite-app-controller-carcpr17/pods?labelSelector=EntandoPlugin%3Dtest-plugin-carcpr17%2CEntandoResourceNamespace%3Dentando-k8s-composite-app-controller-carcpr17%2CEntandoResourceKind%3DEntandoPlugin&watch=**** HTTP/1.1 and responded: HTTP/1.1 200 OK
Mar 26, 2021 5:00:30 PM okhttp3.mockwebserver.MockWebServer$3 processOneRequest
INFO: MockWebServer[38326] received request: GET /api/v1/namespaces/entando-k8s-composite-app-controller-carcpr17/pods?labelSelector=EntandoPlugin%3Dtest-plugin-carcpr17%2CEntandoResourceNamespace%3Dentando-k8s-composite-app-controller-carcpr17%2CEntandoResourceKind%3DEntandoPlugin HTTP/1.1 and responded: HTTP/1.1 200 OK
Mar 26, 2021 5:00:30 PM io.fabric8.kubernetes.client.dsl.internal.WatchHTTPManager$1 onResponse
INFO: Watch terminated unexpectedly. reason: \n not found: limit=46 content=7b2261706956657273696f6e223a227631222c226b696e64223a224c69737422â€¦
Mar 26, 2021 5:00:30 PM okhttp3.mockwebserver.MockWebServer$3 processOneRequest
INFO: MockWebServer[38326] received request: GET /api/v1/namespaces/entando-k8s-composite-app-controller-carcpr17/pods?labelSelector=EntandoPlugin%3Dtest-plugin-carcpr17%2CEntandoResourceNamespace%3Dentando-k8s-composite-app-controller-carcpr17%2CEntandoResourceKind%3DEntandoPlugin HTTP/1.1 and responded: HTTP/1.1 200 OK
Mar 26, 2021 5:00:31 PM org.entando.kubernetes.client.KubernetesRestInterceptor invoke
INFO: Exiting method removeAndWait in class org.entando.kubernetes.controller.support.client.PodClient
Mar 26, 2021 5:00:31 PM org.entando.kubernetes.client.KubernetesRestInterceptor invoke
INFO: Entering method runToCompletion in class org.entando.kubernetes.controller.support.client.PodClient with Pod: entando-k8s-composite-app-controller-carcpr17/test-plugin-carcpr17-deployer-3885
Mar 26, 2021 5:00:31 PM okhttp3.mockwebserver.MockWebServer$3 processOneRequest
INFO: MockWebServer[38326] received request: GET /api/v1/namespaces/entando-k8s-composite-app-controller-carcpr17/pods?labelSelector=EntandoPlugin%3Dtest-plugin-carcpr17%2CEntandoResourceNamespace%3Dentando-k8s-composite-app-controller-carcpr17%2CEntandoResourceKind%3DEntandoPlugin&watch=**** HTTP/1.1 and responded: HTTP/1.1 200 OK
Mar 26, 2021 5:00:31 PM io.fabric8.kubernetes.client.dsl.internal.WatchHTTPManager$1 onResponse
INFO: Watch terminated unexpectedly. reason: \n not found: limit=46 content=7b2261706956657273696f6e223a227631222c226b696e64223a224c69737422â€¦
Mar 26, 2021 5:00:31 PM io.fabric8.kubernetes.client.dsl.internal.WatchHTTPManager scheduleReconnect
WARN: Ignoring error for already closed/closing connection
Mar 26, 2021 5:00:31 PM okhttp3.mockwebserver.MockWebServer$3 processOneRequest
INFO: MockWebServer[38326] received request: POST /api/v1/namespaces/entando-k8s-composite-app-controller-carcpr17/pods HTTP/1.1 and responded: HTTP/1.1 202 OK
Mar 26, 2021 5:00:31 PM org.entando.kubernetes.client.KubernetesRestInterceptor invoke
INFO: Entering method loadPod in class org.entando.kubernetes.controller.support.client.PodClient with entando-k8s-composite-app-controller-carcpr17,[Ljava.lang.String;@2b1f2b7a
Mar 26, 2021 5:00:31 PM okhttp3.mockwebserver.MockWebServer$3 processOneRequest
INFO: MockWebServer[38326] received request: GET /api/v1/namespaces/entando-k8s-composite-app-controller-carcpr17/pods?labelSelector=EntandoPlugin%3Dtest-plugin-carcpr17 HTTP/1.1 and responded: HTTP/1.1 200 OK
Mar 26, 2021 5:00:31 PM okhttp3.mockwebserver.MockWebServer$3 processOneRequest
INFO: MockWebServer[38326] received request: GET /api/v1/namespaces/entando-k8s-composite-app-controller-carcpr17/pods?fieldSelector=metadata.name%3Dtest-plugin-carcpr17-deployer-3885&watch=**** HTTP/1.1 and responded: HTTP/1.1 200 OK
Mar 26, 2021 5:00:31 PM org.entando.kubernetes.client.KubernetesRestInterceptor invoke
INFO: Exiting method loadPod in class org.entando.kubernetes.controller.support.client.PodClient
Mar 26, 2021 5:00:31 PM okhttp3.mockwebserver.MockWebServer$3 processOneRequest
INFO: MockWebServer[38326] received request: GET /api/v1/namespaces/entando-k8s-composite-app-controller-carcpr17/pods?fieldSelector=metadata.name%3Dtest-plugin-carcpr17-deployer-3885&watch=**** HTTP/1.1 and responded: HTTP/1.1 200 OK
Mar 26, 2021 5:00:31 PM okhttp3.mockwebserver.MockWebServer$3 processOneRequest
INFO: MockWebServer[38326] received request: GET /api/v1/namespaces/entando-k8s-composite-app-controller-carcpr17/pods/test-plugin-carcpr17-deployer-3885 HTTP/1.1 and responded: HTTP/1.1 200 OK
Mar 26, 2021 5:00:32 PM io.fabric8.kubernetes.client.dsl.internal.WatchHTTPManager$1 onResponse
INFO: Watch terminated unexpectedly. reason: \n not found: limit=5021 content=7b2261706956657273696f6e223a227631222c226b696e64223a224c69737422â€¦
Mar 26, 2021 5:00:32 PM okhttp3.mockwebserver.MockWebServer$3 processOneRequest
INFO: MockWebServer[38326] received request: PATCH /api/v1/namespaces/entando-k8s-composite-app-controller-carcpr17/pods/test-plugin-carcpr17-deployer-3885 HTTP/1.1 and responded: HTTP/1.1 202 OK
Mar 26, 2021 5:00:33 PM org.entando.kubernetes.client.KubernetesRestInterceptor invoke
INFO: Exiting method runToCompletion in class org.entando.kubernetes.controller.support.client.PodClient
Mar 26, 2021 5:00:33 PM org.entando.kubernetes.client.KubernetesRestInterceptor invoke
INFO: Entering method updateStatus in class org.entando.kubernetes.controller.support.client.EntandoResourceClient with EntandoCompositeApp: entando-k8s-composite-app-controller-carcpr17/my-app-carcpr17
Mar 26, 2021 5:00:33 PM okhttp3.mockwebserver.MockWebServer$3 processOneRequest
INFO: MockWebServer[38326] received request: GET /api/v1/namespaces/entando-k8s-composite-app-controller-carcpr17/pods?fieldSelector=metadata.name%3Dtest-plugin-carcpr17-deployer-3885&watch=**** HTTP/1.1 and responded: HTTP/1.1 200 OK
Mar 26, 2021 5:00:33 PM io.fabric8.kubernetes.client.dsl.internal.WatchHTTPManager$1 onResponse
INFO: Watch terminated unexpectedly. reason: \n not found: limit=5205 content=7b2261706956657273696f6e223a227631222c226b696e64223a224c69737422â€¦
Mar 26, 2021 5:00:33 PM io.fabric8.kubernetes.client.dsl.internal.WatchHTTPManager scheduleReconnect
WARN: Ignoring error for already closed/closing connection
Mar 26, 2021 5:00:33 PM okhttp3.mockwebserver.MockWebServer$3 processOneRequest
INFO: MockWebServer[38326] received request: POST /api/v1/namespaces/entando-k8s-composite-app-controller-carcpr17/events HTTP/1.1 and responded: HTTP/1.1 202 OK
Mar 26, 2021 5:00:33 PM okhttp3.mockwebserver.MockWebServer$3 processOneRequest
INFO: MockWebServer[38326] received request: GET /apis/entando.org/v1/namespaces/entando-k8s-composite-app-controller-carcpr17/entandocompositeapps/my-app-carcpr17 HTTP/1.1 and responded: HTTP/1.1 200 OK
Mar 26, 2021 5:00:33 PM okhttp3.mockwebserver.MockWebServer$3 processOneRequest
INFO: MockWebServer[38326] received request: PUT /apis/entando.org/v1/namespaces/entando-k8s-composite-app-controller-carcpr17/entandocompositeapps/my-app-carcpr17/status HTTP/1.1 and responded: HTTP/1.1 202 OK
Mar 26, 2021 5:00:33 PM org.entando.kubernetes.client.KubernetesRestInterceptor invoke
INFO: Exiting method updateStatus in class org.entando.kubernetes.controller.support.client.EntandoResourceClient
Mar 26, 2021 5:00:33 PM org.entando.kubernetes.client.KubernetesRestInterceptor invoke
INFO: Entering method updatePhase in class org.entando.kubernetes.controller.support.client.EntandoResourceClient with EntandoCompositeApp: entando-k8s-composite-app-controller-carcpr17/my-app-carcpr17
Mar 26, 2021 5:00:33 PM okhttp3.mockwebserver.MockWebServer$3 processOneRequest
INFO: MockWebServer[38326] received request: POST /api/v1/namespaces/entando-k8s-composite-app-controller-carcpr17/events HTTP/1.1 and responded: HTTP/1.1 202 OK
Mar 26, 2021 5:00:33 PM okhttp3.mockwebserver.MockWebServer$3 processOneRequest
INFO: MockWebServer[38326] received request: GET /apis/entando.org/v1/namespaces/entando-k8s-composite-app-controller-carcpr17/entandocompositeapps/my-app-carcpr17 HTTP/1.1 and responded: HTTP/1.1 200 OK
Mar 26, 2021 5:00:33 PM okhttp3.mockwebserver.MockWebServer$3 processOneRequest
INFO: MockWebServer[38326] received request: PUT /apis/entando.org/v1/namespaces/entando-k8s-composite-app-controller-carcpr17/entandocompositeapps/my-app-carcpr17/status HTTP/1.1 and responded: HTTP/1.1 202 OK
Mar 26, 2021 5:00:33 PM org.entando.kubernetes.client.KubernetesRestInterceptor invoke
INFO: Exiting method updatePhase in class org.entando.kubernetes.controller.support.client.EntandoResourceClient
Mar 26, 2021 5:00:33 PM okhttp3.mockwebserver.MockWebServer$3 processOneRequest
INFO: MockWebServer[38326] received request: GET /api/v1/namespaces/entando-k8s-composite-app-controller-carcpr17/pods?labelSelector=EntandoResourceKind%3DEntandoKeycloakServer%2CEntandoKeycloakServer%3Dtest-keycloak-carcpr17 HTTP/1.1 and responded: HTTP/1.1 200 OK
Mar 26, 2021 5:00:33 PM okhttp3.mockwebserver.MockWebServer$3 processOneRequest
INFO: MockWebServer[38326] received request: GET /api/v1/namespaces/entando-k8s-composite-app-controller-carcpr17/pods?labelSelector=EntandoResourceKind%3DEntandoKeycloakServer%2CEntandoKeycloakServer%3Dtest-keycloak-carcpr17 HTTP/1.1 and responded: HTTP/1.1 200 OK
Mar 26, 2021 5:00:33 PM okhttp3.mockwebserver.MockWebServer$3 processOneRequest
INFO: MockWebServer[38326] received request: GET /api/v1/namespaces/entando-k8s-composite-app-controller-carcpr17 HTTP/1.1 and responded: HTTP/1.1 404 Client Error
Mar 26, 2021 5:00:33 PM okhttp3.mockwebserver.MockWebServer$3 processOneRequest
INFO: MockWebServer[38326] received request: GET /apis/entando.org/v1/namespaces/default/entandokeycloakservers HTTP/1.1 and responded: HTTP/1.1 200 OK
Mar 26, 2021 5:00:34 PM okhttp3.mockwebserver.MockWebServer$3 processOneRequest
INFO: MockWebServer[38326] received request: GET /api/v1/namespaces/entando-k8s-composite-app-controller-carcpr17 HTTP/1.1 and responded: HTTP/1.1 404 Client Error
Mar 26, 2021 5:00:34 PM okhttp3.mockwebserver.MockWebServer$3 processOneRequest
INFO: MockWebServer[38326] received request: GET /apis/entando.org/v1/namespaces/default/entandokeycloakservers HTTP/1.1 and responded: HTTP/1.1 200 OK
Mar 26, 2021 5:00:34 PM okhttp3.mockwebserver.MockWebServer$3 processOneRequest
INFO: MockWebServer[38326] received request: GET /apis/entando.org/v1/namespaces/entando-k8s-composite-app-controller-carcpr17/entandokeycloakservers/test-keycloak-carcpr17 HTTP/1.1 and responded: HTTP/1.1 200 OK
Mar 26, 2021 5:00:34 PM okhttp3.mockwebserver.MockWebServer$3 processOneRequest
INFO: MockWebServer[38326] received request: GET /api/v1/namespaces/entando-k8s-composite-app-controller-carcpr17 HTTP/1.1 and responded: HTTP/1.1 404 Client Error
Mar 26, 2021 5:00:34 PM okhttp3.mockwebserver.MockWebServer$3 processOneRequest
INFO: MockWebServer[38326] received request: GET /apis/entando.org/v1/namespaces/default/entandocompositeapps HTTP/1.1 and responded: HTTP/1.1 200 OK
Mar 26, 2021 5:00:34 PM okhttp3.mockwebserver.MockWebServer$3 processOneRequest
INFO: MockWebServer[38326] received request: GET /api/v1/namespaces/entando-k8s-composite-app-controller-carcpr17 HTTP/1.1 and responded: HTTP/1.1 404 Client Error
Mar 26, 2021 5:00:34 PM okhttp3.mockwebserver.MockWebServer$3 processOneRequest
INFO: MockWebServer[38326] received request: GET /apis/entando.org/v1/namespaces/default/entandocompositeapps HTTP/1.1 and responded: HTTP/1.1 200 OK
Mar 26, 2021 5:00:34 PM okhttp3.mockwebserver.MockWebServer$3 processOneRequest
INFO: MockWebServer[38326] received request: GET /apis/entando.org/v1/namespaces/entando-k8s-composite-app-controller-carcpr17/entandocompositeapps/my-app-carcpr17 HTTP/1.1 and responded: HTTP/1.1 200 OK
Mar 26, 2021 5:00:34 PM okhttp3.mockwebserver.MockWebServer$3 processOneRequest
INFO: MockWebServer[38326] received request: GET /api/v1/namespaces/entando-k8s-composite-app-controller-carcpr17/pods?labelSelector=EntandoPlugin%3Dtest-plugin-carcpr17%2CEntandoResourceKind%3DEntandoPlugin HTTP/1.1 and responded: HTTP/1.1 200 OK
Mar 26, 2021 5:00:34 PM okhttp3.mockwebserver.MockWebServer$3 processOneRequest
INFO: MockWebServer[38326] received request: GET /api/v1/namespaces/entando-k8s-composite-app-controller-carcpr17/pods?labelSelector=EntandoPlugin%3Dtest-plugin-carcpr17%2CEntandoResourceKind%3DEntandoPlugin HTTP/1.1 and responded: HTTP/1.1 200 OK
Mar 26, 2021 5:00:35 PM okhttp3.mockwebserver.MockWebServer$3 processOneRequest
INFO: MockWebServer[38326] received request: GET /api/v1/namespaces/entando-k8s-composite-app-controller-carcpr17 HTTP/1.1 and responded: HTTP/1.1 404 Client Error
Mar 26, 2021 5:00:35 PM okhttp3.mockwebserver.MockWebServer$3 processOneRequest
INFO: MockWebServer[38326] received request: GET /apis/entando.org/v1/namespaces/default/entandoplugins HTTP/1.1 and responded: HTTP/1.1 200 OK
Mar 26, 2021 5:00:35 PM okhttp3.mockwebserver.MockWebServer$3 processOneRequest
INFO: MockWebServer[38326] received request: GET /api/v1/namespaces/entando-k8s-composite-app-controller-carcpr17 HTTP/1.1 and responded: HTTP/1.1 404 Client Error
Mar 26, 2021 5:00:35 PM okhttp3.mockwebserver.MockWebServer$3 processOneRequest
INFO: MockWebServer[38326] received request: GET /apis/entando.org/v1/namespaces/default/entandoplugins HTTP/1.1 and responded: HTTP/1.1 200 OK
Mar 26, 2021 5:00:35 PM okhttp3.mockwebserver.MockWebServer$3 processOneRequest
INFO: MockWebServer[38326] received request: GET /apis/entando.org/v1/namespaces/entando-k8s-composite-app-controller-carcpr17/entandoplugins/test-plugin-carcpr17 HTTP/1.1 and responded: HTTP/1.1 200 OK
Mar 26, 2021 5:00:35 PM okhttp3.mockwebserver.MockWebServer$3 processOneRequest
INFO: MockWebServer[38326] received request: GET /apis/entando.org/v1/namespaces/entando-k8s-composite-app-controller-carcpr17/entandocompositeapps/my-app-carcpr17 HTTP/1.1 and responded: HTTP/1.1 200 OK
Mar 26, 2021 5:00:35 PM okhttp3.mockwebserver.MockWebServer$3 processOneRequest
INFO: MockWebServer[38326] received request: GET /apis/entando.org/v1/namespaces/entando-k8s-composite-app-controller-carcpr17/entandocompositeapps/my-app-carcpr17 HTTP/1.1 and responded: HTTP/1.1 200 OK
Mar 26, 2021 5:00:35 PM org.entando.kubernetes.client.KubernetesRestInterceptor invoke
INFO: Entering method getPodWatcherQueue in class org.entando.kubernetes.controller.support.client.PodWaitingClient
Mar 26, 2021 5:00:35 PM org.entando.kubernetes.client.KubernetesRestInterceptor invoke
INFO: Exiting method getPodWatcherQueue in class org.entando.kubernetes.controller.support.client.PodWaitingClient
Mar 26, 2021 5:00:35 PM okhttp3.mockwebserver.MockWebServer$2 acceptConnections
INFO: MockWebServer[38326] done accepting connections: Socket closed
Mar 26, 2021 5:00:35 PM okhttp3.mockwebserver.MockWebServer$2 e**cute
INFO: MockWebServer[52201] starting to accept connections
Mar 26, 2021 5:00:35 PM okhttp3.mockwebserver.MockWebServer$3 processOneRequest
INFO: MockWebServer[52201] received request: GET /api/v1/namespaces/entando HTTP/1.1 and responded: HTTP/1.1 404 Client Error
Mar 26, 2021 5:00:36 PM okhttp3.mockwebserver.MockWebServer$3 processOneRequest
INFO: MockWebServer[52201] received request: POST /api/v1/namespaces HTTP/1.1 and responded: HTTP/1.1 202 OK
Mar 26, 2021 5:00:36 PM org.entando.kubernetes.client.KubernetesRestInterceptor invoke
INFO: Entering method loadDockerImageInfoConfigMap in class org.entando.kubernetes.controller.support.client.EntandoResourceClient
Mar 26, 2021 5:00:36 PM okhttp3.mockwebserver.MockWebServer$3 processOneRequest
INFO: MockWebServer[52201] received request: GET /api/v1/namespaces/entando/configmaps/entando-docker-image-info-v6.3 HTTP/1.1 and responded: HTTP/1.1 404 Client Error
Mar 26, 2021 5:00:36 PM org.entando.kubernetes.client.KubernetesRestInterceptor invoke
INFO: Exiting method loadDockerImageInfoConfigMap in class org.entando.kubernetes.controller.support.client.EntandoResourceClient
Mar 26, 2021 5:00:36 PM okhttp3.mockwebserver.MockWebServer$3 processOneRequest
INFO: MockWebServer[52201] received request: GET /api/v1/namespaces/entando/configmaps/entando-docker-image-info-v6.3 HTTP/1.1 and responded: HTTP/1.1 404 Client Error
Mar 26, 2021 5:00:36 PM okhttp3.mockwebserver.MockWebServer$3 processOneRequest
INFO: MockWebServer[52201] received request: POST /api/v1/namespaces/entando/configmaps HTTP/1.1 and responded: HTTP/1.1 202 OK
Mar 26, 2021 5:00:36 PM okhttp3.mockwebserver.MockWebServer$3 processOneRequest
INFO: MockWebServer[52201] received request: GET /api/v1/namespaces/entando/configmaps/entando-docker-image-info-v6.3 HTTP/1.1 and responded: HTTP/1.1 200 OK
Mar 26, 2021 5:00:36 PM okhttp3.mockwebserver.MockWebServer$3 processOneRequest
INFO: MockWebServer[52201] received request: GET /api/v1/namespaces/entando/configmaps/entando-docker-image-info-v6.3 HTTP/1.1 and responded: HTTP/1.1 200 OK
Mar 26, 2021 5:00:36 PM okhttp3.mockwebserver.MockWebServer$3 processOneRequest
INFO: MockWebServer[52201] received request: GET /api/v1/namespaces/entando/configmaps/entando-docker-image-info-v6.3 HTTP/1.1 and responded: HTTP/1.1 200 OK
Mar 26, 2021 5:00:36 PM okhttp3.mockwebserver.MockWebServer$3 processOneRequest
INFO: MockWebServer[52201] received request: PATCH /api/v1/namespaces/entando/configmaps/entando-docker-image-info-v6.3 HTTP/1.1 and responded: HTTP/1.1 202 OK
Mar 26, 2021 5:00:36 PM org.entando.kubernetes.client.KubernetesRestInterceptor invoke
INFO: Entering method createOrPatchEntandoResource in class org.entando.kubernetes.controller.support.client.EntandoResourceClient with EntandoPlugin: entando-k8s-composite-app-controller-carcpr17/test-plugin-carcpr17
Mar 26, 2021 5:00:36 PM okhttp3.mockwebserver.MockWebServer$3 processOneRequest
INFO: MockWebServer[52201] received request: GET /api/v1/namespaces/entando-k8s-composite-app-controller-carcpr17 HTTP/1.1 and responded: HTTP/1.1 404 Client Error
Mar 26, 2021 5:00:36 PM okhttp3.mockwebserver.MockWebServer$3 processOneRequest
INFO: MockWebServer[52201] received request: GET /apis/entando.org/v1/namespaces/default/entandoplugins HTTP/1.1 and responded: HTTP/1.1 200 OK
Mar 26, 2021 5:00:36 PM okhttp3.mockwebserver.MockWebServer$3 processOneRequest
INFO: MockWebServer[52201] received request: GET /api/v1/namespaces/entando-k8s-composite-app-controller-carcpr17 HTTP/1.1 and responded: HTTP/1.1 404 Client Error
Mar 26, 2021 5:00:36 PM okhttp3.mockwebserver.MockWebServer$3 processOneRequest
INFO: MockWebServer[52201] received request: GET /apis/entando.org/v1/namespaces/default/entandoplugins HTTP/1.1 and responded: HTTP/1.1 200 OK
Mar 26, 2021 5:00:37 PM okhttp3.mockwebserver.MockWebServer$3 processOneRequest
INFO: MockWebServer[52201] received request: GET /apis/entando.org/v1/namespaces/entando-k8s-composite-app-controller-carcpr17/entandoplugins/test-plugin-carcpr17 HTTP/1.1 and responded: HTTP/1.1 404 Client Error
Mar 26, 2021 5:00:37 PM okhttp3.mockwebserver.MockWebServer$3 processOneRequest
INFO: MockWebServer[52201] received request: POST /apis/entando.org/v1/namespaces/entando-k8s-composite-app-controller-carcpr17/entandoplugins HTTP/1.1 and responded: HTTP/1.1 202 OK
Mar 26, 2021 5:00:37 PM org.entando.kubernetes.client.KubernetesRestInterceptor invoke
INFO: Exiting method createOrPatchEntandoResource in class org.entando.kubernetes.controller.support.client.EntandoResourceClient
Mar 26, 2021 5:00:37 PM okhttp3.mockwebserver.MockWebServer$3 processOneRequest
INFO: MockWebServer[52201] received request: GET /api/v1/namespaces/entando-k8s-composite-app-controller-carcpr17 HTTP/1.1 and responded: HTTP/1.1 404 Client Error
Mar 26, 2021 5:00:37 PM okhttp3.mockwebserver.MockWebServer$3 processOneRequest
INFO: MockWebServer[52201] received request: GET /apis/entando.org/v1/namespaces/default/entandocompositeapps HTTP/1.1 and responded: HTTP/1.1 200 OK
Mar 26, 2021 5:00:37 PM okhttp3.mockwebserver.MockWebServer$3 processOneRequest
INFO: MockWebServer[52201] received request: GET /api/v1/namespaces/entando-k8s-composite-app-controller-carcpr17 HTTP/1.1 and responded: HTTP/1.1 404 Client Error
Mar 26, 2021 5:00:37 PM okhttp3.mockwebserver.MockWebServer$3 processOneRequest
INFO: MockWebServer[52201] received request: GET /apis/entando.org/v1/namespaces/default/entandocompositeapps HTTP/1.1 and responded: HTTP/1.1 200 OK
Mar 26, 2021 5:00:37 PM okhttp3.mockwebserver.MockWebServer$3 processOneRequest
INFO: MockWebServer[52201] received request: POST /apis/entando.org/v1/namespaces/entando-k8s-composite-app-controller-carcpr17/entandocompositeapps HTTP/1.1 and responded: HTTP/1.1 202 OK
Mar 26, 2021 5:00:37 PM org.entando.kubernetes.client.KubernetesRestInterceptor invoke
INFO: Entering method loadOperatorConfig in class org.entando.kubernetes.controller.support.client.EntandoResourceClient
Mar 26, 2021 5:00:37 PM okhttp3.mockwebserver.MockWebServer$3 processOneRequest
INFO: MockWebServer[52201] received request: GET /api/v1/namespaces/entando-k8s-composite-app-controller-carcpr17/configmaps/entando-operator-config HTTP/1.1 and responded: HTTP/1.1 404 Client Error
Mar 26, 2021 5:00:37 PM org.entando.kubernetes.client.KubernetesRestInterceptor invoke
INFO: Exiting method loadOperatorConfig in class org.entando.kubernetes.controller.support.client.EntandoResourceClient
Mar 26, 2021 5:00:37 PM org.entando.kubernetes.client.KubernetesRestInterceptor invoke
INFO: Entering method load in class org.entando.kubernetes.controller.support.client.EntandoResourceClient with class org.entando.kubernetes.model.compositeapp.EntandoCompositeApp,entando-k8s-composite-app-controller-carcpr17,my-app-carcpr17
Mar 26, 2021 5:00:37 PM org.entando.kubernetes.client.KubernetesRestInterceptor invoke
INFO: Entering method getPodWatcherQueue in class org.entando.kubernetes.controller.support.client.PodWaitingClient
Mar 26, 2021 5:00:37 PM org.entando.kubernetes.client.KubernetesRestInterceptor invoke
INFO: Exiting method getPodWatcherQueue in class org.entando.kubernetes.controller.support.client.PodWaitingClient
Mar 26, 2021 5:00:37 PM okhttp3.mockwebserver.MockWebServer$3 processOneRequest
INFO: MockWebServer[52201] received request: GET /api/v1/namespaces/entando-k8s-composite-app-controller-carcpr17 HTTP/1.1 and responded: HTTP/1.1 404 Client Error
Mar 26, 2021 5:00:37 PM okhttp3.mockwebserver.MockWebServer$3 processOneRequest
INFO: MockWebServer[52201] received request: GET /apis/entando.org/v1/namespaces/default/entandocompositeapps HTTP/1.1 and responded: HTTP/1.1 200 OK
Mar 26, 2021 5:00:37 PM okhttp3.mockwebserver.MockWebServer$3 processOneRequest
INFO: MockWebServer[52201] received request: GET /api/v1/namespaces/entando-k8s-composite-app-controller-carcpr17 HTTP/1.1 and responded: HTTP/1.1 404 Client Error
Mar 26, 2021 5:00:38 PM okhttp3.mockwebserver.MockWebServer$3 processOneRequest
INFO: MockWebServer[52201] received request: GET /apis/entando.org/v1/namespaces/default/entandocompositeapps HTTP/1.1 and responded: HTTP/1.1 200 OK
Mar 26, 2021 5:00:38 PM okhttp3.mockwebserver.MockWebServer$3 processOneRequest
INFO: MockWebServer[52201] received request: GET /apis/entando.org/v1/namespaces/entando-k8s-composite-app-controller-carcpr17/entandocompositeapps/my-app-carcpr17 HTTP/1.1 and responded: HTTP/1.1 200 OK
Mar 26, 2021 5:00:38 PM org.entando.kubernetes.client.KubernetesRestInterceptor invoke
INFO: Exiting method load in class org.entando.kubernetes.controller.support.client.EntandoResourceClient
Mar 26, 2021 5:00:38 PM org.entando.kubernetes.client.KubernetesRestInterceptor invoke
INFO: Entering method updatePhase in class org.entando.kubernetes.controller.support.client.EntandoResourceClient with EntandoCompositeApp: entando-k8s-composite-app-controller-carcpr17/my-app-carcpr17
Mar 26, 2021 5:00:38 PM okhttp3.mockwebserver.MockWebServer$3 processOneRequest
INFO: MockWebServer[52201] received request: POST /api/v1/namespaces/entando-k8s-composite-app-controller-carcpr17/events HTTP/1.1 and responded: HTTP/1.1 202 OK
Mar 26, 2021 5:00:38 PM okhttp3.mockwebserver.MockWebServer$3 processOneRequest
INFO: MockWebServer[52201] received request: GET /apis/entando.org/v1/namespaces/entando-k8s-composite-app-controller-carcpr17/entandocompositeapps/my-app-carcpr17 HTTP/1.1 and responded: HTTP/1.1 200 OK
Mar 26, 2021 5:00:38 PM okhttp3.mockwebserver.MockWebServer$3 processOneRequest
INFO: MockWebServer[52201] received request: PUT /apis/entando.org/v1/namespaces/entando-k8s-composite-app-controller-carcpr17/entandocompositeapps/my-app-carcpr17/status HTTP/1.1 and responded: HTTP/1.1 202 OK
Mar 26, 2021 5:00:38 PM org.entando.kubernetes.client.KubernetesRestInterceptor invoke
INFO: Exiting method updatePhase in class org.entando.kubernetes.controller.support.client.EntandoResourceClient
Mar 26, 2021 5:00:38 PM org.entando.kubernetes.client.KubernetesRestInterceptor invoke
INFO: Entering method loadDockerImageInfoConfigMap in class org.entando.kubernetes.controller.support.client.EntandoResourceClient
Mar 26, 2021 5:00:38 PM okhttp3.mockwebserver.MockWebServer$3 processOneRequest
INFO: MockWebServer[52201] received request: GET /api/v1/namespaces/entando/configmaps/entando-docker-image-info-v6.3 HTTP/1.1 and responded: HTTP/1.1 200 OK
Mar 26, 2021 5:00:38 PM org.entando.kubernetes.client.KubernetesRestInterceptor invoke
INFO: Exiting method loadDockerImageInfoConfigMap in class org.entando.kubernetes.controller.support.client.EntandoResourceClient
Mar 26, 2021 5:00:38 PM org.entando.kubernetes.client.KubernetesRestInterceptor invoke
INFO: Entering method createOrPatchEntandoResource in class org.entando.kubernetes.controller.support.client.EntandoResourceClient with EntandoKeycloakServer: entando-k8s-composite-app-controller-carcpr17/test-keycloak-carcpr17
Mar 26, 2021 5:00:38 PM okhttp3.mockwebserver.MockWebServer$3 processOneRequest
INFO: MockWebServer[52201] received request: GET /api/v1/namespaces/entando-k8s-composite-app-controller-carcpr17 HTTP/1.1 and responded: HTTP/1.1 404 Client Error
Mar 26, 2021 5:00:38 PM okhttp3.mockwebserver.MockWebServer$3 processOneRequest
INFO: MockWebServer[52201] received request: GET /apis/entando.org/v1/namespaces/default/entandokeycloakservers HTTP/1.1 and responded: HTTP/1.1 200 OK
Mar 26, 2021 5:00:38 PM okhttp3.mockwebserver.MockWebServer$3 processOneRequest
INFO: MockWebServer[52201] received request: GET /api/v1/namespaces/entando-k8s-composite-app-controller-carcpr17 HTTP/1.1 and responded: HTTP/1.1 404 Client Error
Mar 26, 2021 5:00:38 PM okhttp3.mockwebserver.MockWebServer$3 processOneRequest
INFO: MockWebServer[52201] received request: GET /apis/entando.org/v1/namespaces/default/entandokeycloakservers HTTP/1.1 and responded: HTTP/1.1 200 OK
Mar 26, 2021 5:00:38 PM okhttp3.mockwebserver.MockWebServer$3 processOneRequest
INFO: MockWebServer[52201] received request: GET /apis/entando.org/v1/namespaces/entando-k8s-composite-app-controller-carcpr17/entandokeycloakservers/test-keycloak-carcpr17 HTTP/1.1 and responded: HTTP/1.1 404 Client Error
Mar 26, 2021 5:00:38 PM okhttp3.mockwebserver.MockWebServer$3 processOneRequest
INFO: MockWebServer[52201] received request: POST /apis/entando.org/v1/namespaces/entando-k8s-composite-app-controller-carcpr17/entandokeycloakservers HTTP/1.1 and responded: HTTP/1.1 202 OK
Mar 26, 2021 5:00:38 PM org.entando.kubernetes.client.KubernetesRestInterceptor invoke
INFO: Exiting method createOrPatchEntandoResource in class org.entando.kubernetes.controller.support.client.EntandoResourceClient
Mar 26, 2021 5:00:38 PM org.entando.kubernetes.client.KubernetesRestInterceptor invoke
INFO: Entering method removeAndWait in class org.entando.kubernetes.controller.support.client.PodClient with entando-k8s-composite-app-controller-carcpr17,{EntandoResourceKind=EntandoKeycloakServer, EntandoResourceNamespace=entando-k8s-composite-app-controller-carcpr17, EntandoKeycloakServer=test-keycloak-carcpr17}
Mar 26, 2021 5:00:39 PM okhttp3.mockwebserver.MockWebServer$3 processOneRequest
INFO: MockWebServer[52201] received request: GET /api/v1/namespaces/entando-k8s-composite-app-controller-carcpr17/pods?labelSelector=EntandoResourceNamespace%3Dentando-k8s-composite-app-controller-carcpr17%2CEntandoResourceKind%3DEntandoKeycloakServer%2CEntandoKeycloakServer%3Dtest-keycloak-carcpr17 HTTP/1.1 and responded: HTTP/1.1 200 OK
Mar 26, 2021 5:00:39 PM org.entando.kubernetes.client.KubernetesRestInterceptor invoke
INFO: Entering method getPodWatcherQueue in class org.entando.kubernetes.controller.support.client.PodWaitingClient
Mar 26, 2021 5:00:39 PM org.entando.kubernetes.client.KubernetesRestInterceptor invoke
INFO: Exiting method getPodWatcherQueue in class org.entando.kubernetes.controller.support.client.PodWaitingClient
Mar 26, 2021 5:00:39 PM okhttp3.mockwebserver.MockWebServer$3 processOneRequest
INFO: MockWebServer[52201] received request: GET /api/v1/namespaces/entando-k8s-composite-app-controller-carcpr17/pods?labelSelector=EntandoResourceNamespace%3Dentando-k8s-composite-app-controller-carcpr17%2CEntandoResourceKind%3DEntandoKeycloakServer%2CEntandoKeycloakServer%3Dtest-keycloak-carcpr17&watch=**** HTTP/1.1 and responded: HTTP/1.1 200 OK
Mar 26, 2021 5:00:39 PM okhttp3.mockwebserver.MockWebServer$3 processOneRequest
INFO: MockWebServer[52201] received request: GET /api/v1/namespaces/entando-k8s-composite-app-controller-carcpr17/pods?labelSelector=EntandoResourceNamespace%3Dentando-k8s-composite-app-controller-carcpr17%2CEntandoResourceKind%3DEntandoKeycloakServer%2CEntandoKeycloakServer%3Dtest-keycloak-carcpr17&watch=**** HTTP/1.1 and responded: HTTP/1.1 200 OK
Mar 26, 2021 5:00:39 PM okhttp3.mockwebserver.MockWebServer$3 processOneRequest
INFO: MockWebServer[52201] received request: GET /api/v1/namespaces/entando-k8s-composite-app-controller-carcpr17/pods?labelSelector=EntandoResourceNamespace%3Dentando-k8s-composite-app-controller-carcpr17%2CEntandoResourceKind%3DEntandoKeycloakServer%2CEntandoKeycloakServer%3Dtest-keycloak-carcpr17 HTTP/1.1 and responded: HTTP/1.1 200 OK
Mar 26, 2021 5:00:39 PM io.fabric8.kubernetes.client.dsl.internal.WatchHTTPManager$1 onResponse
INFO: Watch terminated unexpectedly. reason: \n not found: limit=46 content=7b2261706956657273696f6e223a227631222c226b696e64223a224c69737422â€¦
Mar 26, 2021 5:00:39 PM okhttp3.mockwebserver.MockWebServer$3 processOneRequest
INFO: MockWebServer[52201] received request: GET /api/v1/namespaces/entando-k8s-composite-app-controller-carcpr17/pods?labelSelector=EntandoResourceNamespace%3Dentando-k8s-composite-app-controller-carcpr17%2CEntandoResourceKind%3DEntandoKeycloakServer%2CEntandoKeycloakServer%3Dtest-keycloak-carcpr17 HTTP/1.1 and responded: HTTP/1.1 200 OK
Mar 26, 2021 5:00:40 PM org.entando.kubernetes.client.KubernetesRestInterceptor invoke
INFO: Exiting method removeAndWait in class org.entando.kubernetes.controller.support.client.PodClient
Mar 26, 2021 5:00:40 PM org.entando.kubernetes.client.KubernetesRestInterceptor invoke
INFO: Entering method runToCompletion in class org.entando.kubernetes.controller.support.client.PodClient with Pod: entando-k8s-composite-app-controller-carcpr17/test-keycloak-carcpr17-deployer-0723
Mar 26, 2021 5:00:40 PM okhttp3.mockwebserver.MockWebServer$3 processOneRequest
INFO: MockWebServer[52201] received request: GET /api/v1/namespaces/entando-k8s-composite-app-controller-carcpr17/pods?labelSelector=EntandoResourceNamespace%3Dentando-k8s-composite-app-controller-carcpr17%2CEntandoResourceKind%3DEntandoKeycloakServer%2CEntandoKeycloakServer%3Dtest-keycloak-carcpr17&watch=**** HTTP/1.1 and responded: HTTP/1.1 200 OK
Mar 26, 2021 5:00:40 PM io.fabric8.kubernetes.client.dsl.internal.WatchHTTPManager$1 onResponse
INFO: Watch terminated unexpectedly. reason: \n not found: limit=46 content=7b2261706956657273696f6e223a227631222c226b696e64223a224c69737422â€¦
Mar 26, 2021 5:00:40 PM io.fabric8.kubernetes.client.dsl.internal.WatchHTTPManager scheduleReconnect
WARN: Ignoring error for already closed/closing connection
Mar 26, 2021 5:00:40 PM okhttp3.mockwebserver.MockWebServer$3 processOneRequest
INFO: MockWebServer[52201] received request: POST /api/v1/namespaces/entando-k8s-composite-app-controller-carcpr17/pods HTTP/1.1 and responded: HTTP/1.1 202 OK
Mar 26, 2021 5:00:40 PM org.entando.kubernetes.client.KubernetesRestInterceptor invoke
INFO: Entering method loadPod in class org.entando.kubernetes.controller.support.client.PodClient with entando-k8s-composite-app-controller-carcpr17,[Ljava.lang.String;@5bbf244a
Mar 26, 2021 5:00:40 PM okhttp3.mockwebserver.MockWebServer$3 processOneRequest
INFO: MockWebServer[52201] received request: GET /api/v1/namespaces/entando-k8s-composite-app-controller-carcpr17/pods?fieldSelector=metadata.name%3Dtest-keycloak-carcpr17-deployer-0723&watch=**** HTTP/1.1 and responded: HTTP/1.1 200 OK
Mar 26, 2021 5:00:40 PM okhttp3.mockwebserver.MockWebServer$3 processOneRequest
INFO: MockWebServer[52201] received request: GET /api/v1/namespaces/entando-k8s-composite-app-controller-carcpr17/pods?labelSelector=EntandoKeycloakServer%3Dtest-keycloak-carcpr17 HTTP/1.1 and responded: HTTP/1.1 200 OK
Mar 26, 2021 5:00:40 PM org.entando.kubernetes.client.KubernetesRestInterceptor invoke
INFO: Exiting method loadPod in class org.entando.kubernetes.controller.support.client.PodClient
Mar 26, 2021 5:00:40 PM okhttp3.mockwebserver.MockWebServer$3 processOneRequest
INFO: MockWebServer[52201] received request: GET /api/v1/namespaces/entando-k8s-composite-app-controller-carcpr17/pods?fieldSelector=metadata.name%3Dtest-keycloak-carcpr17-deployer-0723&watch=**** HTTP/1.1 and responded: HTTP/1.1 200 OK
Mar 26, 2021 5:00:40 PM okhttp3.mockwebserver.MockWebServer$3 processOneRequest
INFO: MockWebServer[52201] received request: GET /api/v1/namespaces/entando-k8s-composite-app-controller-carcpr17/pods/test-keycloak-carcpr17-deployer-0723 HTTP/1.1 and responded: HTTP/1.1 200 OK
Mar 26, 2021 5:00:40 PM io.fabric8.kubernetes.client.dsl.internal.WatchHTTPManager$1 onResponse
INFO: Watch terminated unexpectedly. reason: \n not found: limit=2450 content=7b2261706956657273696f6e223a227631222c226b696e64223a224c69737422â€¦
Mar 26, 2021 5:00:40 PM okhttp3.mockwebserver.MockWebServer$3 processOneRequest
INFO: MockWebServer[52201] received request: PATCH /api/v1/namespaces/entando-k8s-composite-app-controller-carcpr17/pods/test-keycloak-carcpr17-deployer-0723 HTTP/1.1 and responded: HTTP/1.1 202 OK
Mar 26, 2021 5:00:40 PM org.entando.kubernetes.client.KubernetesRestInterceptor invoke
INFO: Entering method getPodWatcherQueue in class org.entando.kubernetes.controller.support.client.PodWaitingClient
Mar 26, 2021 5:00:40 PM org.entando.kubernetes.client.KubernetesRestInterceptor invoke
INFO: Exiting method getPodWatcherQueue in class org.entando.kubernetes.controller.support.client.PodWaitingClient
Mar 26, 2021 5:00:41 PM org.entando.kubernetes.client.KubernetesRestInterceptor invoke
INFO: Exiting method runToCompletion in class org.entando.kubernetes.controller.support.client.PodClient
Mar 26, 2021 5:00:41 PM org.entando.kubernetes.client.KubernetesRestInterceptor invoke
INFO: Entering method updateStatus in class org.entando.kubernetes.controller.support.client.EntandoResourceClient with EntandoCompositeApp: entando-k8s-composite-app-controller-carcpr17/my-app-carcpr17
Mar 26, 2021 5:00:41 PM okhttp3.mockwebserver.MockWebServer$3 processOneRequest
INFO: MockWebServer[52201] received request: GET /api/v1/namespaces/entando-k8s-composite-app-controller-carcpr17/pods?fieldSelector=metadata.name%3Dtest-keycloak-carcpr17-deployer-0723&watch=**** HTTP/1.1 and responded: HTTP/1.1 200 OK
Mar 26, 2021 5:00:41 PM io.fabric8.kubernetes.client.dsl.internal.WatchHTTPManager$1 onResponse
INFO: Watch terminated unexpectedly. reason: \n not found: limit=2634 content=7b2261706956657273696f6e223a227631222c226b696e64223a224c69737422â€¦
Mar 26, 2021 5:00:41 PM io.fabric8.kubernetes.client.dsl.internal.WatchHTTPManager scheduleReconnect
WARN: Ignoring error for already closed/closing connection
Mar 26, 2021 5:00:41 PM okhttp3.mockwebserver.MockWebServer$3 processOneRequest
INFO: MockWebServer[52201] received request: POST /api/v1/namespaces/entando-k8s-composite-app-controller-carcpr17/events HTTP/1.1 and responded: HTTP/1.1 202 OK
Mar 26, 2021 5:00:41 PM okhttp3.mockwebserver.MockWebServer$3 processOneRequest
INFO: MockWebServer[52201] received request: GET /apis/entando.org/v1/namespaces/entando-k8s-composite-app-controller-carcpr17/entandocompositeapps/my-app-carcpr17 HTTP/1.1 and responded: HTTP/1.1 200 OK
Mar 26, 2021 5:00:41 PM okhttp3.mockwebserver.MockWebServer$3 processOneRequest
INFO: MockWebServer[52201] received request: PUT /apis/entando.org/v1/namespaces/entando-k8s-composite-app-controller-carcpr17/entandocompositeapps/my-app-carcpr17/status HTTP/1.1 and responded: HTTP/1.1 202 OK
Mar 26, 2021 5:00:41 PM org.entando.kubernetes.client.KubernetesRestInterceptor invoke
INFO: Exiting method updateStatus in class org.entando.kubernetes.controller.support.client.EntandoResourceClient
Mar 26, 2021 5:00:41 PM org.entando.kubernetes.client.KubernetesRestInterceptor invoke
INFO: Entering method load in class org.entando.kubernetes.controller.support.client.EntandoResourceClient with class org.entando.kubernetes.model.plugin.EntandoPlugin,entando-k8s-composite-app-controller-carcpr17,test-plugin-carcpr17
Mar 26, 2021 5:00:41 PM okhttp3.mockwebserver.MockWebServer$3 processOneRequest
INFO: MockWebServer[52201] received request: GET /apis/entando.org/v1/namespaces/entando-k8s-composite-app-controller-carcpr17/entandoplugins/test-plugin-carcpr17 HTTP/1.1 and responded: HTTP/1.1 200 OK
Mar 26, 2021 5:00:41 PM org.entando.kubernetes.client.KubernetesRestInterceptor invoke
INFO: Exiting method load in class org.entando.kubernetes.controller.support.client.EntandoResourceClient
Mar 26, 2021 5:00:41 PM org.entando.kubernetes.client.KubernetesRestInterceptor invoke
INFO: Entering method createOrPatchEntandoResource in class org.entando.kubernetes.controller.support.client.EntandoResourceClient with EntandoPlugin: entando-k8s-composite-app-controller-carcpr17/test-plugin-carcpr17
Mar 26, 2021 5:00:41 PM okhttp3.mockwebserver.MockWebServer$3 processOneRequest
INFO: MockWebServer[52201] received request: GET /apis/entando.org/v1/namespaces/entando-k8s-composite-app-controller-carcpr17/entandoplugins/test-plugin-carcpr17 HTTP/1.1 and responded: HTTP/1.1 200 OK
Mar 26, 2021 5:00:41 PM okhttp3.mockwebserver.MockWebServer$3 processOneRequest
INFO: MockWebServer[52201] received request: GET /apis/entando.org/v1/namespaces/entando-k8s-composite-app-controller-carcpr17/entandoplugins/test-plugin-carcpr17 HTTP/1.1 and responded: HTTP/1.1 200 OK
Mar 26, 2021 5:00:42 PM okhttp3.mockwebserver.MockWebServer$3 processOneRequest
INFO: MockWebServer[52201] received request: PATCH /apis/entando.org/v1/namespaces/entando-k8s-composite-app-controller-carcpr17/entandoplugins/test-plugin-carcpr17 HTTP/1.1 and responded: HTTP/1.1 202 OK
Mar 26, 2021 5:00:42 PM org.entando.kubernetes.client.KubernetesRestInterceptor invoke
INFO: Exiting method createOrPatchEntandoResource in class org.entando.kubernetes.controller.support.client.EntandoResourceClient
Mar 26, 2021 5:00:42 PM org.entando.kubernetes.client.KubernetesRestInterceptor invoke
INFO: Entering method removeAndWait in class org.entando.kubernetes.controller.support.client.PodClient with entando-k8s-composite-app-controller-carcpr17,{EntandoResourceKind=EntandoPlugin, EntandoResourceNamespace=entando-k8s-composite-app-controller-carcpr17, EntandoPlugin=test-plugin-carcpr17}
Mar 26, 2021 5:00:42 PM okhttp3.mockwebserver.MockWebServer$3 processOneRequest
INFO: MockWebServer[52201] received request: GET /api/v1/namespaces/entando-k8s-composite-app-controller-carcpr17/pods?labelSelector=EntandoPlugin%3Dtest-plugin-carcpr17%2CEntandoResourceNamespace%3Dentando-k8s-composite-app-controller-carcpr17%2CEntandoResourceKind%3DEntandoPlugin HTTP/1.1 and responded: HTTP/1.1 200 OK
Mar 26, 2021 5:00:42 PM org.entando.kubernetes.client.KubernetesRestInterceptor invoke
INFO: Entering method getPodWatcherQueue in class org.entando.kubernetes.controller.support.client.PodWaitingClient
Mar 26, 2021 5:00:42 PM org.entando.kubernetes.client.KubernetesRestInterceptor invoke
INFO: Exiting method getPodWatcherQueue in class org.entando.kubernetes.controller.support.client.PodWaitingClient
Mar 26, 2021 5:00:42 PM okhttp3.mockwebserver.MockWebServer$3 processOneRequest
INFO: MockWebServer[52201] received request: GET /api/v1/namespaces/entando-k8s-composite-app-controller-carcpr17/pods?labelSelector=EntandoPlugin%3Dtest-plugin-carcpr17%2CEntandoResourceNamespace%3Dentando-k8s-composite-app-controller-carcpr17%2CEntandoResourceKind%3DEntandoPlugin&watch=**** HTTP/1.1 and responded: HTTP/1.1 200 OK
Mar 26, 2021 5:00:42 PM okhttp3.mockwebserver.MockWebServer$3 processOneRequest
INFO: MockWebServer[52201] received request: GET /api/v1/namespaces/entando-k8s-composite-app-controller-carcpr17/pods?labelSelector=EntandoPlugin%3Dtest-plugin-carcpr17%2CEntandoResourceNamespace%3Dentando-k8s-composite-app-controller-carcpr17%2CEntandoResourceKind%3DEntandoPlugin&watch=**** HTTP/1.1 and responded: HTTP/1.1 200 OK
Mar 26, 2021 5:00:42 PM okhttp3.mockwebserver.MockWebServer$3 processOneRequest
INFO: MockWebServer[52201] received request: GET /api/v1/namespaces/entando-k8s-composite-app-controller-carcpr17/pods?labelSelector=EntandoPlugin%3Dtest-plugin-carcpr17%2CEntandoResourceNamespace%3Dentando-k8s-composite-app-controller-carcpr17%2CEntandoResourceKind%3DEntandoPlugin HTTP/1.1 and responded: HTTP/1.1 200 OK
Mar 26, 2021 5:00:42 PM io.fabric8.kubernetes.client.dsl.internal.WatchHTTPManager$1 onResponse
INFO: Watch terminated unexpectedly. reason: \n not found: limit=46 content=7b2261706956657273696f6e223a227631222c226b696e64223a224c69737422â€¦
Mar 26, 2021 5:00:42 PM okhttp3.mockwebserver.MockWebServer$3 processOneRequest
INFO: MockWebServer[52201] received request: GET /api/v1/namespaces/entando-k8s-composite-app-controller-carcpr17/pods?labelSelector=EntandoPlugin%3Dtest-plugin-carcpr17%2CEntandoResourceNamespace%3Dentando-k8s-composite-app-controller-carcpr17%2CEntandoResourceKind%3DEntandoPlugin HTTP/1.1 and responded: HTTP/1.1 200 OK
Mar 26, 2021 5:00:43 PM org.entando.kubernetes.client.KubernetesRestInterceptor invoke
INFO: Exiting method removeAndWait in class org.entando.kubernetes.controller.support.client.PodClient
Mar 26, 2021 5:00:43 PM org.entando.kubernetes.client.KubernetesRestInterceptor invoke
INFO: Entering method runToCompletion in class org.entando.kubernetes.controller.support.client.PodClient with Pod: entando-k8s-composite-app-controller-carcpr17/test-plugin-carcpr17-deployer-9637
Mar 26, 2021 5:00:43 PM io.fabric8.kubernetes.client.dsl.internal.WatchHTTPManager$1 onResponse
INFO: Watch terminated unexpectedly. reason: \n not found: limit=46 content=7b2261706956657273696f6e223a227631222c226b696e64223a224c69737422â€¦
Mar 26, 2021 5:00:43 PM io.fabric8.kubernetes.client.dsl.internal.WatchHTTPManager scheduleReconnect
WARN: Ignoring error for already closed/closing connection
Mar 26, 2021 5:00:43 PM okhttp3.mockwebserver.MockWebServer$3 processOneRequest
INFO: MockWebServer[52201] received request: GET /api/v1/namespaces/entando-k8s-composite-app-controller-carcpr17/pods?labelSelector=EntandoPlugin%3Dtest-plugin-carcpr17%2CEntandoResourceNamespace%3Dentando-k8s-composite-app-controller-carcpr17%2CEntandoResourceKind%3DEntandoPlugin&watch=**** HTTP/1.1 and responded: HTTP/1.1 200 OK
Mar 26, 2021 5:00:43 PM okhttp3.mockwebserver.MockWebServer$3 processOneRequest
INFO: MockWebServer[52201] received request: POST /api/v1/namespaces/entando-k8s-composite-app-controller-carcpr17/pods HTTP/1.1 and responded: HTTP/1.1 202 OK
Mar 26, 2021 5:00:43 PM org.entando.kubernetes.client.KubernetesRestInterceptor invoke
INFO: Entering method loadPod in class org.entando.kubernetes.controller.support.client.PodClient with entando-k8s-composite-app-controller-carcpr17,[Ljava.lang.String;@7c537283
Mar 26, 2021 5:00:43 PM okhttp3.mockwebserver.MockWebServer$3 processOneRequest
INFO: MockWebServer[52201] received request: GET /api/v1/namespaces/entando-k8s-composite-app-controller-carcpr17/pods?labelSelector=EntandoPlugin%3Dtest-plugin-carcpr17 HTTP/1.1 and responded: HTTP/1.1 200 OK
Mar 26, 2021 5:00:43 PM okhttp3.mockwebserver.MockWebServer$3 processOneRequest
INFO: MockWebServer[52201] received request: GET /api/v1/namespaces/entando-k8s-composite-app-controller-carcpr17/pods?fieldSelector=metadata.name%3Dtest-plugin-carcpr17-deployer-9637&watch=**** HTTP/1.1 and responded: HTTP/1.1 200 OK
Mar 26, 2021 5:00:43 PM org.entando.kubernetes.client.KubernetesRestInterceptor invoke
INFO: Exiting method loadPod in class org.entando.kubernetes.controller.support.client.PodClient
Mar 26, 2021 5:00:43 PM okhttp3.mockwebserver.MockWebServer$3 processOneRequest
INFO: MockWebServer[52201] received request: GET /api/v1/namespaces/entando-k8s-composite-app-controller-carcpr17/pods?fieldSelector=metadata.name%3Dtest-plugin-carcpr17-deployer-9637&watch=**** HTTP/1.1 and responded: HTTP/1.1 200 OK
Mar 26, 2021 5:00:43 PM okhttp3.mockwebserver.MockWebServer$3 processOneRequest
INFO: MockWebServer[52201] received request: GET /api/v1/namespaces/entando-k8s-composite-app-controller-carcpr17/pods/test-plugin-carcpr17-deployer-9637 HTTP/1.1 and responded: HTTP/1.1 200 OK
Mar 26, 2021 5:00:43 PM io.fabric8.kubernetes.client.dsl.internal.WatchHTTPManager$1 onResponse
INFO: Watch terminated unexpectedly. reason: \n not found: limit=5015 content=7b2261706956657273696f6e223a227631222c226b696e64223a224c69737422â€¦
Mar 26, 2021 5:00:43 PM okhttp3.mockwebserver.MockWebServer$3 processOneRequest
INFO: MockWebServer[52201] received request: PATCH /api/v1/namespaces/entando-k8s-composite-app-controller-carcpr17/pods/test-plugin-carcpr17-deployer-9637 HTTP/1.1 and responded: HTTP/1.1 202 OK
Mar 26, 2021 5:00:44 PM org.entando.kubernetes.client.KubernetesRestInterceptor invoke
INFO: Exiting method runToCompletion in class org.entando.kubernetes.controller.support.client.PodClient
Mar 26, 2021 5:00:44 PM org.entando.kubernetes.client.KubernetesRestInterceptor invoke
INFO: Entering method updateStatus in class org.entando.kubernetes.controller.support.client.EntandoResourceClient with EntandoCompositeApp: entando-k8s-composite-app-controller-carcpr17/my-app-carcpr17
Mar 26, 2021 5:00:44 PM io.fabric8.kubernetes.client.dsl.internal.WatchHTTPManager$1 onResponse
INFO: Watch terminated unexpectedly. reason: \n not found: limit=5199 content=7b2261706956657273696f6e223a227631222c226b696e64223a224c69737422â€¦
Mar 26, 2021 5:00:44 PM io.fabric8.kubernetes.client.dsl.internal.WatchHTTPManager scheduleReconnect
WARN: Ignoring error for already closed/closing connection
Mar 26, 2021 5:00:44 PM okhttp3.mockwebserver.MockWebServer$3 processOneRequest
INFO: MockWebServer[52201] received request: GET /api/v1/namespaces/entando-k8s-composite-app-controller-carcpr17/pods?fieldSelector=metadata.name%3Dtest-plugin-carcpr17-deployer-9637&watch=**** HTTP/1.1 and responded: HTTP/1.1 200 OK
Mar 26, 2021 5:00:44 PM okhttp3.mockwebserver.MockWebServer$3 processOneRequest
INFO: MockWebServer[52201] received request: POST /api/v1/namespaces/entando-k8s-composite-app-controller-carcpr17/events HTTP/1.1 and responded: HTTP/1.1 202 OK
Mar 26, 2021 5:00:44 PM okhttp3.mockwebserver.MockWebServer$3 processOneRequest
INFO: MockWebServer[52201] received request: GET /apis/entando.org/v1/namespaces/entando-k8s-composite-app-controller-carcpr17/entandocompositeapps/my-app-carcpr17 HTTP/1.1 and responded: HTTP/1.1 200 OK
Mar 26, 2021 5:00:44 PM okhttp3.mockwebserver.MockWebServer$3 processOneRequest
INFO: MockWebServer[52201] received request: PUT /apis/entando.org/v1/namespaces/entando-k8s-composite-app-controller-carcpr17/entandocompositeapps/my-app-carcpr17/status HTTP/1.1 and responded: HTTP/1.1 202 OK
Mar 26, 2021 5:00:44 PM org.entando.kubernetes.client.KubernetesRestInterceptor invoke
INFO: Exiting method updateStatus in class org.entando.kubernetes.controller.support.client.EntandoResourceClient
Mar 26, 2021 5:00:44 PM org.entando.kubernetes.client.KubernetesRestInterceptor invoke
INFO: Entering method updatePhase in class org.entando.kubernetes.controller.support.client.EntandoResourceClient with EntandoCompositeApp: entando-k8s-composite-app-controller-carcpr17/my-app-carcpr17
Mar 26, 2021 5:00:44 PM okhttp3.mockwebserver.MockWebServer$3 processOneRequest
INFO: MockWebServer[52201] received request: POST /api/v1/namespaces/entando-k8s-composite-app-controller-carcpr17/events HTTP/1.1 and responded: HTTP/1.1 202 OK
Mar 26, 2021 5:00:44 PM okhttp3.mockwebserver.MockWebServer$3 processOneRequest
INFO: MockWebServer[52201] received request: GET /apis/entando.org/v1/namespaces/entando-k8s-composite-app-controller-carcpr17/entandocompositeapps/my-app-carcpr17 HTTP/1.1 and responded: HTTP/1.1 200 OK
Mar 26, 2021 5:00:45 PM okhttp3.mockwebserver.MockWebServer$3 processOneRequest
INFO: MockWebServer[52201] received request: PUT /apis/entando.org/v1/namespaces/entando-k8s-composite-app-controller-carcpr17/entandocompositeapps/my-app-carcpr17/status HTTP/1.1 and responded: HTTP/1.1 202 OK
Mar 26, 2021 5:00:45 PM org.entando.kubernetes.client.KubernetesRestInterceptor invoke
INFO: Exiting method updatePhase in class org.entando.kubernetes.controller.support.client.EntandoResourceClient
Mar 26, 2021 5:00:45 PM okhttp3.mockwebserver.MockWebServer$3 processOneRequest
INFO: MockWebServer[52201] received request: GET /api/v1/namespaces/entando-k8s-composite-app-controller-carcpr17/pods?labelSelector=EntandoResourceKind%3DEntandoKeycloakServer%2CEntandoKeycloakServer%3Dtest-keycloak-carcpr17 HTTP/1.1 and responded: HTTP/1.1 200 OK
Mar 26, 2021 5:00:45 PM okhttp3.mockwebserver.MockWebServer$3 processOneRequest
INFO: MockWebServer[52201] received request: GET /api/v1/namespaces/entando-k8s-composite-app-controller-carcpr17/pods?labelSelector=EntandoResourceKind%3DEntandoKeycloakServer%2CEntandoKeycloakServer%3Dtest-keycloak-carcpr17 HTTP/1.1 and responded: HTTP/1.1 200 OK
Mar 26, 2021 5:00:45 PM okhttp3.mockwebserver.MockWebServer$3 processOneRequest
INFO: MockWebServer[52201] received request: GET /api/v1/namespaces/entando-k8s-composite-app-controller-carcpr17 HTTP/1.1 and responded: HTTP/1.1 404 Client Error
Mar 26, 2021 5:00:45 PM okhttp3.mockwebserver.MockWebServer$3 processOneRequest
INFO: MockWebServer[52201] received request: GET /apis/entando.org/v1/namespaces/default/entandokeycloakservers HTTP/1.1 and responded: HTTP/1.1 200 OK
Mar 26, 2021 5:00:45 PM okhttp3.mockwebserver.MockWebServer$3 processOneRequest
INFO: MockWebServer[52201] received request: GET /api/v1/namespaces/entando-k8s-composite-app-controller-carcpr17 HTTP/1.1 and responded: HTTP/1.1 404 Client Error
Mar 26, 2021 5:00:45 PM okhttp3.mockwebserver.MockWebServer$3 processOneRequest
INFO: MockWebServer[52201] received request: GET /apis/entando.org/v1/namespaces/default/entandokeycloakservers HTTP/1.1 and responded: HTTP/1.1 200 OK
Mar 26, 2021 5:00:45 PM okhttp3.mockwebserver.MockWebServer$3 processOneRequest
INFO: MockWebServer[52201] received request: GET /apis/entando.org/v1/namespaces/entando-k8s-composite-app-controller-carcpr17/entandokeycloakservers/test-keycloak-carcpr17 HTTP/1.1 and responded: HTTP/1.1 200 OK
Mar 26, 2021 5:00:45 PM okhttp3.mockwebserver.MockWebServer$3 processOneRequest
INFO: MockWebServer[52201] received request: GET /api/v1/namespaces/entando-k8s-composite-app-controller-carcpr17 HTTP/1.1 and responded: HTTP/1.1 404 Client Error
Mar 26, 2021 5:00:45 PM okhttp3.mockwebserver.MockWebServer$3 processOneRequest
INFO: MockWebServer[52201] received request: GET /apis/entando.org/v1/namespaces/default/entandocompositeapps HTTP/1.1 and responded: HTTP/1.1 200 OK
Mar 26, 2021 5:00:46 PM okhttp3.mockwebserver.MockWebServer$3 processOneRequest
INFO: MockWebServer[52201] received request: GET /api/v1/namespaces/entando-k8s-composite-app-controller-carcpr17 HTTP/1.1 and responded: HTTP/1.1 404 Client Error
Mar 26, 2021 5:00:46 PM okhttp3.mockwebserver.MockWebServer$3 processOneRequest
INFO: MockWebServer[52201] received request: GET /apis/entando.org/v1/namespaces/default/entandocompositeapps HTTP/1.1 and responded: HTTP/1.1 200 OK
Mar 26, 2021 5:00:46 PM okhttp3.mockwebserver.MockWebServer$3 processOneRequest
INFO: MockWebServer[52201] received request: GET /apis/entando.org/v1/namespaces/entando-k8s-composite-app-controller-carcpr17/entandocompositeapps/my-app-carcpr17 HTTP/1.1 and responded: HTTP/1.1 200 OK
Mar 26, 2021 5:00:46 PM okhttp3.mockwebserver.MockWebServer$3 processOneRequest
INFO: MockWebServer[52201] received request: GET /api/v1/namespaces/entando-k8s-composite-app-controller-carcpr17/pods?labelSelector=EntandoPlugin%3Dtest-plugin-carcpr17%2CEntandoResourceKind%3DEntandoPlugin HTTP/1.1 and responded: HTTP/1.1 200 OK
Mar 26, 2021 5:00:46 PM okhttp3.mockwebserver.MockWebServer$3 processOneRequest
INFO: MockWebServer[52201] received request: GET /api/v1/namespaces/entando-k8s-composite-app-controller-carcpr17/pods?labelSelector=EntandoPlugin%3Dtest-plugin-carcpr17%2CEntandoResourceKind%3DEntandoPlugin HTTP/1.1 and responded: HTTP/1.1 200 OK
Mar 26, 2021 5:00:46 PM okhttp3.mockwebserver.MockWebServer$3 processOneRequest
INFO: MockWebServer[52201] received request: GET /api/v1/namespaces/entando-k8s-composite-app-controller-carcpr17 HTTP/1.1 and responded: HTTP/1.1 404 Client Error
Mar 26, 2021 5:00:46 PM okhttp3.mockwebserver.MockWebServer$3 processOneRequest
INFO: MockWebServer[52201] received request: GET /apis/entando.org/v1/namespaces/default/entandoplugins HTTP/1.1 and responded: HTTP/1.1 200 OK
Mar 26, 2021 5:00:46 PM okhttp3.mockwebserver.MockWebServer$3 processOneRequest
INFO: MockWebServer[52201] received request: GET /api/v1/namespaces/entando-k8s-composite-app-controller-carcpr17 HTTP/1.1 and responded: HTTP/1.1 404 Client Error
Mar 26, 2021 5:00:46 PM okhttp3.mockwebserver.MockWebServer$3 processOneRequest
INFO: MockWebServer[52201] received request: GET /apis/entando.org/v1/namespaces/default/entandoplugins HTTP/1.1 and responded: HTTP/1.1 200 OK
Mar 26, 2021 5:00:47 PM okhttp3.mockwebserver.MockWebServer$3 processOneRequest
INFO: MockWebServer[52201] received request: GET /apis/entando.org/v1/namespaces/entando-k8s-composite-app-controller-carcpr17/entandoplugins/test-plugin-carcpr17 HTTP/1.1 and responded: HTTP/1.1 200 OK
Mar 26, 2021 5:00:47 PM okhttp3.mockwebserver.MockWebServer$3 processOneRequest
INFO: MockWebServer[52201] received request: GET /apis/entando.org/v1/namespaces/entando-k8s-composite-app-controller-carcpr17/entandocompositeapps/my-app-carcpr17 HTTP/1.1 and responded: HTTP/1.1 200 OK
Mar 26, 2021 5:00:47 PM okhttp3.mockwebserver.MockWebServer$3 processOneRequest
INFO: MockWebServer[52201] received request: GET /apis/entando.org/v1/namespaces/entando-k8s-composite-app-controller-carcpr17/entandocompositeapps/my-app-carcpr17 HTTP/1.1 and responded: HTTP/1.1 200 OK
Mar 26, 2021 5:00:47 PM org.entando.kubernetes.client.KubernetesRestInterceptor invoke
INFO: Entering method getPodWatcherQueue in class org.entando.kubernetes.controller.support.client.PodWaitingClient
Mar 26, 2021 5:00:47 PM org.entando.kubernetes.client.KubernetesRestInterceptor invoke
INFO: Exiting method getPodWatcherQueue in class org.entando.kubernetes.controller.support.client.PodWaitingClient
Mar 26, 2021 5:00:47 PM okhttp3.mockwebserver.MockWebServer$2 acceptConnections
INFO: MockWebServer[52201] done accepting connections: Socket closed
Mar 26, 2021 5:00:47 PM okhttp3.mockwebserver.MockWebServer$2 e**cute
INFO: MockWebServer[60012] starting to accept connections
Mar 26, 2021 5:00:47 PM okhttp3.mockwebserver.MockWebServer$3 processOneRequest
INFO: MockWebServer[60012] received request: GET /api/v1/namespaces/entando HTTP/1.1 and responded: HTTP/1.1 404 Client Error
Mar 26, 2021 5:00:47 PM okhttp3.mockwebserver.MockWebServer$3 processOneRequest
INFO: MockWebServer[60012] received request: POST /api/v1/namespaces HTTP/1.1 and responded: HTTP/1.1 202 OK
Mar 26, 2021 5:00:47 PM org.entando.kubernetes.client.KubernetesRestInterceptor invoke
INFO: Entering method loadDockerImageInfoConfigMap in class org.entando.kubernetes.controller.support.client.EntandoResourceClient
Mar 26, 2021 5:00:47 PM okhttp3.mockwebserver.MockWebServer$3 processOneRequest
INFO: MockWebServer[60012] received request: GET /api/v1/namespaces/entando/configmaps/entando-docker-image-info-v6.3 HTTP/1.1 and responded: HTTP/1.1 404 Client Error
Mar 26, 2021 5:00:47 PM org.entando.kubernetes.client.KubernetesRestInterceptor invoke
INFO: Exiting method loadDockerImageInfoConfigMap in class org.entando.kubernetes.controller.support.client.EntandoResourceClient
Mar 26, 2021 5:00:47 PM okhttp3.mockwebserver.MockWebServer$3 processOneRequest
INFO: MockWebServer[60012] received request: GET /api/v1/namespaces/entando/configmaps/entando-docker-image-info-v6.3 HTTP/1.1 and responded: HTTP/1.1 404 Client Error
Mar 26, 2021 5:00:47 PM okhttp3.mockwebserver.MockWebServer$3 processOneRequest
INFO: MockWebServer[60012] received request: POST /api/v1/namespaces/entando/configmaps HTTP/1.1 and responded: HTTP/1.1 202 OK
Mar 26, 2021 5:00:47 PM okhttp3.mockwebserver.MockWebServer$3 processOneRequest
INFO: MockWebServer[60012] received request: GET /api/v1/namespaces/entando/configmaps/entando-docker-image-info-v6.3 HTTP/1.1 and responded: HTTP/1.1 200 OK
Mar 26, 2021 5:00:47 PM okhttp3.mockwebserver.MockWebServer$3 processOneRequest
INFO: MockWebServer[60012] received request: GET /api/v1/namespaces/entando/configmaps/entando-docker-image-info-v6.3 HTTP/1.1 and responded: HTTP/1.1 200 OK
Mar 26, 2021 5:00:47 PM okhttp3.mockwebserver.MockWebServer$3 processOneRequest
INFO: MockWebServer[60012] received request: GET /api/v1/namespaces/entando/configmaps/entando-docker-image-info-v6.3 HTTP/1.1 and responded: HTTP/1.1 200 OK
Mar 26, 2021 5:00:48 PM okhttp3.mockwebserver.MockWebServer$3 processOneRequest
INFO: MockWebServer[60012] received request: PATCH /api/v1/namespaces/entando/configmaps/entando-docker-image-info-v6.3 HTTP/1.1 and responded: HTTP/1.1 202 OK
Mar 26, 2021 5:00:48 PM org.entando.kubernetes.client.KubernetesRestInterceptor invoke
INFO: Entering method createOrPatchEntandoResource in class org.entando.kubernetes.controller.support.client.EntandoResourceClient with EntandoPlugin: entando-k8s-composite-app-controller-carcpr17/test-plugin-carcpr17
Mar 26, 2021 5:00:48 PM okhttp3.mockwebserver.MockWebServer$3 processOneRequest
INFO: MockWebServer[60012] received request: GET /api/v1/namespaces/entando-k8s-composite-app-controller-carcpr17 HTTP/1.1 and responded: HTTP/1.1 404 Client Error
Mar 26, 2021 5:00:48 PM okhttp3.mockwebserver.MockWebServer$3 processOneRequest
INFO: MockWebServer[60012] received request: GET /apis/entando.org/v1/namespaces/default/entandoplugins HTTP/1.1 and responded: HTTP/1.1 200 OK
Mar 26, 2021 5:00:48 PM okhttp3.mockwebserver.MockWebServer$3 processOneRequest
INFO: MockWebServer[60012] received request: GET /api/v1/namespaces/entando-k8s-composite-app-controller-carcpr17 HTTP/1.1 and responded: HTTP/1.1 404 Client Error
Mar 26, 2021 5:00:48 PM okhttp3.mockwebserver.MockWebServer$3 processOneRequest
INFO: MockWebServer[60012] received request: GET /apis/entando.org/v1/namespaces/default/entandoplugins HTTP/1.1 and responded: HTTP/1.1 200 OK
Mar 26, 2021 5:00:48 PM okhttp3.mockwebserver.MockWebServer$3 processOneRequest
INFO: MockWebServer[60012] received request: GET /apis/entando.org/v1/namespaces/entando-k8s-composite-app-controller-carcpr17/entandoplugins/test-plugin-carcpr17 HTTP/1.1 and responded: HTTP/1.1 404 Client Error
Mar 26, 2021 5:00:48 PM okhttp3.mockwebserver.MockWebServer$3 processOneRequest
INFO: MockWebServer[60012] received request: POST /apis/entando.org/v1/namespaces/entando-k8s-composite-app-controller-carcpr17/entandoplugins HTTP/1.1 and responded: HTTP/1.1 202 OK
Mar 26, 2021 5:00:48 PM org.entando.kubernetes.client.KubernetesRestInterceptor invoke
INFO: Exiting method createOrPatchEntandoResource in class org.entando.kubernetes.controller.support.client.EntandoResourceClient
Mar 26, 2021 5:00:48 PM okhttp3.mockwebserver.MockWebServer$3 processOneRequest
INFO: MockWebServer[60012] received request: GET /api/v1/namespaces/entando-k8s-composite-app-controller-carcpr17 HTTP/1.1 and responded: HTTP/1.1 404 Client Error
Mar 26, 2021 5:00:48 PM okhttp3.mockwebserver.MockWebServer$3 processOneRequest
INFO: MockWebServer[60012] received request: GET /apis/entando.org/v1/namespaces/default/entandocompositeapps HTTP/1.1 and responded: HTTP/1.1 200 OK
Mar 26, 2021 5:00:48 PM okhttp3.mockwebserver.MockWebServer$3 processOneRequest
INFO: MockWebServer[60012] received request: GET /api/v1/namespaces/entando-k8s-composite-app-controller-carcpr17 HTTP/1.1 and responded: HTTP/1.1 404 Client Error
Mar 26, 2021 5:00:48 PM okhttp3.mockwebserver.MockWebServer$3 processOneRequest
INFO: MockWebServer[60012] received request: GET /apis/entando.org/v1/namespaces/default/entandocompositeapps HTTP/1.1 and responded: HTTP/1.1 200 OK
Mar 26, 2021 5:00:48 PM okhttp3.mockwebserver.MockWebServer$3 processOneRequest
INFO: MockWebServer[60012] received request: POST /apis/entando.org/v1/namespaces/entando-k8s-composite-app-controller-carcpr17/entandocompositeapps HTTP/1.1 and responded: HTTP/1.1 202 OK
Mar 26, 2021 5:00:49 PM org.entando.kubernetes.client.KubernetesRestInterceptor invoke
INFO: Entering method loadOperatorConfig in class org.entando.kubernetes.controller.support.client.EntandoResourceClient
Mar 26, 2021 5:00:49 PM okhttp3.mockwebserver.MockWebServer$3 processOneRequest
INFO: MockWebServer[60012] received request: GET /api/v1/namespaces/entando-k8s-composite-app-controller-carcpr17/configmaps/entando-operator-config HTTP/1.1 and responded: HTTP/1.1 404 Client Error
Mar 26, 2021 5:00:49 PM org.entando.kubernetes.client.KubernetesRestInterceptor invoke
INFO: Exiting method loadOperatorConfig in class org.entando.kubernetes.controller.support.client.EntandoResourceClient
Mar 26, 2021 5:00:49 PM org.entando.kubernetes.client.KubernetesRestInterceptor invoke
INFO: Entering method load in class org.entando.kubernetes.controller.support.client.EntandoResourceClient with class org.entando.kubernetes.model.compositeapp.EntandoCompositeApp,entando-k8s-composite-app-controller-carcpr17,my-app-carcpr17
Mar 26, 2021 5:00:49 PM org.entando.kubernetes.client.KubernetesRestInterceptor invoke
INFO: Entering method getPodWatcherQueue in class org.entando.kubernetes.controller.support.client.PodWaitingClient
Mar 26, 2021 5:00:49 PM org.entando.kubernetes.client.KubernetesRestInterceptor invoke
INFO: Exiting method getPodWatcherQueue in class org.entando.kubernetes.controller.support.client.PodWaitingClient
Mar 26, 2021 5:00:49 PM okhttp3.mockwebserver.MockWebServer$3 processOneRequest
INFO: MockWebServer[60012] received request: GET /api/v1/namespaces/entando-k8s-composite-app-controller-carcpr17 HTTP/1.1 and responded: HTTP/1.1 404 Client Error
Mar 26, 2021 5:00:49 PM okhttp3.mockwebserver.MockWebServer$3 processOneRequest
INFO: MockWebServer[60012] received request: GET /apis/entando.org/v1/namespaces/default/entandocompositeapps HTTP/1.1 and responded: HTTP/1.1 200 OK
Mar 26, 2021 5:00:49 PM okhttp3.mockwebserver.MockWebServer$3 processOneRequest
INFO: MockWebServer[60012] received request: GET /api/v1/namespaces/entando-k8s-composite-app-controller-carcpr17 HTTP/1.1 and responded: HTTP/1.1 404 Client Error
Mar 26, 2021 5:00:49 PM okhttp3.mockwebserver.MockWebServer$3 processOneRequest
INFO: MockWebServer[60012] received request: GET /apis/entando.org/v1/namespaces/default/entandocompositeapps HTTP/1.1 and responded: HTTP/1.1 200 OK
Mar 26, 2021 5:00:49 PM okhttp3.mockwebserver.MockWebServer$3 processOneRequest
INFO: MockWebServer[60012] received request: GET /apis/entando.org/v1/namespaces/entando-k8s-composite-app-controller-carcpr17/entandocompositeapps/my-app-carcpr17 HTTP/1.1 and responded: HTTP/1.1 200 OK
Mar 26, 2021 5:00:49 PM org.entando.kubernetes.client.KubernetesRestInterceptor invoke
INFO: Exiting method load in class org.entando.kubernetes.controller.support.client.EntandoResourceClient
Mar 26, 2021 5:00:49 PM org.entando.kubernetes.client.KubernetesRestInterceptor invoke
INFO: Entering method updatePhase in class org.entando.kubernetes.controller.support.client.EntandoResourceClient with EntandoCompositeApp: entando-k8s-composite-app-controller-carcpr17/my-app-carcpr17
Mar 26, 2021 5:00:49 PM okhttp3.mockwebserver.MockWebServer$3 processOneRequest
INFO: MockWebServer[60012] received request: POST /api/v1/namespaces/entando-k8s-composite-app-controller-carcpr17/events HTTP/1.1 and responded: HTTP/1.1 202 OK
Mar 26, 2021 5:00:49 PM okhttp3.mockwebserver.MockWebServer$3 processOneRequest
INFO: MockWebServer[60012] received request: GET /apis/entando.org/v1/namespaces/entando-k8s-composite-app-controller-carcpr17/entandocompositeapps/my-app-carcpr17 HTTP/1.1 and responded: HTTP/1.1 200 OK
Mar 26, 2021 5:00:49 PM okhttp3.mockwebserver.MockWebServer$3 processOneRequest
INFO: MockWebServer[60012] received request: PUT /apis/entando.org/v1/namespaces/entando-k8s-composite-app-controller-carcpr17/entandocompositeapps/my-app-carcpr17/status HTTP/1.1 and responded: HTTP/1.1 202 OK
Mar 26, 2021 5:00:49 PM org.entando.kubernetes.client.KubernetesRestInterceptor invoke
INFO: Exiting method updatePhase in class org.entando.kubernetes.controller.support.client.EntandoResourceClient
Mar 26, 2021 5:00:49 PM org.entando.kubernetes.client.KubernetesRestInterceptor invoke
INFO: Entering method loadDockerImageInfoConfigMap in class org.entando.kubernetes.controller.support.client.EntandoResourceClient
Mar 26, 2021 5:00:49 PM okhttp3.mockwebserver.MockWebServer$3 processOneRequest
INFO: MockWebServer[60012] received request: GET /api/v1/namespaces/entando/configmaps/entando-docker-image-info-v6.3 HTTP/1.1 and responded: HTTP/1.1 200 OK
Mar 26, 2021 5:00:49 PM org.entando.kubernetes.client.KubernetesRestInterceptor invoke
INFO: Exiting method loadDockerImageInfoConfigMap in class org.entando.kubernetes.controller.support.client.EntandoResourceClient
Mar 26, 2021 5:00:49 PM org.entando.kubernetes.client.KubernetesRestInterceptor invoke
INFO: Entering method createOrPatchEntandoResource in class org.entando.kubernetes.controller.support.client.EntandoResourceClient with EntandoKeycloakServer: entando-k8s-composite-app-controller-carcpr17/test-keycloak-carcpr17
Mar 26, 2021 5:00:49 PM okhttp3.mockwebserver.MockWebServer$3 processOneRequest
INFO: MockWebServer[60012] received request: GET /api/v1/namespaces/entando-k8s-composite-app-controller-carcpr17 HTTP/1.1 and responded: HTTP/1.1 404 Client Error
Mar 26, 2021 5:00:50 PM okhttp3.mockwebserver.MockWebServer$3 processOneRequest
INFO: MockWebServer[60012] received request: GET /apis/entando.org/v1/namespaces/default/entandokeycloakservers HTTP/1.1 and responded: HTTP/1.1 200 OK
Mar 26, 2021 5:00:50 PM okhttp3.mockwebserver.MockWebServer$3 processOneRequest
INFO: MockWebServer[60012] received request: GET /api/v1/namespaces/entando-k8s-composite-app-controller-carcpr17 HTTP/1.1 and responded: HTTP/1.1 404 Client Error
Mar 26, 2021 5:00:50 PM okhttp3.mockwebserver.MockWebServer$3 processOneRequest
INFO: MockWebServer[60012] received request: GET /apis/entando.org/v1/namespaces/default/entandokeycloakservers HTTP/1.1 and responded: HTTP/1.1 200 OK
Mar 26, 2021 5:00:50 PM okhttp3.mockwebserver.MockWebServer$3 processOneRequest
INFO: MockWebServer[60012] received request: GET /apis/entando.org/v1/namespaces/entando-k8s-composite-app-controller-carcpr17/entandokeycloakservers/test-keycloak-carcpr17 HTTP/1.1 and responded: HTTP/1.1 404 Client Error
Mar 26, 2021 5:00:50 PM okhttp3.mockwebserver.MockWebServer$3 processOneRequest
INFO: MockWebServer[60012] received request: POST /apis/entando.org/v1/namespaces/entando-k8s-composite-app-controller-carcpr17/entandokeycloakservers HTTP/1.1 and responded: HTTP/1.1 202 OK
Mar 26, 2021 5:00:50 PM org.entando.kubernetes.client.KubernetesRestInterceptor invoke
INFO: Exiting method createOrPatchEntandoResource in class org.entando.kubernetes.controller.support.client.EntandoResourceClient
Mar 26, 2021 5:00:50 PM org.entando.kubernetes.client.KubernetesRestInterceptor invoke
INFO: Entering method removeAndWait in class org.entando.kubernetes.controller.support.client.PodClient with entando-k8s-composite-app-controller-carcpr17,{EntandoResourceKind=EntandoKeycloakServer, EntandoResourceNamespace=entando-k8s-composite-app-controller-carcpr17, EntandoKeycloakServer=test-keycloak-carcpr17}
Mar 26, 2021 5:00:50 PM okhttp3.mockwebserver.MockWebServer$3 processOneRequest
INFO: MockWebServer[60012] received request: GET /api/v1/namespaces/entando-k8s-composite-app-controller-carcpr17/pods?labelSelector=EntandoResourceNamespace%3Dentando-k8s-composite-app-controller-carcpr17%2CEntandoResourceKind%3DEntandoKeycloakServer%2CEntandoKeycloakServer%3Dtest-keycloak-carcpr17 HTTP/1.1 and responded: HTTP/1.1 200 OK
Mar 26, 2021 5:00:50 PM org.entando.kubernetes.client.KubernetesRestInterceptor invoke
INFO: Entering method getPodWatcherQueue in class org.entando.kubernetes.controller.support.client.PodWaitingClient
Mar 26, 2021 5:00:50 PM org.entando.kubernetes.client.KubernetesRestInterceptor invoke
INFO: Exiting method getPodWatcherQueue in class org.entando.kubernetes.controller.support.client.PodWaitingClient
Mar 26, 2021 5:00:50 PM okhttp3.mockwebserver.MockWebServer$3 processOneRequest
INFO: MockWebServer[60012] received request: GET /api/v1/namespaces/entando-k8s-composite-app-controller-carcpr17/pods?labelSelector=EntandoResourceNamespace%3Dentando-k8s-composite-app-controller-carcpr17%2CEntandoResourceKind%3DEntandoKeycloakServer%2CEntandoKeycloakServer%3Dtest-keycloak-carcpr17&watch=**** HTTP/1.1 and responded: HTTP/1.1 200 OK
Mar 26, 2021 5:00:50 PM okhttp3.mockwebserver.MockWebServer$3 processOneRequest
INFO: MockWebServer[60012] received request: GET /api/v1/namespaces/entando-k8s-composite-app-controller-carcpr17/pods?labelSelector=EntandoResourceNamespace%3Dentando-k8s-composite-app-controller-carcpr17%2CEntandoResourceKind%3DEntandoKeycloakServer%2CEntandoKeycloakServer%3Dtest-keycloak-carcpr17 HTTP/1.1 and responded: HTTP/1.1 200 OK
Mar 26, 2021 5:00:50 PM okhttp3.mockwebserver.MockWebServer$3 processOneRequest
INFO: MockWebServer[60012] received request: GET /api/v1/namespaces/entando-k8s-composite-app-controller-carcpr17/pods?labelSelector=EntandoResourceNamespace%3Dentando-k8s-composite-app-controller-carcpr17%2CEntandoResourceKind%3DEntandoKeycloakServer%2CEntandoKeycloakServer%3Dtest-keycloak-carcpr17&watch=**** HTTP/1.1 and responded: HTTP/1.1 200 OK
Mar 26, 2021 5:00:50 PM io.fabric8.kubernetes.client.dsl.internal.WatchHTTPManager$1 onResponse
INFO: Watch terminated unexpectedly. reason: \n not found: limit=46 content=7b2261706956657273696f6e223a227631222c226b696e64223a224c69737422â€¦
Mar 26, 2021 5:00:50 PM okhttp3.mockwebserver.MockWebServer$3 processOneRequest
INFO: MockWebServer[60012] received request: GET /api/v1/namespaces/entando-k8s-composite-app-controller-carcpr17/pods?labelSelector=EntandoResourceNamespace%3Dentando-k8s-composite-app-controller-carcpr17%2CEntandoResourceKind%3DEntandoKeycloakServer%2CEntandoKeycloakServer%3Dtest-keycloak-carcpr17 HTTP/1.1 and responded: HTTP/1.1 200 OK
Mar 26, 2021 5:00:51 PM org.entando.kubernetes.client.KubernetesRestInterceptor invoke
INFO: Exiting method removeAndWait in class org.entando.kubernetes.controller.support.client.PodClient
Mar 26, 2021 5:00:51 PM org.entando.kubernetes.client.KubernetesRestInterceptor invoke
INFO: Entering method runToCompletion in class org.entando.kubernetes.controller.support.client.PodClient with Pod: entando-k8s-composite-app-controller-carcpr17/test-keycloak-carcpr17-deployer-3207
Mar 26, 2021 5:00:51 PM okhttp3.mockwebserver.MockWebServer$3 processOneRequest
INFO: MockWebServer[60012] received request: GET /api/v1/namespaces/entando-k8s-composite-app-controller-carcpr17/pods?labelSelector=EntandoResourceNamespace%3Dentando-k8s-composite-app-controller-carcpr17%2CEntandoResourceKind%3DEntandoKeycloakServer%2CEntandoKeycloakServer%3Dtest-keycloak-carcpr17&watch=**** HTTP/1.1 and responded: HTTP/1.1 200 OK
Mar 26, 2021 5:00:51 PM io.fabric8.kubernetes.client.dsl.internal.WatchHTTPManager$1 onResponse
INFO: Watch terminated unexpectedly. reason: \n not found: limit=46 content=7b2261706956657273696f6e223a227631222c226b696e64223a224c69737422â€¦
Mar 26, 2021 5:00:51 PM io.fabric8.kubernetes.client.dsl.internal.WatchHTTPManager scheduleReconnect
WARN: Ignoring error for already closed/closing connection
Mar 26, 2021 5:00:51 PM org.entando.kubernetes.client.KubernetesRestInterceptor invoke
INFO: Entering method loadPod in class org.entando.kubernetes.controller.support.client.PodClient with entando-k8s-composite-app-controller-carcpr17,[Ljava.lang.String;@1e0ec4a2
Mar 26, 2021 5:00:51 PM okhttp3.mockwebserver.MockWebServer$3 processOneRequest
INFO: MockWebServer[60012] received request: POST /api/v1/namespaces/entando-k8s-composite-app-controller-carcpr17/pods HTTP/1.1 and responded: HTTP/1.1 202 OK
Mar 26, 2021 5:00:51 PM okhttp3.mockwebserver.MockWebServer$3 processOneRequest
INFO: MockWebServer[60012] received request: GET /api/v1/namespaces/entando-k8s-composite-app-controller-carcpr17/pods?fieldSelector=metadata.name%3Dtest-keycloak-carcpr17-deployer-3207&watch=**** HTTP/1.1 and responded: HTTP/1.1 200 OK
Mar 26, 2021 5:00:51 PM okhttp3.mockwebserver.MockWebServer$3 processOneRequest
INFO: MockWebServer[60012] received request: GET /api/v1/namespaces/entando-k8s-composite-app-controller-carcpr17/pods?labelSelector=EntandoKeycloakServer%3Dtest-keycloak-carcpr17 HTTP/1.1 and responded: HTTP/1.1 200 OK
Mar 26, 2021 5:00:51 PM org.entando.kubernetes.client.KubernetesRestInterceptor invoke
INFO: Exiting method loadPod in class org.entando.kubernetes.controller.support.client.PodClient
Mar 26, 2021 5:00:51 PM okhttp3.mockwebserver.MockWebServer$3 processOneRequest
INFO: MockWebServer[60012] received request: GET /api/v1/namespaces/entando-k8s-composite-app-controller-carcpr17/pods?fieldSelector=metadata.name%3Dtest-keycloak-carcpr17-deployer-3207&watch=**** HTTP/1.1 and responded: HTTP/1.1 200 OK
Mar 26, 2021 5:00:51 PM okhttp3.mockwebserver.MockWebServer$3 processOneRequest
INFO: MockWebServer[60012] received request: GET /api/v1/namespaces/entando-k8s-composite-app-controller-carcpr17/pods/test-keycloak-carcpr17-deployer-3207 HTTP/1.1 and responded: HTTP/1.1 200 OK
Mar 26, 2021 5:00:51 PM io.fabric8.kubernetes.client.dsl.internal.WatchHTTPManager$1 onResponse
INFO: Watch terminated unexpectedly. reason: \n not found: limit=2453 content=7b2261706956657273696f6e223a227631222c226b696e64223a224c69737422â€¦
Mar 26, 2021 5:00:51 PM okhttp3.mockwebserver.MockWebServer$3 processOneRequest
INFO: MockWebServer[60012] received request: PATCH /api/v1/namespaces/entando-k8s-composite-app-controller-carcpr17/pods/test-keycloak-carcpr17-deployer-3207 HTTP/1.1 and responded: HTTP/1.1 202 OK
Mar 26, 2021 5:00:51 PM org.entando.kubernetes.client.KubernetesRestInterceptor invoke
INFO: Entering method getPodWatcherQueue in class org.entando.kubernetes.controller.support.client.PodWaitingClient
Mar 26, 2021 5:00:51 PM org.entando.kubernetes.client.KubernetesRestInterceptor invoke
INFO: Exiting method getPodWatcherQueue in class org.entando.kubernetes.controller.support.client.PodWaitingClient
Mar 26, 2021 5:00:52 PM org.entando.kubernetes.client.KubernetesRestInterceptor invoke
INFO: Exiting method runToCompletion in class org.entando.kubernetes.controller.support.client.PodClient
Mar 26, 2021 5:00:52 PM org.entando.kubernetes.client.KubernetesRestInterceptor invoke
INFO: Entering method updateStatus in class org.entando.kubernetes.controller.support.client.EntandoResourceClient with EntandoCompositeApp: entando-k8s-composite-app-controller-carcpr17/my-app-carcpr17
Mar 26, 2021 5:00:52 PM okhttp3.mockwebserver.MockWebServer$3 processOneRequest
INFO: MockWebServer[60012] received request: GET /api/v1/namespaces/entando-k8s-composite-app-controller-carcpr17/pods?fieldSelector=metadata.name%3Dtest-keycloak-carcpr17-deployer-3207&watch=**** HTTP/1.1 and responded: HTTP/1.1 200 OK
Mar 26, 2021 5:00:52 PM okhttp3.mockwebserver.MockWebServer$3 processOneRequest
INFO: MockWebServer[60012] received request: POST /api/v1/namespaces/entando-k8s-composite-app-controller-carcpr17/events HTTP/1.1 and responded: HTTP/1.1 202 OK
Mar 26, 2021 5:00:52 PM io.fabric8.kubernetes.client.dsl.internal.WatchHTTPManager$1 onResponse
INFO: Watch terminated unexpectedly. reason: \n not found: limit=2637 content=7b2261706956657273696f6e223a227631222c226b696e64223a224c69737422â€¦
Mar 26, 2021 5:00:52 PM io.fabric8.kubernetes.client.dsl.internal.WatchHTTPManager scheduleReconnect
WARN: Ignoring error for already closed/closing connection
Mar 26, 2021 5:00:52 PM okhttp3.mockwebserver.MockWebServer$3 processOneRequest
INFO: MockWebServer[60012] received request: GET /apis/entando.org/v1/namespaces/entando-k8s-composite-app-controller-carcpr17/entandocompositeapps/my-app-carcpr17 HTTP/1.1 and responded: HTTP/1.1 200 OK
Mar 26, 2021 5:00:53 PM okhttp3.mockwebserver.MockWebServer$3 processOneRequest
INFO: MockWebServer[60012] received request: PUT /apis/entando.org/v1/namespaces/entando-k8s-composite-app-controller-carcpr17/entandocompositeapps/my-app-carcpr17/status HTTP/1.1 and responded: HTTP/1.1 202 OK
Mar 26, 2021 5:00:53 PM org.entando.kubernetes.client.KubernetesRestInterceptor invoke
INFO: Exiting method updateStatus in class org.entando.kubernetes.controller.support.client.EntandoResourceClient
Mar 26, 2021 5:00:53 PM org.entando.kubernetes.client.KubernetesRestInterceptor invoke
INFO: Entering method load in class org.entando.kubernetes.controller.support.client.EntandoResourceClient with class org.entando.kubernetes.model.plugin.EntandoPlugin,entando-k8s-composite-app-controller-carcpr17,test-plugin-carcpr17
Mar 26, 2021 5:00:53 PM okhttp3.mockwebserver.MockWebServer$3 processOneRequest
INFO: MockWebServer[60012] received request: GET /apis/entando.org/v1/namespaces/entando-k8s-composite-app-controller-carcpr17/entandoplugins/test-plugin-carcpr17 HTTP/1.1 and responded: HTTP/1.1 200 OK
Mar 26, 2021 5:00:53 PM org.entando.kubernetes.client.KubernetesRestInterceptor invoke
INFO: Exiting method load in class org.entando.kubernetes.controller.support.client.EntandoResourceClient
Mar 26, 2021 5:00:53 PM org.entando.kubernetes.client.KubernetesRestInterceptor invoke
INFO: Entering method createOrPatchEntandoResource in class org.entando.kubernetes.controller.support.client.EntandoResourceClient with EntandoPlugin: entando-k8s-composite-app-controller-carcpr17/test-plugin-carcpr17
Mar 26, 2021 5:00:53 PM okhttp3.mockwebserver.MockWebServer$3 processOneRequest
INFO: MockWebServer[60012] received request: GET /apis/entando.org/v1/namespaces/entando-k8s-composite-app-controller-carcpr17/entandoplugins/test-plugin-carcpr17 HTTP/1.1 and responded: HTTP/1.1 200 OK
Mar 26, 2021 5:00:53 PM okhttp3.mockwebserver.MockWebServer$3 processOneRequest
INFO: MockWebServer[60012] received request: GET /apis/entando.org/v1/namespaces/entando-k8s-composite-app-controller-carcpr17/entandoplugins/test-plugin-carcpr17 HTTP/1.1 and responded: HTTP/1.1 200 OK
Mar 26, 2021 5:00:53 PM okhttp3.mockwebserver.MockWebServer$3 processOneRequest
INFO: MockWebServer[60012] received request: PATCH /apis/entando.org/v1/namespaces/entando-k8s-composite-app-controller-carcpr17/entandoplugins/test-plugin-carcpr17 HTTP/1.1 and responded: HTTP/1.1 202 OK
Mar 26, 2021 5:00:53 PM org.entando.kubernetes.client.KubernetesRestInterceptor invoke
INFO: Exiting method createOrPatchEntandoResource in class org.entando.kubernetes.controller.support.client.EntandoResourceClient
Mar 26, 2021 5:00:53 PM org.entando.kubernetes.client.KubernetesRestInterceptor invoke
INFO: Entering method removeAndWait in class org.entando.kubernetes.controller.support.client.PodClient with entando-k8s-composite-app-controller-carcpr17,{EntandoResourceKind=EntandoPlugin, EntandoResourceNamespace=entando-k8s-composite-app-controller-carcpr17, EntandoPlugin=test-plugin-carcpr17}
Mar 26, 2021 5:00:53 PM okhttp3.mockwebserver.MockWebServer$3 processOneRequest
INFO: MockWebServer[60012] received request: GET /api/v1/namespaces/entando-k8s-composite-app-controller-carcpr17/pods?labelSelector=EntandoPlugin%3Dtest-plugin-carcpr17%2CEntandoResourceNamespace%3Dentando-k8s-composite-app-controller-carcpr17%2CEntandoResourceKind%3DEntandoPlugin HTTP/1.1 and responded: HTTP/1.1 200 OK
Mar 26, 2021 5:00:53 PM org.entando.kubernetes.client.KubernetesRestInterceptor invoke
INFO: Entering method getPodWatcherQueue in class org.entando.kubernetes.controller.support.client.PodWaitingClient
Mar 26, 2021 5:00:53 PM org.entando.kubernetes.client.KubernetesRestInterceptor invoke
INFO: Exiting method getPodWatcherQueue in class org.entando.kubernetes.controller.support.client.PodWaitingClient
Mar 26, 2021 5:00:53 PM okhttp3.mockwebserver.MockWebServer$3 processOneRequest
INFO: MockWebServer[60012] received request: GET /api/v1/namespaces/entando-k8s-composite-app-controller-carcpr17/pods?labelSelector=EntandoPlugin%3Dtest-plugin-carcpr17%2CEntandoResourceNamespace%3Dentando-k8s-composite-app-controller-carcpr17%2CEntandoResourceKind%3DEntandoPlugin&watch=**** HTTP/1.1 and responded: HTTP/1.1 200 OK
Mar 26, 2021 5:00:53 PM okhttp3.mockwebserver.MockWebServer$3 processOneRequest
INFO: MockWebServer[60012] received request: GET /api/v1/namespaces/entando-k8s-composite-app-controller-carcpr17/pods?labelSelector=EntandoPlugin%3Dtest-plugin-carcpr17%2CEntandoResourceNamespace%3Dentando-k8s-composite-app-controller-carcpr17%2CEntandoResourceKind%3DEntandoPlugin&watch=**** HTTP/1.1 and responded: HTTP/1.1 200 OK
Mar 26, 2021 5:00:53 PM okhttp3.mockwebserver.MockWebServer$3 processOneRequest
INFO: MockWebServer[60012] received request: GET /api/v1/namespaces/entando-k8s-composite-app-controller-carcpr17/pods?labelSelector=EntandoPlugin%3Dtest-plugin-carcpr17%2CEntandoResourceNamespace%3Dentando-k8s-composite-app-controller-carcpr17%2CEntandoResourceKind%3DEntandoPlugin HTTP/1.1 and responded: HTTP/1.1 200 OK
Mar 26, 2021 5:00:53 PM io.fabric8.kubernetes.client.dsl.internal.WatchHTTPManager$1 onResponse
INFO: Watch terminated unexpectedly. reason: \n not found: limit=46 content=7b2261706956657273696f6e223a227631222c226b696e64223a224c69737422â€¦
Mar 26, 2021 5:00:53 PM okhttp3.mockwebserver.MockWebServer$3 processOneRequest
INFO: MockWebServer[60012] received request: GET /api/v1/namespaces/entando-k8s-composite-app-controller-carcpr17/pods?labelSelector=EntandoPlugin%3Dtest-plugin-carcpr17%2CEntandoResourceNamespace%3Dentando-k8s-composite-app-controller-carcpr17%2CEntandoResourceKind%3DEntandoPlugin HTTP/1.1 and responded: HTTP/1.1 200 OK
Mar 26, 2021 5:00:54 PM org.entando.kubernetes.client.KubernetesRestInterceptor invoke
INFO: Exiting method removeAndWait in class org.entando.kubernetes.controller.support.client.PodClient
Mar 26, 2021 5:00:54 PM org.entando.kubernetes.client.KubernetesRestInterceptor invoke
INFO: Entering method runToCompletion in class org.entando.kubernetes.controller.support.client.PodClient with Pod: entando-k8s-composite-app-controller-carcpr17/test-plugin-carcpr17-deployer-3000
Mar 26, 2021 5:00:54 PM okhttp3.mockwebserver.MockWebServer$3 processOneRequest
INFO: MockWebServer[60012] received request: GET /api/v1/namespaces/entando-k8s-composite-app-controller-carcpr17/pods?labelSelector=EntandoPlugin%3Dtest-plugin-carcpr17%2CEntandoResourceNamespace%3Dentando-k8s-composite-app-controller-carcpr17%2CEntandoResourceKind%3DEntandoPlugin&watch=**** HTTP/1.1 and responded: HTTP/1.1 200 OK
Mar 26, 2021 5:00:54 PM io.fabric8.kubernetes.client.dsl.internal.WatchHTTPManager$1 onResponse
INFO: Watch terminated unexpectedly. reason: \n not found: limit=46 content=7b2261706956657273696f6e223a227631222c226b696e64223a224c69737422â€¦
Mar 26, 2021 5:00:54 PM io.fabric8.kubernetes.client.dsl.internal.WatchHTTPManager scheduleReconnect
WARN: Ignoring error for already closed/closing connection
Mar 26, 2021 5:00:54 PM okhttp3.mockwebserver.MockWebServer$3 processOneRequest
INFO: MockWebServer[60012] received request: POST /api/v1/namespaces/entando-k8s-composite-app-controller-carcpr17/pods HTTP/1.1 and responded: HTTP/1.1 202 OK
Mar 26, 2021 5:00:54 PM org.entando.kubernetes.client.KubernetesRestInterceptor invoke
INFO: Entering method loadPod in class org.entando.kubernetes.controller.support.client.PodClient with entando-k8s-composite-app-controller-carcpr17,[Ljava.lang.String;@10c93913
Mar 26, 2021 5:00:54 PM okhttp3.mockwebserver.MockWebServer$3 processOneRequest
INFO: MockWebServer[60012] received request: GET /api/v1/namespaces/entando-k8s-composite-app-controller-carcpr17/pods?fieldSelector=metadata.name%3Dtest-plugin-carcpr17-deployer-3000&watch=**** HTTP/1.1 and responded: HTTP/1.1 200 OK
Mar 26, 2021 5:00:54 PM okhttp3.mockwebserver.MockWebServer$3 processOneRequest
INFO: MockWebServer[60012] received request: GET /api/v1/namespaces/entando-k8s-composite-app-controller-carcpr17/pods?labelSelector=EntandoPlugin%3Dtest-plugin-carcpr17 HTTP/1.1 and responded: HTTP/1.1 200 OK
Mar 26, 2021 5:00:54 PM org.entando.kubernetes.client.KubernetesRestInterceptor invoke
INFO: Exiting method loadPod in class org.entando.kubernetes.controller.support.client.PodClient
Mar 26, 2021 5:00:54 PM org.entando.kubernetes.client.KubernetesRestInterceptor invoke
INFO: Exiting method runToCompletion in class org.entando.kubernetes.controller.support.client.PodClient
Mar 26, 2021 5:00:54 PM org.entando.kubernetes.client.KubernetesRestInterceptor invoke
INFO: Entering method updateStatus in class org.entando.kubernetes.controller.support.client.EntandoResourceClient with EntandoCompositeApp: entando-k8s-composite-app-controller-carcpr17/my-app-carcpr17
Mar 26, 2021 5:00:54 PM okhttp3.mockwebserver.MockWebServer$3 processOneRequest
INFO: MockWebServer[60012] received request: GET /api/v1/namespaces/entando-k8s-composite-app-controller-carcpr17/pods?fieldSelector=metadata.name%3Dtest-plugin-carcpr17-deployer-3000&watch=**** HTTP/1.1 and responded: HTTP/1.1 200 OK
Mar 26, 2021 5:00:54 PM okhttp3.mockwebserver.MockWebServer$3 processOneRequest
INFO: MockWebServer[60012] received request: POST /api/v1/namespaces/entando-k8s-composite-app-controller-carcpr17/events HTTP/1.1 and responded: HTTP/1.1 202 OK
Mar 26, 2021 5:00:54 PM io.fabric8.kubernetes.client.dsl.internal.WatchHTTPManager$1 onResponse
INFO: Watch terminated unexpectedly. reason: \n not found: limit=5021 content=7b2261706956657273696f6e223a227631222c226b696e64223a224c69737422â€¦
Mar 26, 2021 5:00:54 PM io.fabric8.kubernetes.client.dsl.internal.WatchHTTPManager scheduleReconnect
WARN: Ignoring error for already closed/closing connection
Mar 26, 2021 5:00:55 PM okhttp3.mockwebserver.MockWebServer$3 processOneRequest
INFO: MockWebServer[60012] received request: GET /apis/entando.org/v1/namespaces/entando-k8s-composite-app-controller-carcpr17/entandocompositeapps/my-app-carcpr17 HTTP/1.1 and responded: HTTP/1.1 200 OK
Mar 26, 2021 5:00:55 PM okhttp3.mockwebserver.MockWebServer$3 processOneRequest
INFO: MockWebServer[60012] received request: PUT /apis/entando.org/v1/namespaces/entando-k8s-composite-app-controller-carcpr17/entandocompositeapps/my-app-carcpr17/status HTTP/1.1 and responded: HTTP/1.1 202 OK
Mar 26, 2021 5:00:55 PM org.entando.kubernetes.client.KubernetesRestInterceptor invoke
INFO: Exiting method updateStatus in class org.entando.kubernetes.controller.support.client.EntandoResourceClient
Mar 26, 2021 5:00:55 PM org.entando.kubernetes.compositeapp.controller.EntandoCompositeAppController logFailure
SEVERE: Unexpected exception occurred while adding EntandoPlugin entando-k8s-composite-app-controller-carcpr17/test-plugin-carcpr17
Mar 26, 2021 5:00:55 PM org.entando.kubernetes.controller.support.controller.AbstractDbAwareController performSync
SEVERE: Unexpected exception occurred while adding EntandoCompositeApp entando-k8s-composite-app-controller-carcpr17/my-app-carcpr17
org.entando.kubernetes.controller.support.controller.EntandoControllerException: Unexpected exception occurred while adding EntandoPlugin entando-k8s-composite-app-controller-carcpr17/test-plugin-carcpr17
	at org.entando.kubernetes.compositeapp.controller.EntandoCompositeAppController.synchronizeDeploymentState(EntandoCompositeAppController.java:95)
	at org.entando.kubernetes.compositeapp.controller.EntandoCompositeAppController.synchronizeDeploymentState(EntandoCompositeAppController.java:56)
	at org.entando.kubernetes.controller.support.controller.AbstractDbAwareController.performSync(AbstractDbAwareController.java:158)
	at org.entando.kubernetes.controller.support.controller.AbstractDbAwareController.processCommand(AbstractDbAwareController.java:130)
	at org.entando.kubernetes.compositeapp.controller.EntandoCompositeAppController.onStartup(EntandoCompositeAppController.java:80)
	at org.entando.kubernetes.compositeapp.controller.inprocesstests.CompositeAppControllerMockedTest.startController(CompositeAppControllerMockedTest.java:179)
	at org.entando.kubernetes.compositeapp.controller.inprocesstests.CompositeAppControllerMockedTest.performCreate(CompositeAppControllerMockedTest.java:103)
	at org.entando.kubernetes.compositeapp.controller.AbstractCompositeAppControllerTest.testE**cuteControllerPod(AbstractCompositeAppControllerTest.java:134)
	at org.entando.kubernetes.compositeapp.controller.inprocesstests.CompositeAppControllerMockedTest.testFailure(CompositeAppControllerMockedTest.java:128)
	at java.base/jdk.internal.reflect.NativeMethodAccessorImpl.invoke0(Native Method)
	at java.base/jdk.internal.reflect.NativeMethodAccessorImpl.invoke(NativeMethodAccessorImpl.java:62)
	at java.base/jdk.internal.reflect.DelegatingMethodAccessorImpl.invoke(DelegatingMethodAccessorImpl.java:43)
	at java.base/java.lang.reflect.Method.invoke(Method.java:566)
	at org.junit.platform.commons.util.ReflectionUtils.invokeMethod(ReflectionUtils.java:688)
	at org.junit.jupiter.engine.e**cution.MethodInvocation.proceed(MethodInvocation.java:60)
	at org.junit.jupiter.engine.e**cution.InvocationInterceptorChain$ValidatingInvocation.proceed(InvocationInterceptorChain.java:131)
	at org.junit.jupiter.engine.extension.TimeoutExtension.intercept(TimeoutExtension.java:149)
	at org.junit.jupiter.engine.extension.TimeoutExtension.interceptTestableMethod(TimeoutExtension.java:140)
	at org.junit.jupiter.engine.extension.TimeoutExtension.interceptTestMethod(TimeoutExtension.java:84)
	at org.junit.jupiter.engine.e**cution.E**cutableInvoker$ReflectiveInterceptorCall.lambda$ofVoidMethod$0(E**cutableInvoker.java:115)
	at org.junit.jupiter.engine.e**cution.E**cutableInvoker.lambda$invoke$0(E**cutableInvoker.java:105)
	at org.junit.jupiter.engine.e**cution.InvocationInterceptorChain$InterceptedInvocation.proceed(InvocationInterceptorChain.java:106)
	at org.junit.jupiter.engine.e**cution.InvocationInterceptorChain.proceed(InvocationInterceptorChain.java:64)
	at org.junit.jupiter.engine.e**cution.InvocationInterceptorChain.chainAndInvoke(InvocationInterceptorChain.java:45)
	at org.junit.jupiter.engine.e**cution.InvocationInterceptorChain.invoke(InvocationInterceptorChain.java:37)
	at org.junit.jupiter.engine.e**cution.E**cutableInvoker.invoke(E**cutableInvoker.java:104)
	at org.junit.jupiter.engine.e**cution.E**cutableInvoker.invoke(E**cutableInvoker.java:98)
	at org.junit.jupiter.engine.descriptor.TestMethodTestDescriptor.lambda$invokeTestMethod$6(TestMethodTestDescriptor.java:210)
	at org.junit.platform.engine.support.hierarchical.ThrowableCollector.e**cute(ThrowableCollector.java:73)
	at org.junit.jupiter.engine.descriptor.TestMethodTestDescriptor.invokeTestMethod(TestMethodTestDescriptor.java:206)
	at org.junit.jupiter.engine.descriptor.TestMethodTestDescriptor.e**cute(TestMethodTestDescriptor.java:131)
	at org.junit.jupiter.engine.descriptor.TestMethodTestDescriptor.e**cute(TestMethodTestDescriptor.java:65)
	at org.junit.platform.engine.support.hierarchical.NodeTestTask.lambda$e**cuteRecursively$5(NodeTestTask.java:139)
	at org.junit.platform.engine.support.hierarchical.ThrowableCollector.e**cute(ThrowableCollector.java:73)
	at org.junit.platform.engine.support.hierarchical.NodeTestTask.lambda$e**cuteRecursively$7(NodeTestTask.java:129)
	at org.junit.platform.engine.support.hierarchical.Node.around(Node.java:137)
	at org.junit.platform.engine.support.hierarchical.NodeTestTask.lambda$e**cuteRecursively$8(NodeTestTask.java:127)
	at org.junit.platform.engine.support.hierarchical.ThrowableCollector.e**cute(ThrowableCollector.java:73)
	at org.junit.platform.engine.support.hierarchical.NodeTestTask.e**cuteRecursively(NodeTestTask.java:126)
	at org.junit.platform.engine.support.hierarchical.NodeTestTask.e**cute(NodeTestTask.java:84)
	at java.base/java.util.ArrayList.forEach(ArrayList.java:1540)
	at org.junit.platform.engine.support.hierarchical.SameThreadHierarchicalTestE**cutorService.invokeAll(SameThreadHierarchicalTestE**cutorService.java:38)
	at org.junit.platform.engine.support.hierarchical.NodeTestTask.lambda$e**cuteRecursively$5(NodeTestTask.java:143)
	at org.junit.platform.engine.support.hierarchical.ThrowableCollector.e**cute(ThrowableCollector.java:73)
	at org.junit.platform.engine.support.hierarchical.NodeTestTask.lambda$e**cuteRecursively$7(NodeTestTask.java:129)
	at org.junit.platform.engine.support.hierarchical.Node.around(Node.java:137)
	at org.junit.platform.engine.support.hierarchical.NodeTestTask.lambda$e**cuteRecursively$8(NodeTestTask.java:127)
	at org.junit.platform.engine.support.hierarchical.ThrowableCollector.e**cute(ThrowableCollector.java:73)
	at org.junit.platform.engine.support.hierarchical.NodeTestTask.e**cuteRecursively(NodeTestTask.java:126)
	at org.junit.platform.engine.support.hierarchical.NodeTestTask.e**cute(NodeTestTask.java:84)
	at java.base/java.util.ArrayList.forEach(ArrayList.java:1540)
	at org.junit.platform.engine.support.hierarchical.SameThreadHierarchicalTestE**cutorService.invokeAll(SameThreadHierarchicalTestE**cutorService.java:38)
	at org.junit.platform.engine.support.hierarchical.NodeTestTask.lambda$e**cuteRecursively$5(NodeTestTask.java:143)
	at org.junit.platform.engine.support.hierarchical.ThrowableCollector.e**cute(ThrowableCollector.java:73)
	at org.junit.platform.engine.support.hierarchical.NodeTestTask.lambda$e**cuteRecursively$7(NodeTestTask.java:129)
	at org.junit.platform.engine.support.hierarchical.Node.around(Node.java:137)
	at org.junit.platform.engine.support.hierarchical.NodeTestTask.lambda$e**cuteRecursively$8(NodeTestTask.java:127)
	at org.junit.platform.engine.support.hierarchical.ThrowableCollector.e**cute(ThrowableCollector.java:73)
	at org.junit.platform.engine.support.hierarchical.NodeTestTask.e**cuteRecursively(NodeTestTask.java:126)
	at org.junit.platform.engine.support.hierarchical.NodeTestTask.e**cute(NodeTestTask.java:84)
	at org.junit.platform.engine.support.hierarchical.SameThreadHierarchicalTestE**cutorService.submit(SameThreadHierarchicalTestE**cutorService.java:32)
	at org.junit.platform.engine.support.hierarchical.HierarchicalTestE**cutor.e**cute(HierarchicalTestE**cutor.java:57)
	at org.junit.platform.engine.support.hierarchical.HierarchicalTestEngine.e**cute(HierarchicalTestEngine.java:51)
	at org.junit.platform.launcher.core.EngineE**cutionOrchestrator.e**cute(EngineE**cutionOrchestrator.java:108)
	at org.junit.platform.launcher.core.EngineE**cutionOrchestrator.e**cute(EngineE**cutionOrchestrator.java:88)
	at org.junit.platform.launcher.core.EngineE**cutionOrchestrator.lambda$e**cute$0(EngineE**cutionOrchestrator.java:54)
	at org.junit.platform.launcher.core.EngineE**cutionOrchestrator.withInterceptedStreams(EngineE**cutionOrchestrator.java:67)
	at org.junit.platform.launcher.core.EngineE**cutionOrchestrator.e**cute(EngineE**cutionOrchestrator.java:52)
	at org.junit.platform.launcher.core.DefaultLauncher.e**cute(DefaultLauncher.java:96)
	at org.junit.platform.launcher.core.DefaultLauncher.e**cute(DefaultLauncher.java:75)
	at org.apache.maven.surefire.junitplatform.JUnitPlatformProvider.invokeAllTests(JUnitPlatformProvider.java:142)
	at org.apache.maven.surefire.junitplatform.JUnitPlatformProvider.invoke(JUnitPlatformProvider.java:117)
	at org.apache.maven.surefire.booter.ForkedBooter.invokeProviderInSameClassLoader(ForkedBooter.java:384)
	at org.apache.maven.surefire.booter.ForkedBooter.runSuitesInProcess(ForkedBooter.java:345)
	at org.apache.maven.surefire.booter.ForkedBooter.e**cute(ForkedBooter.java:126)
	at org.apache.maven.surefire.booter.ForkedBooter.main(ForkedBooter.java:418)

Mar 26, 2021 5:00:55 PM org.entando.kubernetes.client.KubernetesRestInterceptor invoke
INFO: Entering method deploymentFailed in class org.entando.kubernetes.controller.support.client.EntandoResourceClient with EntandoCompositeApp: entando-k8s-composite-app-controller-carcpr17/my-app-carcpr17
Mar 26, 2021 5:00:55 PM okhttp3.mockwebserver.MockWebServer$3 processOneRequest
INFO: MockWebServer[60012] received request: POST /api/v1/namespaces/entando-k8s-composite-app-controller-carcpr17/events HTTP/1.1 and responded: HTTP/1.1 202 OK
Mar 26, 2021 5:00:55 PM okhttp3.mockwebserver.MockWebServer$3 processOneRequest
INFO: MockWebServer[60012] received request: GET /apis/entando.org/v1/namespaces/entando-k8s-composite-app-controller-carcpr17/entandocompositeapps/my-app-carcpr17 HTTP/1.1 and responded: HTTP/1.1 200 OK
Mar 26, 2021 5:00:55 PM okhttp3.mockwebserver.MockWebServer$3 processOneRequest
INFO: MockWebServer[60012] received request: PUT /apis/entando.org/v1/namespaces/entando-k8s-composite-app-controller-carcpr17/entandocompositeapps/my-app-carcpr17/status HTTP/1.1 and responded: HTTP/1.1 202 OK
Mar 26, 2021 5:00:55 PM org.entando.kubernetes.client.KubernetesRestInterceptor invoke
INFO: Exiting method deploymentFailed in class org.entando.kubernetes.controller.support.client.EntandoResourceClient
Mar 26, 2021 5:00:55 PM okhttp3.mockwebserver.MockWebServer$3 processOneRequest
INFO: MockWebServer[60012] received request: GET /api/v1/namespaces/entando-k8s-composite-app-controller-carcpr17/pods?labelSelector=EntandoResourceKind%3DEntandoKeycloakServer%2CEntandoKeycloakServer%3Dtest-keycloak-carcpr17 HTTP/1.1 and responded: HTTP/1.1 200 OK
Mar 26, 2021 5:00:55 PM okhttp3.mockwebserver.MockWebServer$3 processOneRequest
INFO: MockWebServer[60012] received request: GET /api/v1/namespaces/entando-k8s-composite-app-controller-carcpr17/pods?labelSelector=EntandoResourceKind%3DEntandoKeycloakServer%2CEntandoKeycloakServer%3Dtest-keycloak-carcpr17 HTTP/1.1 and responded: HTTP/1.1 200 OK
Mar 26, 2021 5:00:55 PM okhttp3.mockwebserver.MockWebServer$3 processOneRequest
INFO: MockWebServer[60012] received request: GET /api/v1/namespaces/entando-k8s-composite-app-controller-carcpr17 HTTP/1.1 and responded: HTTP/1.1 404 Client Error
Mar 26, 2021 5:00:55 PM okhttp3.mockwebserver.MockWebServer$3 processOneRequest
INFO: MockWebServer[60012] received request: GET /apis/entando.org/v1/namespaces/default/entandokeycloakservers HTTP/1.1 and responded: HTTP/1.1 200 OK
Mar 26, 2021 5:00:55 PM okhttp3.mockwebserver.MockWebServer$3 processOneRequest
INFO: MockWebServer[60012] received request: GET /api/v1/namespaces/entando-k8s-composite-app-controller-carcpr17 HTTP/1.1 and responded: HTTP/1.1 404 Client Error
Mar 26, 2021 5:00:55 PM okhttp3.mockwebserver.MockWebServer$3 processOneRequest
INFO: MockWebServer[60012] received request: GET /apis/entando.org/v1/namespaces/default/entandokeycloakservers HTTP/1.1 and responded: HTTP/1.1 200 OK
Mar 26, 2021 5:00:56 PM okhttp3.mockwebserver.MockWebServer$3 processOneRequest
INFO: MockWebServer[60012] received request: GET /apis/entando.org/v1/namespaces/entando-k8s-composite-app-controller-carcpr17/entandokeycloakservers/test-keycloak-carcpr17 HTTP/1.1 and responded: HTTP/1.1 200 OK
Mar 26, 2021 5:00:56 PM okhttp3.mockwebserver.MockWebServer$3 processOneRequest
INFO: MockWebServer[60012] received request: GET /api/v1/namespaces/entando-k8s-composite-app-controller-carcpr17 HTTP/1.1 and responded: HTTP/1.1 404 Client Error
Mar 26, 2021 5:00:56 PM okhttp3.mockwebserver.MockWebServer$3 processOneRequest
INFO: MockWebServer[60012] received request: GET /apis/entando.org/v1/namespaces/default/entandocompositeapps HTTP/1.1 and responded: HTTP/1.1 200 OK
Mar 26, 2021 5:00:56 PM okhttp3.mockwebserver.MockWebServer$3 processOneRequest
INFO: MockWebServer[60012] received request: GET /api/v1/namespaces/entando-k8s-composite-app-controller-carcpr17 HTTP/1.1 and responded: HTTP/1.1 404 Client Error
Mar 26, 2021 5:00:56 PM okhttp3.mockwebserver.MockWebServer$3 processOneRequest
INFO: MockWebServer[60012] received request: GET /apis/entando.org/v1/namespaces/default/entandocompositeapps HTTP/1.1 and responded: HTTP/1.1 200 OK
Mar 26, 2021 5:00:56 PM okhttp3.mockwebserver.MockWebServer$3 processOneRequest
INFO: MockWebServer[60012] received request: GET /apis/entando.org/v1/namespaces/entando-k8s-composite-app-controller-carcpr17/entandocompositeapps/my-app-carcpr17 HTTP/1.1 and responded: HTTP/1.1 200 OK
Mar 26, 2021 5:00:56 PM okhttp3.mockwebserver.MockWebServer$3 processOneRequest
INFO: MockWebServer[60012] received request: GET /api/v1/namespaces/entando-k8s-composite-app-controller-carcpr17/pods?labelSelector=EntandoPlugin%3Dtest-plugin-carcpr17%2CEntandoResourceKind%3DEntandoPlugin HTTP/1.1 and responded: HTTP/1.1 200 OK
Mar 26, 2021 5:00:56 PM okhttp3.mockwebserver.MockWebServer$3 processOneRequest
INFO: MockWebServer[60012] received request: GET /api/v1/namespaces/entando-k8s-composite-app-controller-carcpr17/pods?labelSelector=EntandoPlugin%3Dtest-plugin-carcpr17%2CEntandoResourceKind%3DEntandoPlugin HTTP/1.1 and responded: HTTP/1.1 200 OK
Mar 26, 2021 5:00:56 PM okhttp3.mockwebserver.MockWebServer$3 processOneRequest
INFO: MockWebServer[60012] received request: GET /api/v1/namespaces/entando-k8s-composite-app-controller-carcpr17 HTTP/1.1 and responded: HTTP/1.1 404 Client Error
Mar 26, 2021 5:00:56 PM okhttp3.mockwebserver.MockWebServer$3 processOneRequest
INFO: MockWebServer[60012] received request: GET /apis/entando.org/v1/namespaces/default/entandoplugins HTTP/1.1 and responded: HTTP/1.1 200 OK
Mar 26, 2021 5:00:57 PM okhttp3.mockwebserver.MockWebServer$3 processOneRequest
INFO: MockWebServer[60012] received request: GET /api/v1/namespaces/entando-k8s-composite-app-controller-carcpr17 HTTP/1.1 and responded: HTTP/1.1 404 Client Error
Mar 26, 2021 5:00:57 PM okhttp3.mockwebserver.MockWebServer$3 processOneRequest
INFO: MockWebServer[60012] received request: GET /apis/entando.org/v1/namespaces/default/entandoplugins HTTP/1.1 and responded: HTTP/1.1 200 OK
Mar 26, 2021 5:00:57 PM okhttp3.mockwebserver.MockWebServer$3 processOneRequest
INFO: MockWebServer[60012] received request: GET /apis/entando.org/v1/namespaces/entando-k8s-composite-app-controller-carcpr17/entandoplugins/test-plugin-carcpr17 HTTP/1.1 and responded: HTTP/1.1 200 OK
Mar 26, 2021 5:00:57 PM okhttp3.mockwebserver.MockWebServer$3 processOneRequest
INFO: MockWebServer[60012] received request: GET /apis/entando.org/v1/namespaces/entando-k8s-composite-app-controller-carcpr17/entandocompositeapps/my-app-carcpr17 HTTP/1.1 and responded: HTTP/1.1 200 OK
Mar 26, 2021 5:00:57 PM okhttp3.mockwebserver.MockWebServer$3 processOneRequest
INFO: MockWebServer[60012] received request: GET /apis/entando.org/v1/namespaces/entando-k8s-composite-app-controller-carcpr17/entandocompositeapps/my-app-carcpr17 HTTP/1.1 and responded: HTTP/1.1 200 OK
Mar 26, 2021 5:00:57 PM org.entando.kubernetes.client.KubernetesRestInterceptor invoke
INFO: Entering method load in class org.entando.kubernetes.controller.support.client.EntandoResourceClient with class org.entando.kubernetes.model.compositeapp.EntandoCompositeApp,entando-k8s-composite-app-controller-carcpr17,my-app-carcpr17
Mar 26, 2021 5:00:57 PM okhttp3.mockwebserver.MockWebServer$3 processOneRequest
INFO: MockWebServer[60012] received request: GET /apis/entando.org/v1/namespaces/entando-k8s-composite-app-controller-carcpr17/entandocompositeapps/my-app-carcpr17 HTTP/1.1 and responded: HTTP/1.1 200 OK
Mar 26, 2021 5:00:57 PM org.entando.kubernetes.client.KubernetesRestInterceptor invoke
INFO: Exiting method load in class org.entando.kubernetes.controller.support.client.EntandoResourceClient
Mar 26, 2021 5:00:57 PM okhttp3.mockwebserver.MockWebServer$3 processOneRequest
INFO: MockWebServer[60012] received request: GET /api/v1/namespaces/entando-k8s-composite-app-controller-carcpr17 HTTP/1.1 and responded: HTTP/1.1 404 Client Error
Mar 26, 2021 5:00:57 PM okhttp3.mockwebserver.MockWebServer$3 processOneRequest
INFO: MockWebServer[60012] received request: GET /apis/entando.org/v1/namespaces/default/entandocompositeapps HTTP/1.1 and responded: HTTP/1.1 200 OK
Mar 26, 2021 5:00:57 PM okhttp3.mockwebserver.MockWebServer$3 processOneRequest
INFO: MockWebServer[60012] received request: GET /api/v1/namespaces/entando-k8s-composite-app-controller-carcpr17 HTTP/1.1 and responded: HTTP/1.1 404 Client Error
Mar 26, 2021 5:00:58 PM okhttp3.mockwebserver.MockWebServer$3 processOneRequest
INFO: MockWebServer[60012] received request: GET /apis/entando.org/v1/namespaces/default/entandocompositeapps HTTP/1.1 and responded: HTTP/1.1 200 OK
Mar 26, 2021 5:00:58 PM okhttp3.mockwebserver.MockWebServer$3 processOneRequest
INFO: MockWebServer[60012] received request: GET /apis/entando.org/v1/namespaces/entando-k8s-composite-app-controller-carcpr17/entandocompositeapps/my-app-carcpr17 HTTP/1.1 and responded: HTTP/1.1 200 OK
Mar 26, 2021 5:00:58 PM org.entando.kubernetes.client.KubernetesRestInterceptor invoke
INFO: Entering method getPodWatcherQueue in class org.entando.kubernetes.controller.support.client.PodWaitingClient
Mar 26, 2021 5:00:58 PM org.entando.kubernetes.client.KubernetesRestInterceptor invoke
INFO: Exiting method getPodWatcherQueue in class org.entando.kubernetes.controller.support.client.PodWaitingClient
Mar 26, 2021 5:00:58 PM okhttp3.mockwebserver.MockWebServer$2 acceptConnections
INFO: MockWebServer[60012] done accepting connections: Socket closed
Mar 26, 2021 5:00:58 PM okhttp3.mockwebserver.MockWebServer$2 e**cute
INFO: MockWebServer[56002] starting to accept connections
Mar 26, 2021 5:00:58 PM okhttp3.mockwebserver.MockWebServer$3 processOneRequest
INFO: MockWebServer[56002] received request: GET /api/v1/namespaces/entando HTTP/1.1 and responded: HTTP/1.1 404 Client Error
Mar 26, 2021 5:00:58 PM okhttp3.mockwebserver.MockWebServer$3 processOneRequest
INFO: MockWebServer[56002] received request: POST /api/v1/namespaces HTTP/1.1 and responded: HTTP/1.1 202 OK
Mar 26, 2021 5:00:58 PM org.entando.kubernetes.client.KubernetesRestInterceptor invoke
INFO: Entering method loadDockerImageInfoConfigMap in class org.entando.kubernetes.controller.support.client.EntandoResourceClient
Mar 26, 2021 5:00:58 PM okhttp3.mockwebserver.MockWebServer$3 processOneRequest
INFO: MockWebServer[56002] received request: GET /api/v1/namespaces/entando/configmaps/entando-docker-image-info-v6.3 HTTP/1.1 and responded: HTTP/1.1 404 Client Error
Mar 26, 2021 5:00:58 PM org.entando.kubernetes.client.KubernetesRestInterceptor invoke
INFO: Exiting method loadDockerImageInfoConfigMap in class org.entando.kubernetes.controller.support.client.EntandoResourceClient
Mar 26, 2021 5:00:58 PM okhttp3.mockwebserver.MockWebServer$3 processOneRequest
INFO: MockWebServer[56002] received request: GET /api/v1/namespaces/entando-k8s-composite-app-controller-carcpr17 HTTP/1.1 and responded: HTTP/1.1 404 Client Error
Mar 26, 2021 5:00:58 PM okhttp3.mockwebserver.MockWebServer$3 processOneRequest
INFO: MockWebServer[56002] received request: GET /apis/entando.org/v1/namespaces/default/entandocompositeapps HTTP/1.1 and responded: HTTP/1.1 200 OK
Mar 26, 2021 5:00:58 PM okhttp3.mockwebserver.MockWebServer$3 processOneRequest
INFO: MockWebServer[56002] received request: GET /api/v1/namespaces/entando-k8s-composite-app-controller-carcpr17 HTTP/1.1 and responded: HTTP/1.1 404 Client Error
Mar 26, 2021 5:00:58 PM okhttp3.mockwebserver.MockWebServer$3 processOneRequest
INFO: MockWebServer[56002] received request: GET /apis/entando.org/v1/namespaces/default/entandocompositeapps HTTP/1.1 and responded: HTTP/1.1 200 OK
Mar 26, 2021 5:00:58 PM okhttp3.mockwebserver.MockWebServer$3 processOneRequest
INFO: MockWebServer[56002] received request: POST /apis/entando.org/v1/namespaces/entando-k8s-composite-app-controller-carcpr17/entandocompositeapps HTTP/1.1 and responded: HTTP/1.1 202 OK
Mar 26, 2021 5:00:58 PM org.entando.kubernetes.client.KubernetesRestInterceptor invoke
INFO: Entering method loadOperatorConfig in class org.entando.kubernetes.controller.support.client.EntandoResourceClient
Mar 26, 2021 5:00:58 PM okhttp3.mockwebserver.MockWebServer$3 processOneRequest
INFO: MockWebServer[56002] received request: GET /api/v1/namespaces/entando-k8s-composite-app-controller-carcpr17/configmaps/entando-operator-config HTTP/1.1 and responded: HTTP/1.1 404 Client Error
Mar 26, 2021 5:00:58 PM org.entando.kubernetes.client.KubernetesRestInterceptor invoke
INFO: Exiting method loadOperatorConfig in class org.entando.kubernetes.controller.support.client.EntandoResourceClient
Mar 26, 2021 5:00:58 PM org.entando.kubernetes.client.KubernetesRestInterceptor invoke
INFO: Entering method load in class org.entando.kubernetes.controller.support.client.EntandoResourceClient with class org.entando.kubernetes.model.compositeapp.EntandoCompositeApp,entando-k8s-composite-app-controller-carcpr17,my-app-carcpr17
Mar 26, 2021 5:00:58 PM org.entando.kubernetes.client.KubernetesRestInterceptor invoke
INFO: Entering method getPodWatcherQueue in class org.entando.kubernetes.controller.support.client.PodWaitingClient
Mar 26, 2021 5:00:58 PM org.entando.kubernetes.client.KubernetesRestInterceptor invoke
INFO: Exiting method getPodWatcherQueue in class org.entando.kubernetes.controller.support.client.PodWaitingClient
Mar 26, 2021 5:00:58 PM okhttp3.mockwebserver.MockWebServer$3 processOneRequest
INFO: MockWebServer[56002] received request: GET /api/v1/namespaces/entando-k8s-composite-app-controller-carcpr17 HTTP/1.1 and responded: HTTP/1.1 404 Client Error
Mar 26, 2021 5:00:59 PM okhttp3.mockwebserver.MockWebServer$3 processOneRequest
INFO: MockWebServer[56002] received request: GET /apis/entando.org/v1/namespaces/default/entandocompositeapps HTTP/1.1 and responded: HTTP/1.1 200 OK
Mar 26, 2021 5:00:59 PM okhttp3.mockwebserver.MockWebServer$3 processOneRequest
INFO: MockWebServer[56002] received request: GET /api/v1/namespaces/entando-k8s-composite-app-controller-carcpr17 HTTP/1.1 and responded: HTTP/1.1 404 Client Error
Mar 26, 2021 5:00:59 PM okhttp3.mockwebserver.MockWebServer$3 processOneRequest
INFO: MockWebServer[56002] received request: GET /apis/entando.org/v1/namespaces/default/entandocompositeapps HTTP/1.1 and responded: HTTP/1.1 200 OK
Mar 26, 2021 5:00:59 PM okhttp3.mockwebserver.MockWebServer$3 processOneRequest
INFO: MockWebServer[56002] received request: GET /apis/entando.org/v1/namespaces/entando-k8s-composite-app-controller-carcpr17/entandocompositeapps/my-app-carcpr17 HTTP/1.1 and responded: HTTP/1.1 200 OK
Mar 26, 2021 5:00:59 PM org.entando.kubernetes.client.KubernetesRestInterceptor invoke
INFO: Exiting method load in class org.entando.kubernetes.controller.support.client.EntandoResourceClient
Mar 26, 2021 5:00:59 PM org.entando.kubernetes.client.KubernetesRestInterceptor invoke
INFO: Entering method updatePhase in class org.entando.kubernetes.controller.support.client.EntandoResourceClient with EntandoCompositeApp: entando-k8s-composite-app-controller-carcpr17/my-app-carcpr17
Mar 26, 2021 5:00:59 PM okhttp3.mockwebserver.MockWebServer$3 processOneRequest
INFO: MockWebServer[56002] received request: POST /api/v1/namespaces/entando-k8s-composite-app-controller-carcpr17/events HTTP/1.1 and responded: HTTP/1.1 202 OK
Mar 26, 2021 5:00:59 PM okhttp3.mockwebserver.MockWebServer$3 processOneRequest
INFO: MockWebServer[56002] received request: GET /apis/entando.org/v1/namespaces/entando-k8s-composite-app-controller-carcpr17/entandocompositeapps/my-app-carcpr17 HTTP/1.1 and responded: HTTP/1.1 200 OK
Mar 26, 2021 5:00:59 PM okhttp3.mockwebserver.MockWebServer$3 processOneRequest
INFO: MockWebServer[56002] received request: PUT /apis/entando.org/v1/namespaces/entando-k8s-composite-app-controller-carcpr17/entandocompositeapps/my-app-carcpr17/status HTTP/1.1 and responded: HTTP/1.1 202 OK
Mar 26, 2021 5:00:59 PM org.entando.kubernetes.client.KubernetesRestInterceptor invoke
INFO: Exiting method updatePhase in class org.entando.kubernetes.controller.support.client.EntandoResourceClient
Mar 26, 2021 5:00:59 PM org.entando.kubernetes.client.KubernetesRestInterceptor invoke
INFO: Entering method loadDockerImageInfoConfigMap in class org.entando.kubernetes.controller.support.client.EntandoResourceClient
Mar 26, 2021 5:00:59 PM okhttp3.mockwebserver.MockWebServer$3 processOneRequest
INFO: MockWebServer[56002] received request: GET /api/v1/namespaces/entando/configmaps/entando-docker-image-info-v6.3 HTTP/1.1 and responded: HTTP/1.1 404 Client Error
Mar 26, 2021 5:00:59 PM org.entando.kubernetes.client.KubernetesRestInterceptor invoke
INFO: Exiting method loadDockerImageInfoConfigMap in class org.entando.kubernetes.controller.support.client.EntandoResourceClient
Mar 26, 2021 5:00:59 PM org.entando.kubernetes.client.KubernetesRestInterceptor invoke
INFO: Entering method createOrPatchEntandoResource in class org.entando.kubernetes.controller.support.client.EntandoResourceClient with EntandoKeycloakServer: entando-k8s-composite-app-controller-carcpr17/test-keycloak-carcpr17
Mar 26, 2021 5:00:59 PM okhttp3.mockwebserver.MockWebServer$3 processOneRequest
INFO: MockWebServer[56002] received request: GET /api/v1/namespaces/entando-k8s-composite-app-controller-carcpr17 HTTP/1.1 and responded: HTTP/1.1 404 Client Error
Mar 26, 2021 5:00:59 PM okhttp3.mockwebserver.MockWebServer$3 processOneRequest
INFO: MockWebServer[56002] received request: GET /apis/entando.org/v1/namespaces/default/entandokeycloakservers HTTP/1.1 and responded: HTTP/1.1 200 OK
Mar 26, 2021 5:00:59 PM okhttp3.mockwebserver.MockWebServer$3 processOneRequest
INFO: MockWebServer[56002] received request: GET /api/v1/namespaces/entando-k8s-composite-app-controller-carcpr17 HTTP/1.1 and responded: HTTP/1.1 404 Client Error
Mar 26, 2021 5:00:59 PM okhttp3.mockwebserver.MockWebServer$3 processOneRequest
INFO: MockWebServer[56002] received request: GET /apis/entando.org/v1/namespaces/default/entandokeycloakservers HTTP/1.1 and responded: HTTP/1.1 200 OK
Mar 26, 2021 5:01:00 PM okhttp3.mockwebserver.MockWebServer$3 processOneRequest
INFO: MockWebServer[56002] received request: GET /apis/entando.org/v1/namespaces/entando-k8s-composite-app-controller-carcpr17/entandokeycloakservers/test-keycloak-carcpr17 HTTP/1.1 and responded: HTTP/1.1 404 Client Error
Mar 26, 2021 5:01:00 PM okhttp3.mockwebserver.MockWebServer$3 processOneRequest
INFO: MockWebServer[56002] received request: POST /apis/entando.org/v1/namespaces/entando-k8s-composite-app-controller-carcpr17/entandokeycloakservers HTTP/1.1 and responded: HTTP/1.1 202 OK
Mar 26, 2021 5:01:00 PM org.entando.kubernetes.client.KubernetesRestInterceptor invoke
INFO: Exiting method createOrPatchEntandoResource in class org.entando.kubernetes.controller.support.client.EntandoResourceClient
Mar 26, 2021 5:01:00 PM org.entando.kubernetes.client.KubernetesRestInterceptor invoke
INFO: Entering method removeAndWait in class org.entando.kubernetes.controller.support.client.PodClient with entando-k8s-composite-app-controller-carcpr17,{EntandoResourceKind=EntandoKeycloakServer, EntandoResourceNamespace=entando-k8s-composite-app-controller-carcpr17, EntandoKeycloakServer=test-keycloak-carcpr17}
Mar 26, 2021 5:01:00 PM okhttp3.mockwebserver.MockWebServer$3 processOneRequest
INFO: MockWebServer[56002] received request: GET /api/v1/namespaces/entando-k8s-composite-app-controller-carcpr17/pods?labelSelector=EntandoResourceNamespace%3Dentando-k8s-composite-app-controller-carcpr17%2CEntandoResourceKind%3DEntandoKeycloakServer%2CEntandoKeycloakServer%3Dtest-keycloak-carcpr17 HTTP/1.1 and responded: HTTP/1.1 200 OK
Mar 26, 2021 5:01:00 PM org.entando.kubernetes.client.KubernetesRestInterceptor invoke
INFO: Entering method getPodWatcherQueue in class org.entando.kubernetes.controller.support.client.PodWaitingClient
Mar 26, 2021 5:01:00 PM org.entando.kubernetes.client.KubernetesRestInterceptor invoke
INFO: Exiting method getPodWatcherQueue in class org.entando.kubernetes.controller.support.client.PodWaitingClient
Mar 26, 2021 5:01:00 PM okhttp3.mockwebserver.MockWebServer$3 processOneRequest
INFO: MockWebServer[56002] received request: GET /api/v1/namespaces/entando-k8s-composite-app-controller-carcpr17/pods?labelSelector=EntandoResourceNamespace%3Dentando-k8s-composite-app-controller-carcpr17%2CEntandoResourceKind%3DEntandoKeycloakServer%2CEntandoKeycloakServer%3Dtest-keycloak-carcpr17&watch=**** HTTP/1.1 and responded: HTTP/1.1 200 OK
Mar 26, 2021 5:01:00 PM okhttp3.mockwebserver.MockWebServer$3 processOneRequest
INFO: MockWebServer[56002] received request: GET /api/v1/namespaces/entando-k8s-composite-app-controller-carcpr17/pods?labelSelector=EntandoResourceNamespace%3Dentando-k8s-composite-app-controller-carcpr17%2CEntandoResourceKind%3DEntandoKeycloakServer%2CEntandoKeycloakServer%3Dtest-keycloak-carcpr17&watch=**** HTTP/1.1 and responded: HTTP/1.1 200 OK
Mar 26, 2021 5:01:00 PM okhttp3.mockwebserver.MockWebServer$3 processOneRequest
INFO: MockWebServer[56002] received request: GET /api/v1/namespaces/entando-k8s-composite-app-controller-carcpr17/pods?labelSelector=EntandoResourceNamespace%3Dentando-k8s-composite-app-controller-carcpr17%2CEntandoResourceKind%3DEntandoKeycloakServer%2CEntandoKeycloakServer%3Dtest-keycloak-carcpr17 HTTP/1.1 and responded: HTTP/1.1 200 OK
Mar 26, 2021 5:01:00 PM io.fabric8.kubernetes.client.dsl.internal.WatchHTTPManager$1 onResponse
INFO: Watch terminated unexpectedly. reason: \n not found: limit=46 content=7b2261706956657273696f6e223a227631222c226b696e64223a224c69737422â€¦
Mar 26, 2021 5:01:00 PM okhttp3.mockwebserver.MockWebServer$3 processOneRequest
INFO: MockWebServer[56002] received request: GET /api/v1/namespaces/entando-k8s-composite-app-controller-carcpr17/pods?labelSelector=EntandoResourceNamespace%3Dentando-k8s-composite-app-controller-carcpr17%2CEntandoResourceKind%3DEntandoKeycloakServer%2CEntandoKeycloakServer%3Dtest-keycloak-carcpr17 HTTP/1.1 and responded: HTTP/1.1 200 OK
Mar 26, 2021 5:01:01 PM org.entando.kubernetes.client.KubernetesRestInterceptor invoke
INFO: Exiting method removeAndWait in class org.entando.kubernetes.controller.support.client.PodClient
Mar 26, 2021 5:01:01 PM org.entando.kubernetes.client.KubernetesRestInterceptor invoke
INFO: Entering method runToCompletion in class org.entando.kubernetes.controller.support.client.PodClient with Pod: entando-k8s-composite-app-controller-carcpr17/test-keycloak-carcpr17-deployer-6991
Mar 26, 2021 5:01:01 PM okhttp3.mockwebserver.MockWebServer$3 processOneRequest
INFO: MockWebServer[56002] received request: GET /api/v1/namespaces/entando-k8s-composite-app-controller-carcpr17/pods?labelSelector=EntandoResourceNamespace%3Dentando-k8s-composite-app-controller-carcpr17%2CEntandoResourceKind%3DEntandoKeycloakServer%2CEntandoKeycloakServer%3Dtest-keycloak-carcpr17&watch=**** HTTP/1.1 and responded: HTTP/1.1 200 OK
Mar 26, 2021 5:01:01 PM io.fabric8.kubernetes.client.dsl.internal.WatchHTTPManager$1 onResponse
INFO: Watch terminated unexpectedly. reason: \n not found: limit=46 content=7b2261706956657273696f6e223a227631222c226b696e64223a224c69737422â€¦
Mar 26, 2021 5:01:01 PM io.fabric8.kubernetes.client.dsl.internal.WatchHTTPManager scheduleReconnect
WARN: Ignoring error for already closed/closing connection
Mar 26, 2021 5:01:01 PM okhttp3.mockwebserver.MockWebServer$3 processOneRequest
INFO: MockWebServer[56002] received request: POST /api/v1/namespaces/entando-k8s-composite-app-controller-carcpr17/pods HTTP/1.1 and responded: HTTP/1.1 202 OK
Mar 26, 2021 5:01:01 PM org.entando.kubernetes.client.KubernetesRestInterceptor invoke
INFO: Entering method loadPod in class org.entando.kubernetes.controller.support.client.PodClient with entando-k8s-composite-app-controller-carcpr17,[Ljava.lang.String;@52ff1767
Mar 26, 2021 5:01:01 PM okhttp3.mockwebserver.MockWebServer$3 processOneRequest
INFO: MockWebServer[56002] received request: GET /api/v1/namespaces/entando-k8s-composite-app-controller-carcpr17/pods?fieldSelector=metadata.name%3Dtest-keycloak-carcpr17-deployer-6991&watch=**** HTTP/1.1 and responded: HTTP/1.1 200 OK
Mar 26, 2021 5:01:01 PM okhttp3.mockwebserver.MockWebServer$3 processOneRequest
INFO: MockWebServer[56002] received request: GET /api/v1/namespaces/entando-k8s-composite-app-controller-carcpr17/pods?labelSelector=EntandoKeycloakServer%3Dtest-keycloak-carcpr17 HTTP/1.1 and responded: HTTP/1.1 200 OK
Mar 26, 2021 5:01:01 PM org.entando.kubernetes.client.KubernetesRestInterceptor invoke
INFO: Exiting method loadPod in class org.entando.kubernetes.controller.support.client.PodClient
Mar 26, 2021 5:01:01 PM okhttp3.mockwebserver.MockWebServer$3 processOneRequest
INFO: MockWebServer[56002] received request: GET /api/v1/namespaces/entando-k8s-composite-app-controller-carcpr17/pods/test-keycloak-carcpr17-deployer-6991 HTTP/1.1 and responded: HTTP/1.1 200 OK
Mar 26, 2021 5:01:01 PM okhttp3.mockwebserver.MockWebServer$3 processOneRequest
INFO: MockWebServer[56002] received request: GET /api/v1/namespaces/entando-k8s-composite-app-controller-carcpr17/pods?fieldSelector=metadata.name%3Dtest-keycloak-carcpr17-deployer-6991&watch=**** HTTP/1.1 and responded: HTTP/1.1 200 OK
Mar 26, 2021 5:01:01 PM io.fabric8.kubernetes.client.dsl.internal.WatchHTTPManager$1 onResponse
INFO: Watch terminated unexpectedly. reason: \n not found: limit=2520 content=7b2261706956657273696f6e223a227631222c226b696e64223a224c69737422â€¦
Mar 26, 2021 5:01:01 PM okhttp3.mockwebserver.MockWebServer$3 processOneRequest
INFO: MockWebServer[56002] received request: PATCH /api/v1/namespaces/entando-k8s-composite-app-controller-carcpr17/pods/test-keycloak-carcpr17-deployer-6991 HTTP/1.1 and responded: HTTP/1.1 202 OK
Mar 26, 2021 5:01:01 PM org.entando.kubernetes.client.KubernetesRestInterceptor invoke
INFO: Entering method getPodWatcherQueue in class org.entando.kubernetes.controller.support.client.PodWaitingClient
Mar 26, 2021 5:01:01 PM org.entando.kubernetes.client.KubernetesRestInterceptor invoke
INFO: Exiting method getPodWatcherQueue in class org.entando.kubernetes.controller.support.client.PodWaitingClient
Mar 26, 2021 5:01:02 PM org.entando.kubernetes.client.KubernetesRestInterceptor invoke
INFO: Exiting method runToCompletion in class org.entando.kubernetes.controller.support.client.PodClient
Mar 26, 2021 5:01:02 PM org.entando.kubernetes.client.KubernetesRestInterceptor invoke
INFO: Entering method updateStatus in class org.entando.kubernetes.controller.support.client.EntandoResourceClient with EntandoCompositeApp: entando-k8s-composite-app-controller-carcpr17/my-app-carcpr17
Mar 26, 2021 5:01:02 PM okhttp3.mockwebserver.MockWebServer$3 processOneRequest
INFO: MockWebServer[56002] received request: GET /api/v1/namespaces/entando-k8s-composite-app-controller-carcpr17/pods?fieldSelector=metadata.name%3Dtest-keycloak-carcpr17-deployer-6991&watch=**** HTTP/1.1 and responded: HTTP/1.1 200 OK
Mar 26, 2021 5:01:02 PM io.fabric8.kubernetes.client.dsl.internal.WatchHTTPManager$1 onResponse
INFO: Watch terminated unexpectedly. reason: \n not found: limit=2704 content=7b2261706956657273696f6e223a227631222c226b696e64223a224c69737422â€¦
Mar 26, 2021 5:01:02 PM io.fabric8.kubernetes.client.dsl.internal.WatchHTTPManager scheduleReconnect
WARN: Ignoring error for already closed/closing connection
Mar 26, 2021 5:01:02 PM okhttp3.mockwebserver.MockWebServer$3 processOneRequest
INFO: MockWebServer[56002] received request: POST /api/v1/namespaces/entando-k8s-composite-app-controller-carcpr17/events HTTP/1.1 and responded: HTTP/1.1 202 OK
Mar 26, 2021 5:01:02 PM okhttp3.mockwebserver.MockWebServer$3 processOneRequest
INFO: MockWebServer[56002] received request: GET /apis/entando.org/v1/namespaces/entando-k8s-composite-app-controller-carcpr17/entandocompositeapps/my-app-carcpr17 HTTP/1.1 and responded: HTTP/1.1 200 OK
Mar 26, 2021 5:01:02 PM okhttp3.mockwebserver.MockWebServer$3 processOneRequest
INFO: MockWebServer[56002] received request: PUT /apis/entando.org/v1/namespaces/entando-k8s-composite-app-controller-carcpr17/entandocompositeapps/my-app-carcpr17/status HTTP/1.1 and responded: HTTP/1.1 202 OK
Mar 26, 2021 5:01:02 PM org.entando.kubernetes.client.KubernetesRestInterceptor invoke
INFO: Exiting method updateStatus in class org.entando.kubernetes.controller.support.client.EntandoResourceClient
Mar 26, 2021 5:01:02 PM org.entando.kubernetes.client.KubernetesRestInterceptor invoke
INFO: Entering method removeSuccessfullyCompletedPods in class org.entando.kubernetes.controller.support.client.PodClient with entando-k8s-composite-app-controller-carcpr17,{EntandoResourceKind=EntandoKeycloakServer, EntandoResourceNamespace=entando-k8s-composite-app-controller-carcpr17, EntandoKeycloakServer=test-keycloak-carcpr17}
Mar 26, 2021 5:01:02 PM okhttp3.mockwebserver.MockWebServer$3 processOneRequest
INFO: MockWebServer[56002] received request: GET /api/v1/namespaces/entando-k8s-composite-app-controller-carcpr17/pods?labelSelector=EntandoResourceNamespace%3Dentando-k8s-composite-app-controller-carcpr17%2CEntandoResourceKind%3DEntandoKeycloakServer%2CEntandoKeycloakServer%3Dtest-keycloak-carcpr17 HTTP/1.1 and responded: HTTP/1.1 200 OK
Mar 26, 2021 5:01:03 PM okhttp3.mockwebserver.MockWebServer$3 processOneRequest
INFO: MockWebServer[56002] received request: DELETE /api/v1/namespaces/entando-k8s-composite-app-controller-carcpr17/pods/test-keycloak-carcpr17-deployer-6991 HTTP/1.1 and responded: HTTP/1.1 200 OK
Mar 26, 2021 5:01:03 PM org.entando.kubernetes.client.KubernetesRestInterceptor invoke
INFO: Exiting method removeSuccessfullyCompletedPods in class org.entando.kubernetes.controller.support.client.PodClient
Mar 26, 2021 5:01:03 PM org.entando.kubernetes.client.KubernetesRestInterceptor invoke
INFO: Entering method load in class org.entando.kubernetes.controller.support.client.EntandoResourceClient with class org.entando.kubernetes.model.plugin.EntandoPlugin,entando-k8s-composite-app-controller-carcpr17,test-plugin-carcpr17
Mar 26, 2021 5:01:03 PM okhttp3.mockwebserver.MockWebServer$3 processOneRequest
INFO: MockWebServer[56002] received request: GET /api/v1/namespaces/entando-k8s-composite-app-controller-carcpr17 HTTP/1.1 and responded: HTTP/1.1 404 Client Error
Mar 26, 2021 5:01:03 PM okhttp3.mockwebserver.MockWebServer$3 processOneRequest
INFO: MockWebServer[56002] received request: GET /apis/entando.org/v1/namespaces/default/entandoplugins HTTP/1.1 and responded: HTTP/1.1 200 OK
Mar 26, 2021 5:01:03 PM okhttp3.mockwebserver.MockWebServer$3 processOneRequest
INFO: MockWebServer[56002] received request: GET /api/v1/namespaces/entando-k8s-composite-app-controller-carcpr17 HTTP/1.1 and responded: HTTP/1.1 404 Client Error
Mar 26, 2021 5:01:03 PM okhttp3.mockwebserver.MockWebServer$3 processOneRequest
INFO: MockWebServer[56002] received request: GET /apis/entando.org/v1/namespaces/default/entandoplugins HTTP/1.1 and responded: HTTP/1.1 200 OK
Mar 26, 2021 5:01:03 PM okhttp3.mockwebserver.MockWebServer$3 processOneRequest
INFO: MockWebServer[56002] received request: GET /apis/entando.org/v1/namespaces/entando-k8s-composite-app-controller-carcpr17/entandoplugins/test-plugin-carcpr17 HTTP/1.1 and responded: HTTP/1.1 404 Client Error
Mar 26, 2021 5:01:03 PM org.entando.kubernetes.client.KubernetesRestInterceptor invoke
SEVERE: Failure e**cuting method load in class org.entando.kubernetes.controller.support.client.EntandoResourceClient
java.lang.IllegalStateException: Could not find the EntandoPlugin 'test-plugin-carcpr17' in the namespace entando-k8s-composite-app-controller-carcpr17
	at org.entando.kubernetes.client.DefaultEntandoResourceClient.lambda$notFound$5(DefaultEntandoResourceClient.java:199)
	at org.entando.kubernetes.client.DefaultEntandoResourceClient.lambda$load$6(DefaultEntandoResourceClient.java:205)
	at java.base/java.util.Optional.orElseThrow(Optional.java:408)
	at org.entando.kubernetes.client.DefaultEntandoResourceClient.load(DefaultEntandoResourceClient.java:205)
	at java.base/jdk.internal.reflect.NativeMethodAccessorImpl.invoke0(Native Method)
	at java.base/jdk.internal.reflect.NativeMethodAccessorImpl.invoke(NativeMethodAccessorImpl.java:62)
	at java.base/jdk.internal.reflect.DelegatingMethodAccessorImpl.invoke(DelegatingMethodAccessorImpl.java:43)
	at java.base/java.lang.reflect.Method.invoke(Method.java:566)
	at org.entando.kubernetes.client.KubernetesRestInterceptor.invoke(KubernetesRestInterceptor.java:49)
	at com.sun.proxy.$Proxy31.load(Unknown Source)
	at org.entando.kubernetes.compositeapp.controller.EntandoCompositeAppController.prepareReference(EntandoCompositeAppController.java:146)
	at org.entando.kubernetes.compositeapp.controller.EntandoCompositeAppController.synchronizeDeploymentState(EntandoCompositeAppController.java:88)
	at org.entando.kubernetes.compositeapp.controller.EntandoCompositeAppController.synchronizeDeploymentState(EntandoCompositeAppController.java:56)
	at org.entando.kubernetes.controller.support.controller.AbstractDbAwareController.performSync(AbstractDbAwareController.java:158)
	at org.entando.kubernetes.controller.support.controller.AbstractDbAwareController.processCommand(AbstractDbAwareController.java:130)
	at org.entando.kubernetes.compositeapp.controller.EntandoCompositeAppController.onStartup(EntandoCompositeAppController.java:80)
	at org.entando.kubernetes.compositeapp.controller.inprocesstests.CompositeAppControllerMockedTest.startController(CompositeAppControllerMockedTest.java:179)
	at org.entando.kubernetes.compositeapp.controller.inprocesstests.CompositeAppControllerMockedTest.performCreate(CompositeAppControllerMockedTest.java:103)
	at org.entando.kubernetes.compositeapp.controller.inprocesstests.CompositeAppControllerMockedTest.shouldRemoveSuccessfullyCompletedPods(CompositeAppControllerMockedTest.java:169)
	at java.base/jdk.internal.reflect.NativeMethodAccessorImpl.invoke0(Native Method)
	at java.base/jdk.internal.reflect.NativeMethodAccessorImpl.invoke(NativeMethodAccessorImpl.java:62)
	at java.base/jdk.internal.reflect.DelegatingMethodAccessorImpl.invoke(DelegatingMethodAccessorImpl.java:43)
	at java.base/java.lang.reflect.Method.invoke(Method.java:566)
	at org.junit.platform.commons.util.ReflectionUtils.invokeMethod(ReflectionUtils.java:688)
	at org.junit.jupiter.engine.e**cution.MethodInvocation.proceed(MethodInvocation.java:60)
	at org.junit.jupiter.engine.e**cution.InvocationInterceptorChain$ValidatingInvocation.proceed(InvocationInterceptorChain.java:131)
	at org.junit.jupiter.engine.extension.TimeoutExtension.intercept(TimeoutExtension.java:149)
	at org.junit.jupiter.engine.extension.TimeoutExtension.interceptTestableMethod(TimeoutExtension.java:140)
	at org.junit.jupiter.engine.extension.TimeoutExtension.interceptTestMethod(TimeoutExtension.java:84)
	at org.junit.jupiter.engine.e**cution.E**cutableInvoker$ReflectiveInterceptorCall.lambda$ofVoidMethod$0(E**cutableInvoker.java:115)
	at org.junit.jupiter.engine.e**cution.E**cutableInvoker.lambda$invoke$0(E**cutableInvoker.java:105)
	at org.junit.jupiter.engine.e**cution.InvocationInterceptorChain$InterceptedInvocation.proceed(InvocationInterceptorChain.java:106)
	at org.junit.jupiter.engine.e**cution.InvocationInterceptorChain.proceed(InvocationInterceptorChain.java:64)
	at org.junit.jupiter.engine.e**cution.InvocationInterceptorChain.chainAndInvoke(InvocationInterceptorChain.java:45)
	at org.junit.jupiter.engine.e**cution.InvocationInterceptorChain.invoke(InvocationInterceptorChain.java:37)
	at org.junit.jupiter.engine.e**cution.E**cutableInvoker.invoke(E**cutableInvoker.java:104)
	at org.junit.jupiter.engine.e**cution.E**cutableInvoker.invoke(E**cutableInvoker.java:98)
	at org.junit.jupiter.engine.descriptor.TestMethodTestDescriptor.lambda$invokeTestMethod$6(TestMethodTestDescriptor.java:210)
	at org.junit.platform.engine.support.hierarchical.ThrowableCollector.e**cute(ThrowableCollector.java:73)
	at org.junit.jupiter.engine.descriptor.TestMethodTestDescriptor.invokeTestMethod(TestMethodTestDescriptor.java:206)
	at org.junit.jupiter.engine.descriptor.TestMethodTestDescriptor.e**cute(TestMethodTestDescriptor.java:131)
	at org.junit.jupiter.engine.descriptor.TestMethodTestDescriptor.e**cute(TestMethodTestDescriptor.java:65)
	at org.junit.platform.engine.support.hierarchical.NodeTestTask.lambda$e**cuteRecursively$5(NodeTestTask.java:139)
	at org.junit.platform.engine.support.hierarchical.ThrowableCollector.e**cute(ThrowableCollector.java:73)
	at org.junit.platform.engine.support.hierarchical.NodeTestTask.lambda$e**cuteRecursively$7(NodeTestTask.java:129)
	at org.junit.platform.engine.support.hierarchical.Node.around(Node.java:137)
	at org.junit.platform.engine.support.hierarchical.NodeTestTask.lambda$e**cuteRecursively$8(NodeTestTask.java:127)
	at org.junit.platform.engine.support.hierarchical.ThrowableCollector.e**cute(ThrowableCollector.java:73)
	at org.junit.platform.engine.support.hierarchical.NodeTestTask.e**cuteRecursively(NodeTestTask.java:126)
	at org.junit.platform.engine.support.hierarchical.NodeTestTask.e**cute(NodeTestTask.java:84)
	at java.base/java.util.ArrayList.forEach(ArrayList.java:1540)
	at org.junit.platform.engine.support.hierarchical.SameThreadHierarchicalTestE**cutorService.invokeAll(SameThreadHierarchicalTestE**cutorService.java:38)
	at org.junit.platform.engine.support.hierarchical.NodeTestTask.lambda$e**cuteRecursively$5(NodeTestTask.java:143)
	at org.junit.platform.engine.support.hierarchical.ThrowableCollector.e**cute(ThrowableCollector.java:73)
	at org.junit.platform.engine.support.hierarchical.NodeTestTask.lambda$e**cuteRecursively$7(NodeTestTask.java:129)
	at org.junit.platform.engine.support.hierarchical.Node.around(Node.java:137)
	at org.junit.platform.engine.support.hierarchical.NodeTestTask.lambda$e**cuteRecursively$8(NodeTestTask.java:127)
	at org.junit.platform.engine.support.hierarchical.ThrowableCollector.e**cute(ThrowableCollector.java:73)
	at org.junit.platform.engine.support.hierarchical.NodeTestTask.e**cuteRecursively(NodeTestTask.java:126)
	at org.junit.platform.engine.support.hierarchical.NodeTestTask.e**cute(NodeTestTask.java:84)
	at java.base/java.util.ArrayList.forEach(ArrayList.java:1540)
	at org.junit.platform.engine.support.hierarchical.SameThreadHierarchicalTestE**cutorService.invokeAll(SameThreadHierarchicalTestE**cutorService.java:38)
	at org.junit.platform.engine.support.hierarchical.NodeTestTask.lambda$e**cuteRecursively$5(NodeTestTask.java:143)
	at org.junit.platform.engine.support.hierarchical.ThrowableCollector.e**cute(ThrowableCollector.java:73)
	at org.junit.platform.engine.support.hierarchical.NodeTestTask.lambda$e**cuteRecursively$7(NodeTestTask.java:129)
	at org.junit.platform.engine.support.hierarchical.Node.around(Node.java:137)
	at org.junit.platform.engine.support.hierarchical.NodeTestTask.lambda$e**cuteRecursively$8(NodeTestTask.java:127)
	at org.junit.platform.engine.support.hierarchical.ThrowableCollector.e**cute(ThrowableCollector.java:73)
	at org.junit.platform.engine.support.hierarchical.NodeTestTask.e**cuteRecursively(NodeTestTask.java:126)
	at org.junit.platform.engine.support.hierarchical.NodeTestTask.e**cute(NodeTestTask.java:84)
	at org.junit.platform.engine.support.hierarchical.SameThreadHierarchicalTestE**cutorService.submit(SameThreadHierarchicalTestE**cutorService.java:32)
	at org.junit.platform.engine.support.hierarchical.HierarchicalTestE**cutor.e**cute(HierarchicalTestE**cutor.java:57)
	at org.junit.platform.engine.support.hierarchical.HierarchicalTestEngine.e**cute(HierarchicalTestEngine.java:51)
	at org.junit.platform.launcher.core.EngineE**cutionOrchestrator.e**cute(EngineE**cutionOrchestrator.java:108)
	at org.junit.platform.launcher.core.EngineE**cutionOrchestrator.e**cute(EngineE**cutionOrchestrator.java:88)
	at org.junit.platform.launcher.core.EngineE**cutionOrchestrator.lambda$e**cute$0(EngineE**cutionOrchestrator.java:54)
	at org.junit.platform.launcher.core.EngineE**cutionOrchestrator.withInterceptedStreams(EngineE**cutionOrchestrator.java:67)
	at org.junit.platform.launcher.core.EngineE**cutionOrchestrator.e**cute(EngineE**cutionOrchestrator.java:52)
	at org.junit.platform.launcher.core.DefaultLauncher.e**cute(DefaultLauncher.java:96)
	at org.junit.platform.launcher.core.DefaultLauncher.e**cute(DefaultLauncher.java:75)
	at org.apache.maven.surefire.junitplatform.JUnitPlatformProvider.invokeAllTests(JUnitPlatformProvider.java:142)
	at org.apache.maven.surefire.junitplatform.JUnitPlatformProvider.invoke(JUnitPlatformProvider.java:117)
	at org.apache.maven.surefire.booter.ForkedBooter.invokeProviderInSameClassLoader(ForkedBooter.java:384)
	at org.apache.maven.surefire.booter.ForkedBooter.runSuitesInProcess(ForkedBooter.java:345)
	at org.apache.maven.surefire.booter.ForkedBooter.e**cute(ForkedBooter.java:126)
	at org.apache.maven.surefire.booter.ForkedBooter.main(ForkedBooter.java:418)

Mar 26, 2021 5:01:03 PM org.entando.kubernetes.client.KubernetesRestInterceptor invoke
INFO: Exiting method load in class org.entando.kubernetes.controller.support.client.EntandoResourceClient
Mar 26, 2021 5:01:03 PM org.entando.kubernetes.controller.support.controller.AbstractDbAwareController performSync
SEVERE: Unexpected exception occurred while adding EntandoCompositeApp entando-k8s-composite-app-controller-carcpr17/my-app-carcpr17
java.lang.IllegalStateException: Could not find the EntandoPlugin 'test-plugin-carcpr17' in the namespace entando-k8s-composite-app-controller-carcpr17
	at org.entando.kubernetes.client.DefaultEntandoResourceClient.lambda$notFound$5(DefaultEntandoResourceClient.java:199)
	at org.entando.kubernetes.client.DefaultEntandoResourceClient.lambda$load$6(DefaultEntandoResourceClient.java:205)
	at java.base/java.util.Optional.orElseThrow(Optional.java:408)
	at org.entando.kubernetes.client.DefaultEntandoResourceClient.load(DefaultEntandoResourceClient.java:205)
	at java.base/jdk.internal.reflect.NativeMethodAccessorImpl.invoke0(Native Method)
	at java.base/jdk.internal.reflect.NativeMethodAccessorImpl.invoke(NativeMethodAccessorImpl.java:62)
	at java.base/jdk.internal.reflect.DelegatingMethodAccessorImpl.invoke(DelegatingMethodAccessorImpl.java:43)
	at java.base/java.lang.reflect.Method.invoke(Method.java:566)
	at org.entando.kubernetes.client.KubernetesRestInterceptor.invoke(KubernetesRestInterceptor.java:49)
	at com.sun.proxy.$Proxy31.load(Unknown Source)
	at org.entando.kubernetes.compositeapp.controller.EntandoCompositeAppController.prepareReference(EntandoCompositeAppController.java:146)
	at org.entando.kubernetes.compositeapp.controller.EntandoCompositeAppController.synchronizeDeploymentState(EntandoCompositeAppController.java:88)
	at org.entando.kubernetes.compositeapp.controller.EntandoCompositeAppController.synchronizeDeploymentState(EntandoCompositeAppController.java:56)
	at org.entando.kubernetes.controller.support.controller.AbstractDbAwareController.performSync(AbstractDbAwareController.java:158)
	at org.entando.kubernetes.controller.support.controller.AbstractDbAwareController.processCommand(AbstractDbAwareController.java:130)
	at org.entando.kubernetes.compositeapp.controller.EntandoCompositeAppController.onStartup(EntandoCompositeAppController.java:80)
	at org.entando.kubernetes.compositeapp.controller.inprocesstests.CompositeAppControllerMockedTest.startController(CompositeAppControllerMockedTest.java:179)
	at org.entando.kubernetes.compositeapp.controller.inprocesstests.CompositeAppControllerMockedTest.performCreate(CompositeAppControllerMockedTest.java:103)
	at org.entando.kubernetes.compositeapp.controller.inprocesstests.CompositeAppControllerMockedTest.shouldRemoveSuccessfullyCompletedPods(CompositeAppControllerMockedTest.java:169)
	at java.base/jdk.internal.reflect.NativeMethodAccessorImpl.invoke0(Native Method)
	at java.base/jdk.internal.reflect.NativeMethodAccessorImpl.invoke(NativeMethodAccessorImpl.java:62)
	at java.base/jdk.internal.reflect.DelegatingMethodAccessorImpl.invoke(DelegatingMethodAccessorImpl.java:43)
	at java.base/java.lang.reflect.Method.invoke(Method.java:566)
	at org.junit.platform.commons.util.ReflectionUtils.invokeMethod(ReflectionUtils.java:688)
	at org.junit.jupiter.engine.e**cution.MethodInvocation.proceed(MethodInvocation.java:60)
	at org.junit.jupiter.engine.e**cution.InvocationInterceptorChain$ValidatingInvocation.proceed(InvocationInterceptorChain.java:131)
	at org.junit.jupiter.engine.extension.TimeoutExtension.intercept(TimeoutExtension.java:149)
	at org.junit.jupiter.engine.extension.TimeoutExtension.interceptTestableMethod(TimeoutExtension.java:140)
	at org.junit.jupiter.engine.extension.TimeoutExtension.interceptTestMethod(TimeoutExtension.java:84)
	at org.junit.jupiter.engine.e**cution.E**cutableInvoker$ReflectiveInterceptorCall.lambda$ofVoidMethod$0(E**cutableInvoker.java:115)
	at org.junit.jupiter.engine.e**cution.E**cutableInvoker.lambda$invoke$0(E**cutableInvoker.java:105)
	at org.junit.jupiter.engine.e**cution.InvocationInterceptorChain$InterceptedInvocation.proceed(InvocationInterceptorChain.java:106)
	at org.junit.jupiter.engine.e**cution.InvocationInterceptorChain.proceed(InvocationInterceptorChain.java:64)
	at org.junit.jupiter.engine.e**cution.InvocationInterceptorChain.chainAndInvoke(InvocationInterceptorChain.java:45)
	at org.junit.jupiter.engine.e**cution.InvocationInterceptorChain.invoke(InvocationInterceptorChain.java:37)
	at org.junit.jupiter.engine.e**cution.E**cutableInvoker.invoke(E**cutableInvoker.java:104)
	at org.junit.jupiter.engine.e**cution.E**cutableInvoker.invoke(E**cutableInvoker.java:98)
	at org.junit.jupiter.engine.descriptor.TestMethodTestDescriptor.lambda$invokeTestMethod$6(TestMethodTestDescriptor.java:210)
	at org.junit.platform.engine.support.hierarchical.ThrowableCollector.e**cute(ThrowableCollector.java:73)
	at org.junit.jupiter.engine.descriptor.TestMethodTestDescriptor.invokeTestMethod(TestMethodTestDescriptor.java:206)
	at org.junit.jupiter.engine.descriptor.TestMethodTestDescriptor.e**cute(TestMethodTestDescriptor.java:131)
	at org.junit.jupiter.engine.descriptor.TestMethodTestDescriptor.e**cute(TestMethodTestDescriptor.java:65)
	at org.junit.platform.engine.support.hierarchical.NodeTestTask.lambda$e**cuteRecursively$5(NodeTestTask.java:139)
	at org.junit.platform.engine.support.hierarchical.ThrowableCollector.e**cute(ThrowableCollector.java:73)
	at org.junit.platform.engine.support.hierarchical.NodeTestTask.lambda$e**cuteRecursively$7(NodeTestTask.java:129)
	at org.junit.platform.engine.support.hierarchical.Node.around(Node.java:137)
	at org.junit.platform.engine.support.hierarchical.NodeTestTask.lambda$e**cuteRecursively$8(NodeTestTask.java:127)
	at org.junit.platform.engine.support.hierarchical.ThrowableCollector.e**cute(ThrowableCollector.java:73)
	at org.junit.platform.engine.support.hierarchical.NodeTestTask.e**cuteRecursively(NodeTestTask.java:126)
	at org.junit.platform.engine.support.hierarchical.NodeTestTask.e**cute(NodeTestTask.java:84)
	at java.base/java.util.ArrayList.forEach(ArrayList.java:1540)
	at org.junit.platform.engine.support.hierarchical.SameThreadHierarchicalTestE**cutorService.invokeAll(SameThreadHierarchicalTestE**cutorService.java:38)
	at org.junit.platform.engine.support.hierarchical.NodeTestTask.lambda$e**cuteRecursively$5(NodeTestTask.java:143)
	at org.junit.platform.engine.support.hierarchical.ThrowableCollector.e**cute(ThrowableCollector.java:73)
	at org.junit.platform.engine.support.hierarchical.NodeTestTask.lambda$e**cuteRecursively$7(NodeTestTask.java:129)
	at org.junit.platform.engine.support.hierarchical.Node.around(Node.java:137)
	at org.junit.platform.engine.support.hierarchical.NodeTestTask.lambda$e**cuteRecursively$8(NodeTestTask.java:127)
	at org.junit.platform.engine.support.hierarchical.ThrowableCollector.e**cute(ThrowableCollector.java:73)
	at org.junit.platform.engine.support.hierarchical.NodeTestTask.e**cuteRecursively(NodeTestTask.java:126)
	at org.junit.platform.engine.support.hierarchical.NodeTestTask.e**cute(NodeTestTask.java:84)
	at java.base/java.util.ArrayList.forEach(ArrayList.java:1540)
	at org.junit.platform.engine.support.hierarchical.SameThreadHierarchicalTestE**cutorService.invokeAll(SameThreadHierarchicalTestE**cutorService.java:38)
	at org.junit.platform.engine.support.hierarchical.NodeTestTask.lambda$e**cuteRecursively$5(NodeTestTask.java:143)
	at org.junit.platform.engine.support.hierarchical.ThrowableCollector.e**cute(ThrowableCollector.java:73)
	at org.junit.platform.engine.support.hierarchical.NodeTestTask.lambda$e**cuteRecursively$7(NodeTestTask.java:129)
	at org.junit.platform.engine.support.hierarchical.Node.around(Node.java:137)
	at org.junit.platform.engine.support.hierarchical.NodeTestTask.lambda$e**cuteRecursively$8(NodeTestTask.java:127)
	at org.junit.platform.engine.support.hierarchical.ThrowableCollector.e**cute(ThrowableCollector.java:73)
	at org.junit.platform.engine.support.hierarchical.NodeTestTask.e**cuteRecursively(NodeTestTask.java:126)
	at org.junit.platform.engine.support.hierarchical.NodeTestTask.e**cute(NodeTestTask.java:84)
	at org.junit.platform.engine.support.hierarchical.SameThreadHierarchicalTestE**cutorService.submit(SameThreadHierarchicalTestE**cutorService.java:32)
	at org.junit.platform.engine.support.hierarchical.HierarchicalTestE**cutor.e**cute(HierarchicalTestE**cutor.java:57)
	at org.junit.platform.engine.support.hierarchical.HierarchicalTestEngine.e**cute(HierarchicalTestEngine.java:51)
	at org.junit.platform.launcher.core.EngineE**cutionOrchestrator.e**cute(EngineE**cutionOrchestrator.java:108)
	at org.junit.platform.launcher.core.EngineE**cutionOrchestrator.e**cute(EngineE**cutionOrchestrator.java:88)
	at org.junit.platform.launcher.core.EngineE**cutionOrchestrator.lambda$e**cute$0(EngineE**cutionOrchestrator.java:54)
	at org.junit.platform.launcher.core.EngineE**cutionOrchestrator.withInterceptedStreams(EngineE**cutionOrchestrator.java:67)
	at org.junit.platform.launcher.core.EngineE**cutionOrchestrator.e**cute(EngineE**cutionOrchestrator.java:52)
	at org.junit.platform.launcher.core.DefaultLauncher.e**cute(DefaultLauncher.java:96)
	at org.junit.platform.launcher.core.DefaultLauncher.e**cute(DefaultLauncher.java:75)
	at org.apache.maven.surefire.junitplatform.JUnitPlatformProvider.invokeAllTests(JUnitPlatformProvider.java:142)
	at org.apache.maven.surefire.junitplatform.JUnitPlatformProvider.invoke(JUnitPlatformProvider.java:117)
	at org.apache.maven.surefire.booter.ForkedBooter.invokeProviderInSameClassLoader(ForkedBooter.java:384)
	at org.apache.maven.surefire.booter.ForkedBooter.runSuitesInProcess(ForkedBooter.java:345)
	at org.apache.maven.surefire.booter.ForkedBooter.e**cute(ForkedBooter.java:126)
	at org.apache.maven.surefire.booter.ForkedBooter.main(ForkedBooter.java:418)

Mar 26, 2021 5:01:03 PM org.entando.kubernetes.client.KubernetesRestInterceptor invoke
INFO: Entering method deploymentFailed in class org.entando.kubernetes.controller.support.client.EntandoResourceClient with EntandoCompositeApp: entando-k8s-composite-app-controller-carcpr17/my-app-carcpr17
Mar 26, 2021 5:01:03 PM okhttp3.mockwebserver.MockWebServer$3 processOneRequest
INFO: MockWebServer[56002] received request: POST /api/v1/namespaces/entando-k8s-composite-app-controller-carcpr17/events HTTP/1.1 and responded: HTTP/1.1 202 OK
Mar 26, 2021 5:01:03 PM okhttp3.mockwebserver.MockWebServer$3 processOneRequest
INFO: MockWebServer[56002] received request: GET /apis/entando.org/v1/namespaces/entando-k8s-composite-app-controller-carcpr17/entandocompositeapps/my-app-carcpr17 HTTP/1.1 and responded: HTTP/1.1 200 OK
Mar 26, 2021 5:01:03 PM okhttp3.mockwebserver.MockWebServer$3 processOneRequest
INFO: MockWebServer[56002] received request: PUT /apis/entando.org/v1/namespaces/entando-k8s-composite-app-controller-carcpr17/entandocompositeapps/my-app-carcpr17/status HTTP/1.1 and responded: HTTP/1.1 202 OK
Mar 26, 2021 5:01:03 PM org.entando.kubernetes.client.KubernetesRestInterceptor invoke
INFO: Exiting method deploymentFailed in class org.entando.kubernetes.controller.support.client.EntandoResourceClient
Mar 26, 2021 5:01:03 PM okhttp3.mockwebserver.MockWebServer$3 processOneRequest
INFO: MockWebServer[56002] received request: GET /api/v1/namespaces/entando-k8s-composite-app-controller-carcpr17/pods?labelSelector=EntandoResourceKind%3DEntandoKeycloakServer%2CEntandoKeycloakServer%3Dtest-keycloak-carcpr17 HTTP/1.1 and responded: HTTP/1.1 200 OK
Mar 26, 2021 5:01:03 PM org.entando.kubernetes.client.KubernetesRestInterceptor invoke
INFO: Entering method getPodWatcherQueue in class org.entando.kubernetes.controller.support.client.PodWaitingClient
Mar 26, 2021 5:01:03 PM org.entando.kubernetes.client.KubernetesRestInterceptor invoke
INFO: Exiting method getPodWatcherQueue in class org.entando.kubernetes.controller.support.client.PodWaitingClient
Mar 26, 2021 5:01:03 PM okhttp3.mockwebserver.MockWebServer$2 acceptConnections
INFO: MockWebServer[56002] done accepting connections: Socket closed
[INFO] Tests run: 4, Failures: 0, Errors: 0, Skipped: 0, Time elapsed: 42.881 s - in org.entando.kubernetes.compositeapp.controller.inprocesstests.CompositeAppControllerMockedTest
[INFO] 
[INFO] Results:
[INFO] 
[INFO] Tests run: 4, Failures: 0, Errors: 0, Skipped: 0
[INFO] 
[INFO] 
[INFO] --- maven-jar-plugin:3.2.0:jar (default-jar) @ entando-k8s-composite-app-controller ---
[INFO] Building jar: /workspace/source/target/entando-k8s-composite-app-controller-0.0.0-SNAPSHOT-PR-17-2.jar
[INFO] 
[INFO] --- maven-jar-plugin:3.2.0:test-jar (build-test-jar) @ entando-k8s-composite-app-controller ---
[INFO] Building jar: /workspace/source/target/entando-k8s-composite-app-controller-0.0.0-SNAPSHOT-PR-17-2-tests.jar
[INFO] 
[INFO] --- maven-javadoc-plugin:3.2.0:jar (attach-javadocs) @ entando-k8s-composite-app-controller ---
[INFO] No previous run data found, generating javadoc.
[INFO] Building jar: /workspace/source/target/entando-k8s-composite-app-controller-0.0.0-SNAPSHOT-PR-17-2-javadoc.jar
[INFO] 
[INFO] --- license-maven-plugin:2.0.0:aggregate-download-licenses (download-licenses) @ entando-k8s-composite-app-controller ---
[INFO] skip flag is on, will skip goal.
[INFO] 
[INFO] --- quarkus-maven-plugin:1.2.0.Final:build (default) @ entando-k8s-composite-app-controller ---
[WARNING] [io.quarkus.creator.curator.Curator] These dependencies are not recommended:
	- javax.servlet:javax.servlet-api should be replaced by jakarta.servlet:jakarta.servlet-api
You might end up with two different versions of the same classes or with an artifact you shouldn't have in your classpath.
[INFO] [org.jboss.threads] JBoss Threads version 3.0.0.Final
[WARNING] [io.quarkus.deployment.steps.ReflectiveHierarchyStep] Unable to properly register the hierarchy of the following classes for reflection as they are not in the Jandex index:
	- org.entando.kubernetes.model.EntandoCustomResourceStatus
Consider adding them to the index either by creating a Jandex index for your dependency via the Maven plugin, an empty META-INF/beans.xml or quarkus.index-dependency properties.");.
[INFO] [io.quarkus.deployment.pkg.steps.JarResultBuildStep] Building thin jar: /workspace/source/target/entando-k8s-composite-app-controller-0.0.0-SNAPSHOT-PR-17-2-runner.jar
[INFO] [io.quarkus.deployment.QuarkusAugmentor] Quarkus augmentation completed in 1470ms
[INFO] 
[INFO] --- maven-surefire-report-plugin:3.0.0-M4:failsafe-report-only (integration-tests) @ entando-k8s-composite-app-controller ---
[INFO] 
[INFO] --- dependency-check-maven:6.0.3:aggregate (default) @ entando-k8s-composite-app-controller ---
[INFO] Checking for updates
[INFO] Skipping NVD check since last check was within 4 hours.
[INFO] Check for updates complete (72 ms)
[INFO] 

Dependency-Check is an open source tool performing a best effort analysis of 3rd party dependencies; false positives and false negatives may exist in the analysis performed by the tool. Use of the tool and the reporting provided constitutes acceptance for use in an AS IS condition, and there are NO warranties, implied or otherwise, with regard to the analysis or its use. Any use of the tool and the reporting provided is at the userâ€™s risk. In no event shall the copyright holder or OWASP be held liable for any damages whatsoever arising out of or in connection with the use of this tool, the analysis performed, or the resulting report.


[INFO] Analysis Started
[INFO] Finished Archive Analyzer (0 seconds)
[INFO] Finished File Name Analyzer (0 seconds)
[INFO] Finished Jar Analyzer (0 seconds)
[INFO] Finished Dependency Merging Analyzer (0 seconds)
[INFO] Finished Version Filter Analyzer (0 seconds)
[INFO] Finished Hint Analyzer (0 seconds)
[INFO] Created CPE Index (2 seconds)
[INFO] Finished CPE Analyzer (4 seconds)
[INFO] Finished False Positive Analyzer (0 seconds)
[INFO] Finished NVD CVE Analyzer (0 seconds)
[INFO] Finished Sonatype OSS Index Analyzer (1 seconds)
[INFO] Finished Vulnerability Suppression Analyzer (0 seconds)
[INFO] Finished Dependency Bundling Analyzer (0 seconds)
[INFO] Analysis Complete (8 seconds)
[INFO] 
[INFO] --- jacoco-maven-plugin:0.8.5:report (report) @ entando-k8s-composite-app-controller ---
[INFO] Loading e**cution data file /workspace/source/target/jacoco.e**c
[INFO] Analyzed bundle 'Entando K8S Composite App Controller' with 1 classes
[INFO] 
[INFO] --- maven-surefire-report-plugin:3.0.0-M4:report-only (unit-tests) @ entando-k8s-composite-app-controller ---
[WARNING] Unable to locate Test Source XRef to link to - DISABLED
[INFO] 
[INFO] --- maven-install-plugin:2.4:install (default-install) @ entando-k8s-composite-app-controller ---
[INFO] Installing /workspace/source/target/entando-k8s-composite-app-controller-0.0.0-SNAPSHOT-PR-17-2.jar to /home/jenkins/.mvnrepository/org/entando/entando-k8s-composite-app-controller/0.0.0-SNAPSHOT-PR-17-2/entando-k8s-composite-app-controller-0.0.0-SNAPSHOT-PR-17-2.jar
[INFO] Installing /workspace/source/pom.xml to /home/jenkins/.mvnrepository/org/entando/entando-k8s-composite-app-controller/0.0.0-SNAPSHOT-PR-17-2/entando-k8s-composite-app-controller-0.0.0-SNAPSHOT-PR-17-2.pom
[INFO] Installing /workspace/source/target/entando-k8s-composite-app-controller-0.0.0-SNAPSHOT-PR-17-2-tests.jar to /home/jenkins/.mvnrepository/org/entando/entando-k8s-composite-app-controller/0.0.0-SNAPSHOT-PR-17-2/entando-k8s-composite-app-controller-0.0.0-SNAPSHOT-PR-17-2-tests.jar
[INFO] Installing /workspace/source/target/entando-k8s-composite-app-controller-0.0.0-SNAPSHOT-PR-17-2-javadoc.jar to /home/jenkins/.mvnrepository/org/entando/entando-k8s-composite-app-controller/0.0.0-SNAPSHOT-PR-17-2/entando-k8s-composite-app-controller-0.0.0-SNAPSHOT-PR-17-2-javadoc.jar
[INFO] 
[INFO] --- maven-deploy-plugin:2.8.2:deploy (default-deploy) @ entando-k8s-composite-app-controller ---
[INFO] Using alternate deployment repository local-nexus::default::http://nexus/repository/maven-releases/
[INFO] 
[INFO] ----------< org.entando:entando-k8s-composite-app-controller >----------
[INFO] Building Entando K8S Composite App Controller 0.0.0-SNAPSHOT-PR-17-2
[INFO] --------------------------------[ jar ]---------------------------------
[INFO] 
[INFO] --- sonar-maven-plugin:3.8.0.2131:sonar (default-cli) @ entando-k8s-composite-app-controller ---
[INFO] User cache: /****/.sonar/cache
[INFO] SonarQube version: 8.5.0
[INFO] Default locale: "en_US", source code encoding: "UTF-8"
[INFO] Load global settings
[INFO] Load global settings (done) | time=230ms
[INFO] Server id: 1BD809FA-AWHW8ct9-T_TB3XqouNu
[INFO] User cache: /****/.sonar/cache
[INFO] Load/download plugins
[INFO] Load plugins index
[INFO] Load plugins index (done) | time=94ms
[INFO] Load/download plugins (done) | time=21440ms
[INFO] Loaded core extensions: developer-scanner
[INFO] JavaScript/TypeScript frontend is enabled
[INFO] Load project settings for component key: 'entando-k8s_entando-k8s-composite-app-controller'
[INFO] Load project settings for component key: 'entando-k8s_entando-k8s-composite-app-controller' (done) | time=29ms
[INFO] Process project properties
[INFO] E**cute project builders
[INFO] E**cute project builders (done) | time=20ms
[INFO] Project key: entando-k8s_entando-k8s-composite-app-controller
[INFO] Base dir: /workspace/source
[INFO] Working dir: /workspace/source/target/sonar
[INFO] Load project branches
[INFO] Load project branches (done) | time=37ms
[INFO] Check ALM binding of project 'entando-k8s_entando-k8s-composite-app-controller'
[INFO] Detected project binding: BOUND
[INFO] Check ALM binding of project 'entando-k8s_entando-k8s-composite-app-controller' (done) | time=26ms
[INFO] Load project pull requests
[INFO] Load project pull requests (done) | time=41ms
[INFO] Load branch configuration
[INFO] Load branch configuration (done) | time=508ms
[INFO] Load quality profiles
[INFO] Load quality profiles (done) | time=76ms
[INFO] Load active rules
[INFO] Load active rules (done) | time=1270ms
[INFO] Organization key: entando-k8s
[INFO] Pull request 17 for merge into master from ENG-2068
[INFO] SCM collecting changed files in the branch
[WARNING] Exception caught during e**cution of command '[/usr/local/git/bin/git, config, --******, --edit]' in '/usr/local/git/bin', return code '128', error message 'fatal: Invalid path '/usr/local/git/etc': No such file or directory
'
[INFO] SCM collecting changed files in the branch (done) | time=304ms
[INFO] Indexing files...
[INFO] Project configuration:
[INFO] 7 files inde**d
[INFO] 0 files ignored because of scm ignore settings
[INFO] Quality profile for java: Sonar way
[INFO] Quality profile for xml: Sonar way
[INFO] ------------- Run sensors on module Entando K8S Composite App Controller
[INFO] JavaScript/TypeScript frontend is enabled
[INFO] Load metrics repository
[INFO] Load metrics repository (done) | time=33ms
[INFO] Sensor JavaSquidSensor [java]
[INFO] Configured Java source version (sonar.java.source): 9
[INFO] JavaClasspath initialization
[INFO] JavaClasspath initialization (done) | time=21ms
[INFO] JavaTestClasspath initialization
[INFO] JavaTestClasspath initialization (done) | time=2ms
[INFO] Java Main Files AST scan
[INFO] 1 source file to be analyzed
[INFO] 1/1 source file has been analyzed
[INFO] Java Main Files AST scan (done) | time=3333ms
[INFO] Java Test Files AST scan
[INFO] 5 source files to be analyzed
[INFO] 5/5 source files have been analyzed
[INFO] Java Test Files AST scan (done) | time=771ms
[INFO] Java Generated Files AST scan
[INFO] 0 source files to be analyzed
[INFO] 0/0 source files have been analyzed
[INFO] Java Generated Files AST scan (done) | time=1ms
[INFO] Sensor JavaSquidSensor [java] (done) | time=4551ms
[INFO] Sensor SonarCSS Rules [cssfamily]
[INFO] No CSS, PHP, HTML or VueJS files are found in the project. CSS analysis is skipped.
[INFO] Sensor SonarCSS Rules [cssfamily] (done) | time=1ms
[INFO] Sensor C# Project Type Information [csharp]
[INFO] Sensor C# Project Type Information [csharp] (done) | time=1ms
[INFO] Sensor C# Properties [csharp]
[INFO] Sensor C# Properties [csharp] (done) | time=1ms
[INFO] Sensor Import of Checkstyle issues [java]
[INFO] Importing /workspace/source/target/checkstyle-result.xml
[INFO] Sensor Import of Checkstyle issues [java] (done) | time=277ms
[INFO] Sensor SurefireSensor [java]
[INFO] parsing [/workspace/source/target/surefire-reports]
[INFO] Sensor SurefireSensor [java] (done) | time=48ms
[INFO] Sensor JavaXmlSensor [java]
[INFO] 1 source file to be analyzed
[INFO] 1/1 source file has been analyzed
[INFO] Sensor JavaXmlSensor [java] (done) | time=264ms
[INFO] Sensor HTML [web]
[INFO] Sensor HTML [web] (done) | time=4ms
[INFO] Sensor XML Sensor [xml]
[INFO] 1 source file to be analyzed
[INFO] 1/1 source file has been analyzed
[INFO] Sensor XML Sensor [xml] (done) | time=238ms
[INFO] Sensor VB.NET Project Type Information [vbnet]
[INFO] Sensor VB.NET Project Type Information [vbnet] (done) | time=1ms
[INFO] Sensor VB.NET Properties [vbnet]
[INFO] Sensor VB.NET Properties [vbnet] (done) | time=2ms
[INFO] Sensor JaCoCo XML Report Importer [jacoco]
[INFO] Importing 1 report(s). Turn your logs in debug mode in order to see the exhaustive list.
[INFO] Sensor JaCoCo XML Report Importer [jacoco] (done) | time=40ms
[INFO] Sensor ThymeLeaf template sensor [securityjavafrontend]
[INFO] Sensor ThymeLeaf template sensor [securityjavafrontend] (done) | time=2ms
[INFO] Sensor JavaSecuritySensor [security]
[INFO] Reading type hierarchy from: /workspace/source/target/sonar/ucfg2/java
[INFO] Read 68 type definitions
[INFO] Reading UCFGs from: /workspace/source/target/sonar/ucfg2/java
[INFO] 17:02:04.328577 Building Runtime Type propagation graph
[INFO] 17:02:04.33684 Running Tarjan on 68 nodes
[INFO] 17:02:04.338948 Tarjan found 65 components
[INFO] 17:02:04.342006 Variable type analysis: done
[INFO] 17:02:04.342987 Building Runtime Type propagation graph
[INFO] 17:02:04.346664 Running Tarjan on 68 nodes
[INFO] 17:02:04.347251 Tarjan found 65 components
[INFO] 17:02:04.347736 Variable type analysis: done
[INFO] Analyzing 10 ucfgs to detect vulnerabilities.
[INFO] All rules entrypoints : 0 Retained UCFGs : 0
[INFO] rule: S5131, entrypoints: 0
[INFO] rule: S5131 done
[INFO] rule: S3649, entrypoints: 0
[INFO] rule: S3649 done
[INFO] rule: S2076, entrypoints: 0
[INFO] rule: S2076 done
[INFO] rule: S2091, entrypoints: 0
[INFO] rule: S2091 done
[INFO] rule: S2078, entrypoints: 0
[INFO] rule: S2078 done
[INFO] rule: S2631, entrypoints: 0
[INFO] rule: S2631 done
[INFO] rule: S5135, entrypoints: 0
[INFO] rule: S5135 done
[INFO] rule: S2083, entrypoints: 0
[INFO] rule: S2083 done
[INFO] rule: S5167, entrypoints: 0
[INFO] rule: S5167 done
[INFO] rule: S5144, entrypoints: 0
[INFO] rule: S5144 done
[INFO] rule: S5145, entrypoints: 0
[INFO] rule: S5145 done
[INFO] rule: S5146, entrypoints: 0
[INFO] rule: S5146 done
[INFO] rule: S5334, entrypoints: 0
[INFO] rule: S5334 done
[INFO] rule: S6096, entrypoints: 0
[INFO] rule: S6096 done
[INFO] Sensor JavaSecuritySensor [security] (done) | time=485ms
[INFO] Sensor CSharpSecuritySensor [security]
[INFO] Reading type hierarchy from: /workspace/source/target/ucfg_cs2
[INFO] Read 0 type definitions
[INFO] Reading UCFGs from: /workspace/source/target/ucfg_cs2
[INFO] No UCFGs have been included for analysis.
[INFO] Sensor CSharpSecuritySensor [security] (done) | time=1ms
[INFO] Sensor PhpSecuritySensor [security]
[INFO] Reading type hierarchy from: /workspace/source/target/sonar/ucfg2/php
[INFO] Read 0 type definitions
[INFO] Reading UCFGs from: /workspace/source/target/sonar/ucfg2/php
[INFO] No UCFGs have been included for analysis.
[INFO] Sensor PhpSecuritySensor [security] (done) | time=1ms
[INFO] Sensor PythonSecuritySensor [security]
[INFO] Reading type hierarchy from: /workspace/source/target/sonar/ucfg2/python
[INFO] Read 0 type definitions
[INFO] Reading UCFGs from: /workspace/source/target/sonar/ucfg2/python
[INFO] No UCFGs have been included for analysis.
[INFO] Sensor PythonSecuritySensor [security] (done) | time=1ms
[INFO] Sensor JsSecuritySensor [security]
[INFO] Reading type hierarchy from: /workspace/source/target/sonar/ucfg2/js
[INFO] Read 0 type definitions
[INFO] Reading UCFGs from: /workspace/source/target/sonar/ucfg2/js
[INFO] No UCFGs have been included for analysis.
[INFO] Sensor JsSecuritySensor [security] (done) | time=1ms
[INFO] ------------- Run sensors on project
[INFO] Sensor Zero Coverage Sensor
[INFO] Sensor Zero Coverage Sensor (done) | time=1ms
[INFO] Sensor Java CPD Block Inde**r
[INFO] Sensor Java CPD Block Inde**r (done) | time=38ms
[INFO] SCM Publisher SCM provider for this project is: git
[INFO] SCM Publisher 1 source file to be analyzed
[INFO] SCM Publisher 0/1 source files have been analyzed (done) | time=99ms
[WARNING] Missing blame information for the following files:
[WARNING]   * pom.xml
[WARNING] This may lead to missing/broken features in SonarCloud
[INFO] CPD E**cutor Calculating CPD for 1 file
[INFO] CPD E**cutor CPD calculation finished (done) | time=26ms
[INFO] SCM writing changed lines
[INFO] SCM writing changed lines (done) | time=46ms
[INFO] Analysis report generated in 245ms, dir size=195 KB
[INFO] Analysis report compressed in 18ms, zip size=42 KB
[INFO] Analysis report uploaded in 136ms
[INFO] ANALYSIS SUCCESSFUL, you can find the results at: https://sonarcloud.io/dashboard?id=entando-k8s_entando-k8s-composite-app-controller&pullRequest=17
[INFO] Note that you will be able to access the updated dashboard once the server has processed the submitted analysis report
[INFO] More about the report processing at https://sonarcloud.io/api/ce/task?id=AXhvfF9yS3Un1h6sa77W
[INFO] Analysis total time: 11.935 s
[INFO] ------------------------------------------------------------------------
[INFO] BUILD SUCCESS
[INFO] ------------------------------------------------------------------------
[INFO] Total time:  02:01 min
[INFO] Finished at: 2021-03-26T17:02:05Z
[INFO] ------------------------------------------------------------------------
Picked up _JAVA_OPTIONS: -XX:+UnlockExperimentalVMOptions -Dsun.zip.disableMemoryMapping=**** -XX:+UseParallelGC -XX:MinHeapFreeRatio=5 -XX:MaxHeapFreeRatio=10 -XX:GCTimeRatio=4 -XX:AdaptiveSizePolicyWeight=90 -Xms1000m -Xmx12000m
[INFO] Scanning for projects...
[INFO] 
[INFO] ----------< org.entando:entando-k8s-composite-app-controller >----------
[INFO] Building Entando K8S Composite App Controller 0.0.0-SNAPSHOT-PR-17-2
[INFO] --------------------------------[ jar ]---------------------------------
[INFO] 
[INFO] --- maven-site-plugin:3.9.0:site (default-site) @ entando-k8s-composite-app-controller ---
[INFO] configuring report plugin org.apache.maven.plugins:maven-project-info-reports-plugin:3.0.0
[INFO] 9 reports configured for maven-project-info-reports-plugin:3.0.0: dependency-info, distribution-management, index, ci-management, issue-management, licenses, plugins, scm, summary
[INFO] Rendering site with default locale English (en)
[WARNING] Unable to find a URL to the parent project. The parent menu will NOT be added.
[INFO] Relativizing decoration links with respect to localized project URL: https://central.entando.com
[INFO] Rendering content with org.apache.maven.skins:maven-default-skin:jar:1.3 skin.
[INFO] Generating "Dependency Information" report --- maven-project-info-reports-plugin:3.0.0:dependency-info
[INFO] Generating "About" report         --- maven-project-info-reports-plugin:3.0.0:index
[INFO] Generating "Issue Management" report --- maven-project-info-reports-plugin:3.0.0:issue-management
[INFO] Generating "Licenses" report      --- maven-project-info-reports-plugin:3.0.0:licenses
[INFO] Generating "Plugins" report       --- maven-project-info-reports-plugin:3.0.0:plugins
[INFO] Generating "Source Code Management" report --- maven-project-info-reports-plugin:3.0.0:scm
[INFO] Generating "Summary" report       --- maven-project-info-reports-plugin:3.0.0:summary
[INFO] ------------------------------------------------------------------------
[INFO] BUILD SUCCESS
[INFO] ------------------------------------------------------------------------
[INFO] Total time:  7.981 s
[INFO] Finished at: 2021-03-26T17:02:15Z
[INFO] ------------------------------------------------------------------------
error: etcdserver: request is too large
Congratulations! No build failures found for entando-k8s-composite-app-controller-PR-17.

Showing logs for build [32mentando-k8s-entando-k8s-composi-77t4p-2[0m stage [32mfrom-build-pack[0m and container [32mstep-build-container-build[0m
Generating tags...
 - entando/entando-k8s-composite-app-controller -> docker.io/entando/entando-k8s-composite-app-controller:0.0.0-SNAPSHOT-PR-17-2
Checking cache...
 - entando/entando-k8s-composite-app-controller: Not found. Building
Building [entando/entando-k8s-composite-app-controller]...
Sending build context to Docker daemon  142.3kB
Step 1/7 : FROM entando/entando-k8s-operator-common:6.3.13
 ---> f7f2f1cc87d1
Step 2/7 : ARG VERSION
 ---> Using cache
 ---> 4ae5ade3f019
Step 3/7 : LABEL name "Entando K8S Composite App Controller" vendor "Entando" version "v${VERSION}" release "6" summary "This container processes EntandoCompositeApp custom resources." description "This is a run-to-completion container. It will deploy all the components defined in the                    EntandoCompositeApp  to your cluster.                   Subsequent e**cutions of this container against the same EntandoCompositeApp will patch the existing                   deployment resources"
 ---> Running in b2949c1ea40d
 ---> a5a05e61e6e0
Step 4/7 : ENV JAVA_OPTIONS "-Djava.util.logging.manager=org.jboss.logmanager.LogManager"
 ---> Running in 4f8d20648d63
 ---> 4868dd0f86d2
Step 5/7 : ENV AB_ENABLED jmx_exporter
 ---> Running in 5bde9591a2e6
 ---> d18248f70553
Step 6/7 : COPY target/*-runner.jar /deployments/app.jar
 ---> ea3b42671e05
Step 7/7 : ENTRYPOINT /deployments/run-java.sh
 ---> Running in 2673094bf325
 ---> 76eaf454dba0
Successfully built 76eaf454dba0
The push refers to a repository [docker.io/entando/entando-k8s-composite-app-controller]
777bd7b9a104: Preparing
69f832c3e34c: Preparing
d183ae916623: Preparing
c73c441dc85b: Preparing
f0a25ae36dcc: Preparing
04a05557bbad: Preparing
04a05557bbad: Waiting
821b0c400fe6: Preparing
821b0c400fe6: Waiting
f0a25ae36dcc: Layer already exists
69f832c3e34c: Mounted from entando/entando-k8s-app-plugin-link-controller
04a05557bbad: Layer already exists
c73c441dc85b: Mounted from entando/entando-k8s-app-plugin-link-controller
d183ae916623: Mounted from entando/entando-k8s-app-plugin-link-controller
821b0c400fe6: Layer already exists
777bd7b9a104: Pushed
0.0.0-SNAPSHOT-PR-17-2: digest: sha256:cde5bf5c0a2907a678c02a490c33c0db3c8f39537c908cf53218414bf977e3b2 size: 1791
There is a new version (1.21.0) of Skaffold available. Download it at https://storage.googleapis.com/skaffold/releases/latest/skaffold-linux-amd64


Showing logs for build [32mentando-k8s-entando-k8s-composi-77t4p-2[0m stage [32mfrom-build-pack[0m and container [32mstep-postbuild-post-build[0m
no CVE provider running in the current ** namespace so skip adding image to be analysed

Showing logs for build [32mentando-k8s-entando-k8s-composi-77t4p-2[0m stage [32mfrom-build-pack[0m and container [32mstep-promote-make-preview[0m
Creating /builder/home/.helm 
Creating /builder/home/.helm/repository 
Creating /builder/home/.helm/repository/cache 
Creating /builder/home/.helm/repository/local 
Creating /builder/home/.helm/plugins 
Creating /builder/home/.helm/starters 
Creating /builder/home/.helm/cache/archive 
Creating /builder/home/.helm/repository/repositories.yaml 
Adding stable repo with URL: https://charts.helm.sh/stable 
Adding local repo with URL: http://127.0.0.1:8879/charts 
$HELM_HOME has been configured at /builder/home/.helm.
Not installing Tiller due to 'client-only' flag having been set
sed -i -e "s/version:.*/version: 0.0.0-SNAPSHOT-PR-17-2/" Chart.yaml
sed -i -e "s/version:.*/version: 0.0.0-SNAPSHOT-PR-17-2/" ../*/Chart.yaml
sed -i -e "s|repository:.*|repository: docker.io\/entando\/entando-k8s-composite-app-controller|" values.yaml
sed -i -e "s/tag:.*/tag: 0.0.0-SNAPSHOT-PR-17-2/" values.yaml
sed -i -e "s/ENTANDO_DOCKER_REGISTRY_OVERRIDE:.*/ENTANDO_DOCKER_REGISTRY_OVERRIDE: docker.io/" values.yaml
echo "  version: 0.0.0-SNAPSHOT-PR-17-2" >> requirements.yaml
** step helm build
WARNING: No $CHART_REPOSITORY defined so using the default value of: http://jenkins-x-chartmuseum:8080
Adding missing Helm repo: storage.googleapis.com https://storage.googleapis.com/chartmuseum.jenkins-x.io
Successfully added Helm repository storage.googleapis.com.
Adding missing Helm repo: jenkins-x-chartmuseum http://jenkins-x-chartmuseum:8080
Successfully added Helm repository jenkins-x-chartmuseum.
WARNING: No $CHART_REPOSITORY defined so using the default value of: http://jenkins-x-chartmuseum:8080

Showing logs for build [32mentando-k8s-entando-k8s-composi-77t4p-2[0m stage [32mfrom-build-pack[0m and container [32mstep-promote-jx-preview[0m
Creating a preview
Found commit author match for: ampie with email address: ampie.private@gmail.com
Created environment entando-k8s-composite-app-controller-carcpr17
Namespace entando-k8s-composite-app-controller-carcpr17 created 
expose:
  Annotations:
    helm.sh/hook: post-install,post-upgrade
    helm.sh/hook-delete-policy: hook-succeeded
  config:
    domain: *************
    exposer: Ingress
    http: "****"
preview:
  image:
    repository: docker.io/entando/entando-k8s-composite-app-controller
    tag: 0.0.0-SNAPSHOT-PR-17-2

WARNING: Could not find the service URL in namespace entando-k8s-composite-app-controller-carcpr17 for names : Timed out after 1m0s, last error: %!s(<nil>)
Updating PipelineActivities entando-k8s-entando-k8s-composite-app-controller-pr-17-2 which has status Running
WARNING: Failed to find the service entando-k8s-composite-app-controller : failed to find service entando-k8s-composite-app-controller in namespace entando-k8s-composite-app-controller-carcpr17: services "entando-k8s-composite-app-controller" not found

Showing logs for build [32mentando-k8s-entando-k8s-composi-77t4p-2[0m stage [32mfrom-build-pack[0m and container [32mstep-promote-run-post-deployment-tests[0m
Picked up _JAVA_OPTIONS: -XX:+UnlockExperimentalVMOptions -Dsun.zip.disableMemoryMapping=**** -XX:+UseParallelGC -XX:MinHeapFreeRatio=5 -XX:MaxHeapFreeRatio=10 -XX:GCTimeRatio=4 -XX:AdaptiveSizePolicyWeight=90 -Xms1000m -Xmx12000m
[INFO] Scanning for projects...
[INFO] 
[INFO] ----------< org.entando:entando-k8s-composite-app-controller >----------
[INFO] Building Entando K8S Composite App Controller 0.0.0-SNAPSHOT-PR-17-2
[INFO] --------------------------------[ jar ]---------------------------------
[INFO] 
[INFO] --- maven-resources-plugin:2.6:resources (default-resources) @ entando-k8s-composite-app-controller ---
[INFO] Using 'UTF-8' encoding to copy filtered resources.
[INFO] Copying 3 resources
[INFO] 
[INFO] --- maven-compiler-plugin:3.8.1:compile (default-compile) @ entando-k8s-composite-app-controller ---
[INFO] Nothing to compile - all classes are up to date
[INFO] 
[INFO] --- maven-resources-plugin:2.6:testResources (default-testResources) @ entando-k8s-composite-app-controller ---
[INFO] Using 'UTF-8' encoding to copy filtered resources.
[INFO] Copying 6 resources
[INFO] 
[INFO] --- maven-compiler-plugin:3.8.1:testCompile (default-testCompile) @ entando-k8s-composite-app-controller ---
[INFO] Nothing to compile - all classes are up to date
[INFO] 
[INFO] --- maven-surefire-plugin:3.0.0-M1:test (default-test) @ entando-k8s-composite-app-controller ---
[INFO] Tests are skipped.
[INFO] 
[INFO] --- maven-jar-plugin:3.2.0:jar (default-jar) @ entando-k8s-composite-app-controller ---
[INFO] 
[INFO] --- maven-jar-plugin:3.2.0:test-jar (build-test-jar) @ entando-k8s-composite-app-controller ---
[INFO] 
[INFO] --- maven-failsafe-plugin:3.0.0-M4:integration-test (run-tests) @ entando-k8s-composite-app-controller ---
[INFO] 
[INFO] -------------------------------------------------------
[INFO]  T E S T S
[INFO] -------------------------------------------------------
[INFO] Running org.entando.kubernetes.compositeapp.controller.interprocesstests.CompositeAppControllerIntegratedTest
Mar 26, 2021 5:04:50 PM org.entando.kubernetes.client.KubernetesRestInterceptor invoke
INFO: Entering method loadDockerImageInfoConfigMap in class org.entando.kubernetes.controller.support.client.EntandoResourceClient
Mar 26, 2021 5:04:50 PM org.entando.kubernetes.client.KubernetesRestInterceptor invoke
INFO: Exiting method loadDockerImageInfoConfigMap in class org.entando.kubernetes.controller.support.client.EntandoResourceClient
!!!!!!!On EntandoCompositeApp add!!!!!!!!!
Mar 26, 2021 5:04:50 PM org.entando.kubernetes.client.KubernetesRestInterceptor invoke
INFO: Entering method removeAndWait in class org.entando.kubernetes.controller.support.client.PodClient with entando-k8s-composite-app-controller-carcpr17,{EntandoCompositeApp=my-app-carcpr17, EntandoResourceNamespace=entando-k8s-composite-app-controller-carcpr17, EntandoResourceKind=EntandoCompositeApp}
Mar 26, 2021 5:04:50 PM org.entando.kubernetes.client.KubernetesRestInterceptor invoke
INFO: Exiting method removeAndWait in class org.entando.kubernetes.controller.support.client.PodClient
Mar 26, 2021 5:04:50 PM org.entando.kubernetes.client.KubernetesRestInterceptor invoke
INFO: Entering method start in class org.entando.kubernetes.controller.support.client.PodClient with Pod: entando-k8s-composite-app-controller-carcpr17/my-app-carcpr17-deployer-3110
Mar 26, 2021 5:04:50 PM org.entando.kubernetes.client.KubernetesRestInterceptor invoke
INFO: Exiting method start in class org.entando.kubernetes.controller.support.client.PodClient
Mar 26, 2021 5:10:05 PM org.entando.kubernetes.client.integrationtesthelpers.DeletionWaiter lambda$deleteSingleItem$2
WARNING: Deleting pods  entando-k8s-composite-app-controller-carcpr17/my-app-carcpr17-deployer-3110
Mar 26, 2021 5:10:06 PM org.entando.kubernetes.client.integrationtesthelpers.DeletionWaiter lambda$deleteSingleItem$2
WARNING: Deleting deployments  entando-k8s-composite-app-controller-carcpr17/test-plugin-carcpr17-db-deployment to zero
Mar 26, 2021 5:10:06 PM org.entando.kubernetes.client.integrationtesthelpers.DeletionWaiter lambda$deleteSingleItem$2
WARNING: Deleting deployments  entando-k8s-composite-app-controller-carcpr17/test-plugin-carcpr17-db-deployment
Mar 26, 2021 5:10:06 PM org.entando.kubernetes.client.integrationtesthelpers.DeletionWaiter lambda$deleteSingleItem$2
WARNING: Deleting deployments  entando-k8s-composite-app-controller-carcpr17/test-plugin-carcpr17-server-deployment to zero
Mar 26, 2021 5:10:07 PM org.entando.kubernetes.client.integrationtesthelpers.DeletionWaiter lambda$deleteSingleItem$2
WARNING: Deleting deployments  entando-k8s-composite-app-controller-carcpr17/test-plugin-carcpr17-server-deployment
Mar 26, 2021 5:10:07 PM org.entando.kubernetes.client.integrationtesthelpers.DeletionWaiter lambda$deleteSingleItem$2
WARNING: Deleting pods  entando-k8s-composite-app-controller-carcpr17/test-plugin-carcpr17-db-deployment-669bfdd985-wvgqr
Mar 26, 2021 5:10:07 PM org.entando.kubernetes.client.integrationtesthelpers.DeletionWaiter lambda$deleteSingleItem$2
WARNING: Deleting pods  entando-k8s-composite-app-controller-carcpr17/test-plugin-carcpr17-dbprep-5324
Mar 26, 2021 5:10:07 PM org.entando.kubernetes.client.integrationtesthelpers.DeletionWaiter lambda$deleteSingleItem$2
WARNING: Deleting pods  entando-k8s-composite-app-controller-carcpr17/test-plugin-carcpr17-deployer-0360
Mar 26, 2021 5:10:07 PM org.entando.kubernetes.client.integrationtesthelpers.DeletionWaiter lambda$deleteSingleItem$2
WARNING: Deleting pods  entando-k8s-composite-app-controller-carcpr17/test-plugin-carcpr17-server-deployment-b985c6595-rzvt4
Mar 26, 2021 5:10:08 PM org.entando.kubernetes.client.integrationtesthelpers.DeletionWaiter lambda$deleteSingleItem$2
WARNING: Deleting pods  entando-k8s-composite-app-controller-carcpr17/test-keycloak-carcpr17-deployer-4496
Mar 26, 2021 5:10:09 PM org.entando.kubernetes.client.integrationtesthelpers.DeletionWaiter lambda$deleteSingleItem$2
WARNING: Deleting pods  entando-k8s-composite-app-controller-carcpr17/test-keycloak-carcpr17-server-deployment-7d74b4544c-f4prn
Mar 26, 2021 5:10:09 PM org.entando.kubernetes.client.KubernetesRestInterceptor invoke
INFO: Entering method loadDockerImageInfoConfigMap in class org.entando.kubernetes.controller.support.client.EntandoResourceClient
Mar 26, 2021 5:10:09 PM org.entando.kubernetes.client.KubernetesRestInterceptor invoke
INFO: Exiting method loadDockerImageInfoConfigMap in class org.entando.kubernetes.controller.support.client.EntandoResourceClient
!!!!!!!On EntandoCompositeApp add!!!!!!!!!
Mar 26, 2021 5:10:09 PM org.entando.kubernetes.client.KubernetesRestInterceptor invoke
INFO: Entering method removeAndWait in class org.entando.kubernetes.controller.support.client.PodClient with entando-k8s-composite-app-controller-carcpr17,{EntandoCompositeApp=my-app-carcpr17, EntandoResourceNamespace=entando-k8s-composite-app-controller-carcpr17, EntandoResourceKind=EntandoCompositeApp}
Mar 26, 2021 5:10:10 PM org.entando.kubernetes.client.KubernetesRestInterceptor invoke
INFO: Exiting method removeAndWait in class org.entando.kubernetes.controller.support.client.PodClient
Mar 26, 2021 5:10:10 PM org.entando.kubernetes.client.KubernetesRestInterceptor invoke
INFO: Entering method start in class org.entando.kubernetes.controller.support.client.PodClient with Pod: entando-k8s-composite-app-controller-carcpr17/my-app-carcpr17-deployer-7901
Mar 26, 2021 5:10:10 PM org.entando.kubernetes.client.KubernetesRestInterceptor invoke
INFO: Exiting method start in class org.entando.kubernetes.controller.support.client.PodClient
[INFO] Tests run: 2, Failures: 0, Errors: 0, Skipped: 0, Time elapsed: 589.602 s - in org.entando.kubernetes.compositeapp.controller.interprocesstests.CompositeAppControllerIntegratedTest
[INFO] 
[INFO] Results:
[INFO] 
[INFO] Tests run: 2, Failures: 0, Errors: 0, Skipped: 0
[INFO] 
[INFO] 
[INFO] --- maven-surefire-report-plugin:3.0.0-M4:failsafe-report-only (integration-tests) @ entando-k8s-composite-app-controller ---
[WARNING] Unable to locate Test Source XRef to link to - DISABLED
[INFO] 
[INFO] --- maven-surefire-report-plugin:3.0.0-M4:report-only (unit-tests) @ entando-k8s-composite-app-controller ---
[WARNING] Unable to locate Test Source XRef to link to - DISABLED
[INFO] 
[INFO] --- maven-failsafe-plugin:3.0.0-M4:verify (run-tests) @ entando-k8s-composite-app-controller ---
[INFO] 
[INFO] --- maven-site-plugin:3.9.0:site (default-site) @ entando-k8s-composite-app-controller ---
[INFO] configuring report plugin org.apache.maven.plugins:maven-project-info-reports-plugin:3.0.0
[INFO] 9 reports configured for maven-project-info-reports-plugin:3.0.0: dependency-info, distribution-management, index, ci-management, issue-management, licenses, plugins, scm, summary
[INFO] Rendering site with default locale English (en)
[WARNING] Unable to find a URL to the parent project. The parent menu will NOT be added.
[INFO] Relativizing decoration links with respect to localized project URL: https://central.entando.com
[INFO] Rendering content with org.apache.maven.skins:maven-default-skin:jar:1.3 skin.
[INFO] Generating "Dependency Information" report --- maven-project-info-reports-plugin:3.0.0:dependency-info
[INFO] Generating "About" report         --- maven-project-info-reports-plugin:3.0.0:index
[INFO] Generating "Issue Management" report --- maven-project-info-reports-plugin:3.0.0:issue-management
[INFO] Generating "Licenses" report      --- maven-project-info-reports-plugin:3.0.0:licenses
[INFO] Generating "Plugins" report       --- maven-project-info-reports-plugin:3.0.0:plugins
[INFO] Generating "Source Code Management" report --- maven-project-info-reports-plugin:3.0.0:scm
[INFO] Generating "Summary" report       --- maven-project-info-reports-plugin:3.0.0:summary
[INFO] ------------------------------------------------------------------------
[INFO] BUILD SUCCESS
[INFO] ------------------------------------------------------------------------
[INFO] Total time:  10:00 min
[INFO] Finished at: 2021-03-26T17:14:40Z
[INFO] ------------------------------------------------------------------------
error: etcdserver: request is too large
