GROUP,PACKAGE,CLASS,INSTRUCTION_MISSED,INSTRUCTION_COVERED,BRANCH_MISSED,BRANCH_COVERED,LINE_MISSED,LINE_COVERED,COMPLEXITY_MISSED,COMPLEXITY_COVERED,METHOD_MISSED,METHOD_COVERED
Entando Plugin: SEO,org.entando.entando.plugins.jpseo.aps.system.services.url,URLManager,342,0,40,0,77,0,36,0,16,0
Entando Plugin: SEO,org.entando.entando.plugins.jpseo.aps.system.services.url,PageURL,12,0,0,0,5,0,3,0,3,0
Entando Plugin: SEO,org.entando.entando.plugins.jpseo.web.page.model,SeoDataByLang,70,156,10,10,28,17,23,6,13,6
Entando Plugin: SEO,org.entando.entando.plugins.jpseo.web.page.model,SeoData,75,37,12,0,15,8,12,4,6,4
Entando Plugin: SEO,org.entando.entando.plugins.jpseo.web.page.model,SeoMetaTag,75,0,0,0,21,0,11,0,11,0
Entando Plugin: SEO,org.entando.entando.plugins.jpseo.web.page.model,SeoPageRequest,60,0,6,0,16,0,10,0,7,0
Entando Plugin: SEO,org.entando.entando.plugins.jpseo.web.page,SeoPageController,268,71,28,2,50,15,19,7,5,6
Entando Plugin: SEO,org.entando.entando.plugins.jpseo.aps.system.services.metatag,MetatagDOM,98,0,2,0,26,0,5,0,4,0
Entando Plugin: SEO,org.entando.entando.plugins.jpseo.aps.system.services.metatag,MetatagCatalog,53,0,2,0,17,0,6,0,5,0
Entando Plugin: SEO,org.entando.entando.plugins.jpseo.aps.system.services.metatag,Metatag,53,0,0,0,17,0,12,0,12,0
Entando Plugin: SEO,org.entando.entando.plugins.jpseo.aps.system.services.page,SeoPageService,855,4,54,0,201,1,45,1,18,1
Entando Plugin: SEO,org.entando.entando.plugins.jpseo.aps.system.services.page,PageMetatag,190,30,20,0,47,13,21,5,11,5
Entando Plugin: SEO,org.entando.entando.plugins.jpseo.aps.system.services.page,SeoPageDAO,148,0,8,0,30,0,8,0,4,0
Entando Plugin: SEO,org.entando.entando.plugins.jpseo.aps.system.services.page,SeoPageExtraConfigDOM,781,0,70,0,192,0,47,0,12,0
Entando Plugin: SEO,org.entando.entando.plugins.jpseo.aps.system.services.page,SeoPageMetadata,382,24,86,0,86,7,57,2,14,2
Entando Plugin: SEO,org.entando.entando.plugins.jpseo.aps.system.services.page,SeoPageDto,16,6,0,0,3,2,2,2,2,2
Entando Plugin: SEO,org.entando.entando.plugins.jpseo.aps.system.services.mapping.event,SeoChangedEvent,17,0,0,0,7,0,5,0,5,0
Entando Plugin: SEO,org.entando.entando.plugins.jpseo.aps.tags,CurrentPageTag,367,54,71,7,85,15,43,5,5,4
Entando Plugin: SEO,org.entando.entando.plugins.jpseo.aps.tags,SeoMetatagsTag,317,0,36,0,73,0,27,0,9,0
Entando Plugin: SEO,org.entando.entando.plugins.jpseo.aps.tags,SiteMapTag,383,0,40,0,93,0,35,0,15,0
Entando Plugin: SEO,org.entando.entando.plugins.jpseo.aps.tags,PageInfoTag,239,0,40,0,56,0,24,0,4,0
Entando Plugin: SEO,org.entando.entando.plugins.jpseo.aps.tags,ContentTag,128,0,18,0,30,0,15,0,6,0
Entando Plugin: SEO,org.entando.entando.plugins.jpseo.aps.tags,SeoMetatagTag,290,0,38,0,76,0,31,0,12,0
Entando Plugin: SEO,org.entando.entando.plugins.jpseo.aps.tags,SeoMetatagCatalogTag,73,0,0,0,18,0,6,0,6,0
Entando Plugin: SEO,org.entando.entando.plugins.jpseo.web.page.validator,SeoPageValidator,89,4,24,0,20,1,14,1,2,1
Entando Plugin: SEO,org.entando.entando.plugins.jpseo.aps.system.init.portdb,FriendlyCode,3,0,0,0,1,0,1,0,1,0
Entando Plugin: SEO,org.entando.entando.plugins.jpseo.aps.system.services.mapping,SeoMappingManager,611,0,80,0,140,0,60,0,20,0
Entando Plugin: SEO,org.entando.entando.plugins.jpseo.aps.system.services.mapping,SeoMappingDAO,289,0,4,0,79,0,14,0,12,0
Entando Plugin: SEO,org.entando.entando.plugins.jpseo.aps.system.services.mapping,FriendlyCodeVO,52,0,0,0,23,0,11,0,11,0
Entando Plugin: SEO,org.entando.entando.plugins.jpseo.aps.system.services.mapping,ContentFriendlyCode,31,0,0,0,9,0,6,0,6,0
Entando Plugin: SEO,org.entando.entando.plugins.jpseo.aps.system.services.linkresolver,LinkResolverManager,211,0,28,0,53,0,19,0,5,0
Entando Plugin: SEO,org.entando.entando.plugins.jpseo.aps.util,FriendlyCodeGenerator,46,0,4,0,9,0,4,0,2,0
Entando Plugin: SEO,org.entando.entando.plugins.jpseo.aps.system.sitemap,SitemapAction,354,0,32,0,78,0,25,0,9,0
Entando Plugin: SEO,org.entando.entando.plugins.jpseo.aps.system.services.mapping.cache,SeoMappingCacheWrapper,420,0,36,0,90,0,33,0,15,0
Entando Plugin: SEO,org.entando.entando.plugins.jpseo.apsadmin.portal,SeoPageAction,220,0,22,0,59,0,23,0,12,0
Entando Plugin: SEO,org.entando.entando.plugins.jpseo.apsadmin.portal,PageActionAspect,722,0,80,0,163,0,58,0,18,0
Entando Plugin: SEO,org.entando.entando.plugins.jpseo.apsadmin.portal,SeoPageSettingsAction,140,0,18,0,33,0,13,0,4,0
Entando Plugin: SEO,org.entando.entando.plugins.jpseo.apsadmin.portal,PageSettingsActionAspect,148,320,23,31,35,86,20,19,1,11
Entando Plugin: SEO,org.entando.entando.plugins.jpseo.apsadmin.portal,PageSettingsUtils,3,43,8,10,1,12,9,2,1,1
Entando Plugin: SEO,org.entando.entando.plugins.jpseo.apsadmin.portal,SeoPageActionUtils,259,0,14,0,49,0,15,0,8,0
Entando Plugin: SEO,org.entando.entando.plugins.jpseo.aps.system.services.controller.control,RequestValidator,351,0,40,0,91,0,29,0,9,0
Entando Plugin: SEO,org.entando.entando.plugins.jpseo.aps.system.services.content.widget,ContentViewerHelper,50,0,8,0,11,0,7,0,3,0
Entando Plugin: SEO,org.entando.entando.plugins.jpseo.aps.system,JpseoSystemConstants,3,0,0,0,1,0,1,0,1,0
Entando Plugin: SEO,org.entando.entando.plugins.jpseo.apsadmin.content.helper,ContentActionHelperAspect,219,0,22,0,46,0,20,0,9,0
