GROUP,PACKAGE,CLASS,INSTRUCTION_MISSED,INSTRUCTION_COVERED,BRANCH_MISSED,BRANCH_COVERED,LINE_MISSED,LINE_COVERED,COMPLEXITY_MISSED,COMPLEXITY_COVERED,METHOD_MISSED,METHOD_COVERED
Entando K8S Operator Common Library,org.entando.kubernetes.controller.support.client.impl,DefaultServiceClient,16,133,0,2,1,15,1,11,1,10
Entando K8S Operator Common Library,org.entando.kubernetes.controller.support.client.impl,SupportProducer,103,0,4,0,19,0,10,0,8,0
Entando K8S Operator Common Library,org.entando.kubernetes.controller.support.client.impl,DefaultCapabilityClient,52,206,8,2,7,31,8,11,3,11
Entando K8S Operator Common Library,org.entando.kubernetes.controller.support.client.impl,DefaultDeploymentClient,51,107,8,2,9,19,6,7,2,6
Entando K8S Operator Common Library,org.entando.kubernetes.controller.support.client.impl,DefaultIngressClient,55,164,3,1,11,29,7,7,5,7
Entando K8S Operator Common Library,org.entando.kubernetes.controller.support.client.impl,KubernetesRestInterceptor,32,232,2,14,6,36,3,16,1,10
Entando K8S Operator Common Library,org.entando.kubernetes.controller.support.client.impl,DefaultSecretClient,53,131,0,0,12,24,0,9,0,9
Entando K8S Operator Common Library,org.entando.kubernetes.controller.support.client.impl,DefaultPodClient,16,215,3,11,2,26,4,19,1,15
Entando K8S Operator Common Library,org.entando.kubernetes.controller.support.client.impl,EntandoJackson2Provider,0,7,0,0,0,3,0,1,0,1
Entando K8S Operator Common Library,org.entando.kubernetes.controller.support.client.impl,KubernetesExceptionProcessor,133,12,8,2,14,3,8,1,3,1
Entando K8S Operator Common Library,org.entando.kubernetes.controller.support.client.impl,DefaultPersistentVolumeClaimClient,0,52,0,2,0,11,0,4,0,3
Entando K8S Operator Common Library,org.entando.kubernetes.controller.support.client.impl,DefaultSimpleK8SClient,0,161,0,18,0,33,0,20,0,11
Entando K8S Operator Common Library,org.entando.kubernetes.controller.support.client.impl,DefaultServiceAccountClient,48,106,2,2,10,16,2,8,0,8
Entando K8S Operator Common Library,org.entando.kubernetes.controller.support.client.impl,DefaultEntandoResourceClient,77,4,0,0,8,2,5,1,5,1
Entando K8S Operator Common Library,org.entando.kubernetes.controller.support.client.impl,DefaultKeycloakClient,122,631,26,14,23,160,23,28,6,25
Entando K8S Operator Common Library,org.entando.kubernetes.controller.support.command,InProcessCommandStream,14,102,1,5,2,22,1,6,0,4
Entando K8S Operator Common Library,org.entando.kubernetes.controller.support.command,DeployCommand,11,541,3,19,3,100,4,25,1,17
Entando K8S Operator Common Library,org.entando.kubernetes.controller.support.command,ProvideCapabilityCommand,3,520,2,22,1,101,2,31,0,18
Entando K8S Operator Common Library,org.entando.kubernetes.controller.support.command,IngressingDeployCommand,0,80,1,3,0,16,1,5,0,4
Entando K8S Operator Common Library,org.entando.kubernetes.controller.spi.common,ResourceUtils,8,86,3,1,0,16,2,4,0,4
Entando K8S Operator Common Library,org.entando.kubernetes.controller.spi.common,FormatUtils,0,13,0,0,0,3,0,3,0,3
Entando K8S Operator Common Library,org.entando.kubernetes.controller.spi.common,LabelNames,0,125,0,0,0,15,0,3,0,3
Entando K8S Operator Common Library,org.entando.kubernetes.controller.spi.common,DbmsDockerVendorStrategy,16,178,3,9,4,35,6,14,3,11
Entando K8S Operator Common Library,org.entando.kubernetes.controller.spi.common,DbmsVendorConfig.1.new JdbcConnectionStringBuilder() {...},0,26,0,0,0,2,0,2,0,2
Entando K8S Operator Common Library,org.entando.kubernetes.controller.spi.common,DbmsVendorConfig.5.new JdbcConnectionStringBuilder() {...},0,21,0,0,0,2,0,2,0,2
Entando K8S Operator Common Library,org.entando.kubernetes.controller.spi.common,NameUtils,18,128,2,6,2,24,3,16,1,14
Entando K8S Operator Common Library,org.entando.kubernetes.controller.spi.common,PodResult,23,243,6,30,4,39,6,30,0,18
Entando K8S Operator Common Library,org.entando.kubernetes.controller.spi.common,PodResult.State,0,44,0,0,0,2,0,1,0,1
Entando K8S Operator Common Library,org.entando.kubernetes.controller.spi.common,JdbcConnectionStringBuilder,0,83,1,3,0,24,1,16,0,15
Entando K8S Operator Common Library,org.entando.kubernetes.controller.spi.common,DbmsVendorConfig.4.new JdbcConnectionStringBuilder() {...},0,21,0,0,0,2,0,2,0,2
Entando K8S Operator Common Library,org.entando.kubernetes.controller.spi.common,ConfigProperty,0,8,0,0,0,1,0,1,0,1
Entando K8S Operator Common Library,org.entando.kubernetes.controller.spi.common,DbmsVendorConfig.new DbmsVendorConfig() {...},0,16,0,0,0,2,0,2,0,2
Entando K8S Operator Common Library,org.entando.kubernetes.controller.spi.common,DbmsVendorConfig.new DbmsVendorConfig() {...},0,16,0,0,0,2,0,2,0,2
Entando K8S Operator Common Library,org.entando.kubernetes.controller.spi.common,DbmsVendorConfig.new DbmsVendorConfig() {...},0,16,0,0,0,2,0,2,0,2
Entando K8S Operator Common Library,org.entando.kubernetes.controller.spi.common,DbmsVendorConfig.new DbmsVendorConfig() {...},0,13,0,0,0,2,0,2,0,2
Entando K8S Operator Common Library,org.entando.kubernetes.controller.spi.common,DbmsVendorConfig.new DbmsVendorConfig() {...},0,13,0,0,0,2,0,2,0,2
Entando K8S Operator Common Library,org.entando.kubernetes.controller.spi.common,EntandoOperatorConfigBase,10,90,2,6,3,20,4,9,2,7
Entando K8S Operator Common Library,org.entando.kubernetes.controller.spi.common,DbmsVendorConfig,10,138,0,0,4,26,2,10,2,10
Entando K8S Operator Common Library,org.entando.kubernetes.controller.spi.common,ExceptionUtils,3,87,1,5,1,18,1,6,0,4
Entando K8S Operator Common Library,org.entando.kubernetes.controller.spi.common,DbmsVendorConfig.3.new JdbcConnectionStringBuilder() {...},0,26,0,0,0,2,0,2,0,2
Entando K8S Operator Common Library,org.entando.kubernetes.controller.spi.common,EntandoOperatorSpiConfig,14,37,2,0,5,10,3,6,2,6
Entando K8S Operator Common Library,org.entando.kubernetes.controller.spi.common,KeycloakPreference,0,6,0,0,0,2,0,2,0,2
Entando K8S Operator Common Library,org.entando.kubernetes.controller.spi.common,EntandoControllerException,4,14,0,0,2,6,1,3,1,3
Entando K8S Operator Common Library,org.entando.kubernetes.controller.spi.common,SecretUtils,0,63,0,0,0,12,0,4,0,4
Entando K8S Operator Common Library,org.entando.kubernetes.controller.spi.common,DbmsDockerVendorStrategy.DockerRegistry,0,34,0,0,0,6,0,2,0,2
Entando K8S Operator Common Library,org.entando.kubernetes.controller.spi.common,DbmsVendorConfig.2.new JdbcConnectionStringBuilder() {...},0,26,0,0,0,2,0,2,0,2
Entando K8S Operator Common Library,org.entando.kubernetes.controller.spi.common,TrustStoreHelper,54,175,0,4,12,34,2,11,2,9
Entando K8S Operator Common Library,org.entando.kubernetes.controller.spi.common,EntandoOperatorSpiConfigProperty,0,104,0,0,0,11,0,1,0,1
Entando K8S Operator Common Library,org.entando.kubernetes.controller.spi.common,EntandoOperatorComplianceMode,0,40,0,0,0,6,0,3,0,3
Entando K8S Operator Common Library,org.entando.kubernetes.controller.spi.deployable,Deployable,0,8,0,0,0,4,0,4,0,4
Entando K8S Operator Common Library,org.entando.kubernetes.controller.spi.deployable,DbAwareDeployable,1,29,1,1,0,3,1,2,0,2
Entando K8S Operator Common Library,org.entando.kubernetes.controller.support.client,DoneableServiceAccount,22,34,2,0,4,8,4,2,3,2
Entando K8S Operator Common Library,org.entando.kubernetes.controller.support.client,DuplicateExcepion,5,0,0,0,2,0,1,0,1,0
Entando K8S Operator Common Library,org.entando.kubernetes.controller.support.client,UnauthorizedExcepion,5,0,0,0,2,0,1,0,1,0
Entando K8S Operator Common Library,org.entando.kubernetes.controller.support.client,DoneableIngress,11,32,2,0,2,6,3,2,2,2
Entando K8S Operator Common Library,org.entando.kubernetes.controller.support.client,WaitingClient,8,3,0,0,3,1,0,1,0,1
Entando K8S Operator Common Library,org.entando.kubernetes.controller.spi.client.impl,SupportedStandardResourceKind.new SupportedStandardResourceKind() {...},0,8,0,0,0,2,0,2,0,2
Entando K8S Operator Common Library,org.entando.kubernetes.controller.spi.client.impl,SupportedStandardResourceKind.new SupportedStandardResourceKind() {...},0,8,0,0,0,2,0,2,0,2
Entando K8S Operator Common Library,org.entando.kubernetes.controller.spi.client.impl,SupportedStandardResourceKind.new SupportedStandardResourceKind() {...},0,9,0,0,0,2,0,2,0,2
Entando K8S Operator Common Library,org.entando.kubernetes.controller.spi.client.impl,SupportedStandardResourceKind.new SupportedStandardResourceKind() {...},0,8,0,0,0,2,0,2,0,2
Entando K8S Operator Common Library,org.entando.kubernetes.controller.spi.client.impl,SupportedStandardResourceKind.new SupportedStandardResourceKind() {...},0,9,0,0,0,2,0,2,0,2
Entando K8S Operator Common Library,org.entando.kubernetes.controller.spi.client.impl,SupportedStandardResourceKind.new SupportedStandardResourceKind() {...},0,8,0,0,0,2,0,2,0,2
Entando K8S Operator Common Library,org.entando.kubernetes.controller.spi.client.impl,DefaultKubernetesClientForControllers,115,380,1,5,20,75,8,21,7,19
Entando K8S Operator Common Library,org.entando.kubernetes.controller.spi.client.impl,SupportedStandardResourceKind,5,69,0,0,3,8,1,2,1,2
Entando K8S Operator Common Library,org.entando.kubernetes.controller.support.creators,LimitAndRequestCalculator,6,143,1,9,2,32,1,10,0,6
Entando K8S Operator Common Library,org.entando.kubernetes.controller.support.creators,ConfigurableStorageCalculator,0,30,0,0,0,5,0,3,0,3
Entando K8S Operator Common Library,org.entando.kubernetes.controller.support.creators,IngressPathCreator,0,145,0,2,0,29,0,10,0,9
Entando K8S Operator Common Library,org.entando.kubernetes.controller.support.creators,ServiceCreator,42,360,7,7,11,85,6,16,1,14
Entando K8S Operator Common Library,org.entando.kubernetes.controller.support.creators,SecretCreator,40,144,2,6,11,33,2,11,0,9
Entando K8S Operator Common Library,org.entando.kubernetes.controller.support.creators,AbstractK8SResourceCreator,0,116,0,6,0,25,0,9,0,6
Entando K8S Operator Common Library,org.entando.kubernetes.controller.support.creators,EntandoRbacRole,0,48,0,0,0,6,0,3,0,3
Entando K8S Operator Common Library,org.entando.kubernetes.controller.support.creators,IngressCreator,76,369,11,15,9,69,11,21,2,17
Entando K8S Operator Common Library,org.entando.kubernetes.controller.support.creators,DatabasePreparationPodCreator,20,430,0,6,1,82,2,18,2,15
Entando K8S Operator Common Library,org.entando.kubernetes.controller.support.creators,ResourceCalculator,0,26,0,0,0,7,0,5,0,5
Entando K8S Operator Common Library,org.entando.kubernetes.controller.support.creators,StorageCalculator,0,16,0,0,0,5,0,3,0,3
Entando K8S Operator Common Library,org.entando.kubernetes.controller.support.creators,DeploymentCreator,45,803,2,46,7,171,4,48,2,26
Entando K8S Operator Common Library,org.entando.kubernetes.controller.support.creators,ConfigurableResourceCalculator,0,45,0,0,0,7,0,5,0,5
Entando K8S Operator Common Library,org.entando.kubernetes.controller.support.creators,PersistentVolumeClaimCreator,6,151,1,3,1,30,1,9,0,8
Entando K8S Operator Common Library,org.entando.kubernetes.controller.support.creators,KeycloakClientCreator,22,177,5,7,6,41,5,7,0,6
Entando K8S Operator Common Library,org.entando.kubernetes.controller.support.creators,ServiceAccountCreator,5,217,1,1,0,58,2,10,1,10
Entando K8S Operator Common Library,org.entando.kubernetes.controller.spi.client,SerializedEntandoResource,10,58,0,2,5,14,3,11,3,10
Entando K8S Operator Common Library,org.entando.kubernetes.controller.spi.client,ExecutionResult,18,95,3,3,6,21,4,10,2,9
Entando K8S Operator Common Library,org.entando.kubernetes.controller.spi.client,KubernetesClientForControllers,71,531,6,8,11,104,8,25,4,22
Entando K8S Operator Common Library,org.entando.kubernetes.controller.support.spibase,SsoAwareContainerBase,0,4,0,0,0,1,0,1,0,1
Entando K8S Operator Common Library,org.entando.kubernetes.controller.support.spibase,IngressingDeployableBase,25,0,0,0,7,0,4,0,4,0
Entando K8S Operator Common Library,org.entando.kubernetes.controller.support.spibase,PublicIngressingDeployableBase,9,0,0,0,3,0,2,0,2,0
Entando K8S Operator Common Library,org.entando.kubernetes.controller.spi.result,ExposedDeploymentResult,0,22,0,0,0,8,0,5,0,5
Entando K8S Operator Common Library,org.entando.kubernetes.controller.spi.result,AbstractServiceResult,0,50,0,4,0,14,0,8,0,6
Entando K8S Operator Common Library,org.entando.kubernetes.controller.spi.result,DefaultExposedDeploymentResult,0,6,0,0,0,2,0,1,0,1
Entando K8S Operator Common Library,org.entando.kubernetes.controller.spi.result,ExposedService,4,244,4,22,0,36,3,31,0,21
Entando K8S Operator Common Library,org.entando.kubernetes.controller.spi.command,DefaultSerializableDeploymentResult,0,67,0,0,0,8,0,10,0,10
Entando K8S Operator Common Library,org.entando.kubernetes.controller.spi.command,DeserializationHelper,0,351,0,24,0,62,0,30,0,18
Entando K8S Operator Common Library,org.entando.kubernetes.controller.spi.command,SupportedCommand,0,45,0,0,0,8,0,4,0,4
Entando K8S Operator Common Library,org.entando.kubernetes.controller.spi.command,SerializingDeploymentProcessor,0,37,0,0,0,10,0,2,0,2
Entando K8S Operator Common Library,org.entando.kubernetes.controller.spi.command,SerializationHelper,28,274,5,39,7,52,4,30,0,12
Entando K8S Operator Common Library,org.entando.kubernetes.controller.spi.command,ReflectionUtil,2,214,2,16,1,23,2,13,0,6
Entando K8S Operator Common Library,org.entando.kubernetes.controller.spi.command,ResourceReference,2,65,0,4,2,15,2,8,2,6
Entando K8S Operator Common Library,org.entando.kubernetes.controller.spi.container,ProvidedSsoCapability,5,92,3,3,2,17,3,8,0,8
Entando K8S Operator Common Library,org.entando.kubernetes.controller.spi.container,SsoClientConfig,0,104,0,0,0,26,0,13,0,13
Entando K8S Operator Common Library,org.entando.kubernetes.controller.spi.container,SecretToMount,0,15,0,0,0,6,0,3,0,3
Entando K8S Operator Common Library,org.entando.kubernetes.controller.spi.container,KeycloakName,6,29,0,0,0,8,1,4,1,4
Entando K8S Operator Common Library,org.entando.kubernetes.controller.spi.container,DeployableContainer,2,34,0,0,1,9,1,9,1,9
Entando K8S Operator Common Library,org.entando.kubernetes.controller.spi.container,DockerImageInfo,0,252,0,16,0,51,0,21,0,13
Entando K8S Operator Common Library,org.entando.kubernetes.controller.spi.container,DefaultDatabaseSchemaConnectionInfo,3,70,1,1,1,20,1,9,0,9
Entando K8S Operator Common Library,org.entando.kubernetes.controller.spi.container,SpringBootDeployableContainer,70,121,5,1,11,22,3,6,0,6
Entando K8S Operator Common Library,org.entando.kubernetes.controller.spi.container,SsoConnectionInfo,16,35,0,0,1,6,2,4,2,4
Entando K8S Operator Common Library,org.entando.kubernetes.controller.spi.container,KubernetesPermission,0,28,0,0,0,10,0,5,0,5
Entando K8S Operator Common Library,org.entando.kubernetes.controller.spi.container,DbAwareContainer,2,30,0,0,1,8,1,2,1,2
Entando K8S Operator Common Library,org.entando.kubernetes.controller.spi.container,PortSpec,15,0,0,0,6,0,3,0,3,0
Entando K8S Operator Common Library,org.entando.kubernetes.controller.spi.container,IngressingContainer,0,3,0,0,0,1,0,1,0,1
Entando K8S Operator Common Library,org.entando.kubernetes.controller.spi.container,PersistentVolumeAwareContainer,0,6,0,0,0,3,0,3,0,3
Entando K8S Operator Common Library,org.entando.kubernetes.controller.spi.container,TrustStoreAwareContainer,0,25,0,0,0,5,0,2,0,2
Entando K8S Operator Common Library,org.entando.kubernetes.controller.spi.container,ProvidedDatabaseCapability,0,96,0,2,0,19,0,10,0,9
Entando K8S Operator Common Library,org.entando.kubernetes.controller.spi.container,SsoAwareContainer,0,84,0,0,0,14,0,4,0,4
Entando K8S Operator Common Library,org.entando.kubernetes.controller.spi.container,SpringBootDeployableContainer.SpringProperty,0,74,0,0,0,8,0,1,0,1
Entando K8S Operator Common Library,org.entando.kubernetes.controller.spi.capability,SerializableCapabilityForResource,0,15,0,0,0,6,0,3,0,3
Entando K8S Operator Common Library,org.entando.kubernetes.controller.spi.capability,SerializedCapabilityProvisioningResult,0,59,0,0,0,19,0,9,0,9
Entando K8S Operator Common Library,org.entando.kubernetes.controller.spi.capability,SerializingCapabilityProvider,0,113,0,2,0,22,0,7,0,6
Entando K8S Operator Common Library,org.entando.kubernetes.controller.support.common,EntandoOperatorConfig,3,130,0,0,1,22,1,18,1,18
Entando K8S Operator Common Library,org.entando.kubernetes.controller.support.common,SecurityMode,0,37,0,0,0,6,0,3,0,3
Entando K8S Operator Common Library,org.entando.kubernetes.controller.support.common,PropertyResolution,6,114,0,0,2,28,0,14,0,14
Entando K8S Operator Common Library,org.entando.kubernetes.controller.support.common,EntandoOperatorConfigProperty,0,304,0,0,0,30,0,1,0,1
Entando K8S Operator Common Library,org.entando.kubernetes.controller.support.common,FluentTernary,0,31,0,2,0,8,0,6,0,5
Entando K8S Operator Common Library,org.entando.kubernetes.controller.support.common,EntandoImageResolver,1,186,2,6,0,39,2,13,0,11
