
Showing logs for build [32mentando-k8s-entando-de-app-pr-2-tg2pc-1[0m stage [32mfrom-build-pack[0m and container [32mcredential-initializer[0m
{"level":"info","ts":1622047392.364517,"caller":"creds-init/main.go:44","msg":"Credentials initialized."}

Showing logs for build [32mentando-k8s-entando-de-app-pr-2-tg2pc-1[0m stage [32mfrom-build-pack[0m and container [32mworking-dir-initializer[0m

Showing logs for build [32mentando-k8s-entando-de-app-pr-2-tg2pc-1[0m stage [32mfrom-build-pack[0m and container [32mplace-tools[0m

Showing logs for build [32mentando-k8s-entando-de-app-pr-2-tg2pc-1[0m stage [32mfrom-build-pack[0m and container [32mstep-git-source-entando-k8s-entando-de-app-pr-2-tg2pc-gd98z[0m
{"level":"info","ts":1622047416.8231483,"caller":"git/git.go:105","msg":"Successfully cloned https://github.com/entando-k8s/entando-de-app.git @ master in path /workspace/source"}
{"level":"warn","ts":1622047416.8***146,"caller":"git/git.go:152","msg":"Unexpected error: creating symlink: symlink /tekton/home/.ssh /****/.ssh: file exists"}
{"level":"info","ts":1622047416.8681529,"caller":"git/git.go:133","msg":"Successfully initialized and updated submodules in path /workspace/source"}

Showing logs for build [32mentando-k8s-entando-de-app-pr-2-tg2pc-1[0m stage [32mfrom-build-pack[0m and container [32mstep-setup-builder-home[0m

Showing logs for build [32mentando-k8s-entando-de-app-pr-2-tg2pc-1[0m stage [32mfrom-build-pack[0m and container [32mstep-git-merge[0m
Using SHAs from PULL_REFS=master:a9d02f8495be733d3ca406d3de1d99fd73ae9622,233:1b7adfdf8e4a2dec5c770db7d00073f8ce1725e3
DEBUG: LC_ALL=C JX_LOG_LEVEL=error git fetch origin --unshallow 1b7adfdf8e4a2dec5c770db7d00073f8ce1725e3: a9d02f8495be733d3ca406d3de1d99fd73ae9622:
DEBUG: ran git fetch --unshallow origin 1b7adfdf8e4a2dec5c770db7d00073f8ce1725e3: a9d02f8495be733d3ca406d3de1d99fd73ae9622: in 
DEBUG: LC_ALL=C JX_LOG_LEVEL=error git branch
DEBUG: LC_ALL=C JX_LOG_LEVEL=error git checkout master
DEBUG: ran git checkout master in 
DEBUG: LC_ALL=C JX_LOG_LEVEL=error git reset --hard a9d02f8495be733d3ca406d3de1d99fd73ae9622
DEBUG: ran git reset --hard a9d02f8495be733d3ca406d3de1d99fd73ae9622 in 
DEBUG: JX_LOG_LEVEL=error LC_ALL=C git clean -fd .
DEBUG: ran clean --force -d . in 
DEBUG: LC_ALL=C JX_LOG_LEVEL=error git merge 1b7adfdf8e4a2dec5c770db7d00073f8ce1725e3
DEBUG: ran git merge 1b7adfdf8e4a2dec5c770db7d00073f8ce1725e3 in 
DEBUG: LC_ALL=C JX_LOG_LEVEL=error git log --format=%H%x1f%an%x1f%ae%x1f%cn%x1f%ce%x1f%s%n%b%x1e a9d02f8495be733d3ca406d3de1d99fd73ae9622..HEAD
Merged SHA 1b7adfdf8e4a2dec5c770db7d00073f8ce1725e3 with commit message 'ENG-2366 Updating entando engine version' into base branch master

Showing logs for build [32mentando-k8s-entando-de-app-pr-2-tg2pc-1[0m stage [32mfrom-build-pack[0m and container [32mstep-build-set-version[0m
Picked up _JAVA_OPTIONS: -XX:+UnlockExperimentalVMOptions -Dsun.zip.disableMemoryMapping=**** -XX:+UseParallelGC -XX:MinHeapFreeRatio=5 -XX:MaxHeapFreeRatio=10 -XX:GCTimeRatio=4 -XX:AdaptiveSizePolicyWeight=90 -Xms1000m -Xmx12000m
[INFO] Scanning for projects...
[INFO] 
[INFO] -----------------< org.entando.entando:entando-de-app >-----------------
[INFO] Building entando-de-app 6.3.0-SNAPSHOT
[INFO] --------------------------------[ war ]---------------------------------
[INFO] 
[INFO] --- versions-maven-plugin:2.8.1:set (default-cli) @ entando-de-app ---
[INFO] Local aggregation ****: /workspace/source
[INFO] Processing change of org.entando.entando:entando-de-app:6.3.0-SNAPSHOT -> 0.0.0-SNAPSHOT-PR-233-1
[INFO] Processing org.entando.entando:entando-de-app
[INFO]     Updating project org.entando.entando:entando-de-app
[INFO]         from version 6.3.0-SNAPSHOT to 0.0.0-SNAPSHOT-PR-233-1
[INFO] 
[INFO] ------------------------------------------------------------------------
[INFO] BUILD SUCCESS
[INFO] ------------------------------------------------------------------------
[INFO] Total time:  6.063 s
[INFO] Finished at: 2021-05-26T16:43:47Z
[INFO] ------------------------------------------------------------------------

Showing logs for build [32mentando-k8s-entando-de-app-pr-2-tg2pc-1[0m stage [32mfrom-build-pack[0m and container [32mstep-build-mvn-verify[0m
Picked up _JAVA_OPTIONS: -XX:+UnlockExperimentalVMOptions -Dsun.zip.disableMemoryMapping=**** -XX:+UseParallelGC -XX:MinHeapFreeRatio=5 -XX:MaxHeapFreeRatio=10 -XX:GCTimeRatio=4 -XX:AdaptiveSizePolicyWeight=90 -Xms1000m -Xmx12000m
[INFO] Scanning for projects...
[INFO] 
[INFO] -----------------< org.entando.entando:entando-de-app >-----------------
[INFO] Building entando-de-app 0.0.0-SNAPSHOT-PR-233-1
[INFO] --------------------------------[ war ]---------------------------------
[WARNING] The POM for org.entando.entando:entando-engine:jar:6.3.60 is missing, no dependency information available
[WARNING] The POM for org.entando.entando:entando-engine:jar:tests:6.3.60 is missing, no dependency information available
[INFO] ------------------------------------------------------------------------
[INFO] BUILD FAILURE
[INFO] ------------------------------------------------------------------------
[INFO] Total time:  14.623 s
[INFO] Finished at: 2021-05-26T16:44:03Z
[INFO] ------------------------------------------------------------------------
[ERROR] Failed to e**cute goal on project entando-de-app: Could not resolve dependencies for project org.entando.entando:entando-de-app:war:0.0.0-SNAPSHOT-PR-233-1: The following artifacts could not be resolved: org.entando.entando:entando-engine:jar:6.3.60, org.entando.entando:entando-engine:jar:tests:6.3.60: Could not find artifact org.entando.entando:entando-engine:jar:6.3.60 in nexus (http://nexus/repository/maven-group/) -> [Help 1]
[ERROR] 
[ERROR] To see the full stack trace of the errors, re-run Maven with the -e switch.
[ERROR] Re-run Maven using the -X switch to enable full debug logging.
[ERROR] 
[ERROR] For more information about the errors and possible solutions, please read the following articles:
[ERROR] [Help 1] http://cwiki.apache.org/confluence/display/MAVEN/DependencyResolutionException
[31m
Pipeline failed on stage 'from-build-pack' : container 'step-build-mvn-verify'. The execution of the pipeline has stopped.[0m
