
Showing logs for build [32mentando-k8s-entando-k8s-composi-9b7mz-4[0m stage [32mfrom-build-pack[0m and container [32mstep-credential-initializer-nqghh[0m
{"level":"warn","ts":1613711717.2760956,"logger":"fallback-logger","caller":"logging/config.go:69","msg":"Fetch GitHub commit ID from kodata failed: \"ref: refs/heads/0.8.0-**-support-backwards-incompats\" is not a valid GitHub commit ID"}
{"level":"info","ts":1613711717.2872446,"logger":"fallback-logger","caller":"creds-init/main.go:40","msg":"Credentials initialized."}

Showing logs for build [32mentando-k8s-entando-k8s-composi-9b7mz-4[0m stage [32mfrom-build-pack[0m and container [32mstep-working-dir-initializer-fb782[0m
{"level":"warn","ts":1613711725.6516528,"logger":"fallback-logger","caller":"logging/config.go:69","msg":"Fetch GitHub commit ID from kodata failed: open /var/run/ko/HEAD: no such file or directory"}
{"level":"info","ts":1613711725.6735954,"logger":"fallback-logger","caller":"bash/main.go:64","msg":"Successfully e**cuted command \"sh -c mkdir -p /workspace/source\"; output "}

Showing logs for build [32mentando-k8s-entando-k8s-composi-9b7mz-4[0m stage [32mfrom-build-pack[0m and container [32mstep-place-tools[0m

Showing logs for build [32mentando-k8s-entando-k8s-composi-9b7mz-4[0m stage [32mfrom-build-pack[0m and container [32mstep-git-source-entando-k8s-entando-k8s-composi-7fv9x[0m
{"level":"warn","ts":1613711757.8698642,"logger":"fallback-logger","caller":"logging/config.go:69","msg":"Fetch GitHub commit ID from kodata failed: \"ref: refs/heads/0.8.0-**-support-backwards-incompats\" is not a valid GitHub commit ID"}
{"level":"info","ts":1613711759.2148514,"logger":"fallback-logger","caller":"git/git.go:103","msg":"Successfully cloned https://github.com/entando-k8s/entando-k8s-composite-app-controller.git @ master in path /workspace/source"}

Showing logs for build [32mentando-k8s-entando-k8s-composi-9b7mz-4[0m stage [32mfrom-build-pack[0m and container [32mstep-git-merge[0m
Using SHAs from PULL_REFS=master:692696784c6ba079a8932479497e5093817fe5c0,16:eb6914a1653e873e1d72b671da7597d61796ac53
DEBUG: ran git fetch --unshallow origin eb6914a1653e873e1d72b671da7597d61796ac53: 692696784c6ba079a8932479497e5093817fe5c0: in 
DEBUG: ran git checkout master in 
DEBUG: ran git reset --hard 692696784c6ba079a8932479497e5093817fe5c0 in 
DEBUG: ran clean --force -d . in 
DEBUG: ran git merge eb6914a1653e873e1d72b671da7597d61796ac53 in 
Merged SHA eb6914a1653e873e1d72b671da7597d61796ac53 with commit message 'ENG-1829 increased test coverage' into base branch master
Merged SHA d9aceef4b71e15e880d6b90c66c7113c80eb7f8b with commit message 'ENG-1829 bumped to latest operator-common' into base branch master
Merged SHA 9af52c5067b5eb8857875b5a5a191b9cb91f97f9 with commit message 'ENG-1829 deleting successfully completed pods' into base branch master

Showing logs for build [32mentando-k8s-entando-k8s-composi-9b7mz-4[0m stage [32mfrom-build-pack[0m and container [32mstep-build-set-version[0m
Picked up _JAVA_OPTIONS: -XX:+UnlockExperimentalVMOptions -Dsun.zip.disableMemoryMapping=**** -XX:+UseParallelGC -XX:MinHeapFreeRatio=5 -XX:MaxHeapFreeRatio=10 -XX:GCTimeRatio=4 -XX:AdaptiveSizePolicyWeight=90 -Xms1000m -Xmx12000m
[INFO] Scanning for projects...
[INFO] 
[INFO] ----------< org.entando:entando-k8s-composite-app-controller >----------
[INFO] Building Entando K8S Composite App Controller 6.3.0-SNAPSHOT
[INFO] --------------------------------[ jar ]---------------------------------
[INFO] 
[INFO] --- versions-maven-plugin:2.8.1:set (default-cli) @ entando-k8s-composite-app-controller ---
[INFO] Local aggregation ****: /workspace/source
[INFO] Processing change of org.entando:entando-k8s-composite-app-controller:6.3.0-SNAPSHOT -> 0.0.0-SNAPSHOT-PR-16-4
[INFO] Processing org.entando:entando-k8s-composite-app-controller
[INFO]     Updating project org.entando:entando-k8s-composite-app-controller
[INFO]         from version 6.3.0-SNAPSHOT to 0.0.0-SNAPSHOT-PR-16-4
[INFO] 
[INFO] ------------------------------------------------------------------------
[INFO] BUILD SUCCESS
[INFO] ------------------------------------------------------------------------
[INFO] Total time:  11.519 s
[INFO] Finished at: 2021-02-19T05:16:16Z
[INFO] ------------------------------------------------------------------------

Showing logs for build [32mentando-k8s-entando-k8s-composi-9b7mz-4[0m stage [32mfrom-build-pack[0m and container [32mstep-build-fix-git-for-sonar[0m
Switched to a new branch 'PR-16'
M	pom.xml
Deleted branch master (was eb6914a).
From https://github.com/entando-k8s/entando-k8s-composite-app-controller
 * [new branch]      master     -> master

Showing logs for build [32mentando-k8s-entando-k8s-composi-9b7mz-4[0m stage [32mfrom-build-pack[0m and container [32mstep-build-mvn-verify-pr[0m
Picked up _JAVA_OPTIONS: -XX:+UnlockExperimentalVMOptions -Dsun.zip.disableMemoryMapping=**** -XX:+UseParallelGC -XX:MinHeapFreeRatio=5 -XX:MaxHeapFreeRatio=10 -XX:GCTimeRatio=4 -XX:AdaptiveSizePolicyWeight=90 -Xms1000m -Xmx12000m
[INFO] Scanning for projects...
[INFO] 
[INFO] ----------< org.entando:entando-k8s-composite-app-controller >----------
[INFO] Building Entando K8S Composite App Controller 0.0.0-SNAPSHOT-PR-16-4
[INFO] --------------------------------[ jar ]---------------------------------
[INFO] 
[INFO] --- maven-checkstyle-plugin:3.1.1:check (validate) @ entando-k8s-composite-app-controller ---
[INFO] Starting audit...
Audit done.
[INFO] You have 0 Checkstyle violations.
[INFO] 
[INFO] --- maven-checkstyle-plugin:3.1.1:checkstyle (validate) @ entando-k8s-composite-app-controller ---
[INFO] Starting audit...
Audit done.
[INFO] 
[INFO] --- jacoco-maven-plugin:0.8.5:prepare-agent (prepare-agent) @ entando-k8s-composite-app-controller ---
[INFO] argLine set to -javaagent:/home/jenkins/.mvnrepository/org/jacoco/org.jacoco.agent/0.8.5/org.jacoco.agent-0.8.5-runtime.jar=destfile=/workspace/source/target/jacoco.e**c
[INFO] 
[INFO] --- maven-resources-plugin:2.6:resources (default-resources) @ entando-k8s-composite-app-controller ---
[INFO] Using 'UTF-8' encoding to copy filtered resources.
[INFO] Copying 3 resources
[INFO] 
[INFO] --- maven-compiler-plugin:3.8.1:compile (default-compile) @ entando-k8s-composite-app-controller ---
[INFO] Changes detected - recompiling the module!
[INFO] Compiling 1 source file to /workspace/source/target/classes
[INFO] 
[INFO] --- maven-resources-plugin:2.6:testResources (default-testResources) @ entando-k8s-composite-app-controller ---
[INFO] Using 'UTF-8' encoding to copy filtered resources.
[INFO] Copying 6 resources
[INFO] 
[INFO] --- maven-compiler-plugin:3.8.1:testCompile (default-testCompile) @ entando-k8s-composite-app-controller ---
[INFO] Changes detected - recompiling the module!
[INFO] Compiling 5 source files to /workspace/source/target/test-classes
[INFO] 
[INFO] --- maven-surefire-plugin:3.0.0-M1:test (default-test) @ entando-k8s-composite-app-controller ---
[INFO] 
[INFO] -------------------------------------------------------
[INFO]  T E S T S
[INFO] -------------------------------------------------------
[INFO] Running org.entando.kubernetes.compositeapp.controller.inprocesstests.CompositeAppControllerMockedTest
Feb 19, 2021 5:16:49 AM okhttp3.mockwebserver.MockWebServer$2 e**cute
INFO: MockWebServer[40687] starting to accept connections
Feb 19, 2021 5:16:50 AM okhttp3.mockwebserver.MockWebServer$3 processOneRequest
INFO: MockWebServer[40687] received request: GET /api/v1/namespaces/entando HTTP/1.1 and responded: HTTP/1.1 404 Client Error
Feb 19, 2021 5:16:50 AM okhttp3.mockwebserver.MockWebServer$3 processOneRequest
INFO: MockWebServer[40687] received request: POST /api/v1/namespaces HTTP/1.1 and responded: HTTP/1.1 202 OK
Feb 19, 2021 5:16:50 AM org.entando.kubernetes.client.KubernetesRestInterceptor invoke
INFO: Entering method loadDockerImageInfoConfigMap in class org.entando.kubernetes.controller.support.client.EntandoResourceClient
Feb 19, 2021 5:16:50 AM okhttp3.mockwebserver.MockWebServer$3 processOneRequest
INFO: MockWebServer[40687] received request: GET /api/v1/namespaces/entando/configmaps/entando-docker-image-info-v6.3 HTTP/1.1 and responded: HTTP/1.1 404 Client Error
Feb 19, 2021 5:16:50 AM org.entando.kubernetes.client.KubernetesRestInterceptor invoke
INFO: Exiting method loadDockerImageInfoConfigMap in class org.entando.kubernetes.controller.support.client.EntandoResourceClient
Feb 19, 2021 5:16:50 AM okhttp3.mockwebserver.MockWebServer$3 processOneRequest
INFO: MockWebServer[40687] received request: GET /api/v1/namespaces/entando/configmaps/entando-docker-image-info-v6.3 HTTP/1.1 and responded: HTTP/1.1 404 Client Error
Feb 19, 2021 5:16:50 AM okhttp3.mockwebserver.MockWebServer$3 processOneRequest
INFO: MockWebServer[40687] received request: POST /api/v1/namespaces/entando/configmaps HTTP/1.1 and responded: HTTP/1.1 202 OK
Feb 19, 2021 5:16:50 AM okhttp3.mockwebserver.MockWebServer$3 processOneRequest
INFO: MockWebServer[40687] received request: GET /api/v1/namespaces/entando/configmaps/entando-docker-image-info-v6.3 HTTP/1.1 and responded: HTTP/1.1 200 OK
Feb 19, 2021 5:16:50 AM okhttp3.mockwebserver.MockWebServer$3 processOneRequest
INFO: MockWebServer[40687] received request: GET /api/v1/namespaces/entando/configmaps/entando-docker-image-info-v6.3 HTTP/1.1 and responded: HTTP/1.1 200 OK
Feb 19, 2021 5:16:50 AM okhttp3.mockwebserver.MockWebServer$3 processOneRequest
INFO: MockWebServer[40687] received request: GET /api/v1/namespaces/entando/configmaps/entando-docker-image-info-v6.3 HTTP/1.1 and responded: HTTP/1.1 200 OK
Feb 19, 2021 5:16:50 AM okhttp3.mockwebserver.MockWebServer$3 processOneRequest
INFO: MockWebServer[40687] received request: PATCH /api/v1/namespaces/entando/configmaps/entando-docker-image-info-v6.3 HTTP/1.1 and responded: HTTP/1.1 202 OK
Feb 19, 2021 5:16:50 AM org.entando.kubernetes.client.KubernetesRestInterceptor invoke
INFO: Entering method createOrPatchEntandoResource in class org.entando.kubernetes.controller.support.client.EntandoResourceClient with EntandoPlugin: entando-k8s-composite-app-controller-carcpr16/test-plugin-carcpr16
Feb 19, 2021 5:16:50 AM okhttp3.mockwebserver.MockWebServer$3 processOneRequest
INFO: MockWebServer[40687] received request: GET /apis/apiextensions.k8s.io/v1beta1/customresourcedefinitions/entandoplugins.entando.org HTTP/1.1 and responded: HTTP/1.1 404 Client Error
Feb 19, 2021 5:16:51 AM okhttp3.mockwebserver.MockWebServer$3 processOneRequest
INFO: MockWebServer[40687] received request: POST /apis/apiextensions.k8s.io/v1beta1/customresourcedefinitions HTTP/1.1 and responded: HTTP/1.1 202 OK
Feb 19, 2021 5:16:51 AM okhttp3.mockwebserver.MockWebServer$3 processOneRequest
INFO: MockWebServer[40687] received request: GET /api/v1/namespaces/entando-k8s-composite-app-controller-carcpr16 HTTP/1.1 and responded: HTTP/1.1 404 Client Error
Feb 19, 2021 5:16:51 AM okhttp3.mockwebserver.MockWebServer$3 processOneRequest
INFO: MockWebServer[40687] received request: GET /apis/entando.org/v1/namespaces/default/entandoplugins HTTP/1.1 and responded: HTTP/1.1 200 OK
Feb 19, 2021 5:16:51 AM okhttp3.mockwebserver.MockWebServer$3 processOneRequest
INFO: MockWebServer[40687] received request: GET /api/v1/namespaces/entando-k8s-composite-app-controller-carcpr16 HTTP/1.1 and responded: HTTP/1.1 404 Client Error
Feb 19, 2021 5:16:51 AM okhttp3.mockwebserver.MockWebServer$3 processOneRequest
INFO: MockWebServer[40687] received request: GET /apis/entando.org/v1/namespaces/default/entandoplugins HTTP/1.1 and responded: HTTP/1.1 200 OK
Feb 19, 2021 5:16:51 AM okhttp3.mockwebserver.MockWebServer$3 processOneRequest
INFO: MockWebServer[40687] received request: GET /apis/entando.org/v1/namespaces/entando-k8s-composite-app-controller-carcpr16/entandoplugins/test-plugin-carcpr16 HTTP/1.1 and responded: HTTP/1.1 404 Client Error
Feb 19, 2021 5:16:51 AM okhttp3.mockwebserver.MockWebServer$3 processOneRequest
INFO: MockWebServer[40687] received request: POST /apis/entando.org/v1/namespaces/entando-k8s-composite-app-controller-carcpr16/entandoplugins HTTP/1.1 and responded: HTTP/1.1 202 OK
Feb 19, 2021 5:16:52 AM org.entando.kubernetes.client.KubernetesRestInterceptor invoke
INFO: Exiting method createOrPatchEntandoResource in class org.entando.kubernetes.controller.support.client.EntandoResourceClient
Feb 19, 2021 5:16:52 AM okhttp3.mockwebserver.MockWebServer$3 processOneRequest
INFO: MockWebServer[40687] received request: GET /apis/apiextensions.k8s.io/v1beta1/customresourcedefinitions/entandocompositeapps.entando.org HTTP/1.1 and responded: HTTP/1.1 404 Client Error
Feb 19, 2021 5:16:52 AM okhttp3.mockwebserver.MockWebServer$3 processOneRequest
INFO: MockWebServer[40687] received request: POST /apis/apiextensions.k8s.io/v1beta1/customresourcedefinitions HTTP/1.1 and responded: HTTP/1.1 202 OK
Feb 19, 2021 5:16:52 AM okhttp3.mockwebserver.MockWebServer$3 processOneRequest
INFO: MockWebServer[40687] received request: GET /api/v1/namespaces/entando-k8s-composite-app-controller-carcpr16 HTTP/1.1 and responded: HTTP/1.1 404 Client Error
Feb 19, 2021 5:16:52 AM okhttp3.mockwebserver.MockWebServer$3 processOneRequest
INFO: MockWebServer[40687] received request: GET /apis/entando.org/v1/namespaces/default/entandocompositeapps HTTP/1.1 and responded: HTTP/1.1 200 OK
Feb 19, 2021 5:16:52 AM okhttp3.mockwebserver.MockWebServer$3 processOneRequest
INFO: MockWebServer[40687] received request: GET /api/v1/namespaces/entando-k8s-composite-app-controller-carcpr16 HTTP/1.1 and responded: HTTP/1.1 404 Client Error
Feb 19, 2021 5:16:52 AM okhttp3.mockwebserver.MockWebServer$3 processOneRequest
INFO: MockWebServer[40687] received request: GET /apis/entando.org/v1/namespaces/default/entandocompositeapps HTTP/1.1 and responded: HTTP/1.1 200 OK
Feb 19, 2021 5:16:52 AM okhttp3.mockwebserver.MockWebServer$3 processOneRequest
INFO: MockWebServer[40687] received request: POST /apis/entando.org/v1/namespaces/entando-k8s-composite-app-controller-carcpr16/entandocompositeapps HTTP/1.1 and responded: HTTP/1.1 202 OK
Feb 19, 2021 5:16:52 AM org.entando.kubernetes.client.KubernetesRestInterceptor invoke
INFO: Entering method loadOperatorConfig in class org.entando.kubernetes.controller.support.client.EntandoResourceClient
Feb 19, 2021 5:16:52 AM okhttp3.mockwebserver.MockWebServer$3 processOneRequest
INFO: MockWebServer[40687] received request: GET /api/v1/namespaces/entando-k8s-composite-app-controller-carcpr16/configmaps/entando-operator-config HTTP/1.1 and responded: HTTP/1.1 404 Client Error
Feb 19, 2021 5:16:52 AM org.entando.kubernetes.client.KubernetesRestInterceptor invoke
INFO: Exiting method loadOperatorConfig in class org.entando.kubernetes.controller.support.client.EntandoResourceClient
Feb 19, 2021 5:16:52 AM org.entando.kubernetes.client.KubernetesRestInterceptor invoke
INFO: Entering method getPodWatcherQueue in class org.entando.kubernetes.controller.support.client.PodWaitingClient
Feb 19, 2021 5:16:52 AM org.entando.kubernetes.client.KubernetesRestInterceptor invoke
INFO: Exiting method getPodWatcherQueue in class org.entando.kubernetes.controller.support.client.PodWaitingClient
Feb 19, 2021 5:16:53 AM org.entando.kubernetes.client.KubernetesRestInterceptor invoke
INFO: Entering method load in class org.entando.kubernetes.controller.support.client.EntandoResourceClient with class org.entando.kubernetes.model.compositeapp.EntandoCompositeApp,entando-k8s-composite-app-controller-carcpr16,my-app-carcpr16
Feb 19, 2021 5:16:53 AM okhttp3.mockwebserver.MockWebServer$3 processOneRequest
INFO: MockWebServer[40687] received request: GET /api/v1/namespaces/entando-k8s-composite-app-controller-carcpr16 HTTP/1.1 and responded: HTTP/1.1 404 Client Error
Feb 19, 2021 5:16:53 AM okhttp3.mockwebserver.MockWebServer$3 processOneRequest
INFO: MockWebServer[40687] received request: GET /apis/entando.org/v1/namespaces/default/entandocompositeapps HTTP/1.1 and responded: HTTP/1.1 200 OK
Feb 19, 2021 5:16:53 AM okhttp3.mockwebserver.MockWebServer$3 processOneRequest
INFO: MockWebServer[40687] received request: GET /api/v1/namespaces/entando-k8s-composite-app-controller-carcpr16 HTTP/1.1 and responded: HTTP/1.1 404 Client Error
Feb 19, 2021 5:16:53 AM okhttp3.mockwebserver.MockWebServer$3 processOneRequest
INFO: MockWebServer[40687] received request: GET /apis/entando.org/v1/namespaces/default/entandocompositeapps HTTP/1.1 and responded: HTTP/1.1 200 OK
Feb 19, 2021 5:16:53 AM okhttp3.mockwebserver.MockWebServer$3 processOneRequest
INFO: MockWebServer[40687] received request: GET /apis/entando.org/v1/namespaces/entando-k8s-composite-app-controller-carcpr16/entandocompositeapps/my-app-carcpr16 HTTP/1.1 and responded: HTTP/1.1 200 OK
Feb 19, 2021 5:16:53 AM org.entando.kubernetes.client.KubernetesRestInterceptor invoke
INFO: Exiting method load in class org.entando.kubernetes.controller.support.client.EntandoResourceClient
Feb 19, 2021 5:16:53 AM org.entando.kubernetes.client.KubernetesRestInterceptor invoke
INFO: Entering method updatePhase in class org.entando.kubernetes.controller.support.client.EntandoResourceClient with EntandoCompositeApp: entando-k8s-composite-app-controller-carcpr16/my-app-carcpr16
Feb 19, 2021 5:16:53 AM okhttp3.mockwebserver.MockWebServer$3 processOneRequest
INFO: MockWebServer[40687] received request: POST /api/v1/namespaces/entando-k8s-composite-app-controller-carcpr16/events HTTP/1.1 and responded: HTTP/1.1 202 OK
Feb 19, 2021 5:16:53 AM okhttp3.mockwebserver.MockWebServer$3 processOneRequest
INFO: MockWebServer[40687] received request: GET /apis/entando.org/v1/namespaces/entando-k8s-composite-app-controller-carcpr16/entandocompositeapps/my-app-carcpr16 HTTP/1.1 and responded: HTTP/1.1 200 OK
Feb 19, 2021 5:16:53 AM okhttp3.mockwebserver.MockWebServer$3 processOneRequest
INFO: MockWebServer[40687] received request: PUT /apis/entando.org/v1/namespaces/entando-k8s-composite-app-controller-carcpr16/entandocompositeapps/my-app-carcpr16/status HTTP/1.1 and responded: HTTP/1.1 202 OK
Feb 19, 2021 5:16:53 AM org.entando.kubernetes.client.KubernetesRestInterceptor invoke
INFO: Exiting method updatePhase in class org.entando.kubernetes.controller.support.client.EntandoResourceClient
Feb 19, 2021 5:16:53 AM org.entando.kubernetes.client.KubernetesRestInterceptor invoke
INFO: Entering method loadDockerImageInfoConfigMap in class org.entando.kubernetes.controller.support.client.EntandoResourceClient
Feb 19, 2021 5:16:53 AM okhttp3.mockwebserver.MockWebServer$3 processOneRequest
INFO: MockWebServer[40687] received request: GET /api/v1/namespaces/entando/configmaps/entando-docker-image-info-v6.3 HTTP/1.1 and responded: HTTP/1.1 200 OK
Feb 19, 2021 5:16:53 AM org.entando.kubernetes.client.KubernetesRestInterceptor invoke
INFO: Exiting method loadDockerImageInfoConfigMap in class org.entando.kubernetes.controller.support.client.EntandoResourceClient
Feb 19, 2021 5:16:53 AM org.entando.kubernetes.client.KubernetesRestInterceptor invoke
INFO: Entering method createOrPatchEntandoResource in class org.entando.kubernetes.controller.support.client.EntandoResourceClient with EntandoKeycloakServer: entando-k8s-composite-app-controller-carcpr16/test-keycloak-carcpr16
Feb 19, 2021 5:16:53 AM okhttp3.mockwebserver.MockWebServer$3 processOneRequest
INFO: MockWebServer[40687] received request: GET /apis/apiextensions.k8s.io/v1beta1/customresourcedefinitions/entandokeycloakservers.entando.org HTTP/1.1 and responded: HTTP/1.1 404 Client Error
Feb 19, 2021 5:16:54 AM okhttp3.mockwebserver.MockWebServer$3 processOneRequest
INFO: MockWebServer[40687] received request: POST /apis/apiextensions.k8s.io/v1beta1/customresourcedefinitions HTTP/1.1 and responded: HTTP/1.1 202 OK
Feb 19, 2021 5:16:54 AM okhttp3.mockwebserver.MockWebServer$3 processOneRequest
INFO: MockWebServer[40687] received request: GET /api/v1/namespaces/entando-k8s-composite-app-controller-carcpr16 HTTP/1.1 and responded: HTTP/1.1 404 Client Error
Feb 19, 2021 5:16:54 AM okhttp3.mockwebserver.MockWebServer$3 processOneRequest
INFO: MockWebServer[40687] received request: GET /apis/entando.org/v1/namespaces/default/entandokeycloakservers HTTP/1.1 and responded: HTTP/1.1 200 OK
Feb 19, 2021 5:16:54 AM okhttp3.mockwebserver.MockWebServer$3 processOneRequest
INFO: MockWebServer[40687] received request: GET /api/v1/namespaces/entando-k8s-composite-app-controller-carcpr16 HTTP/1.1 and responded: HTTP/1.1 404 Client Error
Feb 19, 2021 5:16:54 AM okhttp3.mockwebserver.MockWebServer$3 processOneRequest
INFO: MockWebServer[40687] received request: GET /apis/entando.org/v1/namespaces/default/entandokeycloakservers HTTP/1.1 and responded: HTTP/1.1 200 OK
Feb 19, 2021 5:16:54 AM okhttp3.mockwebserver.MockWebServer$3 processOneRequest
INFO: MockWebServer[40687] received request: GET /apis/entando.org/v1/namespaces/entando-k8s-composite-app-controller-carcpr16/entandokeycloakservers/test-keycloak-carcpr16 HTTP/1.1 and responded: HTTP/1.1 404 Client Error
Feb 19, 2021 5:16:54 AM okhttp3.mockwebserver.MockWebServer$3 processOneRequest
INFO: MockWebServer[40687] received request: POST /apis/entando.org/v1/namespaces/entando-k8s-composite-app-controller-carcpr16/entandokeycloakservers HTTP/1.1 and responded: HTTP/1.1 202 OK
Feb 19, 2021 5:16:54 AM org.entando.kubernetes.client.KubernetesRestInterceptor invoke
INFO: Exiting method createOrPatchEntandoResource in class org.entando.kubernetes.controller.support.client.EntandoResourceClient
Feb 19, 2021 5:16:54 AM org.entando.kubernetes.client.KubernetesRestInterceptor invoke
INFO: Entering method removeAndWait in class org.entando.kubernetes.controller.support.client.PodClient with entando-k8s-composite-app-controller-carcpr16,{EntandoResourceNamespace=entando-k8s-composite-app-controller-carcpr16, EntandoResourceKind=EntandoKeycloakServer, EntandoKeycloakServer=test-keycloak-carcpr16}
Feb 19, 2021 5:16:54 AM okhttp3.mockwebserver.MockWebServer$3 processOneRequest
INFO: MockWebServer[40687] received request: GET /api/v1/namespaces/entando-k8s-composite-app-controller-carcpr16/pods?labelSelector=EntandoResourceNamespace%3Dentando-k8s-composite-app-controller-carcpr16%2CEntandoResourceKind%3DEntandoKeycloakServer%2CEntandoKeycloakServer%3Dtest-keycloak-carcpr16 HTTP/1.1 and responded: HTTP/1.1 200 OK
Feb 19, 2021 5:16:55 AM org.entando.kubernetes.client.KubernetesRestInterceptor invoke
INFO: Entering method getPodWatcherQueue in class org.entando.kubernetes.controller.support.client.PodWaitingClient
Feb 19, 2021 5:16:55 AM org.entando.kubernetes.client.KubernetesRestInterceptor invoke
INFO: Exiting method getPodWatcherQueue in class org.entando.kubernetes.controller.support.client.PodWaitingClient
Feb 19, 2021 5:16:55 AM okhttp3.mockwebserver.MockWebServer$3 processOneRequest
INFO: MockWebServer[40687] received request: GET /api/v1/namespaces/entando-k8s-composite-app-controller-carcpr16/pods?labelSelector=EntandoResourceNamespace%3Dentando-k8s-composite-app-controller-carcpr16%2CEntandoResourceKind%3DEntandoKeycloakServer%2CEntandoKeycloakServer%3Dtest-keycloak-carcpr16&watch=**** HTTP/1.1 and responded: HTTP/1.1 200 OK
Feb 19, 2021 5:16:55 AM okhttp3.mockwebserver.MockWebServer$3 processOneRequest
INFO: MockWebServer[40687] received request: GET /api/v1/namespaces/entando-k8s-composite-app-controller-carcpr16/pods?labelSelector=EntandoResourceNamespace%3Dentando-k8s-composite-app-controller-carcpr16%2CEntandoResourceKind%3DEntandoKeycloakServer%2CEntandoKeycloakServer%3Dtest-keycloak-carcpr16&watch=**** HTTP/1.1 and responded: HTTP/1.1 200 OK
Feb 19, 2021 5:16:55 AM okhttp3.mockwebserver.MockWebServer$3 processOneRequest
INFO: MockWebServer[40687] received request: GET /api/v1/namespaces/entando-k8s-composite-app-controller-carcpr16/pods?labelSelector=EntandoResourceNamespace%3Dentando-k8s-composite-app-controller-carcpr16%2CEntandoResourceKind%3DEntandoKeycloakServer%2CEntandoKeycloakServer%3Dtest-keycloak-carcpr16 HTTP/1.1 and responded: HTTP/1.1 200 OK
Feb 19, 2021 5:16:55 AM io.fabric8.kubernetes.client.dsl.internal.WatchHTTPManager$1 onResponse
INFO: Watch terminated unexpectedly. reason: \n not found: limit=46 content=7b2261706956657273696f6e223a227631222c226b696e64223a224c69737422â€¦
Feb 19, 2021 5:16:55 AM okhttp3.mockwebserver.MockWebServer$3 processOneRequest
INFO: MockWebServer[40687] received request: GET /api/v1/namespaces/entando-k8s-composite-app-controller-carcpr16/pods?labelSelector=EntandoResourceNamespace%3Dentando-k8s-composite-app-controller-carcpr16%2CEntandoResourceKind%3DEntandoKeycloakServer%2CEntandoKeycloakServer%3Dtest-keycloak-carcpr16 HTTP/1.1 and responded: HTTP/1.1 200 OK
Feb 19, 2021 5:16:56 AM org.entando.kubernetes.client.KubernetesRestInterceptor invoke
INFO: Exiting method removeAndWait in class org.entando.kubernetes.controller.support.client.PodClient
Feb 19, 2021 5:16:56 AM okhttp3.mockwebserver.MockWebServer$3 processOneRequest
INFO: MockWebServer[40687] received request: GET /api/v1/namespaces/entando-k8s-composite-app-controller-carcpr16/pods?labelSelector=EntandoResourceNamespace%3Dentando-k8s-composite-app-controller-carcpr16%2CEntandoResourceKind%3DEntandoKeycloakServer%2CEntandoKeycloakServer%3Dtest-keycloak-carcpr16&watch=**** HTTP/1.1 and responded: HTTP/1.1 200 OK
Feb 19, 2021 5:16:56 AM io.fabric8.kubernetes.client.dsl.internal.WatchHTTPManager$1 onResponse
INFO: Watch terminated unexpectedly. reason: \n not found: limit=46 content=7b2261706956657273696f6e223a227631222c226b696e64223a224c69737422â€¦
Feb 19, 2021 5:16:56 AM io.fabric8.kubernetes.client.dsl.internal.WatchHTTPManager scheduleReconnect
WARN: Ignoring error for already closed/closing connection
Feb 19, 2021 5:16:56 AM org.entando.kubernetes.client.KubernetesRestInterceptor invoke
INFO: Entering method overwriteControllerSecret in class org.entando.kubernetes.controller.support.client.SecretClient with Secret: null/test-keycloak-carcpr16-controller-ca-cert-secret
Feb 19, 2021 5:16:56 AM okhttp3.mockwebserver.MockWebServer$3 processOneRequest
INFO: MockWebServer[40687] received request: GET /api/v1/namespaces/entando-k8s-composite-app-controller-carcpr16/secrets/test-keycloak-carcpr16-controller-ca-cert-secret HTTP/1.1 and responded: HTTP/1.1 404 Client Error
Feb 19, 2021 5:16:56 AM okhttp3.mockwebserver.MockWebServer$3 processOneRequest
INFO: MockWebServer[40687] received request: POST /api/v1/namespaces/entando-k8s-composite-app-controller-carcpr16/secrets HTTP/1.1 and responded: HTTP/1.1 202 OK
Feb 19, 2021 5:16:56 AM org.entando.kubernetes.client.KubernetesRestInterceptor invoke
INFO: Exiting method overwriteControllerSecret in class org.entando.kubernetes.controller.support.client.SecretClient
Feb 19, 2021 5:16:56 AM org.entando.kubernetes.client.KubernetesRestInterceptor invoke
INFO: Entering method runToCompletion in class org.entando.kubernetes.controller.support.client.PodClient with Pod: entando-k8s-composite-app-controller-carcpr16/test-keycloak-carcpr16-deployer-1460
Feb 19, 2021 5:16:56 AM okhttp3.mockwebserver.MockWebServer$3 processOneRequest
INFO: MockWebServer[40687] received request: POST /api/v1/namespaces/entando-k8s-composite-app-controller-carcpr16/pods HTTP/1.1 and responded: HTTP/1.1 202 OK
Feb 19, 2021 5:16:56 AM org.entando.kubernetes.client.KubernetesRestInterceptor invoke
INFO: Entering method loadPod in class org.entando.kubernetes.controller.support.client.PodClient with entando-k8s-composite-app-controller-carcpr16,[Ljava.lang.String;@35e69ba3
Feb 19, 2021 5:16:56 AM okhttp3.mockwebserver.MockWebServer$3 processOneRequest
INFO: MockWebServer[40687] received request: GET /api/v1/namespaces/entando-k8s-composite-app-controller-carcpr16/pods?fieldSelector=metadata.name%3Dtest-keycloak-carcpr16-deployer-1460&watch=**** HTTP/1.1 and responded: HTTP/1.1 200 OK
Feb 19, 2021 5:16:56 AM okhttp3.mockwebserver.MockWebServer$3 processOneRequest
INFO: MockWebServer[40687] received request: GET /api/v1/namespaces/entando-k8s-composite-app-controller-carcpr16/pods?labelSelector=EntandoKeycloakServer%3Dtest-keycloak-carcpr16 HTTP/1.1 and responded: HTTP/1.1 200 OK
Feb 19, 2021 5:16:56 AM org.entando.kubernetes.client.KubernetesRestInterceptor invoke
INFO: Exiting method loadPod in class org.entando.kubernetes.controller.support.client.PodClient
Feb 19, 2021 5:16:56 AM okhttp3.mockwebserver.MockWebServer$3 processOneRequest
INFO: MockWebServer[40687] received request: GET /api/v1/namespaces/entando-k8s-composite-app-controller-carcpr16/pods?fieldSelector=metadata.name%3Dtest-keycloak-carcpr16-deployer-1460&watch=**** HTTP/1.1 and responded: HTTP/1.1 200 OK
Feb 19, 2021 5:16:56 AM okhttp3.mockwebserver.MockWebServer$3 processOneRequest
INFO: MockWebServer[40687] received request: GET /api/v1/namespaces/entando-k8s-composite-app-controller-carcpr16/pods/test-keycloak-carcpr16-deployer-1460 HTTP/1.1 and responded: HTTP/1.1 200 OK
Feb 19, 2021 5:16:56 AM io.fabric8.kubernetes.client.dsl.internal.WatchHTTPManager$1 onResponse
INFO: Watch terminated unexpectedly. reason: \n not found: limit=2705 content=7b2261706956657273696f6e223a227631222c226b696e64223a224c69737422â€¦
Feb 19, 2021 5:16:56 AM okhttp3.mockwebserver.MockWebServer$3 processOneRequest
INFO: MockWebServer[40687] received request: PATCH /api/v1/namespaces/entando-k8s-composite-app-controller-carcpr16/pods/test-keycloak-carcpr16-deployer-1460 HTTP/1.1 and responded: HTTP/1.1 202 OK
Feb 19, 2021 5:16:56 AM org.entando.kubernetes.client.KubernetesRestInterceptor invoke
INFO: Entering method getPodWatcherQueue in class org.entando.kubernetes.controller.support.client.PodWaitingClient
Feb 19, 2021 5:16:56 AM org.entando.kubernetes.client.KubernetesRestInterceptor invoke
INFO: Exiting method getPodWatcherQueue in class org.entando.kubernetes.controller.support.client.PodWaitingClient
Feb 19, 2021 5:16:57 AM org.entando.kubernetes.client.KubernetesRestInterceptor invoke
INFO: Exiting method runToCompletion in class org.entando.kubernetes.controller.support.client.PodClient
Feb 19, 2021 5:16:57 AM org.entando.kubernetes.client.KubernetesRestInterceptor invoke
INFO: Entering method updateStatus in class org.entando.kubernetes.controller.support.client.EntandoResourceClient with EntandoCompositeApp: entando-k8s-composite-app-controller-carcpr16/my-app-carcpr16
Feb 19, 2021 5:16:57 AM okhttp3.mockwebserver.MockWebServer$3 processOneRequest
INFO: MockWebServer[40687] received request: GET /api/v1/namespaces/entando-k8s-composite-app-controller-carcpr16/pods?fieldSelector=metadata.name%3Dtest-keycloak-carcpr16-deployer-1460&watch=**** HTTP/1.1 and responded: HTTP/1.1 200 OK
Feb 19, 2021 5:16:57 AM io.fabric8.kubernetes.client.dsl.internal.WatchHTTPManager$1 onResponse
INFO: Watch terminated unexpectedly. reason: \n not found: limit=2889 content=7b2261706956657273696f6e223a227631222c226b696e64223a224c69737422â€¦
Feb 19, 2021 5:16:57 AM okhttp3.mockwebserver.MockWebServer$3 processOneRequest
INFO: MockWebServer[40687] received request: POST /api/v1/namespaces/entando-k8s-composite-app-controller-carcpr16/events HTTP/1.1 and responded: HTTP/1.1 202 OK
Feb 19, 2021 5:16:57 AM io.fabric8.kubernetes.client.dsl.internal.WatchHTTPManager scheduleReconnect
WARN: Ignoring error for already closed/closing connection
Feb 19, 2021 5:16:57 AM okhttp3.mockwebserver.MockWebServer$3 processOneRequest
INFO: MockWebServer[40687] received request: GET /apis/entando.org/v1/namespaces/entando-k8s-composite-app-controller-carcpr16/entandocompositeapps/my-app-carcpr16 HTTP/1.1 and responded: HTTP/1.1 200 OK
Feb 19, 2021 5:16:58 AM okhttp3.mockwebserver.MockWebServer$3 processOneRequest
INFO: MockWebServer[40687] received request: PUT /apis/entando.org/v1/namespaces/entando-k8s-composite-app-controller-carcpr16/entandocompositeapps/my-app-carcpr16/status HTTP/1.1 and responded: HTTP/1.1 202 OK
Feb 19, 2021 5:16:58 AM org.entando.kubernetes.client.KubernetesRestInterceptor invoke
INFO: Exiting method updateStatus in class org.entando.kubernetes.controller.support.client.EntandoResourceClient
Feb 19, 2021 5:16:58 AM org.entando.kubernetes.client.KubernetesRestInterceptor invoke
INFO: Entering method load in class org.entando.kubernetes.controller.support.client.EntandoResourceClient with class org.entando.kubernetes.model.plugin.EntandoPlugin,entando-k8s-composite-app-controller-carcpr16,test-plugin-carcpr16
Feb 19, 2021 5:16:58 AM okhttp3.mockwebserver.MockWebServer$3 processOneRequest
INFO: MockWebServer[40687] received request: GET /apis/entando.org/v1/namespaces/entando-k8s-composite-app-controller-carcpr16/entandoplugins/test-plugin-carcpr16 HTTP/1.1 and responded: HTTP/1.1 200 OK
Feb 19, 2021 5:16:58 AM org.entando.kubernetes.client.KubernetesRestInterceptor invoke
INFO: Exiting method load in class org.entando.kubernetes.controller.support.client.EntandoResourceClient
Feb 19, 2021 5:16:58 AM org.entando.kubernetes.client.KubernetesRestInterceptor invoke
INFO: Entering method createOrPatchEntandoResource in class org.entando.kubernetes.controller.support.client.EntandoResourceClient with EntandoPlugin: entando-k8s-composite-app-controller-carcpr16/test-plugin-carcpr16
Feb 19, 2021 5:16:58 AM okhttp3.mockwebserver.MockWebServer$3 processOneRequest
INFO: MockWebServer[40687] received request: GET /apis/entando.org/v1/namespaces/entando-k8s-composite-app-controller-carcpr16/entandoplugins/test-plugin-carcpr16 HTTP/1.1 and responded: HTTP/1.1 200 OK
Feb 19, 2021 5:16:58 AM okhttp3.mockwebserver.MockWebServer$3 processOneRequest
INFO: MockWebServer[40687] received request: GET /apis/entando.org/v1/namespaces/entando-k8s-composite-app-controller-carcpr16/entandoplugins/test-plugin-carcpr16 HTTP/1.1 and responded: HTTP/1.1 200 OK
Feb 19, 2021 5:16:58 AM okhttp3.mockwebserver.MockWebServer$3 processOneRequest
INFO: MockWebServer[40687] received request: PATCH /apis/entando.org/v1/namespaces/entando-k8s-composite-app-controller-carcpr16/entandoplugins/test-plugin-carcpr16 HTTP/1.1 and responded: HTTP/1.1 202 OK
Feb 19, 2021 5:16:58 AM org.entando.kubernetes.client.KubernetesRestInterceptor invoke
INFO: Exiting method createOrPatchEntandoResource in class org.entando.kubernetes.controller.support.client.EntandoResourceClient
Feb 19, 2021 5:16:58 AM org.entando.kubernetes.client.KubernetesRestInterceptor invoke
INFO: Entering method removeAndWait in class org.entando.kubernetes.controller.support.client.PodClient with entando-k8s-composite-app-controller-carcpr16,{EntandoPlugin=test-plugin-carcpr16, EntandoResourceNamespace=entando-k8s-composite-app-controller-carcpr16, EntandoResourceKind=EntandoPlugin}
Feb 19, 2021 5:16:58 AM okhttp3.mockwebserver.MockWebServer$3 processOneRequest
INFO: MockWebServer[40687] received request: GET /api/v1/namespaces/entando-k8s-composite-app-controller-carcpr16/pods?labelSelector=EntandoPlugin%3Dtest-plugin-carcpr16%2CEntandoResourceNamespace%3Dentando-k8s-composite-app-controller-carcpr16%2CEntandoResourceKind%3DEntandoPlugin HTTP/1.1 and responded: HTTP/1.1 200 OK
Feb 19, 2021 5:16:58 AM org.entando.kubernetes.client.KubernetesRestInterceptor invoke
INFO: Entering method getPodWatcherQueue in class org.entando.kubernetes.controller.support.client.PodWaitingClient
Feb 19, 2021 5:16:58 AM org.entando.kubernetes.client.KubernetesRestInterceptor invoke
INFO: Exiting method getPodWatcherQueue in class org.entando.kubernetes.controller.support.client.PodWaitingClient
Feb 19, 2021 5:16:58 AM okhttp3.mockwebserver.MockWebServer$3 processOneRequest
INFO: MockWebServer[40687] received request: GET /api/v1/namespaces/entando-k8s-composite-app-controller-carcpr16/pods?labelSelector=EntandoPlugin%3Dtest-plugin-carcpr16%2CEntandoResourceNamespace%3Dentando-k8s-composite-app-controller-carcpr16%2CEntandoResourceKind%3DEntandoPlugin&watch=**** HTTP/1.1 and responded: HTTP/1.1 200 OK
Feb 19, 2021 5:16:58 AM okhttp3.mockwebserver.MockWebServer$3 processOneRequest
INFO: MockWebServer[40687] received request: GET /api/v1/namespaces/entando-k8s-composite-app-controller-carcpr16/pods?labelSelector=EntandoPlugin%3Dtest-plugin-carcpr16%2CEntandoResourceNamespace%3Dentando-k8s-composite-app-controller-carcpr16%2CEntandoResourceKind%3DEntandoPlugin HTTP/1.1 and responded: HTTP/1.1 200 OK
Feb 19, 2021 5:16:58 AM okhttp3.mockwebserver.MockWebServer$3 processOneRequest
INFO: MockWebServer[40687] received request: GET /api/v1/namespaces/entando-k8s-composite-app-controller-carcpr16/pods?labelSelector=EntandoPlugin%3Dtest-plugin-carcpr16%2CEntandoResourceNamespace%3Dentando-k8s-composite-app-controller-carcpr16%2CEntandoResourceKind%3DEntandoPlugin&watch=**** HTTP/1.1 and responded: HTTP/1.1 200 OK
Feb 19, 2021 5:16:58 AM io.fabric8.kubernetes.client.dsl.internal.WatchHTTPManager$1 onResponse
INFO: Watch terminated unexpectedly. reason: \n not found: limit=46 content=7b2261706956657273696f6e223a227631222c226b696e64223a224c69737422â€¦
Feb 19, 2021 5:16:58 AM okhttp3.mockwebserver.MockWebServer$3 processOneRequest
INFO: MockWebServer[40687] received request: GET /api/v1/namespaces/entando-k8s-composite-app-controller-carcpr16/pods?labelSelector=EntandoPlugin%3Dtest-plugin-carcpr16%2CEntandoResourceNamespace%3Dentando-k8s-composite-app-controller-carcpr16%2CEntandoResourceKind%3DEntandoPlugin HTTP/1.1 and responded: HTTP/1.1 200 OK
Feb 19, 2021 5:16:59 AM org.entando.kubernetes.client.KubernetesRestInterceptor invoke
INFO: Exiting method removeAndWait in class org.entando.kubernetes.controller.support.client.PodClient
Feb 19, 2021 5:16:59 AM org.entando.kubernetes.client.KubernetesRestInterceptor invoke
INFO: Entering method overwriteControllerSecret in class org.entando.kubernetes.controller.support.client.SecretClient with Secret: null/test-plugin-carcpr16-controller-ca-cert-secret
Feb 19, 2021 5:16:59 AM io.fabric8.kubernetes.client.dsl.internal.WatchHTTPManager$1 onResponse
INFO: Watch terminated unexpectedly. reason: \n not found: limit=46 content=7b2261706956657273696f6e223a227631222c226b696e64223a224c69737422â€¦
Feb 19, 2021 5:16:59 AM io.fabric8.kubernetes.client.dsl.internal.WatchHTTPManager scheduleReconnect
WARN: Ignoring error for already closed/closing connection
Feb 19, 2021 5:16:59 AM okhttp3.mockwebserver.MockWebServer$3 processOneRequest
INFO: MockWebServer[40687] received request: GET /api/v1/namespaces/entando-k8s-composite-app-controller-carcpr16/pods?labelSelector=EntandoPlugin%3Dtest-plugin-carcpr16%2CEntandoResourceNamespace%3Dentando-k8s-composite-app-controller-carcpr16%2CEntandoResourceKind%3DEntandoPlugin&watch=**** HTTP/1.1 and responded: HTTP/1.1 200 OK
Feb 19, 2021 5:16:59 AM okhttp3.mockwebserver.MockWebServer$3 processOneRequest
INFO: MockWebServer[40687] received request: GET /api/v1/namespaces/entando-k8s-composite-app-controller-carcpr16/secrets/test-plugin-carcpr16-controller-ca-cert-secret HTTP/1.1 and responded: HTTP/1.1 404 Client Error
Feb 19, 2021 5:16:59 AM okhttp3.mockwebserver.MockWebServer$3 processOneRequest
INFO: MockWebServer[40687] received request: POST /api/v1/namespaces/entando-k8s-composite-app-controller-carcpr16/secrets HTTP/1.1 and responded: HTTP/1.1 202 OK
Feb 19, 2021 5:16:59 AM org.entando.kubernetes.client.KubernetesRestInterceptor invoke
INFO: Exiting method overwriteControllerSecret in class org.entando.kubernetes.controller.support.client.SecretClient
Feb 19, 2021 5:16:59 AM org.entando.kubernetes.client.KubernetesRestInterceptor invoke
INFO: Entering method runToCompletion in class org.entando.kubernetes.controller.support.client.PodClient with Pod: entando-k8s-composite-app-controller-carcpr16/test-plugin-carcpr16-deployer-7183
Feb 19, 2021 5:16:59 AM okhttp3.mockwebserver.MockWebServer$3 processOneRequest
INFO: MockWebServer[40687] received request: POST /api/v1/namespaces/entando-k8s-composite-app-controller-carcpr16/pods HTTP/1.1 and responded: HTTP/1.1 202 OK
Feb 19, 2021 5:16:59 AM org.entando.kubernetes.client.KubernetesRestInterceptor invoke
INFO: Entering method loadPod in class org.entando.kubernetes.controller.support.client.PodClient with entando-k8s-composite-app-controller-carcpr16,[Ljava.lang.String;@229bdcda
Feb 19, 2021 5:16:59 AM okhttp3.mockwebserver.MockWebServer$3 processOneRequest
INFO: MockWebServer[40687] received request: GET /api/v1/namespaces/entando-k8s-composite-app-controller-carcpr16/pods?labelSelector=EntandoPlugin%3Dtest-plugin-carcpr16 HTTP/1.1 and responded: HTTP/1.1 200 OK
Feb 19, 2021 5:16:59 AM org.entando.kubernetes.client.KubernetesRestInterceptor invoke
INFO: Exiting method loadPod in class org.entando.kubernetes.controller.support.client.PodClient
Feb 19, 2021 5:16:59 AM okhttp3.mockwebserver.MockWebServer$3 processOneRequest
INFO: MockWebServer[40687] received request: GET /api/v1/namespaces/entando-k8s-composite-app-controller-carcpr16/pods?fieldSelector=metadata.name%3Dtest-plugin-carcpr16-deployer-7183&watch=**** HTTP/1.1 and responded: HTTP/1.1 200 OK
Feb 19, 2021 5:17:00 AM okhttp3.mockwebserver.MockWebServer$3 processOneRequest
INFO: MockWebServer[40687] received request: GET /api/v1/namespaces/entando-k8s-composite-app-controller-carcpr16/pods/test-plugin-carcpr16-deployer-7183 HTTP/1.1 and responded: HTTP/1.1 200 OK
Feb 19, 2021 5:17:00 AM okhttp3.mockwebserver.MockWebServer$3 processOneRequest
INFO: MockWebServer[40687] received request: GET /api/v1/namespaces/entando-k8s-composite-app-controller-carcpr16/pods?fieldSelector=metadata.name%3Dtest-plugin-carcpr16-deployer-7183&watch=**** HTTP/1.1 and responded: HTTP/1.1 200 OK
Feb 19, 2021 5:17:00 AM okhttp3.mockwebserver.MockWebServer$3 processOneRequest
INFO: MockWebServer[40687] received request: PATCH /api/v1/namespaces/entando-k8s-composite-app-controller-carcpr16/pods/test-plugin-carcpr16-deployer-7183 HTTP/1.1 and responded: HTTP/1.1 202 OK
Feb 19, 2021 5:17:00 AM io.fabric8.kubernetes.client.dsl.internal.WatchHTTPManager$1 onResponse
INFO: Watch terminated unexpectedly. reason: \n not found: limit=5523 content=7b2261706956657273696f6e223a227631222c226b696e64223a224c69737422â€¦
Feb 19, 2021 5:17:01 AM org.entando.kubernetes.client.KubernetesRestInterceptor invoke
INFO: Exiting method runToCompletion in class org.entando.kubernetes.controller.support.client.PodClient
Feb 19, 2021 5:17:01 AM org.entando.kubernetes.client.KubernetesRestInterceptor invoke
INFO: Entering method updateStatus in class org.entando.kubernetes.controller.support.client.EntandoResourceClient with EntandoCompositeApp: entando-k8s-composite-app-controller-carcpr16/my-app-carcpr16
Feb 19, 2021 5:17:01 AM io.fabric8.kubernetes.client.dsl.internal.WatchHTTPManager$1 onResponse
INFO: Watch terminated unexpectedly. reason: \n not found: limit=5707 content=7b2261706956657273696f6e223a227631222c226b696e64223a224c69737422â€¦
Feb 19, 2021 5:17:01 AM io.fabric8.kubernetes.client.dsl.internal.WatchHTTPManager scheduleReconnect
WARN: Ignoring error for already closed/closing connection
Feb 19, 2021 5:17:01 AM okhttp3.mockwebserver.MockWebServer$3 processOneRequest
INFO: MockWebServer[40687] received request: GET /api/v1/namespaces/entando-k8s-composite-app-controller-carcpr16/pods?fieldSelector=metadata.name%3Dtest-plugin-carcpr16-deployer-7183&watch=**** HTTP/1.1 and responded: HTTP/1.1 200 OK
Feb 19, 2021 5:17:01 AM okhttp3.mockwebserver.MockWebServer$3 processOneRequest
INFO: MockWebServer[40687] received request: POST /api/v1/namespaces/entando-k8s-composite-app-controller-carcpr16/events HTTP/1.1 and responded: HTTP/1.1 202 OK
Feb 19, 2021 5:17:01 AM okhttp3.mockwebserver.MockWebServer$3 processOneRequest
INFO: MockWebServer[40687] received request: GET /apis/entando.org/v1/namespaces/entando-k8s-composite-app-controller-carcpr16/entandocompositeapps/my-app-carcpr16 HTTP/1.1 and responded: HTTP/1.1 200 OK
Feb 19, 2021 5:17:01 AM okhttp3.mockwebserver.MockWebServer$3 processOneRequest
INFO: MockWebServer[40687] received request: PUT /apis/entando.org/v1/namespaces/entando-k8s-composite-app-controller-carcpr16/entandocompositeapps/my-app-carcpr16/status HTTP/1.1 and responded: HTTP/1.1 202 OK
Feb 19, 2021 5:17:01 AM org.entando.kubernetes.client.KubernetesRestInterceptor invoke
INFO: Exiting method updateStatus in class org.entando.kubernetes.controller.support.client.EntandoResourceClient
Feb 19, 2021 5:17:01 AM org.entando.kubernetes.client.KubernetesRestInterceptor invoke
INFO: Entering method updatePhase in class org.entando.kubernetes.controller.support.client.EntandoResourceClient with EntandoCompositeApp: entando-k8s-composite-app-controller-carcpr16/my-app-carcpr16
Feb 19, 2021 5:17:01 AM okhttp3.mockwebserver.MockWebServer$3 processOneRequest
INFO: MockWebServer[40687] received request: POST /api/v1/namespaces/entando-k8s-composite-app-controller-carcpr16/events HTTP/1.1 and responded: HTTP/1.1 202 OK
Feb 19, 2021 5:17:01 AM okhttp3.mockwebserver.MockWebServer$3 processOneRequest
INFO: MockWebServer[40687] received request: GET /apis/entando.org/v1/namespaces/entando-k8s-composite-app-controller-carcpr16/entandocompositeapps/my-app-carcpr16 HTTP/1.1 and responded: HTTP/1.1 200 OK
Feb 19, 2021 5:17:01 AM okhttp3.mockwebserver.MockWebServer$3 processOneRequest
INFO: MockWebServer[40687] received request: PUT /apis/entando.org/v1/namespaces/entando-k8s-composite-app-controller-carcpr16/entandocompositeapps/my-app-carcpr16/status HTTP/1.1 and responded: HTTP/1.1 202 OK
Feb 19, 2021 5:17:01 AM org.entando.kubernetes.client.KubernetesRestInterceptor invoke
INFO: Exiting method updatePhase in class org.entando.kubernetes.controller.support.client.EntandoResourceClient
Feb 19, 2021 5:17:01 AM okhttp3.mockwebserver.MockWebServer$3 processOneRequest
INFO: MockWebServer[40687] received request: GET /api/v1/namespaces/entando-k8s-composite-app-controller-carcpr16/pods?labelSelector=EntandoResourceKind%3DEntandoKeycloakServer%2CEntandoKeycloakServer%3Dtest-keycloak-carcpr16 HTTP/1.1 and responded: HTTP/1.1 200 OK
Feb 19, 2021 5:17:01 AM okhttp3.mockwebserver.MockWebServer$3 processOneRequest
INFO: MockWebServer[40687] received request: GET /api/v1/namespaces/entando-k8s-composite-app-controller-carcpr16/pods?labelSelector=EntandoResourceKind%3DEntandoKeycloakServer%2CEntandoKeycloakServer%3Dtest-keycloak-carcpr16 HTTP/1.1 and responded: HTTP/1.1 200 OK
Feb 19, 2021 5:17:01 AM okhttp3.mockwebserver.MockWebServer$3 processOneRequest
INFO: MockWebServer[40687] received request: GET /api/v1/namespaces/entando-k8s-composite-app-controller-carcpr16 HTTP/1.1 and responded: HTTP/1.1 404 Client Error
Feb 19, 2021 5:17:02 AM okhttp3.mockwebserver.MockWebServer$3 processOneRequest
INFO: MockWebServer[40687] received request: GET /apis/entando.org/v1/namespaces/default/entandokeycloakservers HTTP/1.1 and responded: HTTP/1.1 200 OK
Feb 19, 2021 5:17:02 AM okhttp3.mockwebserver.MockWebServer$3 processOneRequest
INFO: MockWebServer[40687] received request: GET /api/v1/namespaces/entando-k8s-composite-app-controller-carcpr16 HTTP/1.1 and responded: HTTP/1.1 404 Client Error
Feb 19, 2021 5:17:02 AM okhttp3.mockwebserver.MockWebServer$3 processOneRequest
INFO: MockWebServer[40687] received request: GET /apis/entando.org/v1/namespaces/default/entandokeycloakservers HTTP/1.1 and responded: HTTP/1.1 200 OK
Feb 19, 2021 5:17:02 AM okhttp3.mockwebserver.MockWebServer$3 processOneRequest
INFO: MockWebServer[40687] received request: GET /apis/entando.org/v1/namespaces/entando-k8s-composite-app-controller-carcpr16/entandokeycloakservers/test-keycloak-carcpr16 HTTP/1.1 and responded: HTTP/1.1 200 OK
Feb 19, 2021 5:17:02 AM okhttp3.mockwebserver.MockWebServer$3 processOneRequest
INFO: MockWebServer[40687] received request: GET /api/v1/namespaces/entando-k8s-composite-app-controller-carcpr16 HTTP/1.1 and responded: HTTP/1.1 404 Client Error
Feb 19, 2021 5:17:02 AM okhttp3.mockwebserver.MockWebServer$3 processOneRequest
INFO: MockWebServer[40687] received request: GET /apis/entando.org/v1/namespaces/default/entandocompositeapps HTTP/1.1 and responded: HTTP/1.1 200 OK
Feb 19, 2021 5:17:02 AM okhttp3.mockwebserver.MockWebServer$3 processOneRequest
INFO: MockWebServer[40687] received request: GET /api/v1/namespaces/entando-k8s-composite-app-controller-carcpr16 HTTP/1.1 and responded: HTTP/1.1 404 Client Error
Feb 19, 2021 5:17:02 AM okhttp3.mockwebserver.MockWebServer$3 processOneRequest
INFO: MockWebServer[40687] received request: GET /apis/entando.org/v1/namespaces/default/entandocompositeapps HTTP/1.1 and responded: HTTP/1.1 200 OK
Feb 19, 2021 5:17:02 AM okhttp3.mockwebserver.MockWebServer$3 processOneRequest
INFO: MockWebServer[40687] received request: GET /apis/entando.org/v1/namespaces/entando-k8s-composite-app-controller-carcpr16/entandocompositeapps/my-app-carcpr16 HTTP/1.1 and responded: HTTP/1.1 200 OK
Feb 19, 2021 5:17:03 AM okhttp3.mockwebserver.MockWebServer$3 processOneRequest
INFO: MockWebServer[40687] received request: GET /api/v1/namespaces/entando-k8s-composite-app-controller-carcpr16/pods?labelSelector=EntandoPlugin%3Dtest-plugin-carcpr16%2CEntandoResourceKind%3DEntandoPlugin HTTP/1.1 and responded: HTTP/1.1 200 OK
Feb 19, 2021 5:17:03 AM okhttp3.mockwebserver.MockWebServer$3 processOneRequest
INFO: MockWebServer[40687] received request: GET /api/v1/namespaces/entando-k8s-composite-app-controller-carcpr16/pods?labelSelector=EntandoPlugin%3Dtest-plugin-carcpr16%2CEntandoResourceKind%3DEntandoPlugin HTTP/1.1 and responded: HTTP/1.1 200 OK
Feb 19, 2021 5:17:03 AM okhttp3.mockwebserver.MockWebServer$3 processOneRequest
INFO: MockWebServer[40687] received request: GET /api/v1/namespaces/entando-k8s-composite-app-controller-carcpr16 HTTP/1.1 and responded: HTTP/1.1 404 Client Error
Feb 19, 2021 5:17:03 AM okhttp3.mockwebserver.MockWebServer$3 processOneRequest
INFO: MockWebServer[40687] received request: GET /apis/entando.org/v1/namespaces/default/entandoplugins HTTP/1.1 and responded: HTTP/1.1 200 OK
Feb 19, 2021 5:17:03 AM okhttp3.mockwebserver.MockWebServer$3 processOneRequest
INFO: MockWebServer[40687] received request: GET /api/v1/namespaces/entando-k8s-composite-app-controller-carcpr16 HTTP/1.1 and responded: HTTP/1.1 404 Client Error
Feb 19, 2021 5:17:03 AM okhttp3.mockwebserver.MockWebServer$3 processOneRequest
INFO: MockWebServer[40687] received request: GET /apis/entando.org/v1/namespaces/default/entandoplugins HTTP/1.1 and responded: HTTP/1.1 200 OK
Feb 19, 2021 5:17:03 AM okhttp3.mockwebserver.MockWebServer$3 processOneRequest
INFO: MockWebServer[40687] received request: GET /apis/entando.org/v1/namespaces/entando-k8s-composite-app-controller-carcpr16/entandoplugins/test-plugin-carcpr16 HTTP/1.1 and responded: HTTP/1.1 200 OK
Feb 19, 2021 5:17:03 AM okhttp3.mockwebserver.MockWebServer$3 processOneRequest
INFO: MockWebServer[40687] received request: GET /apis/entando.org/v1/namespaces/entando-k8s-composite-app-controller-carcpr16/entandocompositeapps/my-app-carcpr16 HTTP/1.1 and responded: HTTP/1.1 200 OK
Feb 19, 2021 5:17:03 AM okhttp3.mockwebserver.MockWebServer$3 processOneRequest
INFO: MockWebServer[40687] received request: GET /apis/entando.org/v1/namespaces/entando-k8s-composite-app-controller-carcpr16/entandocompositeapps/my-app-carcpr16 HTTP/1.1 and responded: HTTP/1.1 200 OK
Feb 19, 2021 5:17:03 AM org.entando.kubernetes.client.KubernetesRestInterceptor invoke
INFO: Entering method getPodWatcherQueue in class org.entando.kubernetes.controller.support.client.PodWaitingClient
Feb 19, 2021 5:17:03 AM org.entando.kubernetes.client.KubernetesRestInterceptor invoke
INFO: Exiting method getPodWatcherQueue in class org.entando.kubernetes.controller.support.client.PodWaitingClient
Feb 19, 2021 5:17:03 AM okhttp3.mockwebserver.MockWebServer$2 acceptConnections
INFO: MockWebServer[40687] done accepting connections: Socket closed
Feb 19, 2021 5:17:04 AM okhttp3.mockwebserver.MockWebServer$2 e**cute
INFO: MockWebServer[48195] starting to accept connections
Feb 19, 2021 5:17:04 AM okhttp3.mockwebserver.MockWebServer$3 processOneRequest
INFO: MockWebServer[48195] received request: GET /api/v1/namespaces/entando HTTP/1.1 and responded: HTTP/1.1 404 Client Error
Feb 19, 2021 5:17:04 AM okhttp3.mockwebserver.MockWebServer$3 processOneRequest
INFO: MockWebServer[48195] received request: POST /api/v1/namespaces HTTP/1.1 and responded: HTTP/1.1 202 OK
Feb 19, 2021 5:17:04 AM org.entando.kubernetes.client.KubernetesRestInterceptor invoke
INFO: Entering method loadDockerImageInfoConfigMap in class org.entando.kubernetes.controller.support.client.EntandoResourceClient
Feb 19, 2021 5:17:04 AM okhttp3.mockwebserver.MockWebServer$3 processOneRequest
INFO: MockWebServer[48195] received request: GET /api/v1/namespaces/entando/configmaps/entando-docker-image-info-v6.3 HTTP/1.1 and responded: HTTP/1.1 404 Client Error
Feb 19, 2021 5:17:04 AM org.entando.kubernetes.client.KubernetesRestInterceptor invoke
INFO: Exiting method loadDockerImageInfoConfigMap in class org.entando.kubernetes.controller.support.client.EntandoResourceClient
Feb 19, 2021 5:17:04 AM okhttp3.mockwebserver.MockWebServer$3 processOneRequest
INFO: MockWebServer[48195] received request: GET /api/v1/namespaces/entando/configmaps/entando-docker-image-info-v6.3 HTTP/1.1 and responded: HTTP/1.1 404 Client Error
Feb 19, 2021 5:17:04 AM okhttp3.mockwebserver.MockWebServer$3 processOneRequest
INFO: MockWebServer[48195] received request: POST /api/v1/namespaces/entando/configmaps HTTP/1.1 and responded: HTTP/1.1 202 OK
Feb 19, 2021 5:17:04 AM okhttp3.mockwebserver.MockWebServer$3 processOneRequest
INFO: MockWebServer[48195] received request: GET /api/v1/namespaces/entando/configmaps/entando-docker-image-info-v6.3 HTTP/1.1 and responded: HTTP/1.1 200 OK
Feb 19, 2021 5:17:04 AM okhttp3.mockwebserver.MockWebServer$3 processOneRequest
INFO: MockWebServer[48195] received request: GET /api/v1/namespaces/entando/configmaps/entando-docker-image-info-v6.3 HTTP/1.1 and responded: HTTP/1.1 200 OK
Feb 19, 2021 5:17:04 AM okhttp3.mockwebserver.MockWebServer$3 processOneRequest
INFO: MockWebServer[48195] received request: GET /api/v1/namespaces/entando/configmaps/entando-docker-image-info-v6.3 HTTP/1.1 and responded: HTTP/1.1 200 OK
Feb 19, 2021 5:17:04 AM okhttp3.mockwebserver.MockWebServer$3 processOneRequest
INFO: MockWebServer[48195] received request: PATCH /api/v1/namespaces/entando/configmaps/entando-docker-image-info-v6.3 HTTP/1.1 and responded: HTTP/1.1 202 OK
Feb 19, 2021 5:17:04 AM org.entando.kubernetes.client.KubernetesRestInterceptor invoke
INFO: Entering method createOrPatchEntandoResource in class org.entando.kubernetes.controller.support.client.EntandoResourceClient with EntandoPlugin: entando-k8s-composite-app-controller-carcpr16/test-plugin-carcpr16
Feb 19, 2021 5:17:04 AM okhttp3.mockwebserver.MockWebServer$3 processOneRequest
INFO: MockWebServer[48195] received request: GET /api/v1/namespaces/entando-k8s-composite-app-controller-carcpr16 HTTP/1.1 and responded: HTTP/1.1 404 Client Error
Feb 19, 2021 5:17:04 AM okhttp3.mockwebserver.MockWebServer$3 processOneRequest
INFO: MockWebServer[48195] received request: GET /apis/entando.org/v1/namespaces/default/entandoplugins HTTP/1.1 and responded: HTTP/1.1 200 OK
Feb 19, 2021 5:17:05 AM okhttp3.mockwebserver.MockWebServer$3 processOneRequest
INFO: MockWebServer[48195] received request: GET /api/v1/namespaces/entando-k8s-composite-app-controller-carcpr16 HTTP/1.1 and responded: HTTP/1.1 404 Client Error
Feb 19, 2021 5:17:05 AM okhttp3.mockwebserver.MockWebServer$3 processOneRequest
INFO: MockWebServer[48195] received request: GET /apis/entando.org/v1/namespaces/default/entandoplugins HTTP/1.1 and responded: HTTP/1.1 200 OK
Feb 19, 2021 5:17:05 AM okhttp3.mockwebserver.MockWebServer$3 processOneRequest
INFO: MockWebServer[48195] received request: GET /apis/entando.org/v1/namespaces/entando-k8s-composite-app-controller-carcpr16/entandoplugins/test-plugin-carcpr16 HTTP/1.1 and responded: HTTP/1.1 404 Client Error
Feb 19, 2021 5:17:05 AM okhttp3.mockwebserver.MockWebServer$3 processOneRequest
INFO: MockWebServer[48195] received request: POST /apis/entando.org/v1/namespaces/entando-k8s-composite-app-controller-carcpr16/entandoplugins HTTP/1.1 and responded: HTTP/1.1 202 OK
Feb 19, 2021 5:17:05 AM org.entando.kubernetes.client.KubernetesRestInterceptor invoke
INFO: Exiting method createOrPatchEntandoResource in class org.entando.kubernetes.controller.support.client.EntandoResourceClient
Feb 19, 2021 5:17:05 AM okhttp3.mockwebserver.MockWebServer$3 processOneRequest
INFO: MockWebServer[48195] received request: GET /api/v1/namespaces/entando-k8s-composite-app-controller-carcpr16 HTTP/1.1 and responded: HTTP/1.1 404 Client Error
Feb 19, 2021 5:17:05 AM okhttp3.mockwebserver.MockWebServer$3 processOneRequest
INFO: MockWebServer[48195] received request: GET /apis/entando.org/v1/namespaces/default/entandocompositeapps HTTP/1.1 and responded: HTTP/1.1 200 OK
Feb 19, 2021 5:17:05 AM okhttp3.mockwebserver.MockWebServer$3 processOneRequest
INFO: MockWebServer[48195] received request: GET /api/v1/namespaces/entando-k8s-composite-app-controller-carcpr16 HTTP/1.1 and responded: HTTP/1.1 404 Client Error
Feb 19, 2021 5:17:05 AM okhttp3.mockwebserver.MockWebServer$3 processOneRequest
INFO: MockWebServer[48195] received request: GET /apis/entando.org/v1/namespaces/default/entandocompositeapps HTTP/1.1 and responded: HTTP/1.1 200 OK
Feb 19, 2021 5:17:05 AM okhttp3.mockwebserver.MockWebServer$3 processOneRequest
INFO: MockWebServer[48195] received request: POST /apis/entando.org/v1/namespaces/entando-k8s-composite-app-controller-carcpr16/entandocompositeapps HTTP/1.1 and responded: HTTP/1.1 202 OK
Feb 19, 2021 5:17:05 AM org.entando.kubernetes.client.KubernetesRestInterceptor invoke
INFO: Entering method loadOperatorConfig in class org.entando.kubernetes.controller.support.client.EntandoResourceClient
Feb 19, 2021 5:17:05 AM okhttp3.mockwebserver.MockWebServer$3 processOneRequest
INFO: MockWebServer[48195] received request: GET /api/v1/namespaces/entando-k8s-composite-app-controller-carcpr16/configmaps/entando-operator-config HTTP/1.1 and responded: HTTP/1.1 404 Client Error
Feb 19, 2021 5:17:05 AM org.entando.kubernetes.client.KubernetesRestInterceptor invoke
INFO: Exiting method loadOperatorConfig in class org.entando.kubernetes.controller.support.client.EntandoResourceClient
Feb 19, 2021 5:17:05 AM org.entando.kubernetes.client.KubernetesRestInterceptor invoke
INFO: Entering method getPodWatcherQueue in class org.entando.kubernetes.controller.support.client.PodWaitingClient
Feb 19, 2021 5:17:05 AM org.entando.kubernetes.client.KubernetesRestInterceptor invoke
INFO: Exiting method getPodWatcherQueue in class org.entando.kubernetes.controller.support.client.PodWaitingClient
Feb 19, 2021 5:17:06 AM org.entando.kubernetes.client.KubernetesRestInterceptor invoke
INFO: Entering method load in class org.entando.kubernetes.controller.support.client.EntandoResourceClient with class org.entando.kubernetes.model.compositeapp.EntandoCompositeApp,entando-k8s-composite-app-controller-carcpr16,my-app-carcpr16
Feb 19, 2021 5:17:06 AM okhttp3.mockwebserver.MockWebServer$3 processOneRequest
INFO: MockWebServer[48195] received request: GET /api/v1/namespaces/entando-k8s-composite-app-controller-carcpr16 HTTP/1.1 and responded: HTTP/1.1 404 Client Error
Feb 19, 2021 5:17:06 AM okhttp3.mockwebserver.MockWebServer$3 processOneRequest
INFO: MockWebServer[48195] received request: GET /apis/entando.org/v1/namespaces/default/entandocompositeapps HTTP/1.1 and responded: HTTP/1.1 200 OK
Feb 19, 2021 5:17:06 AM okhttp3.mockwebserver.MockWebServer$3 processOneRequest
INFO: MockWebServer[48195] received request: GET /api/v1/namespaces/entando-k8s-composite-app-controller-carcpr16 HTTP/1.1 and responded: HTTP/1.1 404 Client Error
Feb 19, 2021 5:17:06 AM okhttp3.mockwebserver.MockWebServer$3 processOneRequest
INFO: MockWebServer[48195] received request: GET /apis/entando.org/v1/namespaces/default/entandocompositeapps HTTP/1.1 and responded: HTTP/1.1 200 OK
Feb 19, 2021 5:17:06 AM okhttp3.mockwebserver.MockWebServer$3 processOneRequest
INFO: MockWebServer[48195] received request: GET /apis/entando.org/v1/namespaces/entando-k8s-composite-app-controller-carcpr16/entandocompositeapps/my-app-carcpr16 HTTP/1.1 and responded: HTTP/1.1 200 OK
Feb 19, 2021 5:17:06 AM org.entando.kubernetes.client.KubernetesRestInterceptor invoke
INFO: Exiting method load in class org.entando.kubernetes.controller.support.client.EntandoResourceClient
Feb 19, 2021 5:17:06 AM org.entando.kubernetes.client.KubernetesRestInterceptor invoke
INFO: Entering method updatePhase in class org.entando.kubernetes.controller.support.client.EntandoResourceClient with EntandoCompositeApp: entando-k8s-composite-app-controller-carcpr16/my-app-carcpr16
Feb 19, 2021 5:17:06 AM okhttp3.mockwebserver.MockWebServer$3 processOneRequest
INFO: MockWebServer[48195] received request: POST /api/v1/namespaces/entando-k8s-composite-app-controller-carcpr16/events HTTP/1.1 and responded: HTTP/1.1 202 OK
Feb 19, 2021 5:17:06 AM okhttp3.mockwebserver.MockWebServer$3 processOneRequest
INFO: MockWebServer[48195] received request: GET /apis/entando.org/v1/namespaces/entando-k8s-composite-app-controller-carcpr16/entandocompositeapps/my-app-carcpr16 HTTP/1.1 and responded: HTTP/1.1 200 OK
Feb 19, 2021 5:17:06 AM okhttp3.mockwebserver.MockWebServer$3 processOneRequest
INFO: MockWebServer[48195] received request: PUT /apis/entando.org/v1/namespaces/entando-k8s-composite-app-controller-carcpr16/entandocompositeapps/my-app-carcpr16/status HTTP/1.1 and responded: HTTP/1.1 202 OK
Feb 19, 2021 5:17:06 AM org.entando.kubernetes.client.KubernetesRestInterceptor invoke
INFO: Exiting method updatePhase in class org.entando.kubernetes.controller.support.client.EntandoResourceClient
Feb 19, 2021 5:17:06 AM org.entando.kubernetes.client.KubernetesRestInterceptor invoke
INFO: Entering method loadDockerImageInfoConfigMap in class org.entando.kubernetes.controller.support.client.EntandoResourceClient
Feb 19, 2021 5:17:06 AM okhttp3.mockwebserver.MockWebServer$3 processOneRequest
INFO: MockWebServer[48195] received request: GET /api/v1/namespaces/entando/configmaps/entando-docker-image-info-v6.3 HTTP/1.1 and responded: HTTP/1.1 200 OK
Feb 19, 2021 5:17:06 AM org.entando.kubernetes.client.KubernetesRestInterceptor invoke
INFO: Exiting method loadDockerImageInfoConfigMap in class org.entando.kubernetes.controller.support.client.EntandoResourceClient
Feb 19, 2021 5:17:06 AM org.entando.kubernetes.client.KubernetesRestInterceptor invoke
INFO: Entering method createOrPatchEntandoResource in class org.entando.kubernetes.controller.support.client.EntandoResourceClient with EntandoKeycloakServer: entando-k8s-composite-app-controller-carcpr16/test-keycloak-carcpr16
Feb 19, 2021 5:17:07 AM okhttp3.mockwebserver.MockWebServer$3 processOneRequest
INFO: MockWebServer[48195] received request: GET /api/v1/namespaces/entando-k8s-composite-app-controller-carcpr16 HTTP/1.1 and responded: HTTP/1.1 404 Client Error
Feb 19, 2021 5:17:07 AM okhttp3.mockwebserver.MockWebServer$3 processOneRequest
INFO: MockWebServer[48195] received request: GET /apis/entando.org/v1/namespaces/default/entandokeycloakservers HTTP/1.1 and responded: HTTP/1.1 200 OK
Feb 19, 2021 5:17:07 AM okhttp3.mockwebserver.MockWebServer$3 processOneRequest
INFO: MockWebServer[48195] received request: GET /api/v1/namespaces/entando-k8s-composite-app-controller-carcpr16 HTTP/1.1 and responded: HTTP/1.1 404 Client Error
Feb 19, 2021 5:17:07 AM okhttp3.mockwebserver.MockWebServer$3 processOneRequest
INFO: MockWebServer[48195] received request: GET /apis/entando.org/v1/namespaces/default/entandokeycloakservers HTTP/1.1 and responded: HTTP/1.1 200 OK
Feb 19, 2021 5:17:07 AM okhttp3.mockwebserver.MockWebServer$3 processOneRequest
INFO: MockWebServer[48195] received request: GET /apis/entando.org/v1/namespaces/entando-k8s-composite-app-controller-carcpr16/entandokeycloakservers/test-keycloak-carcpr16 HTTP/1.1 and responded: HTTP/1.1 404 Client Error
Feb 19, 2021 5:17:07 AM okhttp3.mockwebserver.MockWebServer$3 processOneRequest
INFO: MockWebServer[48195] received request: POST /apis/entando.org/v1/namespaces/entando-k8s-composite-app-controller-carcpr16/entandokeycloakservers HTTP/1.1 and responded: HTTP/1.1 202 OK
Feb 19, 2021 5:17:07 AM org.entando.kubernetes.client.KubernetesRestInterceptor invoke
INFO: Exiting method createOrPatchEntandoResource in class org.entando.kubernetes.controller.support.client.EntandoResourceClient
Feb 19, 2021 5:17:07 AM org.entando.kubernetes.client.KubernetesRestInterceptor invoke
INFO: Entering method removeAndWait in class org.entando.kubernetes.controller.support.client.PodClient with entando-k8s-composite-app-controller-carcpr16,{EntandoResourceNamespace=entando-k8s-composite-app-controller-carcpr16, EntandoResourceKind=EntandoKeycloakServer, EntandoKeycloakServer=test-keycloak-carcpr16}
Feb 19, 2021 5:17:07 AM okhttp3.mockwebserver.MockWebServer$3 processOneRequest
INFO: MockWebServer[48195] received request: GET /api/v1/namespaces/entando-k8s-composite-app-controller-carcpr16/pods?labelSelector=EntandoResourceNamespace%3Dentando-k8s-composite-app-controller-carcpr16%2CEntandoResourceKind%3DEntandoKeycloakServer%2CEntandoKeycloakServer%3Dtest-keycloak-carcpr16 HTTP/1.1 and responded: HTTP/1.1 200 OK
Feb 19, 2021 5:17:07 AM org.entando.kubernetes.client.KubernetesRestInterceptor invoke
INFO: Entering method getPodWatcherQueue in class org.entando.kubernetes.controller.support.client.PodWaitingClient
Feb 19, 2021 5:17:07 AM org.entando.kubernetes.client.KubernetesRestInterceptor invoke
INFO: Exiting method getPodWatcherQueue in class org.entando.kubernetes.controller.support.client.PodWaitingClient
Feb 19, 2021 5:17:07 AM okhttp3.mockwebserver.MockWebServer$3 processOneRequest
INFO: MockWebServer[48195] received request: GET /api/v1/namespaces/entando-k8s-composite-app-controller-carcpr16/pods?labelSelector=EntandoResourceNamespace%3Dentando-k8s-composite-app-controller-carcpr16%2CEntandoResourceKind%3DEntandoKeycloakServer%2CEntandoKeycloakServer%3Dtest-keycloak-carcpr16&watch=**** HTTP/1.1 and responded: HTTP/1.1 200 OK
Feb 19, 2021 5:17:07 AM okhttp3.mockwebserver.MockWebServer$3 processOneRequest
INFO: MockWebServer[48195] received request: GET /api/v1/namespaces/entando-k8s-composite-app-controller-carcpr16/pods?labelSelector=EntandoResourceNamespace%3Dentando-k8s-composite-app-controller-carcpr16%2CEntandoResourceKind%3DEntandoKeycloakServer%2CEntandoKeycloakServer%3Dtest-keycloak-carcpr16&watch=**** HTTP/1.1 and responded: HTTP/1.1 200 OK
Feb 19, 2021 5:17:07 AM okhttp3.mockwebserver.MockWebServer$3 processOneRequest
INFO: MockWebServer[48195] received request: GET /api/v1/namespaces/entando-k8s-composite-app-controller-carcpr16/pods?labelSelector=EntandoResourceNamespace%3Dentando-k8s-composite-app-controller-carcpr16%2CEntandoResourceKind%3DEntandoKeycloakServer%2CEntandoKeycloakServer%3Dtest-keycloak-carcpr16 HTTP/1.1 and responded: HTTP/1.1 200 OK
Feb 19, 2021 5:17:07 AM io.fabric8.kubernetes.client.dsl.internal.WatchHTTPManager$1 onResponse
INFO: Watch terminated unexpectedly. reason: \n not found: limit=46 content=7b2261706956657273696f6e223a227631222c226b696e64223a224c69737422â€¦
Feb 19, 2021 5:17:07 AM okhttp3.mockwebserver.MockWebServer$3 processOneRequest
INFO: MockWebServer[48195] received request: GET /api/v1/namespaces/entando-k8s-composite-app-controller-carcpr16/pods?labelSelector=EntandoResourceNamespace%3Dentando-k8s-composite-app-controller-carcpr16%2CEntandoResourceKind%3DEntandoKeycloakServer%2CEntandoKeycloakServer%3Dtest-keycloak-carcpr16 HTTP/1.1 and responded: HTTP/1.1 200 OK
Feb 19, 2021 5:17:08 AM org.entando.kubernetes.client.KubernetesRestInterceptor invoke
INFO: Exiting method removeAndWait in class org.entando.kubernetes.controller.support.client.PodClient
Feb 19, 2021 5:17:08 AM org.entando.kubernetes.client.KubernetesRestInterceptor invoke
INFO: Entering method overwriteControllerSecret in class org.entando.kubernetes.controller.support.client.SecretClient with Secret: null/test-keycloak-carcpr16-controller-ca-cert-secret
Feb 19, 2021 5:17:08 AM okhttp3.mockwebserver.MockWebServer$3 processOneRequest
INFO: MockWebServer[48195] received request: GET /api/v1/namespaces/entando-k8s-composite-app-controller-carcpr16/pods?labelSelector=EntandoResourceNamespace%3Dentando-k8s-composite-app-controller-carcpr16%2CEntandoResourceKind%3DEntandoKeycloakServer%2CEntandoKeycloakServer%3Dtest-keycloak-carcpr16&watch=**** HTTP/1.1 and responded: HTTP/1.1 200 OK
Feb 19, 2021 5:17:08 AM io.fabric8.kubernetes.client.dsl.internal.WatchHTTPManager$1 onResponse
INFO: Watch terminated unexpectedly. reason: \n not found: limit=46 content=7b2261706956657273696f6e223a227631222c226b696e64223a224c69737422â€¦
Feb 19, 2021 5:17:08 AM io.fabric8.kubernetes.client.dsl.internal.WatchHTTPManager scheduleReconnect
WARN: Ignoring error for already closed/closing connection
Feb 19, 2021 5:17:08 AM okhttp3.mockwebserver.MockWebServer$3 processOneRequest
INFO: MockWebServer[48195] received request: GET /api/v1/namespaces/entando-k8s-composite-app-controller-carcpr16/secrets/test-keycloak-carcpr16-controller-ca-cert-secret HTTP/1.1 and responded: HTTP/1.1 404 Client Error
Feb 19, 2021 5:17:08 AM okhttp3.mockwebserver.MockWebServer$3 processOneRequest
INFO: MockWebServer[48195] received request: POST /api/v1/namespaces/entando-k8s-composite-app-controller-carcpr16/secrets HTTP/1.1 and responded: HTTP/1.1 202 OK
Feb 19, 2021 5:17:08 AM org.entando.kubernetes.client.KubernetesRestInterceptor invoke
INFO: Exiting method overwriteControllerSecret in class org.entando.kubernetes.controller.support.client.SecretClient
Feb 19, 2021 5:17:08 AM org.entando.kubernetes.client.KubernetesRestInterceptor invoke
INFO: Entering method runToCompletion in class org.entando.kubernetes.controller.support.client.PodClient with Pod: entando-k8s-composite-app-controller-carcpr16/test-keycloak-carcpr16-deployer-6938
Feb 19, 2021 5:17:08 AM okhttp3.mockwebserver.MockWebServer$3 processOneRequest
INFO: MockWebServer[48195] received request: POST /api/v1/namespaces/entando-k8s-composite-app-controller-carcpr16/pods HTTP/1.1 and responded: HTTP/1.1 202 OK
Feb 19, 2021 5:17:09 AM org.entando.kubernetes.client.KubernetesRestInterceptor invoke
INFO: Entering method loadPod in class org.entando.kubernetes.controller.support.client.PodClient with entando-k8s-composite-app-controller-carcpr16,[Ljava.lang.String;@2f5a2b34
Feb 19, 2021 5:17:09 AM okhttp3.mockwebserver.MockWebServer$3 processOneRequest
INFO: MockWebServer[48195] received request: GET /api/v1/namespaces/entando-k8s-composite-app-controller-carcpr16/pods?fieldSelector=metadata.name%3Dtest-keycloak-carcpr16-deployer-6938&watch=**** HTTP/1.1 and responded: HTTP/1.1 200 OK
Feb 19, 2021 5:17:09 AM okhttp3.mockwebserver.MockWebServer$3 processOneRequest
INFO: MockWebServer[48195] received request: GET /api/v1/namespaces/entando-k8s-composite-app-controller-carcpr16/pods?labelSelector=EntandoKeycloakServer%3Dtest-keycloak-carcpr16 HTTP/1.1 and responded: HTTP/1.1 200 OK
Feb 19, 2021 5:17:09 AM org.entando.kubernetes.client.KubernetesRestInterceptor invoke
INFO: Exiting method loadPod in class org.entando.kubernetes.controller.support.client.PodClient
Feb 19, 2021 5:17:09 AM okhttp3.mockwebserver.MockWebServer$3 processOneRequest
INFO: MockWebServer[48195] received request: GET /api/v1/namespaces/entando-k8s-composite-app-controller-carcpr16/pods/test-keycloak-carcpr16-deployer-6938 HTTP/1.1 and responded: HTTP/1.1 200 OK
Feb 19, 2021 5:17:09 AM okhttp3.mockwebserver.MockWebServer$3 processOneRequest
INFO: MockWebServer[48195] received request: GET /api/v1/namespaces/entando-k8s-composite-app-controller-carcpr16/pods?fieldSelector=metadata.name%3Dtest-keycloak-carcpr16-deployer-6938&watch=**** HTTP/1.1 and responded: HTTP/1.1 200 OK
Feb 19, 2021 5:17:09 AM io.fabric8.kubernetes.client.dsl.internal.WatchHTTPManager$1 onResponse
INFO: Watch terminated unexpectedly. reason: \n not found: limit=2702 content=7b2261706956657273696f6e223a227631222c226b696e64223a224c69737422â€¦
Feb 19, 2021 5:17:09 AM okhttp3.mockwebserver.MockWebServer$3 processOneRequest
INFO: MockWebServer[48195] received request: PATCH /api/v1/namespaces/entando-k8s-composite-app-controller-carcpr16/pods/test-keycloak-carcpr16-deployer-6938 HTTP/1.1 and responded: HTTP/1.1 202 OK
Feb 19, 2021 5:17:09 AM org.entando.kubernetes.client.KubernetesRestInterceptor invoke
INFO: Entering method getPodWatcherQueue in class org.entando.kubernetes.controller.support.client.PodWaitingClient
Feb 19, 2021 5:17:09 AM org.entando.kubernetes.client.KubernetesRestInterceptor invoke
INFO: Exiting method getPodWatcherQueue in class org.entando.kubernetes.controller.support.client.PodWaitingClient
Feb 19, 2021 5:17:10 AM org.entando.kubernetes.client.KubernetesRestInterceptor invoke
INFO: Exiting method runToCompletion in class org.entando.kubernetes.controller.support.client.PodClient
Feb 19, 2021 5:17:10 AM org.entando.kubernetes.client.KubernetesRestInterceptor invoke
INFO: Entering method updateStatus in class org.entando.kubernetes.controller.support.client.EntandoResourceClient with EntandoCompositeApp: entando-k8s-composite-app-controller-carcpr16/my-app-carcpr16
Feb 19, 2021 5:17:10 AM okhttp3.mockwebserver.MockWebServer$3 processOneRequest
INFO: MockWebServer[48195] received request: GET /api/v1/namespaces/entando-k8s-composite-app-controller-carcpr16/pods?fieldSelector=metadata.name%3Dtest-keycloak-carcpr16-deployer-6938&watch=**** HTTP/1.1 and responded: HTTP/1.1 200 OK
Feb 19, 2021 5:17:10 AM io.fabric8.kubernetes.client.dsl.internal.WatchHTTPManager$1 onResponse
INFO: Watch terminated unexpectedly. reason: \n not found: limit=2886 content=7b2261706956657273696f6e223a227631222c226b696e64223a224c69737422â€¦
Feb 19, 2021 5:17:10 AM io.fabric8.kubernetes.client.dsl.internal.WatchHTTPManager scheduleReconnect
WARN: Ignoring error for already closed/closing connection
Feb 19, 2021 5:17:10 AM okhttp3.mockwebserver.MockWebServer$3 processOneRequest
INFO: MockWebServer[48195] received request: POST /api/v1/namespaces/entando-k8s-composite-app-controller-carcpr16/events HTTP/1.1 and responded: HTTP/1.1 202 OK
Feb 19, 2021 5:17:10 AM okhttp3.mockwebserver.MockWebServer$3 processOneRequest
INFO: MockWebServer[48195] received request: GET /apis/entando.org/v1/namespaces/entando-k8s-composite-app-controller-carcpr16/entandocompositeapps/my-app-carcpr16 HTTP/1.1 and responded: HTTP/1.1 200 OK
Feb 19, 2021 5:17:10 AM okhttp3.mockwebserver.MockWebServer$3 processOneRequest
INFO: MockWebServer[48195] received request: PUT /apis/entando.org/v1/namespaces/entando-k8s-composite-app-controller-carcpr16/entandocompositeapps/my-app-carcpr16/status HTTP/1.1 and responded: HTTP/1.1 202 OK
Feb 19, 2021 5:17:10 AM org.entando.kubernetes.client.KubernetesRestInterceptor invoke
INFO: Exiting method updateStatus in class org.entando.kubernetes.controller.support.client.EntandoResourceClient
Feb 19, 2021 5:17:10 AM org.entando.kubernetes.client.KubernetesRestInterceptor invoke
INFO: Entering method load in class org.entando.kubernetes.controller.support.client.EntandoResourceClient with class org.entando.kubernetes.model.plugin.EntandoPlugin,entando-k8s-composite-app-controller-carcpr16,test-plugin-carcpr16
Feb 19, 2021 5:17:10 AM okhttp3.mockwebserver.MockWebServer$3 processOneRequest
INFO: MockWebServer[48195] received request: GET /apis/entando.org/v1/namespaces/entando-k8s-composite-app-controller-carcpr16/entandoplugins/test-plugin-carcpr16 HTTP/1.1 and responded: HTTP/1.1 200 OK
Feb 19, 2021 5:17:10 AM org.entando.kubernetes.client.KubernetesRestInterceptor invoke
INFO: Exiting method load in class org.entando.kubernetes.controller.support.client.EntandoResourceClient
Feb 19, 2021 5:17:10 AM org.entando.kubernetes.client.KubernetesRestInterceptor invoke
INFO: Entering method createOrPatchEntandoResource in class org.entando.kubernetes.controller.support.client.EntandoResourceClient with EntandoPlugin: entando-k8s-composite-app-controller-carcpr16/test-plugin-carcpr16
Feb 19, 2021 5:17:10 AM okhttp3.mockwebserver.MockWebServer$3 processOneRequest
INFO: MockWebServer[48195] received request: GET /apis/entando.org/v1/namespaces/entando-k8s-composite-app-controller-carcpr16/entandoplugins/test-plugin-carcpr16 HTTP/1.1 and responded: HTTP/1.1 200 OK
Feb 19, 2021 5:17:10 AM okhttp3.mockwebserver.MockWebServer$3 processOneRequest
INFO: MockWebServer[48195] received request: GET /apis/entando.org/v1/namespaces/entando-k8s-composite-app-controller-carcpr16/entandoplugins/test-plugin-carcpr16 HTTP/1.1 and responded: HTTP/1.1 200 OK
Feb 19, 2021 5:17:10 AM okhttp3.mockwebserver.MockWebServer$3 processOneRequest
INFO: MockWebServer[48195] received request: PATCH /apis/entando.org/v1/namespaces/entando-k8s-composite-app-controller-carcpr16/entandoplugins/test-plugin-carcpr16 HTTP/1.1 and responded: HTTP/1.1 202 OK
Feb 19, 2021 5:17:10 AM org.entando.kubernetes.client.KubernetesRestInterceptor invoke
INFO: Exiting method createOrPatchEntandoResource in class org.entando.kubernetes.controller.support.client.EntandoResourceClient
Feb 19, 2021 5:17:10 AM org.entando.kubernetes.client.KubernetesRestInterceptor invoke
INFO: Entering method removeAndWait in class org.entando.kubernetes.controller.support.client.PodClient with entando-k8s-composite-app-controller-carcpr16,{EntandoPlugin=test-plugin-carcpr16, EntandoResourceNamespace=entando-k8s-composite-app-controller-carcpr16, EntandoResourceKind=EntandoPlugin}
Feb 19, 2021 5:17:10 AM okhttp3.mockwebserver.MockWebServer$3 processOneRequest
INFO: MockWebServer[48195] received request: GET /api/v1/namespaces/entando-k8s-composite-app-controller-carcpr16/pods?labelSelector=EntandoPlugin%3Dtest-plugin-carcpr16%2CEntandoResourceNamespace%3Dentando-k8s-composite-app-controller-carcpr16%2CEntandoResourceKind%3DEntandoPlugin HTTP/1.1 and responded: HTTP/1.1 200 OK
Feb 19, 2021 5:17:10 AM org.entando.kubernetes.client.KubernetesRestInterceptor invoke
INFO: Entering method getPodWatcherQueue in class org.entando.kubernetes.controller.support.client.PodWaitingClient
Feb 19, 2021 5:17:10 AM org.entando.kubernetes.client.KubernetesRestInterceptor invoke
INFO: Exiting method getPodWatcherQueue in class org.entando.kubernetes.controller.support.client.PodWaitingClient
Feb 19, 2021 5:17:10 AM okhttp3.mockwebserver.MockWebServer$3 processOneRequest
INFO: MockWebServer[48195] received request: GET /api/v1/namespaces/entando-k8s-composite-app-controller-carcpr16/pods?labelSelector=EntandoPlugin%3Dtest-plugin-carcpr16%2CEntandoResourceNamespace%3Dentando-k8s-composite-app-controller-carcpr16%2CEntandoResourceKind%3DEntandoPlugin&watch=**** HTTP/1.1 and responded: HTTP/1.1 200 OK
Feb 19, 2021 5:17:11 AM okhttp3.mockwebserver.MockWebServer$3 processOneRequest
INFO: MockWebServer[48195] received request: GET /api/v1/namespaces/entando-k8s-composite-app-controller-carcpr16/pods?labelSelector=EntandoPlugin%3Dtest-plugin-carcpr16%2CEntandoResourceNamespace%3Dentando-k8s-composite-app-controller-carcpr16%2CEntandoResourceKind%3DEntandoPlugin HTTP/1.1 and responded: HTTP/1.1 200 OK
Feb 19, 2021 5:17:11 AM okhttp3.mockwebserver.MockWebServer$3 processOneRequest
INFO: MockWebServer[48195] received request: GET /api/v1/namespaces/entando-k8s-composite-app-controller-carcpr16/pods?labelSelector=EntandoPlugin%3Dtest-plugin-carcpr16%2CEntandoResourceNamespace%3Dentando-k8s-composite-app-controller-carcpr16%2CEntandoResourceKind%3DEntandoPlugin&watch=**** HTTP/1.1 and responded: HTTP/1.1 200 OK
Feb 19, 2021 5:17:11 AM io.fabric8.kubernetes.client.dsl.internal.WatchHTTPManager$1 onResponse
INFO: Watch terminated unexpectedly. reason: \n not found: limit=46 content=7b2261706956657273696f6e223a227631222c226b696e64223a224c69737422â€¦
Feb 19, 2021 5:17:11 AM okhttp3.mockwebserver.MockWebServer$3 processOneRequest
INFO: MockWebServer[48195] received request: GET /api/v1/namespaces/entando-k8s-composite-app-controller-carcpr16/pods?labelSelector=EntandoPlugin%3Dtest-plugin-carcpr16%2CEntandoResourceNamespace%3Dentando-k8s-composite-app-controller-carcpr16%2CEntandoResourceKind%3DEntandoPlugin HTTP/1.1 and responded: HTTP/1.1 200 OK
Feb 19, 2021 5:17:12 AM org.entando.kubernetes.client.KubernetesRestInterceptor invoke
INFO: Exiting method removeAndWait in class org.entando.kubernetes.controller.support.client.PodClient
Feb 19, 2021 5:17:12 AM okhttp3.mockwebserver.MockWebServer$3 processOneRequest
INFO: MockWebServer[48195] received request: GET /api/v1/namespaces/entando-k8s-composite-app-controller-carcpr16/pods?labelSelector=EntandoPlugin%3Dtest-plugin-carcpr16%2CEntandoResourceNamespace%3Dentando-k8s-composite-app-controller-carcpr16%2CEntandoResourceKind%3DEntandoPlugin&watch=**** HTTP/1.1 and responded: HTTP/1.1 200 OK
Feb 19, 2021 5:17:12 AM io.fabric8.kubernetes.client.dsl.internal.WatchHTTPManager$1 onResponse
INFO: Watch terminated unexpectedly. reason: \n not found: limit=46 content=7b2261706956657273696f6e223a227631222c226b696e64223a224c69737422â€¦
Feb 19, 2021 5:17:12 AM io.fabric8.kubernetes.client.dsl.internal.WatchHTTPManager scheduleReconnect
WARN: Ignoring error for already closed/closing connection
Feb 19, 2021 5:17:12 AM org.entando.kubernetes.client.KubernetesRestInterceptor invoke
INFO: Entering method overwriteControllerSecret in class org.entando.kubernetes.controller.support.client.SecretClient with Secret: null/test-plugin-carcpr16-controller-ca-cert-secret
Feb 19, 2021 5:17:12 AM okhttp3.mockwebserver.MockWebServer$3 processOneRequest
INFO: MockWebServer[48195] received request: GET /api/v1/namespaces/entando-k8s-composite-app-controller-carcpr16/secrets/test-plugin-carcpr16-controller-ca-cert-secret HTTP/1.1 and responded: HTTP/1.1 404 Client Error
Feb 19, 2021 5:17:12 AM okhttp3.mockwebserver.MockWebServer$3 processOneRequest
INFO: MockWebServer[48195] received request: POST /api/v1/namespaces/entando-k8s-composite-app-controller-carcpr16/secrets HTTP/1.1 and responded: HTTP/1.1 202 OK
Feb 19, 2021 5:17:12 AM org.entando.kubernetes.client.KubernetesRestInterceptor invoke
INFO: Exiting method overwriteControllerSecret in class org.entando.kubernetes.controller.support.client.SecretClient
Feb 19, 2021 5:17:12 AM org.entando.kubernetes.client.KubernetesRestInterceptor invoke
INFO: Entering method runToCompletion in class org.entando.kubernetes.controller.support.client.PodClient with Pod: entando-k8s-composite-app-controller-carcpr16/test-plugin-carcpr16-deployer-6307
Feb 19, 2021 5:17:12 AM okhttp3.mockwebserver.MockWebServer$3 processOneRequest
INFO: MockWebServer[48195] received request: POST /api/v1/namespaces/entando-k8s-composite-app-controller-carcpr16/pods HTTP/1.1 and responded: HTTP/1.1 202 OK
Feb 19, 2021 5:17:12 AM org.entando.kubernetes.client.KubernetesRestInterceptor invoke
INFO: Entering method loadPod in class org.entando.kubernetes.controller.support.client.PodClient with entando-k8s-composite-app-controller-carcpr16,[Ljava.lang.String;@4c0e6bae
Feb 19, 2021 5:17:12 AM okhttp3.mockwebserver.MockWebServer$3 processOneRequest
INFO: MockWebServer[48195] received request: GET /api/v1/namespaces/entando-k8s-composite-app-controller-carcpr16/pods?labelSelector=EntandoPlugin%3Dtest-plugin-carcpr16 HTTP/1.1 and responded: HTTP/1.1 200 OK
Feb 19, 2021 5:17:12 AM okhttp3.mockwebserver.MockWebServer$3 processOneRequest
INFO: MockWebServer[48195] received request: GET /api/v1/namespaces/entando-k8s-composite-app-controller-carcpr16/pods?fieldSelector=metadata.name%3Dtest-plugin-carcpr16-deployer-6307&watch=**** HTTP/1.1 and responded: HTTP/1.1 200 OK
Feb 19, 2021 5:17:12 AM org.entando.kubernetes.client.KubernetesRestInterceptor invoke
INFO: Exiting method loadPod in class org.entando.kubernetes.controller.support.client.PodClient
Feb 19, 2021 5:17:12 AM okhttp3.mockwebserver.MockWebServer$3 processOneRequest
INFO: MockWebServer[48195] received request: GET /api/v1/namespaces/entando-k8s-composite-app-controller-carcpr16/pods?fieldSelector=metadata.name%3Dtest-plugin-carcpr16-deployer-6307&watch=**** HTTP/1.1 and responded: HTTP/1.1 200 OK
Feb 19, 2021 5:17:12 AM io.fabric8.kubernetes.client.dsl.internal.WatchHTTPManager$1 onResponse
INFO: Watch terminated unexpectedly. reason: \n not found: limit=5517 content=7b2261706956657273696f6e223a227631222c226b696e64223a224c69737422â€¦
Feb 19, 2021 5:17:12 AM okhttp3.mockwebserver.MockWebServer$3 processOneRequest
INFO: MockWebServer[48195] received request: GET /api/v1/namespaces/entando-k8s-composite-app-controller-carcpr16/pods/test-plugin-carcpr16-deployer-6307 HTTP/1.1 and responded: HTTP/1.1 200 OK
Feb 19, 2021 5:17:12 AM okhttp3.mockwebserver.MockWebServer$3 processOneRequest
INFO: MockWebServer[48195] received request: PATCH /api/v1/namespaces/entando-k8s-composite-app-controller-carcpr16/pods/test-plugin-carcpr16-deployer-6307 HTTP/1.1 and responded: HTTP/1.1 202 OK
Feb 19, 2021 5:17:13 AM org.entando.kubernetes.client.KubernetesRestInterceptor invoke
INFO: Exiting method runToCompletion in class org.entando.kubernetes.controller.support.client.PodClient
Feb 19, 2021 5:17:13 AM org.entando.kubernetes.client.KubernetesRestInterceptor invoke
INFO: Entering method updateStatus in class org.entando.kubernetes.controller.support.client.EntandoResourceClient with EntandoCompositeApp: entando-k8s-composite-app-controller-carcpr16/my-app-carcpr16
Feb 19, 2021 5:17:13 AM io.fabric8.kubernetes.client.dsl.internal.WatchHTTPManager$1 onResponse
INFO: Watch terminated unexpectedly. reason: \n not found: limit=5701 content=7b2261706956657273696f6e223a227631222c226b696e64223a224c69737422â€¦
Feb 19, 2021 5:17:13 AM okhttp3.mockwebserver.MockWebServer$3 processOneRequest
INFO: MockWebServer[48195] received request: GET /api/v1/namespaces/entando-k8s-composite-app-controller-carcpr16/pods?fieldSelector=metadata.name%3Dtest-plugin-carcpr16-deployer-6307&watch=**** HTTP/1.1 and responded: HTTP/1.1 200 OK
Feb 19, 2021 5:17:13 AM io.fabric8.kubernetes.client.dsl.internal.WatchHTTPManager scheduleReconnect
WARN: Ignoring error for already closed/closing connection
Feb 19, 2021 5:17:13 AM okhttp3.mockwebserver.MockWebServer$3 processOneRequest
INFO: MockWebServer[48195] received request: POST /api/v1/namespaces/entando-k8s-composite-app-controller-carcpr16/events HTTP/1.1 and responded: HTTP/1.1 202 OK
Feb 19, 2021 5:17:13 AM okhttp3.mockwebserver.MockWebServer$3 processOneRequest
INFO: MockWebServer[48195] received request: GET /apis/entando.org/v1/namespaces/entando-k8s-composite-app-controller-carcpr16/entandocompositeapps/my-app-carcpr16 HTTP/1.1 and responded: HTTP/1.1 200 OK
Feb 19, 2021 5:17:13 AM okhttp3.mockwebserver.MockWebServer$3 processOneRequest
INFO: MockWebServer[48195] received request: PUT /apis/entando.org/v1/namespaces/entando-k8s-composite-app-controller-carcpr16/entandocompositeapps/my-app-carcpr16/status HTTP/1.1 and responded: HTTP/1.1 202 OK
Feb 19, 2021 5:17:13 AM org.entando.kubernetes.client.KubernetesRestInterceptor invoke
INFO: Exiting method updateStatus in class org.entando.kubernetes.controller.support.client.EntandoResourceClient
Feb 19, 2021 5:17:13 AM org.entando.kubernetes.client.KubernetesRestInterceptor invoke
INFO: Entering method updatePhase in class org.entando.kubernetes.controller.support.client.EntandoResourceClient with EntandoCompositeApp: entando-k8s-composite-app-controller-carcpr16/my-app-carcpr16
Feb 19, 2021 5:17:13 AM okhttp3.mockwebserver.MockWebServer$3 processOneRequest
INFO: MockWebServer[48195] received request: POST /api/v1/namespaces/entando-k8s-composite-app-controller-carcpr16/events HTTP/1.1 and responded: HTTP/1.1 202 OK
Feb 19, 2021 5:17:13 AM okhttp3.mockwebserver.MockWebServer$3 processOneRequest
INFO: MockWebServer[48195] received request: GET /apis/entando.org/v1/namespaces/entando-k8s-composite-app-controller-carcpr16/entandocompositeapps/my-app-carcpr16 HTTP/1.1 and responded: HTTP/1.1 200 OK
Feb 19, 2021 5:17:13 AM okhttp3.mockwebserver.MockWebServer$3 processOneRequest
INFO: MockWebServer[48195] received request: PUT /apis/entando.org/v1/namespaces/entando-k8s-composite-app-controller-carcpr16/entandocompositeapps/my-app-carcpr16/status HTTP/1.1 and responded: HTTP/1.1 202 OK
Feb 19, 2021 5:17:14 AM org.entando.kubernetes.client.KubernetesRestInterceptor invoke
INFO: Exiting method updatePhase in class org.entando.kubernetes.controller.support.client.EntandoResourceClient
Feb 19, 2021 5:17:14 AM okhttp3.mockwebserver.MockWebServer$3 processOneRequest
INFO: MockWebServer[48195] received request: GET /api/v1/namespaces/entando-k8s-composite-app-controller-carcpr16/pods?labelSelector=EntandoResourceKind%3DEntandoKeycloakServer%2CEntandoKeycloakServer%3Dtest-keycloak-carcpr16 HTTP/1.1 and responded: HTTP/1.1 200 OK
Feb 19, 2021 5:17:14 AM okhttp3.mockwebserver.MockWebServer$3 processOneRequest
INFO: MockWebServer[48195] received request: GET /api/v1/namespaces/entando-k8s-composite-app-controller-carcpr16/pods?labelSelector=EntandoResourceKind%3DEntandoKeycloakServer%2CEntandoKeycloakServer%3Dtest-keycloak-carcpr16 HTTP/1.1 and responded: HTTP/1.1 200 OK
Feb 19, 2021 5:17:14 AM okhttp3.mockwebserver.MockWebServer$3 processOneRequest
INFO: MockWebServer[48195] received request: GET /api/v1/namespaces/entando-k8s-composite-app-controller-carcpr16 HTTP/1.1 and responded: HTTP/1.1 404 Client Error
Feb 19, 2021 5:17:14 AM okhttp3.mockwebserver.MockWebServer$3 processOneRequest
INFO: MockWebServer[48195] received request: GET /apis/entando.org/v1/namespaces/default/entandokeycloakservers HTTP/1.1 and responded: HTTP/1.1 200 OK
Feb 19, 2021 5:17:14 AM okhttp3.mockwebserver.MockWebServer$3 processOneRequest
INFO: MockWebServer[48195] received request: GET /api/v1/namespaces/entando-k8s-composite-app-controller-carcpr16 HTTP/1.1 and responded: HTTP/1.1 404 Client Error
Feb 19, 2021 5:17:14 AM okhttp3.mockwebserver.MockWebServer$3 processOneRequest
INFO: MockWebServer[48195] received request: GET /apis/entando.org/v1/namespaces/default/entandokeycloakservers HTTP/1.1 and responded: HTTP/1.1 200 OK
Feb 19, 2021 5:17:14 AM okhttp3.mockwebserver.MockWebServer$3 processOneRequest
INFO: MockWebServer[48195] received request: GET /apis/entando.org/v1/namespaces/entando-k8s-composite-app-controller-carcpr16/entandokeycloakservers/test-keycloak-carcpr16 HTTP/1.1 and responded: HTTP/1.1 200 OK
Feb 19, 2021 5:17:14 AM okhttp3.mockwebserver.MockWebServer$3 processOneRequest
INFO: MockWebServer[48195] received request: GET /api/v1/namespaces/entando-k8s-composite-app-controller-carcpr16 HTTP/1.1 and responded: HTTP/1.1 404 Client Error
Feb 19, 2021 5:17:14 AM okhttp3.mockwebserver.MockWebServer$3 processOneRequest
INFO: MockWebServer[48195] received request: GET /apis/entando.org/v1/namespaces/default/entandocompositeapps HTTP/1.1 and responded: HTTP/1.1 200 OK
Feb 19, 2021 5:17:14 AM okhttp3.mockwebserver.MockWebServer$3 processOneRequest
INFO: MockWebServer[48195] received request: GET /api/v1/namespaces/entando-k8s-composite-app-controller-carcpr16 HTTP/1.1 and responded: HTTP/1.1 404 Client Error
Feb 19, 2021 5:17:15 AM okhttp3.mockwebserver.MockWebServer$3 processOneRequest
INFO: MockWebServer[48195] received request: GET /apis/entando.org/v1/namespaces/default/entandocompositeapps HTTP/1.1 and responded: HTTP/1.1 200 OK
Feb 19, 2021 5:17:15 AM okhttp3.mockwebserver.MockWebServer$3 processOneRequest
INFO: MockWebServer[48195] received request: GET /apis/entando.org/v1/namespaces/entando-k8s-composite-app-controller-carcpr16/entandocompositeapps/my-app-carcpr16 HTTP/1.1 and responded: HTTP/1.1 200 OK
Feb 19, 2021 5:17:15 AM okhttp3.mockwebserver.MockWebServer$3 processOneRequest
INFO: MockWebServer[48195] received request: GET /api/v1/namespaces/entando-k8s-composite-app-controller-carcpr16/pods?labelSelector=EntandoPlugin%3Dtest-plugin-carcpr16%2CEntandoResourceKind%3DEntandoPlugin HTTP/1.1 and responded: HTTP/1.1 200 OK
Feb 19, 2021 5:17:15 AM okhttp3.mockwebserver.MockWebServer$3 processOneRequest
INFO: MockWebServer[48195] received request: GET /api/v1/namespaces/entando-k8s-composite-app-controller-carcpr16/pods?labelSelector=EntandoPlugin%3Dtest-plugin-carcpr16%2CEntandoResourceKind%3DEntandoPlugin HTTP/1.1 and responded: HTTP/1.1 200 OK
Feb 19, 2021 5:17:15 AM okhttp3.mockwebserver.MockWebServer$3 processOneRequest
INFO: MockWebServer[48195] received request: GET /api/v1/namespaces/entando-k8s-composite-app-controller-carcpr16 HTTP/1.1 and responded: HTTP/1.1 404 Client Error
Feb 19, 2021 5:17:15 AM okhttp3.mockwebserver.MockWebServer$3 processOneRequest
INFO: MockWebServer[48195] received request: GET /apis/entando.org/v1/namespaces/default/entandoplugins HTTP/1.1 and responded: HTTP/1.1 200 OK
Feb 19, 2021 5:17:15 AM okhttp3.mockwebserver.MockWebServer$3 processOneRequest
INFO: MockWebServer[48195] received request: GET /api/v1/namespaces/entando-k8s-composite-app-controller-carcpr16 HTTP/1.1 and responded: HTTP/1.1 404 Client Error
Feb 19, 2021 5:17:15 AM okhttp3.mockwebserver.MockWebServer$3 processOneRequest
INFO: MockWebServer[48195] received request: GET /apis/entando.org/v1/namespaces/default/entandoplugins HTTP/1.1 and responded: HTTP/1.1 200 OK
Feb 19, 2021 5:17:15 AM okhttp3.mockwebserver.MockWebServer$3 processOneRequest
INFO: MockWebServer[48195] received request: GET /apis/entando.org/v1/namespaces/entando-k8s-composite-app-controller-carcpr16/entandoplugins/test-plugin-carcpr16 HTTP/1.1 and responded: HTTP/1.1 200 OK
Feb 19, 2021 5:17:16 AM okhttp3.mockwebserver.MockWebServer$3 processOneRequest
INFO: MockWebServer[48195] received request: GET /apis/entando.org/v1/namespaces/entando-k8s-composite-app-controller-carcpr16/entandocompositeapps/my-app-carcpr16 HTTP/1.1 and responded: HTTP/1.1 200 OK
Feb 19, 2021 5:17:16 AM okhttp3.mockwebserver.MockWebServer$3 processOneRequest
INFO: MockWebServer[48195] received request: GET /apis/entando.org/v1/namespaces/entando-k8s-composite-app-controller-carcpr16/entandocompositeapps/my-app-carcpr16 HTTP/1.1 and responded: HTTP/1.1 200 OK
Feb 19, 2021 5:17:16 AM org.entando.kubernetes.client.KubernetesRestInterceptor invoke
INFO: Entering method getPodWatcherQueue in class org.entando.kubernetes.controller.support.client.PodWaitingClient
Feb 19, 2021 5:17:16 AM org.entando.kubernetes.client.KubernetesRestInterceptor invoke
INFO: Exiting method getPodWatcherQueue in class org.entando.kubernetes.controller.support.client.PodWaitingClient
Feb 19, 2021 5:17:16 AM okhttp3.mockwebserver.MockWebServer$2 acceptConnections
INFO: MockWebServer[48195] done accepting connections: Socket closed
Feb 19, 2021 5:17:16 AM okhttp3.mockwebserver.MockWebServer$2 e**cute
INFO: MockWebServer[43360] starting to accept connections
Feb 19, 2021 5:17:16 AM okhttp3.mockwebserver.MockWebServer$3 processOneRequest
INFO: MockWebServer[43360] received request: GET /api/v1/namespaces/entando HTTP/1.1 and responded: HTTP/1.1 404 Client Error
Feb 19, 2021 5:17:16 AM okhttp3.mockwebserver.MockWebServer$3 processOneRequest
INFO: MockWebServer[43360] received request: POST /api/v1/namespaces HTTP/1.1 and responded: HTTP/1.1 202 OK
Feb 19, 2021 5:17:16 AM org.entando.kubernetes.client.KubernetesRestInterceptor invoke
INFO: Entering method loadDockerImageInfoConfigMap in class org.entando.kubernetes.controller.support.client.EntandoResourceClient
Feb 19, 2021 5:17:16 AM okhttp3.mockwebserver.MockWebServer$3 processOneRequest
INFO: MockWebServer[43360] received request: GET /api/v1/namespaces/entando/configmaps/entando-docker-image-info-v6.3 HTTP/1.1 and responded: HTTP/1.1 404 Client Error
Feb 19, 2021 5:17:16 AM org.entando.kubernetes.client.KubernetesRestInterceptor invoke
INFO: Exiting method loadDockerImageInfoConfigMap in class org.entando.kubernetes.controller.support.client.EntandoResourceClient
Feb 19, 2021 5:17:16 AM okhttp3.mockwebserver.MockWebServer$3 processOneRequest
INFO: MockWebServer[43360] received request: GET /api/v1/namespaces/entando/configmaps/entando-docker-image-info-v6.3 HTTP/1.1 and responded: HTTP/1.1 404 Client Error
Feb 19, 2021 5:17:16 AM okhttp3.mockwebserver.MockWebServer$3 processOneRequest
INFO: MockWebServer[43360] received request: POST /api/v1/namespaces/entando/configmaps HTTP/1.1 and responded: HTTP/1.1 202 OK
Feb 19, 2021 5:17:16 AM okhttp3.mockwebserver.MockWebServer$3 processOneRequest
INFO: MockWebServer[43360] received request: GET /api/v1/namespaces/entando/configmaps/entando-docker-image-info-v6.3 HTTP/1.1 and responded: HTTP/1.1 200 OK
Feb 19, 2021 5:17:16 AM okhttp3.mockwebserver.MockWebServer$3 processOneRequest
INFO: MockWebServer[43360] received request: GET /api/v1/namespaces/entando/configmaps/entando-docker-image-info-v6.3 HTTP/1.1 and responded: HTTP/1.1 200 OK
Feb 19, 2021 5:17:16 AM okhttp3.mockwebserver.MockWebServer$3 processOneRequest
INFO: MockWebServer[43360] received request: GET /api/v1/namespaces/entando/configmaps/entando-docker-image-info-v6.3 HTTP/1.1 and responded: HTTP/1.1 200 OK
Feb 19, 2021 5:17:17 AM okhttp3.mockwebserver.MockWebServer$3 processOneRequest
INFO: MockWebServer[43360] received request: PATCH /api/v1/namespaces/entando/configmaps/entando-docker-image-info-v6.3 HTTP/1.1 and responded: HTTP/1.1 202 OK
Feb 19, 2021 5:17:17 AM org.entando.kubernetes.client.KubernetesRestInterceptor invoke
INFO: Entering method createOrPatchEntandoResource in class org.entando.kubernetes.controller.support.client.EntandoResourceClient with EntandoPlugin: entando-k8s-composite-app-controller-carcpr16/test-plugin-carcpr16
Feb 19, 2021 5:17:17 AM okhttp3.mockwebserver.MockWebServer$3 processOneRequest
INFO: MockWebServer[43360] received request: GET /api/v1/namespaces/entando-k8s-composite-app-controller-carcpr16 HTTP/1.1 and responded: HTTP/1.1 404 Client Error
Feb 19, 2021 5:17:17 AM okhttp3.mockwebserver.MockWebServer$3 processOneRequest
INFO: MockWebServer[43360] received request: GET /apis/entando.org/v1/namespaces/default/entandoplugins HTTP/1.1 and responded: HTTP/1.1 200 OK
Feb 19, 2021 5:17:17 AM okhttp3.mockwebserver.MockWebServer$3 processOneRequest
INFO: MockWebServer[43360] received request: GET /api/v1/namespaces/entando-k8s-composite-app-controller-carcpr16 HTTP/1.1 and responded: HTTP/1.1 404 Client Error
Feb 19, 2021 5:17:17 AM okhttp3.mockwebserver.MockWebServer$3 processOneRequest
INFO: MockWebServer[43360] received request: GET /apis/entando.org/v1/namespaces/default/entandoplugins HTTP/1.1 and responded: HTTP/1.1 200 OK
Feb 19, 2021 5:17:17 AM okhttp3.mockwebserver.MockWebServer$3 processOneRequest
INFO: MockWebServer[43360] received request: GET /apis/entando.org/v1/namespaces/entando-k8s-composite-app-controller-carcpr16/entandoplugins/test-plugin-carcpr16 HTTP/1.1 and responded: HTTP/1.1 404 Client Error
Feb 19, 2021 5:17:17 AM okhttp3.mockwebserver.MockWebServer$3 processOneRequest
INFO: MockWebServer[43360] received request: POST /apis/entando.org/v1/namespaces/entando-k8s-composite-app-controller-carcpr16/entandoplugins HTTP/1.1 and responded: HTTP/1.1 202 OK
Feb 19, 2021 5:17:17 AM org.entando.kubernetes.client.KubernetesRestInterceptor invoke
INFO: Exiting method createOrPatchEntandoResource in class org.entando.kubernetes.controller.support.client.EntandoResourceClient
Feb 19, 2021 5:17:17 AM okhttp3.mockwebserver.MockWebServer$3 processOneRequest
INFO: MockWebServer[43360] received request: GET /api/v1/namespaces/entando-k8s-composite-app-controller-carcpr16 HTTP/1.1 and responded: HTTP/1.1 404 Client Error
Feb 19, 2021 5:17:17 AM okhttp3.mockwebserver.MockWebServer$3 processOneRequest
INFO: MockWebServer[43360] received request: GET /apis/entando.org/v1/namespaces/default/entandocompositeapps HTTP/1.1 and responded: HTTP/1.1 200 OK
Feb 19, 2021 5:17:17 AM okhttp3.mockwebserver.MockWebServer$3 processOneRequest
INFO: MockWebServer[43360] received request: GET /api/v1/namespaces/entando-k8s-composite-app-controller-carcpr16 HTTP/1.1 and responded: HTTP/1.1 404 Client Error
Feb 19, 2021 5:17:17 AM okhttp3.mockwebserver.MockWebServer$3 processOneRequest
INFO: MockWebServer[43360] received request: GET /apis/entando.org/v1/namespaces/default/entandocompositeapps HTTP/1.1 and responded: HTTP/1.1 200 OK
Feb 19, 2021 5:17:17 AM okhttp3.mockwebserver.MockWebServer$3 processOneRequest
INFO: MockWebServer[43360] received request: POST /apis/entando.org/v1/namespaces/entando-k8s-composite-app-controller-carcpr16/entandocompositeapps HTTP/1.1 and responded: HTTP/1.1 202 OK
Feb 19, 2021 5:17:17 AM org.entando.kubernetes.client.KubernetesRestInterceptor invoke
INFO: Entering method loadOperatorConfig in class org.entando.kubernetes.controller.support.client.EntandoResourceClient
Feb 19, 2021 5:17:18 AM okhttp3.mockwebserver.MockWebServer$3 processOneRequest
INFO: MockWebServer[43360] received request: GET /api/v1/namespaces/entando-k8s-composite-app-controller-carcpr16/configmaps/entando-operator-config HTTP/1.1 and responded: HTTP/1.1 404 Client Error
Feb 19, 2021 5:17:18 AM org.entando.kubernetes.client.KubernetesRestInterceptor invoke
INFO: Exiting method loadOperatorConfig in class org.entando.kubernetes.controller.support.client.EntandoResourceClient
Feb 19, 2021 5:17:18 AM org.entando.kubernetes.client.KubernetesRestInterceptor invoke
INFO: Entering method getPodWatcherQueue in class org.entando.kubernetes.controller.support.client.PodWaitingClient
Feb 19, 2021 5:17:18 AM org.entando.kubernetes.client.KubernetesRestInterceptor invoke
INFO: Exiting method getPodWatcherQueue in class org.entando.kubernetes.controller.support.client.PodWaitingClient
Feb 19, 2021 5:17:18 AM org.entando.kubernetes.client.KubernetesRestInterceptor invoke
INFO: Entering method load in class org.entando.kubernetes.controller.support.client.EntandoResourceClient with class org.entando.kubernetes.model.compositeapp.EntandoCompositeApp,entando-k8s-composite-app-controller-carcpr16,my-app-carcpr16
Feb 19, 2021 5:17:18 AM okhttp3.mockwebserver.MockWebServer$3 processOneRequest
INFO: MockWebServer[43360] received request: GET /api/v1/namespaces/entando-k8s-composite-app-controller-carcpr16 HTTP/1.1 and responded: HTTP/1.1 404 Client Error
Feb 19, 2021 5:17:18 AM okhttp3.mockwebserver.MockWebServer$3 processOneRequest
INFO: MockWebServer[43360] received request: GET /apis/entando.org/v1/namespaces/default/entandocompositeapps HTTP/1.1 and responded: HTTP/1.1 200 OK
Feb 19, 2021 5:17:18 AM okhttp3.mockwebserver.MockWebServer$3 processOneRequest
INFO: MockWebServer[43360] received request: GET /api/v1/namespaces/entando-k8s-composite-app-controller-carcpr16 HTTP/1.1 and responded: HTTP/1.1 404 Client Error
Feb 19, 2021 5:17:18 AM okhttp3.mockwebserver.MockWebServer$3 processOneRequest
INFO: MockWebServer[43360] received request: GET /apis/entando.org/v1/namespaces/default/entandocompositeapps HTTP/1.1 and responded: HTTP/1.1 200 OK
Feb 19, 2021 5:17:18 AM okhttp3.mockwebserver.MockWebServer$3 processOneRequest
INFO: MockWebServer[43360] received request: GET /apis/entando.org/v1/namespaces/entando-k8s-composite-app-controller-carcpr16/entandocompositeapps/my-app-carcpr16 HTTP/1.1 and responded: HTTP/1.1 200 OK
Feb 19, 2021 5:17:18 AM org.entando.kubernetes.client.KubernetesRestInterceptor invoke
INFO: Exiting method load in class org.entando.kubernetes.controller.support.client.EntandoResourceClient
Feb 19, 2021 5:17:18 AM org.entando.kubernetes.client.KubernetesRestInterceptor invoke
INFO: Entering method updatePhase in class org.entando.kubernetes.controller.support.client.EntandoResourceClient with EntandoCompositeApp: entando-k8s-composite-app-controller-carcpr16/my-app-carcpr16
Feb 19, 2021 5:17:18 AM okhttp3.mockwebserver.MockWebServer$3 processOneRequest
INFO: MockWebServer[43360] received request: POST /api/v1/namespaces/entando-k8s-composite-app-controller-carcpr16/events HTTP/1.1 and responded: HTTP/1.1 202 OK
Feb 19, 2021 5:17:18 AM okhttp3.mockwebserver.MockWebServer$3 processOneRequest
INFO: MockWebServer[43360] received request: GET /apis/entando.org/v1/namespaces/entando-k8s-composite-app-controller-carcpr16/entandocompositeapps/my-app-carcpr16 HTTP/1.1 and responded: HTTP/1.1 200 OK
Feb 19, 2021 5:17:19 AM okhttp3.mockwebserver.MockWebServer$3 processOneRequest
INFO: MockWebServer[43360] received request: PUT /apis/entando.org/v1/namespaces/entando-k8s-composite-app-controller-carcpr16/entandocompositeapps/my-app-carcpr16/status HTTP/1.1 and responded: HTTP/1.1 202 OK
Feb 19, 2021 5:17:19 AM org.entando.kubernetes.client.KubernetesRestInterceptor invoke
INFO: Exiting method updatePhase in class org.entando.kubernetes.controller.support.client.EntandoResourceClient
Feb 19, 2021 5:17:19 AM org.entando.kubernetes.client.KubernetesRestInterceptor invoke
INFO: Entering method loadDockerImageInfoConfigMap in class org.entando.kubernetes.controller.support.client.EntandoResourceClient
Feb 19, 2021 5:17:19 AM okhttp3.mockwebserver.MockWebServer$3 processOneRequest
INFO: MockWebServer[43360] received request: GET /api/v1/namespaces/entando/configmaps/entando-docker-image-info-v6.3 HTTP/1.1 and responded: HTTP/1.1 200 OK
Feb 19, 2021 5:17:19 AM org.entando.kubernetes.client.KubernetesRestInterceptor invoke
INFO: Exiting method loadDockerImageInfoConfigMap in class org.entando.kubernetes.controller.support.client.EntandoResourceClient
Feb 19, 2021 5:17:19 AM org.entando.kubernetes.client.KubernetesRestInterceptor invoke
INFO: Entering method createOrPatchEntandoResource in class org.entando.kubernetes.controller.support.client.EntandoResourceClient with EntandoKeycloakServer: entando-k8s-composite-app-controller-carcpr16/test-keycloak-carcpr16
Feb 19, 2021 5:17:19 AM okhttp3.mockwebserver.MockWebServer$3 processOneRequest
INFO: MockWebServer[43360] received request: GET /api/v1/namespaces/entando-k8s-composite-app-controller-carcpr16 HTTP/1.1 and responded: HTTP/1.1 404 Client Error
Feb 19, 2021 5:17:19 AM okhttp3.mockwebserver.MockWebServer$3 processOneRequest
INFO: MockWebServer[43360] received request: GET /apis/entando.org/v1/namespaces/default/entandokeycloakservers HTTP/1.1 and responded: HTTP/1.1 200 OK
Feb 19, 2021 5:17:19 AM okhttp3.mockwebserver.MockWebServer$3 processOneRequest
INFO: MockWebServer[43360] received request: GET /api/v1/namespaces/entando-k8s-composite-app-controller-carcpr16 HTTP/1.1 and responded: HTTP/1.1 404 Client Error
Feb 19, 2021 5:17:19 AM okhttp3.mockwebserver.MockWebServer$3 processOneRequest
INFO: MockWebServer[43360] received request: GET /apis/entando.org/v1/namespaces/default/entandokeycloakservers HTTP/1.1 and responded: HTTP/1.1 200 OK
Feb 19, 2021 5:17:19 AM okhttp3.mockwebserver.MockWebServer$3 processOneRequest
INFO: MockWebServer[43360] received request: GET /apis/entando.org/v1/namespaces/entando-k8s-composite-app-controller-carcpr16/entandokeycloakservers/test-keycloak-carcpr16 HTTP/1.1 and responded: HTTP/1.1 404 Client Error
Feb 19, 2021 5:17:19 AM okhttp3.mockwebserver.MockWebServer$3 processOneRequest
INFO: MockWebServer[43360] received request: POST /apis/entando.org/v1/namespaces/entando-k8s-composite-app-controller-carcpr16/entandokeycloakservers HTTP/1.1 and responded: HTTP/1.1 202 OK
Feb 19, 2021 5:17:19 AM org.entando.kubernetes.client.KubernetesRestInterceptor invoke
INFO: Exiting method createOrPatchEntandoResource in class org.entando.kubernetes.controller.support.client.EntandoResourceClient
Feb 19, 2021 5:17:19 AM org.entando.kubernetes.client.KubernetesRestInterceptor invoke
INFO: Entering method removeAndWait in class org.entando.kubernetes.controller.support.client.PodClient with entando-k8s-composite-app-controller-carcpr16,{EntandoResourceNamespace=entando-k8s-composite-app-controller-carcpr16, EntandoResourceKind=EntandoKeycloakServer, EntandoKeycloakServer=test-keycloak-carcpr16}
Feb 19, 2021 5:17:19 AM okhttp3.mockwebserver.MockWebServer$3 processOneRequest
INFO: MockWebServer[43360] received request: GET /api/v1/namespaces/entando-k8s-composite-app-controller-carcpr16/pods?labelSelector=EntandoResourceNamespace%3Dentando-k8s-composite-app-controller-carcpr16%2CEntandoResourceKind%3DEntandoKeycloakServer%2CEntandoKeycloakServer%3Dtest-keycloak-carcpr16 HTTP/1.1 and responded: HTTP/1.1 200 OK
Feb 19, 2021 5:17:19 AM org.entando.kubernetes.client.KubernetesRestInterceptor invoke
INFO: Entering method getPodWatcherQueue in class org.entando.kubernetes.controller.support.client.PodWaitingClient
Feb 19, 2021 5:17:19 AM org.entando.kubernetes.client.KubernetesRestInterceptor invoke
INFO: Exiting method getPodWatcherQueue in class org.entando.kubernetes.controller.support.client.PodWaitingClient
Feb 19, 2021 5:17:19 AM okhttp3.mockwebserver.MockWebServer$3 processOneRequest
INFO: MockWebServer[43360] received request: GET /api/v1/namespaces/entando-k8s-composite-app-controller-carcpr16/pods?labelSelector=EntandoResourceNamespace%3Dentando-k8s-composite-app-controller-carcpr16%2CEntandoResourceKind%3DEntandoKeycloakServer%2CEntandoKeycloakServer%3Dtest-keycloak-carcpr16&watch=**** HTTP/1.1 and responded: HTTP/1.1 200 OK
Feb 19, 2021 5:17:19 AM okhttp3.mockwebserver.MockWebServer$3 processOneRequest
INFO: MockWebServer[43360] received request: GET /api/v1/namespaces/entando-k8s-composite-app-controller-carcpr16/pods?labelSelector=EntandoResourceNamespace%3Dentando-k8s-composite-app-controller-carcpr16%2CEntandoResourceKind%3DEntandoKeycloakServer%2CEntandoKeycloakServer%3Dtest-keycloak-carcpr16 HTTP/1.1 and responded: HTTP/1.1 200 OK
Feb 19, 2021 5:17:19 AM okhttp3.mockwebserver.MockWebServer$3 processOneRequest
INFO: MockWebServer[43360] received request: GET /api/v1/namespaces/entando-k8s-composite-app-controller-carcpr16/pods?labelSelector=EntandoResourceNamespace%3Dentando-k8s-composite-app-controller-carcpr16%2CEntandoResourceKind%3DEntandoKeycloakServer%2CEntandoKeycloakServer%3Dtest-keycloak-carcpr16&watch=**** HTTP/1.1 and responded: HTTP/1.1 200 OK
Feb 19, 2021 5:17:19 AM io.fabric8.kubernetes.client.dsl.internal.WatchHTTPManager$1 onResponse
INFO: Watch terminated unexpectedly. reason: \n not found: limit=46 content=7b2261706956657273696f6e223a227631222c226b696e64223a224c69737422â€¦
Feb 19, 2021 5:17:19 AM okhttp3.mockwebserver.MockWebServer$3 processOneRequest
INFO: MockWebServer[43360] received request: GET /api/v1/namespaces/entando-k8s-composite-app-controller-carcpr16/pods?labelSelector=EntandoResourceNamespace%3Dentando-k8s-composite-app-controller-carcpr16%2CEntandoResourceKind%3DEntandoKeycloakServer%2CEntandoKeycloakServer%3Dtest-keycloak-carcpr16 HTTP/1.1 and responded: HTTP/1.1 200 OK
Feb 19, 2021 5:17:20 AM org.entando.kubernetes.client.KubernetesRestInterceptor invoke
INFO: Exiting method removeAndWait in class org.entando.kubernetes.controller.support.client.PodClient
Feb 19, 2021 5:17:20 AM org.entando.kubernetes.client.KubernetesRestInterceptor invoke
INFO: Entering method overwriteControllerSecret in class org.entando.kubernetes.controller.support.client.SecretClient with Secret: null/test-keycloak-carcpr16-controller-ca-cert-secret
Feb 19, 2021 5:17:21 AM okhttp3.mockwebserver.MockWebServer$3 processOneRequest
INFO: MockWebServer[43360] received request: GET /api/v1/namespaces/entando-k8s-composite-app-controller-carcpr16/pods?labelSelector=EntandoResourceNamespace%3Dentando-k8s-composite-app-controller-carcpr16%2CEntandoResourceKind%3DEntandoKeycloakServer%2CEntandoKeycloakServer%3Dtest-keycloak-carcpr16&watch=**** HTTP/1.1 and responded: HTTP/1.1 200 OK
Feb 19, 2021 5:17:21 AM io.fabric8.kubernetes.client.dsl.internal.WatchHTTPManager$1 onResponse
INFO: Watch terminated unexpectedly. reason: \n not found: limit=46 content=7b2261706956657273696f6e223a227631222c226b696e64223a224c69737422â€¦
Feb 19, 2021 5:17:21 AM io.fabric8.kubernetes.client.dsl.internal.WatchHTTPManager scheduleReconnect
WARN: Ignoring error for already closed/closing connection
Feb 19, 2021 5:17:21 AM okhttp3.mockwebserver.MockWebServer$3 processOneRequest
INFO: MockWebServer[43360] received request: GET /api/v1/namespaces/entando-k8s-composite-app-controller-carcpr16/secrets/test-keycloak-carcpr16-controller-ca-cert-secret HTTP/1.1 and responded: HTTP/1.1 404 Client Error
Feb 19, 2021 5:17:21 AM okhttp3.mockwebserver.MockWebServer$3 processOneRequest
INFO: MockWebServer[43360] received request: POST /api/v1/namespaces/entando-k8s-composite-app-controller-carcpr16/secrets HTTP/1.1 and responded: HTTP/1.1 202 OK
Feb 19, 2021 5:17:21 AM org.entando.kubernetes.client.KubernetesRestInterceptor invoke
INFO: Exiting method overwriteControllerSecret in class org.entando.kubernetes.controller.support.client.SecretClient
Feb 19, 2021 5:17:21 AM org.entando.kubernetes.client.KubernetesRestInterceptor invoke
INFO: Entering method runToCompletion in class org.entando.kubernetes.controller.support.client.PodClient with Pod: entando-k8s-composite-app-controller-carcpr16/test-keycloak-carcpr16-deployer-4880
Feb 19, 2021 5:17:21 AM okhttp3.mockwebserver.MockWebServer$3 processOneRequest
INFO: MockWebServer[43360] received request: POST /api/v1/namespaces/entando-k8s-composite-app-controller-carcpr16/pods HTTP/1.1 and responded: HTTP/1.1 202 OK
Feb 19, 2021 5:17:21 AM org.entando.kubernetes.client.KubernetesRestInterceptor invoke
INFO: Entering method loadPod in class org.entando.kubernetes.controller.support.client.PodClient with entando-k8s-composite-app-controller-carcpr16,[Ljava.lang.String;@5f099f57
Feb 19, 2021 5:17:21 AM okhttp3.mockwebserver.MockWebServer$3 processOneRequest
INFO: MockWebServer[43360] received request: GET /api/v1/namespaces/entando-k8s-composite-app-controller-carcpr16/pods?fieldSelector=metadata.name%3Dtest-keycloak-carcpr16-deployer-4880&watch=**** HTTP/1.1 and responded: HTTP/1.1 200 OK
Feb 19, 2021 5:17:21 AM okhttp3.mockwebserver.MockWebServer$3 processOneRequest
INFO: MockWebServer[43360] received request: GET /api/v1/namespaces/entando-k8s-composite-app-controller-carcpr16/pods?labelSelector=EntandoKeycloakServer%3Dtest-keycloak-carcpr16 HTTP/1.1 and responded: HTTP/1.1 200 OK
Feb 19, 2021 5:17:21 AM org.entando.kubernetes.client.KubernetesRestInterceptor invoke
INFO: Exiting method loadPod in class org.entando.kubernetes.controller.support.client.PodClient
Feb 19, 2021 5:17:21 AM okhttp3.mockwebserver.MockWebServer$3 processOneRequest
INFO: MockWebServer[43360] received request: GET /api/v1/namespaces/entando-k8s-composite-app-controller-carcpr16/pods?fieldSelector=metadata.name%3Dtest-keycloak-carcpr16-deployer-4880&watch=**** HTTP/1.1 and responded: HTTP/1.1 200 OK
Feb 19, 2021 5:17:21 AM io.fabric8.kubernetes.client.dsl.internal.WatchHTTPManager$1 onResponse
INFO: Watch terminated unexpectedly. reason: \n not found: limit=2705 content=7b2261706956657273696f6e223a227631222c226b696e64223a224c69737422â€¦
Feb 19, 2021 5:17:21 AM okhttp3.mockwebserver.MockWebServer$3 processOneRequest
INFO: MockWebServer[43360] received request: GET /api/v1/namespaces/entando-k8s-composite-app-controller-carcpr16/pods/test-keycloak-carcpr16-deployer-4880 HTTP/1.1 and responded: HTTP/1.1 200 OK
Feb 19, 2021 5:17:21 AM okhttp3.mockwebserver.MockWebServer$3 processOneRequest
INFO: MockWebServer[43360] received request: PATCH /api/v1/namespaces/entando-k8s-composite-app-controller-carcpr16/pods/test-keycloak-carcpr16-deployer-4880 HTTP/1.1 and responded: HTTP/1.1 202 OK
Feb 19, 2021 5:17:21 AM org.entando.kubernetes.client.KubernetesRestInterceptor invoke
INFO: Entering method getPodWatcherQueue in class org.entando.kubernetes.controller.support.client.PodWaitingClient
Feb 19, 2021 5:17:21 AM org.entando.kubernetes.client.KubernetesRestInterceptor invoke
INFO: Exiting method getPodWatcherQueue in class org.entando.kubernetes.controller.support.client.PodWaitingClient
Feb 19, 2021 5:17:22 AM org.entando.kubernetes.client.KubernetesRestInterceptor invoke
INFO: Exiting method runToCompletion in class org.entando.kubernetes.controller.support.client.PodClient
Feb 19, 2021 5:17:22 AM org.entando.kubernetes.client.KubernetesRestInterceptor invoke
INFO: Entering method updateStatus in class org.entando.kubernetes.controller.support.client.EntandoResourceClient with EntandoCompositeApp: entando-k8s-composite-app-controller-carcpr16/my-app-carcpr16
Feb 19, 2021 5:17:22 AM okhttp3.mockwebserver.MockWebServer$3 processOneRequest
INFO: MockWebServer[43360] received request: GET /api/v1/namespaces/entando-k8s-composite-app-controller-carcpr16/pods?fieldSelector=metadata.name%3Dtest-keycloak-carcpr16-deployer-4880&watch=**** HTTP/1.1 and responded: HTTP/1.1 200 OK
Feb 19, 2021 5:17:22 AM io.fabric8.kubernetes.client.dsl.internal.WatchHTTPManager$1 onResponse
INFO: Watch terminated unexpectedly. reason: \n not found: limit=2889 content=7b2261706956657273696f6e223a227631222c226b696e64223a224c69737422â€¦
Feb 19, 2021 5:17:22 AM io.fabric8.kubernetes.client.dsl.internal.WatchHTTPManager scheduleReconnect
WARN: Ignoring error for already closed/closing connection
Feb 19, 2021 5:17:22 AM okhttp3.mockwebserver.MockWebServer$3 processOneRequest
INFO: MockWebServer[43360] received request: POST /api/v1/namespaces/entando-k8s-composite-app-controller-carcpr16/events HTTP/1.1 and responded: HTTP/1.1 202 OK
Feb 19, 2021 5:17:22 AM okhttp3.mockwebserver.MockWebServer$3 processOneRequest
INFO: MockWebServer[43360] received request: GET /apis/entando.org/v1/namespaces/entando-k8s-composite-app-controller-carcpr16/entandocompositeapps/my-app-carcpr16 HTTP/1.1 and responded: HTTP/1.1 200 OK
Feb 19, 2021 5:17:22 AM okhttp3.mockwebserver.MockWebServer$3 processOneRequest
INFO: MockWebServer[43360] received request: PUT /apis/entando.org/v1/namespaces/entando-k8s-composite-app-controller-carcpr16/entandocompositeapps/my-app-carcpr16/status HTTP/1.1 and responded: HTTP/1.1 202 OK
Feb 19, 2021 5:17:22 AM org.entando.kubernetes.client.KubernetesRestInterceptor invoke
INFO: Exiting method updateStatus in class org.entando.kubernetes.controller.support.client.EntandoResourceClient
Feb 19, 2021 5:17:22 AM org.entando.kubernetes.client.KubernetesRestInterceptor invoke
INFO: Entering method load in class org.entando.kubernetes.controller.support.client.EntandoResourceClient with class org.entando.kubernetes.model.plugin.EntandoPlugin,entando-k8s-composite-app-controller-carcpr16,test-plugin-carcpr16
Feb 19, 2021 5:17:22 AM okhttp3.mockwebserver.MockWebServer$3 processOneRequest
INFO: MockWebServer[43360] received request: GET /apis/entando.org/v1/namespaces/entando-k8s-composite-app-controller-carcpr16/entandoplugins/test-plugin-carcpr16 HTTP/1.1 and responded: HTTP/1.1 200 OK
Feb 19, 2021 5:17:22 AM org.entando.kubernetes.client.KubernetesRestInterceptor invoke
INFO: Exiting method load in class org.entando.kubernetes.controller.support.client.EntandoResourceClient
Feb 19, 2021 5:17:22 AM org.entando.kubernetes.client.KubernetesRestInterceptor invoke
INFO: Entering method createOrPatchEntandoResource in class org.entando.kubernetes.controller.support.client.EntandoResourceClient with EntandoPlugin: entando-k8s-composite-app-controller-carcpr16/test-plugin-carcpr16
Feb 19, 2021 5:17:22 AM okhttp3.mockwebserver.MockWebServer$3 processOneRequest
INFO: MockWebServer[43360] received request: GET /apis/entando.org/v1/namespaces/entando-k8s-composite-app-controller-carcpr16/entandoplugins/test-plugin-carcpr16 HTTP/1.1 and responded: HTTP/1.1 200 OK
Feb 19, 2021 5:17:22 AM okhttp3.mockwebserver.MockWebServer$3 processOneRequest
INFO: MockWebServer[43360] received request: GET /apis/entando.org/v1/namespaces/entando-k8s-composite-app-controller-carcpr16/entandoplugins/test-plugin-carcpr16 HTTP/1.1 and responded: HTTP/1.1 200 OK
Feb 19, 2021 5:17:22 AM okhttp3.mockwebserver.MockWebServer$3 processOneRequest
INFO: MockWebServer[43360] received request: PATCH /apis/entando.org/v1/namespaces/entando-k8s-composite-app-controller-carcpr16/entandoplugins/test-plugin-carcpr16 HTTP/1.1 and responded: HTTP/1.1 202 OK
Feb 19, 2021 5:17:22 AM org.entando.kubernetes.client.KubernetesRestInterceptor invoke
INFO: Exiting method createOrPatchEntandoResource in class org.entando.kubernetes.controller.support.client.EntandoResourceClient
Feb 19, 2021 5:17:22 AM org.entando.kubernetes.client.KubernetesRestInterceptor invoke
INFO: Entering method removeAndWait in class org.entando.kubernetes.controller.support.client.PodClient with entando-k8s-composite-app-controller-carcpr16,{EntandoPlugin=test-plugin-carcpr16, EntandoResourceNamespace=entando-k8s-composite-app-controller-carcpr16, EntandoResourceKind=EntandoPlugin}
Feb 19, 2021 5:17:22 AM okhttp3.mockwebserver.MockWebServer$3 processOneRequest
INFO: MockWebServer[43360] received request: GET /api/v1/namespaces/entando-k8s-composite-app-controller-carcpr16/pods?labelSelector=EntandoPlugin%3Dtest-plugin-carcpr16%2CEntandoResourceNamespace%3Dentando-k8s-composite-app-controller-carcpr16%2CEntandoResourceKind%3DEntandoPlugin HTTP/1.1 and responded: HTTP/1.1 200 OK
Feb 19, 2021 5:17:23 AM org.entando.kubernetes.client.KubernetesRestInterceptor invoke
INFO: Entering method getPodWatcherQueue in class org.entando.kubernetes.controller.support.client.PodWaitingClient
Feb 19, 2021 5:17:23 AM org.entando.kubernetes.client.KubernetesRestInterceptor invoke
INFO: Exiting method getPodWatcherQueue in class org.entando.kubernetes.controller.support.client.PodWaitingClient
Feb 19, 2021 5:17:23 AM okhttp3.mockwebserver.MockWebServer$3 processOneRequest
INFO: MockWebServer[43360] received request: GET /api/v1/namespaces/entando-k8s-composite-app-controller-carcpr16/pods?labelSelector=EntandoPlugin%3Dtest-plugin-carcpr16%2CEntandoResourceNamespace%3Dentando-k8s-composite-app-controller-carcpr16%2CEntandoResourceKind%3DEntandoPlugin&watch=**** HTTP/1.1 and responded: HTTP/1.1 200 OK
Feb 19, 2021 5:17:23 AM okhttp3.mockwebserver.MockWebServer$3 processOneRequest
INFO: MockWebServer[43360] received request: GET /api/v1/namespaces/entando-k8s-composite-app-controller-carcpr16/pods?labelSelector=EntandoPlugin%3Dtest-plugin-carcpr16%2CEntandoResourceNamespace%3Dentando-k8s-composite-app-controller-carcpr16%2CEntandoResourceKind%3DEntandoPlugin HTTP/1.1 and responded: HTTP/1.1 200 OK
Feb 19, 2021 5:17:23 AM okhttp3.mockwebserver.MockWebServer$3 processOneRequest
INFO: MockWebServer[43360] received request: GET /api/v1/namespaces/entando-k8s-composite-app-controller-carcpr16/pods?labelSelector=EntandoPlugin%3Dtest-plugin-carcpr16%2CEntandoResourceNamespace%3Dentando-k8s-composite-app-controller-carcpr16%2CEntandoResourceKind%3DEntandoPlugin&watch=**** HTTP/1.1 and responded: HTTP/1.1 200 OK
Feb 19, 2021 5:17:23 AM io.fabric8.kubernetes.client.dsl.internal.WatchHTTPManager$1 onResponse
INFO: Watch terminated unexpectedly. reason: \n not found: limit=46 content=7b2261706956657273696f6e223a227631222c226b696e64223a224c69737422â€¦
Feb 19, 2021 5:17:23 AM okhttp3.mockwebserver.MockWebServer$3 processOneRequest
INFO: MockWebServer[43360] received request: GET /api/v1/namespaces/entando-k8s-composite-app-controller-carcpr16/pods?labelSelector=EntandoPlugin%3Dtest-plugin-carcpr16%2CEntandoResourceNamespace%3Dentando-k8s-composite-app-controller-carcpr16%2CEntandoResourceKind%3DEntandoPlugin HTTP/1.1 and responded: HTTP/1.1 200 OK
Feb 19, 2021 5:17:24 AM org.entando.kubernetes.client.KubernetesRestInterceptor invoke
INFO: Exiting method removeAndWait in class org.entando.kubernetes.controller.support.client.PodClient
Feb 19, 2021 5:17:24 AM org.entando.kubernetes.client.KubernetesRestInterceptor invoke
INFO: Entering method overwriteControllerSecret in class org.entando.kubernetes.controller.support.client.SecretClient with Secret: null/test-plugin-carcpr16-controller-ca-cert-secret
Feb 19, 2021 5:17:24 AM okhttp3.mockwebserver.MockWebServer$3 processOneRequest
INFO: MockWebServer[43360] received request: GET /api/v1/namespaces/entando-k8s-composite-app-controller-carcpr16/pods?labelSelector=EntandoPlugin%3Dtest-plugin-carcpr16%2CEntandoResourceNamespace%3Dentando-k8s-composite-app-controller-carcpr16%2CEntandoResourceKind%3DEntandoPlugin&watch=**** HTTP/1.1 and responded: HTTP/1.1 200 OK
Feb 19, 2021 5:17:24 AM io.fabric8.kubernetes.client.dsl.internal.WatchHTTPManager$1 onResponse
INFO: Watch terminated unexpectedly. reason: \n not found: limit=46 content=7b2261706956657273696f6e223a227631222c226b696e64223a224c69737422â€¦
Feb 19, 2021 5:17:24 AM io.fabric8.kubernetes.client.dsl.internal.WatchHTTPManager scheduleReconnect
WARN: Ignoring error for already closed/closing connection
Feb 19, 2021 5:17:24 AM okhttp3.mockwebserver.MockWebServer$3 processOneRequest
INFO: MockWebServer[43360] received request: GET /api/v1/namespaces/entando-k8s-composite-app-controller-carcpr16/secrets/test-plugin-carcpr16-controller-ca-cert-secret HTTP/1.1 and responded: HTTP/1.1 404 Client Error
Feb 19, 2021 5:17:24 AM okhttp3.mockwebserver.MockWebServer$3 processOneRequest
INFO: MockWebServer[43360] received request: POST /api/v1/namespaces/entando-k8s-composite-app-controller-carcpr16/secrets HTTP/1.1 and responded: HTTP/1.1 202 OK
Feb 19, 2021 5:17:24 AM org.entando.kubernetes.client.KubernetesRestInterceptor invoke
INFO: Exiting method overwriteControllerSecret in class org.entando.kubernetes.controller.support.client.SecretClient
Feb 19, 2021 5:17:24 AM org.entando.kubernetes.client.KubernetesRestInterceptor invoke
INFO: Entering method runToCompletion in class org.entando.kubernetes.controller.support.client.PodClient with Pod: entando-k8s-composite-app-controller-carcpr16/test-plugin-carcpr16-deployer-3963
Feb 19, 2021 5:17:24 AM okhttp3.mockwebserver.MockWebServer$3 processOneRequest
INFO: MockWebServer[43360] received request: POST /api/v1/namespaces/entando-k8s-composite-app-controller-carcpr16/pods HTTP/1.1 and responded: HTTP/1.1 202 OK
Feb 19, 2021 5:17:24 AM org.entando.kubernetes.client.KubernetesRestInterceptor invoke
INFO: Entering method loadPod in class org.entando.kubernetes.controller.support.client.PodClient with entando-k8s-composite-app-controller-carcpr16,[Ljava.lang.String;@51ce6ac6
Feb 19, 2021 5:17:24 AM okhttp3.mockwebserver.MockWebServer$3 processOneRequest
INFO: MockWebServer[43360] received request: GET /api/v1/namespaces/entando-k8s-composite-app-controller-carcpr16/pods?fieldSelector=metadata.name%3Dtest-plugin-carcpr16-deployer-3963&watch=**** HTTP/1.1 and responded: HTTP/1.1 200 OK
Feb 19, 2021 5:17:24 AM okhttp3.mockwebserver.MockWebServer$3 processOneRequest
INFO: MockWebServer[43360] received request: GET /api/v1/namespaces/entando-k8s-composite-app-controller-carcpr16/pods?labelSelector=EntandoPlugin%3Dtest-plugin-carcpr16 HTTP/1.1 and responded: HTTP/1.1 200 OK
Feb 19, 2021 5:17:24 AM org.entando.kubernetes.client.KubernetesRestInterceptor invoke
INFO: Exiting method loadPod in class org.entando.kubernetes.controller.support.client.PodClient
Feb 19, 2021 5:17:24 AM org.entando.kubernetes.client.KubernetesRestInterceptor invoke
INFO: Exiting method runToCompletion in class org.entando.kubernetes.controller.support.client.PodClient
Feb 19, 2021 5:17:24 AM org.entando.kubernetes.client.KubernetesRestInterceptor invoke
INFO: Entering method updateStatus in class org.entando.kubernetes.controller.support.client.EntandoResourceClient with EntandoCompositeApp: entando-k8s-composite-app-controller-carcpr16/my-app-carcpr16
Feb 19, 2021 5:17:24 AM okhttp3.mockwebserver.MockWebServer$3 processOneRequest
INFO: MockWebServer[43360] received request: GET /api/v1/namespaces/entando-k8s-composite-app-controller-carcpr16/pods?fieldSelector=metadata.name%3Dtest-plugin-carcpr16-deployer-3963&watch=**** HTTP/1.1 and responded: HTTP/1.1 200 OK
Feb 19, 2021 5:17:24 AM okhttp3.mockwebserver.MockWebServer$3 processOneRequest
INFO: MockWebServer[43360] received request: POST /api/v1/namespaces/entando-k8s-composite-app-controller-carcpr16/events HTTP/1.1 and responded: HTTP/1.1 202 OK
Feb 19, 2021 5:17:24 AM io.fabric8.kubernetes.client.dsl.internal.WatchHTTPManager$1 onResponse
INFO: Watch terminated unexpectedly. reason: \n not found: limit=5523 content=7b2261706956657273696f6e223a227631222c226b696e64223a224c69737422â€¦
Feb 19, 2021 5:17:24 AM io.fabric8.kubernetes.client.dsl.internal.WatchHTTPManager scheduleReconnect
WARN: Ignoring error for already closed/closing connection
Feb 19, 2021 5:17:24 AM okhttp3.mockwebserver.MockWebServer$3 processOneRequest
INFO: MockWebServer[43360] received request: GET /apis/entando.org/v1/namespaces/entando-k8s-composite-app-controller-carcpr16/entandocompositeapps/my-app-carcpr16 HTTP/1.1 and responded: HTTP/1.1 200 OK
Feb 19, 2021 5:17:24 AM okhttp3.mockwebserver.MockWebServer$3 processOneRequest
INFO: MockWebServer[43360] received request: PUT /apis/entando.org/v1/namespaces/entando-k8s-composite-app-controller-carcpr16/entandocompositeapps/my-app-carcpr16/status HTTP/1.1 and responded: HTTP/1.1 202 OK
Feb 19, 2021 5:17:24 AM org.entando.kubernetes.client.KubernetesRestInterceptor invoke
INFO: Exiting method updateStatus in class org.entando.kubernetes.controller.support.client.EntandoResourceClient
Feb 19, 2021 5:17:24 AM org.entando.kubernetes.compositeapp.controller.EntandoCompositeAppController logFailure
SEVERE: Unexpected exception occurred while adding EntandoPlugin entando-k8s-composite-app-controller-carcpr16/test-plugin-carcpr16
Feb 19, 2021 5:17:24 AM org.entando.kubernetes.controller.support.controller.AbstractDbAwareController performSync
SEVERE: Unexpected exception occurred while adding EntandoCompositeApp entando-k8s-composite-app-controller-carcpr16/my-app-carcpr16
org.entando.kubernetes.controller.support.controller.EntandoControllerException: Unexpected exception occurred while adding EntandoPlugin entando-k8s-composite-app-controller-carcpr16/test-plugin-carcpr16
	at org.entando.kubernetes.compositeapp.controller.EntandoCompositeAppController.synchronizeDeploymentState(EntandoCompositeAppController.java:94)
	at org.entando.kubernetes.compositeapp.controller.EntandoCompositeAppController.synchronizeDeploymentState(EntandoCompositeAppController.java:55)
	at org.entando.kubernetes.controller.support.controller.AbstractDbAwareController.performSync(AbstractDbAwareController.java:156)
	at org.entando.kubernetes.controller.support.controller.AbstractDbAwareController.processCommand(AbstractDbAwareController.java:128)
	at org.entando.kubernetes.compositeapp.controller.EntandoCompositeAppController.onStartup(EntandoCompositeAppController.java:79)
	at org.entando.kubernetes.compositeapp.controller.inprocesstests.CompositeAppControllerMockedTest.startController(CompositeAppControllerMockedTest.java:179)
	at org.entando.kubernetes.compositeapp.controller.inprocesstests.CompositeAppControllerMockedTest.performCreate(CompositeAppControllerMockedTest.java:103)
	at org.entando.kubernetes.compositeapp.controller.AbstractCompositeAppControllerTest.testE**cuteControllerPod(AbstractCompositeAppControllerTest.java:134)
	at org.entando.kubernetes.compositeapp.controller.inprocesstests.CompositeAppControllerMockedTest.testFailure(CompositeAppControllerMockedTest.java:128)
	at java.base/jdk.internal.reflect.NativeMethodAccessorImpl.invoke0(Native Method)
	at java.base/jdk.internal.reflect.NativeMethodAccessorImpl.invoke(NativeMethodAccessorImpl.java:62)
	at java.base/jdk.internal.reflect.DelegatingMethodAccessorImpl.invoke(DelegatingMethodAccessorImpl.java:43)
	at java.base/java.lang.reflect.Method.invoke(Method.java:566)
	at org.junit.platform.commons.util.ReflectionUtils.invokeMethod(ReflectionUtils.java:688)
	at org.junit.jupiter.engine.e**cution.MethodInvocation.proceed(MethodInvocation.java:60)
	at org.junit.jupiter.engine.e**cution.InvocationInterceptorChain$ValidatingInvocation.proceed(InvocationInterceptorChain.java:131)
	at org.junit.jupiter.engine.extension.TimeoutExtension.intercept(TimeoutExtension.java:149)
	at org.junit.jupiter.engine.extension.TimeoutExtension.interceptTestableMethod(TimeoutExtension.java:140)
	at org.junit.jupiter.engine.extension.TimeoutExtension.interceptTestMethod(TimeoutExtension.java:84)
	at org.junit.jupiter.engine.e**cution.E**cutableInvoker$ReflectiveInterceptorCall.lambda$ofVoidMethod$0(E**cutableInvoker.java:115)
	at org.junit.jupiter.engine.e**cution.E**cutableInvoker.lambda$invoke$0(E**cutableInvoker.java:105)
	at org.junit.jupiter.engine.e**cution.InvocationInterceptorChain$InterceptedInvocation.proceed(InvocationInterceptorChain.java:106)
	at org.junit.jupiter.engine.e**cution.InvocationInterceptorChain.proceed(InvocationInterceptorChain.java:64)
	at org.junit.jupiter.engine.e**cution.InvocationInterceptorChain.chainAndInvoke(InvocationInterceptorChain.java:45)
	at org.junit.jupiter.engine.e**cution.InvocationInterceptorChain.invoke(InvocationInterceptorChain.java:37)
	at org.junit.jupiter.engine.e**cution.E**cutableInvoker.invoke(E**cutableInvoker.java:104)
	at org.junit.jupiter.engine.e**cution.E**cutableInvoker.invoke(E**cutableInvoker.java:98)
	at org.junit.jupiter.engine.descriptor.TestMethodTestDescriptor.lambda$invokeTestMethod$6(TestMethodTestDescriptor.java:210)
	at org.junit.platform.engine.support.hierarchical.ThrowableCollector.e**cute(ThrowableCollector.java:73)
	at org.junit.jupiter.engine.descriptor.TestMethodTestDescriptor.invokeTestMethod(TestMethodTestDescriptor.java:206)
	at org.junit.jupiter.engine.descriptor.TestMethodTestDescriptor.e**cute(TestMethodTestDescriptor.java:131)
	at org.junit.jupiter.engine.descriptor.TestMethodTestDescriptor.e**cute(TestMethodTestDescriptor.java:65)
	at org.junit.platform.engine.support.hierarchical.NodeTestTask.lambda$e**cuteRecursively$5(NodeTestTask.java:139)
	at org.junit.platform.engine.support.hierarchical.ThrowableCollector.e**cute(ThrowableCollector.java:73)
	at org.junit.platform.engine.support.hierarchical.NodeTestTask.lambda$e**cuteRecursively$7(NodeTestTask.java:129)
	at org.junit.platform.engine.support.hierarchical.Node.around(Node.java:137)
	at org.junit.platform.engine.support.hierarchical.NodeTestTask.lambda$e**cuteRecursively$8(NodeTestTask.java:127)
	at org.junit.platform.engine.support.hierarchical.ThrowableCollector.e**cute(ThrowableCollector.java:73)
	at org.junit.platform.engine.support.hierarchical.NodeTestTask.e**cuteRecursively(NodeTestTask.java:126)
	at org.junit.platform.engine.support.hierarchical.NodeTestTask.e**cute(NodeTestTask.java:84)
	at java.base/java.util.ArrayList.forEach(ArrayList.java:1540)
	at org.junit.platform.engine.support.hierarchical.SameThreadHierarchicalTestE**cutorService.invokeAll(SameThreadHierarchicalTestE**cutorService.java:38)
	at org.junit.platform.engine.support.hierarchical.NodeTestTask.lambda$e**cuteRecursively$5(NodeTestTask.java:143)
	at org.junit.platform.engine.support.hierarchical.ThrowableCollector.e**cute(ThrowableCollector.java:73)
	at org.junit.platform.engine.support.hierarchical.NodeTestTask.lambda$e**cuteRecursively$7(NodeTestTask.java:129)
	at org.junit.platform.engine.support.hierarchical.Node.around(Node.java:137)
	at org.junit.platform.engine.support.hierarchical.NodeTestTask.lambda$e**cuteRecursively$8(NodeTestTask.java:127)
	at org.junit.platform.engine.support.hierarchical.ThrowableCollector.e**cute(ThrowableCollector.java:73)
	at org.junit.platform.engine.support.hierarchical.NodeTestTask.e**cuteRecursively(NodeTestTask.java:126)
	at org.junit.platform.engine.support.hierarchical.NodeTestTask.e**cute(NodeTestTask.java:84)
	at java.base/java.util.ArrayList.forEach(ArrayList.java:1540)
	at org.junit.platform.engine.support.hierarchical.SameThreadHierarchicalTestE**cutorService.invokeAll(SameThreadHierarchicalTestE**cutorService.java:38)
	at org.junit.platform.engine.support.hierarchical.NodeTestTask.lambda$e**cuteRecursively$5(NodeTestTask.java:143)
	at org.junit.platform.engine.support.hierarchical.ThrowableCollector.e**cute(ThrowableCollector.java:73)
	at org.junit.platform.engine.support.hierarchical.NodeTestTask.lambda$e**cuteRecursively$7(NodeTestTask.java:129)
	at org.junit.platform.engine.support.hierarchical.Node.around(Node.java:137)
	at org.junit.platform.engine.support.hierarchical.NodeTestTask.lambda$e**cuteRecursively$8(NodeTestTask.java:127)
	at org.junit.platform.engine.support.hierarchical.ThrowableCollector.e**cute(ThrowableCollector.java:73)
	at org.junit.platform.engine.support.hierarchical.NodeTestTask.e**cuteRecursively(NodeTestTask.java:126)
	at org.junit.platform.engine.support.hierarchical.NodeTestTask.e**cute(NodeTestTask.java:84)
	at org.junit.platform.engine.support.hierarchical.SameThreadHierarchicalTestE**cutorService.submit(SameThreadHierarchicalTestE**cutorService.java:32)
	at org.junit.platform.engine.support.hierarchical.HierarchicalTestE**cutor.e**cute(HierarchicalTestE**cutor.java:57)
	at org.junit.platform.engine.support.hierarchical.HierarchicalTestEngine.e**cute(HierarchicalTestEngine.java:51)
	at org.junit.platform.launcher.core.EngineE**cutionOrchestrator.e**cute(EngineE**cutionOrchestrator.java:108)
	at org.junit.platform.launcher.core.EngineE**cutionOrchestrator.e**cute(EngineE**cutionOrchestrator.java:88)
	at org.junit.platform.launcher.core.EngineE**cutionOrchestrator.lambda$e**cute$0(EngineE**cutionOrchestrator.java:54)
	at org.junit.platform.launcher.core.EngineE**cutionOrchestrator.withInterceptedStreams(EngineE**cutionOrchestrator.java:67)
	at org.junit.platform.launcher.core.EngineE**cutionOrchestrator.e**cute(EngineE**cutionOrchestrator.java:52)
	at org.junit.platform.launcher.core.DefaultLauncher.e**cute(DefaultLauncher.java:96)
	at org.junit.platform.launcher.core.DefaultLauncher.e**cute(DefaultLauncher.java:75)
	at org.apache.maven.surefire.junitplatform.JUnitPlatformProvider.invokeAllTests(JUnitPlatformProvider.java:142)
	at org.apache.maven.surefire.junitplatform.JUnitPlatformProvider.invoke(JUnitPlatformProvider.java:117)
	at org.apache.maven.surefire.booter.ForkedBooter.invokeProviderInSameClassLoader(ForkedBooter.java:384)
	at org.apache.maven.surefire.booter.ForkedBooter.runSuitesInProcess(ForkedBooter.java:345)
	at org.apache.maven.surefire.booter.ForkedBooter.e**cute(ForkedBooter.java:126)
	at org.apache.maven.surefire.booter.ForkedBooter.main(ForkedBooter.java:418)

Feb 19, 2021 5:17:24 AM org.entando.kubernetes.client.KubernetesRestInterceptor invoke
INFO: Entering method deploymentFailed in class org.entando.kubernetes.controller.support.client.EntandoResourceClient with EntandoCompositeApp: entando-k8s-composite-app-controller-carcpr16/my-app-carcpr16
Feb 19, 2021 5:17:24 AM okhttp3.mockwebserver.MockWebServer$3 processOneRequest
INFO: MockWebServer[43360] received request: POST /api/v1/namespaces/entando-k8s-composite-app-controller-carcpr16/events HTTP/1.1 and responded: HTTP/1.1 202 OK
Feb 19, 2021 5:17:24 AM okhttp3.mockwebserver.MockWebServer$3 processOneRequest
INFO: MockWebServer[43360] received request: GET /apis/entando.org/v1/namespaces/entando-k8s-composite-app-controller-carcpr16/entandocompositeapps/my-app-carcpr16 HTTP/1.1 and responded: HTTP/1.1 200 OK
Feb 19, 2021 5:17:24 AM okhttp3.mockwebserver.MockWebServer$3 processOneRequest
INFO: MockWebServer[43360] received request: PUT /apis/entando.org/v1/namespaces/entando-k8s-composite-app-controller-carcpr16/entandocompositeapps/my-app-carcpr16/status HTTP/1.1 and responded: HTTP/1.1 202 OK
Feb 19, 2021 5:17:25 AM org.entando.kubernetes.client.KubernetesRestInterceptor invoke
INFO: Exiting method deploymentFailed in class org.entando.kubernetes.controller.support.client.EntandoResourceClient
Feb 19, 2021 5:17:25 AM okhttp3.mockwebserver.MockWebServer$3 processOneRequest
INFO: MockWebServer[43360] received request: GET /api/v1/namespaces/entando-k8s-composite-app-controller-carcpr16/pods?labelSelector=EntandoResourceKind%3DEntandoKeycloakServer%2CEntandoKeycloakServer%3Dtest-keycloak-carcpr16 HTTP/1.1 and responded: HTTP/1.1 200 OK
Feb 19, 2021 5:17:25 AM okhttp3.mockwebserver.MockWebServer$3 processOneRequest
INFO: MockWebServer[43360] received request: GET /api/v1/namespaces/entando-k8s-composite-app-controller-carcpr16/pods?labelSelector=EntandoResourceKind%3DEntandoKeycloakServer%2CEntandoKeycloakServer%3Dtest-keycloak-carcpr16 HTTP/1.1 and responded: HTTP/1.1 200 OK
Feb 19, 2021 5:17:25 AM okhttp3.mockwebserver.MockWebServer$3 processOneRequest
INFO: MockWebServer[43360] received request: GET /api/v1/namespaces/entando-k8s-composite-app-controller-carcpr16 HTTP/1.1 and responded: HTTP/1.1 404 Client Error
Feb 19, 2021 5:17:25 AM okhttp3.mockwebserver.MockWebServer$3 processOneRequest
INFO: MockWebServer[43360] received request: GET /apis/entando.org/v1/namespaces/default/entandokeycloakservers HTTP/1.1 and responded: HTTP/1.1 200 OK
Feb 19, 2021 5:17:25 AM okhttp3.mockwebserver.MockWebServer$3 processOneRequest
INFO: MockWebServer[43360] received request: GET /api/v1/namespaces/entando-k8s-composite-app-controller-carcpr16 HTTP/1.1 and responded: HTTP/1.1 404 Client Error
Feb 19, 2021 5:17:25 AM okhttp3.mockwebserver.MockWebServer$3 processOneRequest
INFO: MockWebServer[43360] received request: GET /apis/entando.org/v1/namespaces/default/entandokeycloakservers HTTP/1.1 and responded: HTTP/1.1 200 OK
Feb 19, 2021 5:17:25 AM okhttp3.mockwebserver.MockWebServer$3 processOneRequest
INFO: MockWebServer[43360] received request: GET /apis/entando.org/v1/namespaces/entando-k8s-composite-app-controller-carcpr16/entandokeycloakservers/test-keycloak-carcpr16 HTTP/1.1 and responded: HTTP/1.1 200 OK
Feb 19, 2021 5:17:25 AM okhttp3.mockwebserver.MockWebServer$3 processOneRequest
INFO: MockWebServer[43360] received request: GET /api/v1/namespaces/entando-k8s-composite-app-controller-carcpr16 HTTP/1.1 and responded: HTTP/1.1 404 Client Error
Feb 19, 2021 5:17:25 AM okhttp3.mockwebserver.MockWebServer$3 processOneRequest
INFO: MockWebServer[43360] received request: GET /apis/entando.org/v1/namespaces/default/entandocompositeapps HTTP/1.1 and responded: HTTP/1.1 200 OK
Feb 19, 2021 5:17:25 AM okhttp3.mockwebserver.MockWebServer$3 processOneRequest
INFO: MockWebServer[43360] received request: GET /api/v1/namespaces/entando-k8s-composite-app-controller-carcpr16 HTTP/1.1 and responded: HTTP/1.1 404 Client Error
Feb 19, 2021 5:17:26 AM okhttp3.mockwebserver.MockWebServer$3 processOneRequest
INFO: MockWebServer[43360] received request: GET /apis/entando.org/v1/namespaces/default/entandocompositeapps HTTP/1.1 and responded: HTTP/1.1 200 OK
Feb 19, 2021 5:17:26 AM okhttp3.mockwebserver.MockWebServer$3 processOneRequest
INFO: MockWebServer[43360] received request: GET /apis/entando.org/v1/namespaces/entando-k8s-composite-app-controller-carcpr16/entandocompositeapps/my-app-carcpr16 HTTP/1.1 and responded: HTTP/1.1 200 OK
Feb 19, 2021 5:17:26 AM okhttp3.mockwebserver.MockWebServer$3 processOneRequest
INFO: MockWebServer[43360] received request: GET /api/v1/namespaces/entando-k8s-composite-app-controller-carcpr16/pods?labelSelector=EntandoPlugin%3Dtest-plugin-carcpr16%2CEntandoResourceKind%3DEntandoPlugin HTTP/1.1 and responded: HTTP/1.1 200 OK
Feb 19, 2021 5:17:26 AM okhttp3.mockwebserver.MockWebServer$3 processOneRequest
INFO: MockWebServer[43360] received request: GET /api/v1/namespaces/entando-k8s-composite-app-controller-carcpr16/pods?labelSelector=EntandoPlugin%3Dtest-plugin-carcpr16%2CEntandoResourceKind%3DEntandoPlugin HTTP/1.1 and responded: HTTP/1.1 200 OK
Feb 19, 2021 5:17:26 AM okhttp3.mockwebserver.MockWebServer$3 processOneRequest
INFO: MockWebServer[43360] received request: GET /api/v1/namespaces/entando-k8s-composite-app-controller-carcpr16 HTTP/1.1 and responded: HTTP/1.1 404 Client Error
Feb 19, 2021 5:17:26 AM okhttp3.mockwebserver.MockWebServer$3 processOneRequest
INFO: MockWebServer[43360] received request: GET /apis/entando.org/v1/namespaces/default/entandoplugins HTTP/1.1 and responded: HTTP/1.1 200 OK
Feb 19, 2021 5:17:26 AM okhttp3.mockwebserver.MockWebServer$3 processOneRequest
INFO: MockWebServer[43360] received request: GET /api/v1/namespaces/entando-k8s-composite-app-controller-carcpr16 HTTP/1.1 and responded: HTTP/1.1 404 Client Error
Feb 19, 2021 5:17:26 AM okhttp3.mockwebserver.MockWebServer$3 processOneRequest
INFO: MockWebServer[43360] received request: GET /apis/entando.org/v1/namespaces/default/entandoplugins HTTP/1.1 and responded: HTTP/1.1 200 OK
Feb 19, 2021 5:17:26 AM okhttp3.mockwebserver.MockWebServer$3 processOneRequest
INFO: MockWebServer[43360] received request: GET /apis/entando.org/v1/namespaces/entando-k8s-composite-app-controller-carcpr16/entandoplugins/test-plugin-carcpr16 HTTP/1.1 and responded: HTTP/1.1 200 OK
Feb 19, 2021 5:17:27 AM okhttp3.mockwebserver.MockWebServer$3 processOneRequest
INFO: MockWebServer[43360] received request: GET /apis/entando.org/v1/namespaces/entando-k8s-composite-app-controller-carcpr16/entandocompositeapps/my-app-carcpr16 HTTP/1.1 and responded: HTTP/1.1 200 OK
Feb 19, 2021 5:17:27 AM okhttp3.mockwebserver.MockWebServer$3 processOneRequest
INFO: MockWebServer[43360] received request: GET /apis/entando.org/v1/namespaces/entando-k8s-composite-app-controller-carcpr16/entandocompositeapps/my-app-carcpr16 HTTP/1.1 and responded: HTTP/1.1 200 OK
Feb 19, 2021 5:17:27 AM org.entando.kubernetes.client.KubernetesRestInterceptor invoke
INFO: Entering method load in class org.entando.kubernetes.controller.support.client.EntandoResourceClient with class org.entando.kubernetes.model.compositeapp.EntandoCompositeApp,entando-k8s-composite-app-controller-carcpr16,my-app-carcpr16
Feb 19, 2021 5:17:27 AM okhttp3.mockwebserver.MockWebServer$3 processOneRequest
INFO: MockWebServer[43360] received request: GET /apis/entando.org/v1/namespaces/entando-k8s-composite-app-controller-carcpr16/entandocompositeapps/my-app-carcpr16 HTTP/1.1 and responded: HTTP/1.1 200 OK
Feb 19, 2021 5:17:27 AM org.entando.kubernetes.client.KubernetesRestInterceptor invoke
INFO: Exiting method load in class org.entando.kubernetes.controller.support.client.EntandoResourceClient
Feb 19, 2021 5:17:27 AM okhttp3.mockwebserver.MockWebServer$3 processOneRequest
INFO: MockWebServer[43360] received request: GET /api/v1/namespaces/entando-k8s-composite-app-controller-carcpr16 HTTP/1.1 and responded: HTTP/1.1 404 Client Error
Feb 19, 2021 5:17:27 AM okhttp3.mockwebserver.MockWebServer$3 processOneRequest
INFO: MockWebServer[43360] received request: GET /apis/entando.org/v1/namespaces/default/entandocompositeapps HTTP/1.1 and responded: HTTP/1.1 200 OK
Feb 19, 2021 5:17:27 AM okhttp3.mockwebserver.MockWebServer$3 processOneRequest
INFO: MockWebServer[43360] received request: GET /api/v1/namespaces/entando-k8s-composite-app-controller-carcpr16 HTTP/1.1 and responded: HTTP/1.1 404 Client Error
Feb 19, 2021 5:17:27 AM okhttp3.mockwebserver.MockWebServer$3 processOneRequest
INFO: MockWebServer[43360] received request: GET /apis/entando.org/v1/namespaces/default/entandocompositeapps HTTP/1.1 and responded: HTTP/1.1 200 OK
Feb 19, 2021 5:17:27 AM okhttp3.mockwebserver.MockWebServer$3 processOneRequest
INFO: MockWebServer[43360] received request: GET /apis/entando.org/v1/namespaces/entando-k8s-composite-app-controller-carcpr16/entandocompositeapps/my-app-carcpr16 HTTP/1.1 and responded: HTTP/1.1 200 OK
Feb 19, 2021 5:17:27 AM org.entando.kubernetes.client.KubernetesRestInterceptor invoke
INFO: Entering method getPodWatcherQueue in class org.entando.kubernetes.controller.support.client.PodWaitingClient
Feb 19, 2021 5:17:27 AM org.entando.kubernetes.client.KubernetesRestInterceptor invoke
INFO: Exiting method getPodWatcherQueue in class org.entando.kubernetes.controller.support.client.PodWaitingClient
Feb 19, 2021 5:17:27 AM okhttp3.mockwebserver.MockWebServer$2 acceptConnections
INFO: MockWebServer[43360] done accepting connections: Socket closed
Feb 19, 2021 5:17:27 AM okhttp3.mockwebserver.MockWebServer$2 e**cute
INFO: MockWebServer[50508] starting to accept connections
Feb 19, 2021 5:17:27 AM okhttp3.mockwebserver.MockWebServer$3 processOneRequest
INFO: MockWebServer[50508] received request: GET /api/v1/namespaces/entando HTTP/1.1 and responded: HTTP/1.1 404 Client Error
Feb 19, 2021 5:17:27 AM okhttp3.mockwebserver.MockWebServer$3 processOneRequest
INFO: MockWebServer[50508] received request: POST /api/v1/namespaces HTTP/1.1 and responded: HTTP/1.1 202 OK
Feb 19, 2021 5:17:27 AM org.entando.kubernetes.client.KubernetesRestInterceptor invoke
INFO: Entering method loadDockerImageInfoConfigMap in class org.entando.kubernetes.controller.support.client.EntandoResourceClient
Feb 19, 2021 5:17:27 AM okhttp3.mockwebserver.MockWebServer$3 processOneRequest
INFO: MockWebServer[50508] received request: GET /api/v1/namespaces/entando/configmaps/entando-docker-image-info-v6.3 HTTP/1.1 and responded: HTTP/1.1 404 Client Error
Feb 19, 2021 5:17:28 AM org.entando.kubernetes.client.KubernetesRestInterceptor invoke
INFO: Exiting method loadDockerImageInfoConfigMap in class org.entando.kubernetes.controller.support.client.EntandoResourceClient
Feb 19, 2021 5:17:28 AM okhttp3.mockwebserver.MockWebServer$3 processOneRequest
INFO: MockWebServer[50508] received request: GET /api/v1/namespaces/entando-k8s-composite-app-controller-carcpr16 HTTP/1.1 and responded: HTTP/1.1 404 Client Error
Feb 19, 2021 5:17:28 AM okhttp3.mockwebserver.MockWebServer$3 processOneRequest
INFO: MockWebServer[50508] received request: GET /apis/entando.org/v1/namespaces/default/entandocompositeapps HTTP/1.1 and responded: HTTP/1.1 200 OK
Feb 19, 2021 5:17:28 AM okhttp3.mockwebserver.MockWebServer$3 processOneRequest
INFO: MockWebServer[50508] received request: GET /api/v1/namespaces/entando-k8s-composite-app-controller-carcpr16 HTTP/1.1 and responded: HTTP/1.1 404 Client Error
Feb 19, 2021 5:17:28 AM okhttp3.mockwebserver.MockWebServer$3 processOneRequest
INFO: MockWebServer[50508] received request: GET /apis/entando.org/v1/namespaces/default/entandocompositeapps HTTP/1.1 and responded: HTTP/1.1 200 OK
Feb 19, 2021 5:17:28 AM okhttp3.mockwebserver.MockWebServer$3 processOneRequest
INFO: MockWebServer[50508] received request: POST /apis/entando.org/v1/namespaces/entando-k8s-composite-app-controller-carcpr16/entandocompositeapps HTTP/1.1 and responded: HTTP/1.1 202 OK
Feb 19, 2021 5:17:28 AM org.entando.kubernetes.client.KubernetesRestInterceptor invoke
INFO: Entering method loadOperatorConfig in class org.entando.kubernetes.controller.support.client.EntandoResourceClient
Feb 19, 2021 5:17:28 AM okhttp3.mockwebserver.MockWebServer$3 processOneRequest
INFO: MockWebServer[50508] received request: GET /api/v1/namespaces/entando-k8s-composite-app-controller-carcpr16/configmaps/entando-operator-config HTTP/1.1 and responded: HTTP/1.1 404 Client Error
Feb 19, 2021 5:17:28 AM org.entando.kubernetes.client.KubernetesRestInterceptor invoke
INFO: Exiting method loadOperatorConfig in class org.entando.kubernetes.controller.support.client.EntandoResourceClient
Feb 19, 2021 5:17:28 AM org.entando.kubernetes.client.KubernetesRestInterceptor invoke
INFO: Entering method getPodWatcherQueue in class org.entando.kubernetes.controller.support.client.PodWaitingClient
Feb 19, 2021 5:17:28 AM org.entando.kubernetes.client.KubernetesRestInterceptor invoke
INFO: Exiting method getPodWatcherQueue in class org.entando.kubernetes.controller.support.client.PodWaitingClient
Feb 19, 2021 5:17:28 AM org.entando.kubernetes.client.KubernetesRestInterceptor invoke
INFO: Entering method load in class org.entando.kubernetes.controller.support.client.EntandoResourceClient with class org.entando.kubernetes.model.compositeapp.EntandoCompositeApp,entando-k8s-composite-app-controller-carcpr16,my-app-carcpr16
Feb 19, 2021 5:17:29 AM okhttp3.mockwebserver.MockWebServer$3 processOneRequest
INFO: MockWebServer[50508] received request: GET /api/v1/namespaces/entando-k8s-composite-app-controller-carcpr16 HTTP/1.1 and responded: HTTP/1.1 404 Client Error
Feb 19, 2021 5:17:29 AM okhttp3.mockwebserver.MockWebServer$3 processOneRequest
INFO: MockWebServer[50508] received request: GET /apis/entando.org/v1/namespaces/default/entandocompositeapps HTTP/1.1 and responded: HTTP/1.1 200 OK
Feb 19, 2021 5:17:29 AM okhttp3.mockwebserver.MockWebServer$3 processOneRequest
INFO: MockWebServer[50508] received request: GET /api/v1/namespaces/entando-k8s-composite-app-controller-carcpr16 HTTP/1.1 and responded: HTTP/1.1 404 Client Error
Feb 19, 2021 5:17:29 AM okhttp3.mockwebserver.MockWebServer$3 processOneRequest
INFO: MockWebServer[50508] received request: GET /apis/entando.org/v1/namespaces/default/entandocompositeapps HTTP/1.1 and responded: HTTP/1.1 200 OK
Feb 19, 2021 5:17:29 AM okhttp3.mockwebserver.MockWebServer$3 processOneRequest
INFO: MockWebServer[50508] received request: GET /apis/entando.org/v1/namespaces/entando-k8s-composite-app-controller-carcpr16/entandocompositeapps/my-app-carcpr16 HTTP/1.1 and responded: HTTP/1.1 200 OK
Feb 19, 2021 5:17:29 AM org.entando.kubernetes.client.KubernetesRestInterceptor invoke
INFO: Exiting method load in class org.entando.kubernetes.controller.support.client.EntandoResourceClient
Feb 19, 2021 5:17:29 AM org.entando.kubernetes.client.KubernetesRestInterceptor invoke
INFO: Entering method updatePhase in class org.entando.kubernetes.controller.support.client.EntandoResourceClient with EntandoCompositeApp: entando-k8s-composite-app-controller-carcpr16/my-app-carcpr16
Feb 19, 2021 5:17:29 AM okhttp3.mockwebserver.MockWebServer$3 processOneRequest
INFO: MockWebServer[50508] received request: POST /api/v1/namespaces/entando-k8s-composite-app-controller-carcpr16/events HTTP/1.1 and responded: HTTP/1.1 202 OK
Feb 19, 2021 5:17:29 AM okhttp3.mockwebserver.MockWebServer$3 processOneRequest
INFO: MockWebServer[50508] received request: GET /apis/entando.org/v1/namespaces/entando-k8s-composite-app-controller-carcpr16/entandocompositeapps/my-app-carcpr16 HTTP/1.1 and responded: HTTP/1.1 200 OK
Feb 19, 2021 5:17:29 AM okhttp3.mockwebserver.MockWebServer$3 processOneRequest
INFO: MockWebServer[50508] received request: PUT /apis/entando.org/v1/namespaces/entando-k8s-composite-app-controller-carcpr16/entandocompositeapps/my-app-carcpr16/status HTTP/1.1 and responded: HTTP/1.1 202 OK
Feb 19, 2021 5:17:29 AM org.entando.kubernetes.client.KubernetesRestInterceptor invoke
INFO: Exiting method updatePhase in class org.entando.kubernetes.controller.support.client.EntandoResourceClient
Feb 19, 2021 5:17:29 AM org.entando.kubernetes.client.KubernetesRestInterceptor invoke
INFO: Entering method loadDockerImageInfoConfigMap in class org.entando.kubernetes.controller.support.client.EntandoResourceClient
Feb 19, 2021 5:17:29 AM okhttp3.mockwebserver.MockWebServer$3 processOneRequest
INFO: MockWebServer[50508] received request: GET /api/v1/namespaces/entando/configmaps/entando-docker-image-info-v6.3 HTTP/1.1 and responded: HTTP/1.1 404 Client Error
Feb 19, 2021 5:17:29 AM org.entando.kubernetes.client.KubernetesRestInterceptor invoke
INFO: Exiting method loadDockerImageInfoConfigMap in class org.entando.kubernetes.controller.support.client.EntandoResourceClient
Feb 19, 2021 5:17:29 AM org.entando.kubernetes.client.KubernetesRestInterceptor invoke
INFO: Entering method createOrPatchEntandoResource in class org.entando.kubernetes.controller.support.client.EntandoResourceClient with EntandoKeycloakServer: entando-k8s-composite-app-controller-carcpr16/test-keycloak-carcpr16
Feb 19, 2021 5:17:29 AM okhttp3.mockwebserver.MockWebServer$3 processOneRequest
INFO: MockWebServer[50508] received request: GET /api/v1/namespaces/entando-k8s-composite-app-controller-carcpr16 HTTP/1.1 and responded: HTTP/1.1 404 Client Error
Feb 19, 2021 5:17:29 AM okhttp3.mockwebserver.MockWebServer$3 processOneRequest
INFO: MockWebServer[50508] received request: GET /apis/entando.org/v1/namespaces/default/entandokeycloakservers HTTP/1.1 and responded: HTTP/1.1 200 OK
Feb 19, 2021 5:17:29 AM okhttp3.mockwebserver.MockWebServer$3 processOneRequest
INFO: MockWebServer[50508] received request: GET /api/v1/namespaces/entando-k8s-composite-app-controller-carcpr16 HTTP/1.1 and responded: HTTP/1.1 404 Client Error
Feb 19, 2021 5:17:29 AM okhttp3.mockwebserver.MockWebServer$3 processOneRequest
INFO: MockWebServer[50508] received request: GET /apis/entando.org/v1/namespaces/default/entandokeycloakservers HTTP/1.1 and responded: HTTP/1.1 200 OK
Feb 19, 2021 5:17:30 AM okhttp3.mockwebserver.MockWebServer$3 processOneRequest
INFO: MockWebServer[50508] received request: GET /apis/entando.org/v1/namespaces/entando-k8s-composite-app-controller-carcpr16/entandokeycloakservers/test-keycloak-carcpr16 HTTP/1.1 and responded: HTTP/1.1 404 Client Error
Feb 19, 2021 5:17:30 AM okhttp3.mockwebserver.MockWebServer$3 processOneRequest
INFO: MockWebServer[50508] received request: POST /apis/entando.org/v1/namespaces/entando-k8s-composite-app-controller-carcpr16/entandokeycloakservers HTTP/1.1 and responded: HTTP/1.1 202 OK
Feb 19, 2021 5:17:30 AM org.entando.kubernetes.client.KubernetesRestInterceptor invoke
INFO: Exiting method createOrPatchEntandoResource in class org.entando.kubernetes.controller.support.client.EntandoResourceClient
Feb 19, 2021 5:17:30 AM org.entando.kubernetes.client.KubernetesRestInterceptor invoke
INFO: Entering method removeAndWait in class org.entando.kubernetes.controller.support.client.PodClient with entando-k8s-composite-app-controller-carcpr16,{EntandoResourceNamespace=entando-k8s-composite-app-controller-carcpr16, EntandoResourceKind=EntandoKeycloakServer, EntandoKeycloakServer=test-keycloak-carcpr16}
Feb 19, 2021 5:17:30 AM okhttp3.mockwebserver.MockWebServer$3 processOneRequest
INFO: MockWebServer[50508] received request: GET /api/v1/namespaces/entando-k8s-composite-app-controller-carcpr16/pods?labelSelector=EntandoResourceNamespace%3Dentando-k8s-composite-app-controller-carcpr16%2CEntandoResourceKind%3DEntandoKeycloakServer%2CEntandoKeycloakServer%3Dtest-keycloak-carcpr16 HTTP/1.1 and responded: HTTP/1.1 200 OK
Feb 19, 2021 5:17:30 AM org.entando.kubernetes.client.KubernetesRestInterceptor invoke
INFO: Entering method getPodWatcherQueue in class org.entando.kubernetes.controller.support.client.PodWaitingClient
Feb 19, 2021 5:17:30 AM org.entando.kubernetes.client.KubernetesRestInterceptor invoke
INFO: Exiting method getPodWatcherQueue in class org.entando.kubernetes.controller.support.client.PodWaitingClient
Feb 19, 2021 5:17:30 AM okhttp3.mockwebserver.MockWebServer$3 processOneRequest
INFO: MockWebServer[50508] received request: GET /api/v1/namespaces/entando-k8s-composite-app-controller-carcpr16/pods?labelSelector=EntandoResourceNamespace%3Dentando-k8s-composite-app-controller-carcpr16%2CEntandoResourceKind%3DEntandoKeycloakServer%2CEntandoKeycloakServer%3Dtest-keycloak-carcpr16&watch=**** HTTP/1.1 and responded: HTTP/1.1 200 OK
Feb 19, 2021 5:17:30 AM okhttp3.mockwebserver.MockWebServer$3 processOneRequest
INFO: MockWebServer[50508] received request: GET /api/v1/namespaces/entando-k8s-composite-app-controller-carcpr16/pods?labelSelector=EntandoResourceNamespace%3Dentando-k8s-composite-app-controller-carcpr16%2CEntandoResourceKind%3DEntandoKeycloakServer%2CEntandoKeycloakServer%3Dtest-keycloak-carcpr16 HTTP/1.1 and responded: HTTP/1.1 200 OK
Feb 19, 2021 5:17:30 AM okhttp3.mockwebserver.MockWebServer$3 processOneRequest
INFO: MockWebServer[50508] received request: GET /api/v1/namespaces/entando-k8s-composite-app-controller-carcpr16/pods?labelSelector=EntandoResourceNamespace%3Dentando-k8s-composite-app-controller-carcpr16%2CEntandoResourceKind%3DEntandoKeycloakServer%2CEntandoKeycloakServer%3Dtest-keycloak-carcpr16&watch=**** HTTP/1.1 and responded: HTTP/1.1 200 OK
Feb 19, 2021 5:17:30 AM io.fabric8.kubernetes.client.dsl.internal.WatchHTTPManager$1 onResponse
INFO: Watch terminated unexpectedly. reason: \n not found: limit=46 content=7b2261706956657273696f6e223a227631222c226b696e64223a224c69737422â€¦
Feb 19, 2021 5:17:30 AM okhttp3.mockwebserver.MockWebServer$3 processOneRequest
INFO: MockWebServer[50508] received request: GET /api/v1/namespaces/entando-k8s-composite-app-controller-carcpr16/pods?labelSelector=EntandoResourceNamespace%3Dentando-k8s-composite-app-controller-carcpr16%2CEntandoResourceKind%3DEntandoKeycloakServer%2CEntandoKeycloakServer%3Dtest-keycloak-carcpr16 HTTP/1.1 and responded: HTTP/1.1 200 OK
Feb 19, 2021 5:17:31 AM org.entando.kubernetes.client.KubernetesRestInterceptor invoke
INFO: Exiting method removeAndWait in class org.entando.kubernetes.controller.support.client.PodClient
Feb 19, 2021 5:17:31 AM org.entando.kubernetes.client.KubernetesRestInterceptor invoke
INFO: Entering method overwriteControllerSecret in class org.entando.kubernetes.controller.support.client.SecretClient with Secret: null/test-keycloak-carcpr16-controller-ca-cert-secret
Feb 19, 2021 5:17:31 AM okhttp3.mockwebserver.MockWebServer$3 processOneRequest
INFO: MockWebServer[50508] received request: GET /api/v1/namespaces/entando-k8s-composite-app-controller-carcpr16/pods?labelSelector=EntandoResourceNamespace%3Dentando-k8s-composite-app-controller-carcpr16%2CEntandoResourceKind%3DEntandoKeycloakServer%2CEntandoKeycloakServer%3Dtest-keycloak-carcpr16&watch=**** HTTP/1.1 and responded: HTTP/1.1 200 OK
Feb 19, 2021 5:17:31 AM io.fabric8.kubernetes.client.dsl.internal.WatchHTTPManager$1 onResponse
INFO: Watch terminated unexpectedly. reason: \n not found: limit=46 content=7b2261706956657273696f6e223a227631222c226b696e64223a224c69737422â€¦
Feb 19, 2021 5:17:31 AM io.fabric8.kubernetes.client.dsl.internal.WatchHTTPManager scheduleReconnect
WARN: Ignoring error for already closed/closing connection
Feb 19, 2021 5:17:31 AM okhttp3.mockwebserver.MockWebServer$3 processOneRequest
INFO: MockWebServer[50508] received request: GET /api/v1/namespaces/entando-k8s-composite-app-controller-carcpr16/secrets/test-keycloak-carcpr16-controller-ca-cert-secret HTTP/1.1 and responded: HTTP/1.1 404 Client Error
Feb 19, 2021 5:17:31 AM okhttp3.mockwebserver.MockWebServer$3 processOneRequest
INFO: MockWebServer[50508] received request: POST /api/v1/namespaces/entando-k8s-composite-app-controller-carcpr16/secrets HTTP/1.1 and responded: HTTP/1.1 202 OK
Feb 19, 2021 5:17:31 AM org.entando.kubernetes.client.KubernetesRestInterceptor invoke
INFO: Exiting method overwriteControllerSecret in class org.entando.kubernetes.controller.support.client.SecretClient
Feb 19, 2021 5:17:31 AM org.entando.kubernetes.client.KubernetesRestInterceptor invoke
INFO: Entering method runToCompletion in class org.entando.kubernetes.controller.support.client.PodClient with Pod: entando-k8s-composite-app-controller-carcpr16/test-keycloak-carcpr16-deployer-4008
Feb 19, 2021 5:17:31 AM okhttp3.mockwebserver.MockWebServer$3 processOneRequest
INFO: MockWebServer[50508] received request: POST /api/v1/namespaces/entando-k8s-composite-app-controller-carcpr16/pods HTTP/1.1 and responded: HTTP/1.1 202 OK
Feb 19, 2021 5:17:31 AM org.entando.kubernetes.client.KubernetesRestInterceptor invoke
INFO: Entering method loadPod in class org.entando.kubernetes.controller.support.client.PodClient with entando-k8s-composite-app-controller-carcpr16,[Ljava.lang.String;@b7398fb
Feb 19, 2021 5:17:31 AM okhttp3.mockwebserver.MockWebServer$3 processOneRequest
INFO: MockWebServer[50508] received request: GET /api/v1/namespaces/entando-k8s-composite-app-controller-carcpr16/pods?fieldSelector=metadata.name%3Dtest-keycloak-carcpr16-deployer-4008&watch=**** HTTP/1.1 and responded: HTTP/1.1 200 OK
Feb 19, 2021 5:17:31 AM org.entando.kubernetes.client.KubernetesRestInterceptor invoke
INFO: Exiting method loadPod in class org.entando.kubernetes.controller.support.client.PodClient
Feb 19, 2021 5:17:31 AM okhttp3.mockwebserver.MockWebServer$3 processOneRequest
INFO: MockWebServer[50508] received request: GET /api/v1/namespaces/entando-k8s-composite-app-controller-carcpr16/pods?labelSelector=EntandoKeycloakServer%3Dtest-keycloak-carcpr16 HTTP/1.1 and responded: HTTP/1.1 200 OK
Feb 19, 2021 5:17:31 AM okhttp3.mockwebserver.MockWebServer$3 processOneRequest
INFO: MockWebServer[50508] received request: GET /api/v1/namespaces/entando-k8s-composite-app-controller-carcpr16/pods/test-keycloak-carcpr16-deployer-4008 HTTP/1.1 and responded: HTTP/1.1 200 OK
Feb 19, 2021 5:17:31 AM okhttp3.mockwebserver.MockWebServer$3 processOneRequest
INFO: MockWebServer[50508] received request: GET /api/v1/namespaces/entando-k8s-composite-app-controller-carcpr16/pods?fieldSelector=metadata.name%3Dtest-keycloak-carcpr16-deployer-4008&watch=**** HTTP/1.1 and responded: HTTP/1.1 200 OK
Feb 19, 2021 5:17:31 AM io.fabric8.kubernetes.client.dsl.internal.WatchHTTPManager$1 onResponse
INFO: Watch terminated unexpectedly. reason: \n not found: limit=2772 content=7b2261706956657273696f6e223a227631222c226b696e64223a224c69737422â€¦
Feb 19, 2021 5:17:31 AM okhttp3.mockwebserver.MockWebServer$3 processOneRequest
INFO: MockWebServer[50508] received request: PATCH /api/v1/namespaces/entando-k8s-composite-app-controller-carcpr16/pods/test-keycloak-carcpr16-deployer-4008 HTTP/1.1 and responded: HTTP/1.1 202 OK
Feb 19, 2021 5:17:31 AM org.entando.kubernetes.client.KubernetesRestInterceptor invoke
INFO: Entering method getPodWatcherQueue in class org.entando.kubernetes.controller.support.client.PodWaitingClient
Feb 19, 2021 5:17:31 AM org.entando.kubernetes.client.KubernetesRestInterceptor invoke
INFO: Exiting method getPodWatcherQueue in class org.entando.kubernetes.controller.support.client.PodWaitingClient
Feb 19, 2021 5:17:32 AM org.entando.kubernetes.client.KubernetesRestInterceptor invoke
INFO: Exiting method runToCompletion in class org.entando.kubernetes.controller.support.client.PodClient
Feb 19, 2021 5:17:32 AM org.entando.kubernetes.client.KubernetesRestInterceptor invoke
INFO: Entering method updateStatus in class org.entando.kubernetes.controller.support.client.EntandoResourceClient with EntandoCompositeApp: entando-k8s-composite-app-controller-carcpr16/my-app-carcpr16
Feb 19, 2021 5:17:32 AM okhttp3.mockwebserver.MockWebServer$3 processOneRequest
INFO: MockWebServer[50508] received request: GET /api/v1/namespaces/entando-k8s-composite-app-controller-carcpr16/pods?fieldSelector=metadata.name%3Dtest-keycloak-carcpr16-deployer-4008&watch=**** HTTP/1.1 and responded: HTTP/1.1 200 OK
Feb 19, 2021 5:17:32 AM io.fabric8.kubernetes.client.dsl.internal.WatchHTTPManager$1 onResponse
INFO: Watch terminated unexpectedly. reason: \n not found: limit=2956 content=7b2261706956657273696f6e223a227631222c226b696e64223a224c69737422â€¦
Feb 19, 2021 5:17:32 AM io.fabric8.kubernetes.client.dsl.internal.WatchHTTPManager scheduleReconnect
WARN: Ignoring error for already closed/closing connection
Feb 19, 2021 5:17:32 AM okhttp3.mockwebserver.MockWebServer$3 processOneRequest
INFO: MockWebServer[50508] received request: POST /api/v1/namespaces/entando-k8s-composite-app-controller-carcpr16/events HTTP/1.1 and responded: HTTP/1.1 202 OK
Feb 19, 2021 5:17:32 AM okhttp3.mockwebserver.MockWebServer$3 processOneRequest
INFO: MockWebServer[50508] received request: GET /apis/entando.org/v1/namespaces/entando-k8s-composite-app-controller-carcpr16/entandocompositeapps/my-app-carcpr16 HTTP/1.1 and responded: HTTP/1.1 200 OK
Feb 19, 2021 5:17:33 AM okhttp3.mockwebserver.MockWebServer$3 processOneRequest
INFO: MockWebServer[50508] received request: PUT /apis/entando.org/v1/namespaces/entando-k8s-composite-app-controller-carcpr16/entandocompositeapps/my-app-carcpr16/status HTTP/1.1 and responded: HTTP/1.1 202 OK
Feb 19, 2021 5:17:33 AM org.entando.kubernetes.client.KubernetesRestInterceptor invoke
INFO: Exiting method updateStatus in class org.entando.kubernetes.controller.support.client.EntandoResourceClient
Feb 19, 2021 5:17:33 AM org.entando.kubernetes.client.KubernetesRestInterceptor invoke
INFO: Entering method removeSuccessfullyCompletedPods in class org.entando.kubernetes.controller.support.client.PodClient with entando-k8s-composite-app-controller-carcpr16,{EntandoResourceNamespace=entando-k8s-composite-app-controller-carcpr16, EntandoResourceKind=EntandoKeycloakServer, EntandoKeycloakServer=test-keycloak-carcpr16}
Feb 19, 2021 5:17:33 AM okhttp3.mockwebserver.MockWebServer$3 processOneRequest
INFO: MockWebServer[50508] received request: GET /api/v1/namespaces/entando-k8s-composite-app-controller-carcpr16/pods?labelSelector=EntandoResourceNamespace%3Dentando-k8s-composite-app-controller-carcpr16%2CEntandoResourceKind%3DEntandoKeycloakServer%2CEntandoKeycloakServer%3Dtest-keycloak-carcpr16 HTTP/1.1 and responded: HTTP/1.1 200 OK
Feb 19, 2021 5:17:33 AM okhttp3.mockwebserver.MockWebServer$3 processOneRequest
INFO: MockWebServer[50508] received request: DELETE /api/v1/namespaces/entando-k8s-composite-app-controller-carcpr16/pods/test-keycloak-carcpr16-deployer-4008 HTTP/1.1 and responded: HTTP/1.1 200 OK
Feb 19, 2021 5:17:33 AM org.entando.kubernetes.client.KubernetesRestInterceptor invoke
INFO: Exiting method removeSuccessfullyCompletedPods in class org.entando.kubernetes.controller.support.client.PodClient
Feb 19, 2021 5:17:33 AM org.entando.kubernetes.client.KubernetesRestInterceptor invoke
INFO: Entering method load in class org.entando.kubernetes.controller.support.client.EntandoResourceClient with class org.entando.kubernetes.model.plugin.EntandoPlugin,entando-k8s-composite-app-controller-carcpr16,test-plugin-carcpr16
Feb 19, 2021 5:17:33 AM okhttp3.mockwebserver.MockWebServer$3 processOneRequest
INFO: MockWebServer[50508] received request: GET /api/v1/namespaces/entando-k8s-composite-app-controller-carcpr16 HTTP/1.1 and responded: HTTP/1.1 404 Client Error
Feb 19, 2021 5:17:33 AM okhttp3.mockwebserver.MockWebServer$3 processOneRequest
INFO: MockWebServer[50508] received request: GET /apis/entando.org/v1/namespaces/default/entandoplugins HTTP/1.1 and responded: HTTP/1.1 200 OK
Feb 19, 2021 5:17:33 AM okhttp3.mockwebserver.MockWebServer$3 processOneRequest
INFO: MockWebServer[50508] received request: GET /api/v1/namespaces/entando-k8s-composite-app-controller-carcpr16 HTTP/1.1 and responded: HTTP/1.1 404 Client Error
Feb 19, 2021 5:17:33 AM okhttp3.mockwebserver.MockWebServer$3 processOneRequest
INFO: MockWebServer[50508] received request: GET /apis/entando.org/v1/namespaces/default/entandoplugins HTTP/1.1 and responded: HTTP/1.1 200 OK
Feb 19, 2021 5:17:33 AM okhttp3.mockwebserver.MockWebServer$3 processOneRequest
INFO: MockWebServer[50508] received request: GET /apis/entando.org/v1/namespaces/entando-k8s-composite-app-controller-carcpr16/entandoplugins/test-plugin-carcpr16 HTTP/1.1 and responded: HTTP/1.1 404 Client Error
Feb 19, 2021 5:17:33 AM org.entando.kubernetes.client.KubernetesRestInterceptor invoke
SEVERE: Failure e**cuting method load in class org.entando.kubernetes.controller.support.client.EntandoResourceClient
java.lang.IllegalStateException: Could not find the EntandoPlugin 'test-plugin-carcpr16' in the namespace entando-k8s-composite-app-controller-carcpr16
	at org.entando.kubernetes.client.DefaultEntandoResourceClient.lambda$notFound$5(DefaultEntandoResourceClient.java:199)
	at org.entando.kubernetes.client.DefaultEntandoResourceClient.lambda$load$6(DefaultEntandoResourceClient.java:205)
	at java.base/java.util.Optional.orElseThrow(Optional.java:408)
	at org.entando.kubernetes.client.DefaultEntandoResourceClient.load(DefaultEntandoResourceClient.java:205)
	at java.base/jdk.internal.reflect.NativeMethodAccessorImpl.invoke0(Native Method)
	at java.base/jdk.internal.reflect.NativeMethodAccessorImpl.invoke(NativeMethodAccessorImpl.java:62)
	at java.base/jdk.internal.reflect.DelegatingMethodAccessorImpl.invoke(DelegatingMethodAccessorImpl.java:43)
	at java.base/java.lang.reflect.Method.invoke(Method.java:566)
	at org.entando.kubernetes.client.KubernetesRestInterceptor.invoke(KubernetesRestInterceptor.java:49)
	at com.sun.proxy.$Proxy31.load(Unknown Source)
	at org.entando.kubernetes.compositeapp.controller.EntandoCompositeAppController.prepareReference(EntandoCompositeAppController.java:145)
	at org.entando.kubernetes.compositeapp.controller.EntandoCompositeAppController.synchronizeDeploymentState(EntandoCompositeAppController.java:87)
	at org.entando.kubernetes.compositeapp.controller.EntandoCompositeAppController.synchronizeDeploymentState(EntandoCompositeAppController.java:55)
	at org.entando.kubernetes.controller.support.controller.AbstractDbAwareController.performSync(AbstractDbAwareController.java:156)
	at org.entando.kubernetes.controller.support.controller.AbstractDbAwareController.processCommand(AbstractDbAwareController.java:128)
	at org.entando.kubernetes.compositeapp.controller.EntandoCompositeAppController.onStartup(EntandoCompositeAppController.java:79)
	at org.entando.kubernetes.compositeapp.controller.inprocesstests.CompositeAppControllerMockedTest.startController(CompositeAppControllerMockedTest.java:179)
	at org.entando.kubernetes.compositeapp.controller.inprocesstests.CompositeAppControllerMockedTest.performCreate(CompositeAppControllerMockedTest.java:103)
	at org.entando.kubernetes.compositeapp.controller.inprocesstests.CompositeAppControllerMockedTest.shouldRemoveSuccessfullyCompletedPods(CompositeAppControllerMockedTest.java:169)
	at java.base/jdk.internal.reflect.NativeMethodAccessorImpl.invoke0(Native Method)
	at java.base/jdk.internal.reflect.NativeMethodAccessorImpl.invoke(NativeMethodAccessorImpl.java:62)
	at java.base/jdk.internal.reflect.DelegatingMethodAccessorImpl.invoke(DelegatingMethodAccessorImpl.java:43)
	at java.base/java.lang.reflect.Method.invoke(Method.java:566)
	at org.junit.platform.commons.util.ReflectionUtils.invokeMethod(ReflectionUtils.java:688)
	at org.junit.jupiter.engine.e**cution.MethodInvocation.proceed(MethodInvocation.java:60)
	at org.junit.jupiter.engine.e**cution.InvocationInterceptorChain$ValidatingInvocation.proceed(InvocationInterceptorChain.java:131)
	at org.junit.jupiter.engine.extension.TimeoutExtension.intercept(TimeoutExtension.java:149)
	at org.junit.jupiter.engine.extension.TimeoutExtension.interceptTestableMethod(TimeoutExtension.java:140)
	at org.junit.jupiter.engine.extension.TimeoutExtension.interceptTestMethod(TimeoutExtension.java:84)
	at org.junit.jupiter.engine.e**cution.E**cutableInvoker$ReflectiveInterceptorCall.lambda$ofVoidMethod$0(E**cutableInvoker.java:115)
	at org.junit.jupiter.engine.e**cution.E**cutableInvoker.lambda$invoke$0(E**cutableInvoker.java:105)
	at org.junit.jupiter.engine.e**cution.InvocationInterceptorChain$InterceptedInvocation.proceed(InvocationInterceptorChain.java:106)
	at org.junit.jupiter.engine.e**cution.InvocationInterceptorChain.proceed(InvocationInterceptorChain.java:64)
	at org.junit.jupiter.engine.e**cution.InvocationInterceptorChain.chainAndInvoke(InvocationInterceptorChain.java:45)
	at org.junit.jupiter.engine.e**cution.InvocationInterceptorChain.invoke(InvocationInterceptorChain.java:37)
	at org.junit.jupiter.engine.e**cution.E**cutableInvoker.invoke(E**cutableInvoker.java:104)
	at org.junit.jupiter.engine.e**cution.E**cutableInvoker.invoke(E**cutableInvoker.java:98)
	at org.junit.jupiter.engine.descriptor.TestMethodTestDescriptor.lambda$invokeTestMethod$6(TestMethodTestDescriptor.java:210)
	at org.junit.platform.engine.support.hierarchical.ThrowableCollector.e**cute(ThrowableCollector.java:73)
	at org.junit.jupiter.engine.descriptor.TestMethodTestDescriptor.invokeTestMethod(TestMethodTestDescriptor.java:206)
	at org.junit.jupiter.engine.descriptor.TestMethodTestDescriptor.e**cute(TestMethodTestDescriptor.java:131)
	at org.junit.jupiter.engine.descriptor.TestMethodTestDescriptor.e**cute(TestMethodTestDescriptor.java:65)
	at org.junit.platform.engine.support.hierarchical.NodeTestTask.lambda$e**cuteRecursively$5(NodeTestTask.java:139)
	at org.junit.platform.engine.support.hierarchical.ThrowableCollector.e**cute(ThrowableCollector.java:73)
	at org.junit.platform.engine.support.hierarchical.NodeTestTask.lambda$e**cuteRecursively$7(NodeTestTask.java:129)
	at org.junit.platform.engine.support.hierarchical.Node.around(Node.java:137)
	at org.junit.platform.engine.support.hierarchical.NodeTestTask.lambda$e**cuteRecursively$8(NodeTestTask.java:127)
	at org.junit.platform.engine.support.hierarchical.ThrowableCollector.e**cute(ThrowableCollector.java:73)
	at org.junit.platform.engine.support.hierarchical.NodeTestTask.e**cuteRecursively(NodeTestTask.java:126)
	at org.junit.platform.engine.support.hierarchical.NodeTestTask.e**cute(NodeTestTask.java:84)
	at java.base/java.util.ArrayList.forEach(ArrayList.java:1540)
	at org.junit.platform.engine.support.hierarchical.SameThreadHierarchicalTestE**cutorService.invokeAll(SameThreadHierarchicalTestE**cutorService.java:38)
	at org.junit.platform.engine.support.hierarchical.NodeTestTask.lambda$e**cuteRecursively$5(NodeTestTask.java:143)
	at org.junit.platform.engine.support.hierarchical.ThrowableCollector.e**cute(ThrowableCollector.java:73)
	at org.junit.platform.engine.support.hierarchical.NodeTestTask.lambda$e**cuteRecursively$7(NodeTestTask.java:129)
	at org.junit.platform.engine.support.hierarchical.Node.around(Node.java:137)
	at org.junit.platform.engine.support.hierarchical.NodeTestTask.lambda$e**cuteRecursively$8(NodeTestTask.java:127)
	at org.junit.platform.engine.support.hierarchical.ThrowableCollector.e**cute(ThrowableCollector.java:73)
	at org.junit.platform.engine.support.hierarchical.NodeTestTask.e**cuteRecursively(NodeTestTask.java:126)
	at org.junit.platform.engine.support.hierarchical.NodeTestTask.e**cute(NodeTestTask.java:84)
	at java.base/java.util.ArrayList.forEach(ArrayList.java:1540)
	at org.junit.platform.engine.support.hierarchical.SameThreadHierarchicalTestE**cutorService.invokeAll(SameThreadHierarchicalTestE**cutorService.java:38)
	at org.junit.platform.engine.support.hierarchical.NodeTestTask.lambda$e**cuteRecursively$5(NodeTestTask.java:143)
	at org.junit.platform.engine.support.hierarchical.ThrowableCollector.e**cute(ThrowableCollector.java:73)
	at org.junit.platform.engine.support.hierarchical.NodeTestTask.lambda$e**cuteRecursively$7(NodeTestTask.java:129)
	at org.junit.platform.engine.support.hierarchical.Node.around(Node.java:137)
	at org.junit.platform.engine.support.hierarchical.NodeTestTask.lambda$e**cuteRecursively$8(NodeTestTask.java:127)
	at org.junit.platform.engine.support.hierarchical.ThrowableCollector.e**cute(ThrowableCollector.java:73)
	at org.junit.platform.engine.support.hierarchical.NodeTestTask.e**cuteRecursively(NodeTestTask.java:126)
	at org.junit.platform.engine.support.hierarchical.NodeTestTask.e**cute(NodeTestTask.java:84)
	at org.junit.platform.engine.support.hierarchical.SameThreadHierarchicalTestE**cutorService.submit(SameThreadHierarchicalTestE**cutorService.java:32)
	at org.junit.platform.engine.support.hierarchical.HierarchicalTestE**cutor.e**cute(HierarchicalTestE**cutor.java:57)
	at org.junit.platform.engine.support.hierarchical.HierarchicalTestEngine.e**cute(HierarchicalTestEngine.java:51)
	at org.junit.platform.launcher.core.EngineE**cutionOrchestrator.e**cute(EngineE**cutionOrchestrator.java:108)
	at org.junit.platform.launcher.core.EngineE**cutionOrchestrator.e**cute(EngineE**cutionOrchestrator.java:88)
	at org.junit.platform.launcher.core.EngineE**cutionOrchestrator.lambda$e**cute$0(EngineE**cutionOrchestrator.java:54)
	at org.junit.platform.launcher.core.EngineE**cutionOrchestrator.withInterceptedStreams(EngineE**cutionOrchestrator.java:67)
	at org.junit.platform.launcher.core.EngineE**cutionOrchestrator.e**cute(EngineE**cutionOrchestrator.java:52)
	at org.junit.platform.launcher.core.DefaultLauncher.e**cute(DefaultLauncher.java:96)
	at org.junit.platform.launcher.core.DefaultLauncher.e**cute(DefaultLauncher.java:75)
	at org.apache.maven.surefire.junitplatform.JUnitPlatformProvider.invokeAllTests(JUnitPlatformProvider.java:142)
	at org.apache.maven.surefire.junitplatform.JUnitPlatformProvider.invoke(JUnitPlatformProvider.java:117)
	at org.apache.maven.surefire.booter.ForkedBooter.invokeProviderInSameClassLoader(ForkedBooter.java:384)
	at org.apache.maven.surefire.booter.ForkedBooter.runSuitesInProcess(ForkedBooter.java:345)
	at org.apache.maven.surefire.booter.ForkedBooter.e**cute(ForkedBooter.java:126)
	at org.apache.maven.surefire.booter.ForkedBooter.main(ForkedBooter.java:418)

Feb 19, 2021 5:17:33 AM org.entando.kubernetes.client.KubernetesRestInterceptor invoke
INFO: Exiting method load in class org.entando.kubernetes.controller.support.client.EntandoResourceClient
Feb 19, 2021 5:17:33 AM org.entando.kubernetes.controller.support.controller.AbstractDbAwareController performSync
SEVERE: Unexpected exception occurred while adding EntandoCompositeApp entando-k8s-composite-app-controller-carcpr16/my-app-carcpr16
java.lang.IllegalStateException: Could not find the EntandoPlugin 'test-plugin-carcpr16' in the namespace entando-k8s-composite-app-controller-carcpr16
	at org.entando.kubernetes.client.DefaultEntandoResourceClient.lambda$notFound$5(DefaultEntandoResourceClient.java:199)
	at org.entando.kubernetes.client.DefaultEntandoResourceClient.lambda$load$6(DefaultEntandoResourceClient.java:205)
	at java.base/java.util.Optional.orElseThrow(Optional.java:408)
	at org.entando.kubernetes.client.DefaultEntandoResourceClient.load(DefaultEntandoResourceClient.java:205)
	at java.base/jdk.internal.reflect.NativeMethodAccessorImpl.invoke0(Native Method)
	at java.base/jdk.internal.reflect.NativeMethodAccessorImpl.invoke(NativeMethodAccessorImpl.java:62)
	at java.base/jdk.internal.reflect.DelegatingMethodAccessorImpl.invoke(DelegatingMethodAccessorImpl.java:43)
	at java.base/java.lang.reflect.Method.invoke(Method.java:566)
	at org.entando.kubernetes.client.KubernetesRestInterceptor.invoke(KubernetesRestInterceptor.java:49)
	at com.sun.proxy.$Proxy31.load(Unknown Source)
	at org.entando.kubernetes.compositeapp.controller.EntandoCompositeAppController.prepareReference(EntandoCompositeAppController.java:145)
	at org.entando.kubernetes.compositeapp.controller.EntandoCompositeAppController.synchronizeDeploymentState(EntandoCompositeAppController.java:87)
	at org.entando.kubernetes.compositeapp.controller.EntandoCompositeAppController.synchronizeDeploymentState(EntandoCompositeAppController.java:55)
	at org.entando.kubernetes.controller.support.controller.AbstractDbAwareController.performSync(AbstractDbAwareController.java:156)
	at org.entando.kubernetes.controller.support.controller.AbstractDbAwareController.processCommand(AbstractDbAwareController.java:128)
	at org.entando.kubernetes.compositeapp.controller.EntandoCompositeAppController.onStartup(EntandoCompositeAppController.java:79)
	at org.entando.kubernetes.compositeapp.controller.inprocesstests.CompositeAppControllerMockedTest.startController(CompositeAppControllerMockedTest.java:179)
	at org.entando.kubernetes.compositeapp.controller.inprocesstests.CompositeAppControllerMockedTest.performCreate(CompositeAppControllerMockedTest.java:103)
	at org.entando.kubernetes.compositeapp.controller.inprocesstests.CompositeAppControllerMockedTest.shouldRemoveSuccessfullyCompletedPods(CompositeAppControllerMockedTest.java:169)
	at java.base/jdk.internal.reflect.NativeMethodAccessorImpl.invoke0(Native Method)
	at java.base/jdk.internal.reflect.NativeMethodAccessorImpl.invoke(NativeMethodAccessorImpl.java:62)
	at java.base/jdk.internal.reflect.DelegatingMethodAccessorImpl.invoke(DelegatingMethodAccessorImpl.java:43)
	at java.base/java.lang.reflect.Method.invoke(Method.java:566)
	at org.junit.platform.commons.util.ReflectionUtils.invokeMethod(ReflectionUtils.java:688)
	at org.junit.jupiter.engine.e**cution.MethodInvocation.proceed(MethodInvocation.java:60)
	at org.junit.jupiter.engine.e**cution.InvocationInterceptorChain$ValidatingInvocation.proceed(InvocationInterceptorChain.java:131)
	at org.junit.jupiter.engine.extension.TimeoutExtension.intercept(TimeoutExtension.java:149)
	at org.junit.jupiter.engine.extension.TimeoutExtension.interceptTestableMethod(TimeoutExtension.java:140)
	at org.junit.jupiter.engine.extension.TimeoutExtension.interceptTestMethod(TimeoutExtension.java:84)
	at org.junit.jupiter.engine.e**cution.E**cutableInvoker$ReflectiveInterceptorCall.lambda$ofVoidMethod$0(E**cutableInvoker.java:115)
	at org.junit.jupiter.engine.e**cution.E**cutableInvoker.lambda$invoke$0(E**cutableInvoker.java:105)
	at org.junit.jupiter.engine.e**cution.InvocationInterceptorChain$InterceptedInvocation.proceed(InvocationInterceptorChain.java:106)
	at org.junit.jupiter.engine.e**cution.InvocationInterceptorChain.proceed(InvocationInterceptorChain.java:64)
	at org.junit.jupiter.engine.e**cution.InvocationInterceptorChain.chainAndInvoke(InvocationInterceptorChain.java:45)
	at org.junit.jupiter.engine.e**cution.InvocationInterceptorChain.invoke(InvocationInterceptorChain.java:37)
	at org.junit.jupiter.engine.e**cution.E**cutableInvoker.invoke(E**cutableInvoker.java:104)
	at org.junit.jupiter.engine.e**cution.E**cutableInvoker.invoke(E**cutableInvoker.java:98)
	at org.junit.jupiter.engine.descriptor.TestMethodTestDescriptor.lambda$invokeTestMethod$6(TestMethodTestDescriptor.java:210)
	at org.junit.platform.engine.support.hierarchical.ThrowableCollector.e**cute(ThrowableCollector.java:73)
	at org.junit.jupiter.engine.descriptor.TestMethodTestDescriptor.invokeTestMethod(TestMethodTestDescriptor.java:206)
	at org.junit.jupiter.engine.descriptor.TestMethodTestDescriptor.e**cute(TestMethodTestDescriptor.java:131)
	at org.junit.jupiter.engine.descriptor.TestMethodTestDescriptor.e**cute(TestMethodTestDescriptor.java:65)
	at org.junit.platform.engine.support.hierarchical.NodeTestTask.lambda$e**cuteRecursively$5(NodeTestTask.java:139)
	at org.junit.platform.engine.support.hierarchical.ThrowableCollector.e**cute(ThrowableCollector.java:73)
	at org.junit.platform.engine.support.hierarchical.NodeTestTask.lambda$e**cuteRecursively$7(NodeTestTask.java:129)
	at org.junit.platform.engine.support.hierarchical.Node.around(Node.java:137)
	at org.junit.platform.engine.support.hierarchical.NodeTestTask.lambda$e**cuteRecursively$8(NodeTestTask.java:127)
	at org.junit.platform.engine.support.hierarchical.ThrowableCollector.e**cute(ThrowableCollector.java:73)
	at org.junit.platform.engine.support.hierarchical.NodeTestTask.e**cuteRecursively(NodeTestTask.java:126)
	at org.junit.platform.engine.support.hierarchical.NodeTestTask.e**cute(NodeTestTask.java:84)
	at java.base/java.util.ArrayList.forEach(ArrayList.java:1540)
	at org.junit.platform.engine.support.hierarchical.SameThreadHierarchicalTestE**cutorService.invokeAll(SameThreadHierarchicalTestE**cutorService.java:38)
	at org.junit.platform.engine.support.hierarchical.NodeTestTask.lambda$e**cuteRecursively$5(NodeTestTask.java:143)
	at org.junit.platform.engine.support.hierarchical.ThrowableCollector.e**cute(ThrowableCollector.java:73)
	at org.junit.platform.engine.support.hierarchical.NodeTestTask.lambda$e**cuteRecursively$7(NodeTestTask.java:129)
	at org.junit.platform.engine.support.hierarchical.Node.around(Node.java:137)
	at org.junit.platform.engine.support.hierarchical.NodeTestTask.lambda$e**cuteRecursively$8(NodeTestTask.java:127)
	at org.junit.platform.engine.support.hierarchical.ThrowableCollector.e**cute(ThrowableCollector.java:73)
	at org.junit.platform.engine.support.hierarchical.NodeTestTask.e**cuteRecursively(NodeTestTask.java:126)
	at org.junit.platform.engine.support.hierarchical.NodeTestTask.e**cute(NodeTestTask.java:84)
	at java.base/java.util.ArrayList.forEach(ArrayList.java:1540)
	at org.junit.platform.engine.support.hierarchical.SameThreadHierarchicalTestE**cutorService.invokeAll(SameThreadHierarchicalTestE**cutorService.java:38)
	at org.junit.platform.engine.support.hierarchical.NodeTestTask.lambda$e**cuteRecursively$5(NodeTestTask.java:143)
	at org.junit.platform.engine.support.hierarchical.ThrowableCollector.e**cute(ThrowableCollector.java:73)
	at org.junit.platform.engine.support.hierarchical.NodeTestTask.lambda$e**cuteRecursively$7(NodeTestTask.java:129)
	at org.junit.platform.engine.support.hierarchical.Node.around(Node.java:137)
	at org.junit.platform.engine.support.hierarchical.NodeTestTask.lambda$e**cuteRecursively$8(NodeTestTask.java:127)
	at org.junit.platform.engine.support.hierarchical.ThrowableCollector.e**cute(ThrowableCollector.java:73)
	at org.junit.platform.engine.support.hierarchical.NodeTestTask.e**cuteRecursively(NodeTestTask.java:126)
	at org.junit.platform.engine.support.hierarchical.NodeTestTask.e**cute(NodeTestTask.java:84)
	at org.junit.platform.engine.support.hierarchical.SameThreadHierarchicalTestE**cutorService.submit(SameThreadHierarchicalTestE**cutorService.java:32)
	at org.junit.platform.engine.support.hierarchical.HierarchicalTestE**cutor.e**cute(HierarchicalTestE**cutor.java:57)
	at org.junit.platform.engine.support.hierarchical.HierarchicalTestEngine.e**cute(HierarchicalTestEngine.java:51)
	at org.junit.platform.launcher.core.EngineE**cutionOrchestrator.e**cute(EngineE**cutionOrchestrator.java:108)
	at org.junit.platform.launcher.core.EngineE**cutionOrchestrator.e**cute(EngineE**cutionOrchestrator.java:88)
	at org.junit.platform.launcher.core.EngineE**cutionOrchestrator.lambda$e**cute$0(EngineE**cutionOrchestrator.java:54)
	at org.junit.platform.launcher.core.EngineE**cutionOrchestrator.withInterceptedStreams(EngineE**cutionOrchestrator.java:67)
	at org.junit.platform.launcher.core.EngineE**cutionOrchestrator.e**cute(EngineE**cutionOrchestrator.java:52)
	at org.junit.platform.launcher.core.DefaultLauncher.e**cute(DefaultLauncher.java:96)
	at org.junit.platform.launcher.core.DefaultLauncher.e**cute(DefaultLauncher.java:75)
	at org.apache.maven.surefire.junitplatform.JUnitPlatformProvider.invokeAllTests(JUnitPlatformProvider.java:142)
	at org.apache.maven.surefire.junitplatform.JUnitPlatformProvider.invoke(JUnitPlatformProvider.java:117)
	at org.apache.maven.surefire.booter.ForkedBooter.invokeProviderInSameClassLoader(ForkedBooter.java:384)
	at org.apache.maven.surefire.booter.ForkedBooter.runSuitesInProcess(ForkedBooter.java:345)
	at org.apache.maven.surefire.booter.ForkedBooter.e**cute(ForkedBooter.java:126)
	at org.apache.maven.surefire.booter.ForkedBooter.main(ForkedBooter.java:418)

Feb 19, 2021 5:17:33 AM org.entando.kubernetes.client.KubernetesRestInterceptor invoke
INFO: Entering method deploymentFailed in class org.entando.kubernetes.controller.support.client.EntandoResourceClient with EntandoCompositeApp: entando-k8s-composite-app-controller-carcpr16/my-app-carcpr16
Feb 19, 2021 5:17:33 AM okhttp3.mockwebserver.MockWebServer$3 processOneRequest
INFO: MockWebServer[50508] received request: POST /api/v1/namespaces/entando-k8s-composite-app-controller-carcpr16/events HTTP/1.1 and responded: HTTP/1.1 202 OK
Feb 19, 2021 5:17:33 AM okhttp3.mockwebserver.MockWebServer$3 processOneRequest
INFO: MockWebServer[50508] received request: GET /apis/entando.org/v1/namespaces/entando-k8s-composite-app-controller-carcpr16/entandocompositeapps/my-app-carcpr16 HTTP/1.1 and responded: HTTP/1.1 200 OK
Feb 19, 2021 5:17:33 AM okhttp3.mockwebserver.MockWebServer$3 processOneRequest
INFO: MockWebServer[50508] received request: PUT /apis/entando.org/v1/namespaces/entando-k8s-composite-app-controller-carcpr16/entandocompositeapps/my-app-carcpr16/status HTTP/1.1 and responded: HTTP/1.1 202 OK
Feb 19, 2021 5:17:33 AM org.entando.kubernetes.client.KubernetesRestInterceptor invoke
INFO: Exiting method deploymentFailed in class org.entando.kubernetes.controller.support.client.EntandoResourceClient
Feb 19, 2021 5:17:34 AM okhttp3.mockwebserver.MockWebServer$3 processOneRequest
INFO: MockWebServer[50508] received request: GET /api/v1/namespaces/entando-k8s-composite-app-controller-carcpr16/pods?labelSelector=EntandoResourceKind%3DEntandoKeycloakServer%2CEntandoKeycloakServer%3Dtest-keycloak-carcpr16 HTTP/1.1 and responded: HTTP/1.1 200 OK
Feb 19, 2021 5:17:34 AM org.entando.kubernetes.client.KubernetesRestInterceptor invoke
INFO: Entering method getPodWatcherQueue in class org.entando.kubernetes.controller.support.client.PodWaitingClient
Feb 19, 2021 5:17:34 AM org.entando.kubernetes.client.KubernetesRestInterceptor invoke
INFO: Exiting method getPodWatcherQueue in class org.entando.kubernetes.controller.support.client.PodWaitingClient
Feb 19, 2021 5:17:34 AM okhttp3.mockwebserver.MockWebServer$2 acceptConnections
INFO: MockWebServer[50508] done accepting connections: Socket closed
[INFO] Tests run: 4, Failures: 0, Errors: 0, Skipped: 0, Time elapsed: 46.629 s - in org.entando.kubernetes.compositeapp.controller.inprocesstests.CompositeAppControllerMockedTest
[INFO] 
[INFO] Results:
[INFO] 
[INFO] Tests run: 4, Failures: 0, Errors: 0, Skipped: 0
[INFO] 
[INFO] 
[INFO] --- maven-jar-plugin:3.2.0:jar (default-jar) @ entando-k8s-composite-app-controller ---
[INFO] Building jar: /workspace/source/target/entando-k8s-composite-app-controller-0.0.0-SNAPSHOT-PR-16-4.jar
[INFO] 
[INFO] --- maven-jar-plugin:3.2.0:test-jar (build-test-jar) @ entando-k8s-composite-app-controller ---
[INFO] Building jar: /workspace/source/target/entando-k8s-composite-app-controller-0.0.0-SNAPSHOT-PR-16-4-tests.jar
[INFO] 
[INFO] --- maven-javadoc-plugin:3.2.0:jar (attach-javadocs) @ entando-k8s-composite-app-controller ---
[INFO] No previous run data found, generating javadoc.
[INFO] Building jar: /workspace/source/target/entando-k8s-composite-app-controller-0.0.0-SNAPSHOT-PR-16-4-javadoc.jar
[INFO] 
[INFO] --- license-maven-plugin:2.0.0:aggregate-download-licenses (download-licenses) @ entando-k8s-composite-app-controller ---
[INFO] skip flag is on, will skip goal.
[INFO] 
[INFO] --- quarkus-maven-plugin:1.2.0.Final:build (default) @ entando-k8s-composite-app-controller ---
[WARNING] [io.quarkus.creator.curator.Curator] These dependencies are not recommended:
	- javax.servlet:javax.servlet-api should be replaced by jakarta.servlet:jakarta.servlet-api
You might end up with two different versions of the same classes or with an artifact you shouldn't have in your classpath.
[INFO] [org.jboss.threads] JBoss Threads version 3.0.0.Final
[WARNING] [io.quarkus.deployment.steps.ReflectiveHierarchyStep] Unable to properly register the hierarchy of the following classes for reflection as they are not in the Jandex index:
	- org.entando.kubernetes.model.EntandoCustomResourceStatus
Consider adding them to the index either by creating a Jandex index for your dependency via the Maven plugin, an empty META-INF/beans.xml or quarkus.index-dependency properties.");.
[INFO] [io.quarkus.deployment.pkg.steps.JarResultBuildStep] Building thin jar: /workspace/source/target/entando-k8s-composite-app-controller-0.0.0-SNAPSHOT-PR-16-4-runner.jar
[INFO] [io.quarkus.deployment.QuarkusAugmentor] Quarkus augmentation completed in 1909ms
[INFO] 
[INFO] --- maven-surefire-report-plugin:3.0.0-M4:failsafe-report-only (integration-tests) @ entando-k8s-composite-app-controller ---
[INFO] 
[INFO] --- dependency-check-maven:6.0.3:aggregate (default) @ entando-k8s-composite-app-controller ---
[INFO] Checking for updates
[INFO] Download Started for NVD CVE - Modified
[INFO] Download Complete for NVD CVE - Modified  (718 ms)
[INFO] Processing Started for NVD CVE - Modified
WARNING: An illegal reflective access operation has occurred
WARNING: Illegal reflective access by com.fasterxml.jackson.module.afterburner.util.MyClassLoader (file:/home/jenkins/.mvnrepository/com/fasterxml/jackson/module/jackson-module-afterburner/2.11.3/jackson-module-afterburner-2.11.3.jar) to method java.lang.ClassLoader.findLoadedClass(java.lang.String)
WARNING: Please consider reporting this to the maintainers of com.fasterxml.jackson.module.afterburner.util.MyClassLoader
WARNING: Use --illegal-access=warn to enable warnings of further illegal reflective access operations
WARNING: All illegal access operations will be denied in a future release
[INFO] Processing Complete for NVD CVE - Modified  (6092 ms)
[INFO] Begin database maintenance
[INFO] End database maintenance (797 ms)
[INFO] Check for updates complete (8327 ms)
[INFO] 

Dependency-Check is an open source tool performing a best effort analysis of 3rd party dependencies; false positives and false negatives may exist in the analysis performed by the tool. Use of the tool and the reporting provided constitutes acceptance for use in an AS IS condition, and there are NO warranties, implied or otherwise, with regard to the analysis or its use. Any use of the tool and the reporting provided is at the userâ€™s risk. In no event shall the copyright holder or OWASP be held liable for any damages whatsoever arising out of or in connection with the use of this tool, the analysis performed, or the resulting report.


[INFO] Analysis Started
[INFO] Finished Archive Analyzer (0 seconds)
[INFO] Finished File Name Analyzer (0 seconds)
[INFO] Finished Jar Analyzer (1 seconds)
[INFO] Finished Dependency Merging Analyzer (0 seconds)
[INFO] Finished Version Filter Analyzer (0 seconds)
[INFO] Finished Hint Analyzer (0 seconds)
[INFO] Created CPE Index (3 seconds)
[INFO] Finished CPE Analyzer (5 seconds)
[INFO] Finished False Positive Analyzer (0 seconds)
[INFO] Finished NVD CVE Analyzer (0 seconds)
[INFO] Finished Sonatype OSS Index Analyzer (1 seconds)
[INFO] Finished Vulnerability Suppression Analyzer (0 seconds)
[INFO] Finished Dependency Bundling Analyzer (0 seconds)
[INFO] Analysis Complete (9 seconds)
[INFO] 
[INFO] --- jacoco-maven-plugin:0.8.5:report (report) @ entando-k8s-composite-app-controller ---
[INFO] Loading e**cution data file /workspace/source/target/jacoco.e**c
[INFO] Analyzed bundle 'Entando K8S Composite App Controller' with 1 classes
[INFO] 
[INFO] --- maven-surefire-report-plugin:3.0.0-M4:report-only (unit-tests) @ entando-k8s-composite-app-controller ---
[WARNING] Unable to locate Test Source XRef to link to - DISABLED
[INFO] 
[INFO] --- maven-install-plugin:2.4:install (default-install) @ entando-k8s-composite-app-controller ---
[INFO] Installing /workspace/source/target/entando-k8s-composite-app-controller-0.0.0-SNAPSHOT-PR-16-4.jar to /home/jenkins/.mvnrepository/org/entando/entando-k8s-composite-app-controller/0.0.0-SNAPSHOT-PR-16-4/entando-k8s-composite-app-controller-0.0.0-SNAPSHOT-PR-16-4.jar
[INFO] Installing /workspace/source/pom.xml to /home/jenkins/.mvnrepository/org/entando/entando-k8s-composite-app-controller/0.0.0-SNAPSHOT-PR-16-4/entando-k8s-composite-app-controller-0.0.0-SNAPSHOT-PR-16-4.pom
[INFO] Installing /workspace/source/target/entando-k8s-composite-app-controller-0.0.0-SNAPSHOT-PR-16-4-tests.jar to /home/jenkins/.mvnrepository/org/entando/entando-k8s-composite-app-controller/0.0.0-SNAPSHOT-PR-16-4/entando-k8s-composite-app-controller-0.0.0-SNAPSHOT-PR-16-4-tests.jar
[INFO] Installing /workspace/source/target/entando-k8s-composite-app-controller-0.0.0-SNAPSHOT-PR-16-4-javadoc.jar to /home/jenkins/.mvnrepository/org/entando/entando-k8s-composite-app-controller/0.0.0-SNAPSHOT-PR-16-4/entando-k8s-composite-app-controller-0.0.0-SNAPSHOT-PR-16-4-javadoc.jar
[INFO] 
[INFO] --- maven-deploy-plugin:2.8.2:deploy (default-deploy) @ entando-k8s-composite-app-controller ---
[INFO] Using alternate deployment repository local-nexus::default::http://nexus/repository/maven-releases/
[INFO] 
[INFO] ----------< org.entando:entando-k8s-composite-app-controller >----------
[INFO] Building Entando K8S Composite App Controller 0.0.0-SNAPSHOT-PR-16-4
[INFO] --------------------------------[ jar ]---------------------------------
[INFO] 
[INFO] --- sonar-maven-plugin:3.8.0.2131:sonar (default-cli) @ entando-k8s-composite-app-controller ---
[INFO] User cache: /****/.sonar/cache
[INFO] SonarQube version: 8.5.0
[INFO] Default locale: "en_US", source code encoding: "UTF-8"
[INFO] Load global settings
[INFO] Load global settings (done) | time=223ms
[INFO] Server id: 1BD809FA-AWHW8ct9-T_TB3XqouNu
[INFO] User cache: /****/.sonar/cache
[INFO] Load/download plugins
[INFO] Load plugins index
[INFO] Load plugins index (done) | time=77ms
[INFO] Load/download plugins (done) | time=22934ms
[INFO] Loaded core extensions: developer-scanner
[INFO] JavaScript/TypeScript frontend is enabled
[INFO] Load project settings for component key: 'entando-k8s_entando-k8s-composite-app-controller'
[INFO] Load project settings for component key: 'entando-k8s_entando-k8s-composite-app-controller' (done) | time=27ms
[INFO] Process project properties
[INFO] E**cute project builders
[INFO] E**cute project builders (done) | time=2ms
[INFO] Project key: entando-k8s_entando-k8s-composite-app-controller
[INFO] Base dir: /workspace/source
[INFO] Working dir: /workspace/source/target/sonar
[INFO] Load project branches
[INFO] Load project branches (done) | time=29ms
[INFO] Check ALM binding of project 'entando-k8s_entando-k8s-composite-app-controller'
[INFO] Detected project binding: BOUND
[INFO] Check ALM binding of project 'entando-k8s_entando-k8s-composite-app-controller' (done) | time=24ms
[INFO] Load project pull requests
[INFO] Load project pull requests (done) | time=30ms
[INFO] Load branch configuration
[INFO] Load branch configuration (done) | time=502ms
[INFO] Load quality profiles
[INFO] Load quality profiles (done) | time=63ms
[INFO] Load active rules
[INFO] Load active rules (done) | time=1298ms
[INFO] Organization key: entando-k8s
[INFO] Pull request 16 for merge into master from ENG-1829_cleaning_up
[INFO] SCM collecting changed files in the branch
[WARNING] Exception caught during e**cution of command '[/usr/local/git/bin/git, config, --******, --edit]' in '/usr/local/git/bin', return code '128', error message 'fatal: Invalid path '/usr/local/git/etc': No such file or directory
'
[INFO] SCM collecting changed files in the branch (done) | time=352ms
[INFO] Indexing files...
[INFO] Project configuration:
[INFO] 7 files inde**d
[INFO] 0 files ignored because of scm ignore settings
[INFO] Quality profile for java: Sonar way
[INFO] Quality profile for xml: Sonar way
[INFO] ------------- Run sensors on module Entando K8S Composite App Controller
[INFO] JavaScript/TypeScript frontend is enabled
[INFO] Load metrics repository
[INFO] Load metrics repository (done) | time=31ms
[INFO] Sensor JavaSquidSensor [java]
[INFO] Configured Java source version (sonar.java.source): 9
[INFO] JavaClasspath initialization
[INFO] JavaClasspath initialization (done) | time=22ms
[INFO] JavaTestClasspath initialization
[INFO] JavaTestClasspath initialization (done) | time=1ms
[INFO] Java Main Files AST scan
[INFO] 1 source files to be analyzed
[INFO] 1/1 source files have been analyzed
[INFO] Java Main Files AST scan (done) | time=3956ms
[INFO] Java Test Files AST scan
[INFO] 5 source files to be analyzed
[INFO] 5/5 source files have been analyzed
[INFO] Java Test Files AST scan (done) | time=1262ms
[INFO] Java Generated Files AST scan
[INFO] 0 source files to be analyzed
[INFO] Java Generated Files AST scan (done) | time=1ms
[INFO] Sensor JavaSquidSensor [java] (done) | time=5689ms
[INFO] Sensor SonarCSS Rules [cssfamily]
[INFO] No CSS, PHP, HTML or VueJS files are found in the project. CSS analysis is skipped.
[INFO] Sensor SonarCSS Rules [cssfamily] (done) | time=1ms
[INFO] Sensor C# Properties [csharp]
[INFO] 0/0 source files have been analyzed
[INFO] Sensor C# Properties [csharp] (done) | time=1ms
[INFO] Sensor Import of Checkstyle issues [java]
[INFO] Importing /workspace/source/target/checkstyle-result.xml
[INFO] Sensor Import of Checkstyle issues [java] (done) | time=90ms
[INFO] Sensor SurefireSensor [java]
[INFO] parsing [/workspace/source/target/surefire-reports]
[INFO] Sensor SurefireSensor [java] (done) | time=42ms
[INFO] Sensor JavaXmlSensor [java]
[INFO] 1 source files to be analyzed
[INFO] Sensor JavaXmlSensor [java] (done) | time=301ms
[INFO] 1/1 source files have been analyzed
[INFO] Sensor HTML [web]
[INFO] Sensor HTML [web] (done) | time=7ms
[INFO] Sensor XML Sensor [xml]
[INFO] 1 source file to be analyzed
[INFO] 1/1 source file has been analyzed
[INFO] Sensor XML Sensor [xml] (done) | time=237ms
[INFO] Sensor VB.NET Properties [vbnet]
[INFO] Sensor VB.NET Properties [vbnet] (done) | time=1ms
[INFO] Sensor JaCoCo XML Report Importer [jacoco]
[INFO] Importing 1 report(s). Turn your logs in debug mode in order to see the exhaustive list.
[INFO] Sensor JaCoCo XML Report Importer [jacoco] (done) | time=26ms
[INFO] Sensor ThymeLeaf template sensor [securityjavafrontend]
[INFO] Sensor ThymeLeaf template sensor [securityjavafrontend] (done) | time=2ms
[INFO] Sensor JavaSecuritySensor [security]
[INFO] Reading type hierarchy from: /workspace/source/target/sonar/ucfg2/java
[INFO] Read 66 type definitions
[INFO] Reading UCFGs from: /workspace/source/target/sonar/ucfg2/java
[INFO] 05:18:52.925007 Building Runtime Type propagation graph
[INFO] 05:18:52.933817 Running Tarjan on 67 nodes
[INFO] 05:18:52.935801 Tarjan found 64 components
[INFO] 05:18:52.938238 Variable type analysis: done
[INFO] 05:18:52.938892 Building Runtime Type propagation graph
[INFO] 05:18:52.94162 Running Tarjan on 67 nodes
[INFO] 05:18:52.942109 Tarjan found 64 components
[INFO] 05:18:52.942529 Variable type analysis: done
[INFO] Analyzing 10 ucfgs to detect vulnerabilities.
[INFO] All rules entrypoints : 0 Retained UCFGs : 0
[INFO] rule: S5131, entrypoints: 0
[INFO] rule: S5131 done
[INFO] rule: S3649, entrypoints: 0
[INFO] rule: S3649 done
[INFO] rule: S2076, entrypoints: 0
[INFO] rule: S2076 done
[INFO] rule: S2091, entrypoints: 0
[INFO] rule: S2091 done
[INFO] rule: S2078, entrypoints: 0
[INFO] rule: S2078 done
[INFO] rule: S2631, entrypoints: 0
[INFO] rule: S2631 done
[INFO] rule: S5135, entrypoints: 0
[INFO] rule: S5135 done
[INFO] rule: S2083, entrypoints: 0
[INFO] rule: S2083 done
[INFO] rule: S5167, entrypoints: 0
[INFO] rule: S5167 done
[INFO] rule: S5144, entrypoints: 0
[INFO] rule: S5144 done
[INFO] rule: S5145, entrypoints: 0
[INFO] rule: S5145 done
[INFO] rule: S5146, entrypoints: 0
[INFO] rule: S5146 done
[INFO] rule: S5334, entrypoints: 0
[INFO] rule: S5334 done
[INFO] rule: S6096, entrypoints: 0
[INFO] rule: S6096 done
[INFO] Sensor JavaSecuritySensor [security] (done) | time=461ms
[INFO] Sensor CSharpSecuritySensor [security]
[INFO] Reading type hierarchy from: /workspace/source/target/ucfg_cs2
[INFO] Read 0 type definitions
[INFO] Reading UCFGs from: /workspace/source/target/ucfg_cs2
[INFO] No UCFGs have been included for analysis.
[INFO] Sensor CSharpSecuritySensor [security] (done) | time=1ms
[INFO] Sensor PhpSecuritySensor [security]
[INFO] Reading type hierarchy from: /workspace/source/target/sonar/ucfg2/php
[INFO] Read 0 type definitions
[INFO] Reading UCFGs from: /workspace/source/target/sonar/ucfg2/php
[INFO] No UCFGs have been included for analysis.
[INFO] Sensor PhpSecuritySensor [security] (done) | time=1ms
[INFO] Sensor PythonSecuritySensor [security]
[INFO] Reading type hierarchy from: /workspace/source/target/sonar/ucfg2/python
[INFO] Read 0 type definitions
[INFO] Reading UCFGs from: /workspace/source/target/sonar/ucfg2/python
[INFO] No UCFGs have been included for analysis.
[INFO] Sensor PythonSecuritySensor [security] (done) | time=0ms
[INFO] Sensor JsSecuritySensor [security]
[INFO] Reading type hierarchy from: /workspace/source/target/sonar/ucfg2/js
[INFO] Read 0 type definitions
[INFO] Reading UCFGs from: /workspace/source/target/sonar/ucfg2/js
[INFO] No UCFGs have been included for analysis.
[INFO] Sensor JsSecuritySensor [security] (done) | time=1ms
[INFO] ------------- Run sensors on project
[INFO] Sensor Zero Coverage Sensor
[INFO] Sensor Zero Coverage Sensor (done) | time=1ms
[INFO] Sensor Java CPD Block Inde**r
[INFO] Sensor Java CPD Block Inde**r (done) | time=51ms
[INFO] SCM Publisher SCM provider for this project is: git
[INFO] SCM Publisher 7 source files to be analyzed
[INFO] SCM Publisher 6/7 source files have been analyzed (done) | time=256ms
[WARNING] Missing blame information for the following files:
[WARNING]   * pom.xml
[WARNING] This may lead to missing/broken features in SonarCloud
[INFO] CPD E**cutor Calculating CPD for 1 file
[INFO] CPD E**cutor CPD calculation finished (done) | time=22ms
[INFO] SCM writing changed lines
[INFO] SCM writing changed lines (done) | time=150ms
[INFO] Analysis report generated in 354ms, dir size=257 KB
[INFO] Analysis report compressed in 25ms, zip size=68 KB
[INFO] Analysis report uploaded in 109ms
[INFO] ANALYSIS SUCCESSFUL, you can find the results at: https://sonarcloud.io/dashboard?id=entando-k8s_entando-k8s-composite-app-controller&pullRequest=16
[INFO] Note that you will be able to access the updated dashboard once the server has processed the submitted analysis report
[INFO] More about the report processing at https://sonarcloud.io/api/ce/task?id=AXe4ugJCqYIXIXWYBZMi
[INFO] Analysis total time: 13.740 s
[INFO] ------------------------------------------------------------------------
[INFO] BUILD SUCCESS
[INFO] ------------------------------------------------------------------------
[INFO] Total time:  02:29 min
[INFO] Finished at: 2021-02-19T05:18:54Z
[INFO] ------------------------------------------------------------------------
Picked up _JAVA_OPTIONS: -XX:+UnlockExperimentalVMOptions -Dsun.zip.disableMemoryMapping=**** -XX:+UseParallelGC -XX:MinHeapFreeRatio=5 -XX:MaxHeapFreeRatio=10 -XX:GCTimeRatio=4 -XX:AdaptiveSizePolicyWeight=90 -Xms1000m -Xmx12000m
[INFO] Scanning for projects...
[INFO] 
[INFO] ----------< org.entando:entando-k8s-composite-app-controller >----------
[INFO] Building Entando K8S Composite App Controller 0.0.0-SNAPSHOT-PR-16-4
[INFO] --------------------------------[ jar ]---------------------------------
[INFO] 
[INFO] --- maven-site-plugin:3.9.0:site (default-site) @ entando-k8s-composite-app-controller ---
[INFO] configuring report plugin org.apache.maven.plugins:maven-project-info-reports-plugin:3.0.0
[INFO] 9 reports configured for maven-project-info-reports-plugin:3.0.0: dependency-info, distribution-management, index, ci-management, issue-management, licenses, plugins, scm, summary
[INFO] Rendering site with default locale English (en)
[WARNING] Unable to find a URL to the parent project. The parent menu will NOT be added.
[INFO] Relativizing decoration links with respect to localized project URL: https://central.entando.com
[INFO] Rendering content with org.apache.maven.skins:maven-default-skin:jar:1.3 skin.
[INFO] Generating "Dependency Information" report --- maven-project-info-reports-plugin:3.0.0:dependency-info
[INFO] Generating "About" report         --- maven-project-info-reports-plugin:3.0.0:index
[INFO] Generating "Issue Management" report --- maven-project-info-reports-plugin:3.0.0:issue-management
[INFO] Generating "Licenses" report      --- maven-project-info-reports-plugin:3.0.0:licenses
[INFO] Generating "Plugins" report       --- maven-project-info-reports-plugin:3.0.0:plugins
[INFO] Generating "Source Code Management" report --- maven-project-info-reports-plugin:3.0.0:scm
[INFO] Generating "Summary" report       --- maven-project-info-reports-plugin:3.0.0:summary
[INFO] ------------------------------------------------------------------------
[INFO] BUILD SUCCESS
[INFO] ------------------------------------------------------------------------
[INFO] Total time:  11.874 s
[INFO] Finished at: 2021-02-19T05:19:08Z
[INFO] ------------------------------------------------------------------------
error: etcdserver: request is too large
Congratulations! No build failures found for entando-k8s-composite-app-controller-PR-16.

Showing logs for build [32mentando-k8s-entando-k8s-composi-9b7mz-4[0m stage [32mfrom-build-pack[0m and container [32mstep-build-container-build[0m
Generating tags...
 - entando/entando-k8s-composite-app-controller -> docker.io/entando/entando-k8s-composite-app-controller:0.0.0-SNAPSHOT-PR-16-4
Checking cache...
 - entando/entando-k8s-composite-app-controller: Not found. Building
Building [entando/entando-k8s-composite-app-controller]...
Sending build context to Docker daemon  142.3kB
Step 1/7 : FROM entando/entando-k8s-operator-common:6.3.4
 ---> 75b9508085aa
Step 2/7 : ARG VERSION
 ---> Using cache
 ---> 8ce2db6de9c5
Step 3/7 : LABEL name "Entando K8S Composite App Controller" vendor "Entando" version "v${VERSION}" release "6" summary "This container processes EntandoCompositeApp custom resources." description "This is a run-to-completion container. It will deploy all the components defined in the                    EntandoCompositeApp  to your cluster.                   Subsequent e**cutions of this container against the same EntandoCompositeApp will patch the existing                   deployment resources"
 ---> Running in 1749011574aa
 ---> 7ccf93bcb346
Step 4/7 : ENV JAVA_OPTIONS "-Djava.util.logging.manager=org.jboss.logmanager.LogManager"
 ---> Running in 8e3fceb222d7
 ---> 05db072ff901
Step 5/7 : ENV AB_ENABLED jmx_exporter
 ---> Running in da45370ff35d
 ---> edbfb5781829
Step 6/7 : COPY target/*-runner.jar /deployments/app.jar
 ---> cbfcb1c24aaf
Step 7/7 : ENTRYPOINT /deployments/run-java.sh
 ---> Running in 38e1520072ae
 ---> 360907c1ac4b
Successfully built 360907c1ac4b
The push refers to a repository [docker.io/entando/entando-k8s-composite-app-controller]
1a7f19cc8505: Preparing
bb1727d91413: Preparing
1e0c4bb69937: Preparing
1c787447acd5: Preparing
088e643aafac: Preparing
00af10937683: Preparing
3aa55ff7bca1: Preparing
3aa55ff7bca1: Waiting
00af10937683: Waiting
bb1727d91413: Layer already exists
088e643aafac: Layer already exists
1e0c4bb69937: Layer already exists
1c787447acd5: Layer already exists
3aa55ff7bca1: Layer already exists
00af10937683: Layer already exists
1a7f19cc8505: Pushed
0.0.0-SNAPSHOT-PR-16-4: digest: sha256:5a635669bff1b8a9040a755b6c7f5a19302b59d3ac07f113089289b53c7c3b07 size: 1791
There is a new version (1.20.0) of Skaffold available. Download it at https://storage.googleapis.com/skaffold/releases/latest/skaffold-linux-amd64


Showing logs for build [32mentando-k8s-entando-k8s-composi-9b7mz-4[0m stage [32mfrom-build-pack[0m and container [32mstep-postbuild-post-build[0m
no CVE provider running in the current ** namespace so skip adding image to be analysed

Showing logs for build [32mentando-k8s-entando-k8s-composi-9b7mz-4[0m stage [32mfrom-build-pack[0m and container [32mstep-promote-make-preview[0m
Creating /builder/home/.helm 
Creating /builder/home/.helm/repository 
Creating /builder/home/.helm/repository/cache 
Creating /builder/home/.helm/repository/local 
Creating /builder/home/.helm/plugins 
Creating /builder/home/.helm/starters 
Creating /builder/home/.helm/cache/archive 
Creating /builder/home/.helm/repository/repositories.yaml 
Adding stable repo with URL: https://charts.helm.sh/stable 
Adding local repo with URL: http://127.0.0.1:8879/charts 
$HELM_HOME has been configured at /builder/home/.helm.
Not installing Tiller due to 'client-only' flag having been set
sed -i -e "s/version:.*/version: 0.0.0-SNAPSHOT-PR-16-4/" Chart.yaml
sed -i -e "s/version:.*/version: 0.0.0-SNAPSHOT-PR-16-4/" ../*/Chart.yaml
sed -i -e "s|repository:.*|repository: docker.io\/entando\/entando-k8s-composite-app-controller|" values.yaml
sed -i -e "s/tag:.*/tag: 0.0.0-SNAPSHOT-PR-16-4/" values.yaml
sed -i -e "s/ENTANDO_DOCKER_REGISTRY_OVERRIDE:.*/ENTANDO_DOCKER_REGISTRY_OVERRIDE: docker.io/" values.yaml
echo "  version: 0.0.0-SNAPSHOT-PR-16-4" >> requirements.yaml
** step helm build
WARNING: No $CHART_REPOSITORY defined so using the default value of: http://jenkins-x-chartmuseum:8080
Adding missing Helm repo: storage.googleapis.com https://storage.googleapis.com/chartmuseum.jenkins-x.io
Successfully added Helm repository storage.googleapis.com.
Adding missing Helm repo: jenkins-x-chartmuseum http://jenkins-x-chartmuseum:8080
Successfully added Helm repository jenkins-x-chartmuseum.
WARNING: No $CHART_REPOSITORY defined so using the default value of: http://jenkins-x-chartmuseum:8080

Showing logs for build [32mentando-k8s-entando-k8s-composi-9b7mz-4[0m stage [32mfrom-build-pack[0m and container [32mstep-promote-jx-preview[0m
Creating a preview
Found commit author match for: ampie with email address: ampie.private@gmail.com
expose:
  Annotations:
    helm.sh/hook: post-install,post-upgrade
    helm.sh/hook-delete-policy: hook-succeeded
  config:
    domain: *************
    exposer: Ingress
    http: "****"
preview:
  image:
    repository: docker.io/entando/entando-k8s-composite-app-controller
    tag: 0.0.0-SNAPSHOT-PR-16-4

WARNING: Could not find the service URL in namespace entando-k8s-composite-app-controller-carcpr16 for names : Timed out after 1m0s, last error: %!s(<nil>)
Updating PipelineActivities entando-k8s-entando-k8s-composite-app-controller-pr-16-4 which has status Running
WARNING: Failed to find the service entando-k8s-composite-app-controller : failed to find service entando-k8s-composite-app-controller in namespace entando-k8s-composite-app-controller-carcpr16: services "entando-k8s-composite-app-controller" not found

Showing logs for build [32mentando-k8s-entando-k8s-composi-9b7mz-4[0m stage [32mfrom-build-pack[0m and container [32mstep-promote-run-post-deployment-tests[0m
Picked up _JAVA_OPTIONS: -XX:+UnlockExperimentalVMOptions -Dsun.zip.disableMemoryMapping=**** -XX:+UseParallelGC -XX:MinHeapFreeRatio=5 -XX:MaxHeapFreeRatio=10 -XX:GCTimeRatio=4 -XX:AdaptiveSizePolicyWeight=90 -Xms1000m -Xmx12000m
[INFO] Scanning for projects...
[INFO] 
[INFO] ----------< org.entando:entando-k8s-composite-app-controller >----------
[INFO] Building Entando K8S Composite App Controller 0.0.0-SNAPSHOT-PR-16-4
[INFO] --------------------------------[ jar ]---------------------------------
[INFO] 
[INFO] --- maven-resources-plugin:2.6:resources (default-resources) @ entando-k8s-composite-app-controller ---
[INFO] Using 'UTF-8' encoding to copy filtered resources.
[INFO] Copying 3 resources
[INFO] 
[INFO] --- maven-compiler-plugin:3.8.1:compile (default-compile) @ entando-k8s-composite-app-controller ---
[INFO] Nothing to compile - all classes are up to date
[INFO] 
[INFO] --- maven-resources-plugin:2.6:testResources (default-testResources) @ entando-k8s-composite-app-controller ---
[INFO] Using 'UTF-8' encoding to copy filtered resources.
[INFO] Copying 6 resources
[INFO] 
[INFO] --- maven-compiler-plugin:3.8.1:testCompile (default-testCompile) @ entando-k8s-composite-app-controller ---
[INFO] Nothing to compile - all classes are up to date
[INFO] 
[INFO] --- maven-surefire-plugin:3.0.0-M1:test (default-test) @ entando-k8s-composite-app-controller ---
[INFO] Tests are skipped.
[INFO] 
[INFO] --- maven-jar-plugin:3.2.0:jar (default-jar) @ entando-k8s-composite-app-controller ---
[INFO] 
[INFO] --- maven-jar-plugin:3.2.0:test-jar (build-test-jar) @ entando-k8s-composite-app-controller ---
[INFO] 
[INFO] --- maven-failsafe-plugin:3.0.0-M4:integration-test (run-tests) @ entando-k8s-composite-app-controller ---
[INFO] 
[INFO] -------------------------------------------------------
[INFO]  T E S T S
[INFO] -------------------------------------------------------
[INFO] Running org.entando.kubernetes.compositeapp.controller.interprocesstests.CompositeAppControllerIntegratedTest
Feb 19, 2021 5:21:28 AM org.entando.kubernetes.client.integrationtesthelpers.DeletionWaiter lambda$deleteSingleItem$2
WARNING: Deleting pods  entando-k8s-composite-app-controller-carcpr16/my-app-carcpr16-deployer-5852
Feb 19, 2021 5:21:30 AM org.entando.kubernetes.client.integrationtesthelpers.DeletionWaiter lambda$deleteSingleItem$2
WARNING: Deleting deployments  entando-k8s-composite-app-controller-carcpr16/test-plugin-carcpr16-db-deployment to zero
Feb 19, 2021 5:21:30 AM org.entando.kubernetes.client.integrationtesthelpers.DeletionWaiter lambda$deleteSingleItem$2
WARNING: Deleting deployments  entando-k8s-composite-app-controller-carcpr16/test-plugin-carcpr16-db-deployment
Feb 19, 2021 5:21:31 AM org.entando.kubernetes.client.integrationtesthelpers.DeletionWaiter lambda$deleteSingleItem$2
WARNING: Deleting deployments  entando-k8s-composite-app-controller-carcpr16/test-plugin-carcpr16-server-deployment to zero
Feb 19, 2021 5:21:31 AM org.entando.kubernetes.client.integrationtesthelpers.DeletionWaiter lambda$deleteSingleItem$2
WARNING: Deletion of entando-k8s-composite-app-controller-carcpr16/test-plugin-carcpr16-server-deployment failed.
io.fabric8.kubernetes.client.KubernetesClientException: Failure e**cuting: GET at: https://172.30.0.1/apis/apps/v1/namespaces/entando-k8s-composite-app-controller-carcpr16/deployments/test-plugin-carcpr16-server-deployment. Message: deployments.extensions "test-plugin-carcpr16-server-deployment" not found. Received status: Status(apiVersion=v1, code=404, details=StatusDetails(causes=[], group=extensions, kind=deployments, name=test-plugin-carcpr16-server-deployment, retryAfterSeconds=null, uid=null, additionalProperties={}), kind=Status, message=deployments.extensions "test-plugin-carcpr16-server-deployment" not found, metadata=ListMeta(_continue=null, remainingItemCount=null, resourceVersion=null, selfLink=null, additionalProperties={}), reason=NotFound, status=Failure, additionalProperties={}).
	at io.fabric8.kubernetes.client.dsl.base.OperationSupport.requestFailure(OperationSupport.java:568)
	at io.fabric8.kubernetes.client.dsl.base.OperationSupport.assertResponseCode(OperationSupport.java:507)
	at io.fabric8.kubernetes.client.dsl.base.OperationSupport.handleResponse(OperationSupport.java:471)
	at io.fabric8.kubernetes.client.dsl.base.OperationSupport.handleResponse(OperationSupport.java:430)
	at io.fabric8.kubernetes.client.dsl.base.OperationSupport.handleGet(OperationSupport.java:395)
	at io.fabric8.kubernetes.client.dsl.base.OperationSupport.handleGet(OperationSupport.java:376)
	at io.fabric8.kubernetes.client.dsl.base.BaseOperation.handleGet(BaseOperation.java:837)
	at io.fabric8.kubernetes.client.dsl.base.BaseOperation.getMandatory(BaseOperation.java:214)
	at io.fabric8.kubernetes.client.dsl.internal.DeploymentOperationsImpl.scale(DeploymentOperationsImpl.java:96)
	at io.fabric8.kubernetes.client.dsl.internal.DeploymentOperationsImpl.scale(DeploymentOperationsImpl.java:56)
	at org.entando.kubernetes.client.integrationtesthelpers.DeletionWaiter.lambda$deleteSingleItem$2(DeletionWaiter.java:108)
	at org.awaitility.core.CallableCondition$ConditionEvaluationWrapper.eval(CallableCondition.java:99)
	at org.awaitility.core.ConditionAwaiter$ConditionPoller.call(ConditionAwaiter.java:203)
	at org.awaitility.core.ConditionAwaiter$ConditionPoller.call(ConditionAwaiter.java:190)
	at java.base/java.util.concurrent.FutureTask.run(FutureTask.java:264)
	at java.base/java.util.concurrent.ThreadPoolE**cutor.runWorker(ThreadPoolE**cutor.java:1128)
	at java.base/java.util.concurrent.ThreadPoolE**cutor$Worker.run(ThreadPoolE**cutor.java:628)
	at java.base/java.lang.Thread.run(Thread.java:834)

Feb 19, 2021 5:21:31 AM org.entando.kubernetes.client.integrationtesthelpers.DeletionWaiter lambda$deleteSingleItem$2
WARNING: Deleting pods  entando-k8s-composite-app-controller-carcpr16/test-plugin-carcpr16-db-deployment-59447d7c98-mn46l
Feb 19, 2021 5:21:31 AM org.entando.kubernetes.client.integrationtesthelpers.DeletionWaiter lambda$deleteSingleItem$2
WARNING: Deleting pods  entando-k8s-composite-app-controller-carcpr16/test-plugin-carcpr16-dbprep-a701
Feb 19, 2021 5:21:31 AM org.entando.kubernetes.client.integrationtesthelpers.DeletionWaiter lambda$deleteSingleItem$2
WARNING: Deleting pods  entando-k8s-composite-app-controller-carcpr16/test-plugin-carcpr16-deployer-6272
Feb 19, 2021 5:21:32 AM org.entando.kubernetes.client.integrationtesthelpers.DeletionWaiter lambda$deleteSingleItem$2
WARNING: Deleting pods  entando-k8s-composite-app-controller-carcpr16/test-plugin-carcpr16-server-deployment-57d5b56cb8-8sdcz
Feb 19, 2021 5:21:32 AM org.entando.kubernetes.client.integrationtesthelpers.DeletionWaiter lambda$deleteSingleItem$2
WARNING: Deleting pods  entando-k8s-composite-app-controller-carcpr16/test-keycloak-carcpr16-deployer-4002
Feb 19, 2021 5:21:33 AM org.entando.kubernetes.client.integrationtesthelpers.DeletionWaiter lambda$deleteSingleItem$2
WARNING: Deleting pods  entando-k8s-composite-app-controller-carcpr16/test-keycloak-carcpr16-server-deployment-9855fc4c7-trhgb
Feb 19, 2021 5:21:33 AM org.entando.kubernetes.client.KubernetesRestInterceptor invoke
INFO: Entering method loadDockerImageInfoConfigMap in class org.entando.kubernetes.controller.support.client.EntandoResourceClient
Feb 19, 2021 5:21:33 AM org.entando.kubernetes.client.KubernetesRestInterceptor invoke
INFO: Exiting method loadDockerImageInfoConfigMap in class org.entando.kubernetes.controller.support.client.EntandoResourceClient
Feb 19, 2021 5:21:35 AM org.entando.kubernetes.client.integrationtesthelpers.DeletionWaiter lambda$deleteSingleItem$2
WARNING: Deleting pods  entando-k8s-composite-app-controller-carcpr16/my-app-carcpr16-deployer-2071
Feb 19, 2021 5:21:37 AM org.entando.kubernetes.client.KubernetesRestInterceptor invoke
INFO: Entering method loadDockerImageInfoConfigMap in class org.entando.kubernetes.controller.support.client.EntandoResourceClient
Feb 19, 2021 5:21:37 AM org.entando.kubernetes.client.KubernetesRestInterceptor invoke
INFO: Exiting method loadDockerImageInfoConfigMap in class org.entando.kubernetes.controller.support.client.EntandoResourceClient
!!!!!!!On EntandoCompositeApp add!!!!!!!!!
Feb 19, 2021 5:21:37 AM org.entando.kubernetes.client.KubernetesRestInterceptor invoke
INFO: Entering method removeAndWait in class org.entando.kubernetes.controller.support.client.PodClient with entando-k8s-composite-app-controller-carcpr16,{EntandoResourceNamespace=entando-k8s-composite-app-controller-carcpr16, EntandoResourceKind=EntandoCompositeApp, EntandoCompositeApp=my-app-carcpr16}
Feb 19, 2021 5:21:37 AM org.entando.kubernetes.client.KubernetesRestInterceptor invoke
INFO: Exiting method removeAndWait in class org.entando.kubernetes.controller.support.client.PodClient
Feb 19, 2021 5:21:37 AM org.entando.kubernetes.client.KubernetesRestInterceptor invoke
INFO: Entering method overwriteControllerSecret in class org.entando.kubernetes.controller.support.client.SecretClient with Secret: null/my-app-carcpr16-controller-ca-cert-secret
Feb 19, 2021 5:21:37 AM org.entando.kubernetes.client.KubernetesRestInterceptor invoke
INFO: Exiting method overwriteControllerSecret in class org.entando.kubernetes.controller.support.client.SecretClient
Feb 19, 2021 5:21:37 AM org.entando.kubernetes.client.KubernetesRestInterceptor invoke
INFO: Entering method overwriteControllerSecret in class org.entando.kubernetes.controller.support.client.SecretClient with Secret: null/my-app-carcpr16-controller-tls-secret
Feb 19, 2021 5:21:37 AM org.entando.kubernetes.client.KubernetesRestInterceptor invoke
INFO: Exiting method overwriteControllerSecret in class org.entando.kubernetes.controller.support.client.SecretClient
Feb 19, 2021 5:21:37 AM org.entando.kubernetes.client.KubernetesRestInterceptor invoke
INFO: Entering method start in class org.entando.kubernetes.controller.support.client.PodClient with Pod: entando-k8s-composite-app-controller-carcpr16/my-app-carcpr16-deployer-7577
Feb 19, 2021 5:21:37 AM org.entando.kubernetes.client.KubernetesRestInterceptor invoke
INFO: Exiting method start in class org.entando.kubernetes.controller.support.client.PodClient
!!!!!!!On EntandoCompositeApp add!!!!!!!!!
Feb 19, 2021 5:22:14 AM org.entando.kubernetes.client.KubernetesRestInterceptor invoke
INFO: Entering method removeAndWait in class org.entando.kubernetes.controller.support.client.PodClient with entando-k8s-composite-app-controller-carcpr16,{EntandoResourceNamespace=entando-k8s-composite-app-controller-carcpr16, EntandoResourceKind=EntandoCompositeApp, EntandoCompositeApp=my-app-carcpr16}
Feb 19, 2021 5:22:14 AM org.entando.kubernetes.client.KubernetesRestInterceptor invoke
INFO: Exiting method removeAndWait in class org.entando.kubernetes.controller.support.client.PodClient
Feb 19, 2021 5:22:14 AM org.entando.kubernetes.client.KubernetesRestInterceptor invoke
INFO: Entering method overwriteControllerSecret in class org.entando.kubernetes.controller.support.client.SecretClient with Secret: null/my-app-carcpr16-controller-ca-cert-secret
Feb 19, 2021 5:22:14 AM org.entando.kubernetes.client.KubernetesRestInterceptor invoke
INFO: Exiting method overwriteControllerSecret in class org.entando.kubernetes.controller.support.client.SecretClient
Feb 19, 2021 5:22:14 AM org.entando.kubernetes.client.KubernetesRestInterceptor invoke
INFO: Entering method overwriteControllerSecret in class org.entando.kubernetes.controller.support.client.SecretClient with Secret: null/my-app-carcpr16-controller-tls-secret
Feb 19, 2021 5:22:14 AM org.entando.kubernetes.client.KubernetesRestInterceptor invoke
INFO: Exiting method overwriteControllerSecret in class org.entando.kubernetes.controller.support.client.SecretClient
Feb 19, 2021 5:22:14 AM org.entando.kubernetes.client.KubernetesRestInterceptor invoke
INFO: Entering method start in class org.entando.kubernetes.controller.support.client.PodClient with Pod: entando-k8s-composite-app-controller-carcpr16/my-app-carcpr16-deployer-9425
Feb 19, 2021 5:22:14 AM org.entando.kubernetes.client.KubernetesRestInterceptor invoke
INFO: Exiting method start in class org.entando.kubernetes.controller.support.client.PodClient
[ERROR] Tests run: 2, Failures: 0, Errors: 2, Skipped: 0, Time elapsed: 210.191 s <<< FAILURE! - in org.entando.kubernetes.compositeapp.controller.interprocesstests.CompositeAppControllerIntegratedTest
[ERROR] org.entando.kubernetes.compositeapp.controller.interprocesstests.CompositeAppControllerIntegratedTest.testE**cuteControllerPod(EntandoOperatorComplianceMode)[1]  Time elapsed: 7.79 s  <<< ERROR!
io.fabric8.kubernetes.client.KubernetesClientException: Failure e**cuting: POST at: https://172.30.0.1/apis/entando.org/v1/namespaces/entando-k8s-composite-app-controller-carcpr16/entandoplugins. Message: entandoplugins.entando.org "test-plugin-carcpr16" already exists. Received status: Status(apiVersion=v1, code=409, details=StatusDetails(causes=[], group=entando.org, kind=entandoplugins, name=test-plugin-carcpr16, retryAfterSeconds=null, uid=null, additionalProperties={}), kind=Status, message=entandoplugins.entando.org "test-plugin-carcpr16" already exists, metadata=ListMeta(_continue=null, remainingItemCount=null, resourceVersion=null, selfLink=null, additionalProperties={}), reason=AlreadyExists, status=Failure, additionalProperties={}).
	at org.entando.kubernetes.compositeapp.controller.interprocesstests.CompositeAppControllerIntegratedTest.performCreate(CompositeAppControllerIntegratedTest.java:85)

[ERROR] org.entando.kubernetes.compositeapp.controller.interprocesstests.CompositeAppControllerIntegratedTest.testE**cuteControllerPod(EntandoOperatorComplianceMode)[2]  Time elapsed: 202.213 s  <<< ERROR!
org.awaitility.core.ConditionTimeoutException: Condition with lambda expression in org.entando.kubernetes.compositeapp.controller.AbstractCompositeAppControllerTest that uses io.fabric8.kubernetes.client.dsl.Resource was not fulfilled within 3 minutes.
Caused by: java.util.concurrent.TimeoutException

[INFO] 
[INFO] Results:
[INFO] 
[ERROR] Errors: 
[ERROR]   CompositeAppControllerIntegratedTest>AbstractCompositeAppControllerTest.testE**cuteControllerPod:110->performCreate:85 Â» KubernetesClient
[ERROR]   CompositeAppControllerIntegratedTest>AbstractCompositeAppControllerTest.testE**cuteControllerPod:162 Â» ConditionTimeout
[INFO] 
[ERROR] Tests run: 2, Failures: 0, Errors: 2, Skipped: 0
[INFO] 
[INFO] 
[INFO] --- maven-surefire-report-plugin:3.0.0-M4:failsafe-report-only (integration-tests) @ entando-k8s-composite-app-controller ---
[WARNING] Unable to locate Test Source XRef to link to - DISABLED
[INFO] 
[INFO] --- maven-surefire-report-plugin:3.0.0-M4:report-only (unit-tests) @ entando-k8s-composite-app-controller ---
[WARNING] Unable to locate Test Source XRef to link to - DISABLED
[INFO] 
[INFO] --- maven-failsafe-plugin:3.0.0-M4:verify (run-tests) @ entando-k8s-composite-app-controller ---
[ERROR] There are test failures.

Please refer to /workspace/source/target/failsafe-reports for the individual test results.
Please refer to dump files (if any exist) [date].dump, [date]-***Run[N].dump and [date].dumpstream.
[INFO] 
[INFO] --- maven-site-plugin:3.9.0:site (default-site) @ entando-k8s-composite-app-controller ---
[INFO] configuring report plugin org.apache.maven.plugins:maven-project-info-reports-plugin:3.0.0
[INFO] 9 reports configured for maven-project-info-reports-plugin:3.0.0: dependency-info, distribution-management, index, ci-management, issue-management, licenses, plugins, scm, summary
[INFO] Rendering site with default locale English (en)
[WARNING] Unable to find a URL to the parent project. The parent menu will NOT be added.
[INFO] Relativizing decoration links with respect to localized project URL: https://central.entando.com
[INFO] Rendering content with org.apache.maven.skins:maven-default-skin:jar:1.3 skin.
[INFO] Generating "Dependency Information" report --- maven-project-info-reports-plugin:3.0.0:dependency-info
[INFO] Generating "About" report         --- maven-project-info-reports-plugin:3.0.0:index
[INFO] Generating "Issue Management" report --- maven-project-info-reports-plugin:3.0.0:issue-management
[INFO] Generating "Licenses" report      --- maven-project-info-reports-plugin:3.0.0:licenses
[INFO] Generating "Plugins" report       --- maven-project-info-reports-plugin:3.0.0:plugins
[INFO] Generating "Source Code Management" report --- maven-project-info-reports-plugin:3.0.0:scm
[INFO] Generating "Summary" report       --- maven-project-info-reports-plugin:3.0.0:summary
[INFO] ------------------------------------------------------------------------
[INFO] BUILD SUCCESS
[INFO] ------------------------------------------------------------------------
[INFO] Total time:  03:41 min
[INFO] Finished at: 2021-02-19T05:25:00Z
[INFO] ------------------------------------------------------------------------
error: etcdserver: request is too large
Post-deployment tests failed for entando-k8s-composite-app-controller-PR-16.
[31m
Pipeline failed on stage 'from-build-pack' : container 'step-promote-run-post-deployment-tests'. The execution of the pipeline has stopped.[0m
