
Showing logs for build [32mentando-k8s-entando-de-app-pr-2-nj7jj-2[0m stage [32mfrom-build-pack[0m and container [32mcredential-initializer[0m
{"level":"info","ts":1625155120.4179866,"caller":"creds-init/main.go:44","msg":"Credentials initialized."}

Showing logs for build [32mentando-k8s-entando-de-app-pr-2-nj7jj-2[0m stage [32mfrom-build-pack[0m and container [32mworking-dir-initializer[0m

Showing logs for build [32mentando-k8s-entando-de-app-pr-2-nj7jj-2[0m stage [32mfrom-build-pack[0m and container [32mplace-tools[0m

Showing logs for build [32mentando-k8s-entando-de-app-pr-2-nj7jj-2[0m stage [32mfrom-build-pack[0m and container [32mstep-git-source-entando-k8s-entando-de-app-pr-2-nj7jj-8ns5r[0m
{"level":"info","ts":1625155148.092985,"caller":"git/git.go:105","msg":"Successfully cloned https://github.com/entando-k8s/entando-de-app.git @ master in path /workspace/source"}
{"level":"warn","ts":1625155148.0933082,"caller":"git/git.go:152","msg":"Unexpected error: creating symlink: symlink /tekton/home/.ssh /****/.ssh: file exists"}
{"level":"info","ts":1625155148.1706104,"caller":"git/git.go:133","msg":"Successfully initialized and updated submodules in path /workspace/source"}

Showing logs for build [32mentando-k8s-entando-de-app-pr-2-nj7jj-2[0m stage [32mfrom-build-pack[0m and container [32mstep-setup-builder-home[0m

Showing logs for build [32mentando-k8s-entando-de-app-pr-2-nj7jj-2[0m stage [32mfrom-build-pack[0m and container [32mstep-git-merge[0m
Using SHAs from PULL_REFS=master:b3c96f9b3620bbde0d73fcd7ab55f00ee20c99b4,241:f7a8d451d844cd0f577f4c06220b07690e88dcab
DEBUG: LC_ALL=C JX_LOG_LEVEL=error git fetch origin --unshallow f7a8d451d844cd0f577f4c06220b07690e88dcab: b3c96f9b3620bbde0d73fcd7ab55f00ee20c99b4:
DEBUG: ran git fetch --unshallow origin f7a8d451d844cd0f577f4c06220b07690e88dcab: b3c96f9b3620bbde0d73fcd7ab55f00ee20c99b4: in 
DEBUG: LC_ALL=C JX_LOG_LEVEL=error git branch
DEBUG: LC_ALL=C JX_LOG_LEVEL=error git checkout master
DEBUG: ran git checkout master in 
DEBUG: LC_ALL=C JX_LOG_LEVEL=error git reset --hard b3c96f9b3620bbde0d73fcd7ab55f00ee20c99b4
DEBUG: ran git reset --hard b3c96f9b3620bbde0d73fcd7ab55f00ee20c99b4 in 
DEBUG: LC_ALL=C JX_LOG_LEVEL=error git clean -fd .
DEBUG: ran clean --force -d . in 
DEBUG: LC_ALL=C JX_LOG_LEVEL=error git merge f7a8d451d844cd0f577f4c06220b07690e88dcab
DEBUG: ran git merge f7a8d451d844cd0f577f4c06220b07690e88dcab in 
DEBUG: JX_LOG_LEVEL=error LC_ALL=C git log --format=%H%x1f%an%x1f%ae%x1f%cn%x1f%ce%x1f%s%n%b%x1e b3c96f9b3620bbde0d73fcd7ab55f00ee20c99b4..HEAD
Merged SHA f7a8d451d844cd0f577f4c06220b07690e88dcab with commit message 'ENG-2312: updated version of engine and seo plugin' into base branch master
Merged SHA 4bc26e303f0f2dd39579d5b6c2871e8943cf60dc with commit message 'ENG-2312: Added new parameter ("baseUrlMode") into URLTag' into base branch master

Showing logs for build [32mentando-k8s-entando-de-app-pr-2-nj7jj-2[0m stage [32mfrom-build-pack[0m and container [32mstep-build-set-version[0m
Picked up _JAVA_OPTIONS: -XX:+UnlockExperimentalVMOptions -Dsun.zip.disableMemoryMapping=**** -XX:+UseParallelGC -XX:MinHeapFreeRatio=5 -XX:MaxHeapFreeRatio=10 -XX:GCTimeRatio=4 -XX:AdaptiveSizePolicyWeight=90 -Xms1000m -Xmx12000m
[INFO] Scanning for projects...
[INFO] 
[INFO] -----------------< org.entando.entando:entando-de-app >-----------------
[INFO] Building entando-de-app 6.3.0-SNAPSHOT
[INFO] --------------------------------[ war ]---------------------------------
[INFO] 
[INFO] --- versions-maven-plugin:2.8.1:set (default-cli) @ entando-de-app ---
[INFO] Local aggregation ****: /workspace/source
[INFO] Processing change of org.entando.entando:entando-de-app:6.3.0-SNAPSHOT -> 0.0.0-SNAPSHOT-PR-241-2
[INFO] Processing org.entando.entando:entando-de-app
[INFO]     Updating project org.entando.entando:entando-de-app
[INFO]         from version 6.3.0-SNAPSHOT to 0.0.0-SNAPSHOT-PR-241-2
[INFO] 
[INFO] ------------------------------------------------------------------------
[INFO] BUILD SUCCESS
[INFO] ------------------------------------------------------------------------
[INFO] Total time:  6.163 s
[INFO] Finished at: 2021-07-01T15:59:21Z
[INFO] ------------------------------------------------------------------------

Showing logs for build [32mentando-k8s-entando-de-app-pr-2-nj7jj-2[0m stage [32mfrom-build-pack[0m and container [32mstep-build-mvn-verify[0m
Picked up _JAVA_OPTIONS: -XX:+UnlockExperimentalVMOptions -Dsun.zip.disableMemoryMapping=**** -XX:+UseParallelGC -XX:MinHeapFreeRatio=5 -XX:MaxHeapFreeRatio=10 -XX:GCTimeRatio=4 -XX:AdaptiveSizePolicyWeight=90 -Xms1000m -Xmx12000m
[INFO] Scanning for projects...
[INFO] 
[INFO] -----------------< org.entando.entando:entando-de-app >-----------------
[INFO] Building entando-de-app 0.0.0-SNAPSHOT-PR-241-2
[INFO] --------------------------------[ war ]---------------------------------
[WARNING] The POM for org.entando.entando.plugins:entando-plugin-jpseo:jar:classes:6.4.1 is missing, no dependency information available
[WARNING] The POM for org.entando.entando.plugins:entando-plugin-jpseo:war:6.4.1 is missing, no dependency information available
[INFO] ------------------------------------------------------------------------
[INFO] BUILD FAILURE
[INFO] ------------------------------------------------------------------------
[INFO] Total time:  17.783 s
[INFO] Finished at: 2021-07-01T15:59:41Z
[INFO] ------------------------------------------------------------------------
[ERROR] Failed to e**cute goal on project entando-de-app: Could not resolve dependencies for project org.entando.entando:entando-de-app:war:0.0.0-SNAPSHOT-PR-241-2: The following artifacts could not be resolved: org.entando.entando.plugins:entando-plugin-jpseo:jar:classes:6.4.1, org.entando.entando.plugins:entando-plugin-jpseo:war:6.4.1: Could not find artifact org.entando.entando.plugins:entando-plugin-jpseo:jar:classes:6.4.1 in nexus (http://nexus/repository/maven-group/) -> [Help 1]
[ERROR] 
[ERROR] To see the full stack trace of the errors, re-run Maven with the -e switch.
[ERROR] Re-run Maven using the -X switch to enable full debug logging.
[ERROR] 
[ERROR] For more information about the errors and possible solutions, please read the following articles:
[ERROR] [Help 1] http://cwiki.apache.org/confluence/display/MAVEN/DependencyResolutionException
[31m
Pipeline failed on stage 'from-build-pack' : container 'step-build-mvn-verify'. The execution of the pipeline has stopped.[0m
