<?xml version="1.0" encoding="UTF-8"?><testsuites failures="0" name="dependency-check" tests="173"><testsuite failures="0" id="0" name="/home/jenkins/.mvnrepository/org/hdrhistogram/HdrHistogram/2.1.12/HdrHistogram-2.1.12.jar" package="HdrHistogram-2.1.12.jar" skipped="0" tests="1" timestamp="2021-03-24T10:28:08.173434"><testcase classname="dependency-check" name="HdrHistogram-2.1.12.jar"/></testsuite><testsuite failures="0" id="1" name="/home/jenkins/.mvnrepository/com/zaxxer/HikariCP/3.4.5/HikariCP-3.4.5.jar" package="HikariCP-3.4.5.jar" skipped="0" tests="1" timestamp="2021-03-24T10:28:08.173434"><testcase classname="dependency-check" name="HikariCP-3.4.5.jar"/></testsuite><testsuite failures="0" id="2" name="/home/jenkins/.mvnrepository/org/latencyutils/LatencyUtils/2.0.3/LatencyUtils-2.0.3.jar" package="LatencyUtils-2.0.3.jar" skipped="0" tests="1" timestamp="2021-03-24T10:28:08.173434"><testcase classname="dependency-check" name="LatencyUtils-2.0.3.jar"/></testsuite><testsuite failures="0" id="3" name="/home/jenkins/.mvnrepository/net/minidev/accessors-smart/1.2/accessors-smart-1.2.jar" package="accessors-smart-1.2.jar" skipped="0" tests="1" timestamp="2021-03-24T10:28:08.173434"><testcase classname="dependency-check" name="accessors-smart-1.2.jar"/></testsuite><testsuite failures="0" id="4" name="/home/jenkins/.mvnrepository/antlr/antlr/2.7.7/antlr-2.7.7.jar" package="antlr-2.7.7.jar" skipped="0" tests="1" timestamp="2021-03-24T10:28:08.173434"><testcase classname="dependency-check" name="antlr-2.7.7.jar"/></testsuite><testsuite failures="0" id="5" name="/home/jenkins/.mvnrepository/org/apiguardian/apiguardian-api/1.1.0/apiguardian-api-1.1.0.jar" package="apiguardian-api-1.1.0.jar" skipped="0" tests="1" timestamp="2021-03-24T10:28:08.173434"><testcase classname="dependency-check" name="apiguardian-api-1.1.0.jar"/></testsuite><testsuite failures="0" id="6" name="/home/jenkins/.mvnrepository/org/ow2/asm/asm/5.0.4/asm-5.0.4.jar" package="asm-5.0.4.jar" skipped="0" tests="1" timestamp="2021-03-24T10:28:08.173434"><testcase classname="dependency-check" name="asm-5.0.4.jar"/></testsuite><testsuite failures="0" id="7" name="/home/jenkins/.mvnrepository/org/aspectj/aspectjweaver/1.9.6/aspectjweaver-1.9.6.jar" package="aspectjweaver-1.9.6.jar" skipped="0" tests="1" timestamp="2021-03-24T10:28:08.173434"><testcase classname="dependency-check" name="aspectjweaver-1.9.6.jar"/></testsuite><testsuite failures="0" id="8" name="/home/jenkins/.mvnrepository/dk/brics/automaton/automaton/1.11-8/automaton-1.11-8.jar" package="automaton-1.11-8.jar" skipped="0" tests="1" timestamp="2021-03-24T10:28:08.173434"><testcase classname="dependency-check" name="automaton-1.11-8.jar"/></testsuite><testsuite failures="0" id="9" name="/home/jenkins/.mvnrepository/org/awaitility/awaitility/4.0.1/awaitility-4.0.1.jar" package="awaitility-4.0.1.jar" skipped="0" tests="1" timestamp="2021-03-24T10:28:08.173434"><testcase classname="dependency-check" name="awaitility-4.0.1.jar"/></testsuite><testsuite failures="0" id="10" name="/home/jenkins/.mvnrepository/org/bouncycastle/bcpkix-jdk15on/1.64/bcpkix-jdk15on-1.64.jar" package="bcpkix-jdk15on-1.64.jar" skipped="0" tests="1" timestamp="2021-03-24T10:28:08.173434"><testcase classname="dependency-check" name="bcpkix-jdk15on-1.64.jar"/></testsuite><testsuite failures="0" id="11" name="/home/jenkins/.mvnrepository/org/bouncycastle/bcprov-jdk15on/1.64/bcprov-jdk15on-1.64.jar" package="bcprov-jdk15on-1.64.jar" skipped="0" tests="1" timestamp="2021-03-24T10:28:08.173434"><testcase classname="dependency-check" name="bcprov-jdk15on-1.64.jar"/></testsuite><testsuite failures="0" id="12" name="/home/jenkins/.mvnrepository/net/bytebuddy/byte-buddy/1.9.16/byte-buddy-1.9.16.jar" package="byte-buddy-1.9.16.jar" skipped="0" tests="1" timestamp="2021-03-24T10:28:08.173434"><testcase classname="dependency-check" name="byte-buddy-1.9.16.jar"/></testsuite><testsuite failures="0" id="13" name="/home/jenkins/.mvnrepository/net/bytebuddy/byte-buddy/1.9.16/byte-buddy-1.9.16.jar/META-INF/maven/net.bytebuddy/byte-buddy-dep/pom.xml" package="byte-buddy-1.9.16.jar (shaded: net.bytebuddy:byte-buddy-dep:1.9.16)" skipped="0" tests="1" timestamp="2021-03-24T10:28:08.173434"><testcase classname="dependency-check" name="byte-buddy-1.9.16.jar (shaded: net.bytebuddy:byte-buddy-dep:1.9.16)"/></testsuite><testsuite failures="0" id="14" name="/home/jenkins/.mvnrepository/net/bytebuddy/byte-buddy-agent/1.10.20/byte-buddy-agent-1.10.20.jar" package="byte-buddy-agent-1.10.20.jar" skipped="0" tests="1" timestamp="2021-03-24T10:28:08.173434"><testcase classname="dependency-check" name="byte-buddy-agent-1.10.20.jar"/></testsuite><testsuite failures="0" id="15" name="/home/jenkins/.mvnrepository/net/bytebuddy/byte-buddy-agent/1.10.20/byte-buddy-agent-1.10.20.jar/win32-x86/attach_hotspot_windows.dll" package="byte-buddy-agent-1.10.20.jar: attach_hotspot_windows.dll" skipped="0" tests="1" timestamp="2021-03-24T10:28:08.173434"><testcase classname="dependency-check" name="byte-buddy-agent-1.10.20.jar: attach_hotspot_windows.dll"/></testsuite><testsuite failures="0" id="16" name="/home/jenkins/.mvnrepository/net/bytebuddy/byte-buddy-agent/1.10.20/byte-buddy-agent-1.10.20.jar/win32-x86-64/attach_hotspot_windows.dll" package="byte-buddy-agent-1.10.20.jar: attach_hotspot_windows.dll" skipped="0" tests="1" timestamp="2021-03-24T10:28:08.173434"><testcase classname="dependency-check" name="byte-buddy-agent-1.10.20.jar: attach_hotspot_windows.dll"/></testsuite><testsuite failures="0" id="17" name="/home/jenkins/.mvnrepository/com/github/ben-manes/caffeine/caffeine/2.8.8/caffeine-2.8.8.jar" package="caffeine-2.8.8.jar" skipped="0" tests="1" timestamp="2021-03-24T10:28:08.173434"><testcase classname="dependency-check" name="caffeine-2.8.8.jar"/></testsuite><testsuite failures="0" id="18" name="/home/jenkins/.mvnrepository/org/checkerframework/checker-qual/3.8.0/checker-qual-3.8.0.jar" package="checker-qual-3.8.0.jar" skipped="0" tests="1" timestamp="2021-03-24T10:28:08.173434"><testcase classname="dependency-check" name="checker-qual-3.8.0.jar"/></testsuite><testsuite failures="0" id="19" name="/home/jenkins/.mvnrepository/io/github/classgraph/classgraph/4.8.44/classgraph-4.8.44.jar" package="classgraph-4.8.44.jar" skipped="0" tests="1" timestamp="2021-03-24T10:28:08.173434"><testcase classname="dependency-check" name="classgraph-4.8.44.jar"/></testsuite><testsuite failures="0" id="20" name="/home/jenkins/.mvnrepository/com/fasterxml/classmate/1.5.1/classmate-1.5.1.jar" package="classmate-1.5.1.jar" skipped="0" tests="1" timestamp="2021-03-24T10:28:08.173434"><testcase classname="dependency-check" name="classmate-1.5.1.jar"/></testsuite><testsuite failures="0" id="21" name="/home/jenkins/.mvnrepository/commons-codec/commons-codec/1.15/commons-codec-1.15.jar" package="commons-codec-1.15.jar" skipped="0" tests="1" timestamp="2021-03-24T10:28:08.173434"><testcase classname="dependency-check" name="commons-codec-1.15.jar"/></testsuite><testsuite failures="0" id="22" name="/home/jenkins/.mvnrepository/org/apache/commons/commons-collections4/4.4/commons-collections4-4.4.jar" package="commons-collections4-4.4.jar" skipped="0" tests="1" timestamp="2021-03-24T10:28:08.173434"><testcase classname="dependency-check" name="commons-collections4-4.4.jar"/></testsuite><testsuite failures="0" id="23" name="/home/jenkins/.mvnrepository/org/apache/commons/commons-compress/1.19/commons-compress-1.19.jar" package="commons-compress-1.19.jar" skipped="0" tests="1" timestamp="2021-03-24T10:28:08.173434"><testcase classname="dependency-check" name="commons-compress-1.19.jar"/></testsuite><testsuite failures="0" id="24" name="/home/jenkins/.mvnrepository/commons-io/commons-io/2.6/commons-io-2.6.jar" package="commons-io-2.6.jar" skipped="0" tests="1" timestamp="2021-03-24T10:28:08.173434"><testcase classname="dependency-check" name="commons-io-2.6.jar"/></testsuite><testsuite failures="0" id="25" name="/home/jenkins/.mvnrepository/org/apache/commons/commons-lang3/3.11/commons-lang3-3.11.jar" package="commons-lang3-3.11.jar" skipped="0" tests="1" timestamp="2021-03-24T10:28:08.173434"><testcase classname="dependency-check" name="commons-lang3-3.11.jar"/></testsuite><testsuite failures="0" id="26" name="/home/jenkins/.mvnrepository/commons-logging/commons-logging/1.2/commons-logging-1.2.jar" package="commons-logging-1.2.jar" skipped="0" tests="1" timestamp="2021-03-24T10:28:08.173434"><testcase classname="dependency-check" name="commons-logging-1.2.jar"/></testsuite><testsuite failures="0" id="27" name="/home/jenkins/.mvnrepository/com/nimbusds/content-type/2.1/content-type-2.1.jar" package="content-type-2.1.jar" skipped="0" tests="1" timestamp="2021-03-24T10:28:08.173434"><testcase classname="dependency-check" name="content-type-2.1.jar"/></testsuite><testsuite failures="0" id="28" name="/home/jenkins/.mvnrepository/org/dom4j/dom4j/2.1.3/dom4j-2.1.3.jar" package="dom4j-2.1.3.jar" skipped="0" tests="1" timestamp="2021-03-24T10:28:08.173434"><testcase classname="dependency-check" name="dom4j-2.1.3.jar"/></testsuite><testsuite failures="0" id="29" name="/home/jenkins/.mvnrepository/org/entando/entando-k8s-custom-model/6.3.1/entando-k8s-custom-model-6.3.1.jar" package="entando-k8s-custom-model-6.3.1.jar" skipped="1" tests="1" timestamp="2021-03-24T10:28:08.173434"><testcase classname="CVE-2020-8554" name="pkg:maven/org.entando/entando-k8s-custom-model@6.3.1"><skipped message="A whole lot of false positives based on K8S&apos;s internals that have nothing to do with our CRDs" /><system-out>Kubernetes API server in all versions allow an attacker who is able to create a ClusterIP service and set the spec.externalIPs field, to intercept traffic to that IP address. Additionally, an attacker who is able to patch the status (which is considered a privileged operation and should not typically be granted to users) of a LoadBalancer service can set the status.loadBalancer.ingress.ip to similar effect.</system-out><system-err>location: /home/jenkins/.mvnrepository/org/entando/entando-k8s-custom-model/6.3.1/entando-k8s-custom-model-6.3.1.jar</system-err></testcase></testsuite><testsuite failures="0" id="30" name="/home/jenkins/.mvnrepository/com/google/errorprone/error_prone_annotations/2.4.0/error_prone_annotations-2.4.0.jar" package="error_prone_annotations-2.4.0.jar" skipped="0" tests="1" timestamp="2021-03-24T10:28:08.173434"><testcase classname="dependency-check" name="error_prone_annotations-2.4.0.jar"/></testsuite><testsuite failures="0" id="31" name="/home/jenkins/.mvnrepository/org/zalando/faux-pas/0.8.0/faux-pas-0.8.0.jar" package="faux-pas-0.8.0.jar" skipped="0" tests="1" timestamp="2021-03-24T10:28:08.173434"><testcase classname="dependency-check" name="faux-pas-0.8.0.jar"/></testsuite><testsuite failures="0" id="32" name="/home/jenkins/.mvnrepository/com/github/mifmif/generex/1.0.2/generex-1.0.2.jar" package="generex-1.0.2.jar" skipped="0" tests="1" timestamp="2021-03-24T10:28:08.173434"><testcase classname="dependency-check" name="generex-1.0.2.jar"/></testsuite><testsuite failures="0" id="33" name="/home/jenkins/.mvnrepository/com/h2database/h2/1.4.199/h2-1.4.199.jar" package="h2-1.4.199.jar" skipped="0" tests="1" timestamp="2021-03-24T10:28:08.173434"><testcase classname="dependency-check" name="h2-1.4.199.jar"/></testsuite><testsuite failures="0" id="34" name="/home/jenkins/.mvnrepository/org/hamcrest/hamcrest/2.2/hamcrest-2.2.jar" package="hamcrest-2.2.jar" skipped="0" tests="1" timestamp="2021-03-24T10:28:08.173434"><testcase classname="dependency-check" name="hamcrest-2.2.jar"/></testsuite><testsuite failures="0" id="35" name="/home/jenkins/.mvnrepository/org/hibernate/common/hibernate-commons-annotations/5.1.2.Final/hibernate-commons-annotations-5.1.2.Final.jar" package="hibernate-commons-annotations-5.1.2.Final.jar" skipped="0" tests="1" timestamp="2021-03-24T10:28:08.173434"><testcase classname="dependency-check" name="hibernate-commons-annotations-5.1.2.Final.jar"/></testsuite><testsuite failures="0" id="36" name="/home/jenkins/.mvnrepository/org/hibernate/hibernate-core/5.4.28.Final/hibernate-core-5.4.28.Final.jar" package="hibernate-core-5.4.28.Final.jar" skipped="0" tests="1" timestamp="2021-03-24T10:28:08.173434"><testcase classname="dependency-check" name="hibernate-core-5.4.28.Final.jar"/></testsuite><testsuite failures="0" id="37" name="/home/jenkins/.mvnrepository/org/apache/httpcomponents/httpclient/4.5.13/httpclient-4.5.13.jar" package="httpclient-4.5.13.jar" skipped="0" tests="1" timestamp="2021-03-24T10:28:08.173434"><testcase classname="dependency-check" name="httpclient-4.5.13.jar"/></testsuite><testsuite failures="0" id="38" name="/home/jenkins/.mvnrepository/org/apache/httpcomponents/httpcore/4.4.14/httpcore-4.4.14.jar" package="httpcore-4.4.14.jar" skipped="0" tests="1" timestamp="2021-03-24T10:28:08.173434"><testcase classname="dependency-check" name="httpcore-4.4.14.jar"/></testsuite><testsuite failures="0" id="39" name="/home/jenkins/.mvnrepository/com/sun/istack/istack-commons-runtime/3.0.11/istack-commons-runtime-3.0.11.jar" package="istack-commons-runtime-3.0.11.jar" skipped="0" tests="1" timestamp="2021-03-24T10:28:08.173434"><testcase classname="dependency-check" name="istack-commons-runtime-3.0.11.jar"/></testsuite><testsuite failures="0" id="40" name="/home/jenkins/.mvnrepository/com/fasterxml/jackson/core/jackson-annotations/2.11.4/jackson-annotations-2.11.4.jar" package="jackson-annotations-2.11.4.jar" skipped="0" tests="1" timestamp="2021-03-24T10:28:08.173434"><testcase classname="dependency-check" name="jackson-annotations-2.11.4.jar"/></testsuite><testsuite failures="0" id="41" name="/home/jenkins/.mvnrepository/com/fasterxml/jackson/core/jackson-core/2.11.4/jackson-core-2.11.4.jar" package="jackson-core-2.11.4.jar" skipped="0" tests="1" timestamp="2021-03-24T10:28:08.173434"><testcase classname="dependency-check" name="jackson-core-2.11.4.jar"/></testsuite><testsuite failures="0" id="42" name="/home/jenkins/.mvnrepository/com/fasterxml/jackson/core/jackson-databind/2.10.5.1/jackson-databind-2.10.5.1.jar" package="jackson-databind-2.10.5.1.jar" skipped="0" tests="1" timestamp="2021-03-24T10:28:08.173434"><testcase classname="dependency-check" name="jackson-databind-2.10.5.1.jar"/></testsuite><testsuite failures="0" id="43" name="/home/jenkins/.mvnrepository/com/fasterxml/jackson/dataformat/jackson-dataformat-yaml/2.9.9/jackson-dataformat-yaml-2.9.9.jar" package="jackson-dataformat-yaml-2.9.9.jar" skipped="0" tests="1" timestamp="2021-03-24T10:28:08.173434"><testcase classname="dependency-check" name="jackson-dataformat-yaml-2.9.9.jar"/></testsuite><testsuite failures="0" id="44" name="/home/jenkins/.mvnrepository/com/fasterxml/jackson/datatype/jackson-datatype-jdk8/2.11.4/jackson-datatype-jdk8-2.11.4.jar" package="jackson-datatype-jdk8-2.11.4.jar" skipped="0" tests="1" timestamp="2021-03-24T10:28:08.173434"><testcase classname="dependency-check" name="jackson-datatype-jdk8-2.11.4.jar"/></testsuite><testsuite failures="0" id="45" name="/home/jenkins/.mvnrepository/com/fasterxml/jackson/datatype/jackson-datatype-jsr310/2.11.4/jackson-datatype-jsr310-2.11.4.jar" package="jackson-datatype-jsr310-2.11.4.jar" skipped="0" tests="1" timestamp="2021-03-24T10:28:08.173434"><testcase classname="dependency-check" name="jackson-datatype-jsr310-2.11.4.jar"/></testsuite><testsuite failures="0" id="46" name="/home/jenkins/.mvnrepository/org/zalando/jackson-datatype-problem/0.23.0/jackson-datatype-problem-0.23.0.jar" package="jackson-datatype-problem-0.23.0.jar" skipped="0" tests="1" timestamp="2021-03-24T10:28:08.173434"><testcase classname="dependency-check" name="jackson-datatype-problem-0.23.0.jar"/></testsuite><testsuite failures="0" id="47" name="/home/jenkins/.mvnrepository/com/fasterxml/jackson/module/jackson-module-jaxb-annotations/2.11.4/jackson-module-jaxb-annotations-2.11.4.jar" package="jackson-module-jaxb-annotations-2.11.4.jar" skipped="0" tests="1" timestamp="2021-03-24T10:28:08.173434"><testcase classname="dependency-check" name="jackson-module-jaxb-annotations-2.11.4.jar"/></testsuite><testsuite failures="0" id="48" name="/home/jenkins/.mvnrepository/com/fasterxml/jackson/module/jackson-module-parameter-names/2.11.4/jackson-module-parameter-names-2.11.4.jar" package="jackson-module-parameter-names-2.11.4.jar" skipped="0" tests="1" timestamp="2021-03-24T10:28:08.173434"><testcase classname="dependency-check" name="jackson-module-parameter-names-2.11.4.jar"/></testsuite><testsuite failures="0" id="49" name="/home/jenkins/.mvnrepository/com/sun/activation/jakarta.activation/1.2.2/jakarta.activation-1.2.2.jar" package="jakarta.activation-1.2.2.jar" skipped="0" tests="1" timestamp="2021-03-24T10:28:08.173434"><testcase classname="dependency-check" name="jakarta.activation-1.2.2.jar"/></testsuite><testsuite failures="0" id="50" name="/home/jenkins/.mvnrepository/jakarta/activation/jakarta.activation-api/1.2.2/jakarta.activation-api-1.2.2.jar" package="jakarta.activation-api-1.2.2.jar" skipped="0" tests="1" timestamp="2021-03-24T10:28:08.173434"><testcase classname="dependency-check" name="jakarta.activation-api-1.2.2.jar"/></testsuite><testsuite failures="0" id="51" name="/home/jenkins/.mvnrepository/jakarta/annotation/jakarta.annotation-api/1.3.5/jakarta.annotation-api-1.3.5.jar" package="jakarta.annotation-api-1.3.5.jar" skipped="0" tests="1" timestamp="2021-03-24T10:28:08.173434"><testcase classname="dependency-check" name="jakarta.annotation-api-1.3.5.jar"/></testsuite><testsuite failures="0" id="52" name="/home/jenkins/.mvnrepository/org/glassfish/jakarta.el/3.0.3/jakarta.el-3.0.3.jar" package="jakarta.el-3.0.3.jar" skipped="0" tests="1" timestamp="2021-03-24T10:28:08.173434"><testcase classname="dependency-check" name="jakarta.el-3.0.3.jar"/></testsuite><testsuite failures="0" id="53" name="/home/jenkins/.mvnrepository/com/sun/mail/jakarta.mail/1.6.5/jakarta.mail-1.6.5.jar" package="jakarta.mail-1.6.5.jar" skipped="0" tests="1" timestamp="2021-03-24T10:28:08.173434"><testcase classname="dependency-check" name="jakarta.mail-1.6.5.jar"/></testsuite><testsuite failures="0" id="54" name="/home/jenkins/.mvnrepository/jakarta/persistence/jakarta.persistence-api/2.2.3/jakarta.persistence-api-2.2.3.jar" package="jakarta.persistence-api-2.2.3.jar" skipped="0" tests="1" timestamp="2021-03-24T10:28:08.173434"><testcase classname="dependency-check" name="jakarta.persistence-api-2.2.3.jar"/></testsuite><testsuite failures="0" id="55" name="/home/jenkins/.mvnrepository/jakarta/servlet/jakarta.servlet-api/4.0.4/jakarta.servlet-api-4.0.4.jar" package="jakarta.servlet-api-4.0.4.jar" skipped="0" tests="1" timestamp="2021-03-24T10:28:08.173434"><testcase classname="dependency-check" name="jakarta.servlet-api-4.0.4.jar"/></testsuite><testsuite failures="0" id="56" name="/home/jenkins/.mvnrepository/jakarta/transaction/jakarta.transaction-api/1.3.3/jakarta.transaction-api-1.3.3.jar" package="jakarta.transaction-api-1.3.3.jar" skipped="0" tests="1" timestamp="2021-03-24T10:28:08.173434"><testcase classname="dependency-check" name="jakarta.transaction-api-1.3.3.jar"/></testsuite><testsuite failures="0" id="57" name="/home/jenkins/.mvnrepository/jakarta/xml/bind/jakarta.xml.bind-api/2.3.3/jakarta.xml.bind-api-2.3.3.jar" package="jakarta.xml.bind-api-2.3.3.jar" skipped="0" tests="1" timestamp="2021-03-24T10:28:08.173434"><testcase classname="dependency-check" name="jakarta.xml.bind-api-2.3.3.jar"/></testsuite><testsuite failures="0" id="58" name="/home/jenkins/.mvnrepository/org/jboss/jandex/2.2.3.Final/jandex-2.2.3.Final.jar" package="jandex-2.2.3.Final.jar" skipped="0" tests="1" timestamp="2021-03-24T10:28:08.173434"><testcase classname="dependency-check" name="jandex-2.2.3.Final.jar"/></testsuite><testsuite failures="0" id="59" name="/home/jenkins/.mvnrepository/com/github/zafarkhaja/java-semver/0.9.0/java-semver-0.9.0.jar" package="java-semver-0.9.0.jar" skipped="0" tests="1" timestamp="2021-03-24T10:28:08.173434"><testcase classname="dependency-check" name="java-semver-0.9.0.jar"/></testsuite><testsuite failures="0" id="60" name="/home/jenkins/.mvnrepository/org/javassist/javassist/3.23.1-GA/javassist-3.23.1-GA.jar" package="javassist-3.23.1-GA.jar" skipped="0" tests="1" timestamp="2021-03-24T10:28:08.173434"><testcase classname="dependency-check" name="javassist-3.23.1-GA.jar"/></testsuite><testsuite failures="0" id="61" name="/home/jenkins/.mvnrepository/javax/activation/javax.activation-api/1.2.0/javax.activation-api-1.2.0.jar" package="javax.activation-api-1.2.0.jar" skipped="0" tests="1" timestamp="2021-03-24T10:28:08.173434"><testcase classname="dependency-check" name="javax.activation-api-1.2.0.jar"/></testsuite><testsuite failures="0" id="62" name="/home/jenkins/.mvnrepository/javax/annotation/javax.annotation-api/1.3.2/javax.annotation-api-1.3.2.jar" package="javax.annotation-api-1.3.2.jar" skipped="0" tests="1" timestamp="2021-03-24T10:28:08.173434"><testcase classname="dependency-check" name="javax.annotation-api-1.3.2.jar"/></testsuite><testsuite failures="0" id="63" name="/home/jenkins/.mvnrepository/javax/persistence/javax.persistence-api/2.2/javax.persistence-api-2.2.jar" package="javax.persistence-api-2.2.jar" skipped="0" tests="1" timestamp="2021-03-24T10:28:08.173434"><testcase classname="dependency-check" name="javax.persistence-api-2.2.jar"/></testsuite><testsuite failures="0" id="64" name="/home/jenkins/.mvnrepository/javax/xml/bind/jaxb-api/2.3.1/jaxb-api-2.3.1.jar" package="jaxb-api-2.3.1.jar" skipped="0" tests="1" timestamp="2021-03-24T10:28:08.173434"><testcase classname="dependency-check" name="jaxb-api-2.3.1.jar"/></testsuite><testsuite failures="0" id="65" name="/home/jenkins/.mvnrepository/org/glassfish/jaxb/jaxb-runtime/2.3.3/jaxb-runtime-2.3.3.jar" package="jaxb-runtime-2.3.3.jar" skipped="0" tests="1" timestamp="2021-03-24T10:28:08.173434"><testcase classname="dependency-check" name="jaxb-runtime-2.3.3.jar"/></testsuite><testsuite failures="0" id="66" name="/home/jenkins/.mvnrepository/org/jboss/logging/jboss-logging/3.4.1.Final/jboss-logging-3.4.1.Final.jar" package="jboss-logging-3.4.1.Final.jar" skipped="0" tests="1" timestamp="2021-03-24T10:28:08.173434"><testcase classname="dependency-check" name="jboss-logging-3.4.1.Final.jar"/></testsuite><testsuite failures="0" id="67" name="/home/jenkins/.mvnrepository/org/jboss/spec/javax/transaction/jboss-transaction-api_1.2_spec/1.1.1.Final/jboss-transaction-api_1.2_spec-1.1.1.Final.jar" package="jboss-transaction-api_1.2_spec-1.1.1.Final.jar" skipped="0" tests="1" timestamp="2021-03-24T10:28:08.173434"><testcase classname="dependency-check" name="jboss-transaction-api_1.2_spec-1.1.1.Final.jar"/></testsuite><testsuite failures="0" id="68" name="/home/jenkins/.mvnrepository/com/github/stephenc/jcip/jcip-annotations/1.0-1/jcip-annotations-1.0-1.jar" package="jcip-annotations-1.0-1.jar" skipped="0" tests="1" timestamp="2021-03-24T10:28:08.173434"><testcase classname="dependency-check" name="jcip-annotations-1.0-1.jar"/></testsuite><testsuite failures="0" id="69" name="/home/jenkins/.mvnrepository/org/slf4j/jcl-over-slf4j/1.7.30/jcl-over-slf4j-1.7.30.jar" package="jcl-over-slf4j-1.7.30.jar" skipped="0" tests="1" timestamp="2021-03-24T10:28:08.173434"><testcase classname="dependency-check" name="jcl-over-slf4j-1.7.30.jar"/></testsuite><testsuite failures="0" id="70" name="/home/jenkins/.mvnrepository/net/java/dev/jna/jna/4.5.1/jna-4.5.1.jar" package="jna-4.5.1.jar" skipped="0" tests="1" timestamp="2021-03-24T10:28:08.173434"><testcase classname="dependency-check" name="jna-4.5.1.jar"/></testsuite><testsuite failures="0" id="71" name="/home/jenkins/.mvnrepository/net/java/dev/jna/jna/4.5.1/jna-4.5.1.jar/com/sun/jna/win32-x86/jnidispatch.dll" package="jna-4.5.1.jar: jnidispatch.dll" skipped="0" tests="1" timestamp="2021-03-24T10:28:08.173434"><testcase classname="dependency-check" name="jna-4.5.1.jar: jnidispatch.dll"/></testsuite><testsuite failures="0" id="72" name="/home/jenkins/.mvnrepository/net/java/dev/jna/jna/4.5.1/jna-4.5.1.jar/com/sun/jna/win32-x86-64/jnidispatch.dll" package="jna-4.5.1.jar: jnidispatch.dll" skipped="0" tests="1" timestamp="2021-03-24T10:28:08.173434"><testcase classname="dependency-check" name="jna-4.5.1.jar: jnidispatch.dll"/></testsuite><testsuite failures="0" id="73" name="/home/jenkins/.mvnrepository/net/java/dev/jna/jna-platform/4.5.1/jna-platform-4.5.1.jar" package="jna-platform-4.5.1.jar" skipped="0" tests="1" timestamp="2021-03-24T10:28:08.173434"><testcase classname="dependency-check" name="jna-platform-4.5.1.jar"/></testsuite><testsuite failures="0" id="74" name="/home/jenkins/.mvnrepository/com/jayway/jsonpath/json-path/2.4.0/json-path-2.4.0.jar" package="json-path-2.4.0.jar" skipped="0" tests="1" timestamp="2021-03-24T10:28:08.173434"><testcase classname="dependency-check" name="json-path-2.4.0.jar"/></testsuite><testsuite failures="0" id="75" name="/home/jenkins/.mvnrepository/net/minidev/json-smart/2.3/json-smart-2.3.jar" package="json-smart-2.3.jar" skipped="0" tests="1" timestamp="2021-03-24T10:28:08.173434"><testcase classname="dependency-check" name="json-smart-2.3.jar"/></testsuite><testsuite failures="0" id="76" name="/home/jenkins/.mvnrepository/com/google/code/findbugs/jsr305/3.0.2/jsr305-3.0.2.jar" package="jsr305-3.0.2.jar" skipped="0" tests="1" timestamp="2021-03-24T10:28:08.173434"><testcase classname="dependency-check" name="jsr305-3.0.2.jar"/></testsuite><testsuite failures="0" id="77" name="/home/jenkins/.mvnrepository/org/slf4j/jul-to-slf4j/1.7.30/jul-to-slf4j-1.7.30.jar" package="jul-to-slf4j-1.7.30.jar" skipped="0" tests="1" timestamp="2021-03-24T10:28:08.173434"><testcase classname="dependency-check" name="jul-to-slf4j-1.7.30.jar"/></testsuite><testsuite failures="0" id="78" name="/home/jenkins/.mvnrepository/io/fabric8/kubernetes-client/4.7.0/kubernetes-client-4.7.0.jar" package="kubernetes-client-4.7.0.jar" skipped="2" tests="2" timestamp="2021-03-24T10:28:08.173434"><testcase classname="CVE-2020-8554" name="pkg:maven/io.fabric8/kubernetes-client@4.7.0"><skipped message="A whole lot of false positives based on K8S&apos;s internals that have nothing to do with our CRDs" /><system-out>Kubernetes API server in all versions allow an attacker who is able to create a ClusterIP service and set the spec.externalIPs field, to intercept traffic to that IP address. Additionally, an attacker who is able to patch the status (which is considered a privileged operation and should not typically be granted to users) of a LoadBalancer service can set the status.loadBalancer.ingress.ip to similar effect.</system-out><system-err>location: /home/jenkins/.mvnrepository/io/fabric8/kubernetes-client/4.7.0/kubernetes-client-4.7.0.jar</system-err></testcase><testcase classname="CVE-2020-8570" name="pkg:maven/io.fabric8/kubernetes-client@4.7.0"><skipped message="A whole lot of false positives based on K8S&apos;s internals that have nothing to do with our CRDs. A whole lot of false positives based on K8S&apos;s internals that have nothing to do with our CRDs" /><system-out>Kubernetes Java client libraries in version 10.0.0 and versions prior to 9.0.1 allow writes to paths outside of the current directory when copying multiple files from a remote pod which sends a maliciously crafted archive. This can potentially overwrite any files on the system of the process executing the client code.</system-out><system-err>location: /home/jenkins/.mvnrepository/io/fabric8/kubernetes-client/4.7.0/kubernetes-client-4.7.0.jar</system-err></testcase></testsuite><testsuite failures="0" id="79" name="/home/jenkins/.mvnrepository/io/fabric8/kubernetes-model/4.7.0/kubernetes-model-4.7.0.jar" package="kubernetes-model-4.7.0.jar" skipped="1" tests="1" timestamp="2021-03-24T10:28:08.173434"><testcase classname="CVE-2020-8570" name="pkg:maven/io.fabric8/kubernetes-model@4.7.0"><skipped message="A whole lot of false positives based on K8S&apos;s internals that have nothing to do with our CRDs" /><system-out>Kubernetes Java client libraries in version 10.0.0 and versions prior to 9.0.1 allow writes to paths outside of the current directory when copying multiple files from a remote pod which sends a maliciously crafted archive. This can potentially overwrite any files on the system of the process executing the client code.</system-out><system-err>location: /home/jenkins/.mvnrepository/io/fabric8/kubernetes-model/4.7.0/kubernetes-model-4.7.0.jar</system-err></testcase></testsuite><testsuite failures="0" id="80" name="/home/jenkins/.mvnrepository/io/fabric8/kubernetes-model-common/4.7.0/kubernetes-model-common-4.7.0.jar" package="kubernetes-model-common-4.7.0.jar" skipped="1" tests="1" timestamp="2021-03-24T10:28:08.173434"><testcase classname="CVE-2020-8554" name="pkg:maven/io.fabric8/kubernetes-model-common@4.7.0"><skipped message="A whole lot of false positives based on K8S&apos;s internals that have nothing to do with our CRDs" /><system-out>Kubernetes API server in all versions allow an attacker who is able to create a ClusterIP service and set the spec.externalIPs field, to intercept traffic to that IP address. Additionally, an attacker who is able to patch the status (which is considered a privileged operation and should not typically be granted to users) of a LoadBalancer service can set the status.loadBalancer.ingress.ip to similar effect.</system-out><system-err>location: /home/jenkins/.mvnrepository/io/fabric8/kubernetes-model-common/4.7.0/kubernetes-model-common-4.7.0.jar</system-err></testcase></testsuite><testsuite failures="0" id="81" name="/home/jenkins/.mvnrepository/com/nimbusds/lang-tag/1.4.4/lang-tag-1.4.4.jar" package="lang-tag-1.4.4.jar" skipped="4" tests="4" timestamp="2021-03-24T10:28:08.173434"><testcase classname="CVE-2020-29243" name="pkg:maven/com.nimbusds/lang-tag@1.4.4"><skipped message="--&gt;
            nothing new available" /><system-out>dhowden tag before 2020-11-19 allows &quot;panic: runtime error: index out of range&quot; via readAPICFrame.</system-out><system-err>location: /home/jenkins/.mvnrepository/com/nimbusds/lang-tag/1.4.4/lang-tag-1.4.4.jar</system-err></testcase><testcase classname="CVE-2020-29242" name="pkg:maven/com.nimbusds/lang-tag@1.4.4"><skipped message="--&gt;
            nothing new available" /><system-out>dhowden tag before 2020-11-19 allows &quot;panic: runtime error: index out of range&quot; via readPICFrame.</system-out><system-err>location: /home/jenkins/.mvnrepository/com/nimbusds/lang-tag/1.4.4/lang-tag-1.4.4.jar</system-err></testcase><testcase classname="CVE-2020-29245" name="pkg:maven/com.nimbusds/lang-tag@1.4.4"><skipped message="--&gt;
            nothing new available" /><system-out>dhowden tag before 2020-11-19 allows &quot;panic: runtime error: slice bounds out of range&quot; via readAtomData.</system-out><system-err>location: /home/jenkins/.mvnrepository/com/nimbusds/lang-tag/1.4.4/lang-tag-1.4.4.jar</system-err></testcase><testcase classname="CVE-2020-29244" name="pkg:maven/com.nimbusds/lang-tag@1.4.4"><skipped message="--&gt;
            nothing new available" /><system-out>dhowden tag before 2020-11-19 allows &quot;panic: runtime error: slice bounds out of range&quot; via readTextWithDescrFrame.</system-out><system-err>location: /home/jenkins/.mvnrepository/com/nimbusds/lang-tag/1.4.4/lang-tag-1.4.4.jar</system-err></testcase></testsuite><testsuite failures="0" id="82" name="/home/jenkins/.mvnrepository/org/liquibase/liquibase-core/4.3.1/liquibase-core-4.3.1.jar" package="liquibase-core-4.3.1.jar" skipped="0" tests="1" timestamp="2021-03-24T10:28:08.173434"><testcase classname="dependency-check" name="liquibase-core-4.3.1.jar"/></testsuite><testsuite failures="0" id="83" name="/home/jenkins/.mvnrepository/org/apache/logging/log4j/log4j-api/2.13.2/log4j-api-2.13.2.jar" package="log4j-api-2.13.2.jar" skipped="0" tests="1" timestamp="2021-03-24T10:28:08.173434"><testcase classname="dependency-check" name="log4j-api-2.13.2.jar"/></testsuite><testsuite failures="0" id="84" name="/home/jenkins/.mvnrepository/ch/qos/logback/logback-classic/1.2.3/logback-classic-1.2.3.jar" package="logback-classic-1.2.3.jar" skipped="0" tests="1" timestamp="2021-03-24T10:28:08.173434"><testcase classname="dependency-check" name="logback-classic-1.2.3.jar"/></testsuite><testsuite failures="0" id="85" name="/home/jenkins/.mvnrepository/ch/qos/logback/logback-core/1.2.3/logback-core-1.2.3.jar" package="logback-core-1.2.3.jar" skipped="0" tests="1" timestamp="2021-03-24T10:28:08.173434"><testcase classname="dependency-check" name="logback-core-1.2.3.jar"/></testsuite><testsuite failures="0" id="86" name="/home/jenkins/.mvnrepository/com/squareup/okhttp3/logging-interceptor/3.14.9/logging-interceptor-3.14.9.jar" package="logging-interceptor-3.14.9.jar" skipped="0" tests="1" timestamp="2021-03-24T10:28:08.173434"><testcase classname="dependency-check" name="logging-interceptor-3.14.9.jar"/></testsuite><testsuite failures="0" id="87" name="/home/jenkins/.mvnrepository/org/projectlombok/lombok/1.18.18/lombok-1.18.18.jar" package="lombok-1.18.18.jar" skipped="0" tests="1" timestamp="2021-03-24T10:28:08.173434"><testcase classname="dependency-check" name="lombok-1.18.18.jar"/></testsuite><testsuite failures="0" id="88" name="/home/jenkins/.mvnrepository/io/micrometer/micrometer-core/1.6.4/micrometer-core-1.6.4.jar" package="micrometer-core-1.6.4.jar" skipped="0" tests="1" timestamp="2021-03-24T10:28:08.173434"><testcase classname="dependency-check" name="micrometer-core-1.6.4.jar"/></testsuite><testsuite failures="0" id="89" name="/home/jenkins/.mvnrepository/org/mockito/mockito-core/3.6.28/mockito-core-3.6.28.jar" package="mockito-core-3.6.28.jar" skipped="0" tests="1" timestamp="2021-03-24T10:28:08.173434"><testcase classname="dependency-check" name="mockito-core-3.6.28.jar"/></testsuite><testsuite failures="0" id="90" name="/home/jenkins/.mvnrepository/mysql/mysql-connector-java/8.0.23/mysql-connector-java-8.0.23.jar" package="mysql-connector-java-8.0.23.jar" skipped="0" tests="1" timestamp="2021-03-24T10:28:08.173434"><testcase classname="dependency-check" name="mysql-connector-java-8.0.23.jar"/></testsuite><testsuite failures="0" id="91" name="/home/jenkins/.mvnrepository/com/nimbusds/nimbus-jose-jwt/8.20.2/nimbus-jose-jwt-8.20.2.jar" package="nimbus-jose-jwt-8.20.2.jar" skipped="0" tests="1" timestamp="2021-03-24T10:28:08.173434"><testcase classname="dependency-check" name="nimbus-jose-jwt-8.20.2.jar"/></testsuite><testsuite failures="0" id="92" name="/home/jenkins/.mvnrepository/com/nimbusds/oauth2-oidc-sdk/8.36/oauth2-oidc-sdk-8.36.jar" package="oauth2-oidc-sdk-8.36.jar" skipped="0" tests="1" timestamp="2021-03-24T10:28:08.173434"><testcase classname="dependency-check" name="oauth2-oidc-sdk-8.36.jar"/></testsuite><testsuite failures="0" id="93" name="/home/jenkins/.mvnrepository/org/objenesis/objenesis/3.1/objenesis-3.1.jar" package="objenesis-3.1.jar" skipped="0" tests="1" timestamp="2021-03-24T10:28:08.173434"><testcase classname="dependency-check" name="objenesis-3.1.jar"/></testsuite><testsuite failures="0" id="94" name="/home/jenkins/.mvnrepository/com/oracle/ojdbc/ojdbc8/19.3.0.0/ojdbc8-19.3.0.0.jar" package="ojdbc8-19.3.0.0.jar" skipped="0" tests="1" timestamp="2021-03-24T10:28:08.173434"><testcase classname="dependency-check" name="ojdbc8-19.3.0.0.jar"/></testsuite><testsuite failures="0" id="95" name="/home/jenkins/.mvnrepository/com/squareup/okhttp3/okhttp/3.14.9/okhttp-3.14.9.jar" package="okhttp-3.14.9.jar" skipped="0" tests="1" timestamp="2021-03-24T10:28:08.173434"><testcase classname="dependency-check" name="okhttp-3.14.9.jar"/></testsuite><testsuite failures="0" id="96" name="/home/jenkins/.mvnrepository/com/squareup/okio/okio/1.17.2/okio-1.17.2.jar" package="okio-1.17.2.jar" skipped="0" tests="1" timestamp="2021-03-24T10:28:08.173434"><testcase classname="dependency-check" name="okio-1.17.2.jar"/></testsuite><testsuite failures="0" id="97" name="/home/jenkins/.mvnrepository/com/oracle/ojdbc/ons/19.3.0.0/ons-19.3.0.0.jar" package="ons-19.3.0.0.jar" skipped="0" tests="1" timestamp="2021-03-24T10:28:08.173434"><testcase classname="dependency-check" name="ons-19.3.0.0.jar"/></testsuite><testsuite failures="0" id="98" name="/home/jenkins/.mvnrepository/com/oracle/ojdbc/oraclepki/19.3.0.0/oraclepki-19.3.0.0.jar" package="oraclepki-19.3.0.0.jar" skipped="0" tests="1" timestamp="2021-03-24T10:28:08.173434"><testcase classname="dependency-check" name="oraclepki-19.3.0.0.jar"/></testsuite><testsuite failures="0" id="99" name="/home/jenkins/.mvnrepository/org/osgi/org.osgi.core/4.3.1/org.osgi.core-4.3.1.jar" package="org.osgi.core-4.3.1.jar" skipped="0" tests="1" timestamp="2021-03-24T10:28:08.173434"><testcase classname="dependency-check" name="org.osgi.core-4.3.1.jar"/></testsuite><testsuite failures="0" id="100" name="/home/jenkins/.mvnrepository/org/osgi/org.osgi.enterprise/4.2.0/org.osgi.enterprise-4.2.0.jar" package="org.osgi.enterprise-4.2.0.jar" skipped="0" tests="1" timestamp="2021-03-24T10:28:08.173434"><testcase classname="dependency-check" name="org.osgi.enterprise-4.2.0.jar"/></testsuite><testsuite failures="0" id="101" name="/home/jenkins/.mvnrepository/com/oracle/ojdbc/osdt_cert/19.3.0.0/osdt_cert-19.3.0.0.jar" package="osdt_cert-19.3.0.0.jar" skipped="0" tests="1" timestamp="2021-03-24T10:28:08.173434"><testcase classname="dependency-check" name="osdt_cert-19.3.0.0.jar"/></testsuite><testsuite failures="0" id="102" name="/home/jenkins/.mvnrepository/com/oracle/ojdbc/osdt_core/19.3.0.0/osdt_core-19.3.0.0.jar" package="osdt_core-19.3.0.0.jar" skipped="0" tests="1" timestamp="2021-03-24T10:28:08.173434"><testcase classname="dependency-check" name="osdt_core-19.3.0.0.jar"/></testsuite><testsuite failures="0" id="103" name="/home/jenkins/.mvnrepository/org/postgresql/postgresql/42.2.13/postgresql-42.2.13.jar" package="postgresql-42.2.13.jar" skipped="0" tests="1" timestamp="2021-03-24T10:28:08.173434"><testcase classname="dependency-check" name="postgresql-42.2.13.jar"/></testsuite><testsuite failures="0" id="104" name="/home/jenkins/.mvnrepository/org/zalando/problem/0.23.0/problem-0.23.0.jar" package="problem-0.23.0.jar" skipped="0" tests="1" timestamp="2021-03-24T10:28:08.173434"><testcase classname="dependency-check" name="problem-0.23.0.jar"/></testsuite><testsuite failures="0" id="105" name="/home/jenkins/.mvnrepository/org/zalando/problem-spring-common/0.25.2/problem-spring-common-0.25.2.jar" package="problem-spring-common-0.25.2.jar" skipped="0" tests="1" timestamp="2021-03-24T10:28:08.173434"><testcase classname="dependency-check" name="problem-spring-common-0.25.2.jar"/></testsuite><testsuite failures="0" id="106" name="/home/jenkins/.mvnrepository/org/zalando/problem-spring-web/0.25.2/problem-spring-web-0.25.2.jar" package="problem-spring-web-0.25.2.jar" skipped="0" tests="1" timestamp="2021-03-24T10:28:08.173434"><testcase classname="dependency-check" name="problem-spring-web-0.25.2.jar"/></testsuite><testsuite failures="0" id="107" name="/home/jenkins/.mvnrepository/org/zalando/problem-violations/0.25.2/problem-violations-0.25.2.jar" package="problem-violations-0.25.2.jar" skipped="0" tests="1" timestamp="2021-03-24T10:28:08.173434"><testcase classname="dependency-check" name="problem-violations-0.25.2.jar"/></testsuite><testsuite failures="0" id="108" name="/home/jenkins/.mvnrepository/com/oracle/ojdbc/simplefan/19.3.0.0/simplefan-19.3.0.0.jar" package="simplefan-19.3.0.0.jar" skipped="0" tests="1" timestamp="2021-03-24T10:28:08.173434"><testcase classname="dependency-check" name="simplefan-19.3.0.0.jar"/></testsuite><testsuite failures="0" id="109" name="/home/jenkins/.mvnrepository/org/slf4j/slf4j-api/1.7.30/slf4j-api-1.7.30.jar" package="slf4j-api-1.7.30.jar" skipped="0" tests="1" timestamp="2021-03-24T10:28:08.173434"><testcase classname="dependency-check" name="slf4j-api-1.7.30.jar"/></testsuite><testsuite failures="0" id="110" name="/home/jenkins/.mvnrepository/org/yaml/snakeyaml/1.27/snakeyaml-1.27.jar" package="snakeyaml-1.27.jar" skipped="0" tests="1" timestamp="2021-03-24T10:28:08.173434"><testcase classname="dependency-check" name="snakeyaml-1.27.jar"/></testsuite><testsuite failures="0" id="111" name="/home/jenkins/.mvnrepository/org/springframework/spring-aop/5.3.4/spring-aop-5.3.4.jar" package="spring-aop-5.3.4.jar" skipped="0" tests="1" timestamp="2021-03-24T10:28:08.173434"><testcase classname="dependency-check" name="spring-aop-5.3.4.jar"/></testsuite><testsuite failures="0" id="112" name="/home/jenkins/.mvnrepository/org/springframework/spring-aspects/5.3.4/spring-aspects-5.3.4.jar" package="spring-aspects-5.3.4.jar" skipped="0" tests="1" timestamp="2021-03-24T10:28:08.173434"><testcase classname="dependency-check" name="spring-aspects-5.3.4.jar"/></testsuite><testsuite failures="0" id="113" name="/home/jenkins/.mvnrepository/org/springframework/spring-beans/5.3.4/spring-beans-5.3.4.jar" package="spring-beans-5.3.4.jar" skipped="0" tests="1" timestamp="2021-03-24T10:28:08.173434"><testcase classname="dependency-check" name="spring-beans-5.3.4.jar"/></testsuite><testsuite failures="0" id="114" name="/home/jenkins/.mvnrepository/org/springframework/boot/spring-boot/2.4.3/spring-boot-2.4.3.jar" package="spring-boot-2.4.3.jar" skipped="0" tests="1" timestamp="2021-03-24T10:28:08.173434"><testcase classname="dependency-check" name="spring-boot-2.4.3.jar"/></testsuite><testsuite failures="0" id="115" name="/home/jenkins/.mvnrepository/org/springframework/boot/spring-boot-actuator/2.4.3/spring-boot-actuator-2.4.3.jar" package="spring-boot-actuator-2.4.3.jar" skipped="0" tests="1" timestamp="2021-03-24T10:28:08.173434"><testcase classname="dependency-check" name="spring-boot-actuator-2.4.3.jar"/></testsuite><testsuite failures="0" id="116" name="/home/jenkins/.mvnrepository/org/springframework/boot/spring-boot-actuator-autoconfigure/2.4.3/spring-boot-actuator-autoconfigure-2.4.3.jar" package="spring-boot-actuator-autoconfigure-2.4.3.jar" skipped="0" tests="1" timestamp="2021-03-24T10:28:08.173434"><testcase classname="dependency-check" name="spring-boot-actuator-autoconfigure-2.4.3.jar"/></testsuite><testsuite failures="0" id="117" name="/home/jenkins/.mvnrepository/org/springframework/boot/spring-boot-autoconfigure/2.4.3/spring-boot-autoconfigure-2.4.3.jar" package="spring-boot-autoconfigure-2.4.3.jar" skipped="0" tests="1" timestamp="2021-03-24T10:28:08.173434"><testcase classname="dependency-check" name="spring-boot-autoconfigure-2.4.3.jar"/></testsuite><testsuite failures="0" id="118" name="/home/jenkins/.mvnrepository/org/springframework/boot/spring-boot-starter/2.4.3/spring-boot-starter-2.4.3.jar" package="spring-boot-starter-2.4.3.jar" skipped="0" tests="1" timestamp="2021-03-24T10:28:08.173434"><testcase classname="dependency-check" name="spring-boot-starter-2.4.3.jar"/></testsuite><testsuite failures="0" id="119" name="/home/jenkins/.mvnrepository/org/springframework/boot/spring-boot-starter-actuator/2.4.3/spring-boot-starter-actuator-2.4.3.jar" package="spring-boot-starter-actuator-2.4.3.jar" skipped="0" tests="1" timestamp="2021-03-24T10:28:08.173434"><testcase classname="dependency-check" name="spring-boot-starter-actuator-2.4.3.jar"/></testsuite><testsuite failures="0" id="120" name="/home/jenkins/.mvnrepository/org/springframework/boot/spring-boot-starter-aop/2.4.3/spring-boot-starter-aop-2.4.3.jar" package="spring-boot-starter-aop-2.4.3.jar" skipped="0" tests="1" timestamp="2021-03-24T10:28:08.173434"><testcase classname="dependency-check" name="spring-boot-starter-aop-2.4.3.jar"/></testsuite><testsuite failures="0" id="121" name="/home/jenkins/.mvnrepository/org/springframework/boot/spring-boot-starter-data-jpa/2.4.3/spring-boot-starter-data-jpa-2.4.3.jar" package="spring-boot-starter-data-jpa-2.4.3.jar" skipped="0" tests="1" timestamp="2021-03-24T10:28:08.173434"><testcase classname="dependency-check" name="spring-boot-starter-data-jpa-2.4.3.jar"/></testsuite><testsuite failures="0" id="122" name="/home/jenkins/.mvnrepository/org/springframework/boot/spring-boot-starter-hateoas/2.4.3/spring-boot-starter-hateoas-2.4.3.jar" package="spring-boot-starter-hateoas-2.4.3.jar" skipped="0" tests="1" timestamp="2021-03-24T10:28:08.173434"><testcase classname="dependency-check" name="spring-boot-starter-hateoas-2.4.3.jar"/></testsuite><testsuite failures="0" id="123" name="/home/jenkins/.mvnrepository/org/springframework/boot/spring-boot-starter-jdbc/2.4.3/spring-boot-starter-jdbc-2.4.3.jar" package="spring-boot-starter-jdbc-2.4.3.jar" skipped="0" tests="1" timestamp="2021-03-24T10:28:08.173434"><testcase classname="dependency-check" name="spring-boot-starter-jdbc-2.4.3.jar"/></testsuite><testsuite failures="0" id="124" name="/home/jenkins/.mvnrepository/org/springframework/boot/spring-boot-starter-json/2.4.3/spring-boot-starter-json-2.4.3.jar" package="spring-boot-starter-json-2.4.3.jar" skipped="0" tests="1" timestamp="2021-03-24T10:28:08.173434"><testcase classname="dependency-check" name="spring-boot-starter-json-2.4.3.jar"/></testsuite><testsuite failures="0" id="125" name="/home/jenkins/.mvnrepository/org/springframework/boot/spring-boot-starter-logging/2.4.3/spring-boot-starter-logging-2.4.3.jar" package="spring-boot-starter-logging-2.4.3.jar" skipped="0" tests="1" timestamp="2021-03-24T10:28:08.173434"><testcase classname="dependency-check" name="spring-boot-starter-logging-2.4.3.jar"/></testsuite><testsuite failures="0" id="126" name="/home/jenkins/.mvnrepository/org/springframework/boot/spring-boot-starter-oauth2-client/2.4.3/spring-boot-starter-oauth2-client-2.4.3.jar" package="spring-boot-starter-oauth2-client-2.4.3.jar" skipped="0" tests="1" timestamp="2021-03-24T10:28:08.173434"><testcase classname="dependency-check" name="spring-boot-starter-oauth2-client-2.4.3.jar"/></testsuite><testsuite failures="0" id="127" name="/home/jenkins/.mvnrepository/org/springframework/boot/spring-boot-starter-oauth2-resource-server/2.4.3/spring-boot-starter-oauth2-resource-server-2.4.3.jar" package="spring-boot-starter-oauth2-resource-server-2.4.3.jar" skipped="0" tests="1" timestamp="2021-03-24T10:28:08.173434"><testcase classname="dependency-check" name="spring-boot-starter-oauth2-resource-server-2.4.3.jar"/></testsuite><testsuite failures="0" id="128" name="/home/jenkins/.mvnrepository/org/springframework/boot/spring-boot-starter-security/2.4.3/spring-boot-starter-security-2.4.3.jar" package="spring-boot-starter-security-2.4.3.jar" skipped="0" tests="1" timestamp="2021-03-24T10:28:08.173434"><testcase classname="dependency-check" name="spring-boot-starter-security-2.4.3.jar"/></testsuite><testsuite failures="0" id="129" name="/home/jenkins/.mvnrepository/org/springframework/boot/spring-boot-starter-tomcat/2.4.3/spring-boot-starter-tomcat-2.4.3.jar" package="spring-boot-starter-tomcat-2.4.3.jar" skipped="0" tests="1" timestamp="2021-03-24T10:28:08.173434"><testcase classname="dependency-check" name="spring-boot-starter-tomcat-2.4.3.jar"/></testsuite><testsuite failures="0" id="130" name="/home/jenkins/.mvnrepository/org/springframework/boot/spring-boot-starter-web/2.4.3/spring-boot-starter-web-2.4.3.jar" package="spring-boot-starter-web-2.4.3.jar" skipped="0" tests="1" timestamp="2021-03-24T10:28:08.173434"><testcase classname="dependency-check" name="spring-boot-starter-web-2.4.3.jar"/></testsuite><testsuite failures="0" id="131" name="/home/jenkins/.mvnrepository/org/springframework/spring-context/5.3.4/spring-context-5.3.4.jar" package="spring-context-5.3.4.jar" skipped="0" tests="1" timestamp="2021-03-24T10:28:08.173434"><testcase classname="dependency-check" name="spring-context-5.3.4.jar"/></testsuite><testsuite failures="0" id="132" name="/home/jenkins/.mvnrepository/org/springframework/spring-core/5.3.4/spring-core-5.3.4.jar" package="spring-core-5.3.4.jar" skipped="0" tests="1" timestamp="2021-03-24T10:28:08.173434"><testcase classname="dependency-check" name="spring-core-5.3.4.jar"/></testsuite><testsuite failures="0" id="133" name="/home/jenkins/.mvnrepository/org/springframework/data/spring-data-commons/2.4.5/spring-data-commons-2.4.5.jar" package="spring-data-commons-2.4.5.jar" skipped="0" tests="1" timestamp="2021-03-24T10:28:08.173434"><testcase classname="dependency-check" name="spring-data-commons-2.4.5.jar"/></testsuite><testsuite failures="0" id="134" name="/home/jenkins/.mvnrepository/org/springframework/data/spring-data-jpa/2.4.5/spring-data-jpa-2.4.5.jar" package="spring-data-jpa-2.4.5.jar" skipped="0" tests="1" timestamp="2021-03-24T10:28:08.173434"><testcase classname="dependency-check" name="spring-data-jpa-2.4.5.jar"/></testsuite><testsuite failures="0" id="135" name="/home/jenkins/.mvnrepository/org/springframework/spring-expression/5.3.4/spring-expression-5.3.4.jar" package="spring-expression-5.3.4.jar" skipped="0" tests="1" timestamp="2021-03-24T10:28:08.173434"><testcase classname="dependency-check" name="spring-expression-5.3.4.jar"/></testsuite><testsuite failures="0" id="136" name="/home/jenkins/.mvnrepository/org/springframework/hateoas/spring-hateoas/1.2.4/spring-hateoas-1.2.4.jar" package="spring-hateoas-1.2.4.jar" skipped="0" tests="1" timestamp="2021-03-24T10:28:08.173434"><testcase classname="dependency-check" name="spring-hateoas-1.2.4.jar"/></testsuite><testsuite failures="0" id="137" name="/home/jenkins/.mvnrepository/org/springframework/spring-jcl/5.3.4/spring-jcl-5.3.4.jar" package="spring-jcl-5.3.4.jar" skipped="0" tests="1" timestamp="2021-03-24T10:28:08.173434"><testcase classname="dependency-check" name="spring-jcl-5.3.4.jar"/></testsuite><testsuite failures="0" id="138" name="/home/jenkins/.mvnrepository/org/springframework/spring-jdbc/5.3.4/spring-jdbc-5.3.4.jar" package="spring-jdbc-5.3.4.jar" skipped="0" tests="1" timestamp="2021-03-24T10:28:08.173434"><testcase classname="dependency-check" name="spring-jdbc-5.3.4.jar"/></testsuite><testsuite failures="0" id="139" name="/home/jenkins/.mvnrepository/org/springframework/spring-orm/5.3.4/spring-orm-5.3.4.jar" package="spring-orm-5.3.4.jar" skipped="0" tests="1" timestamp="2021-03-24T10:28:08.173434"><testcase classname="dependency-check" name="spring-orm-5.3.4.jar"/></testsuite><testsuite failures="0" id="140" name="/home/jenkins/.mvnrepository/org/springframework/plugin/spring-plugin-core/2.0.0.RELEASE/spring-plugin-core-2.0.0.RELEASE.jar" package="spring-plugin-core-2.0.0.RELEASE.jar" skipped="0" tests="1" timestamp="2021-03-24T10:28:08.173434"><testcase classname="dependency-check" name="spring-plugin-core-2.0.0.RELEASE.jar"/></testsuite><testsuite failures="0" id="141" name="/home/jenkins/.mvnrepository/org/springframework/security/spring-security-config/5.4.5/spring-security-config-5.4.5.jar" package="spring-security-config-5.4.5.jar" skipped="1" tests="1" timestamp="2021-03-24T10:28:08.173434"><testcase classname="CVE-2018-1258" name="pkg:maven/org.springframework.security/spring-security-config@5.4.5"><skipped message="--&gt;
            spring-security-oauth*@5.2.2.RELEASE" /><system-out>Spring Framework version 5.0.5 when used in combination with any versions of Spring Security contains an authorization bypass when using method security. An unauthorized malicious user can gain unauthorized access to methods that should be restricted.</system-out><system-err>location: /home/jenkins/.mvnrepository/org/springframework/security/spring-security-config/5.4.5/spring-security-config-5.4.5.jar</system-err></testcase></testsuite><testsuite failures="0" id="142" name="/home/jenkins/.mvnrepository/org/springframework/security/spring-security-core/5.4.5/spring-security-core-5.4.5.jar" package="spring-security-core-5.4.5.jar" skipped="1" tests="1" timestamp="2021-03-24T10:28:08.173434"><testcase classname="CVE-2018-1258" name="pkg:maven/org.springframework.security/spring-security-core@5.4.5"><skipped message="--&gt;
            spring-security-oauth*@5.2.2.RELEASE" /><system-out>Spring Framework version 5.0.5 when used in combination with any versions of Spring Security contains an authorization bypass when using method security. An unauthorized malicious user can gain unauthorized access to methods that should be restricted.</system-out><system-err>location: /home/jenkins/.mvnrepository/org/springframework/security/spring-security-core/5.4.5/spring-security-core-5.4.5.jar</system-err></testcase></testsuite><testsuite failures="0" id="143" name="/home/jenkins/.mvnrepository/org/springframework/security/spring-security-jwt/1.1.1.RELEASE/spring-security-jwt-1.1.1.RELEASE.jar" package="spring-security-jwt-1.1.1.RELEASE.jar" skipped="1" tests="1" timestamp="2021-03-24T10:28:08.173434"><testcase classname="CVE-2018-1258" name="pkg:maven/org.springframework.security/spring-security-jwt@1.1.1.RELEASE"><skipped message="--&gt;
            spring-security-*@5.2.2.RELEASE" /><system-out>Spring Framework version 5.0.5 when used in combination with any versions of Spring Security contains an authorization bypass when using method security. An unauthorized malicious user can gain unauthorized access to methods that should be restricted.</system-out><system-err>location: /home/jenkins/.mvnrepository/org/springframework/security/spring-security-jwt/1.1.1.RELEASE/spring-security-jwt-1.1.1.RELEASE.jar</system-err></testcase></testsuite><testsuite failures="0" id="144" name="/home/jenkins/.mvnrepository/org/springframework/security/oauth/spring-security-oauth2/2.5.0.RELEASE/spring-security-oauth2-2.5.0.RELEASE.jar" package="spring-security-oauth2-2.5.0.RELEASE.jar" skipped="0" tests="1" timestamp="2021-03-24T10:28:08.173434"><testcase classname="dependency-check" name="spring-security-oauth2-2.5.0.RELEASE.jar"/></testsuite><testsuite failures="0" id="145" name="/home/jenkins/.mvnrepository/org/springframework/security/oauth/boot/spring-security-oauth2-autoconfigure/2.4.2/spring-security-oauth2-autoconfigure-2.4.2.jar" package="spring-security-oauth2-autoconfigure-2.4.2.jar" skipped="0" tests="1" timestamp="2021-03-24T10:28:08.173434"><testcase classname="dependency-check" name="spring-security-oauth2-autoconfigure-2.4.2.jar"/></testsuite><testsuite failures="0" id="146" name="/home/jenkins/.mvnrepository/org/springframework/security/spring-security-oauth2-client/5.4.5/spring-security-oauth2-client-5.4.5.jar" package="spring-security-oauth2-client-5.4.5.jar" skipped="1" tests="1" timestamp="2021-03-24T10:28:08.173434"><testcase classname="CVE-2018-1258" name="pkg:maven/org.springframework.security/spring-security-oauth2-client@5.4.5"><skipped message="--&gt;
            spring-security-oauth*@5.2.2.RELEASE" /><system-out>Spring Framework version 5.0.5 when used in combination with any versions of Spring Security contains an authorization bypass when using method security. An unauthorized malicious user can gain unauthorized access to methods that should be restricted.</system-out><system-err>location: /home/jenkins/.mvnrepository/org/springframework/security/spring-security-oauth2-client/5.4.5/spring-security-oauth2-client-5.4.5.jar</system-err></testcase></testsuite><testsuite failures="0" id="147" name="/home/jenkins/.mvnrepository/org/springframework/security/spring-security-oauth2-core/5.4.5/spring-security-oauth2-core-5.4.5.jar" package="spring-security-oauth2-core-5.4.5.jar" skipped="1" tests="1" timestamp="2021-03-24T10:28:08.173434"><testcase classname="CVE-2018-1258" name="pkg:maven/org.springframework.security/spring-security-oauth2-core@5.4.5"><skipped message="--&gt;
            spring-security-oauth*@5.2.2.RELEASE" /><system-out>Spring Framework version 5.0.5 when used in combination with any versions of Spring Security contains an authorization bypass when using method security. An unauthorized malicious user can gain unauthorized access to methods that should be restricted.</system-out><system-err>location: /home/jenkins/.mvnrepository/org/springframework/security/spring-security-oauth2-core/5.4.5/spring-security-oauth2-core-5.4.5.jar</system-err></testcase></testsuite><testsuite failures="0" id="148" name="/home/jenkins/.mvnrepository/org/springframework/security/spring-security-oauth2-jose/5.4.5/spring-security-oauth2-jose-5.4.5.jar" package="spring-security-oauth2-jose-5.4.5.jar" skipped="1" tests="1" timestamp="2021-03-24T10:28:08.173434"><testcase classname="CVE-2018-1258" name="pkg:maven/org.springframework.security/spring-security-oauth2-jose@5.4.5"><skipped message="--&gt;
            spring-security-oauth*@5.2.2.RELEASE" /><system-out>Spring Framework version 5.0.5 when used in combination with any versions of Spring Security contains an authorization bypass when using method security. An unauthorized malicious user can gain unauthorized access to methods that should be restricted.</system-out><system-err>location: /home/jenkins/.mvnrepository/org/springframework/security/spring-security-oauth2-jose/5.4.5/spring-security-oauth2-jose-5.4.5.jar</system-err></testcase></testsuite><testsuite failures="0" id="149" name="/home/jenkins/.mvnrepository/org/springframework/security/spring-security-oauth2-resource-server/5.4.5/spring-security-oauth2-resource-server-5.4.5.jar" package="spring-security-oauth2-resource-server-5.4.5.jar" skipped="1" tests="1" timestamp="2021-03-24T10:28:08.173434"><testcase classname="CVE-2018-1258" name="pkg:maven/org.springframework.security/spring-security-oauth2-resource-server@5.4.5"><skipped message="--&gt;
            spring-security-oauth*@5.2.2.RELEASE" /><system-out>Spring Framework version 5.0.5 when used in combination with any versions of Spring Security contains an authorization bypass when using method security. An unauthorized malicious user can gain unauthorized access to methods that should be restricted.</system-out><system-err>location: /home/jenkins/.mvnrepository/org/springframework/security/spring-security-oauth2-resource-server/5.4.5/spring-security-oauth2-resource-server-5.4.5.jar</system-err></testcase></testsuite><testsuite failures="0" id="150" name="/home/jenkins/.mvnrepository/org/springframework/security/spring-security-web/5.4.5/spring-security-web-5.4.5.jar" package="spring-security-web-5.4.5.jar" skipped="1" tests="1" timestamp="2021-03-24T10:28:08.173434"><testcase classname="CVE-2018-1258" name="pkg:maven/org.springframework.security/spring-security-web@5.4.5"><skipped message="--&gt;
            spring-security-oauth*@5.2.2.RELEASE" /><system-out>Spring Framework version 5.0.5 when used in combination with any versions of Spring Security contains an authorization bypass when using method security. An unauthorized malicious user can gain unauthorized access to methods that should be restricted.</system-out><system-err>location: /home/jenkins/.mvnrepository/org/springframework/security/spring-security-web/5.4.5/spring-security-web-5.4.5.jar</system-err></testcase></testsuite><testsuite failures="0" id="151" name="/home/jenkins/.mvnrepository/org/springframework/spring-tx/5.3.4/spring-tx-5.3.4.jar" package="spring-tx-5.3.4.jar" skipped="0" tests="1" timestamp="2021-03-24T10:28:08.173434"><testcase classname="dependency-check" name="spring-tx-5.3.4.jar"/></testsuite><testsuite failures="0" id="152" name="/home/jenkins/.mvnrepository/org/springframework/spring-web/5.3.4/spring-web-5.3.4.jar" package="spring-web-5.3.4.jar" skipped="0" tests="1" timestamp="2021-03-24T10:28:08.173434"><testcase classname="dependency-check" name="spring-web-5.3.4.jar"/></testsuite><testsuite failures="0" id="153" name="/home/jenkins/.mvnrepository/org/springframework/spring-webmvc/5.3.4/spring-webmvc-5.3.4.jar" package="spring-webmvc-5.3.4.jar" skipped="0" tests="1" timestamp="2021-03-24T10:28:08.173434"><testcase classname="dependency-check" name="spring-webmvc-5.3.4.jar"/></testsuite><testsuite failures="0" id="154" name="/home/jenkins/.mvnrepository/org/springdoc/springdoc-openapi-common/1.2.32/springdoc-openapi-common-1.2.32.jar" package="springdoc-openapi-common-1.2.32.jar" skipped="0" tests="1" timestamp="2021-03-24T10:28:08.173434"><testcase classname="dependency-check" name="springdoc-openapi-common-1.2.32.jar"/></testsuite><testsuite failures="0" id="155" name="/home/jenkins/.mvnrepository/org/springdoc/springdoc-openapi-ui/1.2.32/springdoc-openapi-ui-1.2.32.jar" package="springdoc-openapi-ui-1.2.32.jar" skipped="0" tests="1" timestamp="2021-03-24T10:28:08.173434"><testcase classname="dependency-check" name="springdoc-openapi-ui-1.2.32.jar"/></testsuite><testsuite failures="0" id="156" name="/home/jenkins/.mvnrepository/org/springdoc/springdoc-openapi-webmvc-core/1.2.32/springdoc-openapi-webmvc-core-1.2.32.jar" package="springdoc-openapi-webmvc-core-1.2.32.jar" skipped="0" tests="1" timestamp="2021-03-24T10:28:08.173434"><testcase classname="dependency-check" name="springdoc-openapi-webmvc-core-1.2.32.jar"/></testsuite><testsuite failures="0" id="157" name="/home/jenkins/.mvnrepository/io/swagger/core/v3/swagger-annotations/2.1.1/swagger-annotations-2.1.1.jar" package="swagger-annotations-2.1.1.jar" skipped="0" tests="1" timestamp="2021-03-24T10:28:08.173434"><testcase classname="dependency-check" name="swagger-annotations-2.1.1.jar"/></testsuite><testsuite failures="0" id="158" name="/home/jenkins/.mvnrepository/io/swagger/core/v3/swagger-core/2.1.1/swagger-core-2.1.1.jar" package="swagger-core-2.1.1.jar" skipped="0" tests="1" timestamp="2021-03-24T10:28:08.173434"><testcase classname="dependency-check" name="swagger-core-2.1.1.jar"/></testsuite><testsuite failures="0" id="159" name="/home/jenkins/.mvnrepository/io/swagger/core/v3/swagger-integration/2.1.1/swagger-integration-2.1.1.jar" package="swagger-integration-2.1.1.jar" skipped="0" tests="1" timestamp="2021-03-24T10:28:08.173434"><testcase classname="dependency-check" name="swagger-integration-2.1.1.jar"/></testsuite><testsuite failures="0" id="160" name="/home/jenkins/.mvnrepository/io/swagger/core/v3/swagger-models/2.1.1/swagger-models-2.1.1.jar" package="swagger-models-2.1.1.jar" skipped="0" tests="1" timestamp="2021-03-24T10:28:08.173434"><testcase classname="dependency-check" name="swagger-models-2.1.1.jar"/></testsuite><testsuite failures="0" id="161" name="/home/jenkins/.mvnrepository/org/webjars/swagger-ui/3.25.0/swagger-ui-3.25.0.jar" package="swagger-ui-3.25.0.jar" skipped="0" tests="1" timestamp="2021-03-24T10:28:08.173434"><testcase classname="dependency-check" name="swagger-ui-3.25.0.jar"/></testsuite><testsuite failures="0" id="162" name="/home/jenkins/.mvnrepository/org/apache/tomcat/tomcat-annotations-api/9.0.43/tomcat-annotations-api-9.0.43.jar" package="tomcat-annotations-api-9.0.43.jar" skipped="0" tests="1" timestamp="2021-03-24T10:28:08.173434"><testcase classname="dependency-check" name="tomcat-annotations-api-9.0.43.jar"/></testsuite><testsuite failures="0" id="163" name="/home/jenkins/.mvnrepository/org/apache/tomcat/embed/tomcat-embed-core/9.0.43/tomcat-embed-core-9.0.43.jar" package="tomcat-embed-core-9.0.43.jar" skipped="0" tests="1" timestamp="2021-03-24T10:28:08.173434"><testcase classname="dependency-check" name="tomcat-embed-core-9.0.43.jar"/></testsuite><testsuite failures="0" id="164" name="/home/jenkins/.mvnrepository/org/apache/tomcat/embed/tomcat-embed-el/9.0.43/tomcat-embed-el-9.0.43.jar" package="tomcat-embed-el-9.0.43.jar" skipped="0" tests="1" timestamp="2021-03-24T10:28:08.173434"><testcase classname="dependency-check" name="tomcat-embed-el-9.0.43.jar"/></testsuite><testsuite failures="0" id="165" name="/home/jenkins/.mvnrepository/org/apache/tomcat/embed/tomcat-embed-websocket/9.0.43/tomcat-embed-websocket-9.0.43.jar" package="tomcat-embed-websocket-9.0.43.jar" skipped="0" tests="1" timestamp="2021-03-24T10:28:08.173434"><testcase classname="dependency-check" name="tomcat-embed-websocket-9.0.43.jar"/></testsuite><testsuite failures="0" id="166" name="/home/jenkins/.mvnrepository/org/glassfish/jaxb/txw2/2.3.3/txw2-2.3.3.jar" package="txw2-2.3.3.jar" skipped="0" tests="1" timestamp="2021-03-24T10:28:08.173434"><testcase classname="dependency-check" name="txw2-2.3.3.jar"/></testsuite><testsuite failures="0" id="167" name="/home/jenkins/.mvnrepository/com/oracle/ojdbc/ucp/19.3.0.0/ucp-19.3.0.0.jar" package="ucp-19.3.0.0.jar" skipped="0" tests="1" timestamp="2021-03-24T10:28:08.173434"><testcase classname="dependency-check" name="ucp-19.3.0.0.jar"/></testsuite><testsuite failures="0" id="168" name="/home/jenkins/.mvnrepository/javax/validation/validation-api/2.0.1.Final/validation-api-2.0.1.Final.jar" package="validation-api-2.0.1.Final.jar" skipped="0" tests="1" timestamp="2021-03-24T10:28:08.173434"><testcase classname="dependency-check" name="validation-api-2.0.1.Final.jar"/></testsuite><testsuite failures="0" id="169" name="/home/jenkins/.mvnrepository/com/github/waffle/waffle-jna/1.9.1/waffle-jna-1.9.1.jar" package="waffle-jna-1.9.1.jar" skipped="0" tests="1" timestamp="2021-03-24T10:28:08.173434"><testcase classname="dependency-check" name="waffle-jna-1.9.1.jar"/></testsuite><testsuite failures="0" id="170" name="/home/jenkins/.mvnrepository/org/webjars/webjars-locator/0.38/webjars-locator-0.38.jar" package="webjars-locator-0.38.jar" skipped="0" tests="1" timestamp="2021-03-24T10:28:08.173434"><testcase classname="dependency-check" name="webjars-locator-0.38.jar"/></testsuite><testsuite failures="0" id="171" name="/home/jenkins/.mvnrepository/org/webjars/webjars-locator-core/0.46/webjars-locator-core-0.46.jar" package="webjars-locator-core-0.46.jar" skipped="0" tests="1" timestamp="2021-03-24T10:28:08.173434"><testcase classname="dependency-check" name="webjars-locator-core-0.46.jar"/></testsuite><testsuite failures="0" id="172" name="/home/jenkins/.mvnrepository/io/fabric8/zjsonpatch/0.3.0/zjsonpatch-0.3.0.jar" package="zjsonpatch-0.3.0.jar" skipped="0" tests="1" timestamp="2021-03-24T10:28:08.173434"><testcase classname="dependency-check" name="zjsonpatch-0.3.0.jar"/></testsuite></testsuites>